

================================================================
== Vivado HLS Report for 'crypto_kem_keypair'
================================================================
* Date:           Sun Aug 23 22:38:38 2020

* Version:        2018.3 (Build 2405991 on Thu Dec 06 23:56:15 MST 2018)
* Project:        ntru01
* Solution:       keypair
* Product family: artix7
* Target device:  xc7a200tfbg676-2


================================================================
== Performance Estimates
================================================================
+ Timing (ns): 
    * Summary: 
    +--------+-------+----------+------------+
    |  Clock | Target| Estimated| Uncertainty|
    +--------+-------+----------+------------+
    |ap_clk  |  10.00|     9.122|        1.25|
    +--------+-------+----------+------------+

+ Latency (clock cycles): 
    * Summary: 
    +-----+-----+-----+-----+---------+
    |  Latency  |  Interval | Pipeline|
    | min | max | min | max |   Type  |
    +-----+-----+-----+-----+---------+
    |    ?|    ?|    ?|    ?|   none  |
    +-----+-----+-----+-----+---------+

    + Detail: 
        * Instance: 
        +-------------------------+---------------+----------+----------+----------+----------+---------+
        |                         |               |       Latency       |       Interval      | Pipeline|
        |         Instance        |     Module    |    min   |    max   |    min   |    max   |   Type  |
        +-------------------------+---------------+----------+----------+----------+----------+---------+
        |grp_owcpa_keypair_fu_34  |owcpa_keypair  |  33772958|  72047558|  33772958|  72047558|   none  |
        |grp_randombytes_fu_43    |randombytes    |         ?|         ?|         ?|         ?|   none  |
        |grp_randombytes_1_fu_59  |randombytes_1  |         ?|         ?|         ?|         ?|   none  |
        +-------------------------+---------------+----------+----------+----------+----------+---------+

        * Loop: 
        N/A



================================================================
== Utilization Estimates
================================================================
* Summary: 
+-----------------+---------+-------+--------+--------+
|       Name      | BRAM_18K| DSP48E|   FF   |   LUT  |
+-----------------+---------+-------+--------+--------+
|DSP              |        -|      -|       -|       -|
|Expression       |        -|      -|       -|       -|
|FIFO             |        -|      -|       -|       -|
|Instance         |       42|      9|    4971|   21493|
|Memory           |        1|      -|       0|       0|
|Multiplexer      |        -|      -|       -|     365|
|Register         |        -|      -|       9|       -|
+-----------------+---------+-------+--------+--------+
|Total            |       43|      9|    4980|   21858|
+-----------------+---------+-------+--------+--------+
|Available        |      730|    740|  269200|  129000|
+-----------------+---------+-------+--------+--------+
|Utilization (%)  |        5|      1|       1|      16|
+-----------------+---------+-------+--------+--------+

+ Detail: 
    * Instance: 
    +-------------------------+---------------+---------+-------+------+-------+
    |         Instance        |     Module    | BRAM_18K| DSP48E|  FF  |  LUT  |
    +-------------------------+---------------+---------+-------+------+-------+
    |grp_owcpa_keypair_fu_34  |owcpa_keypair  |       18|      9|  2930|  10117|
    |grp_randombytes_fu_43    |randombytes    |       12|      0|  1019|   5703|
    |grp_randombytes_1_fu_59  |randombytes_1  |       12|      0|  1022|   5673|
    +-------------------------+---------------+---------+-------+------+-------+
    |Total                    |               |       42|      9|  4971|  21493|
    +-------------------------+---------------+---------+-------+------+-------+

    * DSP48: 
    N/A

    * Memory: 
    +--------+-------------------------+---------+---+----+------+-----+------+-------------+
    | Memory |          Module         | BRAM_18K| FF| LUT| Words| Bits| Banks| W*Bits*Banks|
    +--------+-------------------------+---------+---+----+------+-----+------+-------------+
    |seed_U  |crypto_kem_keypair_seed  |        1|  0|   0|  1400|    8|     1|        11200|
    +--------+-------------------------+---------+---+----+------+-----+------+-------------+
    |Total   |                         |        1|  0|   0|  1400|    8|     1|        11200|
    +--------+-------------------------+---------+---+----+------+-----+------+-------------+

    * FIFO: 
    N/A

    * Expression: 
    N/A

    * Multiplexer: 
    +----------------------------------+----+-----------+-----+-----------+
    |               Name               | LUT| Input Size| Bits| Total Bits|
    +----------------------------------+----+-----------+-----+-----------+
    |DRBG_ctx_Key_address0             |  15|          3|    5|         15|
    |DRBG_ctx_Key_address1             |  15|          3|    5|         15|
    |DRBG_ctx_Key_ce0                  |  15|          3|    1|          3|
    |DRBG_ctx_Key_ce1                  |  15|          3|    1|          3|
    |DRBG_ctx_Key_d0                   |  15|          3|    8|         24|
    |DRBG_ctx_Key_we0                  |  15|          3|    1|          3|
    |DRBG_ctx_V_address0               |  15|          3|    4|         12|
    |DRBG_ctx_V_address1               |  15|          3|    4|         12|
    |DRBG_ctx_V_ce0                    |  15|          3|    1|          3|
    |DRBG_ctx_V_ce1                    |  15|          3|    1|          3|
    |DRBG_ctx_V_d0                     |  15|          3|    8|         24|
    |DRBG_ctx_V_we0                    |  15|          3|    1|          3|
    |DRBG_ctx_reseed_counter_o         |  15|          3|   32|         96|
    |DRBG_ctx_reseed_counter_o_ap_vld  |  15|          3|    1|          3|
    |ap_NS_fsm                         |  38|          7|    1|          7|
    |seed_address0                     |  15|          3|   11|         33|
    |seed_ce0                          |  15|          3|    1|          3|
    |seed_we0                          |   9|          2|    1|          2|
    |sk_address0                       |  15|          3|   11|         33|
    |sk_ce0                            |  15|          3|    1|          3|
    |sk_ce1                            |   9|          2|    1|          2|
    |sk_d0                             |  15|          3|    8|         24|
    |sk_we0                            |  15|          3|    1|          3|
    |sk_we1                            |   9|          2|    1|          2|
    +----------------------------------+----+-----------+-----+-----------+
    |Total                             | 365|         73|  110|        331|
    +----------------------------------+----+-----------+-----+-----------+

    * Register: 
    +--------------------------------------+---+----+-----+-----------+
    |                 Name                 | FF| LUT| Bits| Const Bits|
    +--------------------------------------+---+----+-----+-----------+
    |ap_CS_fsm                             |  6|   0|    6|          0|
    |grp_owcpa_keypair_fu_34_ap_start_reg  |  1|   0|    1|          0|
    |grp_randombytes_1_fu_59_ap_start_reg  |  1|   0|    1|          0|
    |grp_randombytes_fu_43_ap_start_reg    |  1|   0|    1|          0|
    +--------------------------------------+---+----+-----+-----------+
    |Total                                 |  9|   0|    9|          0|
    +--------------------------------------+---+----+-----+-----------+



================================================================
== Interface
================================================================
* Summary: 
+----------------------------------+-----+-----+------------+-------------------------+--------------+
|             RTL Ports            | Dir | Bits|  Protocol  |      Source Object      |    C Type    |
+----------------------------------+-----+-----+------------+-------------------------+--------------+
|ap_clk                            |  in |    1| ap_ctrl_hs |    crypto_kem_keypair   | return value |
|ap_rst                            |  in |    1| ap_ctrl_hs |    crypto_kem_keypair   | return value |
|ap_start                          |  in |    1| ap_ctrl_hs |    crypto_kem_keypair   | return value |
|ap_done                           | out |    1| ap_ctrl_hs |    crypto_kem_keypair   | return value |
|ap_idle                           | out |    1| ap_ctrl_hs |    crypto_kem_keypair   | return value |
|ap_ready                          | out |    1| ap_ctrl_hs |    crypto_kem_keypair   | return value |
|ap_return                         | out |   32| ap_ctrl_hs |    crypto_kem_keypair   | return value |
|pk_address0                       | out |   11|  ap_memory |            pk           |     array    |
|pk_ce0                            | out |    1|  ap_memory |            pk           |     array    |
|pk_we0                            | out |    1|  ap_memory |            pk           |     array    |
|pk_d0                             | out |    8|  ap_memory |            pk           |     array    |
|pk_address1                       | out |   11|  ap_memory |            pk           |     array    |
|pk_ce1                            | out |    1|  ap_memory |            pk           |     array    |
|pk_we1                            | out |    1|  ap_memory |            pk           |     array    |
|pk_d1                             | out |    8|  ap_memory |            pk           |     array    |
|sk_address0                       | out |   11|  ap_memory |            sk           |     array    |
|sk_ce0                            | out |    1|  ap_memory |            sk           |     array    |
|sk_we0                            | out |    1|  ap_memory |            sk           |     array    |
|sk_d0                             | out |    8|  ap_memory |            sk           |     array    |
|sk_address1                       | out |   11|  ap_memory |            sk           |     array    |
|sk_ce1                            | out |    1|  ap_memory |            sk           |     array    |
|sk_we1                            | out |    1|  ap_memory |            sk           |     array    |
|sk_d1                             | out |    8|  ap_memory |            sk           |     array    |
|DRBG_ctx_V_address0               | out |    4|  ap_memory |        DRBG_ctx_V       |     array    |
|DRBG_ctx_V_ce0                    | out |    1|  ap_memory |        DRBG_ctx_V       |     array    |
|DRBG_ctx_V_we0                    | out |    1|  ap_memory |        DRBG_ctx_V       |     array    |
|DRBG_ctx_V_d0                     | out |    8|  ap_memory |        DRBG_ctx_V       |     array    |
|DRBG_ctx_V_q0                     |  in |    8|  ap_memory |        DRBG_ctx_V       |     array    |
|DRBG_ctx_V_address1               | out |    4|  ap_memory |        DRBG_ctx_V       |     array    |
|DRBG_ctx_V_ce1                    | out |    1|  ap_memory |        DRBG_ctx_V       |     array    |
|DRBG_ctx_V_q1                     |  in |    8|  ap_memory |        DRBG_ctx_V       |     array    |
|DRBG_ctx_Key_address0             | out |    5|  ap_memory |       DRBG_ctx_Key      |     array    |
|DRBG_ctx_Key_ce0                  | out |    1|  ap_memory |       DRBG_ctx_Key      |     array    |
|DRBG_ctx_Key_we0                  | out |    1|  ap_memory |       DRBG_ctx_Key      |     array    |
|DRBG_ctx_Key_d0                   | out |    8|  ap_memory |       DRBG_ctx_Key      |     array    |
|DRBG_ctx_Key_q0                   |  in |    8|  ap_memory |       DRBG_ctx_Key      |     array    |
|DRBG_ctx_Key_address1             | out |    5|  ap_memory |       DRBG_ctx_Key      |     array    |
|DRBG_ctx_Key_ce1                  | out |    1|  ap_memory |       DRBG_ctx_Key      |     array    |
|DRBG_ctx_Key_q1                   |  in |    8|  ap_memory |       DRBG_ctx_Key      |     array    |
|DRBG_ctx_reseed_counter_i         |  in |   32|   ap_ovld  | DRBG_ctx_reseed_counter |    pointer   |
|DRBG_ctx_reseed_counter_o         | out |   32|   ap_ovld  | DRBG_ctx_reseed_counter |    pointer   |
|DRBG_ctx_reseed_counter_o_ap_vld  | out |    1|   ap_ovld  | DRBG_ctx_reseed_counter |    pointer   |
+----------------------------------+-----+-----+------------+-------------------------+--------------+

