

================================================================
== Vivado HLS Report for 'owcpa_keypair'
================================================================
* Date:           Sun Aug 23 22:38:33 2020

* Version:        2018.3 (Build 2405991 on Thu Dec 06 23:56:15 MST 2018)
* Project:        ntru01
* Solution:       keypair
* Product family: artix7
* Target device:  xc7a200tfbg676-2


================================================================
== Performance Estimates
================================================================
+ Timing (ns): 
    * Summary: 
    +--------+-------+----------+------------+
    |  Clock | Target| Estimated| Uncertainty|
    +--------+-------+----------+------------+
    |ap_clk  |  10.00|     9.122|        1.25|
    +--------+-------+----------+------------+

+ Latency (clock cycles): 
    * Summary: 
    +----------+----------+----------+----------+---------+
    |       Latency       |       Interval      | Pipeline|
    |    min   |    max   |    min   |    max   |   Type  |
    +----------+----------+----------+----------+---------+
    |  33772958|  72047558|  33772958|  72047558|   none  |
    +----------+----------+----------+----------+---------+

    + Detail: 
        * Instance: 
        +------------------------------+-------------------+----------+----------+----------+----------+---------+
        |                              |                   |       Latency       |       Interval      | Pipeline|
        |           Instance           |       Module      |    min   |    max   |    min   |    max   |   Type  |
        +------------------------------+-------------------+----------+----------+----------+----------+---------+
        |grp_poly_S3_inv_fu_328        |poly_S3_inv        |  17829245|  17829245|  17829245|  17829245|   none  |
        |grp_poly_R2_inv_fu_334        |poly_R2_inv        |  15858741|  15858741|  15858741|  15858741|   none  |
        |grp_poly_Sq_tobytes_1_fu_340  |poly_Sq_tobytes_1  |      2194|      2194|      2194|      2194|   none  |
        |grp_poly_Sq_tobytes_fu_347    |poly_Sq_tobytes    |      2194|      2194|      2194|      2194|   none  |
        |grp_sample_iid_plus_fu_354    |sample_iid_plus    |      7709|      7709|      7709|      7709|   none  |
        |grp_poly_Rq_mul_fu_365        |poly_Rq_mul        |      4908|   2949108|      4908|   2949108|   none  |
        |grp_poly_S3_tobytes_fu_372    |poly_S3_tobytes    |       701|       701|       701|       701|   none  |
        +------------------------------+-------------------+----------+----------+----------+----------+---------+

        * Loop: 
        +----------+------+------+----------+-----------+-----------+------+----------+
        |          |   Latency   | Iteration|  Initiation Interval  | Trip |          |
        | Loop Name|  min |  max |  Latency |  achieved |   target  | Count| Pipelined|
        +----------+------+------+----------+-----------+-----------+------+----------+
        |- Loop 1  |  1402|  1402|         2|          -|          -|   701|    no    |
        |- Loop 2  |  1402|  1402|         2|          -|          -|   701|    no    |
        |- Loop 3  |  1400|  1400|         2|          -|          -|   700|    no    |
        |- Loop 4  |  1402|  1402|         2|          -|          -|   701|    no    |
        |- Loop 5  |  1402|  1402|         2|          -|          -|   701|    no    |
        |- Loop 6  |  1402|  1402|         2|          -|          -|   701|    no    |
        |- Loop 7  |  1402|  1402|         2|          -|          -|   701|    no    |
        +----------+------+------+----------+-----------+-----------+------+----------+



================================================================
== Utilization Estimates
================================================================
* Summary: 
+-----------------+---------+-------+--------+--------+
|       Name      | BRAM_18K| DSP48E|   FF   |   LUT  |
+-----------------+---------+-------+--------+--------+
|DSP              |        -|      -|       -|       -|
|Expression       |        -|      -|       0|     415|
|FIFO             |        -|      -|       -|       -|
|Instance         |        9|      9|    2638|    8276|
|Memory           |        9|      -|       0|       0|
|Multiplexer      |        -|      -|       -|    1426|
|Register         |        -|      -|     292|       -|
+-----------------+---------+-------+--------+--------+
|Total            |       18|      9|    2930|   10117|
+-----------------+---------+-------+--------+--------+
|Available        |      730|    740|  269200|  129000|
+-----------------+---------+-------+--------+--------+
|Utilization (%)  |        2|      1|       1|       7|
+-----------------+---------+-------+--------+--------+

+ Detail: 
    * Instance: 
    +------------------------------+-------------------+---------+-------+------+------+
    |           Instance           |       Module      | BRAM_18K| DSP48E|  FF  |  LUT |
    +------------------------------+-------------------+---------+-------+------+------+
    |grp_poly_R2_inv_fu_334        |poly_R2_inv        |        3|      2|   908|  2497|
    |grp_poly_Rq_mul_fu_365        |poly_Rq_mul        |        0|      2|   167|   332|
    |grp_poly_S3_inv_fu_328        |poly_S3_inv        |        4|      4|  1005|  2813|
    |grp_poly_S3_tobytes_fu_372    |poly_S3_tobytes    |        0|      0|    82|   306|
    |grp_poly_Sq_tobytes_fu_347    |poly_Sq_tobytes    |        1|      0|   135|   867|
    |grp_poly_Sq_tobytes_1_fu_340  |poly_Sq_tobytes_1  |        1|      0|   135|   885|
    |grp_sample_iid_plus_fu_354    |sample_iid_plus    |        0|      1|   206|   576|
    +------------------------------+-------------------+---------+-------+------+------+
    |Total                         |                   |        9|      9|  2638|  8276|
    +------------------------------+-------------------+---------+-------+------+------+

    * DSP48: 
    N/A

    * Memory: 
    +--------------+--------------------------+---------+---+----+------+-----+------+-------------+
    |    Memory    |          Module          | BRAM_18K| FF| LUT| Words| Bits| Banks| W*Bits*Banks|
    +--------------+--------------------------+---------+---+----+------+-----+------+-------------+
    |ai2_coeffs_U  |owcpa_keypair_ai2_coeffs  |        1|  0|   0|   701|   16|     1|        11216|
    |x1_coeffs_U   |owcpa_keypair_x1_coeffs   |        1|  0|   0|   701|   16|     1|        11216|
    |x3_coeffs_U   |owcpa_keypair_x1_coeffs   |        1|  0|   0|   701|   16|     1|        11216|
    |x2_coeffs_U   |owcpa_keypair_x2_coeffs   |        1|  0|   0|   701|   16|     1|        11216|
    |b_coeffs_U    |poly_S3_inv_b_coeffs      |        1|  0|   0|   701|   16|     1|        11216|
    |c_coeffs_U    |poly_S3_inv_b_coeffs      |        1|  0|   0|   701|   16|     1|        11216|
    |s_coeffs_U    |poly_S3_inv_b_coeffs      |        1|  0|   0|   701|   16|     1|        11216|
    |x4_coeffs_U   |poly_S3_inv_b_coeffs      |        1|  0|   0|   701|   16|     1|        11216|
    |x5_coeffs_U   |poly_S3_inv_b_coeffs      |        1|  0|   0|   701|   16|     1|        11216|
    +--------------+--------------------------+---------+---+----+------+-----+------+-------------+
    |Total         |                          |        9|  0|   0|  6309|  144|     9|       100944|
    +--------------+--------------------------+---------+---+----+------+-----+------+-------------+

    * FIFO: 
    N/A

    * Expression: 
    +----------------------------------+----------+-------+---+----+------------+------------+
    |           Variable Name          | Operation| DSP48E| FF| LUT| Bitwidth P0| Bitwidth P1|
    +----------------------------------+----------+-------+---+----+------------+------------+
    |grp_fu_382_p2                     |     +    |      0|  0|  23|          16|           2|
    |i_33_fu_395_p2                    |     +    |      0|  0|  17|          10|           1|
    |i_34_fu_457_p2                    |     +    |      0|  0|  17|          10|           1|
    |i_35_fu_519_p2                    |     +    |      0|  0|  17|           2|          10|
    |i_36_fu_570_p2                    |     +    |      0|  0|  17|          10|           1|
    |i_37_fu_608_p2                    |     +    |      0|  0|  17|          10|           1|
    |i_38_fu_640_p2                    |     +    |      0|  0|  17|          10|           1|
    |i_39_fu_657_p2                    |     +    |      0|  0|  17|          10|           1|
    |tmp_230_i_fu_535_p2               |     -    |      0|  0|  23|          16|          16|
    |tmp_232_i_fu_550_p2               |     -    |      0|  0|  23|          16|          16|
    |tmp_242_fu_587_p2                 |     -    |      0|  0|  23|          16|          16|
    |tmp_38_i1_cast_fu_478_p2          |     -    |      0|  0|  20|           1|          13|
    |tmp_38_i_cast_fu_416_p2           |     -    |      0|  0|  20|           1|          13|
    |tmp_i5_fu_668_p2                  |     -    |      0|  0|  23|          16|          16|
    |tmp_i6_cast_fu_623_p2             |     -    |      0|  0|  20|           1|          13|
    |exitcond1_i_fu_602_p2             |   icmp   |      0|  0|  13|          10|          10|
    |exitcond_fu_564_p2                |   icmp   |      0|  0|  13|          10|          10|
    |exitcond_i2_fu_651_p2             |   icmp   |      0|  0|  13|          10|          10|
    |exitcond_i6_fu_451_p2             |   icmp   |      0|  0|  13|          10|          10|
    |exitcond_i7_fu_634_p2             |   icmp   |      0|  0|  13|          10|          10|
    |exitcond_i_fu_389_p2              |   icmp   |      0|  0|  13|          10|          10|
    |tmp_i2_fu_513_p2                  |   icmp   |      0|  0|  13|          10|           1|
    |ap_block_state4_on_subcall_done   |    or    |      0|  0|   2|           1|           1|
    |ap_block_state55_on_subcall_done  |    or    |      0|  0|   2|           1|           1|
    |tmp_39_fu_426_p2                  |    or    |      0|  0|  13|          13|          13|
    |tmp_43_fu_488_p2                  |    or    |      0|  0|  13|          13|          13|
    +----------------------------------+----------+-------+---+----+------------+------------+
    |Total                             |          |      0|  0| 415|         243|         210|
    +----------------------------------+----------+-------+---+----+------------+------------+

    * Multiplexer: 
    +------------------------------------------------+-----+-----------+-----+-----------+
    |                      Name                      | LUT | Input Size| Bits| Total Bits|
    +------------------------------------------------+-----+-----------+-----+-----------+
    |ai2_coeffs_address0                             |   15|          3|   10|         30|
    |ai2_coeffs_ce0                                  |   15|          3|    1|          3|
    |ai2_coeffs_we0                                  |    9|          2|    2|          4|
    |ap_NS_fsm                                       |  257|         60|    1|         60|
    |b_coeffs_address0                               |   15|          3|   10|         30|
    |b_coeffs_ce0                                    |   15|          3|    1|          3|
    |c_coeffs_address0                               |   27|          5|   10|         50|
    |c_coeffs_ce0                                    |   21|          4|    1|          4|
    |c_coeffs_d0                                     |   15|          3|   16|         48|
    |c_coeffs_we0                                    |   15|          3|    1|          3|
    |grp_poly_Rq_mul_fu_365_a_coeffs_q0              |   33|          6|   16|         96|
    |grp_poly_Rq_mul_fu_365_b_coeffs_q0              |   33|          6|   16|         96|
    |grp_poly_Rq_mul_fu_365_r_coeffs_q0              |   33|          6|   16|         96|
    |grp_poly_S3_tobytes_fu_372_a_coeffs_q0          |   15|          3|   16|         48|
    |grp_poly_S3_tobytes_fu_372_a_coeffs_q1          |   15|          3|   16|         48|
    |grp_poly_S3_tobytes_fu_372_msg_offset           |   15|          3|   10|         30|
    |grp_sample_iid_plus_fu_354_r_coeffs_q0          |   15|          3|   16|         48|
    |grp_sample_iid_plus_fu_354_r_coeffs_q1          |   15|          3|   16|         48|
    |grp_sample_iid_plus_fu_354_uniformbytes_offset  |   15|          3|   12|         36|
    |i_1_i_reg_306                                   |    9|          2|   10|         20|
    |i_i1_reg_295                                    |    9|          2|   10|         20|
    |i_i2_reg_273                                    |    9|          2|   10|         20|
    |i_i3_reg_317                                    |    9|          2|   10|         20|
    |i_i5_reg_262                                    |    9|          2|   10|         20|
    |i_i_reg_251                                     |    9|          2|   10|         20|
    |i_reg_284                                       |    9|          2|   10|         20|
    |s_coeffs_address0                               |   21|          4|   10|         40|
    |s_coeffs_ce0                                    |   21|          4|    1|          4|
    |s_coeffs_we0                                    |    9|          2|    1|          2|
    |seed_ce0                                        |    9|          2|    1|          2|
    |sk_address0                                     |   15|          3|   11|         33|
    |sk_ce0                                          |   15|          3|    1|          3|
    |sk_ce1                                          |    9|          2|    1|          2|
    |sk_d0                                           |   15|          3|    8|         24|
    |sk_we0                                          |   15|          3|    1|          3|
    |sk_we1                                          |    9|          2|    1|          2|
    |x1_coeffs_address0                              |   38|          7|   10|         70|
    |x1_coeffs_address1                              |   15|          3|   10|         30|
    |x1_coeffs_ce0                                   |   33|          6|    1|          6|
    |x1_coeffs_ce1                                   |   15|          3|    1|          3|
    |x1_coeffs_d0                                    |   15|          3|   16|         48|
    |x1_coeffs_we0                                   |   15|          3|    1|          3|
    |x1_coeffs_we1                                   |    9|          2|    1|          2|
    |x2_coeffs_address0                              |   44|          9|   10|         90|
    |x2_coeffs_address1                              |   15|          3|   10|         30|
    |x2_coeffs_ce0                                   |   33|          6|    1|          6|
    |x2_coeffs_ce1                                   |   15|          3|    1|          3|
    |x2_coeffs_d0                                    |   27|          5|   16|         80|
    |x2_coeffs_we0                                   |   15|          3|    2|          6|
    |x2_coeffs_we1                                   |    9|          2|    2|          4|
    |x3_coeffs_address0                              |   53|         12|   10|        120|
    |x3_coeffs_address1                              |   33|          6|   10|         60|
    |x3_coeffs_ce0                                   |   38|          7|    1|          7|
    |x3_coeffs_ce1                                   |   15|          3|    1|          3|
    |x3_coeffs_d0                                    |   21|          4|   16|         64|
    |x3_coeffs_d1                                    |   15|          3|   16|         48|
    |x3_coeffs_we0                                   |   21|          4|    1|          4|
    |x3_coeffs_we1                                   |   15|          3|    1|          3|
    |x4_coeffs_address0                              |   27|          5|   10|         50|
    |x4_coeffs_ce0                                   |   27|          5|    1|          5|
    |x4_coeffs_d0                                    |   15|          3|   16|         48|
    |x4_coeffs_we0                                   |   15|          3|    1|          3|
    |x5_coeffs_address0                              |   15|          3|   10|         30|
    |x5_coeffs_ce0                                   |   15|          3|    1|          3|
    |x5_coeffs_we0                                   |    9|          2|    1|          2|
    +------------------------------------------------+-----+-----------+-----+-----------+
    |Total                                           | 1426|        291|  471|       1867|
    +------------------------------------------------+-----+-----------+-----+-----------+

    * Register: 
    +-------------------------------------------+----+----+-----+-----------+
    |                    Name                   | FF | LUT| Bits| Const Bits|
    +-------------------------------------------+----+----+-----+-----------+
    |G_coeffs_addr_2_reg_755                    |  10|   0|   10|          0|
    |ap_CS_fsm                                  |  59|   0|   59|          0|
    |f_coeffs_addr_reg_691                      |  10|   0|   10|          0|
    |grp_poly_R2_inv_fu_334_ap_start_reg        |   1|   0|    1|          0|
    |grp_poly_Rq_mul_fu_365_ap_start_reg        |   1|   0|    1|          0|
    |grp_poly_S3_inv_fu_328_ap_start_reg        |   1|   0|    1|          0|
    |grp_poly_S3_tobytes_fu_372_ap_start_reg    |   1|   0|    1|          0|
    |grp_poly_Sq_tobytes_1_fu_340_ap_start_reg  |   1|   0|    1|          0|
    |grp_poly_Sq_tobytes_fu_347_ap_start_reg    |   1|   0|    1|          0|
    |grp_sample_iid_plus_fu_354_ap_start_reg    |   1|   0|    1|          0|
    |h_coeffs_addr_1_reg_704                    |  10|   0|   10|          0|
    |h_coeffs_addr_6_reg_809                    |  10|   0|   10|          0|
    |i_1_i_reg_306                              |  10|   0|   10|          0|
    |i_33_reg_686                               |  10|   0|   10|          0|
    |i_34_reg_699                               |  10|   0|   10|          0|
    |i_35_reg_722                               |  10|   0|   10|          0|
    |i_36_reg_750                               |  10|   0|   10|          0|
    |i_37_reg_763                               |  10|   0|   10|          0|
    |i_38_reg_781                               |  10|   0|   10|          0|
    |i_39_reg_804                               |  10|   0|   10|          0|
    |i_i1_reg_295                               |  10|   0|   10|          0|
    |i_i2_reg_273                               |  10|   0|   10|          0|
    |i_i3_reg_317                               |  10|   0|   10|          0|
    |i_i5_reg_262                               |  10|   0|   10|          0|
    |i_i_reg_251                                |  10|   0|   10|          0|
    |i_reg_284                                  |  10|   0|   10|          0|
    |last_coeff_reg_714                         |  16|   0|   16|          0|
    |tmp_229_i_reg_732                          |  10|   0|   64|         54|
    |tmp_252_i_reg_786                          |  10|   0|   64|         54|
    |tmp_i4_76_reg_768                          |  10|   0|   64|         54|
    +-------------------------------------------+----+----+-----+-----------+
    |Total                                      | 292|   0|  454|        162|
    +-------------------------------------------+----+----+-----+-----------+



================================================================
== Interface
================================================================
* Summary: 
+---------------+-----+-----+------------+---------------+--------------+
|   RTL Ports   | Dir | Bits|  Protocol  | Source Object |    C Type    |
+---------------+-----+-----+------------+---------------+--------------+
|ap_clk         |  in |    1| ap_ctrl_hs | owcpa_keypair | return value |
|ap_rst         |  in |    1| ap_ctrl_hs | owcpa_keypair | return value |
|ap_start       |  in |    1| ap_ctrl_hs | owcpa_keypair | return value |
|ap_done        | out |    1| ap_ctrl_hs | owcpa_keypair | return value |
|ap_idle        | out |    1| ap_ctrl_hs | owcpa_keypair | return value |
|ap_ready       | out |    1| ap_ctrl_hs | owcpa_keypair | return value |
|pk_address0    | out |   11|  ap_memory |       pk      |     array    |
|pk_ce0         | out |    1|  ap_memory |       pk      |     array    |
|pk_we0         | out |    1|  ap_memory |       pk      |     array    |
|pk_d0          | out |    8|  ap_memory |       pk      |     array    |
|pk_address1    | out |   11|  ap_memory |       pk      |     array    |
|pk_ce1         | out |    1|  ap_memory |       pk      |     array    |
|pk_we1         | out |    1|  ap_memory |       pk      |     array    |
|pk_d1          | out |    8|  ap_memory |       pk      |     array    |
|sk_address0    | out |   11|  ap_memory |       sk      |     array    |
|sk_ce0         | out |    1|  ap_memory |       sk      |     array    |
|sk_we0         | out |    1|  ap_memory |       sk      |     array    |
|sk_d0          | out |    8|  ap_memory |       sk      |     array    |
|sk_address1    | out |   11|  ap_memory |       sk      |     array    |
|sk_ce1         | out |    1|  ap_memory |       sk      |     array    |
|sk_we1         | out |    1|  ap_memory |       sk      |     array    |
|sk_d1          | out |    8|  ap_memory |       sk      |     array    |
|seed_address0  | out |   11|  ap_memory |      seed     |     array    |
|seed_ce0       | out |    1|  ap_memory |      seed     |     array    |
|seed_q0        |  in |    8|  ap_memory |      seed     |     array    |
+---------------+-----+-----+------------+---------------+--------------+

