

================================================================
== Vivado HLS Report for 'poly_Sq_tobytes_1'
================================================================
* Date:           Sun Aug 23 22:38:32 2020

* Version:        2018.3 (Build 2405991 on Thu Dec 06 23:56:15 MST 2018)
* Project:        ntru01
* Solution:       keypair
* Product family: artix7
* Target device:  xc7a200tfbg676-2


================================================================
== Performance Estimates
================================================================
+ Timing (ns): 
    * Summary: 
    +--------+-------+----------+------------+
    |  Clock | Target| Estimated| Uncertainty|
    +--------+-------+----------+------------+
    |ap_clk  |  10.00|     5.327|        1.25|
    +--------+-------+----------+------------+

+ Latency (clock cycles): 
    * Summary: 
    +------+------+------+------+---------+
    |   Latency   |   Interval  | Pipeline|
    |  min |  max |  min |  max |   Type  |
    +------+------+------+------+---------+
    |  2194|  2194|  2194|  2194|   none  |
    +------+------+------+------+---------+

    + Detail: 
        * Instance: 
        N/A

        * Loop: 
        +-------------+------+------+----------+-----------+-----------+------+----------+
        |             |   Latency   | Iteration|  Initiation Interval  | Trip |          |
        |  Loop Name  |  min |  max |  Latency |  achieved |   target  | Count| Pipelined|
        +-------------+------+------+----------+-----------+-----------+------+----------+
        |- Loop 1     |  2175|  2175|        25|          -|          -|    87|    no    |
        | + Loop 1.1  |    16|    16|         2|          -|          -|     8|    no    |
        |- Loop 2     |     8|     8|         2|          -|          -|     4|    no    |
        |- Loop 3     |     4|     4|         1|          -|          -|     4|    no    |
        +-------------+------+------+----------+-----------+-----------+------+----------+



================================================================
== Utilization Estimates
================================================================
* Summary: 
+-----------------+---------+-------+--------+--------+
|       Name      | BRAM_18K| DSP48E|   FF   |   LUT  |
+-----------------+---------+-------+--------+--------+
|DSP              |        -|      -|       -|       -|
|Expression       |        -|      -|       0|     438|
|FIFO             |        -|      -|       -|       -|
|Instance         |        -|      -|       -|       -|
|Memory           |        1|      -|       0|       0|
|Multiplexer      |        -|      -|       -|     447|
|Register         |        -|      -|     135|       -|
+-----------------+---------+-------+--------+--------+
|Total            |        1|      0|     135|     885|
+-----------------+---------+-------+--------+--------+
|Available        |      730|    740|  269200|  129000|
+-----------------+---------+-------+--------+--------+
|Utilization (%)  |    ~0   |      0|   ~0   |   ~0   |
+-----------------+---------+-------+--------+--------+

+ Detail: 
    * Instance: 
    N/A

    * DSP48: 
    N/A

    * Memory: 
    +-------+---------------------+---------+---+----+------+-----+------+-------------+
    | Memory|        Module       | BRAM_18K| FF| LUT| Words| Bits| Banks| W*Bits*Banks|
    +-------+---------------------+---------+---+----+------+-----+------+-------------+
    |t_U    |poly_Sq_tobytes_1_t  |        1|  0|   0|     8|   16|     1|          128|
    +-------+---------------------+---------+---+----+------+-----+------+-------------+
    |Total  |                     |        1|  0|   0|     8|   16|     1|          128|
    +-------+---------------------+---------+---+----+------+-----+------+-------------+

    * FIFO: 
    N/A

    * Expression: 
    +----------------------+----------+-------+---+----+------------+------------+
    |     Variable Name    | Operation| DSP48E| FF| LUT| Bitwidth P0| Bitwidth P1|
    +----------------------+----------+-------+---+----+------------+------------+
    |j_3_fu_606_p2         |     +    |      0|  0|  13|           4|           1|
    |j_4_fu_1088_p2        |     +    |      0|  0|  13|           4|           1|
    |next_mul_fu_570_p2    |     +    |      0|  0|  18|          11|           4|
    |sum10_fu_957_p2       |     +    |      0|  0|  18|           9|          11|
    |sum11_fu_1014_p2      |     +    |      0|  0|  18|           9|          11|
    |sum12_fu_1036_p2      |     +    |      0|  0|  18|           9|          11|
    |sum1_fu_703_p2        |     +    |      0|  0|  18|           9|          11|
    |sum2_fu_672_p2        |     +    |      0|  0|  18|           9|          11|
    |sum3_fu_740_p2        |     +    |      0|  0|  18|           9|          11|
    |sum4_fu_769_p2        |     +    |      0|  0|  18|           9|          11|
    |sum5_fu_780_p2        |     +    |      0|  0|  18|           9|          11|
    |sum6_fu_817_p2        |     +    |      0|  0|  18|           9|          11|
    |sum7_fu_839_p2        |     +    |      0|  0|  18|           9|          11|
    |sum8_fu_896_p2        |     +    |      0|  0|  18|           9|          11|
    |sum9_fu_935_p2        |     +    |      0|  0|  18|           9|          11|
    |sum_fu_632_p2         |     +    |      0|  0|  18|           9|          11|
    |tmp_30_fu_1053_p2     |     +    |      0|  0|  12|           3|           1|
    |tmp_31_fu_582_p2      |     +    |      0|  0|  15|           7|           1|
    |tmp_77_fu_612_p2      |     +    |      0|  0|  17|          10|          10|
    |exitcond1_fu_1047_p2  |   icmp   |      0|  0|   9|           3|           4|
    |exitcond2_fu_600_p2   |   icmp   |      0|  0|  11|           4|           5|
    |exitcond3_fu_576_p2   |   icmp   |      0|  0|  11|           7|           7|
    |exitcond_fu_1077_p2   |   icmp   |      0|  0|  11|           4|           5|
    |tmp_33_fu_665_p2      |    or    |      0|  0|   8|           8|           8|
    |tmp_38_fu_726_p2      |    or    |      0|  0|   5|           5|           5|
    |tmp_42_fu_763_p2      |    or    |      0|  0|   8|           8|           8|
    |tmp_47_fu_803_p2      |    or    |      0|  0|   7|           7|           7|
    |tmp_54_fu_1132_p2     |    or    |      0|  0|   8|           8|           8|
    |tmp_58_fu_872_p2      |    or    |      0|  0|   4|           4|           4|
    |tmp_65_fu_929_p2      |    or    |      0|  0|   8|           8|           8|
    |tmp_70_fu_990_p2      |    or    |      0|  0|   6|           6|           6|
    |tmp_79_fu_1206_p2     |    or    |      0|  0|   8|           8|           8|
    |tmp_86_fu_1106_p2     |    or    |      0|  0|   7|           7|           7|
    |tmp_92_fu_1160_p2     |    or    |      0|  0|   5|           5|           5|
    +----------------------+----------+-------+---+----+------------+------------+
    |Total                 |          |      0|  0| 438|         248|         256|
    +----------------------+----------+-------+---+----+------------+------------+

    * Multiplexer: 
    +-------------------+----+-----------+-----+-----------+
    |        Name       | LUT| Input Size| Bits| Total Bits|
    +-------------------+----+-----------+-----+-----------+
    |a_coeffs_address0  |  15|          3|   10|         30|
    |ap_NS_fsm          |  93|         19|    1|         19|
    |i_reg_462          |   9|          2|    7|         14|
    |j_1_reg_497        |   9|          2|    3|          6|
    |j_2_reg_509        |   9|          2|    4|          8|
    |j_reg_485          |   9|          2|    4|          8|
    |phi_mul_reg_473    |   9|          2|   11|         22|
    |r_address0         |  50|         11|   11|        121|
    |r_address1         |  50|         11|   11|        121|
    |r_d0               |  50|         11|    8|         88|
    |r_d1               |  50|         11|    8|         88|
    |t_address0         |  41|          8|    3|         24|
    |t_address1         |  38|          7|    3|         21|
    |t_d0               |  15|          3|   16|         48|
    +-------------------+----+-----------+-----+-----------+
    |Total              | 447|         94|  100|        618|
    +-------------------+----+-----------+-----+-----------+

    * Register: 
    +-------------------+----+----+-----+-----------+
    |        Name       | FF | LUT| Bits| Const Bits|
    +-------------------+----+----+-----+-----------+
    |ap_CS_fsm          |  18|   0|   18|          0|
    |i_reg_462          |   7|   0|    7|          0|
    |j_1_reg_497        |   3|   0|    3|          0|
    |j_2_reg_509        |   4|   0|    4|          0|
    |j_3_reg_1281       |   4|   0|    4|          0|
    |j_reg_485          |   4|   0|    4|          0|
    |next_mul_reg_1260  |  11|   0|   11|          0|
    |phi_mul_reg_473    |  11|   0|   11|          0|
    |tmp_23_reg_1296    |   5|   0|    5|          0|
    |tmp_30_reg_1329    |   3|   0|    3|          0|
    |tmp_31_reg_1268    |   7|   0|    7|          0|
    |tmp_34_reg_1301    |   8|   0|    8|          0|
    |tmp_36_reg_1291    |   8|   0|    8|          0|
    |tmp_44_reg_1306    |   7|   0|    7|          0|
    |tmp_55_reg_1311    |   4|   0|    4|          0|
    |tmp_61_reg_1316    |   8|   0|    8|          0|
    |tmp_68_reg_1321    |   6|   0|    6|          0|
    |tmp_88_reg_1347    |   1|   0|    1|          0|
    |tmp_89_reg_1352    |   3|   0|    3|          0|
    |tmp_93_reg_1357    |   3|   0|    3|          0|
    |tmp_94_reg_1362    |   3|   0|    3|          0|
    |tmp_reg_1273       |   7|   0|   10|          3|
    +-------------------+----+----+-----+-----------+
    |Total              | 135|   0|  138|          3|
    +-------------------+----+----+-----+-----------+



================================================================
== Interface
================================================================
* Summary: 
+-------------------+-----+-----+------------+-------------------+--------------+
|     RTL Ports     | Dir | Bits|  Protocol  |   Source Object   |    C Type    |
+-------------------+-----+-----+------------+-------------------+--------------+
|ap_clk             |  in |    1| ap_ctrl_hs | poly_Sq_tobytes.1 | return value |
|ap_rst             |  in |    1| ap_ctrl_hs | poly_Sq_tobytes.1 | return value |
|ap_start           |  in |    1| ap_ctrl_hs | poly_Sq_tobytes.1 | return value |
|ap_done            | out |    1| ap_ctrl_hs | poly_Sq_tobytes.1 | return value |
|ap_idle            | out |    1| ap_ctrl_hs | poly_Sq_tobytes.1 | return value |
|ap_ready           | out |    1| ap_ctrl_hs | poly_Sq_tobytes.1 | return value |
|r_address0         | out |   11|  ap_memory |         r         |     array    |
|r_ce0              | out |    1|  ap_memory |         r         |     array    |
|r_we0              | out |    1|  ap_memory |         r         |     array    |
|r_d0               | out |    8|  ap_memory |         r         |     array    |
|r_address1         | out |   11|  ap_memory |         r         |     array    |
|r_ce1              | out |    1|  ap_memory |         r         |     array    |
|r_we1              | out |    1|  ap_memory |         r         |     array    |
|r_d1               | out |    8|  ap_memory |         r         |     array    |
|a_coeffs_address0  | out |   10|  ap_memory |      a_coeffs     |     array    |
|a_coeffs_ce0       | out |    1|  ap_memory |      a_coeffs     |     array    |
|a_coeffs_q0        |  in |   16|  ap_memory |      a_coeffs     |     array    |
+-------------------+-----+-----+------------+-------------------+--------------+

