

================================================================
== Vivado HLS Report for 'crypto_sort'
================================================================
* Date:           Tue Aug 25 12:30:45 2020

* Version:        2018.3 (Build 2405991 on Thu Dec 06 23:56:15 MST 2018)
* Project:        ntru77
* Solution:       keypair
* Product family: artix7
* Target device:  xc7a200tfbg676-2


================================================================
== Performance Estimates
================================================================
+ Timing (ns): 
    * Summary: 
    +--------+-------+----------+------------+
    |  Clock | Target| Estimated| Uncertainty|
    +--------+-------+----------+------------+
    |ap_clk  |  10.00|     6.574|        1.25|
    +--------+-------+----------+------------+

+ Latency (clock cycles): 
    * Summary: 
    +-----+-----+-----+-----+---------+
    |  Latency  |  Interval | Pipeline|
    | min | max | min | max |   Type  |
    +-----+-----+-----+-----+---------+
    |    ?|    ?|    ?|    ?|   none  |
    +-----+-----+-----+-----+---------+

    + Detail: 
        * Instance: 
        N/A

        * Loop: 
        +---------------------+-----+------+----------+-----------+-----------+---------+----------+
        |                     |   Latency  | Iteration|  Initiation Interval  |   Trip  |          |
        |      Loop Name      | min |  max |  Latency |  achieved |   target  |  Count  | Pipelined|
        +---------------------+-----+------+----------+-----------+-----------+---------+----------+
        |- Loop 1             |    ?|     ?|         ?|          -|          -|       10|    no    |
        | + Loop 1.1          |    0|  3375|   2 ~ 5  |          -|          -| 0 ~ 675 |    no    |
        | + Loop 1.2          |    ?|     ?|         ?|          -|          -|        ?|    no    |
        |  ++ Loop 1.2.1      |    ?|     ?|         ?|          -|          -|        ?|    no    |
        |   +++ Loop 1.2.1.1  |    ?|     ?|         3|          -|          -|        ?|    no    |
        +---------------------+-----+------+----------+-----------+-----------+---------+----------+

============================================================
+ Verbose Summary: Synthesis Manager
============================================================
InlineROM: 1
ExposeGlobal: 1
============================================================
+ Verbose Summary: CDFG Model
============================================================
IsTopModel: 0
ResetActiveHigh: 1
IsCombinational: 0
IsDatapathOnly: 0
HasWiredReturn: 1
HasMFsm: 0
HasVarLatency: 1
IsPipeline: 0
IsRtlPipelined: 0
IsInstanceOverlapped: 0
IsDontTouch: 0
HasImplIP: 0
IsGatedGlobalClock: 0


============================================================
+ Verbose Summary: Schedule
============================================================
* Number of FSM states : 13
* Pipeline : 0
* Dataflow Pipeline: 0

* FSM state transitions: 
1 --> 
	2  / true
2 --> 
	3  / (!tmp)
3 --> 
	4  / (tmp_241 & tmp_243)
	7  / (tmp_241 & !tmp_243)
	8  / (!tmp_241)
4 --> 
	5  / true
5 --> 
	6  / true
6 --> 
	7  / true
7 --> 
	3  / true
8 --> 
	9  / (tmp_248)
	2  / (!tmp_248)
9 --> 
	10  / (tmp_251 & tmp_253)
	11  / (tmp_251 & !tmp_253)
	8  / (!tmp_251)
10 --> 
	11  / true
11 --> 
	12  / (tmp_253 & tmp_254)
	9  / (!tmp_254) | (!tmp_253)
12 --> 
	13  / true
13 --> 
	11  / true

* FSM state operations: 

State 1 <SV = 0> <Delay = 1.35>
ST_1 : Operation 14 [1/1] (1.35ns)   --->   "br label %.preheader2" [crypto_sort.c:27]   --->   Operation 14 'br' <Predicate = true> <Delay = 1.35>

State 2 <SV = 1> <Delay = 2.90>
ST_2 : Operation 15 [1/1] (0.00ns)   --->   "%p = phi i60 [ %tmp_76, %10 ], [ 512, %.preheader2.preheader ]" [crypto_sort.c:27]   --->   Operation 15 'phi' 'p' <Predicate = true> <Delay = 0.00>
ST_2 : Operation 16 [1/1] (0.00ns)   --->   "%p_cast1 = zext i60 %p to i61" [crypto_sort.c:27]   --->   Operation 16 'zext' 'p_cast1' <Predicate = true> <Delay = 0.00>
ST_2 : Operation 17 [1/1] (0.00ns)   --->   "%p_cast = zext i60 %p to i63" [crypto_sort.c:27]   --->   Operation 17 'zext' 'p_cast' <Predicate = true> <Delay = 0.00>
ST_2 : Operation 18 [1/1] (0.00ns)   --->   "%p_cast_cast9 = zext i60 %p to i62" [crypto_sort.c:27]   --->   Operation 18 'zext' 'p_cast_cast9' <Predicate = true> <Delay = 0.00>
ST_2 : Operation 19 [1/1] (2.34ns)   --->   "%tmp = icmp eq i60 %p, 0" [crypto_sort.c:27]   --->   Operation 19 'icmp' 'tmp' <Predicate = true> <Delay = 2.34> <Core = "Cmp">   --->   Core 25 'Cmp' <Latency = 0> <II = 1> <Delay = 2.34> <FuncUnit> <Opcode : 'icmp'> <InPorts = 2> <OutPorts = 1>
ST_2 : Operation 20 [1/1] (0.00ns)   --->   "%empty = call i32 (...)* @_ssdm_op_SpecLoopTripCount(i64 10, i64 10, i64 10)"   --->   Operation 20 'speclooptripcount' 'empty' <Predicate = true> <Delay = 0.00>
ST_2 : Operation 21 [1/1] (0.00ns)   --->   "br i1 %tmp, label %.loopexit, label %.preheader1.preheader" [crypto_sort.c:27]   --->   Operation 21 'br' <Predicate = true> <Delay = 0.00>
ST_2 : Operation 22 [1/1] (2.90ns)   --->   "%tmp_s = sub i61 676, %p_cast1" [crypto_sort.c:28]   --->   Operation 22 'sub' 'tmp_s' <Predicate = (!tmp)> <Delay = 2.90> <Core = "AddSub">   --->   Core 14 'AddSub' <Latency = 0> <II = 1> <Delay = 2.18> <FuncUnit> <Opcode : 'add' 'sub'> <InPorts = 2> <OutPorts = 1>
ST_2 : Operation 23 [1/1] (1.35ns)   --->   "br label %.preheader1" [crypto_sort.c:28]   --->   Operation 23 'br' <Predicate = (!tmp)> <Delay = 1.35>
ST_2 : Operation 24 [1/1] (0.00ns)   --->   "ret void" [crypto_sort.c:43]   --->   Operation 24 'ret' <Predicate = (tmp)> <Delay = 0.00>

State 3 <SV = 2> <Delay = 4.53>
ST_3 : Operation 25 [1/1] (0.00ns)   --->   "%i = phi i10 [ %i_40, %._crit_edge ], [ 0, %.preheader1.preheader ]"   --->   Operation 25 'phi' 'i' <Predicate = true> <Delay = 0.00>
ST_3 : Operation 26 [1/1] (0.00ns)   --->   "%i_cast4 = zext i10 %i to i11" [crypto_sort.c:28]   --->   Operation 26 'zext' 'i_cast4' <Predicate = true> <Delay = 0.00>
ST_3 : Operation 27 [1/1] (0.00ns)   --->   "%i_cast = zext i10 %i to i64" [crypto_sort.c:28]   --->   Operation 27 'zext' 'i_cast' <Predicate = true> <Delay = 0.00>
ST_3 : Operation 28 [1/1] (0.00ns)   --->   "%i_cast_cast_cast = zext i10 %i to i61" [crypto_sort.c:28]   --->   Operation 28 'zext' 'i_cast_cast_cast' <Predicate = true> <Delay = 0.00>
ST_3 : Operation 29 [1/1] (2.34ns)   --->   "%tmp_241 = icmp slt i61 %i_cast_cast_cast, %tmp_s" [crypto_sort.c:28]   --->   Operation 29 'icmp' 'tmp_241' <Predicate = true> <Delay = 2.34> <Core = "Cmp">   --->   Core 25 'Cmp' <Latency = 0> <II = 1> <Delay = 2.34> <FuncUnit> <Opcode : 'icmp'> <InPorts = 2> <OutPorts = 1>
ST_3 : Operation 30 [1/1] (0.00ns)   --->   "%empty_82 = call i32 (...)* @_ssdm_op_SpecLoopTripCount(i64 0, i64 675, i64 0)"   --->   Operation 30 'speclooptripcount' 'empty_82' <Predicate = true> <Delay = 0.00>
ST_3 : Operation 31 [1/1] (1.74ns)   --->   "%i_40 = add i10 %i, 1" [crypto_sort.c:28]   --->   Operation 31 'add' 'i_40' <Predicate = true> <Delay = 1.74> <Core = "AddSub">   --->   Core 14 'AddSub' <Latency = 0> <II = 1> <Delay = 2.18> <FuncUnit> <Opcode : 'add' 'sub'> <InPorts = 2> <OutPorts = 1>
ST_3 : Operation 32 [1/1] (0.00ns)   --->   "br i1 %tmp_241, label %0, label %.preheader.preheader" [crypto_sort.c:28]   --->   Operation 32 'br' <Predicate = true> <Delay = 0.00>
ST_3 : Operation 33 [1/1] (0.00ns) (grouped into LUT with out node tmp_243)   --->   "%tmp_345 = trunc i60 %p to i10" [crypto_sort.c:27]   --->   Operation 33 'trunc' 'tmp_345' <Predicate = (tmp_241)> <Delay = 0.00>
ST_3 : Operation 34 [1/1] (0.00ns) (grouped into LUT with out node tmp_243)   --->   "%tmp_242 = and i10 %i, %tmp_345" [crypto_sort.c:29]   --->   Operation 34 'and' 'tmp_242' <Predicate = (tmp_241)> <Delay = 0.00> <Core = "LogicGate">   --->   Core 27 'LogicGate' <Latency = 0> <II = 1> <Delay = 0.80> <FuncUnit> <Opcode : 'and' 'or' 'xor'> <InPorts = 2> <OutPorts = 1>
ST_3 : Operation 35 [1/1] (1.43ns) (out node of the LUT)   --->   "%tmp_243 = icmp eq i10 %tmp_242, 0" [crypto_sort.c:29]   --->   Operation 35 'icmp' 'tmp_243' <Predicate = (tmp_241)> <Delay = 1.43> <Core = "Cmp">   --->   Core 25 'Cmp' <Latency = 0> <II = 1> <Delay = 2.34> <FuncUnit> <Opcode : 'icmp'> <InPorts = 2> <OutPorts = 1>
ST_3 : Operation 36 [1/1] (0.00ns)   --->   "br i1 %tmp_243, label %1, label %._crit_edge" [crypto_sort.c:29]   --->   Operation 36 'br' <Predicate = (tmp_241)> <Delay = 0.00>
ST_3 : Operation 37 [1/1] (0.00ns)   --->   "%tmp_346 = trunc i60 %p to i11" [crypto_sort.c:27]   --->   Operation 37 'trunc' 'tmp_346' <Predicate = (tmp_241 & tmp_243)> <Delay = 0.00>
ST_3 : Operation 38 [1/1] (1.76ns)   --->   "%sum = add i11 %tmp_346, %i_cast4" [crypto_sort.c:30]   --->   Operation 38 'add' 'sum' <Predicate = (tmp_241 & tmp_243)> <Delay = 1.76> <Core = "AddSub">   --->   Core 14 'AddSub' <Latency = 0> <II = 1> <Delay = 2.18> <FuncUnit> <Opcode : 'add' 'sub'> <InPorts = 2> <OutPorts = 1>
ST_3 : Operation 39 [1/1] (0.00ns)   --->   "%sum_cast = sext i11 %sum to i64" [crypto_sort.c:30]   --->   Operation 39 'sext' 'sum_cast' <Predicate = (tmp_241 & tmp_243)> <Delay = 0.00>
ST_3 : Operation 40 [1/1] (0.00ns)   --->   "%array_addr = getelementptr [676 x i32]* %array_r, i64 0, i64 %sum_cast" [crypto_sort.c:30]   --->   Operation 40 'getelementptr' 'array_addr' <Predicate = (tmp_241 & tmp_243)> <Delay = 0.00>
ST_3 : Operation 41 [2/2] (2.77ns)   --->   "%array_load = load i32* %array_addr, align 4" [crypto_sort.c:30]   --->   Operation 41 'load' 'array_load' <Predicate = (tmp_241 & tmp_243)> <Delay = 2.77> <Core = "RAM">   --->   Core 37 'RAM' <Latency = 1> <II = 1> <Delay = 2.77> <Storage> <Opcode : 'load' 'store'> <Ports = 2> <Width = 32> <Depth = 676> <RAM>
ST_3 : Operation 42 [1/1] (0.00ns)   --->   "%array_addr_1 = getelementptr [676 x i32]* %array_r, i64 0, i64 %i_cast" [crypto_sort.c:30]   --->   Operation 42 'getelementptr' 'array_addr_1' <Predicate = (tmp_241 & tmp_243)> <Delay = 0.00>
ST_3 : Operation 43 [2/2] (2.77ns)   --->   "%array_load_1 = load i32* %array_addr_1, align 4" [crypto_sort.c:30]   --->   Operation 43 'load' 'array_load_1' <Predicate = (tmp_241 & tmp_243)> <Delay = 2.77> <Core = "RAM">   --->   Core 37 'RAM' <Latency = 1> <II = 1> <Delay = 2.77> <Storage> <Opcode : 'load' 'store'> <Ports = 2> <Width = 32> <Depth = 676> <RAM>
ST_3 : Operation 44 [1/1] (1.35ns)   --->   "br label %.preheader" [crypto_sort.c:32]   --->   Operation 44 'br' <Predicate = (!tmp_241)> <Delay = 1.35>

State 4 <SV = 3> <Delay = 2.77>
ST_4 : Operation 45 [1/2] (2.77ns)   --->   "%array_load = load i32* %array_addr, align 4" [crypto_sort.c:30]   --->   Operation 45 'load' 'array_load' <Predicate = true> <Delay = 2.77> <Core = "RAM">   --->   Core 37 'RAM' <Latency = 1> <II = 1> <Delay = 2.77> <Storage> <Opcode : 'load' 'store'> <Ports = 2> <Width = 32> <Depth = 676> <RAM>
ST_4 : Operation 46 [1/2] (2.77ns)   --->   "%array_load_1 = load i32* %array_addr_1, align 4" [crypto_sort.c:30]   --->   Operation 46 'load' 'array_load_1' <Predicate = true> <Delay = 2.77> <Core = "RAM">   --->   Core 37 'RAM' <Latency = 1> <II = 1> <Delay = 2.77> <Storage> <Opcode : 'load' 'store'> <Ports = 2> <Width = 32> <Depth = 676> <RAM>

State 5 <SV = 4> <Delay = 6.57>
ST_5 : Operation 47 [1/1] (0.80ns)   --->   "%ab = xor i32 %array_load_1, %array_load" [crypto_sort.c:30]   --->   Operation 47 'xor' 'ab' <Predicate = true> <Delay = 0.80> <Core = "LogicGate">   --->   Core 27 'LogicGate' <Latency = 0> <II = 1> <Delay = 0.80> <FuncUnit> <Opcode : 'and' 'or' 'xor'> <InPorts = 2> <OutPorts = 1>
ST_5 : Operation 48 [1/1] (2.18ns)   --->   "%c = sub nsw i32 %array_load, %array_load_1" [crypto_sort.c:30]   --->   Operation 48 'sub' 'c' <Predicate = true> <Delay = 2.18> <Core = "AddSub">   --->   Core 14 'AddSub' <Latency = 0> <II = 1> <Delay = 2.18> <FuncUnit> <Opcode : 'add' 'sub'> <InPorts = 2> <OutPorts = 1>
ST_5 : Operation 49 [1/1] (0.00ns) (grouped into LUT with out node c_7)   --->   "%tmp_244 = xor i32 %array_load, %c" [crypto_sort.c:30]   --->   Operation 49 'xor' 'tmp_244' <Predicate = true> <Delay = 0.00> <Core = "LogicGate">   --->   Core 27 'LogicGate' <Latency = 0> <II = 1> <Delay = 0.80> <FuncUnit> <Opcode : 'and' 'or' 'xor'> <InPorts = 2> <OutPorts = 1>
ST_5 : Operation 50 [1/1] (0.00ns) (grouped into LUT with out node c_7)   --->   "%tmp_245 = and i32 %tmp_244, %ab" [crypto_sort.c:30]   --->   Operation 50 'and' 'tmp_245' <Predicate = true> <Delay = 0.00> <Core = "LogicGate">   --->   Core 27 'LogicGate' <Latency = 0> <II = 1> <Delay = 0.80> <FuncUnit> <Opcode : 'and' 'or' 'xor'> <InPorts = 2> <OutPorts = 1>
ST_5 : Operation 51 [1/1] (0.00ns) (grouped into LUT with out node c_7)   --->   "%c_5 = xor i32 %tmp_245, %c" [crypto_sort.c:30]   --->   Operation 51 'xor' 'c_5' <Predicate = true> <Delay = 0.00> <Core = "LogicGate">   --->   Core 27 'LogicGate' <Latency = 0> <II = 1> <Delay = 0.80> <FuncUnit> <Opcode : 'and' 'or' 'xor'> <InPorts = 2> <OutPorts = 1>
ST_5 : Operation 52 [1/1] (0.00ns) (grouped into LUT with out node c_7)   --->   "%tmp_347 = call i1 @_ssdm_op_BitSelect.i1.i32.i32(i32 %c_5, i32 31)" [crypto_sort.c:30]   --->   Operation 52 'bitselect' 'tmp_347' <Predicate = true> <Delay = 0.00>
ST_5 : Operation 53 [1/1] (0.00ns) (grouped into LUT with out node c_7)   --->   "%c_6 = select i1 %tmp_347, i32 -1, i32 0" [crypto_sort.c:30]   --->   Operation 53 'select' 'c_6' <Predicate = true> <Delay = 0.00> <Core = "Sel">   --->   Core 26 'Sel' <Latency = 0> <II = 1> <Delay = 0.81> <FuncUnit> <Opcode : 'select'> <InPorts = 3> <OutPorts = 1>
ST_5 : Operation 54 [1/1] (0.81ns) (out node of the LUT)   --->   "%c_7 = and i32 %ab, %c_6" [crypto_sort.c:30]   --->   Operation 54 'and' 'c_7' <Predicate = true> <Delay = 0.81> <Core = "LogicGate">   --->   Core 27 'LogicGate' <Latency = 0> <II = 1> <Delay = 0.80> <FuncUnit> <Opcode : 'and' 'or' 'xor'> <InPorts = 2> <OutPorts = 1>
ST_5 : Operation 55 [1/1] (0.80ns)   --->   "%tmp_246 = xor i32 %array_load_1, %c_7" [crypto_sort.c:30]   --->   Operation 55 'xor' 'tmp_246' <Predicate = true> <Delay = 0.80> <Core = "LogicGate">   --->   Core 27 'LogicGate' <Latency = 0> <II = 1> <Delay = 0.80> <FuncUnit> <Opcode : 'and' 'or' 'xor'> <InPorts = 2> <OutPorts = 1>
ST_5 : Operation 56 [1/1] (2.77ns)   --->   "store i32 %tmp_246, i32* %array_addr_1, align 4" [crypto_sort.c:30]   --->   Operation 56 'store' <Predicate = true> <Delay = 2.77> <Core = "RAM">   --->   Core 37 'RAM' <Latency = 1> <II = 1> <Delay = 2.77> <Storage> <Opcode : 'load' 'store'> <Ports = 2> <Width = 32> <Depth = 676> <RAM>

State 6 <SV = 5> <Delay = 2.77>
ST_6 : Operation 57 [2/2] (2.77ns)   --->   "%array_load_2 = load i32* %array_addr, align 4" [crypto_sort.c:30]   --->   Operation 57 'load' 'array_load_2' <Predicate = true> <Delay = 2.77> <Core = "RAM">   --->   Core 37 'RAM' <Latency = 1> <II = 1> <Delay = 2.77> <Storage> <Opcode : 'load' 'store'> <Ports = 2> <Width = 32> <Depth = 676> <RAM>

State 7 <SV = 6> <Delay = 6.35>
ST_7 : Operation 58 [1/2] (2.77ns)   --->   "%array_load_2 = load i32* %array_addr, align 4" [crypto_sort.c:30]   --->   Operation 58 'load' 'array_load_2' <Predicate = (tmp_243)> <Delay = 2.77> <Core = "RAM">   --->   Core 37 'RAM' <Latency = 1> <II = 1> <Delay = 2.77> <Storage> <Opcode : 'load' 'store'> <Ports = 2> <Width = 32> <Depth = 676> <RAM>
ST_7 : Operation 59 [1/1] (0.80ns)   --->   "%tmp_247 = xor i32 %array_load_2, %c_7" [crypto_sort.c:30]   --->   Operation 59 'xor' 'tmp_247' <Predicate = (tmp_243)> <Delay = 0.80> <Core = "LogicGate">   --->   Core 27 'LogicGate' <Latency = 0> <II = 1> <Delay = 0.80> <FuncUnit> <Opcode : 'and' 'or' 'xor'> <InPorts = 2> <OutPorts = 1>
ST_7 : Operation 60 [1/1] (2.77ns)   --->   "store i32 %tmp_247, i32* %array_addr, align 4" [crypto_sort.c:30]   --->   Operation 60 'store' <Predicate = (tmp_243)> <Delay = 2.77> <Core = "RAM">   --->   Core 37 'RAM' <Latency = 1> <II = 1> <Delay = 2.77> <Storage> <Opcode : 'load' 'store'> <Ports = 2> <Width = 32> <Depth = 676> <RAM>
ST_7 : Operation 61 [1/1] (0.00ns)   --->   "br label %._crit_edge" [crypto_sort.c:30]   --->   Operation 61 'br' <Predicate = (tmp_243)> <Delay = 0.00>
ST_7 : Operation 62 [1/1] (0.00ns)   --->   "br label %.preheader1" [crypto_sort.c:28]   --->   Operation 62 'br' <Predicate = true> <Delay = 0.00>

State 8 <SV = 3> <Delay = 6.12>
ST_8 : Operation 63 [1/1] (0.00ns)   --->   "%r = phi i62 [ %tmp_77, %9 ], [ 512, %.preheader.preheader ]" [crypto_sort.c:32]   --->   Operation 63 'phi' 'r' <Predicate = true> <Delay = 0.00>
ST_8 : Operation 64 [1/1] (0.00ns)   --->   "%i_1 = phi i64 [ %i_41, %9 ], [ 0, %.preheader.preheader ]"   --->   Operation 64 'phi' 'i_1' <Predicate = true> <Delay = 0.00>
ST_8 : Operation 65 [1/1] (0.00ns)   --->   "%r_cast8 = zext i62 %r to i63" [crypto_sort.c:32]   --->   Operation 65 'zext' 'r_cast8' <Predicate = true> <Delay = 0.00>
ST_8 : Operation 66 [1/1] (2.34ns)   --->   "%tmp_248 = icmp ugt i62 %r, %p_cast_cast9" [crypto_sort.c:32]   --->   Operation 66 'icmp' 'tmp_248' <Predicate = true> <Delay = 2.34> <Core = "Cmp">   --->   Core 25 'Cmp' <Latency = 0> <II = 1> <Delay = 2.34> <FuncUnit> <Opcode : 'icmp'> <InPorts = 2> <OutPorts = 1>
ST_8 : Operation 67 [1/1] (0.00ns)   --->   "br i1 %tmp_248, label %2, label %10" [crypto_sort.c:32]   --->   Operation 67 'br' <Predicate = true> <Delay = 0.00>
ST_8 : Operation 68 [1/1] (2.94ns)   --->   "%tmp_249 = sub i63 676, %r_cast8" [crypto_sort.c:33]   --->   Operation 68 'sub' 'tmp_249' <Predicate = (tmp_248)> <Delay = 2.94> <Core = "AddSub">   --->   Core 14 'AddSub' <Latency = 0> <II = 1> <Delay = 2.18> <FuncUnit> <Opcode : 'add' 'sub'> <InPorts = 2> <OutPorts = 1>
ST_8 : Operation 69 [1/1] (0.00ns)   --->   "%tmp_253_cast = sext i63 %tmp_249 to i64" [crypto_sort.c:33]   --->   Operation 69 'sext' 'tmp_253_cast' <Predicate = (tmp_248)> <Delay = 0.00>
ST_8 : Operation 70 [1/1] (2.34ns)   --->   "%tmp_250 = icmp sgt i64 %i_1, %tmp_253_cast" [crypto_sort.c:33]   --->   Operation 70 'icmp' 'tmp_250' <Predicate = (tmp_248)> <Delay = 2.34> <Core = "Cmp">   --->   Core 25 'Cmp' <Latency = 0> <II = 1> <Delay = 2.34> <FuncUnit> <Opcode : 'icmp'> <InPorts = 2> <OutPorts = 1>
ST_8 : Operation 71 [1/1] (0.83ns)   --->   "%i_41 = select i1 %tmp_250, i64 %i_1, i64 %tmp_253_cast" [crypto_sort.c:33]   --->   Operation 71 'select' 'i_41' <Predicate = (tmp_248)> <Delay = 0.83> <Core = "Sel">   --->   Core 26 'Sel' <Latency = 0> <II = 1> <Delay = 0.81> <FuncUnit> <Opcode : 'select'> <InPorts = 3> <OutPorts = 1>
ST_8 : Operation 72 [1/1] (1.35ns)   --->   "br label %3" [crypto_sort.c:33]   --->   Operation 72 'br' <Predicate = (tmp_248)> <Delay = 1.35>
ST_8 : Operation 73 [1/1] (0.00ns)   --->   "%tmp_348 = call i59 @_ssdm_op_PartSelect.i59.i60.i32.i32(i60 %p, i32 1, i32 59)" [crypto_sort.c:27]   --->   Operation 73 'partselect' 'tmp_348' <Predicate = (!tmp_248)> <Delay = 0.00>
ST_8 : Operation 74 [1/1] (0.00ns)   --->   "%tmp_76 = zext i59 %tmp_348 to i60" [crypto_sort.c:27]   --->   Operation 74 'zext' 'tmp_76' <Predicate = (!tmp_248)> <Delay = 0.00>
ST_8 : Operation 75 [1/1] (0.00ns)   --->   "br label %.preheader2" [crypto_sort.c:27]   --->   Operation 75 'br' <Predicate = (!tmp_248)> <Delay = 0.00>

State 9 <SV = 4> <Delay = 4.53>
ST_9 : Operation 76 [1/1] (0.00ns)   --->   "%i_2 = phi i64 [ %i_1, %2 ], [ %tmp_258, %._crit_edge1 ]" [crypto_sort.c:33]   --->   Operation 76 'phi' 'i_2' <Predicate = true> <Delay = 0.00>
ST_9 : Operation 77 [1/1] (2.34ns)   --->   "%tmp_251 = icmp slt i64 %i_2, %tmp_253_cast" [crypto_sort.c:33]   --->   Operation 77 'icmp' 'tmp_251' <Predicate = true> <Delay = 2.34> <Core = "Cmp">   --->   Core 25 'Cmp' <Latency = 0> <II = 1> <Delay = 2.34> <FuncUnit> <Opcode : 'icmp'> <InPorts = 2> <OutPorts = 1>
ST_9 : Operation 78 [1/1] (0.00ns)   --->   "br i1 %tmp_251, label %4, label %9" [crypto_sort.c:33]   --->   Operation 78 'br' <Predicate = true> <Delay = 0.00>
ST_9 : Operation 79 [1/1] (0.00ns) (grouped into LUT with out node tmp_253)   --->   "%tmp_349 = trunc i64 %i_2 to i60" [crypto_sort.c:34]   --->   Operation 79 'trunc' 'tmp_349' <Predicate = (tmp_251)> <Delay = 0.00>
ST_9 : Operation 80 [1/1] (0.00ns) (grouped into LUT with out node tmp_253)   --->   "%tmp_252 = and i60 %tmp_349, %p" [crypto_sort.c:34]   --->   Operation 80 'and' 'tmp_252' <Predicate = (tmp_251)> <Delay = 0.00> <Core = "LogicGate">   --->   Core 27 'LogicGate' <Latency = 0> <II = 1> <Delay = 0.80> <FuncUnit> <Opcode : 'and' 'or' 'xor'> <InPorts = 2> <OutPorts = 1>
ST_9 : Operation 81 [1/1] (2.34ns) (out node of the LUT)   --->   "%tmp_253 = icmp eq i60 %tmp_252, 0" [crypto_sort.c:34]   --->   Operation 81 'icmp' 'tmp_253' <Predicate = (tmp_251)> <Delay = 2.34> <Core = "Cmp">   --->   Core 25 'Cmp' <Latency = 0> <II = 1> <Delay = 2.34> <FuncUnit> <Opcode : 'icmp'> <InPorts = 2> <OutPorts = 1>
ST_9 : Operation 82 [1/1] (0.00ns)   --->   "br i1 %tmp_253, label %5, label %._crit_edge1" [crypto_sort.c:34]   --->   Operation 82 'br' <Predicate = (tmp_251)> <Delay = 0.00>
ST_9 : Operation 83 [1/1] (0.00ns)   --->   "%tmp_351 = trunc i64 %i_2 to i11" [crypto_sort.c:33]   --->   Operation 83 'trunc' 'tmp_351' <Predicate = (tmp_251 & tmp_253)> <Delay = 0.00>
ST_9 : Operation 84 [1/1] (0.00ns)   --->   "%tmp_352 = trunc i60 %p to i11" [crypto_sort.c:27]   --->   Operation 84 'trunc' 'tmp_352' <Predicate = (tmp_251 & tmp_253)> <Delay = 0.00>
ST_9 : Operation 85 [1/1] (1.76ns)   --->   "%sum4 = add i11 %tmp_351, %tmp_352" [crypto_sort.c:35]   --->   Operation 85 'add' 'sum4' <Predicate = (tmp_251 & tmp_253)> <Delay = 1.76> <Core = "AddSub">   --->   Core 14 'AddSub' <Latency = 0> <II = 1> <Delay = 2.18> <FuncUnit> <Opcode : 'add' 'sub'> <InPorts = 2> <OutPorts = 1>
ST_9 : Operation 86 [1/1] (0.00ns)   --->   "%sum4_cast = zext i11 %sum4 to i64" [crypto_sort.c:35]   --->   Operation 86 'zext' 'sum4_cast' <Predicate = (tmp_251 & tmp_253)> <Delay = 0.00>
ST_9 : Operation 87 [1/1] (0.00ns)   --->   "%array_addr_2 = getelementptr [676 x i32]* %array_r, i64 0, i64 %sum4_cast" [crypto_sort.c:35]   --->   Operation 87 'getelementptr' 'array_addr_2' <Predicate = (tmp_251 & tmp_253)> <Delay = 0.00>
ST_9 : Operation 88 [2/2] (2.77ns)   --->   "%a = load i32* %array_addr_2, align 4" [crypto_sort.c:35]   --->   Operation 88 'load' 'a' <Predicate = (tmp_251 & tmp_253)> <Delay = 2.77> <Core = "RAM">   --->   Core 37 'RAM' <Latency = 1> <II = 1> <Delay = 2.77> <Storage> <Opcode : 'load' 'store'> <Ports = 2> <Width = 32> <Depth = 676> <RAM>
ST_9 : Operation 89 [1/1] (0.00ns)   --->   "%tmp_350 = call i61 @_ssdm_op_PartSelect.i61.i62.i32.i32(i62 %r, i32 1, i32 61)" [crypto_sort.c:32]   --->   Operation 89 'partselect' 'tmp_350' <Predicate = (!tmp_251)> <Delay = 0.00>
ST_9 : Operation 90 [1/1] (0.00ns)   --->   "%tmp_77 = zext i61 %tmp_350 to i62" [crypto_sort.c:32]   --->   Operation 90 'zext' 'tmp_77' <Predicate = (!tmp_251)> <Delay = 0.00>
ST_9 : Operation 91 [1/1] (0.00ns)   --->   "br label %.preheader" [crypto_sort.c:32]   --->   Operation 91 'br' <Predicate = (!tmp_251)> <Delay = 0.00>

State 10 <SV = 5> <Delay = 2.77>
ST_10 : Operation 92 [1/2] (2.77ns)   --->   "%a = load i32* %array_addr_2, align 4" [crypto_sort.c:35]   --->   Operation 92 'load' 'a' <Predicate = true> <Delay = 2.77> <Core = "RAM">   --->   Core 37 'RAM' <Latency = 1> <II = 1> <Delay = 2.77> <Storage> <Opcode : 'load' 'store'> <Ports = 2> <Width = 32> <Depth = 676> <RAM>
ST_10 : Operation 93 [1/1] (1.35ns)   --->   "br label %6" [crypto_sort.c:36]   --->   Operation 93 'br' <Predicate = true> <Delay = 1.35>

State 11 <SV = 6> <Delay = 4.53>
ST_11 : Operation 94 [1/1] (0.00ns)   --->   "%r4 = phi i62 [ %r, %5 ], [ %tmp_81, %7 ]"   --->   Operation 94 'phi' 'r4' <Predicate = (tmp_253)> <Delay = 0.00>
ST_11 : Operation 95 [1/1] (0.00ns)   --->   "%a1 = phi i32 [ %a, %5 ], [ %a_1, %7 ]"   --->   Operation 95 'phi' 'a1' <Predicate = (tmp_253)> <Delay = 0.00>
ST_11 : Operation 96 [1/1] (0.00ns)   --->   "%r4_cast = zext i62 %r4 to i63" [crypto_sort.c:36]   --->   Operation 96 'zext' 'r4_cast' <Predicate = (tmp_253)> <Delay = 0.00>
ST_11 : Operation 97 [1/1] (2.34ns)   --->   "%tmp_254 = icmp ugt i63 %r4_cast, %p_cast" [crypto_sort.c:36]   --->   Operation 97 'icmp' 'tmp_254' <Predicate = (tmp_253)> <Delay = 2.34> <Core = "Cmp">   --->   Core 25 'Cmp' <Latency = 0> <II = 1> <Delay = 2.34> <FuncUnit> <Opcode : 'icmp'> <InPorts = 2> <OutPorts = 1>
ST_11 : Operation 98 [1/1] (0.00ns)   --->   "br i1 %tmp_254, label %7, label %8" [crypto_sort.c:36]   --->   Operation 98 'br' <Predicate = (tmp_253)> <Delay = 0.00>
ST_11 : Operation 99 [1/1] (0.00ns)   --->   "%tmp_353 = trunc i62 %r4 to i11" [crypto_sort.c:36]   --->   Operation 99 'trunc' 'tmp_353' <Predicate = (tmp_253 & tmp_254)> <Delay = 0.00>
ST_11 : Operation 100 [1/1] (1.76ns)   --->   "%sum6 = add i11 %tmp_351, %tmp_353" [crypto_sort.c:37]   --->   Operation 100 'add' 'sum6' <Predicate = (tmp_253 & tmp_254)> <Delay = 1.76> <Core = "AddSub">   --->   Core 14 'AddSub' <Latency = 0> <II = 1> <Delay = 2.18> <FuncUnit> <Opcode : 'add' 'sub'> <InPorts = 2> <OutPorts = 1>
ST_11 : Operation 101 [1/1] (0.00ns)   --->   "%sum6_cast = zext i11 %sum6 to i64" [crypto_sort.c:37]   --->   Operation 101 'zext' 'sum6_cast' <Predicate = (tmp_253 & tmp_254)> <Delay = 0.00>
ST_11 : Operation 102 [1/1] (0.00ns)   --->   "%array_addr_3 = getelementptr [676 x i32]* %array_r, i64 0, i64 %sum6_cast" [crypto_sort.c:37]   --->   Operation 102 'getelementptr' 'array_addr_3' <Predicate = (tmp_253 & tmp_254)> <Delay = 0.00>
ST_11 : Operation 103 [2/2] (2.77ns)   --->   "%array_load_4 = load i32* %array_addr_3, align 4" [crypto_sort.c:37]   --->   Operation 103 'load' 'array_load_4' <Predicate = (tmp_253 & tmp_254)> <Delay = 2.77> <Core = "RAM">   --->   Core 37 'RAM' <Latency = 1> <II = 1> <Delay = 2.77> <Storage> <Opcode : 'load' 'store'> <Ports = 2> <Width = 32> <Depth = 676> <RAM>
ST_11 : Operation 104 [1/1] (0.00ns)   --->   "%tmp_355 = call i61 @_ssdm_op_PartSelect.i61.i62.i32.i32(i62 %r4, i32 1, i32 61)" [crypto_sort.c:36]   --->   Operation 104 'partselect' 'tmp_355' <Predicate = (tmp_253 & tmp_254)> <Delay = 0.00>
ST_11 : Operation 105 [1/1] (0.00ns)   --->   "%tmp_81 = zext i61 %tmp_355 to i62" [crypto_sort.c:36]   --->   Operation 105 'zext' 'tmp_81' <Predicate = (tmp_253 & tmp_254)> <Delay = 0.00>
ST_11 : Operation 106 [1/1] (2.77ns)   --->   "store i32 %a1, i32* %array_addr_2, align 4" [crypto_sort.c:38]   --->   Operation 106 'store' <Predicate = (tmp_253 & !tmp_254)> <Delay = 2.77> <Core = "RAM">   --->   Core 37 'RAM' <Latency = 1> <II = 1> <Delay = 2.77> <Storage> <Opcode : 'load' 'store'> <Ports = 2> <Width = 32> <Depth = 676> <RAM>
ST_11 : Operation 107 [1/1] (0.00ns)   --->   "br label %._crit_edge1" [crypto_sort.c:39]   --->   Operation 107 'br' <Predicate = (tmp_253 & !tmp_254)> <Delay = 0.00>
ST_11 : Operation 108 [1/1] (2.99ns)   --->   "%tmp_258 = add nsw i64 %i_2, 1" [crypto_sort.c:33]   --->   Operation 108 'add' 'tmp_258' <Predicate = (!tmp_254) | (!tmp_253)> <Delay = 2.99> <Core = "AddSub">   --->   Core 14 'AddSub' <Latency = 0> <II = 1> <Delay = 2.18> <FuncUnit> <Opcode : 'add' 'sub'> <InPorts = 2> <OutPorts = 1>
ST_11 : Operation 109 [1/1] (0.00ns)   --->   "br label %3" [crypto_sort.c:33]   --->   Operation 109 'br' <Predicate = (!tmp_254) | (!tmp_253)> <Delay = 0.00>

State 12 <SV = 7> <Delay = 6.57>
ST_12 : Operation 110 [1/2] (2.77ns)   --->   "%array_load_4 = load i32* %array_addr_3, align 4" [crypto_sort.c:37]   --->   Operation 110 'load' 'array_load_4' <Predicate = true> <Delay = 2.77> <Core = "RAM">   --->   Core 37 'RAM' <Latency = 1> <II = 1> <Delay = 2.77> <Storage> <Opcode : 'load' 'store'> <Ports = 2> <Width = 32> <Depth = 676> <RAM>
ST_12 : Operation 111 [1/1] (0.80ns)   --->   "%ab_1 = xor i32 %array_load_4, %a1" [crypto_sort.c:37]   --->   Operation 111 'xor' 'ab_1' <Predicate = true> <Delay = 0.80> <Core = "LogicGate">   --->   Core 27 'LogicGate' <Latency = 0> <II = 1> <Delay = 0.80> <FuncUnit> <Opcode : 'and' 'or' 'xor'> <InPorts = 2> <OutPorts = 1>
ST_12 : Operation 112 [1/1] (2.18ns)   --->   "%c_8 = sub nsw i32 %array_load_4, %a1" [crypto_sort.c:37]   --->   Operation 112 'sub' 'c_8' <Predicate = true> <Delay = 2.18> <Core = "AddSub">   --->   Core 14 'AddSub' <Latency = 0> <II = 1> <Delay = 2.18> <FuncUnit> <Opcode : 'add' 'sub'> <InPorts = 2> <OutPorts = 1>
ST_12 : Operation 113 [1/1] (0.00ns) (grouped into LUT with out node c_11)   --->   "%tmp_255 = xor i32 %array_load_4, %c_8" [crypto_sort.c:37]   --->   Operation 113 'xor' 'tmp_255' <Predicate = true> <Delay = 0.00> <Core = "LogicGate">   --->   Core 27 'LogicGate' <Latency = 0> <II = 1> <Delay = 0.80> <FuncUnit> <Opcode : 'and' 'or' 'xor'> <InPorts = 2> <OutPorts = 1>
ST_12 : Operation 114 [1/1] (0.00ns) (grouped into LUT with out node c_11)   --->   "%tmp_256 = and i32 %tmp_255, %ab_1" [crypto_sort.c:37]   --->   Operation 114 'and' 'tmp_256' <Predicate = true> <Delay = 0.00> <Core = "LogicGate">   --->   Core 27 'LogicGate' <Latency = 0> <II = 1> <Delay = 0.80> <FuncUnit> <Opcode : 'and' 'or' 'xor'> <InPorts = 2> <OutPorts = 1>
ST_12 : Operation 115 [1/1] (0.00ns) (grouped into LUT with out node c_11)   --->   "%c_9 = xor i32 %tmp_256, %c_8" [crypto_sort.c:37]   --->   Operation 115 'xor' 'c_9' <Predicate = true> <Delay = 0.00> <Core = "LogicGate">   --->   Core 27 'LogicGate' <Latency = 0> <II = 1> <Delay = 0.80> <FuncUnit> <Opcode : 'and' 'or' 'xor'> <InPorts = 2> <OutPorts = 1>
ST_12 : Operation 116 [1/1] (0.00ns) (grouped into LUT with out node c_11)   --->   "%tmp_354 = call i1 @_ssdm_op_BitSelect.i1.i32.i32(i32 %c_9, i32 31)" [crypto_sort.c:37]   --->   Operation 116 'bitselect' 'tmp_354' <Predicate = true> <Delay = 0.00>
ST_12 : Operation 117 [1/1] (0.00ns) (grouped into LUT with out node c_11)   --->   "%c_10 = select i1 %tmp_354, i32 -1, i32 0" [crypto_sort.c:37]   --->   Operation 117 'select' 'c_10' <Predicate = true> <Delay = 0.00> <Core = "Sel">   --->   Core 26 'Sel' <Latency = 0> <II = 1> <Delay = 0.81> <FuncUnit> <Opcode : 'select'> <InPorts = 3> <OutPorts = 1>
ST_12 : Operation 118 [1/1] (0.81ns) (out node of the LUT)   --->   "%c_11 = and i32 %ab_1, %c_10" [crypto_sort.c:37]   --->   Operation 118 'and' 'c_11' <Predicate = true> <Delay = 0.81> <Core = "LogicGate">   --->   Core 27 'LogicGate' <Latency = 0> <II = 1> <Delay = 0.80> <FuncUnit> <Opcode : 'and' 'or' 'xor'> <InPorts = 2> <OutPorts = 1>
ST_12 : Operation 119 [1/1] (0.80ns)   --->   "%a_1 = xor i32 %c_11, %a1" [crypto_sort.c:37]   --->   Operation 119 'xor' 'a_1' <Predicate = true> <Delay = 0.80> <Core = "LogicGate">   --->   Core 27 'LogicGate' <Latency = 0> <II = 1> <Delay = 0.80> <FuncUnit> <Opcode : 'and' 'or' 'xor'> <InPorts = 2> <OutPorts = 1>
ST_12 : Operation 120 [1/1] (0.80ns)   --->   "%tmp_257 = xor i32 %array_load_4, %c_11" [crypto_sort.c:37]   --->   Operation 120 'xor' 'tmp_257' <Predicate = true> <Delay = 0.80> <Core = "LogicGate">   --->   Core 27 'LogicGate' <Latency = 0> <II = 1> <Delay = 0.80> <FuncUnit> <Opcode : 'and' 'or' 'xor'> <InPorts = 2> <OutPorts = 1>

State 13 <SV = 8> <Delay = 2.77>
ST_13 : Operation 121 [1/1] (2.77ns)   --->   "store i32 %tmp_257, i32* %array_addr_3, align 4" [crypto_sort.c:37]   --->   Operation 121 'store' <Predicate = true> <Delay = 2.77> <Core = "RAM">   --->   Core 37 'RAM' <Latency = 1> <II = 1> <Delay = 2.77> <Storage> <Opcode : 'load' 'store'> <Ports = 2> <Width = 32> <Depth = 676> <RAM>
ST_13 : Operation 122 [1/1] (0.00ns)   --->   "br label %6" [crypto_sort.c:36]   --->   Operation 122 'br' <Predicate = true> <Delay = 0.00>


============================================================
+ Verbose Summary: Binding
============================================================
STG Binding: 
---------------- STG Properties BEGIN ----------------
- Is combinational: 0
- Is one-state seq: 0
- Is datapath-only: 0
- Is pipelined: 0
- Is top level: 0
Port [ Return ] is wired: 1; IO mode=ap_ctrl_hs:ce=0
Port [ array_r]:  wired=1; compound=1; hidden=0; nouse=0; global=0; static=0; extern=0; dir=2; type=1; pingpong=0; private_global=0; MemPort=[22]; IO mode=ap_memory:ce=0
---------------- STG Properties END ------------------

---------------- Datapath Model BEGIN ----------------

<LifeTime>
<method=bitvector/>
StgValue_14      (br               ) [ 01111111111111]
p                (phi              ) [ 00111111111111]
p_cast1          (zext             ) [ 00000000000000]
p_cast           (zext             ) [ 00011111111111]
p_cast_cast9     (zext             ) [ 00011111111111]
tmp              (icmp             ) [ 00111111111111]
empty            (speclooptripcount) [ 00000000000000]
StgValue_21      (br               ) [ 00000000000000]
tmp_s            (sub              ) [ 00011111000000]
StgValue_23      (br               ) [ 00111111111111]
StgValue_24      (ret              ) [ 00000000000000]
i                (phi              ) [ 00010000000000]
i_cast4          (zext             ) [ 00000000000000]
i_cast           (zext             ) [ 00000000000000]
i_cast_cast_cast (zext             ) [ 00000000000000]
tmp_241          (icmp             ) [ 00111111111111]
empty_82         (speclooptripcount) [ 00000000000000]
i_40             (add              ) [ 00111111111111]
StgValue_32      (br               ) [ 00000000000000]
tmp_345          (trunc            ) [ 00000000000000]
tmp_242          (and              ) [ 00000000000000]
tmp_243          (icmp             ) [ 00111111111111]
StgValue_36      (br               ) [ 00000000000000]
tmp_346          (trunc            ) [ 00000000000000]
sum              (add              ) [ 00000000000000]
sum_cast         (sext             ) [ 00000000000000]
array_addr       (getelementptr    ) [ 00001111000000]
array_addr_1     (getelementptr    ) [ 00001100000000]
StgValue_44      (br               ) [ 00111111111111]
array_load       (load             ) [ 00000100000000]
array_load_1     (load             ) [ 00000100000000]
ab               (xor              ) [ 00000000000000]
c                (sub              ) [ 00000000000000]
tmp_244          (xor              ) [ 00000000000000]
tmp_245          (and              ) [ 00000000000000]
c_5              (xor              ) [ 00000000000000]
tmp_347          (bitselect        ) [ 00000000000000]
c_6              (select           ) [ 00000000000000]
c_7              (and              ) [ 00110011111111]
tmp_246          (xor              ) [ 00000000000000]
StgValue_56      (store            ) [ 00000000000000]
array_load_2     (load             ) [ 00000000000000]
tmp_247          (xor              ) [ 00000000000000]
StgValue_60      (store            ) [ 00000000000000]
StgValue_61      (br               ) [ 00000000000000]
StgValue_62      (br               ) [ 00111111111111]
r                (phi              ) [ 00000000111111]
i_1              (phi              ) [ 00000000111111]
r_cast8          (zext             ) [ 00000000000000]
tmp_248          (icmp             ) [ 00111111111111]
StgValue_67      (br               ) [ 00000000000000]
tmp_249          (sub              ) [ 00000000000000]
tmp_253_cast     (sext             ) [ 00000000011111]
tmp_250          (icmp             ) [ 00000000000000]
i_41             (select           ) [ 00111111111111]
StgValue_72      (br               ) [ 00111111111111]
tmp_348          (partselect       ) [ 00000000000000]
tmp_76           (zext             ) [ 01111111111111]
StgValue_75      (br               ) [ 01111111111111]
i_2              (phi              ) [ 00000000011111]
tmp_251          (icmp             ) [ 00111111111111]
StgValue_78      (br               ) [ 00000000000000]
tmp_349          (trunc            ) [ 00000000000000]
tmp_252          (and              ) [ 00000000000000]
tmp_253          (icmp             ) [ 00111111111111]
StgValue_82      (br               ) [ 00000000000000]
tmp_351          (trunc            ) [ 00000000001111]
tmp_352          (trunc            ) [ 00000000000000]
sum4             (add              ) [ 00000000000000]
sum4_cast        (zext             ) [ 00000000000000]
array_addr_2     (getelementptr    ) [ 00000000001111]
tmp_350          (partselect       ) [ 00000000000000]
tmp_77           (zext             ) [ 00111111111111]
StgValue_91      (br               ) [ 00111111111111]
a                (load             ) [ 00111111111111]
StgValue_93      (br               ) [ 00111111111111]
r4               (phi              ) [ 00000000000100]
a1               (phi              ) [ 00111111110110]
r4_cast          (zext             ) [ 00000000000000]
tmp_254          (icmp             ) [ 00111111111111]
StgValue_98      (br               ) [ 00000000000000]
tmp_353          (trunc            ) [ 00000000000000]
sum6             (add              ) [ 00000000000000]
sum6_cast        (zext             ) [ 00000000000000]
array_addr_3     (getelementptr    ) [ 00000000000011]
tmp_355          (partselect       ) [ 00000000000000]
tmp_81           (zext             ) [ 00111111111111]
StgValue_106     (store            ) [ 00000000000000]
StgValue_107     (br               ) [ 00000000000000]
tmp_258          (add              ) [ 00111111111111]
StgValue_109     (br               ) [ 00111111111111]
array_load_4     (load             ) [ 00000000000000]
ab_1             (xor              ) [ 00000000000000]
c_8              (sub              ) [ 00000000000000]
tmp_255          (xor              ) [ 00000000000000]
tmp_256          (and              ) [ 00000000000000]
c_9              (xor              ) [ 00000000000000]
tmp_354          (bitselect        ) [ 00000000000000]
c_10             (select           ) [ 00000000000000]
c_11             (and              ) [ 00000000000000]
a_1              (xor              ) [ 00111111111101]
tmp_257          (xor              ) [ 00000000000001]
StgValue_121     (store            ) [ 00000000000000]
StgValue_122     (br               ) [ 00111111111111]
</LifeTime>

<model>

<comp_list>
<comp id="0" class="1000" name="array_r">
<pin_list>
<pin id="1" dir="1" index="0" bw="1" slack="0"/>
</pin_list>
<bind>
<StgValue><ssdm name="array_r"/><MemPortTyVec>2 2 </MemPortTyVec>
</StgValue>
</bind>
</comp>

<comp id="2" class="1001" name="const_2">
<pin_list>
<pin id="3" dir="1" index="0" bw="1" slack="1"/>
</pin_list>
<bind>
<StgValue><ssdm name=""/></StgValue>
</bind>
</comp>

<comp id="4" class="1001" name="const_4">
<pin_list>
<pin id="5" dir="1" index="0" bw="1" slack="0"/>
</pin_list>
<bind>
<StgValue><ssdm name=""/></StgValue>
</bind>
</comp>

<comp id="6" class="1001" name="const_6">
<pin_list>
<pin id="7" dir="1" index="0" bw="1" slack="2147483647"/>
</pin_list>
<bind>
<StgValue><ssdm name="_ssdm_op_SpecLoopTripCount"/></StgValue>
</bind>
</comp>

<comp id="8" class="1001" name="const_8">
<pin_list>
<pin id="9" dir="1" index="0" bw="1" slack="2147483647"/>
</pin_list>
<bind>
<StgValue><ssdm name=""/></StgValue>
</bind>
</comp>

<comp id="10" class="1001" name="const_10">
<pin_list>
<pin id="11" dir="1" index="0" bw="1" slack="0"/>
</pin_list>
<bind>
<StgValue><ssdm name=""/></StgValue>
</bind>
</comp>

<comp id="12" class="1001" name="const_12">
<pin_list>
<pin id="13" dir="1" index="0" bw="1" slack="0"/>
</pin_list>
<bind>
<StgValue><ssdm name=""/></StgValue>
</bind>
</comp>

<comp id="14" class="1001" name="const_14">
<pin_list>
<pin id="15" dir="1" index="0" bw="1" slack="0"/>
</pin_list>
<bind>
<StgValue><ssdm name=""/></StgValue>
</bind>
</comp>

<comp id="16" class="1001" name="const_16">
<pin_list>
<pin id="17" dir="1" index="0" bw="1" slack="2147483647"/>
</pin_list>
<bind>
<StgValue><ssdm name=""/></StgValue>
</bind>
</comp>

<comp id="18" class="1001" name="const_18">
<pin_list>
<pin id="19" dir="1" index="0" bw="1" slack="0"/>
</pin_list>
<bind>
<StgValue><ssdm name=""/></StgValue>
</bind>
</comp>

<comp id="20" class="1001" name="const_20">
<pin_list>
<pin id="21" dir="1" index="0" bw="1" slack="0"/>
</pin_list>
<bind>
<StgValue><ssdm name="_ssdm_op_BitSelect.i1.i32.i32"/></StgValue>
</bind>
</comp>

<comp id="22" class="1001" name="const_22">
<pin_list>
<pin id="23" dir="1" index="0" bw="1" slack="0"/>
</pin_list>
<bind>
<StgValue><ssdm name=""/></StgValue>
</bind>
</comp>

<comp id="24" class="1001" name="const_24">
<pin_list>
<pin id="25" dir="1" index="0" bw="1" slack="0"/>
</pin_list>
<bind>
<StgValue><ssdm name=""/></StgValue>
</bind>
</comp>

<comp id="26" class="1001" name="const_26">
<pin_list>
<pin id="27" dir="1" index="0" bw="1" slack="0"/>
</pin_list>
<bind>
<StgValue><ssdm name=""/></StgValue>
</bind>
</comp>

<comp id="28" class="1001" name="const_28">
<pin_list>
<pin id="29" dir="1" index="0" bw="1" slack="1"/>
</pin_list>
<bind>
<StgValue><ssdm name=""/></StgValue>
</bind>
</comp>

<comp id="30" class="1001" name="const_30">
<pin_list>
<pin id="31" dir="1" index="0" bw="1" slack="0"/>
</pin_list>
<bind>
<StgValue><ssdm name=""/></StgValue>
</bind>
</comp>

<comp id="32" class="1001" name="const_32">
<pin_list>
<pin id="33" dir="1" index="0" bw="1" slack="0"/>
</pin_list>
<bind>
<StgValue><ssdm name="_ssdm_op_PartSelect.i59.i60.i32.i32"/></StgValue>
</bind>
</comp>

<comp id="34" class="1001" name="const_34">
<pin_list>
<pin id="35" dir="1" index="0" bw="1" slack="0"/>
</pin_list>
<bind>
<StgValue><ssdm name=""/></StgValue>
</bind>
</comp>

<comp id="36" class="1001" name="const_36">
<pin_list>
<pin id="37" dir="1" index="0" bw="1" slack="0"/>
</pin_list>
<bind>
<StgValue><ssdm name=""/></StgValue>
</bind>
</comp>

<comp id="38" class="1001" name="const_38">
<pin_list>
<pin id="39" dir="1" index="0" bw="1" slack="0"/>
</pin_list>
<bind>
<StgValue><ssdm name="_ssdm_op_PartSelect.i61.i62.i32.i32"/></StgValue>
</bind>
</comp>

<comp id="40" class="1001" name="const_40">
<pin_list>
<pin id="41" dir="1" index="0" bw="1" slack="0"/>
</pin_list>
<bind>
<StgValue><ssdm name=""/></StgValue>
</bind>
</comp>

<comp id="42" class="1001" name="const_42">
<pin_list>
<pin id="43" dir="1" index="0" bw="1" slack="0"/>
</pin_list>
<bind>
<StgValue><ssdm name=""/></StgValue>
</bind>
</comp>

<comp id="44" class="1004" name="array_addr_gep_fu_44">
<pin_list>
<pin id="45" dir="0" index="0" bw="32" slack="0"/>
<pin id="46" dir="0" index="1" bw="1" slack="0"/>
<pin id="47" dir="0" index="2" bw="11" slack="0"/>
<pin id="48" dir="1" index="3" bw="10" slack="0"/>
</pin_list>
<bind>
<opcode="getelementptr(29) " fcode="getelementptr"/>
<opset="array_addr/3 "/>
</bind>
</comp>

<comp id="51" class="1004" name="grp_access_fu_51">
<pin_list>
<pin id="52" dir="0" index="0" bw="10" slack="0"/>
<pin id="53" dir="0" index="1" bw="32" slack="0"/>
<pin id="54" dir="0" index="2" bw="0" slack="0"/>
<pin id="64" dir="0" index="4" bw="10" slack="1"/>
<pin id="65" dir="0" index="5" bw="32" slack="2147483647"/>
<pin id="66" dir="0" index="6" bw="0" slack="2147483647"/>
<pin id="55" dir="1" index="3" bw="32" slack="0"/>
<pin id="67" dir="1" index="7" bw="32" slack="0"/>
</pin_list>
<bind>
<opcode="load(27) store(28) " fcode="store"/>
<opset="array_load/3 array_load_1/3 StgValue_56/5 array_load_2/6 StgValue_60/7 a/9 array_load_4/11 StgValue_106/11 StgValue_121/13 "/>
</bind>
</comp>

<comp id="57" class="1004" name="array_addr_1_gep_fu_57">
<pin_list>
<pin id="58" dir="0" index="0" bw="32" slack="0"/>
<pin id="59" dir="0" index="1" bw="1" slack="0"/>
<pin id="60" dir="0" index="2" bw="10" slack="0"/>
<pin id="61" dir="1" index="3" bw="10" slack="0"/>
</pin_list>
<bind>
<opcode="getelementptr(29) " fcode="getelementptr"/>
<opset="array_addr_1/3 "/>
</bind>
</comp>

<comp id="69" class="1004" name="array_addr_2_gep_fu_69">
<pin_list>
<pin id="70" dir="0" index="0" bw="32" slack="0"/>
<pin id="71" dir="0" index="1" bw="1" slack="0"/>
<pin id="72" dir="0" index="2" bw="11" slack="0"/>
<pin id="73" dir="1" index="3" bw="10" slack="0"/>
</pin_list>
<bind>
<opcode="getelementptr(29) " fcode="getelementptr"/>
<opset="array_addr_2/9 "/>
</bind>
</comp>

<comp id="77" class="1004" name="array_addr_3_gep_fu_77">
<pin_list>
<pin id="78" dir="0" index="0" bw="32" slack="0"/>
<pin id="79" dir="0" index="1" bw="1" slack="0"/>
<pin id="80" dir="0" index="2" bw="11" slack="0"/>
<pin id="81" dir="1" index="3" bw="10" slack="0"/>
</pin_list>
<bind>
<opcode="getelementptr(29) " fcode="getelementptr"/>
<opset="array_addr_3/11 "/>
</bind>
</comp>

<comp id="85" class="1005" name="p_reg_85">
<pin_list>
<pin id="86" dir="0" index="0" bw="60" slack="1"/>
<pin id="87" dir="1" index="1" bw="60" slack="1"/>
</pin_list>
<bind>
<opset="p (phireg) "/>
</bind>
</comp>

<comp id="89" class="1004" name="p_phi_fu_89">
<pin_list>
<pin id="90" dir="0" index="0" bw="59" slack="1"/>
<pin id="91" dir="0" index="1" bw="0" slack="2147483647"/>
<pin id="92" dir="0" index="2" bw="11" slack="1"/>
<pin id="93" dir="0" index="3" bw="0" slack="2147483647"/>
<pin id="94" dir="1" index="4" bw="60" slack="0"/>
</pin_list>
<bind>
<opcode="phi(47) " fcode="phi"/>
<opset="p/2 "/>
</bind>
</comp>

<comp id="97" class="1005" name="i_reg_97">
<pin_list>
<pin id="98" dir="0" index="0" bw="10" slack="1"/>
<pin id="99" dir="1" index="1" bw="10" slack="1"/>
</pin_list>
<bind>
<opset="i (phireg) "/>
</bind>
</comp>

<comp id="101" class="1004" name="i_phi_fu_101">
<pin_list>
<pin id="102" dir="0" index="0" bw="10" slack="0"/>
<pin id="103" dir="0" index="1" bw="0" slack="2147483647"/>
<pin id="104" dir="0" index="2" bw="1" slack="1"/>
<pin id="105" dir="0" index="3" bw="0" slack="2147483647"/>
<pin id="106" dir="1" index="4" bw="10" slack="0"/>
</pin_list>
<bind>
<opcode="phi(47) " fcode="phi"/>
<opset="i/3 "/>
</bind>
</comp>

<comp id="108" class="1005" name="r_reg_108">
<pin_list>
<pin id="109" dir="0" index="0" bw="62" slack="1"/>
<pin id="110" dir="1" index="1" bw="62" slack="1"/>
</pin_list>
<bind>
<opset="r (phireg) "/>
</bind>
</comp>

<comp id="112" class="1004" name="r_phi_fu_112">
<pin_list>
<pin id="113" dir="0" index="0" bw="61" slack="1"/>
<pin id="114" dir="0" index="1" bw="0" slack="2147483647"/>
<pin id="115" dir="0" index="2" bw="11" slack="1"/>
<pin id="116" dir="0" index="3" bw="0" slack="2147483647"/>
<pin id="117" dir="1" index="4" bw="62" slack="0"/>
</pin_list>
<bind>
<opcode="phi(47) " fcode="phi"/>
<opset="r/8 "/>
</bind>
</comp>

<comp id="120" class="1005" name="i_1_reg_120">
<pin_list>
<pin id="121" dir="0" index="0" bw="64" slack="1"/>
<pin id="122" dir="1" index="1" bw="64" slack="1"/>
</pin_list>
<bind>
<opset="i_1 (phireg) "/>
</bind>
</comp>

<comp id="124" class="1004" name="i_1_phi_fu_124">
<pin_list>
<pin id="125" dir="0" index="0" bw="64" slack="0"/>
<pin id="126" dir="0" index="1" bw="0" slack="2147483647"/>
<pin id="127" dir="0" index="2" bw="1" slack="1"/>
<pin id="128" dir="0" index="3" bw="0" slack="2147483647"/>
<pin id="129" dir="1" index="4" bw="64" slack="0"/>
</pin_list>
<bind>
<opcode="phi(47) " fcode="phi"/>
<opset="i_1/8 "/>
</bind>
</comp>

<comp id="132" class="1005" name="i_2_reg_132">
<pin_list>
<pin id="133" dir="0" index="0" bw="64" slack="2"/>
<pin id="134" dir="1" index="1" bw="64" slack="2"/>
</pin_list>
<bind>
<opset="i_2 (phireg) "/>
</bind>
</comp>

<comp id="135" class="1004" name="i_2_phi_fu_135">
<pin_list>
<pin id="136" dir="0" index="0" bw="64" slack="1"/>
<pin id="137" dir="0" index="1" bw="0" slack="2147483647"/>
<pin id="138" dir="0" index="2" bw="64" slack="1"/>
<pin id="139" dir="0" index="3" bw="0" slack="2147483647"/>
<pin id="140" dir="1" index="4" bw="64" slack="0"/>
</pin_list>
<bind>
<opcode="phi(47) " fcode="phi"/>
<opset="i_2/9 "/>
</bind>
</comp>

<comp id="143" class="1005" name="r4_reg_143">
<pin_list>
<pin id="144" dir="0" index="0" bw="62" slack="2147483647"/>
<pin id="145" dir="1" index="1" bw="62" slack="2147483647"/>
</pin_list>
<bind>
<opset="r4 (phireg) "/>
</bind>
</comp>

<comp id="146" class="1004" name="r4_phi_fu_146">
<pin_list>
<pin id="147" dir="0" index="0" bw="62" slack="3"/>
<pin id="148" dir="0" index="1" bw="0" slack="2147483647"/>
<pin id="149" dir="0" index="2" bw="61" slack="0"/>
<pin id="150" dir="0" index="3" bw="0" slack="2147483647"/>
<pin id="151" dir="1" index="4" bw="62" slack="0"/>
</pin_list>
<bind>
<opcode="phi(47) " fcode="phi"/>
<opset="r4/11 "/>
</bind>
</comp>

<comp id="153" class="1005" name="a1_reg_153">
<pin_list>
<pin id="154" dir="0" index="0" bw="32" slack="1"/>
<pin id="155" dir="1" index="1" bw="32" slack="1"/>
</pin_list>
<bind>
<opset="a1 (phireg) "/>
</bind>
</comp>

<comp id="156" class="1004" name="a1_phi_fu_156">
<pin_list>
<pin id="157" dir="0" index="0" bw="32" slack="1"/>
<pin id="158" dir="0" index="1" bw="0" slack="2147483647"/>
<pin id="159" dir="0" index="2" bw="32" slack="1"/>
<pin id="160" dir="0" index="3" bw="0" slack="2147483647"/>
<pin id="161" dir="1" index="4" bw="32" slack="0"/>
</pin_list>
<bind>
<opcode="phi(47) " fcode="phi"/>
<opset="a1/11 "/>
</bind>
</comp>

<comp id="164" class="1004" name="p_cast1_fu_164">
<pin_list>
<pin id="165" dir="0" index="0" bw="60" slack="0"/>
<pin id="166" dir="1" index="1" bw="61" slack="0"/>
</pin_list>
<bind>
<opcode="zext(34) " fcode="zext"/>
<opset="p_cast1/2 "/>
</bind>
</comp>

<comp id="168" class="1004" name="p_cast_fu_168">
<pin_list>
<pin id="169" dir="0" index="0" bw="60" slack="0"/>
<pin id="170" dir="1" index="1" bw="63" slack="5"/>
</pin_list>
<bind>
<opcode="zext(34) " fcode="zext"/>
<opset="p_cast/2 "/>
</bind>
</comp>

<comp id="172" class="1004" name="p_cast_cast9_fu_172">
<pin_list>
<pin id="173" dir="0" index="0" bw="60" slack="0"/>
<pin id="174" dir="1" index="1" bw="62" slack="2"/>
</pin_list>
<bind>
<opcode="zext(34) " fcode="zext"/>
<opset="p_cast_cast9/2 "/>
</bind>
</comp>

<comp id="176" class="1004" name="tmp_fu_176">
<pin_list>
<pin id="177" dir="0" index="0" bw="60" slack="0"/>
<pin id="178" dir="0" index="1" bw="1" slack="0"/>
<pin id="179" dir="1" index="2" bw="1" slack="2147483647"/>
</pin_list>
<bind>
<opcode="icmp(45) " fcode="icmp"/>
<opset="tmp/2 "/>
</bind>
</comp>

<comp id="182" class="1004" name="tmp_s_fu_182">
<pin_list>
<pin id="183" dir="0" index="0" bw="11" slack="0"/>
<pin id="184" dir="0" index="1" bw="60" slack="0"/>
<pin id="185" dir="1" index="2" bw="61" slack="1"/>
</pin_list>
<bind>
<opcode="sub(10) " fcode="sub"/>
<opset="tmp_s/2 "/>
</bind>
</comp>

<comp id="188" class="1004" name="i_cast4_fu_188">
<pin_list>
<pin id="189" dir="0" index="0" bw="10" slack="0"/>
<pin id="190" dir="1" index="1" bw="11" slack="0"/>
</pin_list>
<bind>
<opcode="zext(34) " fcode="zext"/>
<opset="i_cast4/3 "/>
</bind>
</comp>

<comp id="192" class="1004" name="i_cast_fu_192">
<pin_list>
<pin id="193" dir="0" index="0" bw="10" slack="0"/>
<pin id="194" dir="1" index="1" bw="64" slack="0"/>
</pin_list>
<bind>
<opcode="zext(34) " fcode="zext"/>
<opset="i_cast/3 "/>
</bind>
</comp>

<comp id="197" class="1004" name="i_cast_cast_cast_fu_197">
<pin_list>
<pin id="198" dir="0" index="0" bw="10" slack="0"/>
<pin id="199" dir="1" index="1" bw="61" slack="0"/>
</pin_list>
<bind>
<opcode="zext(34) " fcode="zext"/>
<opset="i_cast_cast_cast/3 "/>
</bind>
</comp>

<comp id="201" class="1004" name="tmp_241_fu_201">
<pin_list>
<pin id="202" dir="0" index="0" bw="10" slack="0"/>
<pin id="203" dir="0" index="1" bw="61" slack="1"/>
<pin id="204" dir="1" index="2" bw="1" slack="2147483647"/>
</pin_list>
<bind>
<opcode="icmp(45) " fcode="icmp"/>
<opset="tmp_241/3 "/>
</bind>
</comp>

<comp id="206" class="1004" name="i_40_fu_206">
<pin_list>
<pin id="207" dir="0" index="0" bw="10" slack="0"/>
<pin id="208" dir="0" index="1" bw="1" slack="0"/>
<pin id="209" dir="1" index="2" bw="10" slack="0"/>
</pin_list>
<bind>
<opcode="add(8) " fcode="add"/>
<opset="i_40/3 "/>
</bind>
</comp>

<comp id="212" class="1004" name="tmp_345_fu_212">
<pin_list>
<pin id="213" dir="0" index="0" bw="60" slack="1"/>
<pin id="214" dir="1" index="1" bw="10" slack="0"/>
</pin_list>
<bind>
<opcode="trunc(33) " fcode="trunc"/>
<opset="tmp_345/3 "/>
</bind>
</comp>

<comp id="216" class="1004" name="tmp_242_fu_216">
<pin_list>
<pin id="217" dir="0" index="0" bw="10" slack="0"/>
<pin id="218" dir="0" index="1" bw="10" slack="0"/>
<pin id="219" dir="1" index="2" bw="10" slack="0"/>
</pin_list>
<bind>
<opcode="and(23) " fcode="and"/>
<opset="tmp_242/3 "/>
</bind>
</comp>

<comp id="222" class="1004" name="tmp_243_fu_222">
<pin_list>
<pin id="223" dir="0" index="0" bw="10" slack="0"/>
<pin id="224" dir="0" index="1" bw="1" slack="0"/>
<pin id="225" dir="1" index="2" bw="1" slack="4"/>
</pin_list>
<bind>
<opcode="icmp(45) " fcode="icmp"/>
<opset="tmp_243/3 "/>
</bind>
</comp>

<comp id="228" class="1004" name="tmp_346_fu_228">
<pin_list>
<pin id="229" dir="0" index="0" bw="60" slack="1"/>
<pin id="230" dir="1" index="1" bw="11" slack="0"/>
</pin_list>
<bind>
<opcode="trunc(33) " fcode="trunc"/>
<opset="tmp_346/3 "/>
</bind>
</comp>

<comp id="232" class="1004" name="sum_fu_232">
<pin_list>
<pin id="233" dir="0" index="0" bw="11" slack="0"/>
<pin id="234" dir="0" index="1" bw="10" slack="0"/>
<pin id="235" dir="1" index="2" bw="11" slack="0"/>
</pin_list>
<bind>
<opcode="add(8) " fcode="add"/>
<opset="sum/3 "/>
</bind>
</comp>

<comp id="238" class="1004" name="sum_cast_fu_238">
<pin_list>
<pin id="239" dir="0" index="0" bw="11" slack="0"/>
<pin id="240" dir="1" index="1" bw="64" slack="0"/>
</pin_list>
<bind>
<opcode="sext(35) " fcode="sext"/>
<opset="sum_cast/3 "/>
</bind>
</comp>

<comp id="243" class="1004" name="ab_fu_243">
<pin_list>
<pin id="244" dir="0" index="0" bw="32" slack="1"/>
<pin id="245" dir="0" index="1" bw="32" slack="1"/>
<pin id="246" dir="1" index="2" bw="32" slack="0"/>
</pin_list>
<bind>
<opcode="xor(25) " fcode="xor"/>
<opset="ab/5 "/>
</bind>
</comp>

<comp id="247" class="1004" name="c_fu_247">
<pin_list>
<pin id="248" dir="0" index="0" bw="32" slack="1"/>
<pin id="249" dir="0" index="1" bw="32" slack="1"/>
<pin id="250" dir="1" index="2" bw="32" slack="0"/>
</pin_list>
<bind>
<opcode="sub(10) " fcode="sub"/>
<opset="c/5 "/>
</bind>
</comp>

<comp id="251" class="1004" name="tmp_244_fu_251">
<pin_list>
<pin id="252" dir="0" index="0" bw="32" slack="1"/>
<pin id="253" dir="0" index="1" bw="32" slack="0"/>
<pin id="254" dir="1" index="2" bw="32" slack="0"/>
</pin_list>
<bind>
<opcode="xor(25) " fcode="xor"/>
<opset="tmp_244/5 "/>
</bind>
</comp>

<comp id="256" class="1004" name="tmp_245_fu_256">
<pin_list>
<pin id="257" dir="0" index="0" bw="32" slack="0"/>
<pin id="258" dir="0" index="1" bw="32" slack="0"/>
<pin id="259" dir="1" index="2" bw="32" slack="0"/>
</pin_list>
<bind>
<opcode="and(23) " fcode="and"/>
<opset="tmp_245/5 "/>
</bind>
</comp>

<comp id="262" class="1004" name="c_5_fu_262">
<pin_list>
<pin id="263" dir="0" index="0" bw="32" slack="0"/>
<pin id="264" dir="0" index="1" bw="32" slack="0"/>
<pin id="265" dir="1" index="2" bw="32" slack="0"/>
</pin_list>
<bind>
<opcode="xor(25) " fcode="xor"/>
<opset="c_5/5 "/>
</bind>
</comp>

<comp id="268" class="1004" name="tmp_347_fu_268">
<pin_list>
<pin id="269" dir="0" index="0" bw="1" slack="0"/>
<pin id="270" dir="0" index="1" bw="32" slack="0"/>
<pin id="271" dir="0" index="2" bw="6" slack="0"/>
<pin id="272" dir="1" index="3" bw="1" slack="0"/>
</pin_list>
<bind>
<opcode="bitselect(1000) " fcode="bitselect"/>
<opset="tmp_347/5 "/>
</bind>
</comp>

<comp id="276" class="1004" name="c_6_fu_276">
<pin_list>
<pin id="277" dir="0" index="0" bw="1" slack="0"/>
<pin id="278" dir="0" index="1" bw="1" slack="0"/>
<pin id="279" dir="0" index="2" bw="1" slack="0"/>
<pin id="280" dir="1" index="3" bw="32" slack="0"/>
</pin_list>
<bind>
<opcode="select(49) " fcode="select"/>
<opset="c_6/5 "/>
</bind>
</comp>

<comp id="284" class="1004" name="c_7_fu_284">
<pin_list>
<pin id="285" dir="0" index="0" bw="32" slack="0"/>
<pin id="286" dir="0" index="1" bw="32" slack="0"/>
<pin id="287" dir="1" index="2" bw="32" slack="0"/>
</pin_list>
<bind>
<opcode="and(23) " fcode="and"/>
<opset="c_7/5 "/>
</bind>
</comp>

<comp id="290" class="1004" name="tmp_246_fu_290">
<pin_list>
<pin id="291" dir="0" index="0" bw="32" slack="1"/>
<pin id="292" dir="0" index="1" bw="32" slack="0"/>
<pin id="293" dir="1" index="2" bw="32" slack="0"/>
</pin_list>
<bind>
<opcode="xor(25) " fcode="xor"/>
<opset="tmp_246/5 "/>
</bind>
</comp>

<comp id="296" class="1004" name="tmp_247_fu_296">
<pin_list>
<pin id="297" dir="0" index="0" bw="32" slack="0"/>
<pin id="298" dir="0" index="1" bw="32" slack="2"/>
<pin id="299" dir="1" index="2" bw="32" slack="0"/>
</pin_list>
<bind>
<opcode="xor(25) " fcode="xor"/>
<opset="tmp_247/7 "/>
</bind>
</comp>

<comp id="302" class="1004" name="r_cast8_fu_302">
<pin_list>
<pin id="303" dir="0" index="0" bw="62" slack="0"/>
<pin id="304" dir="1" index="1" bw="63" slack="0"/>
</pin_list>
<bind>
<opcode="zext(34) " fcode="zext"/>
<opset="r_cast8/8 "/>
</bind>
</comp>

<comp id="306" class="1004" name="tmp_248_fu_306">
<pin_list>
<pin id="307" dir="0" index="0" bw="62" slack="0"/>
<pin id="308" dir="0" index="1" bw="60" slack="2"/>
<pin id="309" dir="1" index="2" bw="1" slack="2147483647"/>
</pin_list>
<bind>
<opcode="icmp(45) " fcode="icmp"/>
<opset="tmp_248/8 "/>
</bind>
</comp>

<comp id="311" class="1004" name="tmp_249_fu_311">
<pin_list>
<pin id="312" dir="0" index="0" bw="11" slack="0"/>
<pin id="313" dir="0" index="1" bw="62" slack="0"/>
<pin id="314" dir="1" index="2" bw="63" slack="0"/>
</pin_list>
<bind>
<opcode="sub(10) " fcode="sub"/>
<opset="tmp_249/8 "/>
</bind>
</comp>

<comp id="317" class="1004" name="tmp_253_cast_fu_317">
<pin_list>
<pin id="318" dir="0" index="0" bw="63" slack="0"/>
<pin id="319" dir="1" index="1" bw="64" slack="0"/>
</pin_list>
<bind>
<opcode="sext(35) " fcode="sext"/>
<opset="tmp_253_cast/8 "/>
</bind>
</comp>

<comp id="321" class="1004" name="tmp_250_fu_321">
<pin_list>
<pin id="322" dir="0" index="0" bw="64" slack="0"/>
<pin id="323" dir="0" index="1" bw="63" slack="0"/>
<pin id="324" dir="1" index="2" bw="1" slack="0"/>
</pin_list>
<bind>
<opcode="icmp(45) " fcode="icmp"/>
<opset="tmp_250/8 "/>
</bind>
</comp>

<comp id="327" class="1004" name="i_41_fu_327">
<pin_list>
<pin id="328" dir="0" index="0" bw="1" slack="0"/>
<pin id="329" dir="0" index="1" bw="64" slack="0"/>
<pin id="330" dir="0" index="2" bw="63" slack="0"/>
<pin id="331" dir="1" index="3" bw="64" slack="0"/>
</pin_list>
<bind>
<opcode="select(49) " fcode="select"/>
<opset="i_41/8 "/>
</bind>
</comp>

<comp id="335" class="1004" name="tmp_348_fu_335">
<pin_list>
<pin id="336" dir="0" index="0" bw="59" slack="0"/>
<pin id="337" dir="0" index="1" bw="60" slack="2"/>
<pin id="338" dir="0" index="2" bw="1" slack="0"/>
<pin id="339" dir="0" index="3" bw="7" slack="0"/>
<pin id="340" dir="1" index="4" bw="59" slack="0"/>
</pin_list>
<bind>
<opcode="partselect(1002) " fcode="partselect"/>
<opset="tmp_348/8 "/>
</bind>
</comp>

<comp id="345" class="1004" name="tmp_76_fu_345">
<pin_list>
<pin id="346" dir="0" index="0" bw="59" slack="0"/>
<pin id="347" dir="1" index="1" bw="60" slack="1"/>
</pin_list>
<bind>
<opcode="zext(34) " fcode="zext"/>
<opset="tmp_76/8 "/>
</bind>
</comp>

<comp id="349" class="1004" name="tmp_251_fu_349">
<pin_list>
<pin id="350" dir="0" index="0" bw="64" slack="0"/>
<pin id="351" dir="0" index="1" bw="63" slack="1"/>
<pin id="352" dir="1" index="2" bw="1" slack="2147483647"/>
</pin_list>
<bind>
<opcode="icmp(45) " fcode="icmp"/>
<opset="tmp_251/9 "/>
</bind>
</comp>

<comp id="354" class="1004" name="tmp_349_fu_354">
<pin_list>
<pin id="355" dir="0" index="0" bw="64" slack="0"/>
<pin id="356" dir="1" index="1" bw="60" slack="0"/>
</pin_list>
<bind>
<opcode="trunc(33) " fcode="trunc"/>
<opset="tmp_349/9 "/>
</bind>
</comp>

<comp id="358" class="1004" name="tmp_252_fu_358">
<pin_list>
<pin id="359" dir="0" index="0" bw="60" slack="0"/>
<pin id="360" dir="0" index="1" bw="60" slack="3"/>
<pin id="361" dir="1" index="2" bw="60" slack="0"/>
</pin_list>
<bind>
<opcode="and(23) " fcode="and"/>
<opset="tmp_252/9 "/>
</bind>
</comp>

<comp id="364" class="1004" name="tmp_253_fu_364">
<pin_list>
<pin id="365" dir="0" index="0" bw="60" slack="0"/>
<pin id="366" dir="0" index="1" bw="1" slack="0"/>
<pin id="367" dir="1" index="2" bw="1" slack="2"/>
</pin_list>
<bind>
<opcode="icmp(45) " fcode="icmp"/>
<opset="tmp_253/9 "/>
</bind>
</comp>

<comp id="370" class="1004" name="tmp_351_fu_370">
<pin_list>
<pin id="371" dir="0" index="0" bw="64" slack="0"/>
<pin id="372" dir="1" index="1" bw="11" slack="0"/>
</pin_list>
<bind>
<opcode="trunc(33) " fcode="trunc"/>
<opset="tmp_351/9 "/>
</bind>
</comp>

<comp id="374" class="1004" name="tmp_352_fu_374">
<pin_list>
<pin id="375" dir="0" index="0" bw="60" slack="3"/>
<pin id="376" dir="1" index="1" bw="11" slack="0"/>
</pin_list>
<bind>
<opcode="trunc(33) " fcode="trunc"/>
<opset="tmp_352/9 "/>
</bind>
</comp>

<comp id="378" class="1004" name="sum4_fu_378">
<pin_list>
<pin id="379" dir="0" index="0" bw="11" slack="0"/>
<pin id="380" dir="0" index="1" bw="11" slack="0"/>
<pin id="381" dir="1" index="2" bw="11" slack="0"/>
</pin_list>
<bind>
<opcode="add(8) " fcode="add"/>
<opset="sum4/9 "/>
</bind>
</comp>

<comp id="384" class="1004" name="sum4_cast_fu_384">
<pin_list>
<pin id="385" dir="0" index="0" bw="11" slack="0"/>
<pin id="386" dir="1" index="1" bw="64" slack="0"/>
</pin_list>
<bind>
<opcode="zext(34) " fcode="zext"/>
<opset="sum4_cast/9 "/>
</bind>
</comp>

<comp id="389" class="1004" name="tmp_350_fu_389">
<pin_list>
<pin id="390" dir="0" index="0" bw="61" slack="0"/>
<pin id="391" dir="0" index="1" bw="62" slack="1"/>
<pin id="392" dir="0" index="2" bw="1" slack="0"/>
<pin id="393" dir="0" index="3" bw="7" slack="0"/>
<pin id="394" dir="1" index="4" bw="61" slack="0"/>
</pin_list>
<bind>
<opcode="partselect(1002) " fcode="partselect"/>
<opset="tmp_350/9 "/>
</bind>
</comp>

<comp id="399" class="1004" name="tmp_77_fu_399">
<pin_list>
<pin id="400" dir="0" index="0" bw="61" slack="0"/>
<pin id="401" dir="1" index="1" bw="62" slack="1"/>
</pin_list>
<bind>
<opcode="zext(34) " fcode="zext"/>
<opset="tmp_77/9 "/>
</bind>
</comp>

<comp id="403" class="1004" name="r4_cast_fu_403">
<pin_list>
<pin id="404" dir="0" index="0" bw="62" slack="0"/>
<pin id="405" dir="1" index="1" bw="63" slack="0"/>
</pin_list>
<bind>
<opcode="zext(34) " fcode="zext"/>
<opset="r4_cast/11 "/>
</bind>
</comp>

<comp id="407" class="1004" name="tmp_254_fu_407">
<pin_list>
<pin id="408" dir="0" index="0" bw="62" slack="0"/>
<pin id="409" dir="0" index="1" bw="60" slack="5"/>
<pin id="410" dir="1" index="2" bw="1" slack="2147483647"/>
</pin_list>
<bind>
<opcode="icmp(45) " fcode="icmp"/>
<opset="tmp_254/11 "/>
</bind>
</comp>

<comp id="412" class="1004" name="tmp_353_fu_412">
<pin_list>
<pin id="413" dir="0" index="0" bw="62" slack="0"/>
<pin id="414" dir="1" index="1" bw="11" slack="0"/>
</pin_list>
<bind>
<opcode="trunc(33) " fcode="trunc"/>
<opset="tmp_353/11 "/>
</bind>
</comp>

<comp id="416" class="1004" name="sum6_fu_416">
<pin_list>
<pin id="417" dir="0" index="0" bw="11" slack="2"/>
<pin id="418" dir="0" index="1" bw="11" slack="0"/>
<pin id="419" dir="1" index="2" bw="11" slack="0"/>
</pin_list>
<bind>
<opcode="add(8) " fcode="add"/>
<opset="sum6/11 "/>
</bind>
</comp>

<comp id="421" class="1004" name="sum6_cast_fu_421">
<pin_list>
<pin id="422" dir="0" index="0" bw="11" slack="0"/>
<pin id="423" dir="1" index="1" bw="64" slack="0"/>
</pin_list>
<bind>
<opcode="zext(34) " fcode="zext"/>
<opset="sum6_cast/11 "/>
</bind>
</comp>

<comp id="426" class="1004" name="tmp_355_fu_426">
<pin_list>
<pin id="427" dir="0" index="0" bw="61" slack="0"/>
<pin id="428" dir="0" index="1" bw="62" slack="0"/>
<pin id="429" dir="0" index="2" bw="1" slack="0"/>
<pin id="430" dir="0" index="3" bw="7" slack="0"/>
<pin id="431" dir="1" index="4" bw="61" slack="0"/>
</pin_list>
<bind>
<opcode="partselect(1002) " fcode="partselect"/>
<opset="tmp_355/11 "/>
</bind>
</comp>

<comp id="436" class="1004" name="tmp_81_fu_436">
<pin_list>
<pin id="437" dir="0" index="0" bw="61" slack="0"/>
<pin id="438" dir="1" index="1" bw="62" slack="0"/>
</pin_list>
<bind>
<opcode="zext(34) " fcode="zext"/>
<opset="tmp_81/11 "/>
</bind>
</comp>

<comp id="440" class="1004" name="tmp_258_fu_440">
<pin_list>
<pin id="441" dir="0" index="0" bw="64" slack="2"/>
<pin id="442" dir="0" index="1" bw="1" slack="0"/>
<pin id="443" dir="1" index="2" bw="64" slack="1"/>
</pin_list>
<bind>
<opcode="add(8) " fcode="add"/>
<opset="tmp_258/11 "/>
</bind>
</comp>

<comp id="446" class="1004" name="ab_1_fu_446">
<pin_list>
<pin id="447" dir="0" index="0" bw="32" slack="0"/>
<pin id="448" dir="0" index="1" bw="32" slack="1"/>
<pin id="449" dir="1" index="2" bw="32" slack="0"/>
</pin_list>
<bind>
<opcode="xor(25) " fcode="xor"/>
<opset="ab_1/12 "/>
</bind>
</comp>

<comp id="452" class="1004" name="c_8_fu_452">
<pin_list>
<pin id="453" dir="0" index="0" bw="32" slack="0"/>
<pin id="454" dir="0" index="1" bw="32" slack="1"/>
<pin id="455" dir="1" index="2" bw="32" slack="0"/>
</pin_list>
<bind>
<opcode="sub(10) " fcode="sub"/>
<opset="c_8/12 "/>
</bind>
</comp>

<comp id="458" class="1004" name="tmp_255_fu_458">
<pin_list>
<pin id="459" dir="0" index="0" bw="32" slack="0"/>
<pin id="460" dir="0" index="1" bw="32" slack="0"/>
<pin id="461" dir="1" index="2" bw="32" slack="0"/>
</pin_list>
<bind>
<opcode="xor(25) " fcode="xor"/>
<opset="tmp_255/12 "/>
</bind>
</comp>

<comp id="464" class="1004" name="tmp_256_fu_464">
<pin_list>
<pin id="465" dir="0" index="0" bw="32" slack="0"/>
<pin id="466" dir="0" index="1" bw="32" slack="0"/>
<pin id="467" dir="1" index="2" bw="32" slack="0"/>
</pin_list>
<bind>
<opcode="and(23) " fcode="and"/>
<opset="tmp_256/12 "/>
</bind>
</comp>

<comp id="470" class="1004" name="c_9_fu_470">
<pin_list>
<pin id="471" dir="0" index="0" bw="32" slack="0"/>
<pin id="472" dir="0" index="1" bw="32" slack="0"/>
<pin id="473" dir="1" index="2" bw="32" slack="0"/>
</pin_list>
<bind>
<opcode="xor(25) " fcode="xor"/>
<opset="c_9/12 "/>
</bind>
</comp>

<comp id="476" class="1004" name="tmp_354_fu_476">
<pin_list>
<pin id="477" dir="0" index="0" bw="1" slack="0"/>
<pin id="478" dir="0" index="1" bw="32" slack="0"/>
<pin id="479" dir="0" index="2" bw="6" slack="0"/>
<pin id="480" dir="1" index="3" bw="1" slack="0"/>
</pin_list>
<bind>
<opcode="bitselect(1000) " fcode="bitselect"/>
<opset="tmp_354/12 "/>
</bind>
</comp>

<comp id="484" class="1004" name="c_10_fu_484">
<pin_list>
<pin id="485" dir="0" index="0" bw="1" slack="0"/>
<pin id="486" dir="0" index="1" bw="1" slack="0"/>
<pin id="487" dir="0" index="2" bw="1" slack="0"/>
<pin id="488" dir="1" index="3" bw="32" slack="0"/>
</pin_list>
<bind>
<opcode="select(49) " fcode="select"/>
<opset="c_10/12 "/>
</bind>
</comp>

<comp id="492" class="1004" name="c_11_fu_492">
<pin_list>
<pin id="493" dir="0" index="0" bw="32" slack="0"/>
<pin id="494" dir="0" index="1" bw="32" slack="0"/>
<pin id="495" dir="1" index="2" bw="32" slack="0"/>
</pin_list>
<bind>
<opcode="and(23) " fcode="and"/>
<opset="c_11/12 "/>
</bind>
</comp>

<comp id="498" class="1004" name="a_1_fu_498">
<pin_list>
<pin id="499" dir="0" index="0" bw="32" slack="0"/>
<pin id="500" dir="0" index="1" bw="32" slack="1"/>
<pin id="501" dir="1" index="2" bw="32" slack="1"/>
</pin_list>
<bind>
<opcode="xor(25) " fcode="xor"/>
<opset="a_1/12 "/>
</bind>
</comp>

<comp id="504" class="1004" name="tmp_257_fu_504">
<pin_list>
<pin id="505" dir="0" index="0" bw="32" slack="0"/>
<pin id="506" dir="0" index="1" bw="32" slack="0"/>
<pin id="507" dir="1" index="2" bw="32" slack="1"/>
</pin_list>
<bind>
<opcode="xor(25) " fcode="xor"/>
<opset="tmp_257/12 "/>
</bind>
</comp>

<comp id="510" class="1005" name="p_cast_reg_510">
<pin_list>
<pin id="511" dir="0" index="0" bw="63" slack="5"/>
<pin id="512" dir="1" index="1" bw="63" slack="5"/>
</pin_list>
<bind>
<opset="p_cast "/>
</bind>
</comp>

<comp id="515" class="1005" name="p_cast_cast9_reg_515">
<pin_list>
<pin id="516" dir="0" index="0" bw="62" slack="2"/>
<pin id="517" dir="1" index="1" bw="62" slack="2"/>
</pin_list>
<bind>
<opset="p_cast_cast9 "/>
</bind>
</comp>

<comp id="523" class="1005" name="tmp_s_reg_523">
<pin_list>
<pin id="524" dir="0" index="0" bw="61" slack="1"/>
<pin id="525" dir="1" index="1" bw="61" slack="1"/>
</pin_list>
<bind>
<opset="tmp_s "/>
</bind>
</comp>

<comp id="531" class="1005" name="i_40_reg_531">
<pin_list>
<pin id="532" dir="0" index="0" bw="10" slack="0"/>
<pin id="533" dir="1" index="1" bw="10" slack="0"/>
</pin_list>
<bind>
<opset="i_40 "/>
</bind>
</comp>

<comp id="536" class="1005" name="tmp_243_reg_536">
<pin_list>
<pin id="537" dir="0" index="0" bw="1" slack="4"/>
<pin id="538" dir="1" index="1" bw="1" slack="2147483647"/>
</pin_list>
<bind>
<opset="tmp_243 "/>
</bind>
</comp>

<comp id="540" class="1005" name="array_addr_reg_540">
<pin_list>
<pin id="541" dir="0" index="0" bw="10" slack="1"/>
<pin id="542" dir="1" index="1" bw="10" slack="1"/>
</pin_list>
<bind>
<opset="array_addr "/>
</bind>
</comp>

<comp id="546" class="1005" name="array_addr_1_reg_546">
<pin_list>
<pin id="547" dir="0" index="0" bw="10" slack="1"/>
<pin id="548" dir="1" index="1" bw="10" slack="1"/>
</pin_list>
<bind>
<opset="array_addr_1 "/>
</bind>
</comp>

<comp id="552" class="1005" name="array_load_reg_552">
<pin_list>
<pin id="553" dir="0" index="0" bw="32" slack="1"/>
<pin id="554" dir="1" index="1" bw="32" slack="1"/>
</pin_list>
<bind>
<opset="array_load "/>
</bind>
</comp>

<comp id="559" class="1005" name="array_load_1_reg_559">
<pin_list>
<pin id="560" dir="0" index="0" bw="32" slack="1"/>
<pin id="561" dir="1" index="1" bw="32" slack="1"/>
</pin_list>
<bind>
<opset="array_load_1 "/>
</bind>
</comp>

<comp id="566" class="1005" name="c_7_reg_566">
<pin_list>
<pin id="567" dir="0" index="0" bw="32" slack="2"/>
<pin id="568" dir="1" index="1" bw="32" slack="2"/>
</pin_list>
<bind>
<opset="c_7 "/>
</bind>
</comp>

<comp id="574" class="1005" name="tmp_253_cast_reg_574">
<pin_list>
<pin id="575" dir="0" index="0" bw="64" slack="1"/>
<pin id="576" dir="1" index="1" bw="64" slack="1"/>
</pin_list>
<bind>
<opset="tmp_253_cast "/>
</bind>
</comp>

<comp id="579" class="1005" name="i_41_reg_579">
<pin_list>
<pin id="580" dir="0" index="0" bw="64" slack="0"/>
<pin id="581" dir="1" index="1" bw="64" slack="0"/>
</pin_list>
<bind>
<opset="i_41 "/>
</bind>
</comp>

<comp id="584" class="1005" name="tmp_76_reg_584">
<pin_list>
<pin id="585" dir="0" index="0" bw="60" slack="1"/>
<pin id="586" dir="1" index="1" bw="60" slack="1"/>
</pin_list>
<bind>
<opset="tmp_76 "/>
</bind>
</comp>

<comp id="592" class="1005" name="tmp_253_reg_592">
<pin_list>
<pin id="593" dir="0" index="0" bw="1" slack="2"/>
<pin id="594" dir="1" index="1" bw="1" slack="2147483647"/>
</pin_list>
<bind>
<opset="tmp_253 "/>
</bind>
</comp>

<comp id="596" class="1005" name="tmp_351_reg_596">
<pin_list>
<pin id="597" dir="0" index="0" bw="11" slack="2"/>
<pin id="598" dir="1" index="1" bw="11" slack="2"/>
</pin_list>
<bind>
<opset="tmp_351 "/>
</bind>
</comp>

<comp id="601" class="1005" name="array_addr_2_reg_601">
<pin_list>
<pin id="602" dir="0" index="0" bw="10" slack="1"/>
<pin id="603" dir="1" index="1" bw="10" slack="1"/>
</pin_list>
<bind>
<opset="array_addr_2 "/>
</bind>
</comp>

<comp id="607" class="1005" name="tmp_77_reg_607">
<pin_list>
<pin id="608" dir="0" index="0" bw="62" slack="1"/>
<pin id="609" dir="1" index="1" bw="62" slack="1"/>
</pin_list>
<bind>
<opset="tmp_77 "/>
</bind>
</comp>

<comp id="612" class="1005" name="a_reg_612">
<pin_list>
<pin id="613" dir="0" index="0" bw="32" slack="1"/>
<pin id="614" dir="1" index="1" bw="32" slack="1"/>
</pin_list>
<bind>
<opset="a "/>
</bind>
</comp>

<comp id="620" class="1005" name="array_addr_3_reg_620">
<pin_list>
<pin id="621" dir="0" index="0" bw="10" slack="1"/>
<pin id="622" dir="1" index="1" bw="10" slack="1"/>
</pin_list>
<bind>
<opset="array_addr_3 "/>
</bind>
</comp>

<comp id="626" class="1005" name="tmp_81_reg_626">
<pin_list>
<pin id="627" dir="0" index="0" bw="62" slack="0"/>
<pin id="628" dir="1" index="1" bw="62" slack="0"/>
</pin_list>
<bind>
<opset="tmp_81 "/>
</bind>
</comp>

<comp id="631" class="1005" name="tmp_258_reg_631">
<pin_list>
<pin id="632" dir="0" index="0" bw="64" slack="1"/>
<pin id="633" dir="1" index="1" bw="64" slack="1"/>
</pin_list>
<bind>
<opset="tmp_258 "/>
</bind>
</comp>

<comp id="636" class="1005" name="a_1_reg_636">
<pin_list>
<pin id="637" dir="0" index="0" bw="32" slack="1"/>
<pin id="638" dir="1" index="1" bw="32" slack="1"/>
</pin_list>
<bind>
<opset="a_1 "/>
</bind>
</comp>

<comp id="641" class="1005" name="tmp_257_reg_641">
<pin_list>
<pin id="642" dir="0" index="0" bw="32" slack="1"/>
<pin id="643" dir="1" index="1" bw="32" slack="1"/>
</pin_list>
<bind>
<opset="tmp_257 "/>
</bind>
</comp>

</comp_list>

<net_list>
<net id="49"><net_src comp="0" pin="0"/><net_sink comp="44" pin=0"/></net>

<net id="50"><net_src comp="14" pin="0"/><net_sink comp="44" pin=1"/></net>

<net id="56"><net_src comp="44" pin="3"/><net_sink comp="51" pin=0"/></net>

<net id="62"><net_src comp="0" pin="0"/><net_sink comp="57" pin=0"/></net>

<net id="63"><net_src comp="14" pin="0"/><net_sink comp="57" pin=1"/></net>

<net id="68"><net_src comp="57" pin="3"/><net_sink comp="51" pin=2"/></net>

<net id="74"><net_src comp="0" pin="0"/><net_sink comp="69" pin=0"/></net>

<net id="75"><net_src comp="14" pin="0"/><net_sink comp="69" pin=1"/></net>

<net id="76"><net_src comp="69" pin="3"/><net_sink comp="51" pin=2"/></net>

<net id="82"><net_src comp="0" pin="0"/><net_sink comp="77" pin=0"/></net>

<net id="83"><net_src comp="14" pin="0"/><net_sink comp="77" pin=1"/></net>

<net id="84"><net_src comp="77" pin="3"/><net_sink comp="51" pin=0"/></net>

<net id="88"><net_src comp="2" pin="0"/><net_sink comp="85" pin=0"/></net>

<net id="95"><net_src comp="85" pin="1"/><net_sink comp="89" pin=2"/></net>

<net id="96"><net_src comp="89" pin="4"/><net_sink comp="85" pin=0"/></net>

<net id="100"><net_src comp="12" pin="0"/><net_sink comp="97" pin=0"/></net>

<net id="107"><net_src comp="97" pin="1"/><net_sink comp="101" pin=2"/></net>

<net id="111"><net_src comp="28" pin="0"/><net_sink comp="108" pin=0"/></net>

<net id="118"><net_src comp="108" pin="1"/><net_sink comp="112" pin=2"/></net>

<net id="119"><net_src comp="112" pin="4"/><net_sink comp="108" pin=0"/></net>

<net id="123"><net_src comp="14" pin="0"/><net_sink comp="120" pin=0"/></net>

<net id="130"><net_src comp="120" pin="1"/><net_sink comp="124" pin=2"/></net>

<net id="131"><net_src comp="124" pin="4"/><net_sink comp="120" pin=0"/></net>

<net id="141"><net_src comp="120" pin="1"/><net_sink comp="135" pin=0"/></net>

<net id="142"><net_src comp="135" pin="4"/><net_sink comp="132" pin=0"/></net>

<net id="152"><net_src comp="108" pin="1"/><net_sink comp="146" pin=0"/></net>

<net id="162"><net_src comp="156" pin="4"/><net_sink comp="51" pin=1"/></net>

<net id="163"><net_src comp="156" pin="4"/><net_sink comp="153" pin=0"/></net>

<net id="167"><net_src comp="89" pin="4"/><net_sink comp="164" pin=0"/></net>

<net id="171"><net_src comp="89" pin="4"/><net_sink comp="168" pin=0"/></net>

<net id="175"><net_src comp="89" pin="4"/><net_sink comp="172" pin=0"/></net>

<net id="180"><net_src comp="89" pin="4"/><net_sink comp="176" pin=0"/></net>

<net id="181"><net_src comp="4" pin="0"/><net_sink comp="176" pin=1"/></net>

<net id="186"><net_src comp="10" pin="0"/><net_sink comp="182" pin=0"/></net>

<net id="187"><net_src comp="164" pin="1"/><net_sink comp="182" pin=1"/></net>

<net id="191"><net_src comp="101" pin="4"/><net_sink comp="188" pin=0"/></net>

<net id="195"><net_src comp="101" pin="4"/><net_sink comp="192" pin=0"/></net>

<net id="196"><net_src comp="192" pin="1"/><net_sink comp="57" pin=2"/></net>

<net id="200"><net_src comp="101" pin="4"/><net_sink comp="197" pin=0"/></net>

<net id="205"><net_src comp="197" pin="1"/><net_sink comp="201" pin=0"/></net>

<net id="210"><net_src comp="101" pin="4"/><net_sink comp="206" pin=0"/></net>

<net id="211"><net_src comp="18" pin="0"/><net_sink comp="206" pin=1"/></net>

<net id="215"><net_src comp="85" pin="1"/><net_sink comp="212" pin=0"/></net>

<net id="220"><net_src comp="101" pin="4"/><net_sink comp="216" pin=0"/></net>

<net id="221"><net_src comp="212" pin="1"/><net_sink comp="216" pin=1"/></net>

<net id="226"><net_src comp="216" pin="2"/><net_sink comp="222" pin=0"/></net>

<net id="227"><net_src comp="12" pin="0"/><net_sink comp="222" pin=1"/></net>

<net id="231"><net_src comp="85" pin="1"/><net_sink comp="228" pin=0"/></net>

<net id="236"><net_src comp="228" pin="1"/><net_sink comp="232" pin=0"/></net>

<net id="237"><net_src comp="188" pin="1"/><net_sink comp="232" pin=1"/></net>

<net id="241"><net_src comp="232" pin="2"/><net_sink comp="238" pin=0"/></net>

<net id="242"><net_src comp="238" pin="1"/><net_sink comp="44" pin=2"/></net>

<net id="255"><net_src comp="247" pin="2"/><net_sink comp="251" pin=1"/></net>

<net id="260"><net_src comp="251" pin="2"/><net_sink comp="256" pin=0"/></net>

<net id="261"><net_src comp="243" pin="2"/><net_sink comp="256" pin=1"/></net>

<net id="266"><net_src comp="256" pin="2"/><net_sink comp="262" pin=0"/></net>

<net id="267"><net_src comp="247" pin="2"/><net_sink comp="262" pin=1"/></net>

<net id="273"><net_src comp="20" pin="0"/><net_sink comp="268" pin=0"/></net>

<net id="274"><net_src comp="262" pin="2"/><net_sink comp="268" pin=1"/></net>

<net id="275"><net_src comp="22" pin="0"/><net_sink comp="268" pin=2"/></net>

<net id="281"><net_src comp="268" pin="3"/><net_sink comp="276" pin=0"/></net>

<net id="282"><net_src comp="24" pin="0"/><net_sink comp="276" pin=1"/></net>

<net id="283"><net_src comp="26" pin="0"/><net_sink comp="276" pin=2"/></net>

<net id="288"><net_src comp="243" pin="2"/><net_sink comp="284" pin=0"/></net>

<net id="289"><net_src comp="276" pin="3"/><net_sink comp="284" pin=1"/></net>

<net id="294"><net_src comp="284" pin="2"/><net_sink comp="290" pin=1"/></net>

<net id="295"><net_src comp="290" pin="2"/><net_sink comp="51" pin=1"/></net>

<net id="300"><net_src comp="51" pin="7"/><net_sink comp="296" pin=0"/></net>

<net id="301"><net_src comp="296" pin="2"/><net_sink comp="51" pin=1"/></net>

<net id="305"><net_src comp="112" pin="4"/><net_sink comp="302" pin=0"/></net>

<net id="310"><net_src comp="112" pin="4"/><net_sink comp="306" pin=0"/></net>

<net id="315"><net_src comp="30" pin="0"/><net_sink comp="311" pin=0"/></net>

<net id="316"><net_src comp="302" pin="1"/><net_sink comp="311" pin=1"/></net>

<net id="320"><net_src comp="311" pin="2"/><net_sink comp="317" pin=0"/></net>

<net id="325"><net_src comp="124" pin="4"/><net_sink comp="321" pin=0"/></net>

<net id="326"><net_src comp="317" pin="1"/><net_sink comp="321" pin=1"/></net>

<net id="332"><net_src comp="321" pin="2"/><net_sink comp="327" pin=0"/></net>

<net id="333"><net_src comp="124" pin="4"/><net_sink comp="327" pin=1"/></net>

<net id="334"><net_src comp="317" pin="1"/><net_sink comp="327" pin=2"/></net>

<net id="341"><net_src comp="32" pin="0"/><net_sink comp="335" pin=0"/></net>

<net id="342"><net_src comp="85" pin="1"/><net_sink comp="335" pin=1"/></net>

<net id="343"><net_src comp="34" pin="0"/><net_sink comp="335" pin=2"/></net>

<net id="344"><net_src comp="36" pin="0"/><net_sink comp="335" pin=3"/></net>

<net id="348"><net_src comp="335" pin="4"/><net_sink comp="345" pin=0"/></net>

<net id="353"><net_src comp="135" pin="4"/><net_sink comp="349" pin=0"/></net>

<net id="357"><net_src comp="135" pin="4"/><net_sink comp="354" pin=0"/></net>

<net id="362"><net_src comp="354" pin="1"/><net_sink comp="358" pin=0"/></net>

<net id="363"><net_src comp="85" pin="1"/><net_sink comp="358" pin=1"/></net>

<net id="368"><net_src comp="358" pin="2"/><net_sink comp="364" pin=0"/></net>

<net id="369"><net_src comp="4" pin="0"/><net_sink comp="364" pin=1"/></net>

<net id="373"><net_src comp="135" pin="4"/><net_sink comp="370" pin=0"/></net>

<net id="377"><net_src comp="85" pin="1"/><net_sink comp="374" pin=0"/></net>

<net id="382"><net_src comp="370" pin="1"/><net_sink comp="378" pin=0"/></net>

<net id="383"><net_src comp="374" pin="1"/><net_sink comp="378" pin=1"/></net>

<net id="387"><net_src comp="378" pin="2"/><net_sink comp="384" pin=0"/></net>

<net id="388"><net_src comp="384" pin="1"/><net_sink comp="69" pin=2"/></net>

<net id="395"><net_src comp="38" pin="0"/><net_sink comp="389" pin=0"/></net>

<net id="396"><net_src comp="108" pin="1"/><net_sink comp="389" pin=1"/></net>

<net id="397"><net_src comp="34" pin="0"/><net_sink comp="389" pin=2"/></net>

<net id="398"><net_src comp="40" pin="0"/><net_sink comp="389" pin=3"/></net>

<net id="402"><net_src comp="389" pin="4"/><net_sink comp="399" pin=0"/></net>

<net id="406"><net_src comp="146" pin="4"/><net_sink comp="403" pin=0"/></net>

<net id="411"><net_src comp="403" pin="1"/><net_sink comp="407" pin=0"/></net>

<net id="415"><net_src comp="146" pin="4"/><net_sink comp="412" pin=0"/></net>

<net id="420"><net_src comp="412" pin="1"/><net_sink comp="416" pin=1"/></net>

<net id="424"><net_src comp="416" pin="2"/><net_sink comp="421" pin=0"/></net>

<net id="425"><net_src comp="421" pin="1"/><net_sink comp="77" pin=2"/></net>

<net id="432"><net_src comp="38" pin="0"/><net_sink comp="426" pin=0"/></net>

<net id="433"><net_src comp="146" pin="4"/><net_sink comp="426" pin=1"/></net>

<net id="434"><net_src comp="34" pin="0"/><net_sink comp="426" pin=2"/></net>

<net id="435"><net_src comp="40" pin="0"/><net_sink comp="426" pin=3"/></net>

<net id="439"><net_src comp="426" pin="4"/><net_sink comp="436" pin=0"/></net>

<net id="444"><net_src comp="132" pin="1"/><net_sink comp="440" pin=0"/></net>

<net id="445"><net_src comp="42" pin="0"/><net_sink comp="440" pin=1"/></net>

<net id="450"><net_src comp="51" pin="3"/><net_sink comp="446" pin=0"/></net>

<net id="451"><net_src comp="153" pin="1"/><net_sink comp="446" pin=1"/></net>

<net id="456"><net_src comp="51" pin="3"/><net_sink comp="452" pin=0"/></net>

<net id="457"><net_src comp="153" pin="1"/><net_sink comp="452" pin=1"/></net>

<net id="462"><net_src comp="51" pin="3"/><net_sink comp="458" pin=0"/></net>

<net id="463"><net_src comp="452" pin="2"/><net_sink comp="458" pin=1"/></net>

<net id="468"><net_src comp="458" pin="2"/><net_sink comp="464" pin=0"/></net>

<net id="469"><net_src comp="446" pin="2"/><net_sink comp="464" pin=1"/></net>

<net id="474"><net_src comp="464" pin="2"/><net_sink comp="470" pin=0"/></net>

<net id="475"><net_src comp="452" pin="2"/><net_sink comp="470" pin=1"/></net>

<net id="481"><net_src comp="20" pin="0"/><net_sink comp="476" pin=0"/></net>

<net id="482"><net_src comp="470" pin="2"/><net_sink comp="476" pin=1"/></net>

<net id="483"><net_src comp="22" pin="0"/><net_sink comp="476" pin=2"/></net>

<net id="489"><net_src comp="476" pin="3"/><net_sink comp="484" pin=0"/></net>

<net id="490"><net_src comp="24" pin="0"/><net_sink comp="484" pin=1"/></net>

<net id="491"><net_src comp="26" pin="0"/><net_sink comp="484" pin=2"/></net>

<net id="496"><net_src comp="446" pin="2"/><net_sink comp="492" pin=0"/></net>

<net id="497"><net_src comp="484" pin="3"/><net_sink comp="492" pin=1"/></net>

<net id="502"><net_src comp="492" pin="2"/><net_sink comp="498" pin=0"/></net>

<net id="503"><net_src comp="153" pin="1"/><net_sink comp="498" pin=1"/></net>

<net id="508"><net_src comp="51" pin="3"/><net_sink comp="504" pin=0"/></net>

<net id="509"><net_src comp="492" pin="2"/><net_sink comp="504" pin=1"/></net>

<net id="513"><net_src comp="168" pin="1"/><net_sink comp="510" pin=0"/></net>

<net id="514"><net_src comp="510" pin="1"/><net_sink comp="407" pin=1"/></net>

<net id="518"><net_src comp="172" pin="1"/><net_sink comp="515" pin=0"/></net>

<net id="519"><net_src comp="515" pin="1"/><net_sink comp="306" pin=1"/></net>

<net id="526"><net_src comp="182" pin="2"/><net_sink comp="523" pin=0"/></net>

<net id="527"><net_src comp="523" pin="1"/><net_sink comp="201" pin=1"/></net>

<net id="534"><net_src comp="206" pin="2"/><net_sink comp="531" pin=0"/></net>

<net id="535"><net_src comp="531" pin="1"/><net_sink comp="101" pin=0"/></net>

<net id="539"><net_src comp="222" pin="2"/><net_sink comp="536" pin=0"/></net>

<net id="543"><net_src comp="44" pin="3"/><net_sink comp="540" pin=0"/></net>

<net id="544"><net_src comp="540" pin="1"/><net_sink comp="51" pin=0"/></net>

<net id="545"><net_src comp="540" pin="1"/><net_sink comp="51" pin=2"/></net>

<net id="549"><net_src comp="57" pin="3"/><net_sink comp="546" pin=0"/></net>

<net id="550"><net_src comp="546" pin="1"/><net_sink comp="51" pin=2"/></net>

<net id="551"><net_src comp="546" pin="1"/><net_sink comp="51" pin=0"/></net>

<net id="555"><net_src comp="51" pin="3"/><net_sink comp="552" pin=0"/></net>

<net id="556"><net_src comp="552" pin="1"/><net_sink comp="243" pin=1"/></net>

<net id="557"><net_src comp="552" pin="1"/><net_sink comp="247" pin=0"/></net>

<net id="558"><net_src comp="552" pin="1"/><net_sink comp="251" pin=0"/></net>

<net id="562"><net_src comp="51" pin="7"/><net_sink comp="559" pin=0"/></net>

<net id="563"><net_src comp="559" pin="1"/><net_sink comp="243" pin=0"/></net>

<net id="564"><net_src comp="559" pin="1"/><net_sink comp="247" pin=1"/></net>

<net id="565"><net_src comp="559" pin="1"/><net_sink comp="290" pin=0"/></net>

<net id="569"><net_src comp="284" pin="2"/><net_sink comp="566" pin=0"/></net>

<net id="570"><net_src comp="566" pin="1"/><net_sink comp="296" pin=1"/></net>

<net id="577"><net_src comp="317" pin="1"/><net_sink comp="574" pin=0"/></net>

<net id="578"><net_src comp="574" pin="1"/><net_sink comp="349" pin=1"/></net>

<net id="582"><net_src comp="327" pin="3"/><net_sink comp="579" pin=0"/></net>

<net id="583"><net_src comp="579" pin="1"/><net_sink comp="124" pin=0"/></net>

<net id="587"><net_src comp="345" pin="1"/><net_sink comp="584" pin=0"/></net>

<net id="588"><net_src comp="584" pin="1"/><net_sink comp="89" pin=0"/></net>

<net id="595"><net_src comp="364" pin="2"/><net_sink comp="592" pin=0"/></net>

<net id="599"><net_src comp="370" pin="1"/><net_sink comp="596" pin=0"/></net>

<net id="600"><net_src comp="596" pin="1"/><net_sink comp="416" pin=0"/></net>

<net id="604"><net_src comp="69" pin="3"/><net_sink comp="601" pin=0"/></net>

<net id="605"><net_src comp="601" pin="1"/><net_sink comp="51" pin=2"/></net>

<net id="606"><net_src comp="601" pin="1"/><net_sink comp="51" pin=0"/></net>

<net id="610"><net_src comp="399" pin="1"/><net_sink comp="607" pin=0"/></net>

<net id="611"><net_src comp="607" pin="1"/><net_sink comp="112" pin=0"/></net>

<net id="615"><net_src comp="51" pin="7"/><net_sink comp="612" pin=0"/></net>

<net id="616"><net_src comp="612" pin="1"/><net_sink comp="156" pin=0"/></net>

<net id="623"><net_src comp="77" pin="3"/><net_sink comp="620" pin=0"/></net>

<net id="624"><net_src comp="620" pin="1"/><net_sink comp="51" pin=0"/></net>

<net id="625"><net_src comp="620" pin="1"/><net_sink comp="51" pin=2"/></net>

<net id="629"><net_src comp="436" pin="1"/><net_sink comp="626" pin=0"/></net>

<net id="630"><net_src comp="626" pin="1"/><net_sink comp="146" pin=2"/></net>

<net id="634"><net_src comp="440" pin="2"/><net_sink comp="631" pin=0"/></net>

<net id="635"><net_src comp="631" pin="1"/><net_sink comp="135" pin=2"/></net>

<net id="639"><net_src comp="498" pin="2"/><net_sink comp="636" pin=0"/></net>

<net id="640"><net_src comp="636" pin="1"/><net_sink comp="156" pin=2"/></net>

<net id="644"><net_src comp="504" pin="2"/><net_sink comp="641" pin=0"/></net>

<net id="645"><net_src comp="641" pin="1"/><net_sink comp="51" pin=4"/></net>

</net_list>

</model> 
---------------- Datapath Model END ------------------

* FSMD analyzer results:
  - Output states:
	Port: array_r | {5 7 11 13 }
 - Input state : 
	Port: crypto_sort : array_r | {3 4 6 7 9 10 11 12 }
  - Chain level:
	State 1
	State 2
		p_cast1 : 1
		p_cast : 1
		p_cast_cast9 : 1
		tmp : 1
		StgValue_21 : 2
		tmp_s : 2
	State 3
		i_cast4 : 1
		i_cast : 1
		i_cast_cast_cast : 1
		tmp_241 : 2
		i_40 : 1
		StgValue_32 : 3
		tmp_242 : 1
		tmp_243 : 1
		StgValue_36 : 2
		sum : 2
		sum_cast : 3
		array_addr : 4
		array_load : 5
		array_addr_1 : 2
		array_load_1 : 3
	State 4
	State 5
		tmp_244 : 1
		tmp_245 : 1
		c_5 : 1
		tmp_347 : 1
		c_6 : 2
		c_7 : 3
		tmp_246 : 3
		StgValue_56 : 3
	State 6
	State 7
		tmp_247 : 1
		StgValue_60 : 1
	State 8
		r_cast8 : 1
		tmp_248 : 1
		StgValue_67 : 2
		tmp_249 : 2
		tmp_253_cast : 3
		tmp_250 : 4
		i_41 : 5
		tmp_76 : 1
	State 9
		tmp_251 : 1
		StgValue_78 : 2
		tmp_349 : 1
		tmp_252 : 2
		tmp_253 : 2
		StgValue_82 : 3
		tmp_351 : 1
		sum4 : 2
		sum4_cast : 3
		array_addr_2 : 4
		a : 5
		tmp_77 : 1
	State 10
	State 11
		r4_cast : 1
		tmp_254 : 2
		StgValue_98 : 3
		tmp_353 : 1
		sum6 : 2
		sum6_cast : 3
		array_addr_3 : 4
		array_load_4 : 5
		tmp_355 : 1
		tmp_81 : 2
		StgValue_106 : 1
	State 12
		ab_1 : 1
		c_8 : 1
		tmp_255 : 2
		tmp_256 : 2
		c_9 : 2
		tmp_354 : 2
		c_10 : 3
		c_11 : 4
		a_1 : 4
		tmp_257 : 4
	State 13


============================================================
+ Verbose Summary: Datapath Resource usage 
============================================================

* Functional unit list:
|----------|-------------------------|---------|---------|
| Operation|     Functional Unit     |    FF   |   LUT   |
|----------|-------------------------|---------|---------|
|          |        ab_fu_243        |    0    |    32   |
|          |      tmp_244_fu_251     |    0    |    32   |
|          |        c_5_fu_262       |    0    |    32   |
|          |      tmp_246_fu_290     |    0    |    32   |
|    xor   |      tmp_247_fu_296     |    0    |    32   |
|          |       ab_1_fu_446       |    0    |    32   |
|          |      tmp_255_fu_458     |    0    |    32   |
|          |        c_9_fu_470       |    0    |    32   |
|          |        a_1_fu_498       |    0    |    32   |
|          |      tmp_257_fu_504     |    0    |    32   |
|----------|-------------------------|---------|---------|
|          |        tmp_fu_176       |    0    |    29   |
|          |      tmp_241_fu_201     |    0    |    29   |
|          |      tmp_243_fu_222     |    0    |    13   |
|   icmp   |      tmp_248_fu_306     |    0    |    29   |
|          |      tmp_250_fu_321     |    0    |    29   |
|          |      tmp_251_fu_349     |    0    |    29   |
|          |      tmp_253_fu_364     |    0    |    29   |
|          |      tmp_254_fu_407     |    0    |    29   |
|----------|-------------------------|---------|---------|
|          |       tmp_s_fu_182      |    0    |    67   |
|    sub   |         c_fu_247        |    0    |    39   |
|          |      tmp_249_fu_311     |    0    |    69   |
|          |        c_8_fu_452       |    0    |    39   |
|----------|-------------------------|---------|---------|
|          |      tmp_242_fu_216     |    0    |    10   |
|          |      tmp_245_fu_256     |    0    |    32   |
|    and   |        c_7_fu_284       |    0    |    32   |
|          |      tmp_252_fu_358     |    0    |    60   |
|          |      tmp_256_fu_464     |    0    |    32   |
|          |       c_11_fu_492       |    0    |    32   |
|----------|-------------------------|---------|---------|
|          |       i_40_fu_206       |    0    |    17   |
|          |        sum_fu_232       |    0    |    18   |
|    add   |       sum4_fu_378       |    0    |    18   |
|          |       sum6_fu_416       |    0    |    18   |
|          |      tmp_258_fu_440     |    0    |    71   |
|----------|-------------------------|---------|---------|
|          |        c_6_fu_276       |    0    |    2    |
|  select  |       i_41_fu_327       |    0    |    64   |
|          |       c_10_fu_484       |    0    |    2    |
|----------|-------------------------|---------|---------|
|          |      p_cast1_fu_164     |    0    |    0    |
|          |      p_cast_fu_168      |    0    |    0    |
|          |   p_cast_cast9_fu_172   |    0    |    0    |
|          |      i_cast4_fu_188     |    0    |    0    |
|          |      i_cast_fu_192      |    0    |    0    |
|          | i_cast_cast_cast_fu_197 |    0    |    0    |
|   zext   |      r_cast8_fu_302     |    0    |    0    |
|          |      tmp_76_fu_345      |    0    |    0    |
|          |     sum4_cast_fu_384    |    0    |    0    |
|          |      tmp_77_fu_399      |    0    |    0    |
|          |      r4_cast_fu_403     |    0    |    0    |
|          |     sum6_cast_fu_421    |    0    |    0    |
|          |      tmp_81_fu_436      |    0    |    0    |
|----------|-------------------------|---------|---------|
|          |      tmp_345_fu_212     |    0    |    0    |
|          |      tmp_346_fu_228     |    0    |    0    |
|   trunc  |      tmp_349_fu_354     |    0    |    0    |
|          |      tmp_351_fu_370     |    0    |    0    |
|          |      tmp_352_fu_374     |    0    |    0    |
|          |      tmp_353_fu_412     |    0    |    0    |
|----------|-------------------------|---------|---------|
|   sext   |     sum_cast_fu_238     |    0    |    0    |
|          |   tmp_253_cast_fu_317   |    0    |    0    |
|----------|-------------------------|---------|---------|
| bitselect|      tmp_347_fu_268     |    0    |    0    |
|          |      tmp_354_fu_476     |    0    |    0    |
|----------|-------------------------|---------|---------|
|          |      tmp_348_fu_335     |    0    |    0    |
|partselect|      tmp_350_fu_389     |    0    |    0    |
|          |      tmp_355_fu_426     |    0    |    0    |
|----------|-------------------------|---------|---------|
|   Total  |                         |    0    |   1158  |
|----------|-------------------------|---------|---------|

Memories:
N/A

* Register list:
+--------------------+--------+
|                    |   FF   |
+--------------------+--------+
|     a1_reg_153     |   32   |
|     a_1_reg_636    |   32   |
|      a_reg_612     |   32   |
|array_addr_1_reg_546|   10   |
|array_addr_2_reg_601|   10   |
|array_addr_3_reg_620|   10   |
| array_addr_reg_540 |   10   |
|array_load_1_reg_559|   32   |
| array_load_reg_552 |   32   |
|     c_7_reg_566    |   32   |
|     i_1_reg_120    |   64   |
|     i_2_reg_132    |   64   |
|    i_40_reg_531    |   10   |
|    i_41_reg_579    |   64   |
|      i_reg_97      |   10   |
|p_cast_cast9_reg_515|   62   |
|   p_cast_reg_510   |   63   |
|      p_reg_85      |   60   |
|     r4_reg_143     |   62   |
|      r_reg_108     |   62   |
|   tmp_243_reg_536  |    1   |
|tmp_253_cast_reg_574|   64   |
|   tmp_253_reg_592  |    1   |
|   tmp_257_reg_641  |   32   |
|   tmp_258_reg_631  |   64   |
|   tmp_351_reg_596  |   11   |
|   tmp_76_reg_584   |   60   |
|   tmp_77_reg_607   |   62   |
|   tmp_81_reg_626   |   62   |
|    tmp_s_reg_523   |   61   |
+--------------------+--------+
|        Total       |  1171  |
+--------------------+--------+

* Multiplexer (MUX) list: 
|------------------|------|------|------|--------||---------||---------|
|       Comp       |  Pin | Size |  BW  | S x BW ||  Delay  ||   LUT   |
|------------------|------|------|------|--------||---------||---------|
| grp_access_fu_51 |  p0  |   6  |  10  |   60   ||    33   |
| grp_access_fu_51 |  p1  |   3  |  32  |   96   ||    15   |
| grp_access_fu_51 |  p2  |   6  |   0  |    0   ||    33   |
|     p_reg_85     |  p0  |   2  |  60  |   120  ||    9    |
|     r_reg_108    |  p0  |   2  |  62  |   124  ||    9    |
|    i_1_reg_120   |  p0  |   2  |  64  |   128  ||    9    |
|------------------|------|------|------|--------||---------||---------|
|       Total      |      |      |      |   528  || 9.01575 ||   108   |
|------------------|------|------|------|--------||---------||---------|



* Summary:
+-----------+--------+--------+--------+
|           |  Delay |   FF   |   LUT  |
+-----------+--------+--------+--------+
|  Function |    -   |    0   |  1158  |
|   Memory  |    -   |    -   |    -   |
|Multiplexer|    9   |    -   |   108  |
|  Register |    -   |  1171  |    -   |
+-----------+--------+--------+--------+
|   Total   |    9   |  1171  |  1266  |
+-----------+--------+--------+--------+
