==============================================================
Vivado(TM) HLS - High-Level Synthesis from C, C++ and SystemC v2019.1 (64-bit)
Copyright 1986-2019 Xilinx, Inc. All Rights Reserved.
==============================================================
INFO: [SYN 201-201] Setting up clock 'default' with a period of 10ns.
INFO: [HLS 200-10] Setting target device to 'xc7a200t-fbg676-2'
INFO: [SIM 211-2] *************** CSIM start ***************
INFO: [SIM 211-4] CSIM will launch GCC as the compiler.
INFO: [SIM 211-1] CSim file generation done with 0 errors.
INFO: [SIM 211-3] *************** CSIM finish ***************
==============================================================
Vivado(TM) HLS - High-Level Synthesis from C, C++ and SystemC v2019.1 (64-bit)
Copyright 1986-2019 Xilinx, Inc. All Rights Reserved.
==============================================================
INFO: [SYN 201-201] Setting up clock 'default' with a period of 10ns.
INFO: [HLS 200-10] Setting target device to 'xc7a200t-fbg676-2'
INFO: [SCHED 204-61] Option 'relax_ii_for_timing' is enabled, will increase II to preserve clock frequency constraints.
INFO: [HLS 200-10] Analyzing design file 'aes.c' ... 
INFO: [HLS 200-10] Analyzing design file 'crypto_sort.c' ... 
INFO: [HLS 200-10] Analyzing design file 'fips202.c' ... 
INFO: [HLS 200-10] Analyzing design file 'kem.c' ... 
INFO: [HLS 200-10] Analyzing design file 'owcpa.c' ... 
INFO: [HLS 200-10] Analyzing design file 'pack3.c' ... 
INFO: [HLS 200-10] Analyzing design file 'packq.c' ... 
INFO: [HLS 200-10] Analyzing design file 'poly.c' ... 
INFO: [HLS 200-10] Analyzing design file 'rng.c' ... 
INFO: [HLS 200-10] Analyzing design file 'sample.c' ... 
INFO: [HLS 200-10] Analyzing design file 'verify.c' ... 
INFO: [HLS 200-111] Finished Linking Time (s): cpu = 00:00:02 ; elapsed = 00:00:43 . Memory (MB): peak = 184.797 ; gain = 93.430
INFO: [HLS 200-111] Finished Checking Pragmas Time (s): cpu = 00:00:02 ; elapsed = 00:00:43 . Memory (MB): peak = 184.797 ; gain = 93.430
INFO: [HLS 200-10] Starting code transformations ...
INFO: [HLS 200-111] Finished Standard Transforms Time (s): cpu = 00:00:07 ; elapsed = 00:00:48 . Memory (MB): peak = 184.797 ; gain = 93.430
INFO: [HLS 200-10] Checking synthesizability ...
INFO: [XFORM 203-602] Inlining function 'poly_Sq_frombytes' into 'poly_Rq_sum_zero_frombytes' (packq.c:33) automatically.
INFO: [XFORM 203-602] Inlining function 'mod3' into 'poly_Rq_to_S3' (poly.c:163) automatically.
INFO: [XFORM 203-602] Inlining function 'mod3' into 'poly_S3_mul' (poly.c:73) automatically.
INFO: [XFORM 203-602] Inlining function 'poly_Z3_to_Zq' into 'poly_lift' (poly.c:93) automatically.
INFO: [XFORM 203-602] Inlining function 'poly_Z3_to_Zq' into 'owcpa_dec' (owcpa.c:146) automatically.
INFO: [XFORM 203-602] Inlining function 'owcpa_check_m' into 'owcpa_dec' (owcpa.c:161) automatically.
INFO: [XFORM 203-602] Inlining function 'poly_lift' into 'owcpa_dec' (owcpa.c:165) automatically.
INFO: [XFORM 203-602] Inlining function 'poly_Sq_frombytes.1' into 'owcpa_dec' (owcpa.c:170) automatically.
INFO: [XFORM 203-602] Inlining function 'poly_Sq_mul' into 'owcpa_dec' (owcpa.c:171) automatically.
INFO: [XFORM 203-602] Inlining function 'owcpa_check_r' into 'owcpa_dec' (owcpa.c:184) automatically.
INFO: [XFORM 203-602] Inlining function 'poly_trinary_Zq_to_Z3' into 'owcpa_dec' (owcpa.c:186) automatically.
INFO: [XFORM 203-602] Inlining function 'load64.2' into 'keccak_absorb' (fips202.c:386) automatically.
INFO: [XFORM 203-602] Inlining function 'load64' into 'keccak_absorb' (fips202.c:400) automatically.
INFO: [XFORM 203-602] Inlining function 'store64' into 'keccak_squeezeblocks' (fips202.c:426) automatically.
INFO: [XFORM 203-602] Inlining function 'load64.1' into 'keccak_absorb.1' (fips202.c:386) automatically.
INFO: [XFORM 203-602] Inlining function 'load64' into 'keccak_absorb.1' (fips202.c:400) automatically.
INFO: [XFORM 203-602] Inlining function 'sha3_256.1' into 'crypto_kem_dec' (kem.c:47) automatically.
INFO: [XFORM 203-602] Inlining function 'sha3_256' into 'crypto_kem_dec' (kem.c:54) automatically.
INFO: [XFORM 203-602] Inlining function 'cmov' into 'crypto_kem_dec' (kem.c:56) automatically.
INFO: [HLS 200-111] Finished Checking Synthesizability Time (s): cpu = 00:00:11 ; elapsed = 00:00:52 . Memory (MB): peak = 184.797 ; gain = 93.430
INFO: [XFORM 203-502] Unrolling small iteration loop 'Loop-1' (fips202.c:421) in function 'keccak_squeezeblocks' automatically.
INFO: [HLS 200-489] Unrolling loop 'Loop-1' (fips202.c:421) in function 'keccak_squeezeblocks' completely with a factor of 1.
INFO: [XFORM 203-602] Inlining function 'poly_Sq_frombytes' into 'poly_Rq_sum_zero_frombytes' (packq.c:33) automatically.
INFO: [XFORM 203-602] Inlining function 'mod3' into 'poly_Rq_to_S3' (poly.c:163) automatically.
INFO: [XFORM 203-602] Inlining function 'mod3' into 'poly_S3_mul' (poly.c:73) automatically.
INFO: [XFORM 203-602] Inlining function 'poly_Z3_to_Zq' into 'poly_lift' (poly.c:93) automatically.
INFO: [XFORM 203-602] Inlining function 'poly_Z3_to_Zq' into 'owcpa_dec' (owcpa.c:146) automatically.
INFO: [XFORM 203-602] Inlining function 'owcpa_check_m' into 'owcpa_dec' (owcpa.c:161) automatically.
INFO: [XFORM 203-602] Inlining function 'poly_lift' into 'owcpa_dec' (owcpa.c:165) automatically.
INFO: [XFORM 203-602] Inlining function 'poly_Sq_frombytes.1' into 'owcpa_dec' (owcpa.c:170) automatically.
INFO: [XFORM 203-602] Inlining function 'poly_Sq_mul' into 'owcpa_dec' (owcpa.c:171) automatically.
INFO: [XFORM 203-602] Inlining function 'owcpa_check_r' into 'owcpa_dec' (owcpa.c:184) automatically.
INFO: [XFORM 203-602] Inlining function 'poly_trinary_Zq_to_Z3' into 'owcpa_dec' (owcpa.c:186) automatically.
INFO: [XFORM 203-602] Inlining function 'load64.2' into 'keccak_absorb' (fips202.c:386) automatically.
INFO: [XFORM 203-602] Inlining function 'load64' into 'keccak_absorb' (fips202.c:400) automatically.
INFO: [XFORM 203-602] Inlining function 'store64' into 'keccak_squeezeblocks' (fips202.c:426) automatically.
INFO: [XFORM 203-602] Inlining function 'keccak_squeezeblocks' into 'sha3_256.1' (fips202.c:519) automatically.
INFO: [XFORM 203-602] Inlining function 'load64.1' into 'keccak_absorb.1' (fips202.c:386) automatically.
INFO: [XFORM 203-602] Inlining function 'load64' into 'keccak_absorb.1' (fips202.c:400) automatically.
INFO: [XFORM 203-602] Inlining function 'keccak_squeezeblocks' into 'sha3_256' (fips202.c:519) automatically.
INFO: [XFORM 203-602] Inlining function 'cmov' into 'crypto_kem_dec' (kem.c:56) automatically.
WARNING: [XFORM 203-561] Updating loop upper bound from 135 to 38 for loop 'Loop-3' in function 'keccak_absorb.1'.
WARNING: [XFORM 203-561] Updating loop lower bound from 0 to 38 for loop 'Loop-3' in function 'keccak_absorb.1'.
WARNING: [XFORM 203-561] Updating loop upper bound from 135 to 56 for loop 'Loop-3' in function 'keccak_absorb'.
WARNING: [XFORM 203-561] Updating loop lower bound from 0 to 56 for loop 'Loop-3' in function 'keccak_absorb'.
INFO: [XFORM 203-11] Balancing expressions in function 'keccak_absorb.1' (fips202.c:28:22)...3 expression(s) balanced.
INFO: [XFORM 203-11] Balancing expressions in function 'KeccakF1600_StatePermute' (fips202.c:88)...70 expression(s) balanced.
INFO: [HLS 200-111] Finished Pre-synthesis Time (s): cpu = 00:00:16 ; elapsed = 00:00:58 . Memory (MB): peak = 184.797 ; gain = 93.430
WARNING: [XFORM 203-631] Renaming function 'poly_Rq_sum_zero_frombytes' to 'poly_Rq_sum_zero_fro' (packq.c:18:22)
WARNING: [XFORM 203-631] Renaming function 'KeccakF1600_StatePermute' to 'KeccakF1600_StatePer' (fips202.c:88:1)
INFO: [HLS 200-111] Finished Architecture Synthesis Time (s): cpu = 00:00:20 ; elapsed = 00:01:02 . Memory (MB): peak = 292.715 ; gain = 201.348
INFO: [HLS 200-10] Starting hardware synthesis ...
INFO: [HLS 200-10] Synthesizing 'crypto_kem_dec' ...
WARNING: [SYN 201-103] Legalizing function name 'sha3_256.1' to 'sha3_256_1'.
WARNING: [SYN 201-103] Legalizing function name 'keccak_absorb.1' to 'keccak_absorb_1'.
INFO: [HLS 200-10] ----------------------------------------------------------------
INFO: [HLS 200-42] -- Implementing module 'poly_Rq_sum_zero_fro' 
INFO: [HLS 200-10] ----------------------------------------------------------------
INFO: [SCHED 204-11] Starting scheduling ...
INFO: [SCHED 204-11] Finished scheduling.
INFO: [HLS 200-111]  Elapsed time: 62.146 seconds; current allocated memory: 239.270 MB.
INFO: [HLS 200-434] Only 0 loops out of a total 2 loops have been pipelined in this design.
INFO: [BIND 205-100] Starting micro-architecture generation ...
INFO: [BIND 205-101] Performing variable lifetime analysis.
INFO: [BIND 205-101] Exploring resource sharing.
INFO: [BIND 205-101] Binding ...
INFO: [BIND 205-100] Finished micro-architecture generation.
INFO: [HLS 200-111]  Elapsed time: 0.247 seconds; current allocated memory: 239.510 MB.
INFO: [HLS 200-10] ----------------------------------------------------------------
INFO: [HLS 200-42] -- Implementing module 'mod3' 
INFO: [HLS 200-10] ----------------------------------------------------------------
INFO: [SCHED 204-11] Starting scheduling ...
INFO: [SCHED 204-11] Finished scheduling.
INFO: [HLS 200-111]  Elapsed time: 0.318 seconds; current allocated memory: 239.610 MB.
INFO: [BIND 205-100] Starting micro-architecture generation ...
INFO: [BIND 205-101] Performing variable lifetime analysis.
INFO: [BIND 205-101] Exploring resource sharing.
INFO: [BIND 205-101] Binding ...
INFO: [BIND 205-100] Finished micro-architecture generation.
INFO: [HLS 200-111]  Elapsed time: 0.161 seconds; current allocated memory: 239.714 MB.
INFO: [HLS 200-10] ----------------------------------------------------------------
INFO: [HLS 200-42] -- Implementing module 'poly_S3_frombytes' 
INFO: [HLS 200-10] ----------------------------------------------------------------
INFO: [SCHED 204-11] Starting scheduling ...
INFO: [SCHED 204-11] Finished scheduling.
INFO: [HLS 200-111]  Elapsed time: 0.214 seconds; current allocated memory: 239.998 MB.
INFO: [BIND 205-100] Starting micro-architecture generation ...
INFO: [BIND 205-101] Performing variable lifetime analysis.
INFO: [BIND 205-101] Exploring resource sharing.
INFO: [BIND 205-101] Binding ...
INFO: [BIND 205-100] Finished micro-architecture generation.
INFO: [HLS 200-111]  Elapsed time: 0.342 seconds; current allocated memory: 240.189 MB.
INFO: [HLS 200-10] ----------------------------------------------------------------
INFO: [HLS 200-42] -- Implementing module 'poly_Rq_mul' 
INFO: [HLS 200-10] ----------------------------------------------------------------
INFO: [SCHED 204-11] Starting scheduling ...
WARNING: [SCHED 204-21] Estimated clock period (9.122ns) exceeds the target (target clock period: 10ns, clock uncertainty: 1.25ns, effective delay budget: 8.75ns).
WARNING: [SCHED 204-21] The critical path in module 'poly_Rq_mul' consists of the following:
	'mul' operation of DSP[36] ('mul_ln45', poly.c:45) [34]  (2.82 ns)
	'add' operation of DSP[36] ('add_ln45_1', poly.c:45) [36]  (3.53 ns)
	'store' operation ('r_coeffs_addr_write_ln45', poly.c:45) of variable 'add_ln45_1', poly.c:45 on array 'r_coeffs' [37]  (2.77 ns)
INFO: [SCHED 204-11] Finished scheduling.
INFO: [HLS 200-111]  Elapsed time: 0.36 seconds; current allocated memory: 240.414 MB.
INFO: [BIND 205-100] Starting micro-architecture generation ...
INFO: [BIND 205-101] Performing variable lifetime analysis.
INFO: [BIND 205-101] Exploring resource sharing.
INFO: [BIND 205-101] Binding ...
INFO: [BIND 205-100] Finished micro-architecture generation.
INFO: [HLS 200-111]  Elapsed time: 0.298 seconds; current allocated memory: 240.598 MB.
INFO: [HLS 200-10] ----------------------------------------------------------------
INFO: [HLS 200-42] -- Implementing module 'poly_Rq_to_S3' 
INFO: [HLS 200-10] ----------------------------------------------------------------
INFO: [SCHED 204-11] Starting scheduling ...
INFO: [SCHED 204-11] Finished scheduling.
INFO: [HLS 200-111]  Elapsed time: 0.238 seconds; current allocated memory: 240.878 MB.
INFO: [BIND 205-100] Starting micro-architecture generation ...
INFO: [BIND 205-101] Performing variable lifetime analysis.
INFO: [BIND 205-101] Exploring resource sharing.
INFO: [BIND 205-101] Binding ...
INFO: [BIND 205-100] Finished micro-architecture generation.
INFO: [HLS 200-111]  Elapsed time: 0.298 seconds; current allocated memory: 241.225 MB.
INFO: [HLS 200-10] ----------------------------------------------------------------
INFO: [HLS 200-42] -- Implementing module 'poly_S3_mul' 
INFO: [HLS 200-10] ----------------------------------------------------------------
INFO: [SCHED 204-11] Starting scheduling ...
WARNING: [SCHED 204-21] Estimated clock period (9.122ns) exceeds the target (target clock period: 10ns, clock uncertainty: 1.25ns, effective delay budget: 8.75ns).
WARNING: [SCHED 204-21] The critical path in module 'poly_S3_mul' consists of the following:
	'mul' operation of DSP[36] ('mul_ln68', poly.c:68) [34]  (2.82 ns)
	'add' operation of DSP[36] ('add_ln68_1', poly.c:68) [36]  (3.53 ns)
	'store' operation ('r_coeffs_addr_1_write_ln68', poly.c:68) of variable 'add_ln68_1', poly.c:68 on array 'r_coeffs' [37]  (2.77 ns)
INFO: [SCHED 204-11] Finished scheduling.
INFO: [HLS 200-111]  Elapsed time: 0.365 seconds; current allocated memory: 241.560 MB.
INFO: [BIND 205-100] Starting micro-architecture generation ...
INFO: [BIND 205-101] Performing variable lifetime analysis.
INFO: [BIND 205-101] Exploring resource sharing.
INFO: [BIND 205-101] Binding ...
INFO: [BIND 205-100] Finished micro-architecture generation.
INFO: [HLS 200-111]  Elapsed time: 0.286 seconds; current allocated memory: 241.944 MB.
INFO: [HLS 200-10] ----------------------------------------------------------------
INFO: [HLS 200-42] -- Implementing module 'poly_S3_tobytes' 
INFO: [HLS 200-10] ----------------------------------------------------------------
INFO: [SCHED 204-11] Starting scheduling ...
INFO: [SCHED 204-11] Finished scheduling.
INFO: [HLS 200-111]  Elapsed time: 0.349 seconds; current allocated memory: 242.085 MB.
INFO: [BIND 205-100] Starting micro-architecture generation ...
INFO: [BIND 205-101] Performing variable lifetime analysis.
INFO: [BIND 205-101] Exploring resource sharing.
INFO: [BIND 205-101] Binding ...
INFO: [BIND 205-100] Finished micro-architecture generation.
INFO: [HLS 200-111]  Elapsed time: 0.19 seconds; current allocated memory: 242.256 MB.
INFO: [HLS 200-10] ----------------------------------------------------------------
INFO: [HLS 200-42] -- Implementing module 'owcpa_dec' 
INFO: [HLS 200-10] ----------------------------------------------------------------
INFO: [SCHED 204-11] Starting scheduling ...
INFO: [SCHED 204-11] Finished scheduling.
INFO: [HLS 200-111]  Elapsed time: 0.299 seconds; current allocated memory: 242.817 MB.
INFO: [BIND 205-100] Starting micro-architecture generation ...
INFO: [BIND 205-101] Performing variable lifetime analysis.
INFO: [BIND 205-101] Exploring resource sharing.
INFO: [BIND 205-101] Binding ...
INFO: [BIND 205-100] Finished micro-architecture generation.
INFO: [HLS 200-111]  Elapsed time: 0.583 seconds; current allocated memory: 243.665 MB.
INFO: [HLS 200-10] ----------------------------------------------------------------
INFO: [HLS 200-42] -- Implementing module 'KeccakF1600_StatePer' 
INFO: [HLS 200-10] ----------------------------------------------------------------
INFO: [SCHED 204-11] Starting scheduling ...
INFO: [SCHED 204-11] Finished scheduling.
INFO: [HLS 200-111]  Elapsed time: 0.606 seconds; current allocated memory: 245.057 MB.
INFO: [BIND 205-100] Starting micro-architecture generation ...
INFO: [BIND 205-101] Performing variable lifetime analysis.
INFO: [BIND 205-101] Exploring resource sharing.
INFO: [BIND 205-101] Binding ...
INFO: [BIND 205-100] Finished micro-architecture generation.
INFO: [HLS 200-111]  Elapsed time: 0.51 seconds; current allocated memory: 246.691 MB.
INFO: [HLS 200-10] ----------------------------------------------------------------
INFO: [HLS 200-42] -- Implementing module 'keccak_absorb' 
INFO: [HLS 200-10] ----------------------------------------------------------------
INFO: [SCHED 204-11] Starting scheduling ...
INFO: [SCHED 204-11] Finished scheduling.
INFO: [HLS 200-111]  Elapsed time: 0.598 seconds; current allocated memory: 247.267 MB.
INFO: [BIND 205-100] Starting micro-architecture generation ...
INFO: [BIND 205-101] Performing variable lifetime analysis.
INFO: [BIND 205-101] Exploring resource sharing.
INFO: [BIND 205-101] Binding ...
INFO: [BIND 205-100] Finished micro-architecture generation.
INFO: [HLS 200-111]  Elapsed time: 0.379 seconds; current allocated memory: 247.673 MB.
INFO: [HLS 200-10] ----------------------------------------------------------------
INFO: [HLS 200-42] -- Implementing module 'sha3_256_1' 
INFO: [HLS 200-10] ----------------------------------------------------------------
INFO: [SCHED 204-11] Starting scheduling ...
INFO: [SCHED 204-11] Finished scheduling.
INFO: [HLS 200-111]  Elapsed time: 0.343 seconds; current allocated memory: 248.045 MB.
INFO: [BIND 205-100] Starting micro-architecture generation ...
INFO: [BIND 205-101] Performing variable lifetime analysis.
INFO: [BIND 205-101] Exploring resource sharing.
INFO: [BIND 205-101] Binding ...
INFO: [BIND 205-100] Finished micro-architecture generation.
INFO: [HLS 200-111]  Elapsed time: 0.458 seconds; current allocated memory: 248.675 MB.
INFO: [HLS 200-10] ----------------------------------------------------------------
INFO: [HLS 200-42] -- Implementing module 'keccak_absorb_1' 
INFO: [HLS 200-10] ----------------------------------------------------------------
INFO: [SCHED 204-11] Starting scheduling ...
INFO: [SCHED 204-11] Finished scheduling.
INFO: [HLS 200-111]  Elapsed time: 0.474 seconds; current allocated memory: 249.424 MB.
INFO: [BIND 205-100] Starting micro-architecture generation ...
INFO: [BIND 205-101] Performing variable lifetime analysis.
INFO: [BIND 205-101] Exploring resource sharing.
INFO: [BIND 205-101] Binding ...
INFO: [BIND 205-100] Finished micro-architecture generation.
INFO: [HLS 200-111]  Elapsed time: 0.35 seconds; current allocated memory: 249.834 MB.
INFO: [HLS 200-10] ----------------------------------------------------------------
INFO: [HLS 200-42] -- Implementing module 'sha3_256' 
INFO: [HLS 200-10] ----------------------------------------------------------------
INFO: [SCHED 204-11] Starting scheduling ...
INFO: [SCHED 204-11] Finished scheduling.
INFO: [HLS 200-111]  Elapsed time: 0.37 seconds; current allocated memory: 250.243 MB.
INFO: [BIND 205-100] Starting micro-architecture generation ...
INFO: [BIND 205-101] Performing variable lifetime analysis.
INFO: [BIND 205-101] Exploring resource sharing.
INFO: [BIND 205-101] Binding ...
INFO: [BIND 205-100] Finished micro-architecture generation.
INFO: [HLS 200-111]  Elapsed time: 0.5 seconds; current allocated memory: 250.867 MB.
INFO: [HLS 200-10] ----------------------------------------------------------------
INFO: [HLS 200-42] -- Implementing module 'crypto_kem_dec' 
INFO: [HLS 200-10] ----------------------------------------------------------------
INFO: [SCHED 204-11] Starting scheduling ...
INFO: [SCHED 204-11] Finished scheduling.
INFO: [HLS 200-111]  Elapsed time: 0.453 seconds; current allocated memory: 251.503 MB.
INFO: [BIND 205-100] Starting micro-architecture generation ...
INFO: [BIND 205-101] Performing variable lifetime analysis.
INFO: [BIND 205-101] Exploring resource sharing.
INFO: [BIND 205-101] Binding ...
INFO: [BIND 205-100] Finished micro-architecture generation.
INFO: [HLS 200-111]  Elapsed time: 0.956 seconds; current allocated memory: 252.598 MB.
INFO: [HLS 200-10] ----------------------------------------------------------------
INFO: [HLS 200-10] -- Generating RTL for module 'poly_Rq_sum_zero_fro' 
INFO: [HLS 200-10] ----------------------------------------------------------------
INFO: [RTGEN 206-100] Finished creating RTL model for 'poly_Rq_sum_zero_fro'.
INFO: [HLS 200-111]  Elapsed time: 1.031 seconds; current allocated memory: 254.176 MB.
INFO: [HLS 200-10] ----------------------------------------------------------------
INFO: [HLS 200-10] -- Generating RTL for module 'mod3' 
INFO: [HLS 200-10] ----------------------------------------------------------------
INFO: [RTGEN 206-100] Finished creating RTL model for 'mod3'.
INFO: [HLS 200-111]  Elapsed time: 0.522 seconds; current allocated memory: 254.535 MB.
INFO: [HLS 200-10] ----------------------------------------------------------------
INFO: [HLS 200-10] -- Generating RTL for module 'poly_S3_frombytes' 
INFO: [HLS 200-10] ----------------------------------------------------------------
INFO: [RTGEN 206-100] Finished creating RTL model for 'poly_S3_frombytes'.
INFO: [HLS 200-111]  Elapsed time: 0.351 seconds; current allocated memory: 254.944 MB.
INFO: [HLS 200-10] ----------------------------------------------------------------
INFO: [HLS 200-10] -- Generating RTL for module 'poly_Rq_mul' 
INFO: [HLS 200-10] ----------------------------------------------------------------
INFO: [SYN 201-210] Renamed object name 'crypto_kem_dec_mac_muladd_16s_16s_16ns_16_1_1' to 'crypto_kem_dec_mabkb' due to the length limit 20
INFO: [RTGEN 206-100] Generating core module 'crypto_kem_dec_mabkb': 2 instance(s).
INFO: [RTGEN 206-100] Finished creating RTL model for 'poly_Rq_mul'.
INFO: [HLS 200-111]  Elapsed time: 0.593 seconds; current allocated memory: 255.410 MB.
INFO: [HLS 200-10] ----------------------------------------------------------------
INFO: [HLS 200-10] -- Generating RTL for module 'poly_Rq_to_S3' 
INFO: [HLS 200-10] ----------------------------------------------------------------
INFO: [RTGEN 206-100] Finished creating RTL model for 'poly_Rq_to_S3'.
INFO: [HLS 200-111]  Elapsed time: 0.512 seconds; current allocated memory: 256.163 MB.
INFO: [HLS 200-10] ----------------------------------------------------------------
INFO: [HLS 200-10] -- Generating RTL for module 'poly_S3_mul' 
INFO: [HLS 200-10] ----------------------------------------------------------------
INFO: [RTGEN 206-100] Generating core module 'crypto_kem_dec_mabkb': 2 instance(s).
INFO: [RTGEN 206-100] Finished creating RTL model for 'poly_S3_mul'.
INFO: [HLS 200-111]  Elapsed time: 0.776 seconds; current allocated memory: 256.947 MB.
INFO: [HLS 200-10] ----------------------------------------------------------------
INFO: [HLS 200-10] -- Generating RTL for module 'poly_S3_tobytes' 
INFO: [HLS 200-10] ----------------------------------------------------------------
INFO: [RTGEN 206-100] Finished creating RTL model for 'poly_S3_tobytes'.
INFO: [HLS 200-111]  Elapsed time: 0.791 seconds; current allocated memory: 257.467 MB.
INFO: [HLS 200-10] ----------------------------------------------------------------
INFO: [HLS 200-10] -- Generating RTL for module 'owcpa_dec' 
INFO: [HLS 200-10] ----------------------------------------------------------------
INFO: [RTGEN 206-100] Finished creating RTL model for 'owcpa_dec'.
INFO: [HLS 200-111]  Elapsed time: 0.61 seconds; current allocated memory: 259.002 MB.
INFO: [HLS 200-10] ----------------------------------------------------------------
INFO: [HLS 200-10] -- Generating RTL for module 'KeccakF1600_StatePer' 
INFO: [HLS 200-10] ----------------------------------------------------------------
INFO: [SYN 201-210] Renamed object name 'KeccakF1600_StatePer_KeccakF_RoundConstan' to 'KeccakF1600_Statecud' due to the length limit 20
INFO: [RTGEN 206-100] Finished creating RTL model for 'KeccakF1600_StatePer'.
INFO: [HLS 200-111]  Elapsed time: 1.259 seconds; current allocated memory: 262.333 MB.
INFO: [HLS 200-10] ----------------------------------------------------------------
INFO: [HLS 200-10] -- Generating RTL for module 'keccak_absorb' 
INFO: [HLS 200-10] ----------------------------------------------------------------
INFO: [RTGEN 206-100] Finished creating RTL model for 'keccak_absorb'.
INFO: [HLS 200-111]  Elapsed time: 2.438 seconds; current allocated memory: 264.129 MB.
INFO: [HLS 200-10] ----------------------------------------------------------------
INFO: [HLS 200-10] -- Generating RTL for module 'sha3_256_1' 
INFO: [HLS 200-10] ----------------------------------------------------------------
INFO: [RTGEN 206-100] Finished creating RTL model for 'sha3_256_1'.
INFO: [HLS 200-111]  Elapsed time: 0.938 seconds; current allocated memory: 264.963 MB.
INFO: [HLS 200-10] ----------------------------------------------------------------
INFO: [HLS 200-10] -- Generating RTL for module 'keccak_absorb_1' 
INFO: [HLS 200-10] ----------------------------------------------------------------
INFO: [RTGEN 206-100] Finished creating RTL model for 'keccak_absorb_1'.
INFO: [HLS 200-111]  Elapsed time: 0.813 seconds; current allocated memory: 266.174 MB.
INFO: [HLS 200-10] ----------------------------------------------------------------
INFO: [HLS 200-10] -- Generating RTL for module 'sha3_256' 
INFO: [HLS 200-10] ----------------------------------------------------------------
INFO: [RTGEN 206-100] Finished creating RTL model for 'sha3_256'.
INFO: [HLS 200-111]  Elapsed time: 0.879 seconds; current allocated memory: 267.001 MB.
INFO: [HLS 200-10] ----------------------------------------------------------------
INFO: [HLS 200-10] -- Generating RTL for module 'crypto_kem_dec' 
INFO: [HLS 200-10] ----------------------------------------------------------------
INFO: [RTGEN 206-500] Setting interface mode on port 'crypto_kem_dec/k' to 'ap_memory'.
INFO: [RTGEN 206-500] Setting interface mode on port 'crypto_kem_dec/c' to 'ap_memory'.
INFO: [RTGEN 206-500] Setting interface mode on port 'crypto_kem_dec/sk' to 'ap_memory'.
INFO: [RTGEN 206-500] Setting interface mode on function 'crypto_kem_dec' to 'ap_ctrl_hs'.
INFO: [RTGEN 206-100] Finished creating RTL model for 'crypto_kem_dec'.
INFO: [HLS 200-111]  Elapsed time: 0.988 seconds; current allocated memory: 268.091 MB.
INFO: [RTMG 210-278] Implementing memory 'owcpa_dec_x1_coeffs_ram (RAM)' using block RAMs.
INFO: [RTMG 210-278] Implementing memory 'owcpa_dec_x3_coeffs_ram (RAM)' using block RAMs.
INFO: [RTMG 210-279] Implementing memory 'KeccakF1600_Statecud_rom' using auto ROMs.
INFO: [RTMG 210-278] Implementing memory 'keccak_absorb_t_ram (RAM)' using block RAMs.
INFO: [RTMG 210-278] Implementing memory 'sha3_256_1_s_ram (RAM)' using block RAMs.
INFO: [RTMG 210-278] Implementing memory 'sha3_256_1_h_assign_ram (RAM)' using block RAMs.
INFO: [RTMG 210-278] Implementing memory 'crypto_kem_dec_rm_ram (RAM)' using block RAMs.
INFO: [RTMG 210-278] Implementing memory 'crypto_kem_dec_buf_ram (RAM)' using block RAMs.
INFO: [HLS 200-111] Finished generating all RTL models Time (s): cpu = 00:00:37 ; elapsed = 00:01:32 . Memory (MB): peak = 359.469 ; gain = 268.102
INFO: [VHDL 208-304] Generating VHDL RTL for crypto_kem_dec.
INFO: [VLOG 209-307] Generating Verilog RTL for crypto_kem_dec.
INFO: [HLS 200-112] Total elapsed time: 92.57 seconds; peak allocated memory: 268.091 MB.
==============================================================
Vivado(TM) HLS - High-Level Synthesis from C, C++ and SystemC v2019.1 (64-bit)
Copyright 1986-2019 Xilinx, Inc. All Rights Reserved.
==============================================================
INFO: [SYN 201-201] Setting up clock 'default' with a period of 10ns.
INFO: [HLS 200-10] Setting target device to 'xc7a200t-fbg676-2'
INFO: [COSIM 212-47] Using XSIM for RTL simulation.
INFO: [COSIM 212-14] Instrumenting C test bench ...
ERROR: [COSIM 212-317] C++ compile error.
ERROR: [COSIM 212-321] EXE file generate failed.
ERROR: [COSIM 212-321] EXE file generate failed.
ERROR: [COSIM 212-331] Aborting co-simulation: C simulation failed, compilation errors.
ERROR: [COSIM 212-5] *** C/RTL co-simulation file generation failed. ***
ERROR: [COSIM 212-4] *** C/RTL co-simulation finished: FAIL ***
==============================================================
Vivado(TM) HLS - High-Level Synthesis from C, C++ and SystemC v2019.1 (64-bit)
Copyright 1986-2019 Xilinx, Inc. All Rights Reserved.
==============================================================
==============================================================
File generated on Tue Aug 25 18:31:47 EDT 2020
Vivado(TM) HLS - High-Level Synthesis from C, C++ and SystemC v2018.3 (64-bit)
SW Build 2405991 on Thu Dec  6 23:36:41 MST 2018
IP Build 2404404 on Fri Dec  7 01:43:56 MST 2018
Copyright 1986-2018 Xilinx, Inc. All Rights Reserved.
==============================================================
==============================================================
File generated on Tue Aug 25 18:32:03 EDT 2020
Vivado(TM) HLS - High-Level Synthesis from C, C++ and SystemC v2018.3 (64-bit)
SW Build 2405991 on Thu Dec  6 23:36:41 MST 2018
IP Build 2404404 on Fri Dec  7 01:43:56 MST 2018
Copyright 1986-2018 Xilinx, Inc. All Rights Reserved.
==============================================================
==============================================================
File generated on Tue Aug 25 18:32:14 EDT 2020
Vivado(TM) HLS - High-Level Synthesis from C, C++ and SystemC v2018.3 (64-bit)
SW Build 2405991 on Thu Dec  6 23:36:41 MST 2018
IP Build 2404404 on Fri Dec  7 01:43:56 MST 2018
Copyright 1986-2018 Xilinx, Inc. All Rights Reserved.
==============================================================
INFO: [SYN 201-201] Setting up clock 'default' with a period of 10ns.
INFO: [HLS 200-10] Setting target device to 'xc7a200tfbg676-2'
INFO: [SCHED 204-61] Option 'relax_ii_for_timing' is enabled, will increase II to preserve clock frequency constraints.
INFO: [HLS 200-10] Analyzing design file 'verify.c' ... 
INFO: [HLS 200-10] Analyzing design file 'sample.c' ... 
INFO: [HLS 200-10] Analyzing design file 'rng.c' ... 
INFO: [HLS 200-10] Analyzing design file 'poly.c' ... 
INFO: [HLS 200-10] Analyzing design file 'packq.c' ... 
INFO: [HLS 200-10] Analyzing design file 'pack3.c' ... 
INFO: [HLS 200-10] Analyzing design file 'owcpa.c' ... 
INFO: [HLS 200-10] Analyzing design file 'kem.c' ... 
INFO: [HLS 200-10] Analyzing design file 'fips202.c' ... 
INFO: [HLS 200-10] Analyzing design file 'crypto_sort.c' ... 
INFO: [HLS 200-10] Analyzing design file 'aes.c' ... 
INFO: [HLS 200-111] Finished Linking Time (s): cpu = 00:00:56 ; elapsed = 00:00:59 . Memory (MB): peak = 539.344 ; gain = 4.203 ; free physical = 2395 ; free virtual = 571839
INFO: [HLS 200-111] Finished Checking Pragmas Time (s): cpu = 00:00:56 ; elapsed = 00:00:59 . Memory (MB): peak = 539.344 ; gain = 4.203 ; free physical = 2395 ; free virtual = 571839
INFO: [HLS 200-10] Starting code transformations ...
INFO: [HLS 200-111] Finished Standard Transforms Time (s): cpu = 00:01:01 ; elapsed = 00:01:04 . Memory (MB): peak = 539.344 ; gain = 4.203 ; free physical = 2394 ; free virtual = 571838
INFO: [HLS 200-10] Checking synthesizability ...
INFO: [XFORM 203-602] Inlining function 'poly_Sq_frombytes' into 'poly_Rq_sum_zero_frombytes' (packq.c:33) automatically.
INFO: [XFORM 203-602] Inlining function 'mod3' into 'poly_Rq_to_S3' (poly.c:163) automatically.
INFO: [XFORM 203-602] Inlining function 'mod3' into 'poly_S3_mul' (poly.c:73) automatically.
INFO: [XFORM 203-602] Inlining function 'poly_Z3_to_Zq' into 'poly_lift' (poly.c:93) automatically.
INFO: [XFORM 203-602] Inlining function 'poly_Z3_to_Zq' into 'owcpa_dec' (owcpa.c:146) automatically.
INFO: [XFORM 203-602] Inlining function 'owcpa_check_m' into 'owcpa_dec' (owcpa.c:161) automatically.
INFO: [XFORM 203-602] Inlining function 'poly_lift' into 'owcpa_dec' (owcpa.c:165) automatically.
INFO: [XFORM 203-602] Inlining function 'poly_Sq_frombytes.1' into 'owcpa_dec' (owcpa.c:170) automatically.
INFO: [XFORM 203-602] Inlining function 'poly_Sq_mul' into 'owcpa_dec' (owcpa.c:171) automatically.
INFO: [XFORM 203-602] Inlining function 'owcpa_check_r' into 'owcpa_dec' (owcpa.c:184) automatically.
INFO: [XFORM 203-602] Inlining function 'poly_trinary_Zq_to_Z3' into 'owcpa_dec' (owcpa.c:186) automatically.
INFO: [XFORM 203-602] Inlining function 'load64.2' into 'keccak_absorb' (fips202.c:386) automatically.
INFO: [XFORM 203-602] Inlining function 'load64' into 'keccak_absorb' (fips202.c:400) automatically.
INFO: [XFORM 203-602] Inlining function 'store64' into 'keccak_squeezeblocks' (fips202.c:426) automatically.
INFO: [XFORM 203-602] Inlining function 'load64.1' into 'keccak_absorb.1' (fips202.c:386) automatically.
INFO: [XFORM 203-602] Inlining function 'load64' into 'keccak_absorb.1' (fips202.c:400) automatically.
INFO: [XFORM 203-602] Inlining function 'sha3_256.1' into 'crypto_kem_dec' (kem.c:47) automatically.
INFO: [XFORM 203-602] Inlining function 'sha3_256' into 'crypto_kem_dec' (kem.c:54) automatically.
INFO: [XFORM 203-602] Inlining function 'cmov' into 'crypto_kem_dec' (kem.c:56) automatically.
INFO: [HLS 200-111] Finished Checking Synthesizability Time (s): cpu = 00:01:06 ; elapsed = 00:01:08 . Memory (MB): peak = 539.344 ; gain = 4.203 ; free physical = 2393 ; free virtual = 571836
INFO: [XFORM 203-502] Unrolling small iteration loop 'Loop-1' (fips202.c:421) in function 'keccak_squeezeblocks' automatically.
INFO: [HLS 200-489] Unrolling loop 'Loop-1' (fips202.c:421) in function 'keccak_squeezeblocks' completely with a factor of 1.
INFO: [XFORM 203-602] Inlining function 'poly_Sq_frombytes' into 'poly_Rq_sum_zero_frombytes' (packq.c:33) automatically.
INFO: [XFORM 203-602] Inlining function 'mod3' into 'poly_Rq_to_S3' (poly.c:163) automatically.
INFO: [XFORM 203-602] Inlining function 'mod3' into 'poly_S3_mul' (poly.c:73) automatically.
INFO: [XFORM 203-602] Inlining function 'poly_Z3_to_Zq' into 'poly_lift' (poly.c:93) automatically.
INFO: [XFORM 203-602] Inlining function 'poly_Z3_to_Zq' into 'owcpa_dec' (owcpa.c:146) automatically.
INFO: [XFORM 203-602] Inlining function 'owcpa_check_m' into 'owcpa_dec' (owcpa.c:161) automatically.
INFO: [XFORM 203-602] Inlining function 'poly_lift' into 'owcpa_dec' (owcpa.c:165) automatically.
INFO: [XFORM 203-602] Inlining function 'poly_Sq_frombytes.1' into 'owcpa_dec' (owcpa.c:170) automatically.
INFO: [XFORM 203-602] Inlining function 'poly_Sq_mul' into 'owcpa_dec' (owcpa.c:171) automatically.
INFO: [XFORM 203-602] Inlining function 'owcpa_check_r' into 'owcpa_dec' (owcpa.c:184) automatically.
INFO: [XFORM 203-602] Inlining function 'poly_trinary_Zq_to_Z3' into 'owcpa_dec' (owcpa.c:186) automatically.
INFO: [XFORM 203-602] Inlining function 'load64.2' into 'keccak_absorb' (fips202.c:386) automatically.
INFO: [XFORM 203-602] Inlining function 'load64' into 'keccak_absorb' (fips202.c:400) automatically.
INFO: [XFORM 203-602] Inlining function 'store64' into 'keccak_squeezeblocks' (fips202.c:426) automatically.
INFO: [XFORM 203-602] Inlining function 'keccak_squeezeblocks' into 'sha3_256.1' (fips202.c:519) automatically.
INFO: [XFORM 203-602] Inlining function 'load64.1' into 'keccak_absorb.1' (fips202.c:386) automatically.
INFO: [XFORM 203-602] Inlining function 'load64' into 'keccak_absorb.1' (fips202.c:400) automatically.
INFO: [XFORM 203-602] Inlining function 'keccak_squeezeblocks' into 'sha3_256' (fips202.c:519) automatically.
INFO: [XFORM 203-602] Inlining function 'cmov' into 'crypto_kem_dec' (kem.c:56) automatically.
WARNING: [XFORM 203-561] Updating loop upper bound from 135 to 38 for loop 'Loop-3' in function 'keccak_absorb.1'.
WARNING: [XFORM 203-561] Updating loop lower bound from 0 to 38 for loop 'Loop-3' in function 'keccak_absorb.1'.
WARNING: [XFORM 203-561] Updating loop upper bound from 135 to 56 for loop 'Loop-3' in function 'keccak_absorb'.
WARNING: [XFORM 203-561] Updating loop lower bound from 0 to 56 for loop 'Loop-3' in function 'keccak_absorb'.
INFO: [XFORM 203-11] Balancing expressions in function 'keccak_absorb.1' (fips202.c:28:22)...3 expression(s) balanced.
INFO: [XFORM 203-11] Balancing expressions in function 'KeccakF1600_StatePermute' (fips202.c:88)...70 expression(s) balanced.
INFO: [HLS 200-111] Finished Pre-synthesis Time (s): cpu = 00:01:11 ; elapsed = 00:01:13 . Memory (MB): peak = 667.270 ; gain = 132.129 ; free physical = 2369 ; free virtual = 571813
WARNING: [XFORM 203-631] Renaming function 'poly_Rq_sum_zero_frombytes' to 'poly_Rq_sum_zero_fro' (packq.c:18:22)
WARNING: [XFORM 203-631] Renaming function 'KeccakF1600_StatePermute' to 'KeccakF1600_StatePer' (fips202.c:88:1)
INFO: [HLS 200-111] Finished Architecture Synthesis Time (s): cpu = 00:01:15 ; elapsed = 00:01:17 . Memory (MB): peak = 731.270 ; gain = 196.129 ; free physical = 2262 ; free virtual = 571706
INFO: [HLS 200-10] Starting hardware synthesis ...
INFO: [HLS 200-10] Synthesizing 'crypto_kem_dec' ...
WARNING: [SYN 201-103] Legalizing function name 'sha3_256.1' to 'sha3_256_1'.
WARNING: [SYN 201-103] Legalizing function name 'keccak_absorb.1' to 'keccak_absorb_1'.
INFO: [HLS 200-10] ----------------------------------------------------------------
INFO: [HLS 200-42] -- Implementing module 'poly_Rq_sum_zero_fro' 
INFO: [HLS 200-10] ----------------------------------------------------------------
INFO: [SCHED 204-11] Starting scheduling ...
INFO: [SCHED 204-11] Finished scheduling.
INFO: [HLS 200-111]  Elapsed time: 77.39 seconds; current allocated memory: 204.474 MB.
INFO: [HLS 200-434] Only 0 loops out of a total 2 loops have been pipelined in this design.
INFO: [BIND 205-100] Starting micro-architecture generation ...
INFO: [BIND 205-101] Performing variable lifetime analysis.
INFO: [BIND 205-101] Exploring resource sharing.
INFO: [BIND 205-101] Binding ...
INFO: [BIND 205-100] Finished micro-architecture generation.
INFO: [HLS 200-111]  Elapsed time: 0.07 seconds; current allocated memory: 204.753 MB.
INFO: [HLS 200-10] ----------------------------------------------------------------
INFO: [HLS 200-42] -- Implementing module 'mod3' 
INFO: [HLS 200-10] ----------------------------------------------------------------
INFO: [SCHED 204-11] Starting scheduling ...
INFO: [SCHED 204-11] Finished scheduling.
INFO: [HLS 200-111]  Elapsed time: 0.1 seconds; current allocated memory: 204.912 MB.
INFO: [BIND 205-100] Starting micro-architecture generation ...
INFO: [BIND 205-101] Performing variable lifetime analysis.
INFO: [BIND 205-101] Exploring resource sharing.
INFO: [BIND 205-101] Binding ...
INFO: [BIND 205-100] Finished micro-architecture generation.
INFO: [HLS 200-111]  Elapsed time: 0.03 seconds; current allocated memory: 205.033 MB.
INFO: [HLS 200-10] ----------------------------------------------------------------
INFO: [HLS 200-42] -- Implementing module 'poly_S3_frombytes' 
INFO: [HLS 200-10] ----------------------------------------------------------------
INFO: [SCHED 204-11] Starting scheduling ...
INFO: [SCHED 204-11] Finished scheduling.
INFO: [HLS 200-111]  Elapsed time: 0.11 seconds; current allocated memory: 205.336 MB.
INFO: [BIND 205-100] Starting micro-architecture generation ...
INFO: [BIND 205-101] Performing variable lifetime analysis.
INFO: [BIND 205-101] Exploring resource sharing.
INFO: [BIND 205-101] Binding ...
INFO: [BIND 205-100] Finished micro-architecture generation.
INFO: [HLS 200-111]  Elapsed time: 0.07 seconds; current allocated memory: 205.564 MB.
INFO: [HLS 200-10] ----------------------------------------------------------------
INFO: [HLS 200-42] -- Implementing module 'poly_Rq_mul' 
INFO: [HLS 200-10] ----------------------------------------------------------------
INFO: [SCHED 204-11] Starting scheduling ...
WARNING: [SCHED 204-21] Estimated clock period (9.122ns) exceeds the target (target clock period: 10ns, clock uncertainty: 1.25ns, effective delay budget: 8.75ns).
WARNING: [SCHED 204-21] The critical path in module 'poly_Rq_mul' consists of the following:
	'mul' operation of DSP[36] ('tmp_66', poly.c:45) [34]  (2.82 ns)
	'add' operation of DSP[36] ('tmp_67', poly.c:45) [36]  (3.53 ns)
	'store' operation (poly.c:45) of variable 'tmp_67', poly.c:45 on array 'r_coeffs' [37]  (2.77 ns)
INFO: [SCHED 204-11] Finished scheduling.
INFO: [HLS 200-111]  Elapsed time: 0.19 seconds; current allocated memory: 205.882 MB.
INFO: [BIND 205-100] Starting micro-architecture generation ...
INFO: [BIND 205-101] Performing variable lifetime analysis.
INFO: [BIND 205-101] Exploring resource sharing.
INFO: [BIND 205-101] Binding ...
INFO: [BIND 205-100] Finished micro-architecture generation.
INFO: [HLS 200-111]  Elapsed time: 0.08 seconds; current allocated memory: 206.100 MB.
INFO: [HLS 200-10] ----------------------------------------------------------------
INFO: [HLS 200-42] -- Implementing module 'poly_Rq_to_S3' 
INFO: [HLS 200-10] ----------------------------------------------------------------
INFO: [SCHED 204-11] Starting scheduling ...
INFO: [SCHED 204-11] Finished scheduling.
INFO: [HLS 200-111]  Elapsed time: 0.16 seconds; current allocated memory: 206.413 MB.
INFO: [BIND 205-100] Starting micro-architecture generation ...
INFO: [BIND 205-101] Performing variable lifetime analysis.
INFO: [BIND 205-101] Exploring resource sharing.
INFO: [BIND 205-101] Binding ...
INFO: [BIND 205-100] Finished micro-architecture generation.
INFO: [HLS 200-111]  Elapsed time: 0.11 seconds; current allocated memory: 206.828 MB.
INFO: [HLS 200-10] ----------------------------------------------------------------
INFO: [HLS 200-42] -- Implementing module 'poly_S3_mul' 
INFO: [HLS 200-10] ----------------------------------------------------------------
INFO: [SCHED 204-11] Starting scheduling ...
WARNING: [SCHED 204-21] Estimated clock period (9.122ns) exceeds the target (target clock period: 10ns, clock uncertainty: 1.25ns, effective delay budget: 8.75ns).
WARNING: [SCHED 204-21] The critical path in module 'poly_S3_mul' consists of the following:
	'mul' operation of DSP[36] ('tmp_24', poly.c:68) [34]  (2.82 ns)
	'add' operation of DSP[36] ('tmp_25', poly.c:68) [36]  (3.53 ns)
	'store' operation (poly.c:68) of variable 'tmp_25', poly.c:68 on array 'r_coeffs' [37]  (2.77 ns)
INFO: [SCHED 204-11] Finished scheduling.
INFO: [HLS 200-111]  Elapsed time: 0.24 seconds; current allocated memory: 207.194 MB.
INFO: [BIND 205-100] Starting micro-architecture generation ...
INFO: [BIND 205-101] Performing variable lifetime analysis.
INFO: [BIND 205-101] Exploring resource sharing.
INFO: [BIND 205-101] Binding ...
INFO: [BIND 205-100] Finished micro-architecture generation.
INFO: [HLS 200-111]  Elapsed time: 0.12 seconds; current allocated memory: 207.610 MB.
INFO: [HLS 200-10] ----------------------------------------------------------------
INFO: [HLS 200-42] -- Implementing module 'poly_S3_tobytes' 
INFO: [HLS 200-10] ----------------------------------------------------------------
INFO: [SCHED 204-11] Starting scheduling ...
INFO: [SCHED 204-11] Finished scheduling.
INFO: [HLS 200-111]  Elapsed time: 0.21 seconds; current allocated memory: 207.805 MB.
INFO: [BIND 205-100] Starting micro-architecture generation ...
INFO: [BIND 205-101] Performing variable lifetime analysis.
INFO: [BIND 205-101] Exploring resource sharing.
INFO: [BIND 205-101] Binding ...
INFO: [BIND 205-100] Finished micro-architecture generation.
INFO: [HLS 200-111]  Elapsed time: 0.06 seconds; current allocated memory: 208.010 MB.
INFO: [HLS 200-10] ----------------------------------------------------------------
INFO: [HLS 200-42] -- Implementing module 'owcpa_dec' 
INFO: [HLS 200-10] ----------------------------------------------------------------
INFO: [SCHED 204-11] Starting scheduling ...
INFO: [SCHED 204-11] Finished scheduling.
INFO: [HLS 200-111]  Elapsed time: 0.21 seconds; current allocated memory: 208.608 MB.
INFO: [BIND 205-100] Starting micro-architecture generation ...
INFO: [BIND 205-101] Performing variable lifetime analysis.
INFO: [BIND 205-101] Exploring resource sharing.
INFO: [BIND 205-101] Binding ...
INFO: [BIND 205-100] Finished micro-architecture generation.
INFO: [HLS 200-111]  Elapsed time: 0.84 seconds; current allocated memory: 209.565 MB.
INFO: [HLS 200-10] ----------------------------------------------------------------
INFO: [HLS 200-42] -- Implementing module 'KeccakF1600_StatePer' 
INFO: [HLS 200-10] ----------------------------------------------------------------
INFO: [SCHED 204-11] Starting scheduling ...
INFO: [SCHED 204-11] Finished scheduling.
INFO: [HLS 200-111]  Elapsed time: 0.97 seconds; current allocated memory: 211.186 MB.
INFO: [BIND 205-100] Starting micro-architecture generation ...
INFO: [BIND 205-101] Performing variable lifetime analysis.
INFO: [BIND 205-101] Exploring resource sharing.
INFO: [BIND 205-101] Binding ...
INFO: [BIND 205-100] Finished micro-architecture generation.
INFO: [HLS 200-111]  Elapsed time: 0.53 seconds; current allocated memory: 213.143 MB.
INFO: [HLS 200-10] ----------------------------------------------------------------
INFO: [HLS 200-42] -- Implementing module 'keccak_absorb' 
INFO: [HLS 200-10] ----------------------------------------------------------------
INFO: [SCHED 204-11] Starting scheduling ...
INFO: [SCHED 204-11] Finished scheduling.
INFO: [HLS 200-111]  Elapsed time: 0.91 seconds; current allocated memory: 213.747 MB.
INFO: [BIND 205-100] Starting micro-architecture generation ...
INFO: [BIND 205-101] Performing variable lifetime analysis.
INFO: [BIND 205-101] Exploring resource sharing.
INFO: [BIND 205-101] Binding ...
INFO: [BIND 205-100] Finished micro-architecture generation.
INFO: [HLS 200-111]  Elapsed time: 0.28 seconds; current allocated memory: 214.259 MB.
INFO: [HLS 200-10] ----------------------------------------------------------------
INFO: [HLS 200-42] -- Implementing module 'sha3_256_1' 
INFO: [HLS 200-10] ----------------------------------------------------------------
INFO: [SCHED 204-11] Starting scheduling ...
INFO: [SCHED 204-11] Finished scheduling.
INFO: [HLS 200-111]  Elapsed time: 0.63 seconds; current allocated memory: 214.723 MB.
INFO: [BIND 205-100] Starting micro-architecture generation ...
INFO: [BIND 205-101] Performing variable lifetime analysis.
INFO: [BIND 205-101] Exploring resource sharing.
INFO: [BIND 205-101] Binding ...
INFO: [BIND 205-100] Finished micro-architecture generation.
INFO: [HLS 200-111]  Elapsed time: 0.72 seconds; current allocated memory: 215.241 MB.
INFO: [HLS 200-10] ----------------------------------------------------------------
INFO: [HLS 200-42] -- Implementing module 'keccak_absorb_1' 
INFO: [HLS 200-10] ----------------------------------------------------------------
INFO: [SCHED 204-11] Starting scheduling ...
INFO: [SCHED 204-11] Finished scheduling.
INFO: [HLS 200-111]  Elapsed time: 1.14 seconds; current allocated memory: 216.073 MB.
INFO: [BIND 205-100] Starting micro-architecture generation ...
INFO: [BIND 205-101] Performing variable lifetime analysis.
INFO: [BIND 205-101] Exploring resource sharing.
INFO: [BIND 205-101] Binding ...
INFO: [BIND 205-100] Finished micro-architecture generation.
INFO: [HLS 200-111]  Elapsed time: 0.27 seconds; current allocated memory: 216.554 MB.
INFO: [HLS 200-10] ----------------------------------------------------------------
INFO: [HLS 200-42] -- Implementing module 'sha3_256' 
INFO: [HLS 200-10] ----------------------------------------------------------------
INFO: [SCHED 204-11] Starting scheduling ...
INFO: [SCHED 204-11] Finished scheduling.
INFO: [HLS 200-111]  Elapsed time: 0.64 seconds; current allocated memory: 217.040 MB.
INFO: [BIND 205-100] Starting micro-architecture generation ...
INFO: [BIND 205-101] Performing variable lifetime analysis.
INFO: [BIND 205-101] Exploring resource sharing.
INFO: [BIND 205-101] Binding ...
INFO: [BIND 205-100] Finished micro-architecture generation.
INFO: [HLS 200-111]  Elapsed time: 0.76 seconds; current allocated memory: 217.521 MB.
INFO: [HLS 200-10] ----------------------------------------------------------------
INFO: [HLS 200-42] -- Implementing module 'crypto_kem_dec' 
INFO: [HLS 200-10] ----------------------------------------------------------------
INFO: [SCHED 204-11] Starting scheduling ...
INFO: [SCHED 204-11] Finished scheduling.
INFO: [HLS 200-111]  Elapsed time: 1.16 seconds; current allocated memory: 218.207 MB.
INFO: [BIND 205-100] Starting micro-architecture generation ...
INFO: [BIND 205-101] Performing variable lifetime analysis.
INFO: [BIND 205-101] Exploring resource sharing.
INFO: [BIND 205-101] Binding ...
INFO: [BIND 205-100] Finished micro-architecture generation.
INFO: [HLS 200-111]  Elapsed time: 2.63 seconds; current allocated memory: 219.548 MB.
INFO: [HLS 200-10] ----------------------------------------------------------------
INFO: [HLS 200-10] -- Generating RTL for module 'poly_Rq_sum_zero_fro' 
INFO: [HLS 200-10] ----------------------------------------------------------------
INFO: [RTGEN 206-100] Finished creating RTL model for 'poly_Rq_sum_zero_fro'.
INFO: [HLS 200-111]  Elapsed time: 2.64 seconds; current allocated memory: 221.180 MB.
INFO: [HLS 200-10] ----------------------------------------------------------------
INFO: [HLS 200-10] -- Generating RTL for module 'mod3' 
INFO: [HLS 200-10] ----------------------------------------------------------------
INFO: [RTGEN 206-100] Finished creating RTL model for 'mod3'.
INFO: [HLS 200-111]  Elapsed time: 0.17 seconds; current allocated memory: 222.440 MB.
INFO: [HLS 200-10] ----------------------------------------------------------------
INFO: [HLS 200-10] -- Generating RTL for module 'poly_S3_frombytes' 
INFO: [HLS 200-10] ----------------------------------------------------------------
INFO: [RTGEN 206-100] Finished creating RTL model for 'poly_S3_frombytes'.
INFO: [HLS 200-111]  Elapsed time: 0.13 seconds; current allocated memory: 223.390 MB.
INFO: [HLS 200-10] ----------------------------------------------------------------
INFO: [HLS 200-10] -- Generating RTL for module 'poly_Rq_mul' 
INFO: [HLS 200-10] ----------------------------------------------------------------
INFO: [RTGEN 206-100] Generating core module 'crypto_kem_dec_mac_muladd_16s_16s_16ns_16_1_1': 2 instance(s).
INFO: [RTGEN 206-100] Finished creating RTL model for 'poly_Rq_mul'.
INFO: [HLS 200-111]  Elapsed time: 0.26 seconds; current allocated memory: 224.844 MB.
INFO: [HLS 200-10] ----------------------------------------------------------------
INFO: [HLS 200-10] -- Generating RTL for module 'poly_Rq_to_S3' 
INFO: [HLS 200-10] ----------------------------------------------------------------
INFO: [RTGEN 206-100] Finished creating RTL model for 'poly_Rq_to_S3'.
INFO: [HLS 200-111]  Elapsed time: 0.22 seconds; current allocated memory: 226.524 MB.
INFO: [HLS 200-10] ----------------------------------------------------------------
INFO: [HLS 200-10] -- Generating RTL for module 'poly_S3_mul' 
INFO: [HLS 200-10] ----------------------------------------------------------------
INFO: [RTGEN 206-100] Generating core module 'crypto_kem_dec_mac_muladd_16s_16s_16ns_16_1_1': 2 instance(s).
INFO: [RTGEN 206-100] Finished creating RTL model for 'poly_S3_mul'.
INFO: [HLS 200-111]  Elapsed time: 0.43 seconds; current allocated memory: 229.038 MB.
INFO: [HLS 200-10] ----------------------------------------------------------------
INFO: [HLS 200-10] -- Generating RTL for module 'poly_S3_tobytes' 
INFO: [HLS 200-10] ----------------------------------------------------------------
INFO: [RTGEN 206-100] Finished creating RTL model for 'poly_S3_tobytes'.
INFO: [HLS 200-111]  Elapsed time: 0.43 seconds; current allocated memory: 231.276 MB.
INFO: [HLS 200-10] ----------------------------------------------------------------
INFO: [HLS 200-10] -- Generating RTL for module 'owcpa_dec' 
INFO: [HLS 200-10] ----------------------------------------------------------------
INFO: [RTGEN 206-100] Finished creating RTL model for 'owcpa_dec'.
INFO: [HLS 200-111]  Elapsed time: 0.3 seconds; current allocated memory: 233.746 MB.
INFO: [HLS 200-10] ----------------------------------------------------------------
INFO: [HLS 200-10] -- Generating RTL for module 'KeccakF1600_StatePer' 
INFO: [HLS 200-10] ----------------------------------------------------------------
INFO: [RTGEN 206-100] Finished creating RTL model for 'KeccakF1600_StatePer'.
INFO: [HLS 200-111]  Elapsed time: 1.21 seconds; current allocated memory: 240.444 MB.
INFO: [HLS 200-10] ----------------------------------------------------------------
INFO: [HLS 200-10] -- Generating RTL for module 'keccak_absorb' 
INFO: [HLS 200-10] ----------------------------------------------------------------
INFO: [RTGEN 206-100] Finished creating RTL model for 'keccak_absorb'.
INFO: [HLS 200-111]  Elapsed time: 1.98 seconds; current allocated memory: 249.714 MB.
INFO: [HLS 200-10] ----------------------------------------------------------------
INFO: [HLS 200-10] -- Generating RTL for module 'sha3_256_1' 
INFO: [HLS 200-10] ----------------------------------------------------------------
INFO: [RTGEN 206-100] Finished creating RTL model for 'sha3_256_1'.
INFO: [HLS 200-111]  Elapsed time: 1.03 seconds; current allocated memory: 252.407 MB.
INFO: [HLS 200-10] ----------------------------------------------------------------
INFO: [HLS 200-10] -- Generating RTL for module 'keccak_absorb_1' 
INFO: [HLS 200-10] ----------------------------------------------------------------
INFO: [RTGEN 206-100] Finished creating RTL model for 'keccak_absorb_1'.
INFO: [HLS 200-111]  Elapsed time: 1.37 seconds; current allocated memory: 254.427 MB.
INFO: [HLS 200-10] ----------------------------------------------------------------
INFO: [HLS 200-10] -- Generating RTL for module 'sha3_256' 
INFO: [HLS 200-10] ----------------------------------------------------------------
INFO: [RTGEN 206-100] Finished creating RTL model for 'sha3_256'.
INFO: [HLS 200-111]  Elapsed time: 1.06 seconds; current allocated memory: 257.139 MB.
INFO: [HLS 200-10] ----------------------------------------------------------------
INFO: [HLS 200-10] -- Generating RTL for module 'crypto_kem_dec' 
INFO: [HLS 200-10] ----------------------------------------------------------------
INFO: [RTGEN 206-500] Setting interface mode on port 'crypto_kem_dec/k' to 'ap_memory'.
==============================================================
File generated on Tue Aug 25 18:35:16 EDT 2020
Vivado(TM) HLS - High-Level Synthesis from C, C++ and SystemC v2018.3 (64-bit)
SW Build 2405991 on Thu Dec  6 23:36:41 MST 2018
IP Build 2404404 on Fri Dec  7 01:43:56 MST 2018
Copyright 1986-2018 Xilinx, Inc. All Rights Reserved.
==============================================================
