#-----------------------------------------------------------
# xsim v2018.3 (64-bit)
# SW Build 2405991 on Thu Dec  6 23:36:41 MST 2018
# IP Build 2404404 on Fri Dec  7 01:43:56 MST 2018
# Start of session at: Sun Aug 23 23:06:11 2020
# Process ID: 26576
# Current directory: /home/dss545/KEM/NTRU/Reference_Implementation/crypto_kem/ntru-hrss701/ntru01/keypair/sim/verilog
# Command line: xsim -mode tcl -source {xsim.dir/crypto_kem_keypair/xsim_script.tcl}
# Log file: /home/dss545/KEM/NTRU/Reference_Implementation/crypto_kem/ntru-hrss701/ntru01/keypair/sim/verilog/xsim.log
# Journal file: /home/dss545/KEM/NTRU/Reference_Implementation/crypto_kem/ntru-hrss701/ntru01/keypair/sim/verilog/xsim.jou
#-----------------------------------------------------------
source xsim.dir/crypto_kem_keypair/xsim_script.tcl
# xsim {crypto_kem_keypair} -autoloadwcfg -tclbatch {crypto_kem_keypair.tcl}
Vivado Simulator 2018.3
Time resolution is 1 ps
source crypto_kem_keypair.tcl
## run all
////////////////////////////////////////////////////////////////////////////////////
// Inter-Transaction Progress: Completed Transaction / Total Transaction
// Intra-Transaction Progress: Measured Latency / Latency Estimation * 100%
//
// RTL Simulation : "Inter-Transaction Progress" ["Intra-Transaction Progress"] @ "Simulation Time"
////////////////////////////////////////////////////////////////////////////////////
// RTL Simulation : 0 / 2 [n/a] @ "125000"
// RTL Simulation : 0 / 2 [n/a] @ "100000145000"
// RTL Simulation : 0 / 2 [n/a] @ "200000155000"
// RTL Simulation : 0 / 2 [n/a] @ "300000165000"
// RTL Simulation : 0 / 2 [n/a] @ "400000175000"
// RTL Simulation : 0 / 2 [n/a] @ "500000185000"
// RTL Simulation : 1 / 2 [n/a] @ "531254015000"
// RTL Simulation : 1 / 2 [n/a] @ "631254025000"
// RTL Simulation : 1 / 2 [n/a] @ "731254035000"
// RTL Simulation : 1 / 2 [n/a] @ "831254045000"
// RTL Simulation : 1 / 2 [n/a] @ "931254055000"
// RTL Simulation : 1 / 2 [n/a] @ "1031254065000"
// RTL Simulation : 2 / 2 [n/a] @ "1062507895000"
////////////////////////////////////////////////////////////////////////////////////
$finish called at time : 1062507935 ns : File "/home/dss545/KEM/NTRU/Reference_Implementation/crypto_kem/ntru-hrss701/ntru01/keypair/sim/verilog/crypto_kem_keypair.autotb.v" Line 587
run: Time (s): cpu = 00:00:03 ; elapsed = 02:22:28 . Memory (MB): peak = 1375.590 ; gain = 0.000 ; free physical = 9762 ; free virtual = 612527
## quit
INFO: [Common 17-206] Exiting xsim at Mon Aug 24 01:28:51 2020...
