#-----------------------------------------------------------
# xsim v2018.3 (64-bit)
# SW Build 2405991 on Thu Dec  6 23:36:41 MST 2018
# IP Build 2404404 on Fri Dec  7 01:43:56 MST 2018
# Start of session at: Tue Aug 25 12:02:23 2020
# Process ID: 21375
# Current directory: /home/dss545/KEM/NTRU/Reference_Implementation/crypto_kem/ntru-hps2048677/ntru77/enc/sim/verilog
# Command line: xsim -mode tcl -source {xsim.dir/crypto_kem_enc/xsim_script.tcl}
# Log file: /home/dss545/KEM/NTRU/Reference_Implementation/crypto_kem/ntru-hps2048677/ntru77/enc/sim/verilog/xsim.log
# Journal file: /home/dss545/KEM/NTRU/Reference_Implementation/crypto_kem/ntru-hps2048677/ntru77/enc/sim/verilog/xsim.jou
#-----------------------------------------------------------
source xsim.dir/crypto_kem_enc/xsim_script.tcl
# xsim {crypto_kem_enc} -autoloadwcfg -tclbatch {crypto_kem_enc.tcl}
Vivado Simulator 2018.3
Time resolution is 1 ps
source crypto_kem_enc.tcl
## run all
////////////////////////////////////////////////////////////////////////////////////
// Inter-Transaction Progress: Completed Transaction / Total Transaction
// Intra-Transaction Progress: Measured Latency / Latency Estimation * 100%
//
// RTL Simulation : "Inter-Transaction Progress" ["Intra-Transaction Progress"] @ "Simulation Time"
////////////////////////////////////////////////////////////////////////////////////
// RTL Simulation : 0 / 2 [n/a] @ "125000"
// RTL Simulation : 1 / 2 [n/a] @ "19213845000"
// RTL Simulation : 2 / 2 [n/a] @ "38427575000"
////////////////////////////////////////////////////////////////////////////////////
$finish called at time : 38427615 ns : File "/home/dss545/KEM/NTRU/Reference_Implementation/crypto_kem/ntru-hps2048677/ntru77/enc/sim/verilog/crypto_kem_enc.autotb.v" Line 637
run: Time (s): cpu = 00:00:00.05 ; elapsed = 00:04:05 . Memory (MB): peak = 1375.590 ; gain = 0.000 ; free physical = 1077 ; free virtual = 587885
## quit
INFO: [Common 17-206] Exiting xsim at Tue Aug 25 12:06:36 2020...
