

================================================================
== Vivado HLS Report for 'mod3'
================================================================
* Date:           Tue Aug 25 12:31:04 2020

* Version:        2018.3 (Build 2405991 on Thu Dec 06 23:56:15 MST 2018)
* Project:        ntru77
* Solution:       keypair
* Product family: artix7
* Target device:  xc7a200tfbg676-2


================================================================
== Performance Estimates
================================================================
+ Timing (ns): 
    * Summary: 
    +--------+-------+----------+------------+
    |  Clock | Target| Estimated| Uncertainty|
    +--------+-------+----------+------------+
    |ap_clk  |  10.00|     8.251|        1.25|
    +--------+-------+----------+------------+

+ Latency (clock cycles): 
    * Summary: 
    +-----+-----+-----+-----+---------+
    |  Latency  |  Interval | Pipeline|
    | min | max | min | max |   Type  |
    +-----+-----+-----+-----+---------+
    |    0|    0|    0|    0|   none  |
    +-----+-----+-----+-----+---------+

    + Detail: 
        * Instance: 
        N/A

        * Loop: 
        N/A



================================================================
== Utilization Estimates
================================================================
* Summary: 
+-----------------+---------+-------+--------+--------+
|       Name      | BRAM_18K| DSP48E|   FF   |   LUT  |
+-----------------+---------+-------+--------+--------+
|DSP              |        -|      -|       -|       -|
|Expression       |        -|      -|       0|     158|
|FIFO             |        -|      -|       -|       -|
|Instance         |        -|      -|       -|       -|
|Memory           |        -|      -|       -|       -|
|Multiplexer      |        -|      -|       -|       -|
|Register         |        -|      -|       -|       -|
+-----------------+---------+-------+--------+--------+
|Total            |        0|      0|       0|     158|
+-----------------+---------+-------+--------+--------+
|Available        |      730|    740|  269200|  129000|
+-----------------+---------+-------+--------+--------+
|Utilization (%)  |        0|      0|       0|   ~0   |
+-----------------+---------+-------+--------+--------+

+ Detail: 
    * Instance: 
    N/A

    * DSP48: 
    N/A

    * Memory: 
    N/A

    * FIFO: 
    N/A

    * Expression: 
    +-----------------------------+----------+-------+---+----+------------+------------+
    |        Variable Name        | Operation| DSP48E| FF| LUT| Bitwidth P0| Bitwidth P1|
    +-----------------------------+----------+-------+---+----+------------+------------+
    |fold1_cast_fu_170_p2         |     +    |      0|  0|  12|           2|           2|
    |fold2_cast_fu_210_p2         |     +    |      0|  0|  10|           2|           2|
    |fold_cast_fu_128_p2          |     +    |      0|  0|  13|           4|           4|
    |r_1_fu_138_p2                |     +    |      0|  0|  15|           6|           6|
    |r_2_fu_180_p2                |     +    |      0|  0|  13|           4|           4|
    |r_3_fu_220_p2                |     +    |      0|  0|  12|           3|           3|
    |r_fu_80_p2                   |     +    |      0|  0|  16|           9|           9|
    |t_fu_226_p2                  |     +    |      0|  0|  12|           3|           3|
    |tmp_165_fu_74_p2             |     +    |      0|  0|  15|           8|           8|
    |tmp_57_fu_154_p2             |     +    |      0|  0|  12|           2|           2|
    |tmp_239_fu_272_p2            |    and   |      0|  0|   3|           3|           3|
    |tmp_s_fu_248_p2              |    and   |      0|  0|   3|           3|           3|
    |c_cast_fu_240_p3             |  select  |      0|  0|   2|           1|           2|
    |tmp_358_cast_cast_fu_264_p3  |  select  |      0|  0|   2|           1|           2|
    |ap_return                    |    xor   |      0|  0|  16|          16|          16|
    |not_tmp_s_fu_258_p2          |    xor   |      0|  0|   2|           1|           2|
    +-----------------------------+----------+-------+---+----+------------+------------+
    |Total                        |          |      0|  0| 158|          68|          71|
    +-----------------------------+----------+-------+---+----+------------+------------+

    * Multiplexer: 
    N/A

    * Register: 
    N/A



================================================================
== Interface
================================================================
* Summary: 
+-----------+-----+-----+------------+--------------+--------------+
| RTL Ports | Dir | Bits|  Protocol  | Source Object|    C Type    |
+-----------+-----+-----+------------+--------------+--------------+
|ap_ready   | out |    1| ap_ctrl_hs |     mod3     | return value |
|ap_return  | out |   16| ap_ctrl_hs |     mod3     | return value |
|a          |  in |   16|   ap_none  |       a      |    scalar    |
+-----------+-----+-----+------------+--------------+--------------+

