

================================================================
== Vivado HLS Report for 'poly_S3_inv'
================================================================
* Date:           Tue Aug 25 12:31:04 2020

* Version:        2018.3 (Build 2405991 on Thu Dec 06 23:56:15 MST 2018)
* Project:        ntru77
* Solution:       keypair
* Product family: artix7
* Target device:  xc7a200tfbg676-2


================================================================
== Performance Estimates
================================================================
+ Timing (ns): 
    * Summary: 
    +--------+-------+----------+------------+
    |  Clock | Target| Estimated| Uncertainty|
    +--------+-------+----------+------------+
    |ap_clk  |  10.00|     8.750|        1.25|
    +--------+-------+----------+------------+

+ Latency (clock cycles): 
    * Summary: 
    +----------+----------+----------+----------+---------+
    |       Latency       |       Interval      | Pipeline|
    |    min   |    max   |    min   |    max   |   Type  |
    +----------+----------+----------+----------+---------+
    |  16633901|  16633901|  16633901|  16633901|   none  |
    +----------+----------+----------+----------+---------+

    + Detail: 
        * Instance: 
        +-----------------+-------+-----+-----+-----+-----+---------+
        |                 |       |  Latency  |  Interval | Pipeline|
        |     Instance    | Module| min | max | min | max |   Type  |
        +-----------------+-------+-----+-----+-----+-----+---------+
        |grp_mod3_fu_621  |mod3   |    0|    0|    0|    0|   none  |
        +-----------------+-------+-----+-----+-----+-----+---------+

        * Loop: 
        +-------------+----------+----------+----------+-----------+-----------+------+----------+
        |             |       Latency       | Iteration|  Initiation Interval  | Trip |          |
        |  Loop Name  |    min   |    max   |  Latency |  achieved |   target  | Count| Pipelined|
        +-------------+----------+----------+----------+-----------+-----------+------+----------+
        |- Loop 1     |       676|       676|         1|          -|          -|   676|    no    |
        |- Loop 2     |       677|       677|         1|          -|          -|   677|    no    |
        |- Loop 3     |      1354|      1354|         2|          -|          -|   677|    no    |
        |- Loop 4     |       677|       677|         1|          -|          -|   677|    no    |
        |- Loop 5     |  16475445|  16475445|     12195|          -|          -|  1351|    no    |
        | + Loop 5.1  |      1354|      1354|         2|          -|          -|   677|    no    |
        | + Loop 5.2  |      1354|      1354|         2|          -|          -|   677|    no    |
        | + Loop 5.3  |      3385|      3385|         5|          -|          -|   677|    no    |
        | + Loop 5.4  |      3385|      3385|         5|          -|          -|   677|    no    |
        | + Loop 5.5  |      1352|      1352|         2|          -|          -|   676|    no    |
        | + Loop 5.6  |      1352|      1352|         2|          -|          -|   676|    no    |
        |- Loop 6     |      3385|      3385|         5|          -|          -|   677|    no    |
        |- Loop 7     |    148970|    148970|     14897|          -|          -|    10|    no    |
        | + Loop 7.1  |     10832|     10832|        16|          -|          -|   677|    no    |
        | + Loop 7.2  |      4062|      4062|         3|          -|          -|  1354|    no    |
        |- Loop 8     |      2708|      2708|         4|          -|          -|   677|    no    |
        +-------------+----------+----------+----------+-----------+-----------+------+----------+



================================================================
== Utilization Estimates
================================================================
* Summary: 
+-----------------+---------+-------+--------+--------+
|       Name      | BRAM_18K| DSP48E|   FF   |   LUT  |
+-----------------+---------+-------+--------+--------+
|DSP              |        -|      4|       -|       -|
|Expression       |        -|      -|       0|    1696|
|FIFO             |        -|      -|       -|       -|
|Instance         |        -|      -|     142|     236|
|Memory           |        4|      -|       0|       0|
|Multiplexer      |        -|      -|       -|     879|
|Register         |        -|      -|     863|       -|
+-----------------+---------+-------+--------+--------+
|Total            |        4|      4|    1005|    2811|
+-----------------+---------+-------+--------+--------+
|Available        |      730|    740|  269200|  129000|
+-----------------+---------+-------+--------+--------+
|Utilization (%)  |    ~0   |   ~0  |   ~0   |       2|
+-----------------+---------+-------+--------+--------+

+ Detail: 
    * Instance: 
    +---------------------------------------------------+-----------------------------------------------+---------+-------+-----+-----+
    |                      Instance                     |                     Module                    | BRAM_18K| DSP48E|  FF | LUT |
    +---------------------------------------------------+-----------------------------------------------+---------+-------+-----+-----+
    |crypto_kem_keypair_urem_11ns_11ns_11_15_seq_1_U35  |crypto_kem_keypair_urem_11ns_11ns_11_15_seq_1  |        0|      0|  142|   78|
    |grp_mod3_fu_621                                    |mod3                                           |        0|      0|    0|  158|
    +---------------------------------------------------+-----------------------------------------------+---------+-------+-----+-----+
    |Total                                              |                                               |        0|      0|  142|  236|
    +---------------------------------------------------+-----------------------------------------------+---------+-------+-----+-----+

    * DSP48: 
    +-------------------------------------------------------+---------------------------------------------------+--------------+
    |                        Instance                       |                       Module                      |  Expression  |
    +-------------------------------------------------------+---------------------------------------------------+--------------+
    |crypto_kem_keypair_mac_muladd_16s_16s_16ns_16_1_1_U37  |crypto_kem_keypair_mac_muladd_16s_16s_16ns_16_1_1  | i0 + i1 * i2 |
    |crypto_kem_keypair_mac_muladd_16s_16s_16ns_16_1_1_U38  |crypto_kem_keypair_mac_muladd_16s_16s_16ns_16_1_1  | i0 + i1 * i2 |
    |crypto_kem_keypair_mul_mul_16s_16s_16_1_1_U36          |crypto_kem_keypair_mul_mul_16s_16s_16_1_1          |    i0 * i1   |
    |crypto_kem_keypair_mul_mul_16s_16s_16_1_1_U39          |crypto_kem_keypair_mul_mul_16s_16s_16_1_1          |    i0 * i1   |
    +-------------------------------------------------------+---------------------------------------------------+--------------+

    * Memory: 
    +------------+----------------------+---------+---+----+------+-----+------+-------------+
    |   Memory   |        Module        | BRAM_18K| FF| LUT| Words| Bits| Banks| W*Bits*Banks|
    +------------+----------------------+---------+---+----+------+-----+------+-------------+
    |b_coeffs_U  |poly_S3_inv_b_coeffs  |        1|  0|   0|   677|   16|     1|        10832|
    |c_coeffs_U  |poly_S3_inv_b_coeffs  |        1|  0|   0|   677|   16|     1|        10832|
    |f_coeffs_U  |poly_S3_inv_b_coeffs  |        1|  0|   0|   677|   16|     1|        10832|
    |g_coeffs_U  |poly_S3_inv_b_coeffs  |        1|  0|   0|   677|   16|     1|        10832|
    +------------+----------------------+---------+---+----+------+-----+------+-------------+
    |Total       |                      |        4|  0|   0|  2708|   64|     4|        43328|
    +------------+----------------------+---------+---+----+------+-----+------+-------------+

    * FIFO: 
    N/A

    * Expression: 
    +------------------------------+----------+-------+---+----+------------+------------+
    |         Variable Name        | Operation| DSP48E| FF| LUT| Bitwidth P0| Bitwidth P1|
    +------------------------------+----------+-------+---+----+------------+------------+
    |gepindex1_fu_1318_p2          |     +    |      0|  0|  17|          10|          10|
    |gepindex_fu_1283_p2           |     +    |      0|  0|  17|           8|          10|
    |grp_fu_1205_p0                |     +    |      0|  0|  18|          11|          11|
    |i_10_fu_657_p2                |     +    |      0|  0|  17|          10|           1|
    |i_11_fu_669_p2                |     +    |      0|  0|  17|          10|           1|
    |i_12_fu_686_p2                |     +    |      0|  0|  17|          10|           1|
    |i_13_fu_703_p2                |     +    |      0|  0|  17|          10|           1|
    |i_14_fu_1147_p2               |     +    |      0|  0|  17|          10|           1|
    |i_15_fu_847_p2                |     +    |      0|  0|  17|          10|           1|
    |i_16_fu_1700_p2               |     +    |      0|  0|  17|          10|           1|
    |i_17_fu_946_p2                |     +    |      0|  0|  17|          10|           1|
    |i_18_fu_1239_p2               |     +    |      0|  0|  18|          11|           1|
    |i_19_fu_964_p2                |     +    |      0|  0|  17|          10|           1|
    |i_20_fu_1168_p2               |     +    |      0|  0|  13|           4|           1|
    |i_21_fu_1004_p2               |     +    |      0|  0|  17|          10|           1|
    |i_22_fu_1061_p2               |     +    |      0|  0|  17|          10|           1|
    |i_9_fu_804_p2                 |     +    |      0|  0|  17|          10|           1|
    |j_5_fu_720_p2                 |     +    |      0|  0|  18|          11|           1|
    |j_6_fu_1194_p2                |     +    |      0|  0|  17|          10|           1|
    |k_3_fu_1071_p2                |     +    |      0|  0|  18|          11|          11|
    |mem_index_gep1_fu_1302_p2     |     +    |      0|  0|  23|          16|          16|
    |mem_index_gep_fu_1267_p2      |     +    |      0|  0|  21|          14|          14|
    |tmp_113_i_fu_993_p2           |     +    |      0|  0|  17|          10|           2|
    |tmp_187_fu_1717_p2            |     +    |      0|  0|  23|          16|          16|
    |degf_2_fu_1067_p2             |     -    |      0|  0|  23|          16|          16|
    |k_2_fu_1131_p2                |     -    |      0|  0|  19|          12|          12|
    |tmp_106_i_fu_1039_p2          |     -    |      0|  0|  17|          10|          10|
    |tmp_108_i_fu_1050_p2          |     -    |      0|  0|  17|          10|          10|
    |tmp_173_fu_1109_p2            |     -    |      0|  0|  18|          10|          11|
    |tmp_176_fu_756_p2             |     -    |      0|  0|  24|          17|          17|
    |tmp_202_fu_1076_p2            |     -    |      0|  0|  23|           1|          16|
    |tmp_219_fu_1384_p2            |     -    |      0|  0|  15|           5|           5|
    |tmp_221_fu_1396_p2            |     -    |      0|  0|  15|           5|           5|
    |tmp_225_fu_1426_p2            |     -    |      0|  0|  15|           4|           5|
    |tmp_237_fu_1466_p2            |     -    |      0|  0|  15|           5|           5|
    |tmp_239_fu_1478_p2            |     -    |      0|  0|  15|           5|           5|
    |tmp_243_fu_1508_p2            |     -    |      0|  0|  15|           4|           5|
    |p_demorgan_fu_1671_p2         |    and   |      0|  0|  16|          16|          16|
    |swap_fu_784_p2                |    and   |      0|  0|   2|           1|           1|
    |t_1_fu_921_p2                 |    and   |      0|  0|  16|          16|          16|
    |t_fu_822_p2                   |    and   |      0|  0|  16|          16|          16|
    |tmp21_fu_778_p2               |    and   |      0|  0|   2|           1|           1|
    |tmp22_fu_865_p2               |    and   |      0|  0|   2|           1|           1|
    |tmp_105_i_fu_1099_p2          |    and   |      0|  0|  16|          16|          16|
    |tmp_111_i_fu_1026_p2          |    and   |      0|  0|  16|          16|          16|
    |tmp_182_fu_870_p2             |    and   |      0|  0|   2|           1|           1|
    |tmp_183_fu_883_p2             |    and   |      0|  0|  16|          16|          16|
    |tmp_185_fu_909_p2             |    and   |      0|  0|  16|          16|          16|
    |tmp_230_fu_1553_p2            |    and   |      0|  0|  16|          16|          16|
    |tmp_248_fu_1534_p2            |    and   |      0|  0|  16|          16|          16|
    |tmp_267_fu_1677_p2            |    and   |      0|  0|  16|          16|          16|
    |tmp_i1_56_fu_1567_p2          |    and   |      0|  0|   8|           8|           8|
    |addrCmp1_fu_1312_p2           |   icmp   |      0|  0|  13|          16|          16|
    |addrCmp_fu_1277_p2            |   icmp   |      0|  0|  13|          14|          14|
    |exitcond10_fu_646_p2          |   icmp   |      0|  0|  13|          10|          10|
    |exitcond1_fu_1188_p2          |   icmp   |      0|  0|  13|          10|          10|
    |exitcond2_fu_1162_p2          |   icmp   |      0|  0|   9|           4|           4|
    |exitcond3_fu_1141_p2          |   icmp   |      0|  0|  13|          10|          10|
    |exitcond4_fu_958_p2           |   icmp   |      0|  0|  13|          10|          10|
    |exitcond5_fu_940_p2           |   icmp   |      0|  0|  13|          10|          10|
    |exitcond6_fu_714_p2           |   icmp   |      0|  0|  13|          11|          11|
    |exitcond7_fu_697_p2           |   icmp   |      0|  0|  13|          10|          10|
    |exitcond8_fu_680_p2           |   icmp   |      0|  0|  13|          10|          10|
    |exitcond9_fu_663_p2           |   icmp   |      0|  0|  13|          10|          10|
    |exitcond_fu_1694_p2           |   icmp   |      0|  0|  13|          10|          10|
    |exitcond_i1_fu_1233_p2        |   icmp   |      0|  0|  13|          11|          11|
    |exitcond_i5_fu_798_p2         |   icmp   |      0|  0|  13|          10|          10|
    |exitcond_i6_fu_1033_p2        |   icmp   |      0|  0|  13|          10|          10|
    |exitcond_i9_fu_841_p2         |   icmp   |      0|  0|  13|          10|          10|
    |exitcond_i_fu_982_p2          |   icmp   |      0|  0|  13|          10|          10|
    |grp_fu_626_p2                 |   icmp   |      0|  0|   9|           4|           4|
    |tmp_233_fu_1442_p2            |   icmp   |      0|  0|   9|           4|           4|
    |tmp_228_fu_1436_p2            |   lshr   |      0|  0|  35|          16|          16|
    |tmp_229_fu_1547_p2            |   lshr   |      0|  0|  35|           2|          16|
    |tmp_246_fu_1522_p2            |   lshr   |      0|  0|  35|          16|          16|
    |tmp_247_fu_1528_p2            |   lshr   |      0|  0|  35|           2|          16|
    |tmp_266_fu_1665_p2            |   lshr   |      0|  0|  35|           2|          16|
    |end_pos_fu_1359_p2            |    or    |      0|  0|   4|           4|           3|
    |tmp_61_cast_fu_744_p2         |    or    |      0|  0|   2|           1|           1|
    |b_assign_1_cast_fu_1215_p3    |  select  |      0|  0|   2|           1|           2|
    |gepindex2_fu_1289_p3          |  select  |      0|  0|  10|           1|          10|
    |gepindex3_fu_1324_p3          |  select  |      0|  0|  10|           1|          10|
    |tmp_110_i_fu_1090_p3          |  select  |      0|  0|  16|           1|          16|
    |tmp_115_i_fu_1010_p3          |  select  |      0|  0|  16|           1|          16|
    |tmp_184_fu_901_p3             |  select  |      0|  0|   2|           1|           2|
    |tmp_222_fu_1402_p3            |  select  |      0|  0|   5|           1|           5|
    |tmp_223_fu_1410_p3            |  select  |      0|  0|  16|           1|          16|
    |tmp_224_fu_1418_p3            |  select  |      0|  0|   5|           1|           5|
    |tmp_240_cast_cast_fu_1123_p3  |  select  |      0|  0|  10|           1|          10|
    |tmp_240_fu_1484_p3            |  select  |      0|  0|   5|           1|           5|
    |tmp_241_fu_1492_p3            |  select  |      0|  0|  16|           1|          16|
    |tmp_242_fu_1500_p3            |  select  |      0|  0|   5|           1|           5|
    |tmp_255_fu_1593_p3            |  select  |      0|  0|   5|           1|           5|
    |tmp_256_fu_1601_p3            |  select  |      0|  0|   5|           1|           5|
    |tmp_257_cast_fu_875_p3        |  select  |      0|  0|   2|           1|           2|
    |tmp_257_fu_1609_p3            |  select  |      0|  0|   5|           1|           5|
    |tmp_264_fu_1651_p3            |  select  |      0|  0|  16|           1|          16|
    |tmp_i3_cast_fu_790_p3         |  select  |      0|  0|   2|           1|           2|
    |tmp_i_50_fu_1019_p3           |  select  |      0|  0|   2|           1|           2|
    |mask_fu_1687_p2               |    shl   |      0|  0|   6|           1|           2|
    |tmp_180_fu_1174_p2            |    shl   |      0|  0|  23|           1|          10|
    |tmp_262_fu_1635_p2            |    shl   |      0|  0|  35|          16|          16|
    |tmp_265_fu_1659_p2            |    shl   |      0|  0|  35|           2|          16|
    |degf_1_fu_889_p2              |    xor   |      0|  0|  16|          16|          16|
    |degg_1_fu_895_p2              |    xor   |      0|  0|  16|          16|          16|
    |tmp_181_fu_859_p2             |    xor   |      0|  0|  16|          16|          16|
    |tmp_220_fu_1390_p2            |    xor   |      0|  0|   5|           5|           4|
    |tmp_238_fu_1472_p2            |    xor   |      0|  0|   5|           5|           4|
    |tmp_254_fu_1587_p2            |    xor   |      0|  0|   5|           5|           4|
    |tmp_258_fu_1617_p2            |    xor   |      0|  0|   5|           5|           4|
    |tmp_362_i1_fu_915_p2          |    xor   |      0|  0|  16|          16|          16|
    |tmp_362_i_fu_816_p2           |    xor   |      0|  0|  16|          16|          16|
    |tmp_363_i1_fu_926_p2          |    xor   |      0|  0|  16|          16|          16|
    |tmp_363_i_fu_827_p2           |    xor   |      0|  0|  16|          16|          16|
    |tmp_364_i1_fu_933_p2          |    xor   |      0|  0|  16|          16|          16|
    |tmp_364_i_fu_834_p2           |    xor   |      0|  0|  16|          16|          16|
    |tmp_386_i_fu_1572_p2          |    xor   |      0|  0|   8|           8|           8|
    |tmp_i1_fu_1562_p2             |    xor   |      0|  0|   8|           8|           8|
    |tmp_i_fu_976_p2               |    xor   |      0|  0|   2|           1|           2|
    +------------------------------+----------+-------+---+----+------------+------------+
    |Total                         |          |      0|  0|1696|         986|        1055|
    +------------------------------+----------+-------+---+----+------------+------------+

    * Multiplexer: 
    +-------------------+-----+-----------+-----+-----------+
    |        Name       | LUT | Input Size| Bits| Total Bits|
    +-------------------+-----+-----------+-----+-----------+
    |ap_NS_fsm          |  265|         62|    1|         62|
    |b_coeffs_address0  |   38|          7|   10|         70|
    |b_coeffs_d0        |   27|          5|   16|         80|
    |c_coeffs_address0  |   44|          9|   10|         90|
    |c_coeffs_d0        |   27|          5|   16|         80|
    |degf_reg_442       |    9|          2|   16|         32|
    |degg_reg_430       |    9|          2|   16|         32|
    |done_reg_477       |    9|          2|    1|          2|
    |f_coeffs_address0  |   53|         12|   10|        120|
    |f_coeffs_d0        |   38|          7|   16|        112|
    |g_coeffs_address0  |   33|          6|   10|         60|
    |g_coeffs_d0        |   15|          3|   16|         48|
    |grp_fu_626_p0      |   15|          3|    4|         12|
    |grp_fu_626_p1      |   15|          3|    4|         12|
    |grp_mod3_fu_621_a  |   33|          6|   16|         96|
    |i_1_reg_397        |    9|          2|   10|         20|
    |i_2_reg_408        |    9|          2|   10|         20|
    |i_3_reg_419        |    9|          2|   10|         20|
    |i_4_reg_511        |    9|          2|   10|         20|
    |i_5_reg_522        |    9|          2|   10|         20|
    |i_6_reg_555        |    9|          2|   10|         20|
    |i_7_reg_576        |    9|          2|    4|          8|
    |i_8_reg_610        |    9|          2|   10|         20|
    |i_i1_reg_599       |    9|          2|   11|         22|
    |i_i4_reg_489       |    9|          2|   10|         20|
    |i_i5_reg_544       |    9|          2|   10|         20|
    |i_i8_reg_500       |    9|          2|   10|         20|
    |i_i_reg_533        |    9|          2|   10|         20|
    |i_reg_386          |    9|          2|   10|         20|
    |j_1_reg_587        |    9|          2|   10|         20|
    |j_reg_466          |    9|          2|   11|         22|
    |k_1_reg_566        |    9|          2|   16|         32|
    |k_reg_454          |    9|          2|   11|         22|
    |r_coeffs_address0  |   33|          6|   10|         60|
    |r_coeffs_address1  |   15|          3|   10|         30|
    |r_coeffs_d0        |   15|          3|   16|         48|
    |r_coeffs_we0       |   15|          3|    2|          6|
    |r_coeffs_we1       |    9|          2|    2|          4|
    +-------------------+-----+-----------+-----+-----------+
    |Total              |  879|        187|  385|       1422|
    +-------------------+-----+-----------+-----+-----------+

    * Register: 
    +-------------------------------+----+----+-----+-----------+
    |              Name             | FF | LUT| Bits| Const Bits|
    +-------------------------------+----+----+-----+-----------+
    |ap_CS_fsm                      |  61|   0|   61|          0|
    |b_assign_1_cast_reg_2086       |   8|   0|    8|          0|
    |b_coeffs_addr_3_reg_1884       |  10|   0|   10|          0|
    |b_coeffs_addr_4_reg_1941       |  10|   0|   10|          0|
    |b_coeffs_load_reg_2045         |  16|   0|   16|          0|
    |c_coeffs_addr_2_reg_1889       |  10|   0|   10|          0|
    |c_coeffs_addr_5_reg_1997       |  10|   0|   10|          0|
    |c_coeffs_load_2_reg_1956       |  16|   0|   16|          0|
    |degf_1_reg_1894                |  16|   0|   16|          0|
    |degf_2_reg_2007                |  16|   0|   16|          0|
    |degf_reg_442                   |  16|   0|   16|          0|
    |degg_1_reg_1899                |  16|   0|   16|          0|
    |degg_reg_430                   |  16|   0|   16|          0|
    |done_reg_477                   |   1|   0|    1|          0|
    |end_pos_reg_2131               |   1|   0|    4|          3|
    |g_coeffs_addr_2_reg_1871       |  10|   0|   10|          0|
    |i_12_reg_1766                  |  10|   0|   10|          0|
    |i_14_reg_2030                  |  10|   0|   10|          0|
    |i_15_reg_1879                  |  10|   0|   10|          0|
    |i_16_reg_2156                  |  10|   0|   10|          0|
    |i_17_reg_1913                  |  10|   0|   10|          0|
    |i_18_reg_2099                  |  11|   0|   11|          0|
    |i_19_reg_1936                  |  10|   0|   10|          0|
    |i_1_reg_397                    |  10|   0|   10|          0|
    |i_20_reg_2058                  |   4|   0|    4|          0|
    |i_21_reg_1979                  |  10|   0|   10|          0|
    |i_22_reg_2002                  |  10|   0|   10|          0|
    |i_2_reg_408                    |  10|   0|   10|          0|
    |i_3_reg_419                    |  10|   0|   10|          0|
    |i_4_reg_511                    |  10|   0|   10|          0|
    |i_5_reg_522                    |  10|   0|   10|          0|
    |i_6_reg_555                    |  10|   0|   10|          0|
    |i_7_reg_576                    |   4|   0|    4|          0|
    |i_8_reg_610                    |  10|   0|   10|          0|
    |i_9_reg_1861                   |  10|   0|   10|          0|
    |i_i1_reg_599                   |  11|   0|   11|          0|
    |i_i4_reg_489                   |  10|   0|   10|          0|
    |i_i5_reg_544                   |  10|   0|   10|          0|
    |i_i8_reg_500                   |  10|   0|   10|          0|
    |i_i_reg_533                    |  10|   0|   10|          0|
    |i_reg_386                      |  10|   0|   10|          0|
    |j_1_reg_587                    |  10|   0|   10|          0|
    |j_5_reg_1812                   |  11|   0|   11|          0|
    |j_6_reg_2076                   |  10|   0|   10|          0|
    |j_reg_466                      |  11|   0|   11|          0|
    |k_1_reg_566                    |  16|   0|   16|          0|
    |k_2_cast_reg_2022              |  16|   0|   16|          0|
    |k_3_reg_2012                   |  11|   0|   11|          0|
    |k_reg_454                      |  11|   0|   11|          0|
    |r_coeffs_addr_3_reg_2161       |  10|   0|   10|          0|
    |r_coeffs_addr_5_reg_2115       |  10|   0|   10|          0|
    |reg_630                        |  16|   0|   16|          0|
    |reg_634                        |  16|   0|   16|          0|
    |reg_638                        |  16|   0|   16|          0|
    |start_pos_reg_2125             |   1|   0|    4|          3|
    |temp_r_coeffs_addr_3_reg_1866  |  10|   0|   10|          0|
    |temp_r_coeffs_addr_5_reg_1918  |  10|   0|   10|          0|
    |temp_r_coeffs_addr_7_reg_1974  |  10|   0|   10|          0|
    |tmp_171_reg_1771               |  10|   0|   64|         54|
    |tmp_174_reg_1817               |  16|   0|   16|          0|
    |tmp_177_reg_2035               |  10|   0|   64|         54|
    |tmp_178_reg_2050               |  16|   0|   16|          0|
    |tmp_185_reg_1904               |  16|   0|   16|          0|
    |tmp_187_reg_2167               |  16|   0|   16|          0|
    |tmp_196_reg_1928               |  16|   0|   16|          0|
    |tmp_200_reg_1961               |  16|   0|   16|          0|
    |tmp_208_reg_1822               |   1|   0|    1|          0|
    |tmp_209_reg_1827               |   1|   0|    1|          0|
    |tmp_210_reg_1837               |   1|   0|    1|          0|
    |tmp_213_reg_2104               |   1|   0|    1|          0|
    |tmp_225_reg_2137               |   4|   0|    5|          1|
    |tmp_228_reg_2142               |  16|   0|   16|          0|
    |tmp_249_reg_2147               |   8|   0|    8|          0|
    |tmp_269_reg_2017               |   1|   0|    1|          0|
    |tmp_270_cast_reg_2063          |  10|   0|   11|          1|
    |tmp_61_cast_reg_1832           |   1|   0|    1|          0|
    |tmp_64_cast_reg_1847           |   1|   0|   11|         10|
    |tmp_64_reg_1842                |   1|   0|   16|         15|
    |tmp_i3_cast_reg_1852           |  16|   0|   16|          0|
    |tmp_i_50_reg_1984              |  16|   0|   16|          0|
    |tmp_i_reg_1951                 |   1|   0|    1|          0|
    +-------------------------------+----+----+-----+-----------+
    |Total                          | 863|   0| 1004|        141|
    +-------------------------------+----+----+-----+-----------+



================================================================
== Interface
================================================================
* Summary: 
+-------------------+-----+-----+------------+--------------+--------------+
|     RTL Ports     | Dir | Bits|  Protocol  | Source Object|    C Type    |
+-------------------+-----+-----+------------+--------------+--------------+
|ap_clk             |  in |    1| ap_ctrl_hs |  poly_S3_inv | return value |
|ap_rst             |  in |    1| ap_ctrl_hs |  poly_S3_inv | return value |
|ap_start           |  in |    1| ap_ctrl_hs |  poly_S3_inv | return value |
|ap_done            | out |    1| ap_ctrl_hs |  poly_S3_inv | return value |
|ap_idle            | out |    1| ap_ctrl_hs |  poly_S3_inv | return value |
|ap_ready           | out |    1| ap_ctrl_hs |  poly_S3_inv | return value |
|r_coeffs_address0  | out |   10|  ap_memory |   r_coeffs   |     array    |
|r_coeffs_ce0       | out |    1|  ap_memory |   r_coeffs   |     array    |
|r_coeffs_we0       | out |    2|  ap_memory |   r_coeffs   |     array    |
|r_coeffs_d0        | out |   16|  ap_memory |   r_coeffs   |     array    |
|r_coeffs_q0        |  in |   16|  ap_memory |   r_coeffs   |     array    |
|r_coeffs_address1  | out |   10|  ap_memory |   r_coeffs   |     array    |
|r_coeffs_ce1       | out |    1|  ap_memory |   r_coeffs   |     array    |
|r_coeffs_we1       | out |    2|  ap_memory |   r_coeffs   |     array    |
|r_coeffs_d1        | out |   16|  ap_memory |   r_coeffs   |     array    |
|r_coeffs_q1        |  in |   16|  ap_memory |   r_coeffs   |     array    |
|a_coeffs_address0  | out |   10|  ap_memory |   a_coeffs   |     array    |
|a_coeffs_ce0       | out |    1|  ap_memory |   a_coeffs   |     array    |
|a_coeffs_q0        |  in |   16|  ap_memory |   a_coeffs   |     array    |
+-------------------+-----+-----+------------+--------------+--------------+

