

================================================================
== Vivado HLS Report for 'poly_Sq_tobytes_1'
================================================================
* Date:           Tue Aug 25 12:31:08 2020

* Version:        2018.3 (Build 2405991 on Thu Dec 06 23:56:15 MST 2018)
* Project:        ntru77
* Solution:       keypair
* Product family: artix7
* Target device:  xc7a200tfbg676-2


================================================================
== Performance Estimates
================================================================
+ Timing (ns): 
    * Summary: 
    +--------+-------+----------+------------+
    |  Clock | Target| Estimated| Uncertainty|
    +--------+-------+----------+------------+
    |ap_clk  |  10.00|     6.271|        1.25|
    +--------+-------+----------+------------+

+ Latency (clock cycles): 
    * Summary: 
    +------+------+------+------+---------+
    |   Latency   |   Interval  | Pipeline|
    |  min |  max |  min |  max |   Type  |
    +------+------+------+------+---------+
    |  2035|  2035|  2035|  2035|   none  |
    +------+------+------+------+---------+

    + Detail: 
        * Instance: 
        N/A

        * Loop: 
        +-------------+------+------+----------+-----------+-----------+------+----------+
        |             |   Latency   | Iteration|  Initiation Interval  | Trip |          |
        |  Loop Name  |  min |  max |  Latency |  achieved |   target  | Count| Pipelined|
        +-------------+------+------+----------+-----------+-----------+------+----------+
        |- Loop 1     |  2016|  2016|        24|          -|          -|    84|    no    |
        | + Loop 1.1  |    16|    16|         2|          -|          -|     8|    no    |
        |- Loop 2     |     8|     8|         2|          -|          -|     4|    no    |
        |- Loop 3     |     4|     4|         1|          -|          -|     4|    no    |
        +-------------+------+------+----------+-----------+-----------+------+----------+



================================================================
== Utilization Estimates
================================================================
* Summary: 
+-----------------+---------+-------+--------+--------+
|       Name      | BRAM_18K| DSP48E|   FF   |   LUT  |
+-----------------+---------+-------+--------+--------+
|DSP              |        -|      -|       -|       -|
|Expression       |        -|      -|       0|     580|
|FIFO             |        -|      -|       -|       -|
|Instance         |        -|      -|       -|       -|
|Memory           |        1|      -|       0|       0|
|Multiplexer      |        -|      -|       -|     422|
|Register         |        -|      -|     127|       -|
+-----------------+---------+-------+--------+--------+
|Total            |        1|      0|     127|    1002|
+-----------------+---------+-------+--------+--------+
|Available        |      730|    740|  269200|  129000|
+-----------------+---------+-------+--------+--------+
|Utilization (%)  |    ~0   |      0|   ~0   |   ~0   |
+-----------------+---------+-------+--------+--------+

+ Detail: 
    * Instance: 
    N/A

    * DSP48: 
    N/A

    * Memory: 
    +-------+---------------------+---------+---+----+------+-----+------+-------------+
    | Memory|        Module       | BRAM_18K| FF| LUT| Words| Bits| Banks| W*Bits*Banks|
    +-------+---------------------+---------+---+----+------+-----+------+-------------+
    |t_U    |poly_Sq_tobytes_1_t  |        1|  0|   0|     8|   16|     1|          128|
    +-------+---------------------+---------+---+----+------+-----+------+-------------+
    |Total  |                     |        1|  0|   0|     8|   16|     1|          128|
    +-------+---------------------+---------+---+----+------+-----+------+-------------+

    * FIFO: 
    N/A

    * Expression: 
    +----------------------+----------+-------+---+----+------------+------------+
    |     Variable Name    | Operation| DSP48E| FF| LUT| Bitwidth P0| Bitwidth P1|
    +----------------------+----------+-------+---+----+------------+------------+
    |j_3_fu_558_p2         |     +    |      0|  0|  13|           4|           1|
    |j_4_fu_1074_p2        |     +    |      0|  0|  13|           4|           1|
    |next_mul_fu_522_p2    |     +    |      0|  0|  17|          10|           4|
    |sum10_fu_708_p2       |     +    |      0|  0|  18|           9|          11|
    |sum12_fu_755_p2       |     +    |      0|  0|  18|           9|          11|
    |sum14_fu_795_p2       |     +    |      0|  0|  18|           9|          11|
    |sum15_fu_844_p2       |     +    |      0|  0|  18|           9|          11|
    |sum16_fu_876_p2       |     +    |      0|  0|  18|           9|          11|
    |sum17_fu_941_p2       |     +    |      0|  0|  18|           9|          11|
    |sum18_fu_991_p2       |     +    |      0|  0|  18|           9|          11|
    |sum19_fu_1022_p2      |     +    |      0|  0|  18|           9|          11|
    |sum2_fu_638_p2        |     +    |      0|  0|  18|           9|          11|
    |sum8_fu_687_p2        |     +    |      0|  0|  18|           9|          11|
    |sum_fu_588_p2         |     +    |      0|  0|  18|           9|          11|
    |tmp_48_fu_1039_p2     |     +    |      0|  0|  12|           3|           1|
    |tmp_49_fu_534_p2      |     +    |      0|  0|  15|           7|           1|
    |tmp_51_fu_628_p2      |     +    |      0|  0|  17|           1|          10|
    |tmp_53_fu_677_p2      |     +    |      0|  0|  17|           2|          10|
    |tmp_55_fu_698_p2      |     +    |      0|  0|  17|           2|          10|
    |tmp_57_fu_745_p2      |     +    |      0|  0|  17|           3|          10|
    |tmp_59_fu_785_p2      |     +    |      0|  0|  17|           3|          10|
    |tmp_61_fu_834_p2      |     +    |      0|  0|  17|           3|          10|
    |tmp_63_fu_866_p2      |     +    |      0|  0|  17|           3|          10|
    |tmp_66_fu_931_p2      |     +    |      0|  0|  17|           4|          10|
    |tmp_69_fu_981_p2      |     +    |      0|  0|  17|           4|          10|
    |tmp_71_fu_1012_p2     |     +    |      0|  0|  17|           4|          10|
    |tmp_73_fu_564_p2      |     +    |      0|  0|  17|          10|          10|
    |exitcond1_fu_1033_p2  |   icmp   |      0|  0|   9|           3|           4|
    |exitcond2_fu_552_p2   |   icmp   |      0|  0|  11|           4|           5|
    |exitcond3_fu_528_p2   |   icmp   |      0|  0|  11|           7|           7|
    |exitcond_fu_1063_p2   |   icmp   |      0|  0|  11|           4|           5|
    |tmp_26_fu_731_p2      |    or    |      0|  0|   6|           6|           6|
    |tmp_38_fu_909_p2      |    or    |      0|  0|   7|           7|           7|
    |tmp_45_fu_1110_p2     |    or    |      0|  0|   6|           6|           6|
    |tmp_50_fu_621_p2      |    or    |      0|  0|   8|           8|           8|
    |tmp_52_fu_671_p2      |    or    |      0|  0|   8|           8|           8|
    |tmp_58_fu_778_p2      |    or    |      0|  0|   8|           8|           8|
    |tmp_60_fu_828_p2      |    or    |      0|  0|   8|           8|           8|
    |tmp_68_fu_974_p2      |    or    |      0|  0|   8|           8|           8|
    |tmp_77_fu_1092_p2     |    or    |      0|  0|   8|           8|           8|
    |tmp_82_fu_1145_p2     |    or    |      0|  0|   8|           8|           8|
    |tmp_85_fu_1173_p2     |    or    |      0|  0|   8|           8|           8|
    +----------------------+----------+-------+---+----+------------+------------+
    |Total                 |          |      0|  0| 580|         267|         343|
    +----------------------+----------+-------+---+----+------------+------------+

    * Multiplexer: 
    +-------------------+----+-----------+-----+-----------+
    |        Name       | LUT| Input Size| Bits| Total Bits|
    +-------------------+----+-----------+-----+-----------+
    |a_coeffs_address0  |  15|          3|   10|         30|
    |ap_NS_fsm          |  89|         18|    1|         18|
    |i_reg_423          |   9|          2|    7|         14|
    |j_1_reg_458        |   9|          2|    3|          6|
    |j_2_reg_470        |   9|          2|    4|          8|
    |j_reg_446          |   9|          2|    4|          8|
    |phi_mul_reg_434    |   9|          2|   10|         20|
    |r_address0         |  47|         10|   11|        110|
    |r_address1         |  44|          9|   11|         99|
    |r_d0               |  47|         10|    8|         80|
    |r_d1               |  41|          8|    8|         64|
    |t_address0         |  41|          8|    3|         24|
    |t_address1         |  38|          7|    3|         21|
    |t_d0               |  15|          3|   16|         48|
    +-------------------+----+-----------+-----+-----------+
    |Total              | 422|         86|   99|        550|
    +-------------------+----+-----------+-----+-----------+

    * Register: 
    +-------------------+----+----+-----+-----------+
    |        Name       | FF | LUT| Bits| Const Bits|
    +-------------------+----+----+-----+-----------+
    |ap_CS_fsm          |  17|   0|   17|          0|
    |i_reg_423          |   7|   0|    7|          0|
    |j_1_reg_458        |   3|   0|    3|          0|
    |j_2_reg_470        |   4|   0|    4|          0|
    |j_3_reg_1248       |   4|   0|    4|          0|
    |j_reg_446          |   4|   0|    4|          0|
    |next_mul_reg_1227  |  10|   0|   10|          0|
    |phi_mul_reg_434    |  10|   0|   10|          0|
    |tmp_21_reg_1258    |   8|   0|    8|          0|
    |tmp_23_reg_1263    |   6|   0|    6|          0|
    |tmp_30_reg_1268    |   8|   0|    8|          0|
    |tmp_34_reg_1273    |   7|   0|    7|          0|
    |tmp_46_reg_1309    |   2|   0|    2|          0|
    |tmp_48_reg_1286    |   3|   0|    3|          0|
    |tmp_49_reg_1235    |   7|   0|    7|          0|
    |tmp_70_reg_1278    |   8|   0|    8|          0|
    |tmp_86_reg_1304    |   5|   0|    5|          0|
    |tmp_88_reg_1314    |   2|   0|    2|          0|
    |tmp_89_reg_1319    |   5|   0|    5|          0|
    |tmp_reg_1240       |   7|   0|   10|          3|
    +-------------------+----+----+-----+-----------+
    |Total              | 127|   0|  130|          3|
    +-------------------+----+----+-----+-----------+



================================================================
== Interface
================================================================
* Summary: 
+-------------------+-----+-----+------------+-------------------+--------------+
|     RTL Ports     | Dir | Bits|  Protocol  |   Source Object   |    C Type    |
+-------------------+-----+-----+------------+-------------------+--------------+
|ap_clk             |  in |    1| ap_ctrl_hs | poly_Sq_tobytes.1 | return value |
|ap_rst             |  in |    1| ap_ctrl_hs | poly_Sq_tobytes.1 | return value |
|ap_start           |  in |    1| ap_ctrl_hs | poly_Sq_tobytes.1 | return value |
|ap_done            | out |    1| ap_ctrl_hs | poly_Sq_tobytes.1 | return value |
|ap_idle            | out |    1| ap_ctrl_hs | poly_Sq_tobytes.1 | return value |
|ap_ready           | out |    1| ap_ctrl_hs | poly_Sq_tobytes.1 | return value |
|r_address0         | out |   11|  ap_memory |         r         |     array    |
|r_ce0              | out |    1|  ap_memory |         r         |     array    |
|r_we0              | out |    1|  ap_memory |         r         |     array    |
|r_d0               | out |    8|  ap_memory |         r         |     array    |
|r_address1         | out |   11|  ap_memory |         r         |     array    |
|r_ce1              | out |    1|  ap_memory |         r         |     array    |
|r_we1              | out |    1|  ap_memory |         r         |     array    |
|r_d1               | out |    8|  ap_memory |         r         |     array    |
|a_coeffs_address0  | out |   10|  ap_memory |      a_coeffs     |     array    |
|a_coeffs_ce0       | out |    1|  ap_memory |      a_coeffs     |     array    |
|a_coeffs_q0        |  in |   16|  ap_memory |      a_coeffs     |     array    |
+-------------------+-----+-----+------------+-------------------+--------------+

