

================================================================
== Vivado HLS Report for 'poly_S3_tobytes'
================================================================
* Date:           Mon Aug 24 19:52:47 2020

* Version:        2018.3 (Build 2405991 on Thu Dec 06 23:56:15 MST 2018)
* Project:        ntru09
* Solution:       enc
* Product family: artix7
* Target device:  xc7a200tfbg676-2


================================================================
== Performance Estimates
================================================================
+ Timing (ns): 
    * Summary: 
    +--------+-------+----------+------------+
    |  Clock | Target| Estimated| Uncertainty|
    +--------+-------+----------+------------+
    |ap_clk  |  10.00|     6.240|        1.25|
    +--------+-------+----------+------------+

+ Latency (clock cycles): 
    * Summary: 
    +-----+-----+-----+-----+---------+
    |  Latency  |  Interval | Pipeline|
    | min | max | min | max |   Type  |
    +-----+-----+-----+-----+---------+
    |  513|  513|  513|  513|   none  |
    +-----+-----+-----+-----+---------+

    + Detail: 
        * Instance: 
        N/A

        * Loop: 
        +----------+-----+-----+----------+-----------+-----------+------+----------+
        |          |  Latency  | Iteration|  Initiation Interval  | Trip |          |
        | Loop Name| min | max |  Latency |  achieved |   target  | Count| Pipelined|
        +----------+-----+-----+----------+-----------+-----------+------+----------+
        |- Loop 1  |  505|  505|         5|          -|          -|   101|    no    |
        |- Loop 2  |    6|    6|         2|          -|          -|     3|    no    |
        +----------+-----+-----+----------+-----------+-----------+------+----------+



================================================================
== Utilization Estimates
================================================================
* Summary: 
+-----------------+---------+-------+--------+--------+
|       Name      | BRAM_18K| DSP48E|   FF   |   LUT  |
+-----------------+---------+-------+--------+--------+
|DSP              |        -|      -|       -|       -|
|Expression       |        -|      -|       0|     241|
|FIFO             |        -|      -|       -|       -|
|Instance         |        -|      -|       -|       -|
|Memory           |        -|      -|       -|       -|
|Multiplexer      |        -|      -|       -|     143|
|Register         |        -|      -|      93|       -|
+-----------------+---------+-------+--------+--------+
|Total            |        0|      0|      93|     384|
+-----------------+---------+-------+--------+--------+
|Available        |      730|    740|  269200|  129000|
+-----------------+---------+-------+--------+--------+
|Utilization (%)  |        0|      0|   ~0   |   ~0   |
+-----------------+---------+-------+--------+--------+

+ Detail: 
    * Instance: 
    N/A

    * DSP48: 
    N/A

    * Memory: 
    N/A

    * FIFO: 
    N/A

    * Expression: 
    +--------------------+----------+-------+---+----+------------+------------+
    |    Variable Name   | Operation| DSP48E| FF| LUT| Bitwidth P0| Bitwidth P1|
    +--------------------+----------+-------+---+----+------------+------------+
    |c_1_fu_254_p2       |     +    |      0|  0|   8|           8|           8|
    |c_2_fu_293_p2       |     +    |      0|  0|   8|           8|           8|
    |c_3_fu_327_p2       |     +    |      0|  0|   8|           8|           8|
    |c_4_fu_347_p2       |     +    |      0|  0|   8|           8|           8|
    |c_5_fu_416_p2       |     +    |      0|  0|   8|           8|           8|
    |i_9_fu_186_p2       |     +    |      0|  0|  15|           7|           1|
    |j_5_fu_384_p2       |     +    |      0|  0|  12|           2|           3|
    |sum2_fu_390_p2      |     +    |      0|  0|  15|           8|           7|
    |sum_fu_274_p2       |     +    |      0|  0|  15|           8|           8|
    |tmp_169_fu_217_p2   |     +    |      0|  0|  16|           2|           9|
    |tmp_172_fu_260_p2   |     +    |      0|  0|  16|           2|           9|
    |tmp_175_fu_299_p2   |     +    |      0|  0|  16|           1|           9|
    |tmp_181_fu_369_p2   |     +    |      0|  0|  13|           4|           4|
    |tmp_fu_200_p2       |     +    |      0|  0|  16|           9|           9|
    |tmp_s_fu_206_p2     |     +    |      0|  0|  16|           3|           9|
    |tmp_168_fu_244_p2   |     -    |      0|  0|   8|           8|           8|
    |tmp_171_fu_284_p2   |     -    |      0|  0|   8|           8|           8|
    |tmp_174_fu_318_p2   |     -    |      0|  0|   8|           8|           8|
    |tmp_178_fu_342_p2   |     -    |      0|  0|   8|           8|           8|
    |tmp_180_fu_406_p2   |     -    |      0|  0|   8|           8|           8|
    |exitcond_fu_180_p2  |   icmp   |      0|  0|  11|           7|           6|
    +--------------------+----------+-------+---+----+------------+------------+
    |Total               |          |      0|  0| 241|         133|         154|
    +--------------------+----------+-------+---+----+------------+------------+

    * Multiplexer: 
    +-------------------+----+-----------+-----+-----------+
    |        Name       | LUT| Input Size| Bits| Total Bits|
    +-------------------+----+-----------+-----+-----------+
    |a_coeffs_address0  |  21|          4|    9|         36|
    |a_coeffs_address1  |  21|          4|    9|         36|
    |ap_NS_fsm          |  44|          9|    1|          9|
    |c5_reg_148         |   9|          2|    8|         16|
    |i_reg_136          |   9|          2|    7|         14|
    |j_reg_161          |   9|          2|    3|          6|
    |msg_address0       |  15|          3|    8|         24|
    |msg_d0             |  15|          3|    8|         24|
    +-------------------+----+-----------+-----+-----------+
    |Total              | 143|         29|   53|        165|
    +-------------------+----+-----------+-----+-----------+

    * Register: 
    +-----------------+---+----+-----+-----------+
    |       Name      | FF| LUT| Bits| Const Bits|
    +-----------------+---+----+-----+-----------+
    |ap_CS_fsm        |  8|   0|    8|          0|
    |c5_reg_148       |  8|   0|    8|          0|
    |c_1_reg_453      |  8|   0|    8|          0|
    |c_2_reg_469      |  8|   0|    8|          0|
    |c_3_reg_485      |  8|   0|    8|          0|
    |i_9_reg_431      |  7|   0|    7|          0|
    |i_reg_136        |  7|   0|    7|          0|
    |j_5_reg_504      |  3|   0|    3|          0|
    |j_reg_161        |  3|   0|    3|          0|
    |sum_reg_464      |  8|   0|    8|          0|
    |tmp_176_reg_422  |  8|   0|    8|          0|
    |tmp_193_reg_491  |  8|   0|    8|          0|
    |tmp_reg_436      |  9|   0|    9|          0|
    +-----------------+---+----+-----+-----------+
    |Total            | 93|   0|   93|          0|
    +-----------------+---+----+-----+-----------+



================================================================
== Interface
================================================================
* Summary: 
+-------------------+-----+-----+------------+-----------------+--------------+
|     RTL Ports     | Dir | Bits|  Protocol  |  Source Object  |    C Type    |
+-------------------+-----+-----+------------+-----------------+--------------+
|ap_clk             |  in |    1| ap_ctrl_hs | poly_S3_tobytes | return value |
|ap_rst             |  in |    1| ap_ctrl_hs | poly_S3_tobytes | return value |
|ap_start           |  in |    1| ap_ctrl_hs | poly_S3_tobytes | return value |
|ap_done            | out |    1| ap_ctrl_hs | poly_S3_tobytes | return value |
|ap_idle            | out |    1| ap_ctrl_hs | poly_S3_tobytes | return value |
|ap_ready           | out |    1| ap_ctrl_hs | poly_S3_tobytes | return value |
|msg_address0       | out |    8|  ap_memory |       msg       |     array    |
|msg_ce0            | out |    1|  ap_memory |       msg       |     array    |
|msg_we0            | out |    1|  ap_memory |       msg       |     array    |
|msg_d0             | out |    8|  ap_memory |       msg       |     array    |
|msg_offset         |  in |    9|   ap_none  |    msg_offset   |    scalar    |
|a_coeffs_address0  | out |    9|  ap_memory |     a_coeffs    |     array    |
|a_coeffs_ce0       | out |    1|  ap_memory |     a_coeffs    |     array    |
|a_coeffs_q0        |  in |   16|  ap_memory |     a_coeffs    |     array    |
|a_coeffs_address1  | out |    9|  ap_memory |     a_coeffs    |     array    |
|a_coeffs_ce1       | out |    1|  ap_memory |     a_coeffs    |     array    |
|a_coeffs_q1        |  in |   16|  ap_memory |     a_coeffs    |     array    |
+-------------------+-----+-----+------------+-----------------+--------------+

