

================================================================
== Vivado HLS Report for 'owcpa_keypair'
================================================================
* Date:           Mon Aug 24 20:10:20 2020

* Version:        2018.3 (Build 2405991 on Thu Dec 06 23:56:15 MST 2018)
* Project:        ntru09
* Solution:       Keypair
* Product family: artix7
* Target device:  xc7a200tfbg676-2


================================================================
== Performance Estimates
================================================================
+ Timing (ns): 
    * Summary: 
    +--------+-------+----------+------------+
    |  Clock | Target| Estimated| Uncertainty|
    +--------+-------+----------+------------+
    |ap_clk  |  10.00|     9.122|        1.25|
    +--------+-------+----------+------------+

+ Latency (clock cycles): 
    * Summary: 
    +-----+-----+-----+-----+---------+
    |  Latency  |  Interval | Pipeline|
    | min | max | min | max |   Type  |
    +-----+-----+-----+-----+---------+
    |    ?|    ?|    ?|    ?|   none  |
    +-----+-----+-----+-----+---------+

    + Detail: 
        * Instance: 
        +------------------------------+-------------------+---------+---------+---------+---------+---------+
        |                              |                   |      Latency      |      Interval     | Pipeline|
        |           Instance           |       Module      |   min   |   max   |   min   |   max   |   Type  |
        +------------------------------+-------------------+---------+---------+---------+---------+---------+
        |grp_sample_fixed_type_fu_351  |sample_fixed_type  |        ?|        ?|        ?|        ?|   none  |
        |grp_poly_S3_inv_fu_358        |poly_S3_inv        |  9422619|  9422619|  9422619|  9422619|   none  |
        |grp_poly_R2_inv_fu_364        |poly_R2_inv        |  8382739|  8382739|  8382739|  8382739|   none  |
        |grp_poly_Sq_tobytes_1_fu_370  |poly_Sq_tobytes_1  |     1531|     1531|     1531|     1531|   none  |
        |grp_poly_Sq_tobytes_fu_377    |poly_Sq_tobytes    |     1531|     1531|     1531|     1531|   none  |
        |grp_poly_S3_tobytes_fu_384    |poly_S3_tobytes    |      513|      513|      513|      513|   none  |
        |grp_poly_Rq_mul_fu_394        |poly_Rq_mul        |     3564|  1554996|     3564|  1554996|   none  |
        +------------------------------+-------------------+---------+---------+---------+---------+---------+

        * Loop: 
        +----------+------+------+----------+-----------+-----------+------+----------+
        |          |   Latency   | Iteration|  Initiation Interval  | Trip |          |
        | Loop Name|  min |  max |  Latency |  achieved |   target  | Count| Pipelined|
        +----------+------+------+----------+-----------+-----------+------+----------+
        |- Loop 1  |  1524|  1524|         3|          -|          -|   508|    no    |
        |- Loop 2  |  1018|  1018|         2|          -|          -|   509|    no    |
        |- Loop 3  |  1018|  1018|         2|          -|          -|   509|    no    |
        |- Loop 4  |  1018|  1018|         2|          -|          -|   509|    no    |
        |- Loop 5  |  1018|  1018|         2|          -|          -|   509|    no    |
        |- Loop 6  |  1018|  1018|         2|          -|          -|   509|    no    |
        |- Loop 7  |  1018|  1018|         2|          -|          -|   509|    no    |
        +----------+------+------+----------+-----------+-----------+------+----------+



================================================================
== Utilization Estimates
================================================================
* Summary: 
+-----------------+---------+-------+--------+--------+
|       Name      | BRAM_18K| DSP48E|   FF   |   LUT  |
+-----------------+---------+-------+--------+--------+
|DSP              |        -|      -|       -|       -|
|Expression       |        -|      -|       0|     465|
|FIFO             |        -|      -|       -|       -|
|Instance         |       11|      8|    3097|   10145|
|Memory           |        9|      -|       0|       0|
|Multiplexer      |        -|      -|       -|    1272|
|Register         |        -|      -|     256|       -|
+-----------------+---------+-------+--------+--------+
|Total            |       20|      8|    3353|   11882|
+-----------------+---------+-------+--------+--------+
|Available        |      730|    740|  269200|  129000|
+-----------------+---------+-------+--------+--------+
|Utilization (%)  |        2|      1|       1|       9|
+-----------------+---------+-------+--------+--------+

+ Detail: 
    * Instance: 
    +------------------------------+-------------------+---------+-------+-----+------+
    |           Instance           |       Module      | BRAM_18K| DSP48E|  FF |  LUT |
    +------------------------------+-------------------+---------+-------+-----+------+
    |grp_poly_R2_inv_fu_364        |poly_R2_inv        |        3|      2|  857|  2458|
    |grp_poly_Rq_mul_fu_394        |poly_Rq_mul        |        0|      2|  156|   324|
    |grp_poly_S3_inv_fu_358        |poly_S3_inv        |        4|      4|  951|  2768|
    |grp_poly_S3_tobytes_fu_384    |poly_S3_tobytes    |        0|      0|   93|   414|
    |grp_poly_Sq_tobytes_fu_377    |poly_Sq_tobytes    |        1|      0|  124|   803|
    |grp_poly_Sq_tobytes_1_fu_370  |poly_Sq_tobytes_1  |        1|      0|  124|   820|
    |grp_sample_fixed_type_fu_351  |sample_fixed_type  |        2|      0|  792|  2558|
    +------------------------------+-------------------+---------+-------+-----+------+
    |Total                         |                   |       11|      8| 3097| 10145|
    +------------------------------+-------------------+---------+-------+-----+------+

    * DSP48: 
    N/A

    * Memory: 
    +--------------+--------------------------+---------+---+----+------+-----+------+-------------+
    |    Memory    |          Module          | BRAM_18K| FF| LUT| Words| Bits| Banks| W*Bits*Banks|
    +--------------+--------------------------+---------+---+----+------+-----+------+-------------+
    |ai2_coeffs_U  |owcpa_keypair_ai2_coeffs  |        1|  0|   0|   509|   16|     1|         8144|
    |x1_coeffs_U   |owcpa_keypair_x1_coeffs   |        1|  0|   0|   509|   16|     1|         8144|
    |x2_coeffs_U   |owcpa_keypair_x2_coeffs   |        1|  0|   0|   509|   16|     1|         8144|
    |x3_coeffs_U   |owcpa_keypair_x3_coeffs   |        1|  0|   0|   509|   16|     1|         8144|
    |b_coeffs_U    |poly_S3_inv_b_coeffs      |        1|  0|   0|   509|   16|     1|         8144|
    |c_coeffs_U    |poly_S3_inv_b_coeffs      |        1|  0|   0|   509|   16|     1|         8144|
    |s_coeffs_U    |poly_S3_inv_b_coeffs      |        1|  0|   0|   509|   16|     1|         8144|
    |x4_coeffs_U   |poly_S3_inv_b_coeffs      |        1|  0|   0|   509|   16|     1|         8144|
    |x5_coeffs_U   |poly_S3_inv_b_coeffs      |        1|  0|   0|   509|   16|     1|         8144|
    +--------------+--------------------------+---------+---+----+------+-----+------+-------------+
    |Total         |                          |        9|  0|   0|  4581|  144|     9|        73296|
    +--------------+--------------------------+---------+---+----+------+-----+------+-------------+

    * FIFO: 
    N/A

    * Expression: 
    +----------------------------------+----------+-------+---+----+------------+------------+
    |           Variable Name          | Operation| DSP48E| FF| LUT| Bitwidth P0| Bitwidth P1|
    +----------------------------------+----------+-------+---+----+------------+------------+
    |fold1_i_i_i_cast_fu_487_p2        |     +    |      0|  0|  10|           2|           2|
    |fold2_i_i_i_cast_fu_527_p2        |     +    |      0|  0|  10|           2|           2|
    |grp_fu_401_p2                     |     +    |      0|  0|  23|          16|           2|
    |i_33_fu_414_p2                    |     +    |      0|  0|  16|           9|           1|
    |i_34_fu_610_p2                    |     +    |      0|  0|  16|           9|           1|
    |i_35_fu_672_p2                    |     +    |      0|  0|  16|           9|           1|
    |i_36_fu_734_p2                    |     +    |      0|  0|  16|           9|           1|
    |i_37_fu_772_p2                    |     +    |      0|  0|  16|           9|           1|
    |i_38_fu_804_p2                    |     +    |      0|  0|  16|           9|           1|
    |i_39_fu_821_p2                    |     +    |      0|  0|  16|           9|           1|
    |r_1_fu_497_p2                     |     +    |      0|  0|  13|           4|           4|
    |r_2_fu_537_p2                     |     +    |      0|  0|  12|           3|           3|
    |r_fu_453_p2                       |     +    |      0|  0|  15|           5|           5|
    |t_fu_543_p2                       |     +    |      0|  0|  12|           3|           3|
    |tmp_88_fu_447_p2                  |     +    |      0|  0|  13|           4|           4|
    |tmp_116_i1_cast_fu_693_p2         |     -    |      0|  0|  18|           1|          11|
    |tmp_116_i_cast_fu_631_p2          |     -    |      0|  0|  18|           1|          11|
    |tmp_218_fu_751_p2                 |     -    |      0|  0|  23|          16|          16|
    |tmp_i4_fu_832_p2                  |     -    |      0|  0|  23|          16|          16|
    |tmp_i5_cast_fu_787_p2             |     -    |      0|  0|  18|           1|          11|
    |tmp_365_i_i_i_fu_564_p2           |    and   |      0|  0|   3|           3|           3|
    |tmp_367_i_i_i_fu_587_p2           |    and   |      0|  0|   3|           3|           3|
    |exitcond1_i_fu_766_p2             |   icmp   |      0|  0|  13|           9|           3|
    |exitcond_fu_728_p2                |   icmp   |      0|  0|  13|           9|           3|
    |exitcond_i2_fu_815_p2             |   icmp   |      0|  0|  13|           9|           3|
    |exitcond_i6_fu_666_p2             |   icmp   |      0|  0|  13|           9|           3|
    |exitcond_i7_fu_798_p2             |   icmp   |      0|  0|  13|           9|           3|
    |exitcond_i_fu_604_p2              |   icmp   |      0|  0|  13|           9|           3|
    |exitcond_i_i_fu_408_p2            |   icmp   |      0|  0|  13|           9|           4|
    |ap_block_state53_on_subcall_done  |    or    |      0|  0|   2|           1|           1|
    |ap_block_state6_on_subcall_done   |    or    |      0|  0|   2|           1|           1|
    |tmp_57_fu_641_p2                  |    or    |      0|  0|  11|          11|          11|
    |tmp_61_fu_703_p2                  |    or    |      0|  0|  11|          11|          11|
    |c_cast_fu_556_p3                  |  select  |      0|  0|   2|           1|           2|
    |tmp_366_i_i_i_cast_c_fu_579_p3    |  select  |      0|  0|   2|           1|           2|
    |not_tmp_72_i_i_i_fu_573_p2        |    xor   |      0|  0|   2|           1|           2|
    |tmp_368_i_i_i_fu_597_p2           |    xor   |      0|  0|  16|          16|          16|
    +----------------------------------+----------+-------+---+----+------------+------------+
    |Total                             |          |      0|  0| 465|         249|         171|
    +----------------------------------+----------+-------+---+----+------------+------------+

    * Multiplexer: 
    +----------------------------------------+-----+-----------+-----+-----------+
    |                  Name                  | LUT | Input Size| Bits| Total Bits|
    +----------------------------------------+-----+-----------+-----+-----------+
    |ai2_coeffs_address0                     |   15|          3|    9|         27|
    |ai2_coeffs_ce0                          |   15|          3|    1|          3|
    |ai2_coeffs_we0                          |    9|          2|    2|          4|
    |ap_NS_fsm                               |  249|         58|    1|         58|
    |b_coeffs_address0                       |   15|          3|    9|         27|
    |b_coeffs_ce0                            |   15|          3|    1|          3|
    |c_coeffs_address0                       |   27|          5|    9|         45|
    |c_coeffs_ce0                            |   21|          4|    1|          4|
    |c_coeffs_d0                             |   15|          3|   16|         48|
    |c_coeffs_we0                            |   15|          3|    1|          3|
    |grp_poly_Rq_mul_fu_394_a_coeffs_q0      |   33|          6|   16|         96|
    |grp_poly_Rq_mul_fu_394_b_coeffs_q0      |   33|          6|   16|         96|
    |grp_poly_Rq_mul_fu_394_r_coeffs_q0      |   33|          6|   16|         96|
    |grp_poly_S3_tobytes_fu_384_a_coeffs_q0  |   15|          3|   16|         48|
    |grp_poly_S3_tobytes_fu_384_a_coeffs_q1  |   15|          3|   16|         48|
    |grp_poly_S3_tobytes_fu_384_msg_offset   |   15|          3|    9|         27|
    |i_1_i_reg_329                           |    9|          2|    9|         18|
    |i_i1_reg_318                            |    9|          2|    9|         18|
    |i_i2_reg_340                            |    9|          2|    9|         18|
    |i_i5_reg_296                            |    9|          2|    9|         18|
    |i_i_i_reg_274                           |    9|          2|    9|         18|
    |i_i_reg_285                             |    9|          2|    9|         18|
    |i_reg_307                               |    9|          2|    9|         18|
    |s_coeffs_address0                       |   21|          4|    9|         36|
    |s_coeffs_ce0                            |   21|          4|    1|          4|
    |s_coeffs_we0                            |    9|          2|    1|          2|
    |seed_address0                           |   15|          3|   12|         36|
    |seed_ce0                                |   15|          3|    1|          3|
    |seed_ce1                                |    9|          2|    1|          2|
    |sk_address0                             |   15|          3|   10|         30|
    |sk_ce0                                  |   15|          3|    1|          3|
    |sk_ce1                                  |    9|          2|    1|          2|
    |sk_d0                                   |   15|          3|    8|         24|
    |sk_we0                                  |   15|          3|    1|          3|
    |sk_we1                                  |    9|          2|    1|          2|
    |x1_coeffs_address0                      |   41|          8|    9|         72|
    |x1_coeffs_ce0                           |   27|          5|    1|          5|
    |x1_coeffs_ce1                           |    9|          2|    1|          2|
    |x1_coeffs_d0                            |   21|          4|   16|         64|
    |x2_coeffs_address0                      |   33|          6|    9|         54|
    |x2_coeffs_address1                      |   15|          3|    9|         27|
    |x2_coeffs_ce0                           |   33|          6|    1|          6|
    |x2_coeffs_ce1                           |   15|          3|    1|          3|
    |x2_coeffs_d0                            |   15|          3|   16|         48|
    |x2_coeffs_we0                           |   15|          3|    2|          6|
    |x2_coeffs_we1                           |    9|          2|    2|          4|
    |x3_coeffs_address0                      |   50|         11|    9|         99|
    |x3_coeffs_address1                      |   15|          3|    9|         27|
    |x3_coeffs_ce0                           |   38|          7|    1|          7|
    |x3_coeffs_d0                            |   21|          4|   16|         64|
    |x3_coeffs_we0                           |   21|          4|    1|          4|
    |x4_coeffs_address0                      |   27|          5|    9|         45|
    |x4_coeffs_ce0                           |   27|          5|    1|          5|
    |x4_coeffs_d0                            |   15|          3|   16|         48|
    |x4_coeffs_we0                           |   15|          3|    1|          3|
    |x5_coeffs_address0                      |   15|          3|    9|         27|
    |x5_coeffs_ce0                           |   15|          3|    1|          3|
    |x5_coeffs_we0                           |    9|          2|    1|          2|
    +----------------------------------------+-----+-----------+-----+-----------+
    |Total                                   | 1272|        260|  390|       1531|
    +----------------------------------------+-----+-----------+-----+-----------+

    * Register: 
    +-------------------------------------------+----+----+-----+-----------+
    |                    Name                   | FF | LUT| Bits| Const Bits|
    +-------------------------------------------+----+----+-----+-----------+
    |ap_CS_fsm                                  |  57|   0|   57|          0|
    |f_coeffs_addr_2_reg_879                    |   9|   0|    9|          0|
    |grp_poly_R2_inv_fu_364_ap_start_reg        |   1|   0|    1|          0|
    |grp_poly_Rq_mul_fu_394_ap_start_reg        |   1|   0|    1|          0|
    |grp_poly_S3_inv_fu_358_ap_start_reg        |   1|   0|    1|          0|
    |grp_poly_S3_tobytes_fu_384_ap_start_reg    |   1|   0|    1|          0|
    |grp_poly_Sq_tobytes_1_fu_370_ap_start_reg  |   1|   0|    1|          0|
    |grp_poly_Sq_tobytes_fu_377_ap_start_reg    |   1|   0|    1|          0|
    |grp_sample_fixed_type_fu_351_ap_start_reg  |   1|   0|    1|          0|
    |h_coeffs_addr_4_reg_969                    |   9|   0|    9|          0|
    |h_coeffs_addr_reg_892                      |   9|   0|    9|          0|
    |i_1_i_reg_329                              |   9|   0|    9|          0|
    |i_33_reg_850                               |   9|   0|    9|          0|
    |i_34_reg_874                               |   9|   0|    9|          0|
    |i_35_reg_887                               |   9|   0|    9|          0|
    |i_36_reg_900                               |   9|   0|    9|          0|
    |i_37_reg_918                               |   9|   0|    9|          0|
    |i_38_reg_936                               |   9|   0|    9|          0|
    |i_39_reg_964                               |   9|   0|    9|          0|
    |i_i1_reg_318                               |   9|   0|    9|          0|
    |i_i2_reg_340                               |   9|   0|    9|          0|
    |i_i5_reg_296                               |   9|   0|    9|          0|
    |i_i_i_reg_274                              |   9|   0|    9|          0|
    |i_i_reg_285                                |   9|   0|    9|          0|
    |i_reg_307                                  |   9|   0|    9|          0|
    |r_2_reg_865                                |   3|   0|    3|          0|
    |tmp_310_i_reg_941                          |   9|   0|   64|         55|
    |tmp_i3_reg_923                             |   9|   0|   64|         55|
    |tmp_i_i_reg_855                            |   9|   0|   64|         55|
    |tmp_s_reg_905                              |   9|   0|   64|         55|
    +-------------------------------------------+----+----+-----+-----------+
    |Total                                      | 256|   0|  476|        220|
    +-------------------------------------------+----+----+-----+-----------+



================================================================
== Interface
================================================================
* Summary: 
+---------------+-----+-----+------------+---------------+--------------+
|   RTL Ports   | Dir | Bits|  Protocol  | Source Object |    C Type    |
+---------------+-----+-----+------------+---------------+--------------+
|ap_clk         |  in |    1| ap_ctrl_hs | owcpa_keypair | return value |
|ap_rst         |  in |    1| ap_ctrl_hs | owcpa_keypair | return value |
|ap_start       |  in |    1| ap_ctrl_hs | owcpa_keypair | return value |
|ap_done        | out |    1| ap_ctrl_hs | owcpa_keypair | return value |
|ap_idle        | out |    1| ap_ctrl_hs | owcpa_keypair | return value |
|ap_ready       | out |    1| ap_ctrl_hs | owcpa_keypair | return value |
|pk_address0    | out |   10|  ap_memory |       pk      |     array    |
|pk_ce0         | out |    1|  ap_memory |       pk      |     array    |
|pk_we0         | out |    1|  ap_memory |       pk      |     array    |
|pk_d0          | out |    8|  ap_memory |       pk      |     array    |
|pk_address1    | out |   10|  ap_memory |       pk      |     array    |
|pk_ce1         | out |    1|  ap_memory |       pk      |     array    |
|pk_we1         | out |    1|  ap_memory |       pk      |     array    |
|pk_d1          | out |    8|  ap_memory |       pk      |     array    |
|sk_address0    | out |   10|  ap_memory |       sk      |     array    |
|sk_ce0         | out |    1|  ap_memory |       sk      |     array    |
|sk_we0         | out |    1|  ap_memory |       sk      |     array    |
|sk_d0          | out |    8|  ap_memory |       sk      |     array    |
|sk_address1    | out |   10|  ap_memory |       sk      |     array    |
|sk_ce1         | out |    1|  ap_memory |       sk      |     array    |
|sk_we1         | out |    1|  ap_memory |       sk      |     array    |
|sk_d1          | out |    8|  ap_memory |       sk      |     array    |
|seed_address0  | out |   12|  ap_memory |      seed     |     array    |
|seed_ce0       | out |    1|  ap_memory |      seed     |     array    |
|seed_q0        |  in |    8|  ap_memory |      seed     |     array    |
|seed_address1  | out |   12|  ap_memory |      seed     |     array    |
|seed_ce1       | out |    1|  ap_memory |      seed     |     array    |
|seed_q1        |  in |    8|  ap_memory |      seed     |     array    |
+---------------+-----+-----+------------+---------------+--------------+

