

================================================================
== Vivado HLS Report for 'poly_Sq_tobytes'
================================================================
* Date:           Mon Aug 24 20:10:19 2020

* Version:        2018.3 (Build 2405991 on Thu Dec 06 23:56:15 MST 2018)
* Project:        ntru09
* Solution:       Keypair
* Product family: artix7
* Target device:  xc7a200tfbg676-2


================================================================
== Performance Estimates
================================================================
+ Timing (ns): 
    * Summary: 
    +--------+-------+----------+------------+
    |  Clock | Target| Estimated| Uncertainty|
    +--------+-------+----------+------------+
    |ap_clk  |  10.00|     5.327|        1.25|
    +--------+-------+----------+------------+

+ Latency (clock cycles): 
    * Summary: 
    +------+------+------+------+---------+
    |   Latency   |   Interval  | Pipeline|
    |  min |  max |  min |  max |   Type  |
    +------+------+------+------+---------+
    |  1531|  1531|  1531|  1531|   none  |
    +------+------+------+------+---------+

    + Detail: 
        * Instance: 
        N/A

        * Loop: 
        +-------------+------+------+----------+-----------+-----------+------+----------+
        |             |   Latency   | Iteration|  Initiation Interval  | Trip |          |
        |  Loop Name  |  min |  max |  Latency |  achieved |   target  | Count| Pipelined|
        +-------------+------+------+----------+-----------+-----------+------+----------+
        |- Loop 1     |  1512|  1512|        24|          -|          -|    63|    no    |
        | + Loop 1.1  |    16|    16|         2|          -|          -|     8|    no    |
        |- Loop 2     |     8|     8|         2|          -|          -|     4|    no    |
        |- Loop 3     |     4|     4|         1|          -|          -|     4|    no    |
        +-------------+------+------+----------+-----------+-----------+------+----------+



================================================================
== Utilization Estimates
================================================================
* Summary: 
+-----------------+---------+-------+--------+--------+
|       Name      | BRAM_18K| DSP48E|   FF   |   LUT  |
+-----------------+---------+-------+--------+--------+
|DSP              |        -|      -|       -|       -|
|Expression       |        -|      -|       0|     381|
|FIFO             |        -|      -|       -|       -|
|Instance         |        -|      -|       -|       -|
|Memory           |        1|      -|       0|       0|
|Multiplexer      |        -|      -|       -|     422|
|Register         |        -|      -|     124|       -|
+-----------------+---------+-------+--------+--------+
|Total            |        1|      0|     124|     803|
+-----------------+---------+-------+--------+--------+
|Available        |      730|    740|  269200|  129000|
+-----------------+---------+-------+--------+--------+
|Utilization (%)  |    ~0   |      0|   ~0   |   ~0   |
+-----------------+---------+-------+--------+--------+

+ Detail: 
    * Instance: 
    N/A

    * DSP48: 
    N/A

    * Memory: 
    +-------+---------------------+---------+---+----+------+-----+------+-------------+
    | Memory|        Module       | BRAM_18K| FF| LUT| Words| Bits| Banks| W*Bits*Banks|
    +-------+---------------------+---------+---+----+------+-----+------+-------------+
    |t_U    |poly_Sq_tobytes_1_t  |        1|  0|   0|     8|   16|     1|          128|
    +-------+---------------------+---------+---+----+------+-----+------+-------------+
    |Total  |                     |        1|  0|   0|     8|   16|     1|          128|
    +-------+---------------------+---------+---+----+------+-----+------+-------------+

    * FIFO: 
    N/A

    * Expression: 
    +---------------------+----------+-------+---+----+------------+------------+
    |    Variable Name    | Operation| DSP48E| FF| LUT| Bitwidth P0| Bitwidth P1|
    +---------------------+----------+-------+---+----+------------+------------+
    |j_3_fu_560_p2        |     +    |      0|  0|  13|           4|           1|
    |j_4_fu_970_p2        |     +    |      0|  0|  13|           4|           1|
    |next_mul_fu_524_p2   |     +    |      0|  0|  17|          10|           4|
    |tmp_101_fu_707_p2    |     +    |      0|  0|  17|           3|          10|
    |tmp_104_fu_737_p2    |     +    |      0|  0|  17|           3|          10|
    |tmp_107_fu_776_p2    |     +    |      0|  0|  17|           3|          10|
    |tmp_110_fu_798_p2    |     +    |      0|  0|  17|           3|          10|
    |tmp_113_fu_853_p2    |     +    |      0|  0|  17|           4|          10|
    |tmp_117_fu_893_p2    |     +    |      0|  0|  17|           4|          10|
    |tmp_120_fu_914_p2    |     +    |      0|  0|  17|           4|          10|
    |tmp_122_fu_566_p2    |     +    |      0|  0|  16|           9|           9|
    |tmp_88_fu_931_p2     |     +    |      0|  0|  12|           3|           1|
    |tmp_89_fu_536_p2     |     +    |      0|  0|  15|           6|           1|
    |tmp_92_fu_620_p2     |     +    |      0|  0|  17|           1|          10|
    |tmp_95_fu_659_p2     |     +    |      0|  0|  17|           2|          10|
    |tmp_98_fu_670_p2     |     +    |      0|  0|  17|           2|          10|
    |exitcond1_fu_925_p2  |   icmp   |      0|  0|   9|           3|           4|
    |exitcond2_fu_554_p2  |   icmp   |      0|  0|  11|           4|           5|
    |exitcond3_fu_530_p2  |   icmp   |      0|  0|  11|           6|           2|
    |exitcond_fu_959_p2   |   icmp   |      0|  0|  11|           4|           5|
    |tmp_103_fu_730_p2    |    or    |      0|  0|   8|           8|           8|
    |tmp_106_fu_770_p2    |    or    |      0|  0|   8|           8|           8|
    |tmp_116_fu_886_p2    |    or    |      0|  0|   8|           8|           8|
    |tmp_127_fu_988_p2    |    or    |      0|  0|   8|           8|           8|
    |tmp_131_fu_1041_p2   |    or    |      0|  0|   8|           8|           8|
    |tmp_133_fu_1069_p2   |    or    |      0|  0|   8|           8|           8|
    |tmp_61_fu_693_p2     |    or    |      0|  0|   6|           6|           6|
    |tmp_68_fu_831_p2     |    or    |      0|  0|   7|           7|           7|
    |tmp_75_fu_1006_p2    |    or    |      0|  0|   6|           6|           6|
    |tmp_91_fu_613_p2     |    or    |      0|  0|   8|           8|           8|
    |tmp_94_fu_653_p2     |    or    |      0|  0|   8|           8|           8|
    +---------------------+----------+-------+---+----+------------+------------+
    |Total                |          |      0|  0| 381|         165|         216|
    +---------------------+----------+-------+---+----+------------+------------+

    * Multiplexer: 
    +-------------------+----+-----------+-----+-----------+
    |        Name       | LUT| Input Size| Bits| Total Bits|
    +-------------------+----+-----------+-----+-----------+
    |a_coeffs_address0  |  15|          3|    9|         27|
    |ap_NS_fsm          |  89|         18|    1|         18|
    |i_reg_425          |   9|          2|    6|         12|
    |j_1_reg_460        |   9|          2|    3|          6|
    |j_2_reg_472        |   9|          2|    4|          8|
    |j_reg_448          |   9|          2|    4|          8|
    |phi_mul_reg_436    |   9|          2|   10|         20|
    |r_address0         |  47|         10|   10|        100|
    |r_address1         |  44|          9|   10|         90|
    |r_d0               |  47|         10|    8|         80|
    |r_d1               |  41|          8|    8|         64|
    |t_address0         |  41|          8|    3|         24|
    |t_address1         |  38|          7|    3|         21|
    |t_d0               |  15|          3|   16|         48|
    +-------------------+----+-----------+-----+-----------+
    |Total              | 422|         86|   95|        526|
    +-------------------+----+-----------+-----+-----------+

    * Register: 
    +-------------------+----+----+-----+-----------+
    |        Name       | FF | LUT| Bits| Const Bits|
    +-------------------+----+----+-----+-----------+
    |ap_CS_fsm          |  17|   0|   17|          0|
    |i_reg_425          |   6|   0|    6|          0|
    |j_1_reg_460        |   3|   0|    3|          0|
    |j_2_reg_472        |   4|   0|    4|          0|
    |j_3_reg_1144       |   4|   0|    4|          0|
    |j_reg_448          |   4|   0|    4|          0|
    |next_mul_reg_1123  |  10|   0|   10|          0|
    |phi_mul_reg_436    |  10|   0|   10|          0|
    |tmp_119_reg_1174   |   8|   0|    8|          0|
    |tmp_145_reg_1200   |   5|   0|    5|          0|
    |tmp_146_reg_1210   |   2|   0|    2|          0|
    |tmp_147_reg_1215   |   5|   0|    5|          0|
    |tmp_44_reg_1154    |   8|   0|    8|          0|
    |tmp_53_reg_1164    |   8|   0|    8|          0|
    |tmp_57_reg_1159    |   6|   0|    6|          0|
    |tmp_65_reg_1169    |   7|   0|    7|          0|
    |tmp_76_reg_1205    |   2|   0|    2|          0|
    |tmp_88_reg_1182    |   3|   0|    3|          0|
    |tmp_89_reg_1131    |   6|   0|    6|          0|
    |tmp_reg_1136       |   6|   0|    9|          3|
    +-------------------+----+----+-----+-----------+
    |Total              | 124|   0|  127|          3|
    +-------------------+----+----+-----+-----------+



================================================================
== Interface
================================================================
* Summary: 
+-------------------+-----+-----+------------+-----------------+--------------+
|     RTL Ports     | Dir | Bits|  Protocol  |  Source Object  |    C Type    |
+-------------------+-----+-----+------------+-----------------+--------------+
|ap_clk             |  in |    1| ap_ctrl_hs | poly_Sq_tobytes | return value |
|ap_rst             |  in |    1| ap_ctrl_hs | poly_Sq_tobytes | return value |
|ap_start           |  in |    1| ap_ctrl_hs | poly_Sq_tobytes | return value |
|ap_done            | out |    1| ap_ctrl_hs | poly_Sq_tobytes | return value |
|ap_idle            | out |    1| ap_ctrl_hs | poly_Sq_tobytes | return value |
|ap_ready           | out |    1| ap_ctrl_hs | poly_Sq_tobytes | return value |
|r_address0         | out |   10|  ap_memory |        r        |     array    |
|r_ce0              | out |    1|  ap_memory |        r        |     array    |
|r_we0              | out |    1|  ap_memory |        r        |     array    |
|r_d0               | out |    8|  ap_memory |        r        |     array    |
|r_address1         | out |   10|  ap_memory |        r        |     array    |
|r_ce1              | out |    1|  ap_memory |        r        |     array    |
|r_we1              | out |    1|  ap_memory |        r        |     array    |
|r_d1               | out |    8|  ap_memory |        r        |     array    |
|a_coeffs_address0  | out |    9|  ap_memory |     a_coeffs    |     array    |
|a_coeffs_ce0       | out |    1|  ap_memory |     a_coeffs    |     array    |
|a_coeffs_q0        |  in |   16|  ap_memory |     a_coeffs    |     array    |
+-------------------+-----+-----+------------+-----------------+--------------+

