

================================================================
== Vivado HLS Report for 'poly_Sq_tobytes_1'
================================================================
* Date:           Mon Aug 24 20:10:19 2020

* Version:        2018.3 (Build 2405991 on Thu Dec 06 23:56:15 MST 2018)
* Project:        ntru09
* Solution:       Keypair
* Product family: artix7
* Target device:  xc7a200tfbg676-2


================================================================
== Performance Estimates
================================================================
+ Timing (ns): 
    * Summary: 
    +--------+-------+----------+------------+
    |  Clock | Target| Estimated| Uncertainty|
    +--------+-------+----------+------------+
    |ap_clk  |  10.00|     5.327|        1.25|
    +--------+-------+----------+------------+

+ Latency (clock cycles): 
    * Summary: 
    +------+------+------+------+---------+
    |   Latency   |   Interval  | Pipeline|
    |  min |  max |  min |  max |   Type  |
    +------+------+------+------+---------+
    |  1531|  1531|  1531|  1531|   none  |
    +------+------+------+------+---------+

    + Detail: 
        * Instance: 
        N/A

        * Loop: 
        +-------------+------+------+----------+-----------+-----------+------+----------+
        |             |   Latency   | Iteration|  Initiation Interval  | Trip |          |
        |  Loop Name  |  min |  max |  Latency |  achieved |   target  | Count| Pipelined|
        +-------------+------+------+----------+-----------+-----------+------+----------+
        |- Loop 1     |  1512|  1512|        24|          -|          -|    63|    no    |
        | + Loop 1.1  |    16|    16|         2|          -|          -|     8|    no    |
        |- Loop 2     |     8|     8|         2|          -|          -|     4|    no    |
        |- Loop 3     |     4|     4|         1|          -|          -|     4|    no    |
        +-------------+------+------+----------+-----------+-----------+------+----------+



================================================================
== Utilization Estimates
================================================================
* Summary: 
+-----------------+---------+-------+--------+--------+
|       Name      | BRAM_18K| DSP48E|   FF   |   LUT  |
+-----------------+---------+-------+--------+--------+
|DSP              |        -|      -|       -|       -|
|Expression       |        -|      -|       0|     398|
|FIFO             |        -|      -|       -|       -|
|Instance         |        -|      -|       -|       -|
|Memory           |        1|      -|       0|       0|
|Multiplexer      |        -|      -|       -|     422|
|Register         |        -|      -|     124|       -|
+-----------------+---------+-------+--------+--------+
|Total            |        1|      0|     124|     820|
+-----------------+---------+-------+--------+--------+
|Available        |      730|    740|  269200|  129000|
+-----------------+---------+-------+--------+--------+
|Utilization (%)  |    ~0   |      0|   ~0   |   ~0   |
+-----------------+---------+-------+--------+--------+

+ Detail: 
    * Instance: 
    N/A

    * DSP48: 
    N/A

    * Memory: 
    +-------+---------------------+---------+---+----+------+-----+------+-------------+
    | Memory|        Module       | BRAM_18K| FF| LUT| Words| Bits| Banks| W*Bits*Banks|
    +-------+---------------------+---------+---+----+------+-----+------+-------------+
    |t_U    |poly_Sq_tobytes_1_t  |        1|  0|   0|     8|   16|     1|          128|
    +-------+---------------------+---------+---+----+------+-----+------+-------------+
    |Total  |                     |        1|  0|   0|     8|   16|     1|          128|
    +-------+---------------------+---------+---+----+------+-----+------+-------------+

    * FIFO: 
    N/A

    * Expression: 
    +---------------------+----------+-------+---+----+------------+------------+
    |    Variable Name    | Operation| DSP48E| FF| LUT| Bitwidth P0| Bitwidth P1|
    +---------------------+----------+-------+---+----+------------+------------+
    |j_3_fu_562_p2        |     +    |      0|  0|  13|           4|           1|
    |j_4_fu_978_p2        |     +    |      0|  0|  13|           4|           1|
    |next_mul_fu_526_p2   |     +    |      0|  0|  17|          10|           4|
    |sum10_fu_678_p2      |     +    |      0|  0|  17|           8|          10|
    |sum12_fu_715_p2      |     +    |      0|  0|  17|           8|          10|
    |sum14_fu_745_p2      |     +    |      0|  0|  17|           8|          10|
    |sum15_fu_784_p2      |     +    |      0|  0|  17|           8|          10|
    |sum16_fu_806_p2      |     +    |      0|  0|  17|           8|          10|
    |sum17_fu_861_p2      |     +    |      0|  0|  17|           8|          10|
    |sum18_fu_901_p2      |     +    |      0|  0|  17|           8|          10|
    |sum19_fu_922_p2      |     +    |      0|  0|  17|           8|          10|
    |sum2_fu_628_p2       |     +    |      0|  0|  17|           8|          10|
    |sum8_fu_667_p2       |     +    |      0|  0|  17|           8|          10|
    |sum_fu_588_p2        |     +    |      0|  0|  17|           8|          10|
    |tmp_56_fu_538_p2     |     +    |      0|  0|  15|           6|           1|
    |tmp_57_fu_939_p2     |     +    |      0|  0|  12|           3|           1|
    |tmp_74_fu_568_p2     |     +    |      0|  0|  16|           9|           9|
    |exitcond1_fu_933_p2  |   icmp   |      0|  0|   9|           3|           4|
    |exitcond2_fu_556_p2  |   icmp   |      0|  0|  11|           4|           5|
    |exitcond3_fu_532_p2  |   icmp   |      0|  0|  11|           6|           2|
    |exitcond_fu_967_p2   |   icmp   |      0|  0|  11|           4|           5|
    |tmp_36_fu_701_p2     |    or    |      0|  0|   6|           6|           6|
    |tmp_43_fu_839_p2     |    or    |      0|  0|   7|           7|           7|
    |tmp_50_fu_1014_p2    |    or    |      0|  0|   6|           6|           6|
    |tmp_61_fu_621_p2     |    or    |      0|  0|   8|           8|           8|
    |tmp_63_fu_661_p2     |    or    |      0|  0|   8|           8|           8|
    |tmp_66_fu_738_p2     |    or    |      0|  0|   8|           8|           8|
    |tmp_67_fu_778_p2     |    or    |      0|  0|   8|           8|           8|
    |tmp_71_fu_894_p2     |    or    |      0|  0|   8|           8|           8|
    |tmp_78_fu_996_p2     |    or    |      0|  0|   8|           8|           8|
    |tmp_82_fu_1049_p2    |    or    |      0|  0|   8|           8|           8|
    |tmp_84_fu_1077_p2    |    or    |      0|  0|   8|           8|           8|
    +---------------------+----------+-------+---+----+------------+------------+
    |Total                |          |      0|  0| 398|         224|         226|
    +---------------------+----------+-------+---+----+------------+------------+

    * Multiplexer: 
    +-------------------+----+-----------+-----+-----------+
    |        Name       | LUT| Input Size| Bits| Total Bits|
    +-------------------+----+-----------+-----+-----------+
    |a_coeffs_address0  |  15|          3|    9|         27|
    |ap_NS_fsm          |  89|         18|    1|         18|
    |i_reg_427          |   9|          2|    6|         12|
    |j_1_reg_462        |   9|          2|    3|          6|
    |j_2_reg_474        |   9|          2|    4|          8|
    |j_reg_450          |   9|          2|    4|          8|
    |phi_mul_reg_438    |   9|          2|   10|         20|
    |r_address0         |  47|         10|   10|        100|
    |r_address1         |  44|          9|   10|         90|
    |r_d0               |  47|         10|    8|         80|
    |r_d1               |  41|          8|    8|         64|
    |t_address0         |  41|          8|    3|         24|
    |t_address1         |  38|          7|    3|         21|
    |t_d0               |  15|          3|   16|         48|
    +-------------------+----+-----------+-----+-----------+
    |Total              | 422|         86|   95|        526|
    +-------------------+----+-----------+-----+-----------+

    * Register: 
    +-------------------+----+----+-----+-----------+
    |        Name       | FF | LUT| Bits| Const Bits|
    +-------------------+----+----+-----+-----------+
    |ap_CS_fsm          |  17|   0|   17|          0|
    |i_reg_427          |   6|   0|    6|          0|
    |j_1_reg_462        |   3|   0|    3|          0|
    |j_2_reg_474        |   4|   0|    4|          0|
    |j_3_reg_1152       |   4|   0|    4|          0|
    |j_reg_450          |   4|   0|    4|          0|
    |next_mul_reg_1131  |  10|   0|   10|          0|
    |phi_mul_reg_438    |  10|   0|   10|          0|
    |tmp_21_reg_1162    |   8|   0|    8|          0|
    |tmp_30_reg_1172    |   8|   0|    8|          0|
    |tmp_32_reg_1167    |   6|   0|    6|          0|
    |tmp_40_reg_1177    |   7|   0|    7|          0|
    |tmp_51_reg_1213    |   2|   0|    2|          0|
    |tmp_56_reg_1139    |   6|   0|    6|          0|
    |tmp_57_reg_1190    |   3|   0|    3|          0|
    |tmp_72_reg_1182    |   8|   0|    8|          0|
    |tmp_92_reg_1208    |   5|   0|    5|          0|
    |tmp_93_reg_1218    |   2|   0|    2|          0|
    |tmp_94_reg_1223    |   5|   0|    5|          0|
    |tmp_reg_1144       |   6|   0|    9|          3|
    +-------------------+----+----+-----+-----------+
    |Total              | 124|   0|  127|          3|
    +-------------------+----+----+-----+-----------+



================================================================
== Interface
================================================================
* Summary: 
+-------------------+-----+-----+------------+-------------------+--------------+
|     RTL Ports     | Dir | Bits|  Protocol  |   Source Object   |    C Type    |
+-------------------+-----+-----+------------+-------------------+--------------+
|ap_clk             |  in |    1| ap_ctrl_hs | poly_Sq_tobytes.1 | return value |
|ap_rst             |  in |    1| ap_ctrl_hs | poly_Sq_tobytes.1 | return value |
|ap_start           |  in |    1| ap_ctrl_hs | poly_Sq_tobytes.1 | return value |
|ap_done            | out |    1| ap_ctrl_hs | poly_Sq_tobytes.1 | return value |
|ap_idle            | out |    1| ap_ctrl_hs | poly_Sq_tobytes.1 | return value |
|ap_ready           | out |    1| ap_ctrl_hs | poly_Sq_tobytes.1 | return value |
|r_address0         | out |   10|  ap_memory |         r         |     array    |
|r_ce0              | out |    1|  ap_memory |         r         |     array    |
|r_we0              | out |    1|  ap_memory |         r         |     array    |
|r_d0               | out |    8|  ap_memory |         r         |     array    |
|r_address1         | out |   10|  ap_memory |         r         |     array    |
|r_ce1              | out |    1|  ap_memory |         r         |     array    |
|r_we1              | out |    1|  ap_memory |         r         |     array    |
|r_d1               | out |    8|  ap_memory |         r         |     array    |
|a_coeffs_address0  | out |    9|  ap_memory |      a_coeffs     |     array    |
|a_coeffs_ce0       | out |    1|  ap_memory |      a_coeffs     |     array    |
|a_coeffs_q0        |  in |   16|  ap_memory |      a_coeffs     |     array    |
+-------------------+-----+-----+------------+-------------------+--------------+

