

================================================================
== Vivado HLS Report for 'poly_S3_inv'
================================================================
* Date:           Mon Aug 24 20:10:15 2020

* Version:        2018.3 (Build 2405991 on Thu Dec 06 23:56:15 MST 2018)
* Project:        ntru09
* Solution:       Keypair
* Product family: artix7
* Target device:  xc7a200tfbg676-2


================================================================
== Performance Estimates
================================================================
+ Timing (ns): 
    * Summary: 
    +--------+-------+----------+------------+
    |  Clock | Target| Estimated| Uncertainty|
    +--------+-------+----------+------------+
    |ap_clk  |  10.00|     8.750|        1.25|
    +--------+-------+----------+------------+

+ Latency (clock cycles): 
    * Summary: 
    +---------+---------+---------+---------+---------+
    |      Latency      |      Interval     | Pipeline|
    |   min   |   max   |   min   |   max   |   Type  |
    +---------+---------+---------+---------+---------+
    |  9422619|  9422619|  9422619|  9422619|   none  |
    +---------+---------+---------+---------+---------+

    + Detail: 
        * Instance: 
        +-----------------+-------+-----+-----+-----+-----+---------+
        |                 |       |  Latency  |  Interval | Pipeline|
        |     Instance    | Module| min | max | min | max |   Type  |
        +-----------------+-------+-----+-----+-----+-----+---------+
        |grp_mod3_fu_621  |mod3   |    0|    0|    0|    0|   none  |
        +-----------------+-------+-----+-----+-----+-----+---------+

        * Loop: 
        +-------------+---------+---------+----------+-----------+-----------+------+----------+
        |             |      Latency      | Iteration|  Initiation Interval  | Trip |          |
        |  Loop Name  |   min   |   max   |  Latency |  achieved |   target  | Count| Pipelined|
        +-------------+---------+---------+----------+-----------+-----------+------+----------+
        |- Loop 1     |      508|      508|         1|          -|          -|   508|    no    |
        |- Loop 2     |      509|      509|         1|          -|          -|   509|    no    |
        |- Loop 3     |     1018|     1018|         2|          -|          -|   509|    no    |
        |- Loop 4     |      509|      509|         1|          -|          -|   509|    no    |
        |- Loop 5     |  9308565|  9308565|      9171|          -|          -|  1015|    no    |
        | + Loop 5.1  |     1018|     1018|         2|          -|          -|   509|    no    |
        | + Loop 5.2  |     1018|     1018|         2|          -|          -|   509|    no    |
        | + Loop 5.3  |     2545|     2545|         5|          -|          -|   509|    no    |
        | + Loop 5.4  |     2545|     2545|         5|          -|          -|   509|    no    |
        | + Loop 5.5  |     1016|     1016|         2|          -|          -|   508|    no    |
        | + Loop 5.6  |     1016|     1016|         2|          -|          -|   508|    no    |
        |- Loop 6     |     2545|     2545|         5|          -|          -|   509|    no    |
        |- Loop 7     |   106920|   106920|     10692|          -|          -|    10|    no    |
        | + Loop 7.1  |     7635|     7635|        15|          -|          -|   509|    no    |
        | + Loop 7.2  |     3054|     3054|         3|          -|          -|  1018|    no    |
        |- Loop 8     |     2036|     2036|         4|          -|          -|   509|    no    |
        +-------------+---------+---------+----------+-----------+-----------+------+----------+



================================================================
== Utilization Estimates
================================================================
* Summary: 
+-----------------+---------+-------+--------+--------+
|       Name      | BRAM_18K| DSP48E|   FF   |   LUT  |
+-----------------+---------+-------+--------+--------+
|DSP              |        -|      4|       -|       -|
|Expression       |        -|      -|       0|    1668|
|FIFO             |        -|      -|       -|       -|
|Instance         |        -|      -|     130|     225|
|Memory           |        4|      -|       0|       0|
|Multiplexer      |        -|      -|       -|     875|
|Register         |        -|      -|     821|       -|
+-----------------+---------+-------+--------+--------+
|Total            |        4|      4|     951|    2768|
+-----------------+---------+-------+--------+--------+
|Available        |      730|    740|  269200|  129000|
+-----------------+---------+-------+--------+--------+
|Utilization (%)  |    ~0   |   ~0  |   ~0   |       2|
+-----------------+---------+-------+--------+--------+

+ Detail: 
    * Instance: 
    +---------------------------------------------------+-----------------------------------------------+---------+-------+-----+-----+
    |                      Instance                     |                     Module                    | BRAM_18K| DSP48E|  FF | LUT |
    +---------------------------------------------------+-----------------------------------------------+---------+-------+-----+-----+
    |crypto_kem_keypair_urem_10ns_10ns_10_14_seq_1_U35  |crypto_kem_keypair_urem_10ns_10ns_10_14_seq_1  |        0|      0|  130|   69|
    |grp_mod3_fu_621                                    |mod3                                           |        0|      0|    0|  156|
    +---------------------------------------------------+-----------------------------------------------+---------+-------+-----+-----+
    |Total                                              |                                               |        0|      0|  130|  225|
    +---------------------------------------------------+-----------------------------------------------+---------+-------+-----+-----+

    * DSP48: 
    +-------------------------------------------------------+---------------------------------------------------+--------------+
    |                        Instance                       |                       Module                      |  Expression  |
    +-------------------------------------------------------+---------------------------------------------------+--------------+
    |crypto_kem_keypair_mac_muladd_16s_16s_16ns_16_1_1_U37  |crypto_kem_keypair_mac_muladd_16s_16s_16ns_16_1_1  | i0 + i1 * i2 |
    |crypto_kem_keypair_mac_muladd_16s_16s_16ns_16_1_1_U38  |crypto_kem_keypair_mac_muladd_16s_16s_16ns_16_1_1  | i0 + i1 * i2 |
    |crypto_kem_keypair_mul_mul_16s_16s_16_1_1_U36          |crypto_kem_keypair_mul_mul_16s_16s_16_1_1          |    i0 * i1   |
    |crypto_kem_keypair_mul_mul_16s_16s_16_1_1_U39          |crypto_kem_keypair_mul_mul_16s_16s_16_1_1          |    i0 * i1   |
    +-------------------------------------------------------+---------------------------------------------------+--------------+

    * Memory: 
    +------------+----------------------+---------+---+----+------+-----+------+-------------+
    |   Memory   |        Module        | BRAM_18K| FF| LUT| Words| Bits| Banks| W*Bits*Banks|
    +------------+----------------------+---------+---+----+------+-----+------+-------------+
    |b_coeffs_U  |poly_S3_inv_b_coeffs  |        1|  0|   0|   509|   16|     1|         8144|
    |c_coeffs_U  |poly_S3_inv_b_coeffs  |        1|  0|   0|   509|   16|     1|         8144|
    |f_coeffs_U  |poly_S3_inv_b_coeffs  |        1|  0|   0|   509|   16|     1|         8144|
    |g_coeffs_U  |poly_S3_inv_b_coeffs  |        1|  0|   0|   509|   16|     1|         8144|
    +------------+----------------------+---------+---+----+------+-----+------+-------------+
    |Total       |                      |        4|  0|   0|  2036|   64|     4|        32576|
    +------------+----------------------+---------+---+----+------+-----+------+-------------+

    * FIFO: 
    N/A

    * Expression: 
    +------------------------------+----------+-------+---+----+------------+------------+
    |         Variable Name        | Operation| DSP48E| FF| LUT| Bitwidth P0| Bitwidth P1|
    +------------------------------+----------+-------+---+----+------------+------------+
    |gepindex1_fu_1314_p2          |     +    |      0|  0|  16|           7|           9|
    |gepindex_fu_1275_p2           |     +    |      0|  0|  16|           9|           9|
    |grp_fu_1201_p0                |     +    |      0|  0|  17|          10|          10|
    |i_10_fu_657_p2                |     +    |      0|  0|  16|           9|           1|
    |i_11_fu_669_p2                |     +    |      0|  0|  16|           9|           1|
    |i_12_fu_686_p2                |     +    |      0|  0|  16|           9|           1|
    |i_13_fu_703_p2                |     +    |      0|  0|  16|           9|           1|
    |i_14_fu_1147_p2               |     +    |      0|  0|  16|           9|           1|
    |i_15_fu_847_p2                |     +    |      0|  0|  16|           9|           1|
    |i_16_fu_1696_p2               |     +    |      0|  0|  16|           9|           1|
    |i_17_fu_946_p2                |     +    |      0|  0|  16|           9|           1|
    |i_18_fu_1235_p2               |     +    |      0|  0|  17|          10|           1|
    |i_19_fu_964_p2                |     +    |      0|  0|  16|           9|           1|
    |i_20_fu_1168_p2               |     +    |      0|  0|  13|           4|           1|
    |i_21_fu_1004_p2               |     +    |      0|  0|  16|           9|           1|
    |i_22_fu_1061_p2               |     +    |      0|  0|  16|           9|           1|
    |i_9_fu_804_p2                 |     +    |      0|  0|  16|           9|           1|
    |j_6_fu_720_p2                 |     +    |      0|  0|  17|          10|           1|
    |j_7_fu_1190_p2                |     +    |      0|  0|  16|           9|           1|
    |k_3_fu_1071_p2                |     +    |      0|  0|  17|          10|          10|
    |mem_index_gep1_fu_1298_p2     |     +    |      0|  0|  20|          13|          13|
    |mem_index_gep_fu_1259_p2      |     +    |      0|  0|  23|          16|          16|
    |tmp_113_i_fu_993_p2           |     +    |      0|  0|  16|           9|           2|
    |tmp_167_fu_1713_p2            |     +    |      0|  0|  23|          16|          16|
    |degf_2_fu_1067_p2             |     -    |      0|  0|  23|          16|          16|
    |k_2_fu_1131_p2                |     -    |      0|  0|  18|          11|          11|
    |tmp_106_i_fu_1039_p2          |     -    |      0|  0|  16|           4|           9|
    |tmp_108_i_fu_1050_p2          |     -    |      0|  0|  16|           3|           9|
    |tmp_153_fu_1109_p2            |     -    |      0|  0|  17|           9|          10|
    |tmp_156_fu_756_p2             |     -    |      0|  0|  24|          17|          17|
    |tmp_182_fu_1076_p2            |     -    |      0|  0|  23|           1|          16|
    |tmp_203_fu_1380_p2            |     -    |      0|  0|  15|           5|           5|
    |tmp_205_fu_1392_p2            |     -    |      0|  0|  15|           5|           5|
    |tmp_209_fu_1422_p2            |     -    |      0|  0|  15|           4|           5|
    |tmp_221_fu_1462_p2            |     -    |      0|  0|  15|           5|           5|
    |tmp_223_fu_1474_p2            |     -    |      0|  0|  15|           5|           5|
    |tmp_227_fu_1504_p2            |     -    |      0|  0|  15|           4|           5|
    |p_demorgan_fu_1667_p2         |    and   |      0|  0|  16|          16|          16|
    |swap_fu_784_p2                |    and   |      0|  0|   2|           1|           1|
    |t_1_fu_921_p2                 |    and   |      0|  0|  16|          16|          16|
    |t_fu_822_p2                   |    and   |      0|  0|  16|          16|          16|
    |tmp21_fu_778_p2               |    and   |      0|  0|   2|           1|           1|
    |tmp22_fu_865_p2               |    and   |      0|  0|   2|           1|           1|
    |tmp_105_i_fu_1099_p2          |    and   |      0|  0|  16|          16|          16|
    |tmp_111_i_fu_1026_p2          |    and   |      0|  0|  16|          16|          16|
    |tmp_162_fu_870_p2             |    and   |      0|  0|   2|           1|           1|
    |tmp_163_fu_883_p2             |    and   |      0|  0|  16|          16|          16|
    |tmp_165_fu_909_p2             |    and   |      0|  0|  16|          16|          16|
    |tmp_214_fu_1549_p2            |    and   |      0|  0|  16|          16|          16|
    |tmp_232_fu_1530_p2            |    and   |      0|  0|  16|          16|          16|
    |tmp_251_fu_1673_p2            |    and   |      0|  0|  16|          16|          16|
    |tmp_i1_57_fu_1563_p2          |    and   |      0|  0|   8|           8|           8|
    |addrCmp1_fu_1308_p2           |   icmp   |      0|  0|  13|          13|          12|
    |addrCmp_fu_1269_p2            |   icmp   |      0|  0|  13|          16|          16|
    |exitcond10_fu_646_p2          |   icmp   |      0|  0|  13|           9|           3|
    |exitcond1_fu_1184_p2          |   icmp   |      0|  0|  13|           9|           3|
    |exitcond2_fu_1162_p2          |   icmp   |      0|  0|   9|           4|           4|
    |exitcond3_fu_1141_p2          |   icmp   |      0|  0|  13|           9|           3|
    |exitcond4_fu_958_p2           |   icmp   |      0|  0|  13|           9|           3|
    |exitcond5_fu_940_p2           |   icmp   |      0|  0|  13|           9|           3|
    |exitcond6_fu_714_p2           |   icmp   |      0|  0|  13|          10|           5|
    |exitcond7_fu_697_p2           |   icmp   |      0|  0|  13|           9|           3|
    |exitcond8_fu_680_p2           |   icmp   |      0|  0|  13|           9|           3|
    |exitcond9_fu_663_p2           |   icmp   |      0|  0|  13|           9|           3|
    |exitcond_fu_1690_p2           |   icmp   |      0|  0|  13|           9|           3|
    |exitcond_i1_fu_1229_p2        |   icmp   |      0|  0|  13|          10|           4|
    |exitcond_i5_fu_798_p2         |   icmp   |      0|  0|  13|           9|           3|
    |exitcond_i6_fu_1033_p2        |   icmp   |      0|  0|  13|           9|           3|
    |exitcond_i9_fu_841_p2         |   icmp   |      0|  0|  13|           9|           3|
    |exitcond_i_fu_982_p2          |   icmp   |      0|  0|  13|           9|           3|
    |grp_fu_626_p2                 |   icmp   |      0|  0|   9|           4|           4|
    |tmp_217_fu_1438_p2            |   icmp   |      0|  0|   9|           4|           4|
    |tmp_212_fu_1432_p2            |   lshr   |      0|  0|  35|          16|          16|
    |tmp_213_fu_1543_p2            |   lshr   |      0|  0|  35|           2|          16|
    |tmp_230_fu_1518_p2            |   lshr   |      0|  0|  35|          16|          16|
    |tmp_231_fu_1524_p2            |   lshr   |      0|  0|  35|           2|          16|
    |tmp_250_fu_1661_p2            |   lshr   |      0|  0|  35|           2|          16|
    |end_pos_fu_1355_p2            |    or    |      0|  0|   4|           4|           3|
    |tmp_61_cast_fu_744_p2         |    or    |      0|  0|   2|           1|           1|
    |b_assign_1_cast_fu_1211_p3    |  select  |      0|  0|   2|           1|           2|
    |gepindex2_fu_1281_p3          |  select  |      0|  0|   9|           1|           9|
    |gepindex3_fu_1320_p3          |  select  |      0|  0|   9|           1|           9|
    |tmp_110_i_fu_1090_p3          |  select  |      0|  0|  16|           1|          16|
    |tmp_115_i_fu_1010_p3          |  select  |      0|  0|  16|           1|          16|
    |tmp_164_fu_901_p3             |  select  |      0|  0|   2|           1|           2|
    |tmp_206_fu_1398_p3            |  select  |      0|  0|   5|           1|           5|
    |tmp_207_fu_1406_p3            |  select  |      0|  0|  16|           1|          16|
    |tmp_208_fu_1414_p3            |  select  |      0|  0|   5|           1|           5|
    |tmp_224_fu_1480_p3            |  select  |      0|  0|   5|           1|           5|
    |tmp_225_fu_1488_p3            |  select  |      0|  0|  16|           1|          16|
    |tmp_226_fu_1496_p3            |  select  |      0|  0|   5|           1|           5|
    |tmp_239_fu_1589_p3            |  select  |      0|  0|   5|           1|           5|
    |tmp_240_fu_1597_p3            |  select  |      0|  0|   5|           1|           5|
    |tmp_241_fu_1605_p3            |  select  |      0|  0|   5|           1|           5|
    |tmp_244_cast_cast_fu_1123_p3  |  select  |      0|  0|   9|           1|           9|
    |tmp_248_fu_1647_p3            |  select  |      0|  0|  16|           1|          16|
    |tmp_261_cast_fu_875_p3        |  select  |      0|  0|   2|           1|           2|
    |tmp_i3_cast_fu_790_p3         |  select  |      0|  0|   2|           1|           2|
    |tmp_i_51_fu_1019_p3           |  select  |      0|  0|   2|           1|           2|
    |mask_fu_1683_p2               |    shl   |      0|  0|   6|           1|           2|
    |tmp_160_fu_1174_p2            |    shl   |      0|  0|  23|           1|          10|
    |tmp_246_fu_1631_p2            |    shl   |      0|  0|  35|          16|          16|
    |tmp_249_fu_1655_p2            |    shl   |      0|  0|  35|           2|          16|
    |degf_1_fu_889_p2              |    xor   |      0|  0|  16|          16|          16|
    |degg_1_fu_895_p2              |    xor   |      0|  0|  16|          16|          16|
    |tmp_161_fu_859_p2             |    xor   |      0|  0|  16|          16|          16|
    |tmp_204_fu_1386_p2            |    xor   |      0|  0|   5|           5|           4|
    |tmp_222_fu_1468_p2            |    xor   |      0|  0|   5|           5|           4|
    |tmp_238_fu_1583_p2            |    xor   |      0|  0|   5|           5|           4|
    |tmp_242_fu_1613_p2            |    xor   |      0|  0|   5|           5|           4|
    |tmp_366_i1_fu_915_p2          |    xor   |      0|  0|  16|          16|          16|
    |tmp_366_i_fu_816_p2           |    xor   |      0|  0|  16|          16|          16|
    |tmp_367_i1_fu_926_p2          |    xor   |      0|  0|  16|          16|          16|
    |tmp_367_i_fu_827_p2           |    xor   |      0|  0|  16|          16|          16|
    |tmp_368_i1_fu_933_p2          |    xor   |      0|  0|  16|          16|          16|
    |tmp_368_i_fu_834_p2           |    xor   |      0|  0|  16|          16|          16|
    |tmp_391_i_fu_1568_p2          |    xor   |      0|  0|   8|           8|           8|
    |tmp_i1_fu_1558_p2             |    xor   |      0|  0|   8|           8|           8|
    |tmp_i_fu_976_p2               |    xor   |      0|  0|   2|           1|           2|
    +------------------------------+----------+-------+---+----+------------+------------+
    |Total                         |          |      0|  0|1668|         934|         937|
    +------------------------------+----------+-------+---+----+------------+------------+

    * Multiplexer: 
    +-------------------+-----+-----------+-----+-----------+
    |        Name       | LUT | Input Size| Bits| Total Bits|
    +-------------------+-----+-----------+-----+-----------+
    |ap_NS_fsm          |  261|         61|    1|         61|
    |b_coeffs_address0  |   38|          7|    9|         63|
    |b_coeffs_d0        |   27|          5|   16|         80|
    |c_coeffs_address0  |   44|          9|    9|         81|
    |c_coeffs_d0        |   27|          5|   16|         80|
    |degf_reg_442       |    9|          2|   16|         32|
    |degg_reg_430       |    9|          2|   16|         32|
    |done_reg_477       |    9|          2|    1|          2|
    |f_coeffs_address0  |   53|         12|    9|        108|
    |f_coeffs_d0        |   38|          7|   16|        112|
    |g_coeffs_address0  |   33|          6|    9|         54|
    |g_coeffs_d0        |   15|          3|   16|         48|
    |grp_fu_626_p0      |   15|          3|    4|         12|
    |grp_fu_626_p1      |   15|          3|    4|         12|
    |grp_mod3_fu_621_a  |   33|          6|   16|         96|
    |i_1_reg_397        |    9|          2|    9|         18|
    |i_2_reg_408        |    9|          2|    9|         18|
    |i_3_reg_419        |    9|          2|    9|         18|
    |i_4_reg_511        |    9|          2|    9|         18|
    |i_5_reg_522        |    9|          2|    9|         18|
    |i_6_reg_555        |    9|          2|    9|         18|
    |i_7_reg_576        |    9|          2|    4|          8|
    |i_8_reg_610        |    9|          2|    9|         18|
    |i_i1_reg_599       |    9|          2|   10|         20|
    |i_i4_reg_489       |    9|          2|    9|         18|
    |i_i5_reg_544       |    9|          2|    9|         18|
    |i_i8_reg_500       |    9|          2|    9|         18|
    |i_i_reg_533        |    9|          2|    9|         18|
    |i_reg_386          |    9|          2|    9|         18|
    |j_1_reg_587        |    9|          2|    9|         18|
    |j_reg_466          |    9|          2|   10|         20|
    |k_1_reg_566        |    9|          2|   16|         32|
    |k_reg_454          |    9|          2|   10|         20|
    |r_coeffs_address0  |   33|          6|    9|         54|
    |r_coeffs_address1  |   15|          3|    9|         27|
    |r_coeffs_d0        |   15|          3|   16|         48|
    |r_coeffs_we0       |   15|          3|    2|          6|
    |r_coeffs_we1       |    9|          2|    2|          4|
    +-------------------+-----+-----------+-----+-----------+
    |Total              |  875|        186|  363|       1346|
    +-------------------+-----+-----------+-----+-----------+

    * Register: 
    +-------------------------------+----+----+-----+-----------+
    |              Name             | FF | LUT| Bits| Const Bits|
    +-------------------------------+----+----+-----+-----------+
    |ap_CS_fsm                      |  60|   0|   60|          0|
    |b_assign_1_cast_reg_2082       |   8|   0|    8|          0|
    |b_coeffs_addr_3_reg_1880       |   9|   0|    9|          0|
    |b_coeffs_addr_4_reg_1937       |   9|   0|    9|          0|
    |b_coeffs_load_reg_2041         |  16|   0|   16|          0|
    |c_coeffs_addr_2_reg_1885       |   9|   0|    9|          0|
    |c_coeffs_addr_5_reg_1993       |   9|   0|    9|          0|
    |c_coeffs_load_2_reg_1952       |  16|   0|   16|          0|
    |degf_1_reg_1890                |  16|   0|   16|          0|
    |degf_2_reg_2003                |  16|   0|   16|          0|
    |degf_reg_442                   |  16|   0|   16|          0|
    |degg_1_reg_1895                |  16|   0|   16|          0|
    |degg_reg_430                   |  16|   0|   16|          0|
    |done_reg_477                   |   1|   0|    1|          0|
    |end_pos_reg_2127               |   1|   0|    4|          3|
    |g_coeffs_addr_2_reg_1867       |   9|   0|    9|          0|
    |i_12_reg_1762                  |   9|   0|    9|          0|
    |i_14_reg_2026                  |   9|   0|    9|          0|
    |i_15_reg_1875                  |   9|   0|    9|          0|
    |i_16_reg_2152                  |   9|   0|    9|          0|
    |i_17_reg_1909                  |   9|   0|    9|          0|
    |i_18_reg_2095                  |  10|   0|   10|          0|
    |i_19_reg_1932                  |   9|   0|    9|          0|
    |i_1_reg_397                    |   9|   0|    9|          0|
    |i_20_reg_2054                  |   4|   0|    4|          0|
    |i_21_reg_1975                  |   9|   0|    9|          0|
    |i_22_reg_1998                  |   9|   0|    9|          0|
    |i_2_reg_408                    |   9|   0|    9|          0|
    |i_3_reg_419                    |   9|   0|    9|          0|
    |i_4_reg_511                    |   9|   0|    9|          0|
    |i_5_reg_522                    |   9|   0|    9|          0|
    |i_6_reg_555                    |   9|   0|    9|          0|
    |i_7_reg_576                    |   4|   0|    4|          0|
    |i_8_reg_610                    |   9|   0|    9|          0|
    |i_9_reg_1857                   |   9|   0|    9|          0|
    |i_i1_reg_599                   |  10|   0|   10|          0|
    |i_i4_reg_489                   |   9|   0|    9|          0|
    |i_i5_reg_544                   |   9|   0|    9|          0|
    |i_i8_reg_500                   |   9|   0|    9|          0|
    |i_i_reg_533                    |   9|   0|    9|          0|
    |i_reg_386                      |   9|   0|    9|          0|
    |j_1_reg_587                    |   9|   0|    9|          0|
    |j_6_reg_1808                   |  10|   0|   10|          0|
    |j_7_reg_2072                   |   9|   0|    9|          0|
    |j_reg_466                      |  10|   0|   10|          0|
    |k_1_reg_566                    |  16|   0|   16|          0|
    |k_2_cast_reg_2018              |  16|   0|   16|          0|
    |k_3_reg_2008                   |  10|   0|   10|          0|
    |k_reg_454                      |  10|   0|   10|          0|
    |r_coeffs_addr_3_reg_2157       |   9|   0|    9|          0|
    |r_coeffs_addr_5_reg_2111       |   9|   0|    9|          0|
    |reg_630                        |  16|   0|   16|          0|
    |reg_634                        |  16|   0|   16|          0|
    |reg_638                        |  16|   0|   16|          0|
    |start_pos_reg_2121             |   1|   0|    4|          3|
    |temp_r_coeffs_addr_3_reg_1862  |   9|   0|    9|          0|
    |temp_r_coeffs_addr_5_reg_1914  |   9|   0|    9|          0|
    |temp_r_coeffs_addr_7_reg_1970  |   9|   0|    9|          0|
    |tmp_151_reg_1767               |   9|   0|   64|         55|
    |tmp_154_reg_1813               |  16|   0|   16|          0|
    |tmp_157_reg_2031               |   9|   0|   64|         55|
    |tmp_158_reg_2046               |  16|   0|   16|          0|
    |tmp_160_reg_2059               |  10|   0|   10|          0|
    |tmp_165_reg_1900               |  16|   0|   16|          0|
    |tmp_167_reg_2163               |  16|   0|   16|          0|
    |tmp_176_reg_1924               |  16|   0|   16|          0|
    |tmp_180_reg_1957               |  16|   0|   16|          0|
    |tmp_192_reg_1818               |   1|   0|    1|          0|
    |tmp_193_reg_1823               |   1|   0|    1|          0|
    |tmp_194_reg_1833               |   1|   0|    1|          0|
    |tmp_197_reg_2100               |   1|   0|    1|          0|
    |tmp_209_reg_2133               |   4|   0|    5|          1|
    |tmp_212_reg_2138               |  16|   0|   16|          0|
    |tmp_233_reg_2143               |   8|   0|    8|          0|
    |tmp_253_reg_2013               |   1|   0|    1|          0|
    |tmp_61_cast_reg_1828           |   1|   0|    1|          0|
    |tmp_64_cast_reg_1843           |   1|   0|   10|          9|
    |tmp_64_reg_1838                |   1|   0|   16|         15|
    |tmp_i3_cast_reg_1848           |  16|   0|   16|          0|
    |tmp_i_51_reg_1980              |  16|   0|   16|          0|
    |tmp_i_reg_1947                 |   1|   0|    1|          0|
    +-------------------------------+----+----+-----+-----------+
    |Total                          | 821|   0|  962|        141|
    +-------------------------------+----+----+-----+-----------+



================================================================
== Interface
================================================================
* Summary: 
+-------------------+-----+-----+------------+--------------+--------------+
|     RTL Ports     | Dir | Bits|  Protocol  | Source Object|    C Type    |
+-------------------+-----+-----+------------+--------------+--------------+
|ap_clk             |  in |    1| ap_ctrl_hs |  poly_S3_inv | return value |
|ap_rst             |  in |    1| ap_ctrl_hs |  poly_S3_inv | return value |
|ap_start           |  in |    1| ap_ctrl_hs |  poly_S3_inv | return value |
|ap_done            | out |    1| ap_ctrl_hs |  poly_S3_inv | return value |
|ap_idle            | out |    1| ap_ctrl_hs |  poly_S3_inv | return value |
|ap_ready           | out |    1| ap_ctrl_hs |  poly_S3_inv | return value |
|r_coeffs_address0  | out |    9|  ap_memory |   r_coeffs   |     array    |
|r_coeffs_ce0       | out |    1|  ap_memory |   r_coeffs   |     array    |
|r_coeffs_we0       | out |    2|  ap_memory |   r_coeffs   |     array    |
|r_coeffs_d0        | out |   16|  ap_memory |   r_coeffs   |     array    |
|r_coeffs_q0        |  in |   16|  ap_memory |   r_coeffs   |     array    |
|r_coeffs_address1  | out |    9|  ap_memory |   r_coeffs   |     array    |
|r_coeffs_ce1       | out |    1|  ap_memory |   r_coeffs   |     array    |
|r_coeffs_we1       | out |    2|  ap_memory |   r_coeffs   |     array    |
|r_coeffs_d1        | out |   16|  ap_memory |   r_coeffs   |     array    |
|r_coeffs_q1        |  in |   16|  ap_memory |   r_coeffs   |     array    |
|a_coeffs_address0  | out |    9|  ap_memory |   a_coeffs   |     array    |
|a_coeffs_ce0       | out |    1|  ap_memory |   a_coeffs   |     array    |
|a_coeffs_q0        |  in |   16|  ap_memory |   a_coeffs   |     array    |
+-------------------+-----+-----+------------+--------------+--------------+

