

================================================================
== Vivado HLS Report for 'poly_Rq_mul'
================================================================
* Date:           Mon Aug 24 20:10:17 2020

* Version:        2018.3 (Build 2405991 on Thu Dec 06 23:56:15 MST 2018)
* Project:        ntru09
* Solution:       Keypair
* Product family: artix7
* Target device:  xc7a200tfbg676-2


================================================================
== Performance Estimates
================================================================
+ Timing (ns): 
    * Summary: 
    +--------+-------+----------+------------+
    |  Clock | Target| Estimated| Uncertainty|
    +--------+-------+----------+------------+
    |ap_clk  |  10.00|     9.122|        1.25|
    +--------+-------+----------+------------+

+ Latency (clock cycles): 
    * Summary: 
    +------+---------+------+---------+---------+
    |     Latency    |    Interval    | Pipeline|
    |  min |   max   |  min |   max   |   Type  |
    +------+---------+------+---------+---------+
    |  3564|  1554996|  3564|  1554996|   none  |
    +------+---------+------+---------+---------+

    + Detail: 
        * Instance: 
        N/A

        * Loop: 
        +-------------+------+---------+----------+-----------+-----------+---------+----------+
        |             |     Latency    | Iteration|  Initiation Interval  |   Trip  |          |
        |  Loop Name  |  min |   max   |  Latency |  achieved |   target  |  Count  | Pipelined|
        +-------------+------+---------+----------+-----------+-----------+---------+----------+
        |- Loop 1     |  3563|  1554995| 7 ~ 3055 |          -|          -|      509|    no    |
        | + Loop 1.1  |     0|     1524|         3|          -|          -| 0 ~ 508 |    no    |
        | + Loop 1.2  |     3|     1527|         3|          -|          -| 1 ~ 509 |    no    |
        +-------------+------+---------+----------+-----------+-----------+---------+----------+



================================================================
== Utilization Estimates
================================================================
* Summary: 
+-----------------+---------+-------+--------+--------+
|       Name      | BRAM_18K| DSP48E|   FF   |   LUT  |
+-----------------+---------+-------+--------+--------+
|DSP              |        -|      2|       -|       -|
|Expression       |        -|      -|       0|     169|
|FIFO             |        -|      -|       -|       -|
|Instance         |        -|      -|       -|       -|
|Memory           |        -|      -|       -|       -|
|Multiplexer      |        -|      -|       -|     155|
|Register         |        -|      -|     156|       -|
+-----------------+---------+-------+--------+--------+
|Total            |        0|      2|     156|     324|
+-----------------+---------+-------+--------+--------+
|Available        |      730|    740|  269200|  129000|
+-----------------+---------+-------+--------+--------+
|Utilization (%)  |        0|   ~0  |   ~0   |   ~0   |
+-----------------+---------+-------+--------+--------+

+ Detail: 
    * Instance: 
    N/A

    * DSP48: 
    +-------------------------------------------------------+---------------------------------------------------+--------------+
    |                        Instance                       |                       Module                      |  Expression  |
    +-------------------------------------------------------+---------------------------------------------------+--------------+
    |crypto_kem_keypair_mac_muladd_16s_16s_16ns_16_1_1_U49  |crypto_kem_keypair_mac_muladd_16s_16s_16ns_16_1_1  | i0 + i1 * i2 |
    |crypto_kem_keypair_mac_muladd_16s_16s_16ns_16_1_1_U50  |crypto_kem_keypair_mac_muladd_16s_16s_16ns_16_1_1  | i0 + i1 * i2 |
    +-------------------------------------------------------+---------------------------------------------------+--------------+

    * Memory: 
    N/A

    * FIFO: 
    N/A

    * Expression: 
    +---------------------------+----------+-------+---+----+------------+------------+
    |       Variable Name       | Operation| DSP48E| FF| LUT| Bitwidth P0| Bitwidth P1|
    +---------------------------+----------+-------+---+----+------------+------------+
    |i_23_fu_198_p2             |     +    |      0|  0|  16|           9|           1|
    |i_24_fu_214_p2             |     +    |      0|  0|  16|           9|           1|
    |indvars_iv_next_fu_235_p2  |     +    |      0|  0|  16|           1|           9|
    |k_5_fu_151_p2              |     +    |      0|  0|  16|           9|           1|
    |tmp_184_fu_177_p2          |     +    |      0|  0|  17|          10|          10|
    |tmp_186_fu_187_p2          |     -    |      0|  0|  16|           3|           9|
    |tmp_190_fu_220_p2          |     -    |      0|  0|  17|          10|          10|
    |tmp_s_fu_162_p2            |     -    |      0|  0|  16|           3|           9|
    |exitcond1_fu_145_p2        |   icmp   |      0|  0|  13|           9|           3|
    |exitcond_fu_208_p2         |   icmp   |      0|  0|  13|           9|           9|
    |tmp_183_fu_172_p2          |   icmp   |      0|  0|  13|           9|           9|
    +---------------------------+----------+-------+---+----+------------+------------+
    |Total                      |          |      0|  0| 169|          81|          71|
    +---------------------------+----------+-------+---+----+------------+------------+

    * Multiplexer: 
    +-------------------+----+-----------+-----+-----------+
    |        Name       | LUT| Input Size| Bits| Total Bits|
    +-------------------+----+-----------+-----+-----------+
    |a_coeffs_address0  |  15|          3|    9|         27|
    |ap_NS_fsm          |  47|         10|    1|         10|
    |b_coeffs_address0  |  15|          3|    9|         27|
    |i_1_reg_118        |   9|          2|    9|         18|
    |i_reg_107          |   9|          2|    9|         18|
    |indvars_iv_reg_84  |   9|          2|    9|         18|
    |k_reg_96           |   9|          2|    9|         18|
    |r_coeffs_address0  |  15|          3|    9|         27|
    |r_coeffs_d0        |  27|          5|   16|         80|
    +-------------------+----+-----------+-----+-----------+
    |Total              | 155|         32|   80|        243|
    +-------------------+----+-----------+-----+-----------+

    * Register: 
    +-------------------------+----+----+-----+-----------+
    |           Name          | FF | LUT| Bits| Const Bits|
    +-------------------------+----+----+-----+-----------+
    |ap_CS_fsm                |   9|   0|    9|          0|
    |i_1_reg_118              |   9|   0|    9|          0|
    |i_23_reg_305             |   9|   0|    9|          0|
    |i_24_reg_313             |   9|   0|    9|          0|
    |i_reg_107                |   9|   0|    9|          0|
    |indvars_iv_next_reg_328  |   9|   0|    9|          0|
    |indvars_iv_reg_84        |   9|   0|    9|          0|
    |k_5_reg_277              |   9|   0|    9|          0|
    |k_cast2_reg_268          |   9|   0|   10|          1|
    |k_reg_96                 |   9|   0|    9|          0|
    |r_coeffs_addr_reg_282    |   9|   0|    9|          0|
    |reg_129                  |  16|   0|   16|          0|
    |reg_133                  |  16|   0|   16|          0|
    |reg_137                  |  16|   0|   16|          0|
    |tmp_s_reg_287            |   9|   0|    9|          0|
    +-------------------------+----+----+-----+-----------+
    |Total                    | 156|   0|  157|          1|
    +-------------------------+----+----+-----+-----------+



================================================================
== Interface
================================================================
* Summary: 
+-------------------+-----+-----+------------+--------------+--------------+
|     RTL Ports     | Dir | Bits|  Protocol  | Source Object|    C Type    |
+-------------------+-----+-----+------------+--------------+--------------+
|ap_clk             |  in |    1| ap_ctrl_hs |  poly_Rq_mul | return value |
|ap_rst             |  in |    1| ap_ctrl_hs |  poly_Rq_mul | return value |
|ap_start           |  in |    1| ap_ctrl_hs |  poly_Rq_mul | return value |
|ap_done            | out |    1| ap_ctrl_hs |  poly_Rq_mul | return value |
|ap_idle            | out |    1| ap_ctrl_hs |  poly_Rq_mul | return value |
|ap_ready           | out |    1| ap_ctrl_hs |  poly_Rq_mul | return value |
|r_coeffs_address0  | out |    9|  ap_memory |   r_coeffs   |     array    |
|r_coeffs_ce0       | out |    1|  ap_memory |   r_coeffs   |     array    |
|r_coeffs_we0       | out |    1|  ap_memory |   r_coeffs   |     array    |
|r_coeffs_d0        | out |   16|  ap_memory |   r_coeffs   |     array    |
|r_coeffs_q0        |  in |   16|  ap_memory |   r_coeffs   |     array    |
|a_coeffs_address0  | out |    9|  ap_memory |   a_coeffs   |     array    |
|a_coeffs_ce0       | out |    1|  ap_memory |   a_coeffs   |     array    |
|a_coeffs_q0        |  in |   16|  ap_memory |   a_coeffs   |     array    |
|b_coeffs_address0  | out |    9|  ap_memory |   b_coeffs   |     array    |
|b_coeffs_ce0       | out |    1|  ap_memory |   b_coeffs   |     array    |
|b_coeffs_q0        |  in |   16|  ap_memory |   b_coeffs   |     array    |
+-------------------+-----+-----+------------+--------------+--------------+

