

================================================================
== Vivado HLS Report for 'keccak_absorb'
================================================================
* Date:           Mon Aug 24 19:52:30 2020

* Version:        2018.3 (Build 2405991 on Thu Dec 06 23:56:15 MST 2018)
* Project:        ntru09
* Solution:       enc
* Product family: artix7
* Target device:  xc7a200tfbg676-2


================================================================
== Performance Estimates
================================================================
+ Timing (ns): 
    * Summary: 
    +--------+-------+----------+------------+
    |  Clock | Target| Estimated| Uncertainty|
    +--------+-------+----------+------------+
    |ap_clk  |  10.00|     6.812|        1.25|
    +--------+-------+----------+------------+

+ Latency (clock cycles): 
    * Summary: 
    +------+------+------+------+---------+
    |   Latency   |   Interval  | Pipeline|
    |  min |  max |  min |  max |   Type  |
    +------+------+------+------+---------+
    |  1000|  1000|  1000|  1000|   none  |
    +------+------+------+------+---------+

    + Detail: 
        * Instance: 
        N/A

        * Loop: 
        +-------------+-----+-----+----------+-----------+-----------+------+----------+
        |             |  Latency  | Iteration|  Initiation Interval  | Trip |          |
        |  Loop Name  | min | max |  Latency |  achieved |   target  | Count| Pipelined|
        +-------------+-----+-----+----------+-----------+-----------+------+----------+
        |- Loop 1     |   25|   25|         1|          -|          -|    25|    no    |
        |- Loop 2     |  323|  323|        19|          -|          -|    17|    no    |
        | + Loop 2.1  |   16|   16|         2|          -|          -|     8|    no    |
        |- Loop 3     |  136|  136|         1|          -|          -|   136|    no    |
        |- Loop 4     |  136|  136|         2|          -|          -|    68|    no    |
        |- Loop 5     |  323|  323|        19|          -|          -|    17|    no    |
        | + Loop 5.1  |   16|   16|         2|          -|          -|     8|    no    |
        +-------------+-----+-----+----------+-----------+-----------+------+----------+

============================================================
+ Verbose Summary: Synthesis Manager
============================================================
InlineROM: 1
ExposeGlobal: 1
============================================================
+ Verbose Summary: CDFG Model
============================================================
IsTopModel: 0
ResetActiveHigh: 1
IsCombinational: 0
IsDatapathOnly: 0
HasWiredReturn: 1
HasMFsm: 0
HasVarLatency: 1
IsPipeline: 0
IsRtlPipelined: 0
IsInstanceOverlapped: 0
IsDontTouch: 0
HasImplIP: 0
IsGatedGlobalClock: 0


============================================================
+ Verbose Summary: Schedule
============================================================
* Number of FSM states : 15
* Pipeline : 0
* Dataflow Pipeline: 0

* FSM state transitions: 
1 --> 
	2  / true
2 --> 
	2  / (!tmp)
	3  / (tmp)
3 --> 
	7  / (exitcond4)
	4  / (!exitcond4)
4 --> 
	5  / (!tmp_i)
	6  / (tmp_i)
5 --> 
	4  / true
6 --> 
	3  / true
7 --> 
	8  / true
8 --> 
	8  / (!exitcond3)
	9  / (exitcond3)
9 --> 
	10  / (!exitcond2)
	11  / (exitcond2)
10 --> 
	9  / true
11 --> 
	12  / true
12 --> 
	13  / (!exitcond)
13 --> 
	14  / (!tmp_i2)
	15  / (tmp_i2)
14 --> 
	13  / true
15 --> 
	12  / true

* FSM state operations: 

State 1 <SV = 0> <Delay = 1.35>
ST_1 : Operation 16 [1/1] (0.00ns)   --->   "%t = alloca [200 x i8], align 16" [fips202.c:377]   --->   Operation 16 'alloca' 't' <Predicate = true> <Delay = 0.00> <Core = "RAM">   --->   Core 37 'RAM' <Latency = 1> <II = 1> <Delay = 2.77> <Storage> <Opcode : 'load' 'store'> <Ports = 2> <Width = 64> <Depth = 25> <RAM>
ST_1 : Operation 17 [1/1] (1.35ns)   --->   "br label %1" [fips202.c:380]   --->   Operation 17 'br' <Predicate = true> <Delay = 1.35>

State 2 <SV = 1> <Delay = 2.77>
ST_2 : Operation 18 [1/1] (0.00ns)   --->   "%i = phi i5 [ 0, %0 ], [ %i_6, %2 ]"   --->   Operation 18 'phi' 'i' <Predicate = true> <Delay = 0.00>
ST_2 : Operation 19 [1/1] (0.00ns)   --->   "%i_cast = zext i5 %i to i64" [fips202.c:380]   --->   Operation 19 'zext' 'i_cast' <Predicate = true> <Delay = 0.00>
ST_2 : Operation 20 [1/1] (1.21ns)   --->   "%tmp = icmp eq i5 %i, -7" [fips202.c:380]   --->   Operation 20 'icmp' 'tmp' <Predicate = true> <Delay = 1.21> <Core = "Cmp">   --->   Core 25 'Cmp' <Latency = 0> <II = 1> <Delay = 1.21> <FuncUnit> <Opcode : 'icmp'> <InPorts = 2> <OutPorts = 1>
ST_2 : Operation 21 [1/1] (0.00ns)   --->   "%empty = call i32 (...)* @_ssdm_op_SpecLoopTripCount(i64 25, i64 25, i64 25)"   --->   Operation 21 'speclooptripcount' 'empty' <Predicate = true> <Delay = 0.00>
ST_2 : Operation 22 [1/1] (1.54ns)   --->   "%i_6 = add i5 %i, 1" [fips202.c:380]   --->   Operation 22 'add' 'i_6' <Predicate = true> <Delay = 1.54> <Core = "AddSub">   --->   Core 14 'AddSub' <Latency = 0> <II = 1> <Delay = 1.71> <FuncUnit> <Opcode : 'add' 'sub'> <InPorts = 2> <OutPorts = 1>
ST_2 : Operation 23 [1/1] (0.00ns)   --->   "br i1 %tmp, label %.preheader6.0.preheader, label %2" [fips202.c:380]   --->   Operation 23 'br' <Predicate = true> <Delay = 0.00>
ST_2 : Operation 24 [1/1] (0.00ns)   --->   "%s_addr = getelementptr [25 x i64]* %s, i64 0, i64 %i_cast" [fips202.c:381]   --->   Operation 24 'getelementptr' 's_addr' <Predicate = (!tmp)> <Delay = 0.00>
ST_2 : Operation 25 [1/1] (2.77ns)   --->   "store i64 0, i64* %s_addr, align 8" [fips202.c:381]   --->   Operation 25 'store' <Predicate = (!tmp)> <Delay = 2.77> <Core = "RAM">   --->   Core 37 'RAM' <Latency = 1> <II = 1> <Delay = 2.77> <Storage> <Opcode : 'load' 'store'> <Ports = 2> <Width = 64> <Depth = 25> <RAM>
ST_2 : Operation 26 [1/1] (0.00ns)   --->   "br label %1" [fips202.c:380]   --->   Operation 26 'br' <Predicate = (!tmp)> <Delay = 0.00>
ST_2 : Operation 27 [1/1] (1.35ns)   --->   "br label %.preheader6.0" [fips202.c:385]   --->   Operation 27 'br' <Predicate = (tmp)> <Delay = 1.35>

State 3 <SV = 2> <Delay = 1.54>
ST_3 : Operation 28 [1/1] (0.00ns)   --->   "%i_1 = phi i5 [ %i_s, %load64.1.exit ], [ 0, %.preheader6.0.preheader ]" [fips202.c:385]   --->   Operation 28 'phi' 'i_1' <Predicate = true> <Delay = 0.00>
ST_3 : Operation 29 [1/1] (0.00ns)   --->   "%i_1_cast = zext i5 %i_1 to i64" [fips202.c:385]   --->   Operation 29 'zext' 'i_1_cast' <Predicate = true> <Delay = 0.00>
ST_3 : Operation 30 [1/1] (1.21ns)   --->   "%exitcond4 = icmp eq i5 %i_1, -15" [fips202.c:385]   --->   Operation 30 'icmp' 'exitcond4' <Predicate = true> <Delay = 1.21> <Core = "Cmp">   --->   Core 25 'Cmp' <Latency = 0> <II = 1> <Delay = 1.21> <FuncUnit> <Opcode : 'icmp'> <InPorts = 2> <OutPorts = 1>
ST_3 : Operation 31 [1/1] (0.00ns)   --->   "%empty_42 = call i32 (...)* @_ssdm_op_SpecLoopTripCount(i64 17, i64 17, i64 17)"   --->   Operation 31 'speclooptripcount' 'empty_42' <Predicate = true> <Delay = 0.00>
ST_3 : Operation 32 [1/1] (1.54ns)   --->   "%i_s = add i5 %i_1, 1" [fips202.c:385]   --->   Operation 32 'add' 'i_s' <Predicate = true> <Delay = 1.54> <Core = "AddSub">   --->   Core 14 'AddSub' <Latency = 0> <II = 1> <Delay = 1.71> <FuncUnit> <Opcode : 'add' 'sub'> <InPorts = 2> <OutPorts = 1>
ST_3 : Operation 33 [1/1] (0.00ns)   --->   "br i1 %exitcond4, label %.preheader2.1, label %3" [fips202.c:385]   --->   Operation 33 'br' <Predicate = true> <Delay = 0.00>
ST_3 : Operation 34 [1/1] (0.00ns)   --->   "%tmp_223 = call i8 @_ssdm_op_BitConcatenate.i8.i5.i3(i5 %i_1, i3 0)" [fips202.c:386]   --->   Operation 34 'bitconcatenate' 'tmp_223' <Predicate = (!exitcond4)> <Delay = 0.00>
ST_3 : Operation 35 [1/1] (1.35ns)   --->   "br label %4" [fips202.c:28->fips202.c:386]   --->   Operation 35 'br' <Predicate = (!exitcond4)> <Delay = 1.35>
ST_3 : Operation 36 [2/2] (0.00ns)   --->   "call fastcc void @KeccakF1600_StatePer([25 x i64]* %s)" [fips202.c:388]   --->   Operation 36 'call' <Predicate = (exitcond4)> <Delay = 0.00> <CoreType = "Generic">   --->   Core 0 '' <Latency = 0> <II = 1> <Delay = 1.00> <Generic> <Opcode : >

State 4 <SV = 3> <Delay = 4.49>
ST_4 : Operation 37 [1/1] (0.00ns)   --->   "%r_i = phi i64 [ 0, %3 ], [ %r, %5 ]"   --->   Operation 37 'phi' 'r_i' <Predicate = true> <Delay = 0.00>
ST_4 : Operation 38 [1/1] (0.00ns)   --->   "%i_i = phi i4 [ 0, %3 ], [ %i_8, %5 ]"   --->   Operation 38 'phi' 'i_i' <Predicate = true> <Delay = 0.00>
ST_4 : Operation 39 [1/1] (0.00ns)   --->   "%i_i_cast8 = zext i4 %i_i to i8" [fips202.c:28->fips202.c:386]   --->   Operation 39 'zext' 'i_i_cast8' <Predicate = true> <Delay = 0.00>
ST_4 : Operation 40 [1/1] (1.21ns)   --->   "%tmp_i = icmp eq i4 %i_i, -8" [fips202.c:28->fips202.c:386]   --->   Operation 40 'icmp' 'tmp_i' <Predicate = true> <Delay = 1.21> <Core = "Cmp">   --->   Core 25 'Cmp' <Latency = 0> <II = 1> <Delay = 1.21> <FuncUnit> <Opcode : 'icmp'> <InPorts = 2> <OutPorts = 1>
ST_4 : Operation 41 [1/1] (0.00ns)   --->   "%empty_43 = call i32 (...)* @_ssdm_op_SpecLoopTripCount(i64 8, i64 8, i64 8)"   --->   Operation 41 'speclooptripcount' 'empty_43' <Predicate = true> <Delay = 0.00>
ST_4 : Operation 42 [1/1] (1.49ns)   --->   "%i_8 = add i4 %i_i, 1" [fips202.c:28->fips202.c:386]   --->   Operation 42 'add' 'i_8' <Predicate = true> <Delay = 1.49> <Core = "AddSub">   --->   Core 14 'AddSub' <Latency = 0> <II = 1> <Delay = 1.71> <FuncUnit> <Opcode : 'add' 'sub'> <InPorts = 2> <OutPorts = 1>
ST_4 : Operation 43 [1/1] (0.00ns)   --->   "br i1 %tmp_i, label %load64.1.exit, label %5" [fips202.c:28->fips202.c:386]   --->   Operation 43 'br' <Predicate = true> <Delay = 0.00>
ST_4 : Operation 44 [1/1] (1.71ns)   --->   "%sum_i = add i8 %tmp_223, %i_i_cast8" [fips202.c:29->fips202.c:386]   --->   Operation 44 'add' 'sum_i' <Predicate = (!tmp_i)> <Delay = 1.71> <Core = "AddSub">   --->   Core 14 'AddSub' <Latency = 0> <II = 1> <Delay = 1.71> <FuncUnit> <Opcode : 'add' 'sub'> <InPorts = 2> <OutPorts = 1>
ST_4 : Operation 45 [1/1] (0.00ns)   --->   "%sum_i_cast = zext i8 %sum_i to i64" [fips202.c:29->fips202.c:386]   --->   Operation 45 'zext' 'sum_i_cast' <Predicate = (!tmp_i)> <Delay = 0.00>
ST_4 : Operation 46 [1/1] (0.00ns)   --->   "%m_addr_1 = getelementptr [204 x i8]* %m, i64 0, i64 %sum_i_cast" [fips202.c:29->fips202.c:386]   --->   Operation 46 'getelementptr' 'm_addr_1' <Predicate = (!tmp_i)> <Delay = 0.00>
ST_4 : Operation 47 [2/2] (2.77ns)   --->   "%m_load_1 = load i8* %m_addr_1, align 1" [fips202.c:29->fips202.c:386]   --->   Operation 47 'load' 'm_load_1' <Predicate = (!tmp_i)> <Delay = 2.77> <Core = "RAM">   --->   Core 37 'RAM' <Latency = 1> <II = 1> <Delay = 2.77> <Storage> <Opcode : 'load' 'store'> <Ports = 2> <Width = 64> <Depth = 25> <RAM>
ST_4 : Operation 48 [1/1] (0.00ns)   --->   "%s_addr_7 = getelementptr [25 x i64]* %s, i64 0, i64 %i_1_cast" [fips202.c:386]   --->   Operation 48 'getelementptr' 's_addr_7' <Predicate = (tmp_i)> <Delay = 0.00>
ST_4 : Operation 49 [2/2] (2.77ns)   --->   "%s_load = load i64* %s_addr_7, align 8" [fips202.c:386]   --->   Operation 49 'load' 's_load' <Predicate = (tmp_i)> <Delay = 2.77> <Core = "RAM">   --->   Core 37 'RAM' <Latency = 1> <II = 1> <Delay = 2.77> <Storage> <Opcode : 'load' 'store'> <Ports = 2> <Width = 64> <Depth = 25> <RAM>

State 5 <SV = 4> <Delay = 5.19>
ST_5 : Operation 50 [1/2] (2.77ns)   --->   "%m_load_1 = load i8* %m_addr_1, align 1" [fips202.c:29->fips202.c:386]   --->   Operation 50 'load' 'm_load_1' <Predicate = true> <Delay = 2.77> <Core = "RAM">   --->   Core 37 'RAM' <Latency = 1> <II = 1> <Delay = 2.77> <Storage> <Opcode : 'load' 'store'> <Ports = 2> <Width = 64> <Depth = 25> <RAM>
ST_5 : Operation 51 [1/1] (0.00ns) (grouped into LUT with out node r)   --->   "%tmp_i_44 = zext i8 %m_load_1 to i64" [fips202.c:29->fips202.c:386]   --->   Operation 51 'zext' 'tmp_i_44' <Predicate = true> <Delay = 0.00>
ST_5 : Operation 52 [1/1] (0.00ns) (grouped into LUT with out node r)   --->   "%tmp_222 = trunc i4 %i_i to i3" [fips202.c:28->fips202.c:386]   --->   Operation 52 'trunc' 'tmp_222' <Predicate = true> <Delay = 0.00>
ST_5 : Operation 53 [1/1] (0.00ns) (grouped into LUT with out node r)   --->   "%tmp_358_i = call i6 @_ssdm_op_BitConcatenate.i6.i3.i3(i3 %tmp_222, i3 0)" [fips202.c:29->fips202.c:386]   --->   Operation 53 'bitconcatenate' 'tmp_358_i' <Predicate = true> <Delay = 0.00>
ST_5 : Operation 54 [1/1] (0.00ns) (grouped into LUT with out node r)   --->   "%tmp_358_i_cast = zext i6 %tmp_358_i to i64" [fips202.c:29->fips202.c:386]   --->   Operation 54 'zext' 'tmp_358_i_cast' <Predicate = true> <Delay = 0.00>
ST_5 : Operation 55 [1/1] (0.00ns) (grouped into LUT with out node r)   --->   "%tmp_359_i = shl i64 %tmp_i_44, %tmp_358_i_cast" [fips202.c:29->fips202.c:386]   --->   Operation 55 'shl' 'tmp_359_i' <Predicate = true> <Delay = 0.00> <Core = "Shift">   --->   Core 28 'Shift' <Latency = 0> <II = 1> <Delay = 2.42> <FuncUnit> <Opcode : 'shl' 'lshr' 'ashr'> <InPorts = 2> <OutPorts = 1>
ST_5 : Operation 56 [1/1] (2.42ns) (out node of the LUT)   --->   "%r = or i64 %tmp_359_i, %r_i" [fips202.c:29->fips202.c:386]   --->   Operation 56 'or' 'r' <Predicate = true> <Delay = 2.42> <Core = "LogicGate">   --->   Core 27 'LogicGate' <Latency = 0> <II = 1> <Delay = 0.80> <FuncUnit> <Opcode : 'and' 'or' 'xor'> <InPorts = 2> <OutPorts = 1>
ST_5 : Operation 57 [1/1] (0.00ns)   --->   "br label %4" [fips202.c:28->fips202.c:386]   --->   Operation 57 'br' <Predicate = true> <Delay = 0.00>

State 6 <SV = 4> <Delay = 6.35>
ST_6 : Operation 58 [1/2] (2.77ns)   --->   "%s_load = load i64* %s_addr_7, align 8" [fips202.c:386]   --->   Operation 58 'load' 's_load' <Predicate = true> <Delay = 2.77> <Core = "RAM">   --->   Core 37 'RAM' <Latency = 1> <II = 1> <Delay = 2.77> <Storage> <Opcode : 'load' 'store'> <Ports = 2> <Width = 64> <Depth = 25> <RAM>
ST_6 : Operation 59 [1/1] (0.80ns)   --->   "%tmp_224 = xor i64 %s_load, %r_i" [fips202.c:386]   --->   Operation 59 'xor' 'tmp_224' <Predicate = true> <Delay = 0.80> <Core = "LogicGate">   --->   Core 27 'LogicGate' <Latency = 0> <II = 1> <Delay = 0.80> <FuncUnit> <Opcode : 'and' 'or' 'xor'> <InPorts = 2> <OutPorts = 1>
ST_6 : Operation 60 [1/1] (2.77ns)   --->   "store i64 %tmp_224, i64* %s_addr_7, align 8" [fips202.c:386]   --->   Operation 60 'store' <Predicate = true> <Delay = 2.77> <Core = "RAM">   --->   Core 37 'RAM' <Latency = 1> <II = 1> <Delay = 2.77> <Storage> <Opcode : 'load' 'store'> <Ports = 2> <Width = 64> <Depth = 25> <RAM>
ST_6 : Operation 61 [1/1] (0.00ns)   --->   "br label %.preheader6.0" [fips202.c:385]   --->   Operation 61 'br' <Predicate = true> <Delay = 0.00>

State 7 <SV = 3> <Delay = 1.35>
ST_7 : Operation 62 [1/2] (0.00ns)   --->   "call fastcc void @KeccakF1600_StatePer([25 x i64]* %s)" [fips202.c:388]   --->   Operation 62 'call' <Predicate = true> <Delay = 0.00> <CoreType = "Generic">   --->   Core 0 '' <Latency = 0> <II = 1> <Delay = 1.00> <Generic> <Opcode : >
ST_7 : Operation 63 [1/1] (1.35ns)   --->   "br label %.preheader1" [fips202.c:393]   --->   Operation 63 'br' <Predicate = true> <Delay = 1.35>

State 8 <SV = 4> <Delay = 2.77>
ST_8 : Operation 64 [1/1] (0.00ns)   --->   "%i_2 = phi i8 [ %i_7, %6 ], [ 0, %.preheader2.1 ]"   --->   Operation 64 'phi' 'i_2' <Predicate = true> <Delay = 0.00>
ST_8 : Operation 65 [1/1] (0.00ns)   --->   "%i_2_cast6 = zext i8 %i_2 to i64" [fips202.c:393]   --->   Operation 65 'zext' 'i_2_cast6' <Predicate = true> <Delay = 0.00>
ST_8 : Operation 66 [1/1] (1.24ns)   --->   "%exitcond3 = icmp eq i8 %i_2, -120" [fips202.c:393]   --->   Operation 66 'icmp' 'exitcond3' <Predicate = true> <Delay = 1.24> <Core = "Cmp">   --->   Core 25 'Cmp' <Latency = 0> <II = 1> <Delay = 1.21> <FuncUnit> <Opcode : 'icmp'> <InPorts = 2> <OutPorts = 1>
ST_8 : Operation 67 [1/1] (0.00ns)   --->   "%empty_45 = call i32 (...)* @_ssdm_op_SpecLoopTripCount(i64 136, i64 136, i64 136)"   --->   Operation 67 'speclooptripcount' 'empty_45' <Predicate = true> <Delay = 0.00>
ST_8 : Operation 68 [1/1] (1.71ns)   --->   "%i_7 = add i8 %i_2, 1" [fips202.c:393]   --->   Operation 68 'add' 'i_7' <Predicate = true> <Delay = 1.71> <Core = "AddSub">   --->   Core 14 'AddSub' <Latency = 0> <II = 1> <Delay = 1.71> <FuncUnit> <Opcode : 'add' 'sub'> <InPorts = 2> <OutPorts = 1>
ST_8 : Operation 69 [1/1] (0.00ns)   --->   "br i1 %exitcond3, label %.preheader.preheader, label %6" [fips202.c:393]   --->   Operation 69 'br' <Predicate = true> <Delay = 0.00>
ST_8 : Operation 70 [1/1] (0.00ns)   --->   "%t_addr = getelementptr inbounds [200 x i8]* %t, i64 0, i64 %i_2_cast6" [fips202.c:394]   --->   Operation 70 'getelementptr' 't_addr' <Predicate = (!exitcond3)> <Delay = 0.00>
ST_8 : Operation 71 [1/1] (2.77ns)   --->   "store i8 0, i8* %t_addr, align 1" [fips202.c:394]   --->   Operation 71 'store' <Predicate = (!exitcond3)> <Delay = 2.77> <Core = "RAM">   --->   Core 37 'RAM' <Latency = 1> <II = 1> <Delay = 2.77> <Storage> <Opcode : 'load' 'store'> <Ports = 2> <Width = 64> <Depth = 25> <RAM>
ST_8 : Operation 72 [1/1] (0.00ns)   --->   "br label %.preheader1" [fips202.c:393]   --->   Operation 72 'br' <Predicate = (!exitcond3)> <Delay = 0.00>
ST_8 : Operation 73 [1/1] (1.35ns)   --->   "br label %.preheader" [fips202.c:395]   --->   Operation 73 'br' <Predicate = (exitcond3)> <Delay = 1.35>

State 9 <SV = 5> <Delay = 4.49>
ST_9 : Operation 74 [1/1] (0.00ns)   --->   "%i_3 = phi i7 [ %tmp_225, %7 ], [ 0, %.preheader.preheader ]" [fips202.c:395]   --->   Operation 74 'phi' 'i_3' <Predicate = true> <Delay = 0.00>
ST_9 : Operation 75 [1/1] (0.00ns)   --->   "%i_3_cast5 = zext i7 %i_3 to i64" [fips202.c:395]   --->   Operation 75 'zext' 'i_3_cast5' <Predicate = true> <Delay = 0.00>
ST_9 : Operation 76 [1/1] (0.00ns)   --->   "%i_3_cast = zext i7 %i_3 to i8" [fips202.c:395]   --->   Operation 76 'zext' 'i_3_cast' <Predicate = true> <Delay = 0.00>
ST_9 : Operation 77 [1/1] (1.23ns)   --->   "%exitcond2 = icmp eq i7 %i_3, -60" [fips202.c:395]   --->   Operation 77 'icmp' 'exitcond2' <Predicate = true> <Delay = 1.23> <Core = "Cmp">   --->   Core 25 'Cmp' <Latency = 0> <II = 1> <Delay = 1.21> <FuncUnit> <Opcode : 'icmp'> <InPorts = 2> <OutPorts = 1>
ST_9 : Operation 78 [1/1] (0.00ns)   --->   "%empty_46 = call i32 (...)* @_ssdm_op_SpecLoopTripCount(i64 68, i64 68, i64 68)"   --->   Operation 78 'speclooptripcount' 'empty_46' <Predicate = true> <Delay = 0.00>
ST_9 : Operation 79 [1/1] (1.66ns)   --->   "%tmp_225 = add i7 %i_3, 1" [fips202.c:395]   --->   Operation 79 'add' 'tmp_225' <Predicate = true> <Delay = 1.66> <Core = "AddSub">   --->   Core 14 'AddSub' <Latency = 0> <II = 1> <Delay = 1.71> <FuncUnit> <Opcode : 'add' 'sub'> <InPorts = 2> <OutPorts = 1>
ST_9 : Operation 80 [1/1] (0.00ns)   --->   "br i1 %exitcond2, label %8, label %7" [fips202.c:395]   --->   Operation 80 'br' <Predicate = true> <Delay = 0.00>
ST_9 : Operation 81 [1/1] (1.71ns)   --->   "%sum9 = add i8 %i_3_cast, -120" [fips202.c:396]   --->   Operation 81 'add' 'sum9' <Predicate = (!exitcond2)> <Delay = 1.71> <Core = "AddSub">   --->   Core 14 'AddSub' <Latency = 0> <II = 1> <Delay = 1.71> <FuncUnit> <Opcode : 'add' 'sub'> <InPorts = 2> <OutPorts = 1>
ST_9 : Operation 82 [1/1] (0.00ns)   --->   "%sum9_cast = zext i8 %sum9 to i64" [fips202.c:396]   --->   Operation 82 'zext' 'sum9_cast' <Predicate = (!exitcond2)> <Delay = 0.00>
ST_9 : Operation 83 [1/1] (0.00ns)   --->   "%m_addr = getelementptr [204 x i8]* %m, i64 0, i64 %sum9_cast" [fips202.c:396]   --->   Operation 83 'getelementptr' 'm_addr' <Predicate = (!exitcond2)> <Delay = 0.00>
ST_9 : Operation 84 [2/2] (2.77ns)   --->   "%m_load = load i8* %m_addr, align 1" [fips202.c:396]   --->   Operation 84 'load' 'm_load' <Predicate = (!exitcond2)> <Delay = 2.77> <Core = "RAM">   --->   Core 37 'RAM' <Latency = 1> <II = 1> <Delay = 2.77> <Storage> <Opcode : 'load' 'store'> <Ports = 2> <Width = 64> <Depth = 25> <RAM>
ST_9 : Operation 85 [1/1] (0.00ns)   --->   "%t_addr_12 = getelementptr inbounds [200 x i8]* %t, i64 0, i64 135" [fips202.c:398]   --->   Operation 85 'getelementptr' 't_addr_12' <Predicate = (exitcond2)> <Delay = 0.00>
ST_9 : Operation 86 [2/2] (2.77ns)   --->   "%t_load = load i8* %t_addr_12, align 1" [fips202.c:398]   --->   Operation 86 'load' 't_load' <Predicate = (exitcond2)> <Delay = 2.77> <Core = "RAM">   --->   Core 37 'RAM' <Latency = 1> <II = 1> <Delay = 2.77> <Storage> <Opcode : 'load' 'store'> <Ports = 2> <Width = 64> <Depth = 25> <RAM>

State 10 <SV = 6> <Delay = 5.54>
ST_10 : Operation 87 [1/2] (2.77ns)   --->   "%m_load = load i8* %m_addr, align 1" [fips202.c:396]   --->   Operation 87 'load' 'm_load' <Predicate = true> <Delay = 2.77> <Core = "RAM">   --->   Core 37 'RAM' <Latency = 1> <II = 1> <Delay = 2.77> <Storage> <Opcode : 'load' 'store'> <Ports = 2> <Width = 64> <Depth = 25> <RAM>
ST_10 : Operation 88 [1/1] (0.00ns)   --->   "%t_addr_13 = getelementptr inbounds [200 x i8]* %t, i64 0, i64 %i_3_cast5" [fips202.c:396]   --->   Operation 88 'getelementptr' 't_addr_13' <Predicate = true> <Delay = 0.00>
ST_10 : Operation 89 [1/1] (2.77ns)   --->   "store i8 %m_load, i8* %t_addr_13, align 1" [fips202.c:396]   --->   Operation 89 'store' <Predicate = true> <Delay = 2.77> <Core = "RAM">   --->   Core 37 'RAM' <Latency = 1> <II = 1> <Delay = 2.77> <Storage> <Opcode : 'load' 'store'> <Ports = 2> <Width = 64> <Depth = 25> <RAM>
ST_10 : Operation 90 [1/1] (0.00ns)   --->   "br label %.preheader" [fips202.c:395]   --->   Operation 90 'br' <Predicate = true> <Delay = 0.00>

State 11 <SV = 6> <Delay = 5.54>
ST_11 : Operation 91 [1/1] (0.00ns)   --->   "%t_addr_11 = getelementptr inbounds [200 x i8]* %t, i64 0, i64 68" [fips202.c:397]   --->   Operation 91 'getelementptr' 't_addr_11' <Predicate = true> <Delay = 0.00>
ST_11 : Operation 92 [1/1] (2.77ns)   --->   "store i8 6, i8* %t_addr_11, align 4" [fips202.c:397]   --->   Operation 92 'store' <Predicate = true> <Delay = 2.77> <Core = "RAM">   --->   Core 37 'RAM' <Latency = 1> <II = 1> <Delay = 2.77> <Storage> <Opcode : 'load' 'store'> <Ports = 2> <Width = 64> <Depth = 25> <RAM>
ST_11 : Operation 93 [1/2] (2.77ns)   --->   "%t_load = load i8* %t_addr_12, align 1" [fips202.c:398]   --->   Operation 93 'load' 't_load' <Predicate = true> <Delay = 2.77> <Core = "RAM">   --->   Core 37 'RAM' <Latency = 1> <II = 1> <Delay = 2.77> <Storage> <Opcode : 'load' 'store'> <Ports = 2> <Width = 64> <Depth = 25> <RAM>
ST_11 : Operation 94 [1/1] (0.00ns)   --->   "%tmp_s = or i8 %t_load, -128" [fips202.c:398]   --->   Operation 94 'or' 'tmp_s' <Predicate = true> <Delay = 0.00>
ST_11 : Operation 95 [1/1] (2.77ns)   --->   "store i8 %tmp_s, i8* %t_addr_12, align 1" [fips202.c:398]   --->   Operation 95 'store' <Predicate = true> <Delay = 2.77> <Core = "RAM">   --->   Core 37 'RAM' <Latency = 1> <II = 1> <Delay = 2.77> <Storage> <Opcode : 'load' 'store'> <Ports = 2> <Width = 64> <Depth = 25> <RAM>
ST_11 : Operation 96 [1/1] (1.35ns)   --->   "br label %9" [fips202.c:399]   --->   Operation 96 'br' <Predicate = true> <Delay = 1.35>

State 12 <SV = 7> <Delay = 1.54>
ST_12 : Operation 97 [1/1] (0.00ns)   --->   "%i_4 = phi i5 [ 0, %8 ], [ %i_5, %load64.exit ]"   --->   Operation 97 'phi' 'i_4' <Predicate = true> <Delay = 0.00>
ST_12 : Operation 98 [1/1] (0.00ns)   --->   "%i_4_cast4 = zext i5 %i_4 to i64" [fips202.c:399]   --->   Operation 98 'zext' 'i_4_cast4' <Predicate = true> <Delay = 0.00>
ST_12 : Operation 99 [1/1] (1.21ns)   --->   "%exitcond = icmp eq i5 %i_4, -15" [fips202.c:399]   --->   Operation 99 'icmp' 'exitcond' <Predicate = true> <Delay = 1.21> <Core = "Cmp">   --->   Core 25 'Cmp' <Latency = 0> <II = 1> <Delay = 1.21> <FuncUnit> <Opcode : 'icmp'> <InPorts = 2> <OutPorts = 1>
ST_12 : Operation 100 [1/1] (0.00ns)   --->   "%empty_47 = call i32 (...)* @_ssdm_op_SpecLoopTripCount(i64 17, i64 17, i64 17)"   --->   Operation 100 'speclooptripcount' 'empty_47' <Predicate = true> <Delay = 0.00>
ST_12 : Operation 101 [1/1] (1.54ns)   --->   "%i_5 = add i5 %i_4, 1" [fips202.c:399]   --->   Operation 101 'add' 'i_5' <Predicate = true> <Delay = 1.54> <Core = "AddSub">   --->   Core 14 'AddSub' <Latency = 0> <II = 1> <Delay = 1.71> <FuncUnit> <Opcode : 'add' 'sub'> <InPorts = 2> <OutPorts = 1>
ST_12 : Operation 102 [1/1] (0.00ns)   --->   "br i1 %exitcond, label %13, label %10" [fips202.c:399]   --->   Operation 102 'br' <Predicate = true> <Delay = 0.00>
ST_12 : Operation 103 [1/1] (0.00ns)   --->   "%tmp_226 = call i8 @_ssdm_op_BitConcatenate.i8.i5.i3(i5 %i_4, i3 0)" [fips202.c:400]   --->   Operation 103 'bitconcatenate' 'tmp_226' <Predicate = (!exitcond)> <Delay = 0.00>
ST_12 : Operation 104 [1/1] (1.35ns)   --->   "br label %11" [fips202.c:28->fips202.c:400]   --->   Operation 104 'br' <Predicate = (!exitcond)> <Delay = 1.35>
ST_12 : Operation 105 [1/1] (0.00ns)   --->   "ret void" [fips202.c:401]   --->   Operation 105 'ret' <Predicate = (exitcond)> <Delay = 0.00>

State 13 <SV = 8> <Delay = 4.49>
ST_13 : Operation 106 [1/1] (0.00ns)   --->   "%r_i1 = phi i64 [ 0, %10 ], [ %r_3, %12 ]"   --->   Operation 106 'phi' 'r_i1' <Predicate = true> <Delay = 0.00>
ST_13 : Operation 107 [1/1] (0.00ns)   --->   "%i_i2 = phi i4 [ 0, %10 ], [ %i_9, %12 ]"   --->   Operation 107 'phi' 'i_i2' <Predicate = true> <Delay = 0.00>
ST_13 : Operation 108 [1/1] (0.00ns)   --->   "%i_i2_cast2 = zext i4 %i_i2 to i8" [fips202.c:28->fips202.c:400]   --->   Operation 108 'zext' 'i_i2_cast2' <Predicate = true> <Delay = 0.00>
ST_13 : Operation 109 [1/1] (1.21ns)   --->   "%tmp_i2 = icmp eq i4 %i_i2, -8" [fips202.c:28->fips202.c:400]   --->   Operation 109 'icmp' 'tmp_i2' <Predicate = true> <Delay = 1.21> <Core = "Cmp">   --->   Core 25 'Cmp' <Latency = 0> <II = 1> <Delay = 1.21> <FuncUnit> <Opcode : 'icmp'> <InPorts = 2> <OutPorts = 1>
ST_13 : Operation 110 [1/1] (0.00ns)   --->   "%empty_48 = call i32 (...)* @_ssdm_op_SpecLoopTripCount(i64 8, i64 8, i64 8)"   --->   Operation 110 'speclooptripcount' 'empty_48' <Predicate = true> <Delay = 0.00>
ST_13 : Operation 111 [1/1] (1.49ns)   --->   "%i_9 = add i4 %i_i2, 1" [fips202.c:28->fips202.c:400]   --->   Operation 111 'add' 'i_9' <Predicate = true> <Delay = 1.49> <Core = "AddSub">   --->   Core 14 'AddSub' <Latency = 0> <II = 1> <Delay = 1.71> <FuncUnit> <Opcode : 'add' 'sub'> <InPorts = 2> <OutPorts = 1>
ST_13 : Operation 112 [1/1] (0.00ns)   --->   "br i1 %tmp_i2, label %load64.exit, label %12" [fips202.c:28->fips202.c:400]   --->   Operation 112 'br' <Predicate = true> <Delay = 0.00>
ST_13 : Operation 113 [1/1] (1.71ns)   --->   "%sum_i1 = add i8 %tmp_226, %i_i2_cast2" [fips202.c:29->fips202.c:400]   --->   Operation 113 'add' 'sum_i1' <Predicate = (!tmp_i2)> <Delay = 1.71> <Core = "AddSub">   --->   Core 14 'AddSub' <Latency = 0> <II = 1> <Delay = 1.71> <FuncUnit> <Opcode : 'add' 'sub'> <InPorts = 2> <OutPorts = 1>
ST_13 : Operation 114 [1/1] (0.00ns)   --->   "%sum_i1_cast = zext i8 %sum_i1 to i64" [fips202.c:29->fips202.c:400]   --->   Operation 114 'zext' 'sum_i1_cast' <Predicate = (!tmp_i2)> <Delay = 0.00>
ST_13 : Operation 115 [1/1] (0.00ns)   --->   "%t_addr_14 = getelementptr [200 x i8]* %t, i64 0, i64 %sum_i1_cast" [fips202.c:29->fips202.c:400]   --->   Operation 115 'getelementptr' 't_addr_14' <Predicate = (!tmp_i2)> <Delay = 0.00>
ST_13 : Operation 116 [2/2] (2.77ns)   --->   "%t_load_13 = load i8* %t_addr_14, align 1" [fips202.c:29->fips202.c:400]   --->   Operation 116 'load' 't_load_13' <Predicate = (!tmp_i2)> <Delay = 2.77> <Core = "RAM">   --->   Core 37 'RAM' <Latency = 1> <II = 1> <Delay = 2.77> <Storage> <Opcode : 'load' 'store'> <Ports = 2> <Width = 64> <Depth = 25> <RAM>
ST_13 : Operation 117 [1/1] (0.00ns)   --->   "%s_addr_8 = getelementptr [25 x i64]* %s, i64 0, i64 %i_4_cast4" [fips202.c:400]   --->   Operation 117 'getelementptr' 's_addr_8' <Predicate = (tmp_i2)> <Delay = 0.00>
ST_13 : Operation 118 [2/2] (2.77ns)   --->   "%s_load_3 = load i64* %s_addr_8, align 8" [fips202.c:400]   --->   Operation 118 'load' 's_load_3' <Predicate = (tmp_i2)> <Delay = 2.77> <Core = "RAM">   --->   Core 37 'RAM' <Latency = 1> <II = 1> <Delay = 2.77> <Storage> <Opcode : 'load' 'store'> <Ports = 2> <Width = 64> <Depth = 25> <RAM>

State 14 <SV = 9> <Delay = 5.19>
ST_14 : Operation 119 [1/2] (2.77ns)   --->   "%t_load_13 = load i8* %t_addr_14, align 1" [fips202.c:29->fips202.c:400]   --->   Operation 119 'load' 't_load_13' <Predicate = true> <Delay = 2.77> <Core = "RAM">   --->   Core 37 'RAM' <Latency = 1> <II = 1> <Delay = 2.77> <Storage> <Opcode : 'load' 'store'> <Ports = 2> <Width = 64> <Depth = 25> <RAM>
ST_14 : Operation 120 [1/1] (0.00ns) (grouped into LUT with out node r_3)   --->   "%tmp_i1 = zext i8 %t_load_13 to i64" [fips202.c:29->fips202.c:400]   --->   Operation 120 'zext' 'tmp_i1' <Predicate = true> <Delay = 0.00>
ST_14 : Operation 121 [1/1] (0.00ns) (grouped into LUT with out node r_3)   --->   "%tmp_228 = trunc i4 %i_i2 to i3" [fips202.c:28->fips202.c:400]   --->   Operation 121 'trunc' 'tmp_228' <Predicate = true> <Delay = 0.00>
ST_14 : Operation 122 [1/1] (0.00ns) (grouped into LUT with out node r_3)   --->   "%tmp_360_i = call i6 @_ssdm_op_BitConcatenate.i6.i3.i3(i3 %tmp_228, i3 0)" [fips202.c:29->fips202.c:400]   --->   Operation 122 'bitconcatenate' 'tmp_360_i' <Predicate = true> <Delay = 0.00>
ST_14 : Operation 123 [1/1] (0.00ns) (grouped into LUT with out node r_3)   --->   "%tmp_360_i_cast = zext i6 %tmp_360_i to i64" [fips202.c:29->fips202.c:400]   --->   Operation 123 'zext' 'tmp_360_i_cast' <Predicate = true> <Delay = 0.00>
ST_14 : Operation 124 [1/1] (0.00ns) (grouped into LUT with out node r_3)   --->   "%tmp_361_i = shl i64 %tmp_i1, %tmp_360_i_cast" [fips202.c:29->fips202.c:400]   --->   Operation 124 'shl' 'tmp_361_i' <Predicate = true> <Delay = 0.00> <Core = "Shift">   --->   Core 28 'Shift' <Latency = 0> <II = 1> <Delay = 2.42> <FuncUnit> <Opcode : 'shl' 'lshr' 'ashr'> <InPorts = 2> <OutPorts = 1>
ST_14 : Operation 125 [1/1] (2.42ns) (out node of the LUT)   --->   "%r_3 = or i64 %tmp_361_i, %r_i1" [fips202.c:29->fips202.c:400]   --->   Operation 125 'or' 'r_3' <Predicate = true> <Delay = 2.42> <Core = "LogicGate">   --->   Core 27 'LogicGate' <Latency = 0> <II = 1> <Delay = 0.80> <FuncUnit> <Opcode : 'and' 'or' 'xor'> <InPorts = 2> <OutPorts = 1>
ST_14 : Operation 126 [1/1] (0.00ns)   --->   "br label %11" [fips202.c:28->fips202.c:400]   --->   Operation 126 'br' <Predicate = true> <Delay = 0.00>

State 15 <SV = 9> <Delay = 6.35>
ST_15 : Operation 127 [1/2] (2.77ns)   --->   "%s_load_3 = load i64* %s_addr_8, align 8" [fips202.c:400]   --->   Operation 127 'load' 's_load_3' <Predicate = true> <Delay = 2.77> <Core = "RAM">   --->   Core 37 'RAM' <Latency = 1> <II = 1> <Delay = 2.77> <Storage> <Opcode : 'load' 'store'> <Ports = 2> <Width = 64> <Depth = 25> <RAM>
ST_15 : Operation 128 [1/1] (0.80ns)   --->   "%tmp_227 = xor i64 %s_load_3, %r_i1" [fips202.c:400]   --->   Operation 128 'xor' 'tmp_227' <Predicate = true> <Delay = 0.80> <Core = "LogicGate">   --->   Core 27 'LogicGate' <Latency = 0> <II = 1> <Delay = 0.80> <FuncUnit> <Opcode : 'and' 'or' 'xor'> <InPorts = 2> <OutPorts = 1>
ST_15 : Operation 129 [1/1] (2.77ns)   --->   "store i64 %tmp_227, i64* %s_addr_8, align 8" [fips202.c:400]   --->   Operation 129 'store' <Predicate = true> <Delay = 2.77> <Core = "RAM">   --->   Core 37 'RAM' <Latency = 1> <II = 1> <Delay = 2.77> <Storage> <Opcode : 'load' 'store'> <Ports = 2> <Width = 64> <Depth = 25> <RAM>
ST_15 : Operation 130 [1/1] (0.00ns)   --->   "br label %9" [fips202.c:399]   --->   Operation 130 'br' <Predicate = true> <Delay = 0.00>


============================================================
+ Verbose Summary: Timing violations
============================================================
Target clock period: 10ns, clock uncertainty: 1.25ns.

 <State 1>: 1.35ns
The critical path consists of the following:
	multiplexor before 'phi' operation ('i') with incoming values : ('i', fips202.c:380) [7]  (1.35 ns)

 <State 2>: 2.77ns
The critical path consists of the following:
	'phi' operation ('i') with incoming values : ('i', fips202.c:380) [7]  (0 ns)
	'getelementptr' operation ('s_addr', fips202.c:381) [14]  (0 ns)
	'store' operation (fips202.c:381) of constant 0 on array 's' [15]  (2.77 ns)

 <State 3>: 1.55ns
The critical path consists of the following:
	'phi' operation ('i_1', fips202.c:385) with incoming values : ('i_s', fips202.c:385) [20]  (0 ns)
	'add' operation ('i_s', fips202.c:385) [24]  (1.55 ns)

 <State 4>: 4.49ns
The critical path consists of the following:
	'phi' operation ('i') with incoming values : ('i', fips202.c:28->fips202.c:386) [31]  (0 ns)
	'add' operation ('sum_i', fips202.c:29->fips202.c:386) [38]  (1.72 ns)
	'getelementptr' operation ('m_addr_1', fips202.c:29->fips202.c:386) [40]  (0 ns)
	'load' operation ('m_load_1', fips202.c:29->fips202.c:386) on array 'm' [41]  (2.77 ns)

 <State 5>: 5.19ns
The critical path consists of the following:
	'load' operation ('m_load_1', fips202.c:29->fips202.c:386) on array 'm' [41]  (2.77 ns)
	'shl' operation ('tmp_359_i', fips202.c:29->fips202.c:386) [46]  (0 ns)
	'or' operation ('r', fips202.c:29->fips202.c:386) [47]  (2.42 ns)

 <State 6>: 6.35ns
The critical path consists of the following:
	'load' operation ('s_load', fips202.c:386) on array 's' [51]  (2.77 ns)
	'xor' operation ('tmp_224', fips202.c:386) [52]  (0.808 ns)
	'store' operation (fips202.c:386) of variable 'tmp_224', fips202.c:386 on array 's' [53]  (2.77 ns)

 <State 7>: 1.35ns
The critical path consists of the following:
	multiplexor before 'phi' operation ('i') with incoming values : ('i', fips202.c:393) [59]  (1.35 ns)

 <State 8>: 2.77ns
The critical path consists of the following:
	'phi' operation ('i') with incoming values : ('i', fips202.c:393) [59]  (0 ns)
	'getelementptr' operation ('t_addr', fips202.c:394) [66]  (0 ns)
	'store' operation (fips202.c:394) of constant 0 on array 't', fips202.c:377 [67]  (2.77 ns)

 <State 9>: 4.49ns
The critical path consists of the following:
	'phi' operation ('i_3', fips202.c:395) with incoming values : ('tmp_225', fips202.c:395) [72]  (0 ns)
	'add' operation ('sum9', fips202.c:396) [80]  (1.72 ns)
	'getelementptr' operation ('m_addr', fips202.c:396) [82]  (0 ns)
	'load' operation ('m_load', fips202.c:396) on array 'm' [83]  (2.77 ns)

 <State 10>: 5.54ns
The critical path consists of the following:
	'load' operation ('m_load', fips202.c:396) on array 'm' [83]  (2.77 ns)
	'store' operation (fips202.c:396) of variable 'm_load', fips202.c:396 on array 't', fips202.c:377 [85]  (2.77 ns)

 <State 11>: 5.54ns
The critical path consists of the following:
	'load' operation ('t_load', fips202.c:398) on array 't', fips202.c:377 [91]  (2.77 ns)
	'or' operation ('tmp_s', fips202.c:398) [92]  (0 ns)
	'store' operation (fips202.c:398) of variable 'tmp_s', fips202.c:398 on array 't', fips202.c:377 [93]  (2.77 ns)

 <State 12>: 1.55ns
The critical path consists of the following:
	'phi' operation ('i') with incoming values : ('i', fips202.c:399) [96]  (0 ns)
	'add' operation ('i', fips202.c:399) [100]  (1.55 ns)

 <State 13>: 4.49ns
The critical path consists of the following:
	'phi' operation ('i') with incoming values : ('i', fips202.c:28->fips202.c:400) [107]  (0 ns)
	'add' operation ('sum_i1', fips202.c:29->fips202.c:400) [114]  (1.72 ns)
	'getelementptr' operation ('t_addr_14', fips202.c:29->fips202.c:400) [116]  (0 ns)
	'load' operation ('t_load_13', fips202.c:29->fips202.c:400) on array 't', fips202.c:377 [117]  (2.77 ns)

 <State 14>: 5.19ns
The critical path consists of the following:
	'load' operation ('t_load_13', fips202.c:29->fips202.c:400) on array 't', fips202.c:377 [117]  (2.77 ns)
	'shl' operation ('tmp_361_i', fips202.c:29->fips202.c:400) [122]  (0 ns)
	'or' operation ('r', fips202.c:29->fips202.c:400) [123]  (2.42 ns)

 <State 15>: 6.35ns
The critical path consists of the following:
	'load' operation ('s_load_3', fips202.c:400) on array 's' [127]  (2.77 ns)
	'xor' operation ('tmp_227', fips202.c:400) [128]  (0.808 ns)
	'store' operation (fips202.c:400) of variable 'tmp_227', fips202.c:400 on array 's' [129]  (2.77 ns)


============================================================
+ Verbose Summary: Binding
============================================================
N/A
* FSMD analyzer results:
  - Output states:
 - Input state : 
  - Chain level:
	State 1
	State 2
	State 3
	State 4
	State 5
	State 6
	State 7
	State 8
	State 9
	State 10
	State 11
	State 12
	State 13
	State 14
	State 15


============================================================
+ Verbose Summary: Datapath Resource usage 
============================================================
N/A
