

================================================================
== Vivado HLS Report for 'poly_S3_frombytes'
================================================================
* Date:           Mon Aug 24 19:52:34 2020

* Version:        2018.3 (Build 2405991 on Thu Dec 06 23:56:15 MST 2018)
* Project:        ntru09
* Solution:       enc
* Product family: artix7
* Target device:  xc7a200tfbg676-2


================================================================
== Performance Estimates
================================================================
+ Timing (ns): 
    * Summary: 
    +--------+-------+----------+------------+
    |  Clock | Target| Estimated| Uncertainty|
    +--------+-------+----------+------------+
    |ap_clk  |  10.00|     7.956|        1.25|
    +--------+-------+----------+------------+

+ Latency (clock cycles): 
    * Summary: 
    +-----+-----+-----+-----+---------+
    |  Latency  |  Interval | Pipeline|
    | min | max | min | max |   Type  |
    +-----+-----+-----+-----+---------+
    |  615|  615|  615|  615|   none  |
    +-----+-----+-----+-----+---------+

    + Detail: 
        * Instance: 
        +-----------------+-------+-----+-----+-----+-----+---------+
        |                 |       |  Latency  |  Interval | Pipeline|
        |     Instance    | Module| min | max | min | max |   Type  |
        +-----------------+-------+-----+-----+-----+-----+---------+
        |grp_mod3_fu_199  |mod3   |    0|    0|    0|    0|   none  |
        |grp_mod3_fu_204  |mod3   |    0|    0|    0|    0|   none  |
        +-----------------+-------+-----+-----+-----+-----+---------+

        * Loop: 
        +----------+-----+-----+----------+-----------+-----------+------+----------+
        |          |  Latency  | Iteration|  Initiation Interval  | Trip |          |
        | Loop Name| min | max |  Latency |  achieved |   target  | Count| Pipelined|
        +----------+-----+-----+----------+-----------+-----------+------+----------+
        |- Loop 1  |  606|  606|         6|          -|          -|   101|    no    |
        |- Loop 2  |    6|    6|         2|          -|          -|     3|    no    |
        +----------+-----+-----+----------+-----------+-----------+------+----------+

============================================================
+ Verbose Summary: Synthesis Manager
============================================================
InlineROM: 1
ExposeGlobal: 1
============================================================
+ Verbose Summary: CDFG Model
============================================================
IsTopModel: 0
ResetActiveHigh: 1
IsCombinational: 0
IsDatapathOnly: 0
HasWiredReturn: 1
HasMFsm: 0
HasVarLatency: 1
IsPipeline: 0
IsRtlPipelined: 0
IsInstanceOverlapped: 0
IsDontTouch: 0
HasImplIP: 0
IsGatedGlobalClock: 0


============================================================
+ Verbose Summary: Schedule
============================================================
* Number of FSM states : 10
* Pipeline : 0
* Dataflow Pipeline: 0

* FSM state transitions: 
1 --> 
	2  / true
2 --> 
	3  / (!exitcond1)
	8  / (exitcond1)
3 --> 
	4  / true
4 --> 
	5  / true
5 --> 
	6  / true
6 --> 
	7  / true
7 --> 
	2  / true
8 --> 
	9  / true
9 --> 
	10  / (!exitcond)
10 --> 
	9  / true

* FSM state operations: 

State 1 <SV = 0> <Delay = 1.35>
ST_1 : Operation 11 [1/1] (0.00ns)   --->   "%msg_offset_read = call i9 @_ssdm_op_Read.ap_auto.i9(i9 %msg_offset)" [pack3.c:29]   --->   Operation 11 'read' 'msg_offset_read' <Predicate = true> <Delay = 0.00>
ST_1 : Operation 12 [1/1] (0.00ns)   --->   "%tmp_212 = trunc i9 %msg_offset_read to i8" [pack3.c:39]   --->   Operation 12 'trunc' 'tmp_212' <Predicate = true> <Delay = 0.00>
ST_1 : Operation 13 [1/1] (1.35ns)   --->   "br label %1" [pack3.c:37]   --->   Operation 13 'br' <Predicate = true> <Delay = 1.35>

State 2 <SV = 1> <Delay = 4.49>
ST_2 : Operation 14 [1/1] (0.00ns)   --->   "%i = phi i7 [ 0, %0 ], [ %i_10, %2 ]"   --->   Operation 14 'phi' 'i' <Predicate = true> <Delay = 0.00>
ST_2 : Operation 15 [1/1] (0.00ns)   --->   "%i_cast4 = zext i7 %i to i9" [pack3.c:37]   --->   Operation 15 'zext' 'i_cast4' <Predicate = true> <Delay = 0.00>
ST_2 : Operation 16 [1/1] (1.23ns)   --->   "%exitcond1 = icmp eq i7 %i, -27" [pack3.c:37]   --->   Operation 16 'icmp' 'exitcond1' <Predicate = true> <Delay = 1.23> <Core = "Cmp">   --->   Core 25 'Cmp' <Latency = 0> <II = 1> <Delay = 0.79> <FuncUnit> <Opcode : 'icmp'> <InPorts = 2> <OutPorts = 1>
ST_2 : Operation 17 [1/1] (0.00ns)   --->   "%empty = call i32 (...)* @_ssdm_op_SpecLoopTripCount(i64 101, i64 101, i64 101)"   --->   Operation 17 'speclooptripcount' 'empty' <Predicate = true> <Delay = 0.00>
ST_2 : Operation 18 [1/1] (1.66ns)   --->   "%i_10 = add i7 %i, 1" [pack3.c:37]   --->   Operation 18 'add' 'i_10' <Predicate = true> <Delay = 1.66> <Core = "AddSub">   --->   Core 14 'AddSub' <Latency = 0> <II = 1> <Delay = 1.49> <FuncUnit> <Opcode : 'add' 'sub'> <InPorts = 2> <OutPorts = 1>
ST_2 : Operation 19 [1/1] (0.00ns)   --->   "br i1 %exitcond1, label %3, label %2" [pack3.c:37]   --->   Operation 19 'br' <Predicate = true> <Delay = 0.00>
ST_2 : Operation 20 [1/1] (0.00ns)   --->   "%tmp_cast = zext i7 %i to i8" [pack3.c:39]   --->   Operation 20 'zext' 'tmp_cast' <Predicate = (!exitcond1)> <Delay = 0.00>
ST_2 : Operation 21 [1/1] (1.71ns)   --->   "%sum = add i8 %tmp_cast, %tmp_212" [pack3.c:39]   --->   Operation 21 'add' 'sum' <Predicate = (!exitcond1)> <Delay = 1.71> <Core = "AddSub">   --->   Core 14 'AddSub' <Latency = 0> <II = 1> <Delay = 1.49> <FuncUnit> <Opcode : 'add' 'sub'> <InPorts = 2> <OutPorts = 1>
ST_2 : Operation 22 [1/1] (0.00ns)   --->   "%sum_cast = zext i8 %sum to i64" [pack3.c:39]   --->   Operation 22 'zext' 'sum_cast' <Predicate = (!exitcond1)> <Delay = 0.00>
ST_2 : Operation 23 [1/1] (0.00ns)   --->   "%msg_addr_2 = getelementptr [204 x i8]* %msg, i64 0, i64 %sum_cast" [pack3.c:39]   --->   Operation 23 'getelementptr' 'msg_addr_2' <Predicate = (!exitcond1)> <Delay = 0.00>
ST_2 : Operation 24 [2/2] (2.77ns)   --->   "%c_6 = load i8* %msg_addr_2, align 1" [pack3.c:39]   --->   Operation 24 'load' 'c_6' <Predicate = (!exitcond1)> <Delay = 2.77> <Core = "RAM">   --->   Core 37 'RAM' <Latency = 1> <II = 1> <Delay = 2.77> <Storage> <Opcode : 'load' 'store'> <Ports = 2> <Width = 16> <Depth = 509> <RAM>
ST_2 : Operation 25 [1/1] (0.00ns)   --->   "%p_shl = call i9 @_ssdm_op_BitConcatenate.i9.i7.i2(i7 %i, i2 0)" [pack3.c:40]   --->   Operation 25 'bitconcatenate' 'p_shl' <Predicate = (!exitcond1)> <Delay = 0.00>
ST_2 : Operation 26 [1/1] (1.73ns)   --->   "%tmp_184 = add i9 %p_shl, %i_cast4" [pack3.c:40]   --->   Operation 26 'add' 'tmp_184' <Predicate = (!exitcond1)> <Delay = 1.73> <Core = "AddSub">   --->   Core 14 'AddSub' <Latency = 0> <II = 1> <Delay = 1.49> <FuncUnit> <Opcode : 'add' 'sub'> <InPorts = 2> <OutPorts = 1>
ST_2 : Operation 27 [1/1] (1.71ns)   --->   "%sum2 = add i8 %tmp_212, 101" [pack3.c:48]   --->   Operation 27 'add' 'sum2' <Predicate = (exitcond1)> <Delay = 1.71> <Core = "AddSub">   --->   Core 14 'AddSub' <Latency = 0> <II = 1> <Delay = 1.49> <FuncUnit> <Opcode : 'add' 'sub'> <InPorts = 2> <OutPorts = 1>
ST_2 : Operation 28 [1/1] (0.00ns)   --->   "%sum2_cast = zext i8 %sum2 to i64" [pack3.c:48]   --->   Operation 28 'zext' 'sum2_cast' <Predicate = (exitcond1)> <Delay = 0.00>
ST_2 : Operation 29 [1/1] (0.00ns)   --->   "%msg_addr = getelementptr [204 x i8]* %msg, i64 0, i64 %sum2_cast" [pack3.c:48]   --->   Operation 29 'getelementptr' 'msg_addr' <Predicate = (exitcond1)> <Delay = 0.00>
ST_2 : Operation 30 [2/2] (2.77ns)   --->   "%c = load i8* %msg_addr, align 1" [pack3.c:48]   --->   Operation 30 'load' 'c' <Predicate = (exitcond1)> <Delay = 2.77> <Core = "RAM">   --->   Core 37 'RAM' <Latency = 1> <II = 1> <Delay = 2.77> <Storage> <Opcode : 'load' 'store'> <Ports = 2> <Width = 16> <Depth = 509> <RAM>

State 3 <SV = 2> <Delay = 6.31>
ST_3 : Operation 31 [1/2] (2.77ns)   --->   "%c_6 = load i8* %msg_addr_2, align 1" [pack3.c:39]   --->   Operation 31 'load' 'c_6' <Predicate = true> <Delay = 2.77> <Core = "RAM">   --->   Core 37 'RAM' <Latency = 1> <II = 1> <Delay = 2.77> <Storage> <Opcode : 'load' 'store'> <Ports = 2> <Width = 16> <Depth = 509> <RAM>
ST_3 : Operation 32 [1/1] (0.00ns)   --->   "%tmp_s = zext i8 %c_6 to i16" [pack3.c:40]   --->   Operation 32 'zext' 'tmp_s' <Predicate = true> <Delay = 0.00>
ST_3 : Operation 33 [1/1] (3.54ns)   --->   "%tmp_186 = mul i16 %tmp_s, 171" [pack3.c:41]   --->   Operation 33 'mul' 'tmp_186' <Predicate = true> <Delay = 3.54> <Core = "Mul">   --->   Core 16 'Mul' <Latency = 0> <II = 1> <Delay = 3.54> <FuncUnit> <Opcode : 'mul'> <InPorts = 2> <OutPorts = 1>
ST_3 : Operation 34 [1/1] (0.00ns)   --->   "%tmp = call i7 @_ssdm_op_PartSelect.i7.i16.i32.i32(i16 %tmp_186, i32 9, i32 15)" [pack3.c:41]   --->   Operation 34 'partselect' 'tmp' <Predicate = true> <Delay = 0.00>
ST_3 : Operation 35 [1/1] (3.54ns)   --->   "%tmp_198 = mul i16 %tmp_s, 203" [pack3.c:44]   --->   Operation 35 'mul' 'tmp_198' <Predicate = true> <Delay = 3.54> <Core = "Mul">   --->   Core 16 'Mul' <Latency = 0> <II = 1> <Delay = 3.54> <FuncUnit> <Opcode : 'mul'> <InPorts = 2> <OutPorts = 1>
ST_3 : Operation 36 [1/1] (0.00ns)   --->   "%tmp_165 = call i2 @_ssdm_op_PartSelect.i2.i16.i32.i32(i16 %tmp_198, i32 14, i32 15)" [pack3.c:44]   --->   Operation 36 'partselect' 'tmp_165' <Predicate = true> <Delay = 0.00>

State 4 <SV = 3> <Delay = 7.95>
ST_4 : Operation 37 [1/1] (0.00ns)   --->   "%tmp_cast2 = zext i8 %c_6 to i13" [pack3.c:43]   --->   Operation 37 'zext' 'tmp_cast2' <Predicate = true> <Delay = 0.00>
ST_4 : Operation 38 [1/1] (0.00ns)   --->   "%tmp_cast_34 = zext i8 %c_6 to i14" [pack3.c:42]   --->   Operation 38 'zext' 'tmp_cast_34' <Predicate = true> <Delay = 0.00>
ST_4 : Operation 39 [1/1] (7.95ns)   --->   "%tmp_183 = call fastcc zeroext i16 @mod3(i8 zeroext %c_6)" [pack3.c:40]   --->   Operation 39 'call' 'tmp_183' <Predicate = true> <Delay = 7.95> <CoreType = "Generic">   --->   Core 0 '' <Latency = 0> <II = 1> <Delay = 1.00> <Generic> <Opcode : >
ST_4 : Operation 40 [1/1] (0.00ns)   --->   "%tmp_302_cast = zext i7 %tmp to i8" [pack3.c:41]   --->   Operation 40 'zext' 'tmp_302_cast' <Predicate = true> <Delay = 0.00>
ST_4 : Operation 41 [1/1] (7.95ns)   --->   "%tmp_187 = call fastcc zeroext i16 @mod3(i8 zeroext %tmp_302_cast)" [pack3.c:41]   --->   Operation 41 'call' 'tmp_187' <Predicate = true> <Delay = 7.95> <CoreType = "Generic">   --->   Core 0 '' <Latency = 0> <II = 1> <Delay = 1.00> <Generic> <Opcode : >
ST_4 : Operation 42 [1/1] (3.63ns)   --->   "%tmp_190 = mul i14 %tmp_cast_34, 57" [pack3.c:42]   --->   Operation 42 'mul' 'tmp_190' <Predicate = true> <Delay = 3.63> <Core = "Mul">   --->   Core 16 'Mul' <Latency = 0> <II = 1> <Delay = 3.54> <FuncUnit> <Opcode : 'mul'> <InPorts = 2> <OutPorts = 1>
ST_4 : Operation 43 [1/1] (0.00ns)   --->   "%tmp_163 = call i5 @_ssdm_op_PartSelect.i5.i14.i32.i32(i14 %tmp_190, i32 9, i32 13)" [pack3.c:42]   --->   Operation 43 'partselect' 'tmp_163' <Predicate = true> <Delay = 0.00>
ST_4 : Operation 44 [1/1] (3.63ns)   --->   "%tmp_194 = mul i13 %tmp_cast2, 19" [pack3.c:43]   --->   Operation 44 'mul' 'tmp_194' <Predicate = true> <Delay = 3.63> <Core = "Mul">   --->   Core 16 'Mul' <Latency = 0> <II = 1> <Delay = 3.54> <FuncUnit> <Opcode : 'mul'> <InPorts = 2> <OutPorts = 1>
ST_4 : Operation 45 [1/1] (0.00ns)   --->   "%tmp_164 = call i4 @_ssdm_op_PartSelect.i4.i13.i32.i32(i13 %tmp_194, i32 9, i32 12)" [pack3.c:43]   --->   Operation 45 'partselect' 'tmp_164' <Predicate = true> <Delay = 0.00>

State 5 <SV = 4> <Delay = 7.95>
ST_5 : Operation 46 [1/1] (0.00ns)   --->   "%tmp_185 = zext i9 %tmp_184 to i64" [pack3.c:40]   --->   Operation 46 'zext' 'tmp_185' <Predicate = true> <Delay = 0.00>
ST_5 : Operation 47 [1/1] (0.00ns)   --->   "%r_coeffs_addr = getelementptr [509 x i16]* %r_coeffs, i64 0, i64 %tmp_185" [pack3.c:40]   --->   Operation 47 'getelementptr' 'r_coeffs_addr' <Predicate = true> <Delay = 0.00>
ST_5 : Operation 48 [1/1] (2.77ns)   --->   "store i16 %tmp_183, i16* %r_coeffs_addr, align 2" [pack3.c:40]   --->   Operation 48 'store' <Predicate = true> <Delay = 2.77> <Core = "RAM">   --->   Core 37 'RAM' <Latency = 1> <II = 1> <Delay = 2.77> <Storage> <Opcode : 'load' 'store'> <Ports = 2> <Width = 16> <Depth = 509> <RAM>
ST_5 : Operation 49 [1/1] (1.73ns)   --->   "%tmp_188 = add i9 %tmp_184, 1" [pack3.c:41]   --->   Operation 49 'add' 'tmp_188' <Predicate = true> <Delay = 1.73> <Core = "AddSub">   --->   Core 14 'AddSub' <Latency = 0> <II = 1> <Delay = 1.49> <FuncUnit> <Opcode : 'add' 'sub'> <InPorts = 2> <OutPorts = 1>
ST_5 : Operation 50 [1/1] (0.00ns)   --->   "%tmp_189 = zext i9 %tmp_188 to i64" [pack3.c:41]   --->   Operation 50 'zext' 'tmp_189' <Predicate = true> <Delay = 0.00>
ST_5 : Operation 51 [1/1] (0.00ns)   --->   "%r_coeffs_addr_13 = getelementptr [509 x i16]* %r_coeffs, i64 0, i64 %tmp_189" [pack3.c:41]   --->   Operation 51 'getelementptr' 'r_coeffs_addr_13' <Predicate = true> <Delay = 0.00>
ST_5 : Operation 52 [1/1] (2.77ns)   --->   "store i16 %tmp_187, i16* %r_coeffs_addr_13, align 2" [pack3.c:41]   --->   Operation 52 'store' <Predicate = true> <Delay = 2.77> <Core = "RAM">   --->   Core 37 'RAM' <Latency = 1> <II = 1> <Delay = 2.77> <Storage> <Opcode : 'load' 'store'> <Ports = 2> <Width = 16> <Depth = 509> <RAM>
ST_5 : Operation 53 [1/1] (0.00ns)   --->   "%tmp_307_cast_cast = zext i5 %tmp_163 to i8" [pack3.c:42]   --->   Operation 53 'zext' 'tmp_307_cast_cast' <Predicate = true> <Delay = 0.00>
ST_5 : Operation 54 [1/1] (7.95ns)   --->   "%tmp_191 = call fastcc zeroext i16 @mod3(i8 zeroext %tmp_307_cast_cast)" [pack3.c:42]   --->   Operation 54 'call' 'tmp_191' <Predicate = true> <Delay = 7.95> <CoreType = "Generic">   --->   Core 0 '' <Latency = 0> <II = 1> <Delay = 1.00> <Generic> <Opcode : >
ST_5 : Operation 55 [1/1] (0.00ns)   --->   "%tmp_312_cast_cast = zext i4 %tmp_164 to i8" [pack3.c:43]   --->   Operation 55 'zext' 'tmp_312_cast_cast' <Predicate = true> <Delay = 0.00>
ST_5 : Operation 56 [1/1] (7.95ns)   --->   "%tmp_195 = call fastcc zeroext i16 @mod3(i8 zeroext %tmp_312_cast_cast)" [pack3.c:43]   --->   Operation 56 'call' 'tmp_195' <Predicate = true> <Delay = 7.95> <CoreType = "Generic">   --->   Core 0 '' <Latency = 0> <II = 1> <Delay = 1.00> <Generic> <Opcode : >

State 6 <SV = 5> <Delay = 7.95>
ST_6 : Operation 57 [1/1] (1.73ns)   --->   "%tmp_192 = add i9 %tmp_184, 2" [pack3.c:42]   --->   Operation 57 'add' 'tmp_192' <Predicate = true> <Delay = 1.73> <Core = "AddSub">   --->   Core 14 'AddSub' <Latency = 0> <II = 1> <Delay = 1.49> <FuncUnit> <Opcode : 'add' 'sub'> <InPorts = 2> <OutPorts = 1>
ST_6 : Operation 58 [1/1] (0.00ns)   --->   "%tmp_193 = zext i9 %tmp_192 to i64" [pack3.c:42]   --->   Operation 58 'zext' 'tmp_193' <Predicate = true> <Delay = 0.00>
ST_6 : Operation 59 [1/1] (0.00ns)   --->   "%r_coeffs_addr_14 = getelementptr [509 x i16]* %r_coeffs, i64 0, i64 %tmp_193" [pack3.c:42]   --->   Operation 59 'getelementptr' 'r_coeffs_addr_14' <Predicate = true> <Delay = 0.00>
ST_6 : Operation 60 [1/1] (2.77ns)   --->   "store i16 %tmp_191, i16* %r_coeffs_addr_14, align 2" [pack3.c:42]   --->   Operation 60 'store' <Predicate = true> <Delay = 2.77> <Core = "RAM">   --->   Core 37 'RAM' <Latency = 1> <II = 1> <Delay = 2.77> <Storage> <Opcode : 'load' 'store'> <Ports = 2> <Width = 16> <Depth = 509> <RAM>
ST_6 : Operation 61 [1/1] (1.73ns)   --->   "%tmp_196 = add i9 %tmp_184, 3" [pack3.c:43]   --->   Operation 61 'add' 'tmp_196' <Predicate = true> <Delay = 1.73> <Core = "AddSub">   --->   Core 14 'AddSub' <Latency = 0> <II = 1> <Delay = 1.49> <FuncUnit> <Opcode : 'add' 'sub'> <InPorts = 2> <OutPorts = 1>
ST_6 : Operation 62 [1/1] (0.00ns)   --->   "%tmp_197 = zext i9 %tmp_196 to i64" [pack3.c:43]   --->   Operation 62 'zext' 'tmp_197' <Predicate = true> <Delay = 0.00>
ST_6 : Operation 63 [1/1] (0.00ns)   --->   "%r_coeffs_addr_15 = getelementptr [509 x i16]* %r_coeffs, i64 0, i64 %tmp_197" [pack3.c:43]   --->   Operation 63 'getelementptr' 'r_coeffs_addr_15' <Predicate = true> <Delay = 0.00>
ST_6 : Operation 64 [1/1] (2.77ns)   --->   "store i16 %tmp_195, i16* %r_coeffs_addr_15, align 2" [pack3.c:43]   --->   Operation 64 'store' <Predicate = true> <Delay = 2.77> <Core = "RAM">   --->   Core 37 'RAM' <Latency = 1> <II = 1> <Delay = 2.77> <Storage> <Opcode : 'load' 'store'> <Ports = 2> <Width = 16> <Depth = 509> <RAM>
ST_6 : Operation 65 [1/1] (0.00ns)   --->   "%tmp_317_cast = zext i2 %tmp_165 to i8" [pack3.c:44]   --->   Operation 65 'zext' 'tmp_317_cast' <Predicate = true> <Delay = 0.00>
ST_6 : Operation 66 [1/1] (7.95ns)   --->   "%tmp_199 = call fastcc zeroext i16 @mod3(i8 zeroext %tmp_317_cast)" [pack3.c:44]   --->   Operation 66 'call' 'tmp_199' <Predicate = true> <Delay = 7.95> <CoreType = "Generic">   --->   Core 0 '' <Latency = 0> <II = 1> <Delay = 1.00> <Generic> <Opcode : >

State 7 <SV = 6> <Delay = 4.50>
ST_7 : Operation 67 [1/1] (1.73ns)   --->   "%tmp_200 = add i9 %tmp_184, 4" [pack3.c:44]   --->   Operation 67 'add' 'tmp_200' <Predicate = true> <Delay = 1.73> <Core = "AddSub">   --->   Core 14 'AddSub' <Latency = 0> <II = 1> <Delay = 1.49> <FuncUnit> <Opcode : 'add' 'sub'> <InPorts = 2> <OutPorts = 1>
ST_7 : Operation 68 [1/1] (0.00ns)   --->   "%tmp_201 = zext i9 %tmp_200 to i64" [pack3.c:44]   --->   Operation 68 'zext' 'tmp_201' <Predicate = true> <Delay = 0.00>
ST_7 : Operation 69 [1/1] (0.00ns)   --->   "%r_coeffs_addr_16 = getelementptr [509 x i16]* %r_coeffs, i64 0, i64 %tmp_201" [pack3.c:44]   --->   Operation 69 'getelementptr' 'r_coeffs_addr_16' <Predicate = true> <Delay = 0.00>
ST_7 : Operation 70 [1/1] (2.77ns)   --->   "store i16 %tmp_199, i16* %r_coeffs_addr_16, align 2" [pack3.c:44]   --->   Operation 70 'store' <Predicate = true> <Delay = 2.77> <Core = "RAM">   --->   Core 37 'RAM' <Latency = 1> <II = 1> <Delay = 2.77> <Storage> <Opcode : 'load' 'store'> <Ports = 2> <Width = 16> <Depth = 509> <RAM>
ST_7 : Operation 71 [1/1] (0.00ns)   --->   "br label %1" [pack3.c:37]   --->   Operation 71 'br' <Predicate = true> <Delay = 0.00>

State 8 <SV = 2> <Delay = 2.77>
ST_8 : Operation 72 [1/2] (2.77ns)   --->   "%c = load i8* %msg_addr, align 1" [pack3.c:48]   --->   Operation 72 'load' 'c' <Predicate = true> <Delay = 2.77> <Core = "RAM">   --->   Core 37 'RAM' <Latency = 1> <II = 1> <Delay = 2.77> <Storage> <Opcode : 'load' 'store'> <Ports = 2> <Width = 16> <Depth = 509> <RAM>
ST_8 : Operation 73 [1/1] (1.35ns)   --->   "br label %4" [pack3.c:49]   --->   Operation 73 'br' <Predicate = true> <Delay = 1.35>

State 9 <SV = 3> <Delay = 7.95>
ST_9 : Operation 74 [1/1] (0.00ns)   --->   "%c8 = phi i8 [ %c, %3 ], [ %c_7, %5 ]"   --->   Operation 74 'phi' 'c8' <Predicate = true> <Delay = 0.00>
ST_9 : Operation 75 [1/1] (0.00ns)   --->   "%j = phi i2 [ 0, %3 ], [ %j_6, %5 ]"   --->   Operation 75 'phi' 'j' <Predicate = true> <Delay = 0.00>
ST_9 : Operation 76 [1/1] (0.00ns)   --->   "%j_cast1_cast = zext i2 %j to i4" [pack3.c:49]   --->   Operation 76 'zext' 'j_cast1_cast' <Predicate = true> <Delay = 0.00>
ST_9 : Operation 77 [1/1] (0.79ns)   --->   "%exitcond = icmp eq i2 %j, -1" [pack3.c:49]   --->   Operation 77 'icmp' 'exitcond' <Predicate = true> <Delay = 0.79> <Core = "Cmp">   --->   Core 25 'Cmp' <Latency = 0> <II = 1> <Delay = 0.79> <FuncUnit> <Opcode : 'icmp'> <InPorts = 2> <OutPorts = 1>
ST_9 : Operation 78 [1/1] (0.00ns)   --->   "%empty_35 = call i32 (...)* @_ssdm_op_SpecLoopTripCount(i64 3, i64 3, i64 3)"   --->   Operation 78 'speclooptripcount' 'empty_35' <Predicate = true> <Delay = 0.00>
ST_9 : Operation 79 [1/1] (1.20ns)   --->   "%j_6 = add i2 %j, 1" [pack3.c:49]   --->   Operation 79 'add' 'j_6' <Predicate = true> <Delay = 1.20> <Core = "AddSub">   --->   Core 14 'AddSub' <Latency = 0> <II = 1> <Delay = 1.49> <FuncUnit> <Opcode : 'add' 'sub'> <InPorts = 2> <OutPorts = 1>
ST_9 : Operation 80 [1/1] (0.00ns)   --->   "br i1 %exitcond, label %6, label %5" [pack3.c:49]   --->   Operation 80 'br' <Predicate = true> <Delay = 0.00>
ST_9 : Operation 81 [1/1] (7.95ns)   --->   "%tmp_202 = call fastcc zeroext i16 @mod3(i8 zeroext %c8)" [pack3.c:51]   --->   Operation 81 'call' 'tmp_202' <Predicate = (!exitcond)> <Delay = 7.95> <CoreType = "Generic">   --->   Core 0 '' <Latency = 0> <II = 1> <Delay = 1.00> <Generic> <Opcode : >
ST_9 : Operation 82 [1/1] (0.00ns)   --->   "%tmp_325_cast = zext i8 %c8 to i16" [pack3.c:52]   --->   Operation 82 'zext' 'tmp_325_cast' <Predicate = (!exitcond)> <Delay = 0.00>
ST_9 : Operation 83 [1/1] (3.54ns)   --->   "%tmp_205 = mul i16 %tmp_325_cast, 171" [pack3.c:52]   --->   Operation 83 'mul' 'tmp_205' <Predicate = (!exitcond)> <Delay = 3.54> <Core = "Mul">   --->   Core 16 'Mul' <Latency = 0> <II = 1> <Delay = 3.54> <FuncUnit> <Opcode : 'mul'> <InPorts = 2> <OutPorts = 1>
ST_9 : Operation 84 [1/1] (0.00ns)   --->   "%tmp_166 = call i7 @_ssdm_op_PartSelect.i7.i16.i32.i32(i16 %tmp_205, i32 9, i32 15)" [pack3.c:52]   --->   Operation 84 'partselect' 'tmp_166' <Predicate = (!exitcond)> <Delay = 0.00>
ST_9 : Operation 85 [1/1] (0.00ns)   --->   "%c_7 = zext i7 %tmp_166 to i8" [pack3.c:52]   --->   Operation 85 'zext' 'c_7' <Predicate = (!exitcond)> <Delay = 0.00>
ST_9 : Operation 86 [1/1] (0.00ns)   --->   "%r_coeffs_addr_17 = getelementptr [509 x i16]* %r_coeffs, i64 0, i64 508" [pack3.c:55]   --->   Operation 86 'getelementptr' 'r_coeffs_addr_17' <Predicate = (exitcond)> <Delay = 0.00>
ST_9 : Operation 87 [1/1] (2.77ns)   --->   "store i16 0, i16* %r_coeffs_addr_17, align 2" [pack3.c:55]   --->   Operation 87 'store' <Predicate = (exitcond)> <Delay = 2.77> <Core = "RAM">   --->   Core 37 'RAM' <Latency = 1> <II = 1> <Delay = 2.77> <Storage> <Opcode : 'load' 'store'> <Ports = 2> <Width = 16> <Depth = 509> <RAM>
ST_9 : Operation 88 [1/1] (0.00ns)   --->   "ret void" [pack3.c:56]   --->   Operation 88 'ret' <Predicate = (exitcond)> <Delay = 0.00>

State 10 <SV = 4> <Delay = 4.26>
ST_10 : Operation 89 [1/1] (1.49ns)   --->   "%tmp_203 = add i4 %j_cast1_cast, -7" [pack3.c:51]   --->   Operation 89 'add' 'tmp_203' <Predicate = true> <Delay = 1.49> <Core = "AddSub">   --->   Core 14 'AddSub' <Latency = 0> <II = 1> <Delay = 1.49> <FuncUnit> <Opcode : 'add' 'sub'> <InPorts = 2> <OutPorts = 1>
ST_10 : Operation 90 [1/1] (0.00ns)   --->   "%tmp_323_cast6 = sext i4 %tmp_203 to i9" [pack3.c:51]   --->   Operation 90 'sext' 'tmp_323_cast6' <Predicate = true> <Delay = 0.00>
ST_10 : Operation 91 [1/1] (0.00ns)   --->   "%tmp_204 = zext i9 %tmp_323_cast6 to i64" [pack3.c:51]   --->   Operation 91 'zext' 'tmp_204' <Predicate = true> <Delay = 0.00>
ST_10 : Operation 92 [1/1] (0.00ns)   --->   "%r_coeffs_addr_18 = getelementptr [509 x i16]* %r_coeffs, i64 0, i64 %tmp_204" [pack3.c:51]   --->   Operation 92 'getelementptr' 'r_coeffs_addr_18' <Predicate = true> <Delay = 0.00>
ST_10 : Operation 93 [1/1] (2.77ns)   --->   "store i16 %tmp_202, i16* %r_coeffs_addr_18, align 2" [pack3.c:51]   --->   Operation 93 'store' <Predicate = true> <Delay = 2.77> <Core = "RAM">   --->   Core 37 'RAM' <Latency = 1> <II = 1> <Delay = 2.77> <Storage> <Opcode : 'load' 'store'> <Ports = 2> <Width = 16> <Depth = 509> <RAM>
ST_10 : Operation 94 [1/1] (0.00ns)   --->   "br label %4" [pack3.c:49]   --->   Operation 94 'br' <Predicate = true> <Delay = 0.00>


============================================================
+ Verbose Summary: Binding
============================================================
STG Binding: 
---------------- STG Properties BEGIN ----------------
- Is combinational: 0
- Is one-state seq: 0
- Is datapath-only: 0
- Is pipelined: 0
- Is top level: 0
Port [ Return ] is wired: 1; IO mode=ap_ctrl_hs:ce=0
Port [ r_coeffs]:  wired=1; compound=1; hidden=0; nouse=0; global=0; static=0; extern=0; dir=1; type=1; pingpong=0; private_global=0; MemPort=[00]; IO mode=ap_memory:ce=0
Port [ msg]:  wired=1; compound=1; hidden=0; nouse=0; global=0; static=0; extern=0; dir=0; type=1; pingpong=0; private_global=0; MemPort=[13]; IO mode=ap_memory:ce=0
Port [ msg_offset]:  wired=1; compound=0; hidden=0; nouse=0; global=0; static=0; extern=0; dir=0; type=0; pingpong=0; private_global=0; IO mode=ap_none:ce=0
---------------- STG Properties END ------------------

---------------- Datapath Model BEGIN ----------------

<LifeTime>
<method=bitvector/>
msg_offset_read   (read             ) [ 00000000000]
tmp_212           (trunc            ) [ 00111111000]
StgValue_13       (br               ) [ 01111111000]
i                 (phi              ) [ 00100000000]
i_cast4           (zext             ) [ 00000000000]
exitcond1         (icmp             ) [ 00111111000]
empty             (speclooptripcount) [ 00000000000]
i_10              (add              ) [ 01111111000]
StgValue_19       (br               ) [ 00000000000]
tmp_cast          (zext             ) [ 00000000000]
sum               (add              ) [ 00000000000]
sum_cast          (zext             ) [ 00000000000]
msg_addr_2        (getelementptr    ) [ 00010000000]
p_shl             (bitconcatenate   ) [ 00000000000]
tmp_184           (add              ) [ 00011111000]
sum2              (add              ) [ 00000000000]
sum2_cast         (zext             ) [ 00000000000]
msg_addr          (getelementptr    ) [ 00000000100]
c_6               (load             ) [ 00001000000]
tmp_s             (zext             ) [ 00000000000]
tmp_186           (mul              ) [ 00000000000]
tmp               (partselect       ) [ 00001000000]
tmp_198           (mul              ) [ 00000000000]
tmp_165           (partselect       ) [ 00001110000]
tmp_cast2         (zext             ) [ 00000000000]
tmp_cast_34       (zext             ) [ 00000000000]
tmp_183           (call             ) [ 00000100000]
tmp_302_cast      (zext             ) [ 00000000000]
tmp_187           (call             ) [ 00000100000]
tmp_190           (mul              ) [ 00000000000]
tmp_163           (partselect       ) [ 00000100000]
tmp_194           (mul              ) [ 00000000000]
tmp_164           (partselect       ) [ 00000100000]
tmp_185           (zext             ) [ 00000000000]
r_coeffs_addr     (getelementptr    ) [ 00000000000]
StgValue_48       (store            ) [ 00000000000]
tmp_188           (add              ) [ 00000000000]
tmp_189           (zext             ) [ 00000000000]
r_coeffs_addr_13  (getelementptr    ) [ 00000000000]
StgValue_52       (store            ) [ 00000000000]
tmp_307_cast_cast (zext             ) [ 00000000000]
tmp_191           (call             ) [ 00000010000]
tmp_312_cast_cast (zext             ) [ 00000000000]
tmp_195           (call             ) [ 00000010000]
tmp_192           (add              ) [ 00000000000]
tmp_193           (zext             ) [ 00000000000]
r_coeffs_addr_14  (getelementptr    ) [ 00000000000]
StgValue_60       (store            ) [ 00000000000]
tmp_196           (add              ) [ 00000000000]
tmp_197           (zext             ) [ 00000000000]
r_coeffs_addr_15  (getelementptr    ) [ 00000000000]
StgValue_64       (store            ) [ 00000000000]
tmp_317_cast      (zext             ) [ 00000000000]
tmp_199           (call             ) [ 00000001000]
tmp_200           (add              ) [ 00000000000]
tmp_201           (zext             ) [ 00000000000]
r_coeffs_addr_16  (getelementptr    ) [ 00000000000]
StgValue_70       (store            ) [ 00000000000]
StgValue_71       (br               ) [ 01111111000]
c                 (load             ) [ 00000000111]
StgValue_73       (br               ) [ 00000000111]
c8                (phi              ) [ 00000000010]
j                 (phi              ) [ 00000000010]
j_cast1_cast      (zext             ) [ 00000000001]
exitcond          (icmp             ) [ 00000000011]
empty_35          (speclooptripcount) [ 00000000000]
j_6               (add              ) [ 00000000111]
StgValue_80       (br               ) [ 00000000000]
tmp_202           (call             ) [ 00000000001]
tmp_325_cast      (zext             ) [ 00000000000]
tmp_205           (mul              ) [ 00000000000]
tmp_166           (partselect       ) [ 00000000000]
c_7               (zext             ) [ 00000000111]
r_coeffs_addr_17  (getelementptr    ) [ 00000000000]
StgValue_87       (store            ) [ 00000000000]
StgValue_88       (ret              ) [ 00000000000]
tmp_203           (add              ) [ 00000000000]
tmp_323_cast6     (sext             ) [ 00000000000]
tmp_204           (zext             ) [ 00000000000]
r_coeffs_addr_18  (getelementptr    ) [ 00000000000]
StgValue_93       (store            ) [ 00000000000]
StgValue_94       (br               ) [ 00000000111]
</LifeTime>

<model>

<comp_list>
<comp id="0" class="1000" name="r_coeffs">
<pin_list>
<pin id="1" dir="1" index="0" bw="1" slack="0"/>
</pin_list>
<bind>
<StgValue><ssdm name="r_coeffs"/><MemPortTyVec>0 0 </MemPortTyVec>
</StgValue>
</bind>
</comp>

<comp id="2" class="1000" name="msg">
<pin_list>
<pin id="3" dir="1" index="0" bw="1" slack="0"/>
</pin_list>
<bind>
<StgValue><ssdm name="msg"/><MemPortTyVec>1 3 </MemPortTyVec>
</StgValue>
</bind>
</comp>

<comp id="4" class="1000" name="msg_offset">
<pin_list>
<pin id="5" dir="1" index="0" bw="1" slack="0"/>
</pin_list>
<bind>
<StgValue><ssdm name="msg_offset"/></StgValue>
</bind>
</comp>

<comp id="6" class="1001" name="const_6">
<pin_list>
<pin id="7" dir="1" index="0" bw="1" slack="0"/>
</pin_list>
<bind>
<StgValue><ssdm name="_ssdm_op_Read.ap_auto.i9"/></StgValue>
</bind>
</comp>

<comp id="8" class="1001" name="const_8">
<pin_list>
<pin id="9" dir="1" index="0" bw="1" slack="1"/>
</pin_list>
<bind>
<StgValue><ssdm name=""/></StgValue>
</bind>
</comp>

<comp id="10" class="1001" name="const_10">
<pin_list>
<pin id="11" dir="1" index="0" bw="1" slack="0"/>
</pin_list>
<bind>
<StgValue><ssdm name=""/></StgValue>
</bind>
</comp>

<comp id="12" class="1001" name="const_12">
<pin_list>
<pin id="13" dir="1" index="0" bw="1" slack="2147483647"/>
</pin_list>
<bind>
<StgValue><ssdm name="_ssdm_op_SpecLoopTripCount"/></StgValue>
</bind>
</comp>

<comp id="14" class="1001" name="const_14">
<pin_list>
<pin id="15" dir="1" index="0" bw="1" slack="2147483647"/>
</pin_list>
<bind>
<StgValue><ssdm name=""/></StgValue>
</bind>
</comp>

<comp id="16" class="1001" name="const_16">
<pin_list>
<pin id="17" dir="1" index="0" bw="1" slack="0"/>
</pin_list>
<bind>
<StgValue><ssdm name=""/></StgValue>
</bind>
</comp>

<comp id="18" class="1001" name="const_18">
<pin_list>
<pin id="19" dir="1" index="0" bw="1" slack="0"/>
</pin_list>
<bind>
<StgValue><ssdm name=""/></StgValue>
</bind>
</comp>

<comp id="20" class="1001" name="const_20">
<pin_list>
<pin id="21" dir="1" index="0" bw="1" slack="0"/>
</pin_list>
<bind>
<StgValue><ssdm name="_ssdm_op_BitConcatenate.i9.i7.i2"/></StgValue>
</bind>
</comp>

<comp id="22" class="1001" name="const_22">
<pin_list>
<pin id="23" dir="1" index="0" bw="1" slack="0"/>
</pin_list>
<bind>
<StgValue><ssdm name=""/></StgValue>
</bind>
</comp>

<comp id="24" class="1001" name="const_24">
<pin_list>
<pin id="25" dir="1" index="0" bw="1" slack="0"/>
</pin_list>
<bind>
<StgValue><ssdm name=""/></StgValue>
</bind>
</comp>

<comp id="26" class="1001" name="const_26">
<pin_list>
<pin id="27" dir="1" index="0" bw="1" slack="0"/>
</pin_list>
<bind>
<StgValue><ssdm name=""/></StgValue>
</bind>
</comp>

<comp id="28" class="1001" name="const_28">
<pin_list>
<pin id="29" dir="1" index="0" bw="1" slack="0"/>
</pin_list>
<bind>
<StgValue><ssdm name="_ssdm_op_PartSelect.i7.i16.i32.i32"/></StgValue>
</bind>
</comp>

<comp id="30" class="1001" name="const_30">
<pin_list>
<pin id="31" dir="1" index="0" bw="1" slack="0"/>
</pin_list>
<bind>
<StgValue><ssdm name=""/></StgValue>
</bind>
</comp>

<comp id="32" class="1001" name="const_32">
<pin_list>
<pin id="33" dir="1" index="0" bw="1" slack="0"/>
</pin_list>
<bind>
<StgValue><ssdm name=""/></StgValue>
</bind>
</comp>

<comp id="34" class="1001" name="const_34">
<pin_list>
<pin id="35" dir="1" index="0" bw="1" slack="0"/>
</pin_list>
<bind>
<StgValue><ssdm name=""/></StgValue>
</bind>
</comp>

<comp id="36" class="1001" name="const_36">
<pin_list>
<pin id="37" dir="1" index="0" bw="1" slack="0"/>
</pin_list>
<bind>
<StgValue><ssdm name="_ssdm_op_PartSelect.i2.i16.i32.i32"/></StgValue>
</bind>
</comp>

<comp id="38" class="1001" name="const_38">
<pin_list>
<pin id="39" dir="1" index="0" bw="1" slack="0"/>
</pin_list>
<bind>
<StgValue><ssdm name=""/></StgValue>
</bind>
</comp>

<comp id="40" class="1001" name="const_40">
<pin_list>
<pin id="41" dir="1" index="0" bw="1" slack="0"/>
</pin_list>
<bind>
<StgValue><ssdm name="mod3"/></StgValue>
</bind>
</comp>

<comp id="42" class="1001" name="const_42">
<pin_list>
<pin id="43" dir="1" index="0" bw="1" slack="0"/>
</pin_list>
<bind>
<StgValue><ssdm name=""/></StgValue>
</bind>
</comp>

<comp id="44" class="1001" name="const_44">
<pin_list>
<pin id="45" dir="1" index="0" bw="1" slack="0"/>
</pin_list>
<bind>
<StgValue><ssdm name="_ssdm_op_PartSelect.i5.i14.i32.i32"/></StgValue>
</bind>
</comp>

<comp id="46" class="1001" name="const_46">
<pin_list>
<pin id="47" dir="1" index="0" bw="1" slack="0"/>
</pin_list>
<bind>
<StgValue><ssdm name=""/></StgValue>
</bind>
</comp>

<comp id="48" class="1001" name="const_48">
<pin_list>
<pin id="49" dir="1" index="0" bw="1" slack="0"/>
</pin_list>
<bind>
<StgValue><ssdm name=""/></StgValue>
</bind>
</comp>

<comp id="50" class="1001" name="const_50">
<pin_list>
<pin id="51" dir="1" index="0" bw="1" slack="0"/>
</pin_list>
<bind>
<StgValue><ssdm name="_ssdm_op_PartSelect.i4.i13.i32.i32"/></StgValue>
</bind>
</comp>

<comp id="52" class="1001" name="const_52">
<pin_list>
<pin id="53" dir="1" index="0" bw="1" slack="0"/>
</pin_list>
<bind>
<StgValue><ssdm name=""/></StgValue>
</bind>
</comp>

<comp id="54" class="1001" name="const_54">
<pin_list>
<pin id="55" dir="1" index="0" bw="1" slack="0"/>
</pin_list>
<bind>
<StgValue><ssdm name=""/></StgValue>
</bind>
</comp>

<comp id="56" class="1001" name="const_56">
<pin_list>
<pin id="57" dir="1" index="0" bw="1" slack="0"/>
</pin_list>
<bind>
<StgValue><ssdm name=""/></StgValue>
</bind>
</comp>

<comp id="58" class="1001" name="const_58">
<pin_list>
<pin id="59" dir="1" index="0" bw="1" slack="0"/>
</pin_list>
<bind>
<StgValue><ssdm name=""/></StgValue>
</bind>
</comp>

<comp id="60" class="1001" name="const_60">
<pin_list>
<pin id="61" dir="1" index="0" bw="1" slack="0"/>
</pin_list>
<bind>
<StgValue><ssdm name=""/></StgValue>
</bind>
</comp>

<comp id="62" class="1001" name="const_62">
<pin_list>
<pin id="63" dir="1" index="0" bw="1" slack="0"/>
</pin_list>
<bind>
<StgValue><ssdm name=""/></StgValue>
</bind>
</comp>

<comp id="64" class="1001" name="const_64">
<pin_list>
<pin id="65" dir="1" index="0" bw="1" slack="2147483647"/>
</pin_list>
<bind>
<StgValue><ssdm name=""/></StgValue>
</bind>
</comp>

<comp id="66" class="1001" name="const_66">
<pin_list>
<pin id="67" dir="1" index="0" bw="1" slack="0"/>
</pin_list>
<bind>
<StgValue><ssdm name=""/></StgValue>
</bind>
</comp>

<comp id="68" class="1001" name="const_68">
<pin_list>
<pin id="69" dir="1" index="0" bw="1" slack="0"/>
</pin_list>
<bind>
<StgValue><ssdm name=""/></StgValue>
</bind>
</comp>

<comp id="70" class="1001" name="const_70">
<pin_list>
<pin id="71" dir="1" index="0" bw="1" slack="0"/>
</pin_list>
<bind>
<StgValue><ssdm name=""/></StgValue>
</bind>
</comp>

<comp id="72" class="1001" name="const_72">
<pin_list>
<pin id="73" dir="1" index="0" bw="1" slack="0"/>
</pin_list>
<bind>
<StgValue><ssdm name=""/></StgValue>
</bind>
</comp>

<comp id="74" class="1004" name="msg_offset_read_read_fu_74">
<pin_list>
<pin id="75" dir="0" index="0" bw="9" slack="0"/>
<pin id="76" dir="0" index="1" bw="9" slack="0"/>
<pin id="77" dir="1" index="2" bw="9" slack="0"/>
</pin_list>
<bind>
<opcode="read(1150) " fcode="read"/>
<opset="msg_offset_read/1 "/>
</bind>
</comp>

<comp id="80" class="1004" name="msg_addr_2_gep_fu_80">
<pin_list>
<pin id="81" dir="0" index="0" bw="8" slack="0"/>
<pin id="82" dir="0" index="1" bw="1" slack="0"/>
<pin id="83" dir="0" index="2" bw="8" slack="0"/>
<pin id="84" dir="1" index="3" bw="8" slack="0"/>
</pin_list>
<bind>
<opcode="getelementptr(29) " fcode="getelementptr"/>
<opset="msg_addr_2/2 "/>
</bind>
</comp>

<comp id="87" class="1004" name="grp_access_fu_87">
<pin_list>
<pin id="88" dir="0" index="0" bw="8" slack="0"/>
<pin id="89" dir="0" index="1" bw="8" slack="2147483647"/>
<pin id="90" dir="0" index="2" bw="0" slack="2147483647"/>
<pin id="91" dir="1" index="3" bw="8" slack="0"/>
</pin_list>
<bind>
<opcode="load(27) " fcode="load"/>
<opset="c_6/2 c/2 "/>
</bind>
</comp>

<comp id="93" class="1004" name="msg_addr_gep_fu_93">
<pin_list>
<pin id="94" dir="0" index="0" bw="8" slack="0"/>
<pin id="95" dir="0" index="1" bw="1" slack="0"/>
<pin id="96" dir="0" index="2" bw="8" slack="0"/>
<pin id="97" dir="1" index="3" bw="8" slack="0"/>
</pin_list>
<bind>
<opcode="getelementptr(29) " fcode="getelementptr"/>
<opset="msg_addr/2 "/>
</bind>
</comp>

<comp id="101" class="1004" name="r_coeffs_addr_gep_fu_101">
<pin_list>
<pin id="102" dir="0" index="0" bw="16" slack="0"/>
<pin id="103" dir="0" index="1" bw="1" slack="0"/>
<pin id="104" dir="0" index="2" bw="9" slack="0"/>
<pin id="105" dir="1" index="3" bw="9" slack="0"/>
</pin_list>
<bind>
<opcode="getelementptr(29) " fcode="getelementptr"/>
<opset="r_coeffs_addr/5 "/>
</bind>
</comp>

<comp id="108" class="1004" name="grp_access_fu_108">
<pin_list>
<pin id="109" dir="0" index="0" bw="9" slack="0"/>
<pin id="110" dir="0" index="1" bw="16" slack="1"/>
<pin id="111" dir="0" index="2" bw="0" slack="0"/>
<pin id="121" dir="0" index="4" bw="9" slack="0"/>
<pin id="122" dir="0" index="5" bw="16" slack="2147483647"/>
<pin id="123" dir="0" index="6" bw="0" slack="2147483647"/>
<pin id="112" dir="1" index="3" bw="16" slack="2147483647"/>
<pin id="124" dir="1" index="7" bw="16" slack="2147483647"/>
</pin_list>
<bind>
<opcode="store(28) " fcode="store"/>
<opset="StgValue_48/5 StgValue_52/5 StgValue_60/6 StgValue_64/6 StgValue_70/7 StgValue_87/9 StgValue_93/10 "/>
</bind>
</comp>

<comp id="114" class="1004" name="r_coeffs_addr_13_gep_fu_114">
<pin_list>
<pin id="115" dir="0" index="0" bw="16" slack="0"/>
<pin id="116" dir="0" index="1" bw="1" slack="0"/>
<pin id="117" dir="0" index="2" bw="9" slack="0"/>
<pin id="118" dir="1" index="3" bw="9" slack="0"/>
</pin_list>
<bind>
<opcode="getelementptr(29) " fcode="getelementptr"/>
<opset="r_coeffs_addr_13/5 "/>
</bind>
</comp>

<comp id="126" class="1004" name="r_coeffs_addr_14_gep_fu_126">
<pin_list>
<pin id="127" dir="0" index="0" bw="16" slack="0"/>
<pin id="128" dir="0" index="1" bw="1" slack="0"/>
<pin id="129" dir="0" index="2" bw="9" slack="0"/>
<pin id="130" dir="1" index="3" bw="9" slack="0"/>
</pin_list>
<bind>
<opcode="getelementptr(29) " fcode="getelementptr"/>
<opset="r_coeffs_addr_14/6 "/>
</bind>
</comp>

<comp id="134" class="1004" name="r_coeffs_addr_15_gep_fu_134">
<pin_list>
<pin id="135" dir="0" index="0" bw="16" slack="0"/>
<pin id="136" dir="0" index="1" bw="1" slack="0"/>
<pin id="137" dir="0" index="2" bw="9" slack="0"/>
<pin id="138" dir="1" index="3" bw="9" slack="0"/>
</pin_list>
<bind>
<opcode="getelementptr(29) " fcode="getelementptr"/>
<opset="r_coeffs_addr_15/6 "/>
</bind>
</comp>

<comp id="142" class="1004" name="r_coeffs_addr_16_gep_fu_142">
<pin_list>
<pin id="143" dir="0" index="0" bw="16" slack="0"/>
<pin id="144" dir="0" index="1" bw="1" slack="0"/>
<pin id="145" dir="0" index="2" bw="9" slack="0"/>
<pin id="146" dir="1" index="3" bw="9" slack="0"/>
</pin_list>
<bind>
<opcode="getelementptr(29) " fcode="getelementptr"/>
<opset="r_coeffs_addr_16/7 "/>
</bind>
</comp>

<comp id="150" class="1004" name="r_coeffs_addr_17_gep_fu_150">
<pin_list>
<pin id="151" dir="0" index="0" bw="16" slack="0"/>
<pin id="152" dir="0" index="1" bw="1" slack="0"/>
<pin id="153" dir="0" index="2" bw="10" slack="0"/>
<pin id="154" dir="1" index="3" bw="9" slack="0"/>
</pin_list>
<bind>
<opcode="getelementptr(29) " fcode="getelementptr"/>
<opset="r_coeffs_addr_17/9 "/>
</bind>
</comp>

<comp id="160" class="1004" name="r_coeffs_addr_18_gep_fu_160">
<pin_list>
<pin id="161" dir="0" index="0" bw="16" slack="0"/>
<pin id="162" dir="0" index="1" bw="1" slack="0"/>
<pin id="163" dir="0" index="2" bw="9" slack="0"/>
<pin id="164" dir="1" index="3" bw="9" slack="0"/>
</pin_list>
<bind>
<opcode="getelementptr(29) " fcode="getelementptr"/>
<opset="r_coeffs_addr_18/10 "/>
</bind>
</comp>

<comp id="168" class="1005" name="i_reg_168">
<pin_list>
<pin id="169" dir="0" index="0" bw="7" slack="1"/>
<pin id="170" dir="1" index="1" bw="7" slack="1"/>
</pin_list>
<bind>
<opset="i (phireg) "/>
</bind>
</comp>

<comp id="172" class="1004" name="i_phi_fu_172">
<pin_list>
<pin id="173" dir="0" index="0" bw="1" slack="1"/>
<pin id="174" dir="0" index="1" bw="0" slack="2147483647"/>
<pin id="175" dir="0" index="2" bw="7" slack="0"/>
<pin id="176" dir="0" index="3" bw="0" slack="2147483647"/>
<pin id="177" dir="1" index="4" bw="7" slack="0"/>
</pin_list>
<bind>
<opcode="phi(47) " fcode="phi"/>
<opset="i/2 "/>
</bind>
</comp>

<comp id="179" class="1005" name="c8_reg_179">
<pin_list>
<pin id="180" dir="0" index="0" bw="8" slack="2147483647"/>
<pin id="181" dir="1" index="1" bw="8" slack="2147483647"/>
</pin_list>
<bind>
<opset="c8 (phireg) "/>
</bind>
</comp>

<comp id="182" class="1004" name="c8_phi_fu_182">
<pin_list>
<pin id="183" dir="0" index="0" bw="8" slack="1"/>
<pin id="184" dir="0" index="1" bw="0" slack="2147483647"/>
<pin id="185" dir="0" index="2" bw="7" slack="0"/>
<pin id="186" dir="0" index="3" bw="0" slack="2147483647"/>
<pin id="187" dir="1" index="4" bw="8" slack="0"/>
</pin_list>
<bind>
<opcode="phi(47) " fcode="phi"/>
<opset="c8/9 "/>
</bind>
</comp>

<comp id="188" class="1005" name="j_reg_188">
<pin_list>
<pin id="189" dir="0" index="0" bw="2" slack="1"/>
<pin id="190" dir="1" index="1" bw="2" slack="1"/>
</pin_list>
<bind>
<opset="j (phireg) "/>
</bind>
</comp>

<comp id="192" class="1004" name="j_phi_fu_192">
<pin_list>
<pin id="193" dir="0" index="0" bw="1" slack="1"/>
<pin id="194" dir="0" index="1" bw="0" slack="2147483647"/>
<pin id="195" dir="0" index="2" bw="2" slack="0"/>
<pin id="196" dir="0" index="3" bw="0" slack="2147483647"/>
<pin id="197" dir="1" index="4" bw="2" slack="0"/>
</pin_list>
<bind>
<opcode="phi(47) " fcode="phi"/>
<opset="j/9 "/>
</bind>
</comp>

<comp id="199" class="1004" name="grp_mod3_fu_199">
<pin_list>
<pin id="200" dir="0" index="0" bw="16" slack="0"/>
<pin id="201" dir="0" index="1" bw="8" slack="0"/>
<pin id="202" dir="1" index="2" bw="16" slack="1"/>
</pin_list>
<bind>
<opcode="call(48) " fcode="call"/>
<opset="tmp_183/4 tmp_191/5 tmp_199/6 tmp_202/9 "/>
</bind>
</comp>

<comp id="204" class="1004" name="grp_mod3_fu_204">
<pin_list>
<pin id="205" dir="0" index="0" bw="16" slack="0"/>
<pin id="206" dir="0" index="1" bw="7" slack="0"/>
<pin id="207" dir="1" index="2" bw="16" slack="1"/>
</pin_list>
<bind>
<opcode="call(48) " fcode="call"/>
<opset="tmp_187/4 tmp_195/5 "/>
</bind>
</comp>

<comp id="210" class="1005" name="reg_210">
<pin_list>
<pin id="211" dir="0" index="0" bw="8" slack="1"/>
<pin id="212" dir="1" index="1" bw="8" slack="1"/>
</pin_list>
<bind>
<opset="c_6 c "/>
</bind>
</comp>

<comp id="216" class="1005" name="reg_216">
<pin_list>
<pin id="217" dir="0" index="0" bw="16" slack="1"/>
<pin id="218" dir="1" index="1" bw="16" slack="1"/>
</pin_list>
<bind>
<opset="tmp_183 tmp_191 tmp_199 tmp_202 "/>
</bind>
</comp>

<comp id="221" class="1005" name="reg_221">
<pin_list>
<pin id="222" dir="0" index="0" bw="16" slack="1"/>
<pin id="223" dir="1" index="1" bw="16" slack="1"/>
</pin_list>
<bind>
<opset="tmp_187 tmp_195 "/>
</bind>
</comp>

<comp id="226" class="1004" name="tmp_212_fu_226">
<pin_list>
<pin id="227" dir="0" index="0" bw="9" slack="0"/>
<pin id="228" dir="1" index="1" bw="8" slack="1"/>
</pin_list>
<bind>
<opcode="trunc(33) " fcode="trunc"/>
<opset="tmp_212/1 "/>
</bind>
</comp>

<comp id="230" class="1004" name="i_cast4_fu_230">
<pin_list>
<pin id="231" dir="0" index="0" bw="7" slack="0"/>
<pin id="232" dir="1" index="1" bw="9" slack="0"/>
</pin_list>
<bind>
<opcode="zext(34) " fcode="zext"/>
<opset="i_cast4/2 "/>
</bind>
</comp>

<comp id="234" class="1004" name="exitcond1_fu_234">
<pin_list>
<pin id="235" dir="0" index="0" bw="7" slack="0"/>
<pin id="236" dir="0" index="1" bw="6" slack="0"/>
<pin id="237" dir="1" index="2" bw="1" slack="2147483647"/>
</pin_list>
<bind>
<opcode="icmp(45) " fcode="icmp"/>
<opset="exitcond1/2 "/>
</bind>
</comp>

<comp id="240" class="1004" name="i_10_fu_240">
<pin_list>
<pin id="241" dir="0" index="0" bw="7" slack="0"/>
<pin id="242" dir="0" index="1" bw="1" slack="0"/>
<pin id="243" dir="1" index="2" bw="7" slack="0"/>
</pin_list>
<bind>
<opcode="add(8) " fcode="add"/>
<opset="i_10/2 "/>
</bind>
</comp>

<comp id="246" class="1004" name="tmp_cast_fu_246">
<pin_list>
<pin id="247" dir="0" index="0" bw="7" slack="0"/>
<pin id="248" dir="1" index="1" bw="8" slack="0"/>
</pin_list>
<bind>
<opcode="zext(34) " fcode="zext"/>
<opset="tmp_cast/2 "/>
</bind>
</comp>

<comp id="250" class="1004" name="sum_fu_250">
<pin_list>
<pin id="251" dir="0" index="0" bw="7" slack="0"/>
<pin id="252" dir="0" index="1" bw="8" slack="1"/>
<pin id="253" dir="1" index="2" bw="8" slack="0"/>
</pin_list>
<bind>
<opcode="add(8) " fcode="add"/>
<opset="sum/2 "/>
</bind>
</comp>

<comp id="255" class="1004" name="sum_cast_fu_255">
<pin_list>
<pin id="256" dir="0" index="0" bw="8" slack="0"/>
<pin id="257" dir="1" index="1" bw="64" slack="0"/>
</pin_list>
<bind>
<opcode="zext(34) " fcode="zext"/>
<opset="sum_cast/2 "/>
</bind>
</comp>

<comp id="260" class="1004" name="p_shl_fu_260">
<pin_list>
<pin id="261" dir="0" index="0" bw="9" slack="0"/>
<pin id="262" dir="0" index="1" bw="7" slack="0"/>
<pin id="263" dir="0" index="2" bw="1" slack="0"/>
<pin id="264" dir="1" index="3" bw="9" slack="0"/>
</pin_list>
<bind>
<opcode="bitconcatenate(1004) " fcode="bitconcatenate"/>
<opset="p_shl/2 "/>
</bind>
</comp>

<comp id="268" class="1004" name="tmp_184_fu_268">
<pin_list>
<pin id="269" dir="0" index="0" bw="9" slack="0"/>
<pin id="270" dir="0" index="1" bw="7" slack="0"/>
<pin id="271" dir="1" index="2" bw="9" slack="3"/>
</pin_list>
<bind>
<opcode="add(8) " fcode="add"/>
<opset="tmp_184/2 "/>
</bind>
</comp>

<comp id="274" class="1004" name="sum2_fu_274">
<pin_list>
<pin id="275" dir="0" index="0" bw="8" slack="1"/>
<pin id="276" dir="0" index="1" bw="8" slack="0"/>
<pin id="277" dir="1" index="2" bw="8" slack="0"/>
</pin_list>
<bind>
<opcode="add(8) " fcode="add"/>
<opset="sum2/2 "/>
</bind>
</comp>

<comp id="279" class="1004" name="sum2_cast_fu_279">
<pin_list>
<pin id="280" dir="0" index="0" bw="8" slack="0"/>
<pin id="281" dir="1" index="1" bw="64" slack="0"/>
</pin_list>
<bind>
<opcode="zext(34) " fcode="zext"/>
<opset="sum2_cast/2 "/>
</bind>
</comp>

<comp id="284" class="1004" name="tmp_s_fu_284">
<pin_list>
<pin id="285" dir="0" index="0" bw="8" slack="0"/>
<pin id="286" dir="1" index="1" bw="16" slack="0"/>
</pin_list>
<bind>
<opcode="zext(34) " fcode="zext"/>
<opset="tmp_s/3 "/>
</bind>
</comp>

<comp id="288" class="1004" name="tmp_186_fu_288">
<pin_list>
<pin id="289" dir="0" index="0" bw="8" slack="0"/>
<pin id="290" dir="0" index="1" bw="9" slack="0"/>
<pin id="291" dir="1" index="2" bw="16" slack="0"/>
</pin_list>
<bind>
<opcode="mul(12) " fcode="mul"/>
<opset="tmp_186/3 "/>
</bind>
</comp>

<comp id="294" class="1004" name="tmp_fu_294">
<pin_list>
<pin id="295" dir="0" index="0" bw="7" slack="0"/>
<pin id="296" dir="0" index="1" bw="16" slack="0"/>
<pin id="297" dir="0" index="2" bw="5" slack="0"/>
<pin id="298" dir="0" index="3" bw="5" slack="0"/>
<pin id="299" dir="1" index="4" bw="7" slack="1"/>
</pin_list>
<bind>
<opcode="partselect(1002) " fcode="partselect"/>
<opset="tmp/3 "/>
</bind>
</comp>

<comp id="304" class="1004" name="tmp_198_fu_304">
<pin_list>
<pin id="305" dir="0" index="0" bw="8" slack="0"/>
<pin id="306" dir="0" index="1" bw="9" slack="0"/>
<pin id="307" dir="1" index="2" bw="16" slack="0"/>
</pin_list>
<bind>
<opcode="mul(12) " fcode="mul"/>
<opset="tmp_198/3 "/>
</bind>
</comp>

<comp id="310" class="1004" name="tmp_165_fu_310">
<pin_list>
<pin id="311" dir="0" index="0" bw="2" slack="0"/>
<pin id="312" dir="0" index="1" bw="16" slack="0"/>
<pin id="313" dir="0" index="2" bw="5" slack="0"/>
<pin id="314" dir="0" index="3" bw="5" slack="0"/>
<pin id="315" dir="1" index="4" bw="2" slack="3"/>
</pin_list>
<bind>
<opcode="partselect(1002) " fcode="partselect"/>
<opset="tmp_165/3 "/>
</bind>
</comp>

<comp id="320" class="1004" name="tmp_cast2_fu_320">
<pin_list>
<pin id="321" dir="0" index="0" bw="8" slack="1"/>
<pin id="322" dir="1" index="1" bw="13" slack="0"/>
</pin_list>
<bind>
<opcode="zext(34) " fcode="zext"/>
<opset="tmp_cast2/4 "/>
</bind>
</comp>

<comp id="324" class="1004" name="tmp_cast_34_fu_324">
<pin_list>
<pin id="325" dir="0" index="0" bw="8" slack="1"/>
<pin id="326" dir="1" index="1" bw="14" slack="0"/>
</pin_list>
<bind>
<opcode="zext(34) " fcode="zext"/>
<opset="tmp_cast_34/4 "/>
</bind>
</comp>

<comp id="328" class="1004" name="tmp_302_cast_fu_328">
<pin_list>
<pin id="329" dir="0" index="0" bw="7" slack="1"/>
<pin id="330" dir="1" index="1" bw="8" slack="0"/>
</pin_list>
<bind>
<opcode="zext(34) " fcode="zext"/>
<opset="tmp_302_cast/4 "/>
</bind>
</comp>

<comp id="332" class="1004" name="tmp_190_fu_332">
<pin_list>
<pin id="333" dir="0" index="0" bw="8" slack="0"/>
<pin id="334" dir="0" index="1" bw="7" slack="0"/>
<pin id="335" dir="1" index="2" bw="14" slack="0"/>
</pin_list>
<bind>
<opcode="mul(12) " fcode="mul"/>
<opset="tmp_190/4 "/>
</bind>
</comp>

<comp id="338" class="1004" name="tmp_163_fu_338">
<pin_list>
<pin id="339" dir="0" index="0" bw="5" slack="0"/>
<pin id="340" dir="0" index="1" bw="14" slack="0"/>
<pin id="341" dir="0" index="2" bw="5" slack="0"/>
<pin id="342" dir="0" index="3" bw="5" slack="0"/>
<pin id="343" dir="1" index="4" bw="5" slack="1"/>
</pin_list>
<bind>
<opcode="partselect(1002) " fcode="partselect"/>
<opset="tmp_163/4 "/>
</bind>
</comp>

<comp id="348" class="1004" name="tmp_194_fu_348">
<pin_list>
<pin id="349" dir="0" index="0" bw="8" slack="0"/>
<pin id="350" dir="0" index="1" bw="6" slack="0"/>
<pin id="351" dir="1" index="2" bw="13" slack="0"/>
</pin_list>
<bind>
<opcode="mul(12) " fcode="mul"/>
<opset="tmp_194/4 "/>
</bind>
</comp>

<comp id="354" class="1004" name="tmp_164_fu_354">
<pin_list>
<pin id="355" dir="0" index="0" bw="4" slack="0"/>
<pin id="356" dir="0" index="1" bw="13" slack="0"/>
<pin id="357" dir="0" index="2" bw="5" slack="0"/>
<pin id="358" dir="0" index="3" bw="5" slack="0"/>
<pin id="359" dir="1" index="4" bw="4" slack="1"/>
</pin_list>
<bind>
<opcode="partselect(1002) " fcode="partselect"/>
<opset="tmp_164/4 "/>
</bind>
</comp>

<comp id="364" class="1004" name="tmp_185_fu_364">
<pin_list>
<pin id="365" dir="0" index="0" bw="9" slack="3"/>
<pin id="366" dir="1" index="1" bw="64" slack="0"/>
</pin_list>
<bind>
<opcode="zext(34) " fcode="zext"/>
<opset="tmp_185/5 "/>
</bind>
</comp>

<comp id="368" class="1004" name="tmp_188_fu_368">
<pin_list>
<pin id="369" dir="0" index="0" bw="9" slack="3"/>
<pin id="370" dir="0" index="1" bw="1" slack="0"/>
<pin id="371" dir="1" index="2" bw="9" slack="0"/>
</pin_list>
<bind>
<opcode="add(8) " fcode="add"/>
<opset="tmp_188/5 "/>
</bind>
</comp>

<comp id="373" class="1004" name="tmp_189_fu_373">
<pin_list>
<pin id="374" dir="0" index="0" bw="9" slack="0"/>
<pin id="375" dir="1" index="1" bw="64" slack="0"/>
</pin_list>
<bind>
<opcode="zext(34) " fcode="zext"/>
<opset="tmp_189/5 "/>
</bind>
</comp>

<comp id="378" class="1004" name="tmp_307_cast_cast_fu_378">
<pin_list>
<pin id="379" dir="0" index="0" bw="5" slack="1"/>
<pin id="380" dir="1" index="1" bw="8" slack="0"/>
</pin_list>
<bind>
<opcode="zext(34) " fcode="zext"/>
<opset="tmp_307_cast_cast/5 "/>
</bind>
</comp>

<comp id="382" class="1004" name="tmp_312_cast_cast_fu_382">
<pin_list>
<pin id="383" dir="0" index="0" bw="4" slack="1"/>
<pin id="384" dir="1" index="1" bw="8" slack="0"/>
</pin_list>
<bind>
<opcode="zext(34) " fcode="zext"/>
<opset="tmp_312_cast_cast/5 "/>
</bind>
</comp>

<comp id="386" class="1004" name="tmp_192_fu_386">
<pin_list>
<pin id="387" dir="0" index="0" bw="9" slack="4"/>
<pin id="388" dir="0" index="1" bw="3" slack="0"/>
<pin id="389" dir="1" index="2" bw="9" slack="0"/>
</pin_list>
<bind>
<opcode="add(8) " fcode="add"/>
<opset="tmp_192/6 "/>
</bind>
</comp>

<comp id="391" class="1004" name="tmp_193_fu_391">
<pin_list>
<pin id="392" dir="0" index="0" bw="9" slack="0"/>
<pin id="393" dir="1" index="1" bw="64" slack="0"/>
</pin_list>
<bind>
<opcode="zext(34) " fcode="zext"/>
<opset="tmp_193/6 "/>
</bind>
</comp>

<comp id="396" class="1004" name="tmp_196_fu_396">
<pin_list>
<pin id="397" dir="0" index="0" bw="9" slack="4"/>
<pin id="398" dir="0" index="1" bw="3" slack="0"/>
<pin id="399" dir="1" index="2" bw="9" slack="0"/>
</pin_list>
<bind>
<opcode="add(8) " fcode="add"/>
<opset="tmp_196/6 "/>
</bind>
</comp>

<comp id="401" class="1004" name="tmp_197_fu_401">
<pin_list>
<pin id="402" dir="0" index="0" bw="9" slack="0"/>
<pin id="403" dir="1" index="1" bw="64" slack="0"/>
</pin_list>
<bind>
<opcode="zext(34) " fcode="zext"/>
<opset="tmp_197/6 "/>
</bind>
</comp>

<comp id="406" class="1004" name="tmp_317_cast_fu_406">
<pin_list>
<pin id="407" dir="0" index="0" bw="2" slack="3"/>
<pin id="408" dir="1" index="1" bw="8" slack="0"/>
</pin_list>
<bind>
<opcode="zext(34) " fcode="zext"/>
<opset="tmp_317_cast/6 "/>
</bind>
</comp>

<comp id="410" class="1004" name="tmp_200_fu_410">
<pin_list>
<pin id="411" dir="0" index="0" bw="9" slack="5"/>
<pin id="412" dir="0" index="1" bw="4" slack="0"/>
<pin id="413" dir="1" index="2" bw="9" slack="0"/>
</pin_list>
<bind>
<opcode="add(8) " fcode="add"/>
<opset="tmp_200/7 "/>
</bind>
</comp>

<comp id="415" class="1004" name="tmp_201_fu_415">
<pin_list>
<pin id="416" dir="0" index="0" bw="9" slack="0"/>
<pin id="417" dir="1" index="1" bw="64" slack="0"/>
</pin_list>
<bind>
<opcode="zext(34) " fcode="zext"/>
<opset="tmp_201/7 "/>
</bind>
</comp>

<comp id="420" class="1004" name="j_cast1_cast_fu_420">
<pin_list>
<pin id="421" dir="0" index="0" bw="2" slack="0"/>
<pin id="422" dir="1" index="1" bw="4" slack="1"/>
</pin_list>
<bind>
<opcode="zext(34) " fcode="zext"/>
<opset="j_cast1_cast/9 "/>
</bind>
</comp>

<comp id="424" class="1004" name="exitcond_fu_424">
<pin_list>
<pin id="425" dir="0" index="0" bw="2" slack="0"/>
<pin id="426" dir="0" index="1" bw="1" slack="0"/>
<pin id="427" dir="1" index="2" bw="1" slack="2147483647"/>
</pin_list>
<bind>
<opcode="icmp(45) " fcode="icmp"/>
<opset="exitcond/9 "/>
</bind>
</comp>

<comp id="430" class="1004" name="j_6_fu_430">
<pin_list>
<pin id="431" dir="0" index="0" bw="2" slack="0"/>
<pin id="432" dir="0" index="1" bw="1" slack="0"/>
<pin id="433" dir="1" index="2" bw="2" slack="0"/>
</pin_list>
<bind>
<opcode="add(8) " fcode="add"/>
<opset="j_6/9 "/>
</bind>
</comp>

<comp id="436" class="1004" name="tmp_325_cast_fu_436">
<pin_list>
<pin id="437" dir="0" index="0" bw="8" slack="0"/>
<pin id="438" dir="1" index="1" bw="16" slack="0"/>
</pin_list>
<bind>
<opcode="zext(34) " fcode="zext"/>
<opset="tmp_325_cast/9 "/>
</bind>
</comp>

<comp id="440" class="1004" name="tmp_205_fu_440">
<pin_list>
<pin id="441" dir="0" index="0" bw="8" slack="0"/>
<pin id="442" dir="0" index="1" bw="9" slack="0"/>
<pin id="443" dir="1" index="2" bw="16" slack="0"/>
</pin_list>
<bind>
<opcode="mul(12) " fcode="mul"/>
<opset="tmp_205/9 "/>
</bind>
</comp>

<comp id="446" class="1004" name="tmp_166_fu_446">
<pin_list>
<pin id="447" dir="0" index="0" bw="7" slack="0"/>
<pin id="448" dir="0" index="1" bw="16" slack="0"/>
<pin id="449" dir="0" index="2" bw="5" slack="0"/>
<pin id="450" dir="0" index="3" bw="5" slack="0"/>
<pin id="451" dir="1" index="4" bw="7" slack="0"/>
</pin_list>
<bind>
<opcode="partselect(1002) " fcode="partselect"/>
<opset="tmp_166/9 "/>
</bind>
</comp>

<comp id="456" class="1004" name="c_7_fu_456">
<pin_list>
<pin id="457" dir="0" index="0" bw="7" slack="0"/>
<pin id="458" dir="1" index="1" bw="8" slack="0"/>
</pin_list>
<bind>
<opcode="zext(34) " fcode="zext"/>
<opset="c_7/9 "/>
</bind>
</comp>

<comp id="460" class="1004" name="tmp_203_fu_460">
<pin_list>
<pin id="461" dir="0" index="0" bw="2" slack="1"/>
<pin id="462" dir="0" index="1" bw="4" slack="0"/>
<pin id="463" dir="1" index="2" bw="4" slack="0"/>
</pin_list>
<bind>
<opcode="add(8) " fcode="add"/>
<opset="tmp_203/10 "/>
</bind>
</comp>

<comp id="465" class="1004" name="tmp_323_cast6_fu_465">
<pin_list>
<pin id="466" dir="0" index="0" bw="4" slack="0"/>
<pin id="467" dir="1" index="1" bw="9" slack="0"/>
</pin_list>
<bind>
<opcode="sext(35) " fcode="sext"/>
<opset="tmp_323_cast6/10 "/>
</bind>
</comp>

<comp id="469" class="1004" name="tmp_204_fu_469">
<pin_list>
<pin id="470" dir="0" index="0" bw="4" slack="0"/>
<pin id="471" dir="1" index="1" bw="64" slack="0"/>
</pin_list>
<bind>
<opcode="zext(34) " fcode="zext"/>
<opset="tmp_204/10 "/>
</bind>
</comp>

<comp id="474" class="1005" name="tmp_212_reg_474">
<pin_list>
<pin id="475" dir="0" index="0" bw="8" slack="1"/>
<pin id="476" dir="1" index="1" bw="8" slack="1"/>
</pin_list>
<bind>
<opset="tmp_212 "/>
</bind>
</comp>

<comp id="483" class="1005" name="i_10_reg_483">
<pin_list>
<pin id="484" dir="0" index="0" bw="7" slack="0"/>
<pin id="485" dir="1" index="1" bw="7" slack="0"/>
</pin_list>
<bind>
<opset="i_10 "/>
</bind>
</comp>

<comp id="488" class="1005" name="msg_addr_2_reg_488">
<pin_list>
<pin id="489" dir="0" index="0" bw="8" slack="1"/>
<pin id="490" dir="1" index="1" bw="8" slack="1"/>
</pin_list>
<bind>
<opset="msg_addr_2 "/>
</bind>
</comp>

<comp id="493" class="1005" name="tmp_184_reg_493">
<pin_list>
<pin id="494" dir="0" index="0" bw="9" slack="3"/>
<pin id="495" dir="1" index="1" bw="9" slack="3"/>
</pin_list>
<bind>
<opset="tmp_184 "/>
</bind>
</comp>

<comp id="502" class="1005" name="msg_addr_reg_502">
<pin_list>
<pin id="503" dir="0" index="0" bw="8" slack="1"/>
<pin id="504" dir="1" index="1" bw="8" slack="1"/>
</pin_list>
<bind>
<opset="msg_addr "/>
</bind>
</comp>

<comp id="507" class="1005" name="tmp_reg_507">
<pin_list>
<pin id="508" dir="0" index="0" bw="7" slack="1"/>
<pin id="509" dir="1" index="1" bw="7" slack="1"/>
</pin_list>
<bind>
<opset="tmp "/>
</bind>
</comp>

<comp id="512" class="1005" name="tmp_165_reg_512">
<pin_list>
<pin id="513" dir="0" index="0" bw="2" slack="3"/>
<pin id="514" dir="1" index="1" bw="2" slack="3"/>
</pin_list>
<bind>
<opset="tmp_165 "/>
</bind>
</comp>

<comp id="517" class="1005" name="tmp_163_reg_517">
<pin_list>
<pin id="518" dir="0" index="0" bw="5" slack="1"/>
<pin id="519" dir="1" index="1" bw="5" slack="1"/>
</pin_list>
<bind>
<opset="tmp_163 "/>
</bind>
</comp>

<comp id="522" class="1005" name="tmp_164_reg_522">
<pin_list>
<pin id="523" dir="0" index="0" bw="4" slack="1"/>
<pin id="524" dir="1" index="1" bw="4" slack="1"/>
</pin_list>
<bind>
<opset="tmp_164 "/>
</bind>
</comp>

<comp id="527" class="1005" name="j_cast1_cast_reg_527">
<pin_list>
<pin id="528" dir="0" index="0" bw="4" slack="1"/>
<pin id="529" dir="1" index="1" bw="4" slack="1"/>
</pin_list>
<bind>
<opset="j_cast1_cast "/>
</bind>
</comp>

<comp id="535" class="1005" name="j_6_reg_535">
<pin_list>
<pin id="536" dir="0" index="0" bw="2" slack="0"/>
<pin id="537" dir="1" index="1" bw="2" slack="0"/>
</pin_list>
<bind>
<opset="j_6 "/>
</bind>
</comp>

<comp id="540" class="1005" name="c_7_reg_540">
<pin_list>
<pin id="541" dir="0" index="0" bw="8" slack="0"/>
<pin id="542" dir="1" index="1" bw="8" slack="0"/>
</pin_list>
<bind>
<opset="c_7 "/>
</bind>
</comp>

</comp_list>

<net_list>
<net id="78"><net_src comp="6" pin="0"/><net_sink comp="74" pin=0"/></net>

<net id="79"><net_src comp="4" pin="0"/><net_sink comp="74" pin=1"/></net>

<net id="85"><net_src comp="2" pin="0"/><net_sink comp="80" pin=0"/></net>

<net id="86"><net_src comp="18" pin="0"/><net_sink comp="80" pin=1"/></net>

<net id="92"><net_src comp="80" pin="3"/><net_sink comp="87" pin=0"/></net>

<net id="98"><net_src comp="2" pin="0"/><net_sink comp="93" pin=0"/></net>

<net id="99"><net_src comp="18" pin="0"/><net_sink comp="93" pin=1"/></net>

<net id="100"><net_src comp="93" pin="3"/><net_sink comp="87" pin=0"/></net>

<net id="106"><net_src comp="0" pin="0"/><net_sink comp="101" pin=0"/></net>

<net id="107"><net_src comp="18" pin="0"/><net_sink comp="101" pin=1"/></net>

<net id="113"><net_src comp="101" pin="3"/><net_sink comp="108" pin=0"/></net>

<net id="119"><net_src comp="0" pin="0"/><net_sink comp="114" pin=0"/></net>

<net id="120"><net_src comp="18" pin="0"/><net_sink comp="114" pin=1"/></net>

<net id="125"><net_src comp="114" pin="3"/><net_sink comp="108" pin=2"/></net>

<net id="131"><net_src comp="0" pin="0"/><net_sink comp="126" pin=0"/></net>

<net id="132"><net_src comp="18" pin="0"/><net_sink comp="126" pin=1"/></net>

<net id="133"><net_src comp="126" pin="3"/><net_sink comp="108" pin=0"/></net>

<net id="139"><net_src comp="0" pin="0"/><net_sink comp="134" pin=0"/></net>

<net id="140"><net_src comp="18" pin="0"/><net_sink comp="134" pin=1"/></net>

<net id="141"><net_src comp="134" pin="3"/><net_sink comp="108" pin=2"/></net>

<net id="147"><net_src comp="0" pin="0"/><net_sink comp="142" pin=0"/></net>

<net id="148"><net_src comp="18" pin="0"/><net_sink comp="142" pin=1"/></net>

<net id="149"><net_src comp="142" pin="3"/><net_sink comp="108" pin=0"/></net>

<net id="155"><net_src comp="0" pin="0"/><net_sink comp="150" pin=0"/></net>

<net id="156"><net_src comp="18" pin="0"/><net_sink comp="150" pin=1"/></net>

<net id="157"><net_src comp="68" pin="0"/><net_sink comp="150" pin=2"/></net>

<net id="158"><net_src comp="70" pin="0"/><net_sink comp="108" pin=4"/></net>

<net id="159"><net_src comp="150" pin="3"/><net_sink comp="108" pin=2"/></net>

<net id="165"><net_src comp="0" pin="0"/><net_sink comp="160" pin=0"/></net>

<net id="166"><net_src comp="18" pin="0"/><net_sink comp="160" pin=1"/></net>

<net id="167"><net_src comp="160" pin="3"/><net_sink comp="108" pin=0"/></net>

<net id="171"><net_src comp="8" pin="0"/><net_sink comp="168" pin=0"/></net>

<net id="178"><net_src comp="168" pin="1"/><net_sink comp="172" pin=0"/></net>

<net id="191"><net_src comp="22" pin="0"/><net_sink comp="188" pin=0"/></net>

<net id="198"><net_src comp="188" pin="1"/><net_sink comp="192" pin=0"/></net>

<net id="203"><net_src comp="40" pin="0"/><net_sink comp="199" pin=0"/></net>

<net id="208"><net_src comp="40" pin="0"/><net_sink comp="204" pin=0"/></net>

<net id="209"><net_src comp="182" pin="4"/><net_sink comp="199" pin=1"/></net>

<net id="213"><net_src comp="87" pin="3"/><net_sink comp="210" pin=0"/></net>

<net id="214"><net_src comp="210" pin="1"/><net_sink comp="199" pin=1"/></net>

<net id="215"><net_src comp="210" pin="1"/><net_sink comp="182" pin=0"/></net>

<net id="219"><net_src comp="199" pin="2"/><net_sink comp="216" pin=0"/></net>

<net id="220"><net_src comp="216" pin="1"/><net_sink comp="108" pin=1"/></net>

<net id="224"><net_src comp="204" pin="2"/><net_sink comp="221" pin=0"/></net>

<net id="225"><net_src comp="221" pin="1"/><net_sink comp="108" pin=4"/></net>

<net id="229"><net_src comp="74" pin="2"/><net_sink comp="226" pin=0"/></net>

<net id="233"><net_src comp="172" pin="4"/><net_sink comp="230" pin=0"/></net>

<net id="238"><net_src comp="172" pin="4"/><net_sink comp="234" pin=0"/></net>

<net id="239"><net_src comp="10" pin="0"/><net_sink comp="234" pin=1"/></net>

<net id="244"><net_src comp="172" pin="4"/><net_sink comp="240" pin=0"/></net>

<net id="245"><net_src comp="16" pin="0"/><net_sink comp="240" pin=1"/></net>

<net id="249"><net_src comp="172" pin="4"/><net_sink comp="246" pin=0"/></net>

<net id="254"><net_src comp="246" pin="1"/><net_sink comp="250" pin=0"/></net>

<net id="258"><net_src comp="250" pin="2"/><net_sink comp="255" pin=0"/></net>

<net id="259"><net_src comp="255" pin="1"/><net_sink comp="80" pin=2"/></net>

<net id="265"><net_src comp="20" pin="0"/><net_sink comp="260" pin=0"/></net>

<net id="266"><net_src comp="172" pin="4"/><net_sink comp="260" pin=1"/></net>

<net id="267"><net_src comp="22" pin="0"/><net_sink comp="260" pin=2"/></net>

<net id="272"><net_src comp="260" pin="3"/><net_sink comp="268" pin=0"/></net>

<net id="273"><net_src comp="230" pin="1"/><net_sink comp="268" pin=1"/></net>

<net id="278"><net_src comp="24" pin="0"/><net_sink comp="274" pin=1"/></net>

<net id="282"><net_src comp="274" pin="2"/><net_sink comp="279" pin=0"/></net>

<net id="283"><net_src comp="279" pin="1"/><net_sink comp="93" pin=2"/></net>

<net id="287"><net_src comp="87" pin="3"/><net_sink comp="284" pin=0"/></net>

<net id="292"><net_src comp="284" pin="1"/><net_sink comp="288" pin=0"/></net>

<net id="293"><net_src comp="26" pin="0"/><net_sink comp="288" pin=1"/></net>

<net id="300"><net_src comp="28" pin="0"/><net_sink comp="294" pin=0"/></net>

<net id="301"><net_src comp="288" pin="2"/><net_sink comp="294" pin=1"/></net>

<net id="302"><net_src comp="30" pin="0"/><net_sink comp="294" pin=2"/></net>

<net id="303"><net_src comp="32" pin="0"/><net_sink comp="294" pin=3"/></net>

<net id="308"><net_src comp="284" pin="1"/><net_sink comp="304" pin=0"/></net>

<net id="309"><net_src comp="34" pin="0"/><net_sink comp="304" pin=1"/></net>

<net id="316"><net_src comp="36" pin="0"/><net_sink comp="310" pin=0"/></net>

<net id="317"><net_src comp="304" pin="2"/><net_sink comp="310" pin=1"/></net>

<net id="318"><net_src comp="38" pin="0"/><net_sink comp="310" pin=2"/></net>

<net id="319"><net_src comp="32" pin="0"/><net_sink comp="310" pin=3"/></net>

<net id="323"><net_src comp="210" pin="1"/><net_sink comp="320" pin=0"/></net>

<net id="327"><net_src comp="210" pin="1"/><net_sink comp="324" pin=0"/></net>

<net id="331"><net_src comp="328" pin="1"/><net_sink comp="204" pin=1"/></net>

<net id="336"><net_src comp="324" pin="1"/><net_sink comp="332" pin=0"/></net>

<net id="337"><net_src comp="42" pin="0"/><net_sink comp="332" pin=1"/></net>

<net id="344"><net_src comp="44" pin="0"/><net_sink comp="338" pin=0"/></net>

<net id="345"><net_src comp="332" pin="2"/><net_sink comp="338" pin=1"/></net>

<net id="346"><net_src comp="30" pin="0"/><net_sink comp="338" pin=2"/></net>

<net id="347"><net_src comp="46" pin="0"/><net_sink comp="338" pin=3"/></net>

<net id="352"><net_src comp="320" pin="1"/><net_sink comp="348" pin=0"/></net>

<net id="353"><net_src comp="48" pin="0"/><net_sink comp="348" pin=1"/></net>

<net id="360"><net_src comp="50" pin="0"/><net_sink comp="354" pin=0"/></net>

<net id="361"><net_src comp="348" pin="2"/><net_sink comp="354" pin=1"/></net>

<net id="362"><net_src comp="30" pin="0"/><net_sink comp="354" pin=2"/></net>

<net id="363"><net_src comp="52" pin="0"/><net_sink comp="354" pin=3"/></net>

<net id="367"><net_src comp="364" pin="1"/><net_sink comp="101" pin=2"/></net>

<net id="372"><net_src comp="54" pin="0"/><net_sink comp="368" pin=1"/></net>

<net id="376"><net_src comp="368" pin="2"/><net_sink comp="373" pin=0"/></net>

<net id="377"><net_src comp="373" pin="1"/><net_sink comp="114" pin=2"/></net>

<net id="381"><net_src comp="378" pin="1"/><net_sink comp="199" pin=1"/></net>

<net id="385"><net_src comp="382" pin="1"/><net_sink comp="204" pin=1"/></net>

<net id="390"><net_src comp="56" pin="0"/><net_sink comp="386" pin=1"/></net>

<net id="394"><net_src comp="386" pin="2"/><net_sink comp="391" pin=0"/></net>

<net id="395"><net_src comp="391" pin="1"/><net_sink comp="126" pin=2"/></net>

<net id="400"><net_src comp="58" pin="0"/><net_sink comp="396" pin=1"/></net>

<net id="404"><net_src comp="396" pin="2"/><net_sink comp="401" pin=0"/></net>

<net id="405"><net_src comp="401" pin="1"/><net_sink comp="134" pin=2"/></net>

<net id="409"><net_src comp="406" pin="1"/><net_sink comp="199" pin=1"/></net>

<net id="414"><net_src comp="60" pin="0"/><net_sink comp="410" pin=1"/></net>

<net id="418"><net_src comp="410" pin="2"/><net_sink comp="415" pin=0"/></net>

<net id="419"><net_src comp="415" pin="1"/><net_sink comp="142" pin=2"/></net>

<net id="423"><net_src comp="192" pin="4"/><net_sink comp="420" pin=0"/></net>

<net id="428"><net_src comp="192" pin="4"/><net_sink comp="424" pin=0"/></net>

<net id="429"><net_src comp="62" pin="0"/><net_sink comp="424" pin=1"/></net>

<net id="434"><net_src comp="192" pin="4"/><net_sink comp="430" pin=0"/></net>

<net id="435"><net_src comp="66" pin="0"/><net_sink comp="430" pin=1"/></net>

<net id="439"><net_src comp="182" pin="4"/><net_sink comp="436" pin=0"/></net>

<net id="444"><net_src comp="436" pin="1"/><net_sink comp="440" pin=0"/></net>

<net id="445"><net_src comp="26" pin="0"/><net_sink comp="440" pin=1"/></net>

<net id="452"><net_src comp="28" pin="0"/><net_sink comp="446" pin=0"/></net>

<net id="453"><net_src comp="440" pin="2"/><net_sink comp="446" pin=1"/></net>

<net id="454"><net_src comp="30" pin="0"/><net_sink comp="446" pin=2"/></net>

<net id="455"><net_src comp="32" pin="0"/><net_sink comp="446" pin=3"/></net>

<net id="459"><net_src comp="446" pin="4"/><net_sink comp="456" pin=0"/></net>

<net id="464"><net_src comp="72" pin="0"/><net_sink comp="460" pin=1"/></net>

<net id="468"><net_src comp="460" pin="2"/><net_sink comp="465" pin=0"/></net>

<net id="472"><net_src comp="465" pin="1"/><net_sink comp="469" pin=0"/></net>

<net id="473"><net_src comp="469" pin="1"/><net_sink comp="160" pin=2"/></net>

<net id="477"><net_src comp="226" pin="1"/><net_sink comp="474" pin=0"/></net>

<net id="478"><net_src comp="474" pin="1"/><net_sink comp="250" pin=1"/></net>

<net id="479"><net_src comp="474" pin="1"/><net_sink comp="274" pin=0"/></net>

<net id="486"><net_src comp="240" pin="2"/><net_sink comp="483" pin=0"/></net>

<net id="487"><net_src comp="483" pin="1"/><net_sink comp="172" pin=2"/></net>

<net id="491"><net_src comp="80" pin="3"/><net_sink comp="488" pin=0"/></net>

<net id="492"><net_src comp="488" pin="1"/><net_sink comp="87" pin=0"/></net>

<net id="496"><net_src comp="268" pin="2"/><net_sink comp="493" pin=0"/></net>

<net id="497"><net_src comp="493" pin="1"/><net_sink comp="364" pin=0"/></net>

<net id="498"><net_src comp="493" pin="1"/><net_sink comp="368" pin=0"/></net>

<net id="499"><net_src comp="493" pin="1"/><net_sink comp="386" pin=0"/></net>

<net id="500"><net_src comp="493" pin="1"/><net_sink comp="396" pin=0"/></net>

<net id="501"><net_src comp="493" pin="1"/><net_sink comp="410" pin=0"/></net>

<net id="505"><net_src comp="93" pin="3"/><net_sink comp="502" pin=0"/></net>

<net id="506"><net_src comp="502" pin="1"/><net_sink comp="87" pin=0"/></net>

<net id="510"><net_src comp="294" pin="4"/><net_sink comp="507" pin=0"/></net>

<net id="511"><net_src comp="507" pin="1"/><net_sink comp="328" pin=0"/></net>

<net id="515"><net_src comp="310" pin="4"/><net_sink comp="512" pin=0"/></net>

<net id="516"><net_src comp="512" pin="1"/><net_sink comp="406" pin=0"/></net>

<net id="520"><net_src comp="338" pin="4"/><net_sink comp="517" pin=0"/></net>

<net id="521"><net_src comp="517" pin="1"/><net_sink comp="378" pin=0"/></net>

<net id="525"><net_src comp="354" pin="4"/><net_sink comp="522" pin=0"/></net>

<net id="526"><net_src comp="522" pin="1"/><net_sink comp="382" pin=0"/></net>

<net id="530"><net_src comp="420" pin="1"/><net_sink comp="527" pin=0"/></net>

<net id="531"><net_src comp="527" pin="1"/><net_sink comp="460" pin=0"/></net>

<net id="538"><net_src comp="430" pin="2"/><net_sink comp="535" pin=0"/></net>

<net id="539"><net_src comp="535" pin="1"/><net_sink comp="192" pin=2"/></net>

<net id="543"><net_src comp="456" pin="1"/><net_sink comp="540" pin=0"/></net>

<net id="544"><net_src comp="540" pin="1"/><net_sink comp="182" pin=2"/></net>

</net_list>

</model> 
---------------- Datapath Model END ------------------

* FSMD analyzer results:
  - Output states:
	Port: r_coeffs | {5 6 7 9 10 }
 - Input state : 
	Port: poly_S3_frombytes : msg | {2 3 8 }
	Port: poly_S3_frombytes : msg_offset | {1 }
  - Chain level:
	State 1
	State 2
		i_cast4 : 1
		exitcond1 : 1
		i_10 : 1
		StgValue_19 : 2
		tmp_cast : 1
		sum : 2
		sum_cast : 3
		msg_addr_2 : 4
		c_6 : 5
		p_shl : 1
		tmp_184 : 2
		sum2_cast : 1
		msg_addr : 2
		c : 3
	State 3
		tmp_s : 1
		tmp_186 : 2
		tmp : 3
		tmp_198 : 2
		tmp_165 : 3
	State 4
		tmp_187 : 1
		tmp_190 : 1
		tmp_163 : 2
		tmp_194 : 1
		tmp_164 : 2
	State 5
		r_coeffs_addr : 1
		StgValue_48 : 2
		tmp_189 : 1
		r_coeffs_addr_13 : 2
		StgValue_52 : 3
		tmp_191 : 1
		tmp_195 : 1
	State 6
		tmp_193 : 1
		r_coeffs_addr_14 : 2
		StgValue_60 : 3
		tmp_197 : 1
		r_coeffs_addr_15 : 2
		StgValue_64 : 3
		tmp_199 : 1
	State 7
		tmp_201 : 1
		r_coeffs_addr_16 : 2
		StgValue_70 : 3
	State 8
	State 9
		j_cast1_cast : 1
		exitcond : 1
		j_6 : 1
		StgValue_80 : 2
		tmp_202 : 1
		tmp_325_cast : 1
		tmp_205 : 2
		tmp_166 : 3
		c_7 : 4
		StgValue_87 : 1
	State 10
		tmp_323_cast6 : 1
		tmp_204 : 2
		r_coeffs_addr_18 : 3
		StgValue_93 : 4


============================================================
+ Verbose Summary: Datapath Resource usage 
============================================================

* Functional unit list:
|----------|----------------------------|---------|---------|---------|
| Operation|       Functional Unit      |  DSP48E |    FF   |   LUT   |
|----------|----------------------------|---------|---------|---------|
|          |       tmp_186_fu_288       |    0    |    0    |    50   |
|          |       tmp_198_fu_304       |    0    |    0    |    50   |
|    mul   |       tmp_190_fu_332       |    0    |    0    |    41   |
|          |       tmp_194_fu_348       |    0    |    0    |    41   |
|          |       tmp_205_fu_440       |    0    |    0    |    50   |
|----------|----------------------------|---------|---------|---------|
|   call   |       grp_mod3_fu_199      |    0    |    0    |    95   |
|          |       grp_mod3_fu_204      |    0    |    0    |    95   |
|----------|----------------------------|---------|---------|---------|
|          |         i_10_fu_240        |    0    |    0    |    15   |
|          |         sum_fu_250         |    0    |    0    |    15   |
|          |       tmp_184_fu_268       |    0    |    0    |    16   |
|          |         sum2_fu_274        |    0    |    0    |    15   |
|    add   |       tmp_188_fu_368       |    0    |    0    |    16   |
|          |       tmp_192_fu_386       |    0    |    0    |    16   |
|          |       tmp_196_fu_396       |    0    |    0    |    16   |
|          |       tmp_200_fu_410       |    0    |    0    |    16   |
|          |         j_6_fu_430         |    0    |    0    |    10   |
|          |       tmp_203_fu_460       |    0    |    0    |    13   |
|----------|----------------------------|---------|---------|---------|
|   icmp   |      exitcond1_fu_234      |    0    |    0    |    11   |
|          |       exitcond_fu_424      |    0    |    0    |    8    |
|----------|----------------------------|---------|---------|---------|
|   read   | msg_offset_read_read_fu_74 |    0    |    0    |    0    |
|----------|----------------------------|---------|---------|---------|
|   trunc  |       tmp_212_fu_226       |    0    |    0    |    0    |
|----------|----------------------------|---------|---------|---------|
|          |       i_cast4_fu_230       |    0    |    0    |    0    |
|          |       tmp_cast_fu_246      |    0    |    0    |    0    |
|          |       sum_cast_fu_255      |    0    |    0    |    0    |
|          |      sum2_cast_fu_279      |    0    |    0    |    0    |
|          |        tmp_s_fu_284        |    0    |    0    |    0    |
|          |      tmp_cast2_fu_320      |    0    |    0    |    0    |
|          |     tmp_cast_34_fu_324     |    0    |    0    |    0    |
|          |     tmp_302_cast_fu_328    |    0    |    0    |    0    |
|          |       tmp_185_fu_364       |    0    |    0    |    0    |
|   zext   |       tmp_189_fu_373       |    0    |    0    |    0    |
|          |  tmp_307_cast_cast_fu_378  |    0    |    0    |    0    |
|          |  tmp_312_cast_cast_fu_382  |    0    |    0    |    0    |
|          |       tmp_193_fu_391       |    0    |    0    |    0    |
|          |       tmp_197_fu_401       |    0    |    0    |    0    |
|          |     tmp_317_cast_fu_406    |    0    |    0    |    0    |
|          |       tmp_201_fu_415       |    0    |    0    |    0    |
|          |     j_cast1_cast_fu_420    |    0    |    0    |    0    |
|          |     tmp_325_cast_fu_436    |    0    |    0    |    0    |
|          |         c_7_fu_456         |    0    |    0    |    0    |
|          |       tmp_204_fu_469       |    0    |    0    |    0    |
|----------|----------------------------|---------|---------|---------|
|bitconcatenate|        p_shl_fu_260        |    0    |    0    |    0    |
|----------|----------------------------|---------|---------|---------|
|          |         tmp_fu_294         |    0    |    0    |    0    |
|          |       tmp_165_fu_310       |    0    |    0    |    0    |
|partselect|       tmp_163_fu_338       |    0    |    0    |    0    |
|          |       tmp_164_fu_354       |    0    |    0    |    0    |
|          |       tmp_166_fu_446       |    0    |    0    |    0    |
|----------|----------------------------|---------|---------|---------|
|   sext   |    tmp_323_cast6_fu_465    |    0    |    0    |    0    |
|----------|----------------------------|---------|---------|---------|
|   Total  |                            |    0    |    0    |   589   |
|----------|----------------------------|---------|---------|---------|

Memories:
N/A

* Register list:
+--------------------+--------+
|                    |   FF   |
+--------------------+--------+
|     c8_reg_179     |    8   |
|     c_7_reg_540    |    8   |
|    i_10_reg_483    |    7   |
|      i_reg_168     |    7   |
|     j_6_reg_535    |    2   |
|j_cast1_cast_reg_527|    4   |
|      j_reg_188     |    2   |
| msg_addr_2_reg_488 |    8   |
|  msg_addr_reg_502  |    8   |
|       reg_210      |    8   |
|       reg_216      |   16   |
|       reg_221      |   16   |
|   tmp_163_reg_517  |    5   |
|   tmp_164_reg_522  |    4   |
|   tmp_165_reg_512  |    2   |
|   tmp_184_reg_493  |    9   |
|   tmp_212_reg_474  |    8   |
|     tmp_reg_507    |    7   |
+--------------------+--------+
|        Total       |   129  |
+--------------------+--------+

* Multiplexer (MUX) list: 
|-------------------|------|------|------|--------||---------||---------|
|        Comp       |  Pin | Size |  BW  | S x BW ||  Delay  ||   LUT   |
|-------------------|------|------|------|--------||---------||---------|
|  grp_access_fu_87 |  p0  |   4  |   8  |   32   ||    21   |
| grp_access_fu_108 |  p0  |   4  |   9  |   36   ||    21   |
| grp_access_fu_108 |  p2  |   3  |   0  |    0   ||    15   |
| grp_access_fu_108 |  p4  |   2  |   9  |   18   ||    9    |
|  grp_mod3_fu_199  |  p1  |   4  |   8  |   32   ||    21   |
|  grp_mod3_fu_204  |  p1  |   2  |   7  |   14   ||    9    |
|-------------------|------|------|------|--------||---------||---------|
|       Total       |      |      |      |   132  || 8.81225 ||    96   |
|-------------------|------|------|------|--------||---------||---------|



* Summary:
+-----------+--------+--------+--------+--------+
|           | DSP48E |  Delay |   FF   |   LUT  |
+-----------+--------+--------+--------+--------+
|  Function |    0   |    -   |    0   |   589  |
|   Memory  |    -   |    -   |    -   |    -   |
|Multiplexer|    -   |    8   |    -   |   96   |
|  Register |    -   |    -   |   129  |    -   |
+-----------+--------+--------+--------+--------+
|   Total   |    0   |    8   |   129  |   685  |
+-----------+--------+--------+--------+--------+
