

================================================================
== Vivado HLS Report for 'sample_fixed_type'
================================================================
* Date:           Mon Aug 24 19:52:27 2020

* Version:        2018.3 (Build 2405991 on Thu Dec 06 23:56:15 MST 2018)
* Project:        ntru09
* Solution:       enc
* Product family: artix7
* Target device:  xc7a200tfbg676-2


================================================================
== Performance Estimates
================================================================
+ Timing (ns): 
    * Summary: 
    +--------+-------+----------+------------+
    |  Clock | Target| Estimated| Uncertainty|
    +--------+-------+----------+------------+
    |ap_clk  |  10.00|     8.095|        1.25|
    +--------+-------+----------+------------+

+ Latency (clock cycles): 
    * Summary: 
    +-----+-----+-----+-----+---------+
    |  Latency  |  Interval | Pipeline|
    | min | max | min | max |   Type  |
    +-----+-----+-----+-----+---------+
    |    ?|    ?|    ?|    ?|   none  |
    +-----+-----+-----+-----+---------+

    + Detail: 
        * Instance: 
        N/A

        * Loop: 
        +----------+------+------+----------+-----------+-----------+------+----------+
        |          |   Latency   | Iteration|  Initiation Interval  | Trip |          |
        | Loop Name|  min |  max |  Latency |  achieved |   target  | Count| Pipelined|
        +----------+------+------+----------+-----------+-----------+------+----------+
        |- Loop 1  |  1143|  1143|         9|          -|          -|   127|    no    |
        |- Loop 2  |   254|   254|         2|          -|          -|   127|    no    |
        |- Loop 3  |   254|   254|         2|          -|          -|   127|    no    |
        |- Loop 4  |  1016|  1016|         2|          -|          -|   508|    no    |
        +----------+------+------+----------+-----------+-----------+------+----------+

============================================================
+ Verbose Summary: Synthesis Manager
============================================================
InlineROM: 1
ExposeGlobal: 1
============================================================
+ Verbose Summary: CDFG Model
============================================================
IsTopModel: 0
ResetActiveHigh: 1
IsCombinational: 0
IsDatapathOnly: 0
HasWiredReturn: 1
HasMFsm: 0
HasVarLatency: 1
IsPipeline: 0
IsRtlPipelined: 0
IsInstanceOverlapped: 0
IsDontTouch: 0
HasImplIP: 0
IsGatedGlobalClock: 0


============================================================
+ Verbose Summary: Schedule
============================================================
* Number of FSM states : 17
* Pipeline : 0
* Dataflow Pipeline: 0

* FSM state transitions: 
1 --> 
	2  / true
2 --> 
	3  / (!exitcond3)
	11  / (exitcond3)
3 --> 
	4  / true
4 --> 
	5  / true
5 --> 
	6  / true
6 --> 
	7  / true
7 --> 
	8  / true
8 --> 
	9  / true
9 --> 
	10  / true
10 --> 
	2  / true
11 --> 
	12  / (!exitcond2)
	13  / (exitcond2)
12 --> 
	11  / true
13 --> 
	14  / (!exitcond1)
	15  / (exitcond1)
14 --> 
	13  / true
15 --> 
	16  / true
16 --> 
	17  / (!exitcond)
17 --> 
	16  / true

* FSM state operations: 

State 1 <SV = 0> <Delay = 1.35>
ST_1 : Operation 18 [1/1] (0.00ns)   --->   "%s = alloca [508 x i32], align 16" [sample.c:77]   --->   Operation 18 'alloca' 's' <Predicate = true> <Delay = 0.00> <Core = "RAM">   --->   Core 37 'RAM' <Latency = 1> <II = 1> <Delay = 2.77> <Storage> <Opcode : 'load' 'store'> <Ports = 2> <Width = 16> <Depth = 509> <RAM>
ST_1 : Operation 19 [1/1] (1.35ns)   --->   "br label %1" [sample.c:81]   --->   Operation 19 'br' <Predicate = true> <Delay = 1.35>

State 2 <SV = 1> <Delay = 8.09>
ST_2 : Operation 20 [1/1] (0.00ns)   --->   "%i = phi i7 [ 0, %0 ], [ %i_4, %2 ]"   --->   Operation 20 'phi' 'i' <Predicate = true> <Delay = 0.00>
ST_2 : Operation 21 [1/1] (0.00ns)   --->   "%i_cast1 = zext i7 %i to i12" [sample.c:81]   --->   Operation 21 'zext' 'i_cast1' <Predicate = true> <Delay = 0.00>
ST_2 : Operation 22 [1/1] (1.23ns)   --->   "%exitcond3 = icmp eq i7 %i, -1" [sample.c:81]   --->   Operation 22 'icmp' 'exitcond3' <Predicate = true> <Delay = 1.23> <Core = "Cmp">   --->   Core 25 'Cmp' <Latency = 0> <II = 1> <Delay = 1.34> <FuncUnit> <Opcode : 'icmp'> <InPorts = 2> <OutPorts = 1>
ST_2 : Operation 23 [1/1] (0.00ns)   --->   "%empty = call i32 (...)* @_ssdm_op_SpecLoopTripCount(i64 127, i64 127, i64 127)"   --->   Operation 23 'speclooptripcount' 'empty' <Predicate = true> <Delay = 0.00>
ST_2 : Operation 24 [1/1] (1.66ns)   --->   "%i_4 = add i7 %i, 1" [sample.c:81]   --->   Operation 24 'add' 'i_4' <Predicate = true> <Delay = 1.66> <Core = "AddSub">   --->   Core 14 'AddSub' <Latency = 0> <II = 1> <Delay = 1.73> <FuncUnit> <Opcode : 'add' 'sub'> <InPorts = 2> <OutPorts = 1>
ST_2 : Operation 25 [1/1] (0.00ns)   --->   "br i1 %exitcond3, label %.preheader4.preheader, label %2" [sample.c:81]   --->   Operation 25 'br' <Predicate = true> <Delay = 0.00>
ST_2 : Operation 26 [1/1] (0.00ns)   --->   "%p_shl = call i11 @_ssdm_op_BitConcatenate.i11.i7.i4(i7 %i, i4 0)" [sample.c:83]   --->   Operation 26 'bitconcatenate' 'p_shl' <Predicate = (!exitcond3)> <Delay = 0.00>
ST_2 : Operation 27 [1/1] (0.00ns)   --->   "%p_shl_cast = zext i11 %p_shl to i12" [sample.c:83]   --->   Operation 27 'zext' 'p_shl_cast' <Predicate = (!exitcond3)> <Delay = 0.00>
ST_2 : Operation 28 [1/1] (1.76ns)   --->   "%tmp = sub i12 %p_shl_cast, %i_cast1" [sample.c:83]   --->   Operation 28 'sub' 'tmp' <Predicate = (!exitcond3)> <Delay = 1.76> <Core = "AddSub">   --->   Core 14 'AddSub' <Latency = 0> <II = 1> <Delay = 1.73> <FuncUnit> <Opcode : 'add' 'sub'> <InPorts = 2> <OutPorts = 1>
ST_2 : Operation 29 [1/1] (1.77ns)   --->   "%sum = add i12 508, %tmp" [sample.c:83]   --->   Operation 29 'add' 'sum' <Predicate = (!exitcond3)> <Delay = 1.77> <Core = "AddSub">   --->   Core 14 'AddSub' <Latency = 0> <II = 1> <Delay = 1.73> <FuncUnit> <Opcode : 'add' 'sub'> <InPorts = 2> <OutPorts = 1>
ST_2 : Operation 30 [1/1] (0.00ns)   --->   "%sum_cast = zext i12 %sum to i64" [sample.c:83]   --->   Operation 30 'zext' 'sum_cast' <Predicate = (!exitcond3)> <Delay = 0.00>
ST_2 : Operation 31 [1/1] (0.00ns)   --->   "%u_addr = getelementptr [2413 x i8]* %u, i64 0, i64 %sum_cast" [sample.c:83]   --->   Operation 31 'getelementptr' 'u_addr' <Predicate = (!exitcond3)> <Delay = 0.00>
ST_2 : Operation 32 [2/2] (2.77ns)   --->   "%u_load = load i8* %u_addr, align 1" [sample.c:83]   --->   Operation 32 'load' 'u_load' <Predicate = (!exitcond3)> <Delay = 2.77> <Core = "RAM">   --->   Core 37 'RAM' <Latency = 1> <II = 1> <Delay = 2.77> <Storage> <Opcode : 'load' 'store'> <Ports = 2> <Width = 16> <Depth = 509> <RAM>
ST_2 : Operation 33 [1/1] (1.77ns)   --->   "%tmp_3 = add i12 1, %tmp" [sample.c:83]   --->   Operation 33 'add' 'tmp_3' <Predicate = (!exitcond3)> <Delay = 1.77> <Core = "AddSub">   --->   Core 14 'AddSub' <Latency = 0> <II = 1> <Delay = 1.73> <FuncUnit> <Opcode : 'add' 'sub'> <InPorts = 2> <OutPorts = 1>
ST_2 : Operation 34 [1/1] (0.00ns)   --->   "%tmp_4_cast = sext i12 %tmp_3 to i13" [sample.c:83]   --->   Operation 34 'sext' 'tmp_4_cast' <Predicate = (!exitcond3)> <Delay = 0.00>
ST_2 : Operation 35 [1/1] (1.77ns)   --->   "%sum2 = add i13 508, %tmp_4_cast" [sample.c:83]   --->   Operation 35 'add' 'sum2' <Predicate = (!exitcond3)> <Delay = 1.77> <Core = "AddSub">   --->   Core 14 'AddSub' <Latency = 0> <II = 1> <Delay = 1.73> <FuncUnit> <Opcode : 'add' 'sub'> <InPorts = 2> <OutPorts = 1>
ST_2 : Operation 36 [1/1] (0.00ns)   --->   "%sum2_cast = zext i13 %sum2 to i64" [sample.c:83]   --->   Operation 36 'zext' 'sum2_cast' <Predicate = (!exitcond3)> <Delay = 0.00>
ST_2 : Operation 37 [1/1] (0.00ns)   --->   "%u_addr_1 = getelementptr [2413 x i8]* %u, i64 0, i64 %sum2_cast" [sample.c:83]   --->   Operation 37 'getelementptr' 'u_addr_1' <Predicate = (!exitcond3)> <Delay = 0.00>
ST_2 : Operation 38 [2/2] (2.77ns)   --->   "%u_load_1 = load i8* %u_addr_1, align 1" [sample.c:83]   --->   Operation 38 'load' 'u_load_1' <Predicate = (!exitcond3)> <Delay = 2.77> <Core = "RAM">   --->   Core 37 'RAM' <Latency = 1> <II = 1> <Delay = 2.77> <Storage> <Opcode : 'load' 'store'> <Ports = 2> <Width = 16> <Depth = 509> <RAM>
ST_2 : Operation 39 [1/1] (1.35ns)   --->   "br label %.preheader4" [sample.c:94]   --->   Operation 39 'br' <Predicate = (exitcond3)> <Delay = 1.35>

State 3 <SV = 2> <Delay = 6.33>
ST_3 : Operation 40 [1/2] (2.77ns)   --->   "%u_load = load i8* %u_addr, align 1" [sample.c:83]   --->   Operation 40 'load' 'u_load' <Predicate = true> <Delay = 2.77> <Core = "RAM">   --->   Core 37 'RAM' <Latency = 1> <II = 1> <Delay = 2.77> <Storage> <Opcode : 'load' 'store'> <Ports = 2> <Width = 16> <Depth = 509> <RAM>
ST_3 : Operation 41 [1/2] (2.77ns)   --->   "%u_load_1 = load i8* %u_addr_1, align 1" [sample.c:83]   --->   Operation 41 'load' 'u_load_1' <Predicate = true> <Delay = 2.77> <Core = "RAM">   --->   Core 37 'RAM' <Latency = 1> <II = 1> <Delay = 2.77> <Storage> <Opcode : 'load' 'store'> <Ports = 2> <Width = 16> <Depth = 509> <RAM>
ST_3 : Operation 42 [1/1] (1.77ns)   --->   "%tmp_7 = add i12 2, %tmp" [sample.c:83]   --->   Operation 42 'add' 'tmp_7' <Predicate = true> <Delay = 1.77> <Core = "AddSub">   --->   Core 14 'AddSub' <Latency = 0> <II = 1> <Delay = 1.73> <FuncUnit> <Opcode : 'add' 'sub'> <InPorts = 2> <OutPorts = 1>
ST_3 : Operation 43 [1/1] (0.00ns)   --->   "%tmp_8_cast = sext i12 %tmp_7 to i13" [sample.c:83]   --->   Operation 43 'sext' 'tmp_8_cast' <Predicate = true> <Delay = 0.00>
ST_3 : Operation 44 [1/1] (1.77ns)   --->   "%sum6 = add i13 508, %tmp_8_cast" [sample.c:83]   --->   Operation 44 'add' 'sum6' <Predicate = true> <Delay = 1.77> <Core = "AddSub">   --->   Core 14 'AddSub' <Latency = 0> <II = 1> <Delay = 1.73> <FuncUnit> <Opcode : 'add' 'sub'> <InPorts = 2> <OutPorts = 1>
ST_3 : Operation 45 [1/1] (0.00ns)   --->   "%sum6_cast = zext i13 %sum6 to i64" [sample.c:83]   --->   Operation 45 'zext' 'sum6_cast' <Predicate = true> <Delay = 0.00>
ST_3 : Operation 46 [1/1] (0.00ns)   --->   "%u_addr_2 = getelementptr [2413 x i8]* %u, i64 0, i64 %sum6_cast" [sample.c:83]   --->   Operation 46 'getelementptr' 'u_addr_2' <Predicate = true> <Delay = 0.00>
ST_3 : Operation 47 [2/2] (2.77ns)   --->   "%u_load_2 = load i8* %u_addr_2, align 1" [sample.c:83]   --->   Operation 47 'load' 'u_load_2' <Predicate = true> <Delay = 2.77> <Core = "RAM">   --->   Core 37 'RAM' <Latency = 1> <II = 1> <Delay = 2.77> <Storage> <Opcode : 'load' 'store'> <Ports = 2> <Width = 16> <Depth = 509> <RAM>
ST_3 : Operation 48 [1/1] (1.77ns)   --->   "%tmp_1 = add i12 3, %tmp" [sample.c:83]   --->   Operation 48 'add' 'tmp_1' <Predicate = true> <Delay = 1.77> <Core = "AddSub">   --->   Core 14 'AddSub' <Latency = 0> <II = 1> <Delay = 1.73> <FuncUnit> <Opcode : 'add' 'sub'> <InPorts = 2> <OutPorts = 1>
ST_3 : Operation 49 [1/1] (0.00ns)   --->   "%tmp_12_cast = sext i12 %tmp_1 to i13" [sample.c:83]   --->   Operation 49 'sext' 'tmp_12_cast' <Predicate = true> <Delay = 0.00>
ST_3 : Operation 50 [1/1] (1.77ns)   --->   "%sum8 = add i13 508, %tmp_12_cast" [sample.c:83]   --->   Operation 50 'add' 'sum8' <Predicate = true> <Delay = 1.77> <Core = "AddSub">   --->   Core 14 'AddSub' <Latency = 0> <II = 1> <Delay = 1.73> <FuncUnit> <Opcode : 'add' 'sub'> <InPorts = 2> <OutPorts = 1>
ST_3 : Operation 51 [1/1] (0.00ns)   --->   "%sum8_cast = zext i13 %sum8 to i64" [sample.c:83]   --->   Operation 51 'zext' 'sum8_cast' <Predicate = true> <Delay = 0.00>
ST_3 : Operation 52 [1/1] (0.00ns)   --->   "%u_addr_3 = getelementptr [2413 x i8]* %u, i64 0, i64 %sum8_cast" [sample.c:83]   --->   Operation 52 'getelementptr' 'u_addr_3' <Predicate = true> <Delay = 0.00>
ST_3 : Operation 53 [2/2] (2.77ns)   --->   "%u_load_3 = load i8* %u_addr_3, align 1" [sample.c:83]   --->   Operation 53 'load' 'u_load_3' <Predicate = true> <Delay = 2.77> <Core = "RAM">   --->   Core 37 'RAM' <Latency = 1> <II = 1> <Delay = 2.77> <Storage> <Opcode : 'load' 'store'> <Ports = 2> <Width = 16> <Depth = 509> <RAM>

State 4 <SV = 3> <Delay = 6.33>
ST_4 : Operation 54 [1/2] (2.77ns)   --->   "%u_load_2 = load i8* %u_addr_2, align 1" [sample.c:83]   --->   Operation 54 'load' 'u_load_2' <Predicate = true> <Delay = 2.77> <Core = "RAM">   --->   Core 37 'RAM' <Latency = 1> <II = 1> <Delay = 2.77> <Storage> <Opcode : 'load' 'store'> <Ports = 2> <Width = 16> <Depth = 509> <RAM>
ST_4 : Operation 55 [1/2] (2.77ns)   --->   "%u_load_3 = load i8* %u_addr_3, align 1" [sample.c:83]   --->   Operation 55 'load' 'u_load_3' <Predicate = true> <Delay = 2.77> <Core = "RAM">   --->   Core 37 'RAM' <Latency = 1> <II = 1> <Delay = 2.77> <Storage> <Opcode : 'load' 'store'> <Ports = 2> <Width = 16> <Depth = 509> <RAM>
ST_4 : Operation 56 [1/1] (0.00ns)   --->   "%tmp_4 = trunc i8 %u_load_3 to i6" [sample.c:83]   --->   Operation 56 'trunc' 'tmp_4' <Predicate = true> <Delay = 0.00>
ST_4 : Operation 57 [1/1] (0.00ns)   --->   "%tmp_6 = call i32 @_ssdm_op_BitConcatenate.i32.i6.i8.i8.i8.i2(i6 %tmp_4, i8 %u_load_2, i8 %u_load_1, i8 %u_load, i2 0)" [sample.c:83]   --->   Operation 57 'bitconcatenate' 'tmp_6' <Predicate = true> <Delay = 0.00>
ST_4 : Operation 58 [1/1] (0.00ns)   --->   "%tmp_8 = call i9 @_ssdm_op_BitConcatenate.i9.i7.i2(i7 %i, i2 0)" [sample.c:83]   --->   Operation 58 'bitconcatenate' 'tmp_8' <Predicate = true> <Delay = 0.00>
ST_4 : Operation 59 [1/1] (0.00ns)   --->   "%tmp_9 = zext i9 %tmp_8 to i64" [sample.c:83]   --->   Operation 59 'zext' 'tmp_9' <Predicate = true> <Delay = 0.00>
ST_4 : Operation 60 [1/1] (0.00ns)   --->   "%s_addr = getelementptr inbounds [508 x i32]* %s, i64 0, i64 %tmp_9" [sample.c:83]   --->   Operation 60 'getelementptr' 's_addr' <Predicate = true> <Delay = 0.00>
ST_4 : Operation 61 [1/1] (2.77ns)   --->   "store i32 %tmp_6, i32* %s_addr, align 16" [sample.c:83]   --->   Operation 61 'store' <Predicate = true> <Delay = 2.77> <Core = "RAM">   --->   Core 37 'RAM' <Latency = 1> <II = 1> <Delay = 2.77> <Storage> <Opcode : 'load' 'store'> <Ports = 2> <Width = 16> <Depth = 509> <RAM>
ST_4 : Operation 62 [1/1] (0.00ns)   --->   "%tmp_2 = call i2 @_ssdm_op_PartSelect.i2.i8.i32.i32(i8 %u_load_3, i32 6, i32 7)" [sample.c:83]   --->   Operation 62 'partselect' 'tmp_2' <Predicate = true> <Delay = 0.00>
ST_4 : Operation 63 [1/1] (1.77ns)   --->   "%tmp_s = add i12 4, %tmp" [sample.c:84]   --->   Operation 63 'add' 'tmp_s' <Predicate = true> <Delay = 1.77> <Core = "AddSub">   --->   Core 14 'AddSub' <Latency = 0> <II = 1> <Delay = 1.73> <FuncUnit> <Opcode : 'add' 'sub'> <InPorts = 2> <OutPorts = 1>
ST_4 : Operation 64 [1/1] (0.00ns)   --->   "%tmp_23_cast = sext i12 %tmp_s to i13" [sample.c:84]   --->   Operation 64 'sext' 'tmp_23_cast' <Predicate = true> <Delay = 0.00>
ST_4 : Operation 65 [1/1] (1.77ns)   --->   "%sum1 = add i13 508, %tmp_23_cast" [sample.c:84]   --->   Operation 65 'add' 'sum1' <Predicate = true> <Delay = 1.77> <Core = "AddSub">   --->   Core 14 'AddSub' <Latency = 0> <II = 1> <Delay = 1.73> <FuncUnit> <Opcode : 'add' 'sub'> <InPorts = 2> <OutPorts = 1>
ST_4 : Operation 66 [1/1] (0.00ns)   --->   "%sum1_cast = zext i13 %sum1 to i64" [sample.c:84]   --->   Operation 66 'zext' 'sum1_cast' <Predicate = true> <Delay = 0.00>
ST_4 : Operation 67 [1/1] (0.00ns)   --->   "%u_addr_4 = getelementptr [2413 x i8]* %u, i64 0, i64 %sum1_cast" [sample.c:84]   --->   Operation 67 'getelementptr' 'u_addr_4' <Predicate = true> <Delay = 0.00>
ST_4 : Operation 68 [2/2] (2.77ns)   --->   "%u_load_4 = load i8* %u_addr_4, align 1" [sample.c:84]   --->   Operation 68 'load' 'u_load_4' <Predicate = true> <Delay = 2.77> <Core = "RAM">   --->   Core 37 'RAM' <Latency = 1> <II = 1> <Delay = 2.77> <Storage> <Opcode : 'load' 'store'> <Ports = 2> <Width = 16> <Depth = 509> <RAM>
ST_4 : Operation 69 [1/1] (1.77ns)   --->   "%tmp_5 = add i12 5, %tmp" [sample.c:84]   --->   Operation 69 'add' 'tmp_5' <Predicate = true> <Delay = 1.77> <Core = "AddSub">   --->   Core 14 'AddSub' <Latency = 0> <II = 1> <Delay = 1.73> <FuncUnit> <Opcode : 'add' 'sub'> <InPorts = 2> <OutPorts = 1>
ST_4 : Operation 70 [1/1] (0.00ns)   --->   "%tmp_27_cast = sext i12 %tmp_5 to i13" [sample.c:84]   --->   Operation 70 'sext' 'tmp_27_cast' <Predicate = true> <Delay = 0.00>
ST_4 : Operation 71 [1/1] (1.77ns)   --->   "%sum3 = add i13 508, %tmp_27_cast" [sample.c:84]   --->   Operation 71 'add' 'sum3' <Predicate = true> <Delay = 1.77> <Core = "AddSub">   --->   Core 14 'AddSub' <Latency = 0> <II = 1> <Delay = 1.73> <FuncUnit> <Opcode : 'add' 'sub'> <InPorts = 2> <OutPorts = 1>
ST_4 : Operation 72 [1/1] (0.00ns)   --->   "%sum3_cast = zext i13 %sum3 to i64" [sample.c:84]   --->   Operation 72 'zext' 'sum3_cast' <Predicate = true> <Delay = 0.00>
ST_4 : Operation 73 [1/1] (0.00ns)   --->   "%u_addr_5 = getelementptr [2413 x i8]* %u, i64 0, i64 %sum3_cast" [sample.c:84]   --->   Operation 73 'getelementptr' 'u_addr_5' <Predicate = true> <Delay = 0.00>
ST_4 : Operation 74 [2/2] (2.77ns)   --->   "%u_load_5 = load i8* %u_addr_5, align 1" [sample.c:84]   --->   Operation 74 'load' 'u_load_5' <Predicate = true> <Delay = 2.77> <Core = "RAM">   --->   Core 37 'RAM' <Latency = 1> <II = 1> <Delay = 2.77> <Storage> <Opcode : 'load' 'store'> <Ports = 2> <Width = 16> <Depth = 509> <RAM>

State 5 <SV = 4> <Delay = 6.33>
ST_5 : Operation 75 [1/2] (2.77ns)   --->   "%u_load_4 = load i8* %u_addr_4, align 1" [sample.c:84]   --->   Operation 75 'load' 'u_load_4' <Predicate = true> <Delay = 2.77> <Core = "RAM">   --->   Core 37 'RAM' <Latency = 1> <II = 1> <Delay = 2.77> <Storage> <Opcode : 'load' 'store'> <Ports = 2> <Width = 16> <Depth = 509> <RAM>
ST_5 : Operation 76 [1/2] (2.77ns)   --->   "%u_load_5 = load i8* %u_addr_5, align 1" [sample.c:84]   --->   Operation 76 'load' 'u_load_5' <Predicate = true> <Delay = 2.77> <Core = "RAM">   --->   Core 37 'RAM' <Latency = 1> <II = 1> <Delay = 2.77> <Storage> <Opcode : 'load' 'store'> <Ports = 2> <Width = 16> <Depth = 509> <RAM>
ST_5 : Operation 77 [1/1] (1.77ns)   --->   "%tmp_10 = add i12 6, %tmp" [sample.c:84]   --->   Operation 77 'add' 'tmp_10' <Predicate = true> <Delay = 1.77> <Core = "AddSub">   --->   Core 14 'AddSub' <Latency = 0> <II = 1> <Delay = 1.73> <FuncUnit> <Opcode : 'add' 'sub'> <InPorts = 2> <OutPorts = 1>
ST_5 : Operation 78 [1/1] (0.00ns)   --->   "%tmp_31_cast = sext i12 %tmp_10 to i13" [sample.c:84]   --->   Operation 78 'sext' 'tmp_31_cast' <Predicate = true> <Delay = 0.00>
ST_5 : Operation 79 [1/1] (1.77ns)   --->   "%sum4 = add i13 508, %tmp_31_cast" [sample.c:84]   --->   Operation 79 'add' 'sum4' <Predicate = true> <Delay = 1.77> <Core = "AddSub">   --->   Core 14 'AddSub' <Latency = 0> <II = 1> <Delay = 1.73> <FuncUnit> <Opcode : 'add' 'sub'> <InPorts = 2> <OutPorts = 1>
ST_5 : Operation 80 [1/1] (0.00ns)   --->   "%sum4_cast = zext i13 %sum4 to i64" [sample.c:84]   --->   Operation 80 'zext' 'sum4_cast' <Predicate = true> <Delay = 0.00>
ST_5 : Operation 81 [1/1] (0.00ns)   --->   "%u_addr_6 = getelementptr [2413 x i8]* %u, i64 0, i64 %sum4_cast" [sample.c:84]   --->   Operation 81 'getelementptr' 'u_addr_6' <Predicate = true> <Delay = 0.00>
ST_5 : Operation 82 [2/2] (2.77ns)   --->   "%u_load_6 = load i8* %u_addr_6, align 1" [sample.c:84]   --->   Operation 82 'load' 'u_load_6' <Predicate = true> <Delay = 2.77> <Core = "RAM">   --->   Core 37 'RAM' <Latency = 1> <II = 1> <Delay = 2.77> <Storage> <Opcode : 'load' 'store'> <Ports = 2> <Width = 16> <Depth = 509> <RAM>
ST_5 : Operation 83 [1/1] (1.77ns)   --->   "%tmp_11 = add i12 7, %tmp" [sample.c:84]   --->   Operation 83 'add' 'tmp_11' <Predicate = true> <Delay = 1.77> <Core = "AddSub">   --->   Core 14 'AddSub' <Latency = 0> <II = 1> <Delay = 1.73> <FuncUnit> <Opcode : 'add' 'sub'> <InPorts = 2> <OutPorts = 1>
ST_5 : Operation 84 [1/1] (0.00ns)   --->   "%tmp_35_cast = sext i12 %tmp_11 to i13" [sample.c:84]   --->   Operation 84 'sext' 'tmp_35_cast' <Predicate = true> <Delay = 0.00>
ST_5 : Operation 85 [1/1] (1.77ns)   --->   "%sum5 = add i13 508, %tmp_35_cast" [sample.c:84]   --->   Operation 85 'add' 'sum5' <Predicate = true> <Delay = 1.77> <Core = "AddSub">   --->   Core 14 'AddSub' <Latency = 0> <II = 1> <Delay = 1.73> <FuncUnit> <Opcode : 'add' 'sub'> <InPorts = 2> <OutPorts = 1>
ST_5 : Operation 86 [1/1] (0.00ns)   --->   "%sum5_cast = zext i13 %sum5 to i64" [sample.c:84]   --->   Operation 86 'zext' 'sum5_cast' <Predicate = true> <Delay = 0.00>
ST_5 : Operation 87 [1/1] (0.00ns)   --->   "%u_addr_7 = getelementptr [2413 x i8]* %u, i64 0, i64 %sum5_cast" [sample.c:84]   --->   Operation 87 'getelementptr' 'u_addr_7' <Predicate = true> <Delay = 0.00>
ST_5 : Operation 88 [2/2] (2.77ns)   --->   "%u_load_7 = load i8* %u_addr_7, align 1" [sample.c:84]   --->   Operation 88 'load' 'u_load_7' <Predicate = true> <Delay = 2.77> <Core = "RAM">   --->   Core 37 'RAM' <Latency = 1> <II = 1> <Delay = 2.77> <Storage> <Opcode : 'load' 'store'> <Ports = 2> <Width = 16> <Depth = 509> <RAM>

State 6 <SV = 5> <Delay = 6.33>
ST_6 : Operation 89 [1/2] (2.77ns)   --->   "%u_load_6 = load i8* %u_addr_6, align 1" [sample.c:84]   --->   Operation 89 'load' 'u_load_6' <Predicate = true> <Delay = 2.77> <Core = "RAM">   --->   Core 37 'RAM' <Latency = 1> <II = 1> <Delay = 2.77> <Storage> <Opcode : 'load' 'store'> <Ports = 2> <Width = 16> <Depth = 509> <RAM>
ST_6 : Operation 90 [1/2] (2.77ns)   --->   "%u_load_7 = load i8* %u_addr_7, align 1" [sample.c:84]   --->   Operation 90 'load' 'u_load_7' <Predicate = true> <Delay = 2.77> <Core = "RAM">   --->   Core 37 'RAM' <Latency = 1> <II = 1> <Delay = 2.77> <Storage> <Opcode : 'load' 'store'> <Ports = 2> <Width = 16> <Depth = 509> <RAM>
ST_6 : Operation 91 [1/1] (0.00ns)   --->   "%tmp_12 = trunc i8 %u_load_7 to i4" [sample.c:84]   --->   Operation 91 'trunc' 'tmp_12' <Predicate = true> <Delay = 0.00>
ST_6 : Operation 92 [1/1] (0.00ns)   --->   "%tmp_13 = call i32 @_ssdm_op_BitConcatenate.i32.i4.i8.i8.i8.i2.i2(i4 %tmp_12, i8 %u_load_6, i8 %u_load_5, i8 %u_load_4, i2 %tmp_2, i2 0)" [sample.c:84]   --->   Operation 92 'bitconcatenate' 'tmp_13' <Predicate = true> <Delay = 0.00>
ST_6 : Operation 93 [1/1] (0.00ns)   --->   "%tmp_14 = or i9 %tmp_8, 1" [sample.c:84]   --->   Operation 93 'or' 'tmp_14' <Predicate = true> <Delay = 0.00>
ST_6 : Operation 94 [1/1] (0.00ns)   --->   "%tmp_15 = zext i9 %tmp_14 to i64" [sample.c:84]   --->   Operation 94 'zext' 'tmp_15' <Predicate = true> <Delay = 0.00>
ST_6 : Operation 95 [1/1] (0.00ns)   --->   "%s_addr_1 = getelementptr inbounds [508 x i32]* %s, i64 0, i64 %tmp_15" [sample.c:84]   --->   Operation 95 'getelementptr' 's_addr_1' <Predicate = true> <Delay = 0.00>
ST_6 : Operation 96 [1/1] (2.77ns)   --->   "store i32 %tmp_13, i32* %s_addr_1, align 4" [sample.c:84]   --->   Operation 96 'store' <Predicate = true> <Delay = 2.77> <Core = "RAM">   --->   Core 37 'RAM' <Latency = 1> <II = 1> <Delay = 2.77> <Storage> <Opcode : 'load' 'store'> <Ports = 2> <Width = 16> <Depth = 509> <RAM>
ST_6 : Operation 97 [1/1] (0.00ns)   --->   "%tmp_16 = call i4 @_ssdm_op_PartSelect.i4.i8.i32.i32(i8 %u_load_7, i32 4, i32 7)" [sample.c:84]   --->   Operation 97 'partselect' 'tmp_16' <Predicate = true> <Delay = 0.00>
ST_6 : Operation 98 [1/1] (1.77ns)   --->   "%tmp_17 = add i12 8, %tmp" [sample.c:85]   --->   Operation 98 'add' 'tmp_17' <Predicate = true> <Delay = 1.77> <Core = "AddSub">   --->   Core 14 'AddSub' <Latency = 0> <II = 1> <Delay = 1.73> <FuncUnit> <Opcode : 'add' 'sub'> <InPorts = 2> <OutPorts = 1>
ST_6 : Operation 99 [1/1] (0.00ns)   --->   "%tmp_47_cast = sext i12 %tmp_17 to i13" [sample.c:85]   --->   Operation 99 'sext' 'tmp_47_cast' <Predicate = true> <Delay = 0.00>
ST_6 : Operation 100 [1/1] (1.77ns)   --->   "%sum7 = add i13 508, %tmp_47_cast" [sample.c:85]   --->   Operation 100 'add' 'sum7' <Predicate = true> <Delay = 1.77> <Core = "AddSub">   --->   Core 14 'AddSub' <Latency = 0> <II = 1> <Delay = 1.73> <FuncUnit> <Opcode : 'add' 'sub'> <InPorts = 2> <OutPorts = 1>
ST_6 : Operation 101 [1/1] (0.00ns)   --->   "%sum7_cast = zext i13 %sum7 to i64" [sample.c:85]   --->   Operation 101 'zext' 'sum7_cast' <Predicate = true> <Delay = 0.00>
ST_6 : Operation 102 [1/1] (0.00ns)   --->   "%u_addr_8 = getelementptr [2413 x i8]* %u, i64 0, i64 %sum7_cast" [sample.c:85]   --->   Operation 102 'getelementptr' 'u_addr_8' <Predicate = true> <Delay = 0.00>
ST_6 : Operation 103 [2/2] (2.77ns)   --->   "%u_load_8 = load i8* %u_addr_8, align 1" [sample.c:85]   --->   Operation 103 'load' 'u_load_8' <Predicate = true> <Delay = 2.77> <Core = "RAM">   --->   Core 37 'RAM' <Latency = 1> <II = 1> <Delay = 2.77> <Storage> <Opcode : 'load' 'store'> <Ports = 2> <Width = 16> <Depth = 509> <RAM>
ST_6 : Operation 104 [1/1] (1.77ns)   --->   "%tmp_18 = add i12 9, %tmp" [sample.c:85]   --->   Operation 104 'add' 'tmp_18' <Predicate = true> <Delay = 1.77> <Core = "AddSub">   --->   Core 14 'AddSub' <Latency = 0> <II = 1> <Delay = 1.73> <FuncUnit> <Opcode : 'add' 'sub'> <InPorts = 2> <OutPorts = 1>
ST_6 : Operation 105 [1/1] (0.00ns)   --->   "%tmp_51_cast = sext i12 %tmp_18 to i13" [sample.c:85]   --->   Operation 105 'sext' 'tmp_51_cast' <Predicate = true> <Delay = 0.00>
ST_6 : Operation 106 [1/1] (1.77ns)   --->   "%sum9 = add i13 508, %tmp_51_cast" [sample.c:85]   --->   Operation 106 'add' 'sum9' <Predicate = true> <Delay = 1.77> <Core = "AddSub">   --->   Core 14 'AddSub' <Latency = 0> <II = 1> <Delay = 1.73> <FuncUnit> <Opcode : 'add' 'sub'> <InPorts = 2> <OutPorts = 1>
ST_6 : Operation 107 [1/1] (0.00ns)   --->   "%sum9_cast = zext i13 %sum9 to i64" [sample.c:85]   --->   Operation 107 'zext' 'sum9_cast' <Predicate = true> <Delay = 0.00>
ST_6 : Operation 108 [1/1] (0.00ns)   --->   "%u_addr_9 = getelementptr [2413 x i8]* %u, i64 0, i64 %sum9_cast" [sample.c:85]   --->   Operation 108 'getelementptr' 'u_addr_9' <Predicate = true> <Delay = 0.00>
ST_6 : Operation 109 [2/2] (2.77ns)   --->   "%u_load_9 = load i8* %u_addr_9, align 1" [sample.c:85]   --->   Operation 109 'load' 'u_load_9' <Predicate = true> <Delay = 2.77> <Core = "RAM">   --->   Core 37 'RAM' <Latency = 1> <II = 1> <Delay = 2.77> <Storage> <Opcode : 'load' 'store'> <Ports = 2> <Width = 16> <Depth = 509> <RAM>

State 7 <SV = 6> <Delay = 6.33>
ST_7 : Operation 110 [1/2] (2.77ns)   --->   "%u_load_8 = load i8* %u_addr_8, align 1" [sample.c:85]   --->   Operation 110 'load' 'u_load_8' <Predicate = true> <Delay = 2.77> <Core = "RAM">   --->   Core 37 'RAM' <Latency = 1> <II = 1> <Delay = 2.77> <Storage> <Opcode : 'load' 'store'> <Ports = 2> <Width = 16> <Depth = 509> <RAM>
ST_7 : Operation 111 [1/2] (2.77ns)   --->   "%u_load_9 = load i8* %u_addr_9, align 1" [sample.c:85]   --->   Operation 111 'load' 'u_load_9' <Predicate = true> <Delay = 2.77> <Core = "RAM">   --->   Core 37 'RAM' <Latency = 1> <II = 1> <Delay = 2.77> <Storage> <Opcode : 'load' 'store'> <Ports = 2> <Width = 16> <Depth = 509> <RAM>
ST_7 : Operation 112 [1/1] (1.77ns)   --->   "%tmp_19 = add i12 10, %tmp" [sample.c:85]   --->   Operation 112 'add' 'tmp_19' <Predicate = true> <Delay = 1.77> <Core = "AddSub">   --->   Core 14 'AddSub' <Latency = 0> <II = 1> <Delay = 1.73> <FuncUnit> <Opcode : 'add' 'sub'> <InPorts = 2> <OutPorts = 1>
ST_7 : Operation 113 [1/1] (0.00ns)   --->   "%tmp_55_cast = sext i12 %tmp_19 to i13" [sample.c:85]   --->   Operation 113 'sext' 'tmp_55_cast' <Predicate = true> <Delay = 0.00>
ST_7 : Operation 114 [1/1] (1.77ns)   --->   "%sum10 = add i13 508, %tmp_55_cast" [sample.c:85]   --->   Operation 114 'add' 'sum10' <Predicate = true> <Delay = 1.77> <Core = "AddSub">   --->   Core 14 'AddSub' <Latency = 0> <II = 1> <Delay = 1.73> <FuncUnit> <Opcode : 'add' 'sub'> <InPorts = 2> <OutPorts = 1>
ST_7 : Operation 115 [1/1] (0.00ns)   --->   "%sum10_cast = zext i13 %sum10 to i64" [sample.c:85]   --->   Operation 115 'zext' 'sum10_cast' <Predicate = true> <Delay = 0.00>
ST_7 : Operation 116 [1/1] (0.00ns)   --->   "%u_addr_10 = getelementptr [2413 x i8]* %u, i64 0, i64 %sum10_cast" [sample.c:85]   --->   Operation 116 'getelementptr' 'u_addr_10' <Predicate = true> <Delay = 0.00>
ST_7 : Operation 117 [2/2] (2.77ns)   --->   "%u_load_10 = load i8* %u_addr_10, align 1" [sample.c:85]   --->   Operation 117 'load' 'u_load_10' <Predicate = true> <Delay = 2.77> <Core = "RAM">   --->   Core 37 'RAM' <Latency = 1> <II = 1> <Delay = 2.77> <Storage> <Opcode : 'load' 'store'> <Ports = 2> <Width = 16> <Depth = 509> <RAM>
ST_7 : Operation 118 [1/1] (1.77ns)   --->   "%tmp_20 = add i12 11, %tmp" [sample.c:85]   --->   Operation 118 'add' 'tmp_20' <Predicate = true> <Delay = 1.77> <Core = "AddSub">   --->   Core 14 'AddSub' <Latency = 0> <II = 1> <Delay = 1.73> <FuncUnit> <Opcode : 'add' 'sub'> <InPorts = 2> <OutPorts = 1>
ST_7 : Operation 119 [1/1] (0.00ns)   --->   "%tmp_59_cast = sext i12 %tmp_20 to i13" [sample.c:85]   --->   Operation 119 'sext' 'tmp_59_cast' <Predicate = true> <Delay = 0.00>
ST_7 : Operation 120 [1/1] (1.77ns)   --->   "%sum11 = add i13 508, %tmp_59_cast" [sample.c:85]   --->   Operation 120 'add' 'sum11' <Predicate = true> <Delay = 1.77> <Core = "AddSub">   --->   Core 14 'AddSub' <Latency = 0> <II = 1> <Delay = 1.73> <FuncUnit> <Opcode : 'add' 'sub'> <InPorts = 2> <OutPorts = 1>
ST_7 : Operation 121 [1/1] (0.00ns)   --->   "%sum11_cast = zext i13 %sum11 to i64" [sample.c:85]   --->   Operation 121 'zext' 'sum11_cast' <Predicate = true> <Delay = 0.00>
ST_7 : Operation 122 [1/1] (0.00ns)   --->   "%u_addr_11 = getelementptr [2413 x i8]* %u, i64 0, i64 %sum11_cast" [sample.c:85]   --->   Operation 122 'getelementptr' 'u_addr_11' <Predicate = true> <Delay = 0.00>
ST_7 : Operation 123 [2/2] (2.77ns)   --->   "%u_load_11 = load i8* %u_addr_11, align 1" [sample.c:85]   --->   Operation 123 'load' 'u_load_11' <Predicate = true> <Delay = 2.77> <Core = "RAM">   --->   Core 37 'RAM' <Latency = 1> <II = 1> <Delay = 2.77> <Storage> <Opcode : 'load' 'store'> <Ports = 2> <Width = 16> <Depth = 509> <RAM>

State 8 <SV = 7> <Delay = 6.33>
ST_8 : Operation 124 [1/2] (2.77ns)   --->   "%u_load_10 = load i8* %u_addr_10, align 1" [sample.c:85]   --->   Operation 124 'load' 'u_load_10' <Predicate = true> <Delay = 2.77> <Core = "RAM">   --->   Core 37 'RAM' <Latency = 1> <II = 1> <Delay = 2.77> <Storage> <Opcode : 'load' 'store'> <Ports = 2> <Width = 16> <Depth = 509> <RAM>
ST_8 : Operation 125 [1/2] (2.77ns)   --->   "%u_load_11 = load i8* %u_addr_11, align 1" [sample.c:85]   --->   Operation 125 'load' 'u_load_11' <Predicate = true> <Delay = 2.77> <Core = "RAM">   --->   Core 37 'RAM' <Latency = 1> <II = 1> <Delay = 2.77> <Storage> <Opcode : 'load' 'store'> <Ports = 2> <Width = 16> <Depth = 509> <RAM>
ST_8 : Operation 126 [1/1] (0.00ns)   --->   "%tmp_21 = trunc i8 %u_load_11 to i2" [sample.c:85]   --->   Operation 126 'trunc' 'tmp_21' <Predicate = true> <Delay = 0.00>
ST_8 : Operation 127 [1/1] (0.00ns)   --->   "%tmp_22 = call i32 @_ssdm_op_BitConcatenate.i32.i2.i8.i8.i8.i4.i2(i2 %tmp_21, i8 %u_load_10, i8 %u_load_9, i8 %u_load_8, i4 %tmp_16, i2 0)" [sample.c:85]   --->   Operation 127 'bitconcatenate' 'tmp_22' <Predicate = true> <Delay = 0.00>
ST_8 : Operation 128 [1/1] (0.00ns)   --->   "%tmp_23 = or i9 %tmp_8, 2" [sample.c:85]   --->   Operation 128 'or' 'tmp_23' <Predicate = true> <Delay = 0.00>
ST_8 : Operation 129 [1/1] (0.00ns)   --->   "%tmp_24 = zext i9 %tmp_23 to i64" [sample.c:85]   --->   Operation 129 'zext' 'tmp_24' <Predicate = true> <Delay = 0.00>
ST_8 : Operation 130 [1/1] (0.00ns)   --->   "%s_addr_2 = getelementptr inbounds [508 x i32]* %s, i64 0, i64 %tmp_24" [sample.c:85]   --->   Operation 130 'getelementptr' 's_addr_2' <Predicate = true> <Delay = 0.00>
ST_8 : Operation 131 [1/1] (2.77ns)   --->   "store i32 %tmp_22, i32* %s_addr_2, align 8" [sample.c:85]   --->   Operation 131 'store' <Predicate = true> <Delay = 2.77> <Core = "RAM">   --->   Core 37 'RAM' <Latency = 1> <II = 1> <Delay = 2.77> <Storage> <Opcode : 'load' 'store'> <Ports = 2> <Width = 16> <Depth = 509> <RAM>
ST_8 : Operation 132 [1/1] (0.00ns)   --->   "%tmp_25 = call i6 @_ssdm_op_PartSelect.i6.i8.i32.i32(i8 %u_load_11, i32 2, i32 7)" [sample.c:85]   --->   Operation 132 'partselect' 'tmp_25' <Predicate = true> <Delay = 0.00>
ST_8 : Operation 133 [1/1] (1.77ns)   --->   "%tmp_26 = add i12 12, %tmp" [sample.c:86]   --->   Operation 133 'add' 'tmp_26' <Predicate = true> <Delay = 1.77> <Core = "AddSub">   --->   Core 14 'AddSub' <Latency = 0> <II = 1> <Delay = 1.73> <FuncUnit> <Opcode : 'add' 'sub'> <InPorts = 2> <OutPorts = 1>
ST_8 : Operation 134 [1/1] (0.00ns)   --->   "%tmp_70_cast = sext i12 %tmp_26 to i13" [sample.c:86]   --->   Operation 134 'sext' 'tmp_70_cast' <Predicate = true> <Delay = 0.00>
ST_8 : Operation 135 [1/1] (1.77ns)   --->   "%sum12 = add i13 508, %tmp_70_cast" [sample.c:86]   --->   Operation 135 'add' 'sum12' <Predicate = true> <Delay = 1.77> <Core = "AddSub">   --->   Core 14 'AddSub' <Latency = 0> <II = 1> <Delay = 1.73> <FuncUnit> <Opcode : 'add' 'sub'> <InPorts = 2> <OutPorts = 1>
ST_8 : Operation 136 [1/1] (0.00ns)   --->   "%sum12_cast = zext i13 %sum12 to i64" [sample.c:86]   --->   Operation 136 'zext' 'sum12_cast' <Predicate = true> <Delay = 0.00>
ST_8 : Operation 137 [1/1] (0.00ns)   --->   "%u_addr_12 = getelementptr [2413 x i8]* %u, i64 0, i64 %sum12_cast" [sample.c:86]   --->   Operation 137 'getelementptr' 'u_addr_12' <Predicate = true> <Delay = 0.00>
ST_8 : Operation 138 [2/2] (2.77ns)   --->   "%u_load_12 = load i8* %u_addr_12, align 1" [sample.c:86]   --->   Operation 138 'load' 'u_load_12' <Predicate = true> <Delay = 2.77> <Core = "RAM">   --->   Core 37 'RAM' <Latency = 1> <II = 1> <Delay = 2.77> <Storage> <Opcode : 'load' 'store'> <Ports = 2> <Width = 16> <Depth = 509> <RAM>

State 9 <SV = 8> <Delay = 6.33>
ST_9 : Operation 139 [1/2] (2.77ns)   --->   "%u_load_12 = load i8* %u_addr_12, align 1" [sample.c:86]   --->   Operation 139 'load' 'u_load_12' <Predicate = true> <Delay = 2.77> <Core = "RAM">   --->   Core 37 'RAM' <Latency = 1> <II = 1> <Delay = 2.77> <Storage> <Opcode : 'load' 'store'> <Ports = 2> <Width = 16> <Depth = 509> <RAM>
ST_9 : Operation 140 [1/1] (1.77ns)   --->   "%tmp_28 = add i12 13, %tmp" [sample.c:86]   --->   Operation 140 'add' 'tmp_28' <Predicate = true> <Delay = 1.77> <Core = "AddSub">   --->   Core 14 'AddSub' <Latency = 0> <II = 1> <Delay = 1.73> <FuncUnit> <Opcode : 'add' 'sub'> <InPorts = 2> <OutPorts = 1>
ST_9 : Operation 141 [1/1] (0.00ns)   --->   "%tmp_75_cast = sext i12 %tmp_28 to i13" [sample.c:86]   --->   Operation 141 'sext' 'tmp_75_cast' <Predicate = true> <Delay = 0.00>
ST_9 : Operation 142 [1/1] (1.77ns)   --->   "%sum13 = add i13 508, %tmp_75_cast" [sample.c:86]   --->   Operation 142 'add' 'sum13' <Predicate = true> <Delay = 1.77> <Core = "AddSub">   --->   Core 14 'AddSub' <Latency = 0> <II = 1> <Delay = 1.73> <FuncUnit> <Opcode : 'add' 'sub'> <InPorts = 2> <OutPorts = 1>
ST_9 : Operation 143 [1/1] (0.00ns)   --->   "%sum13_cast = zext i13 %sum13 to i64" [sample.c:86]   --->   Operation 143 'zext' 'sum13_cast' <Predicate = true> <Delay = 0.00>
ST_9 : Operation 144 [1/1] (0.00ns)   --->   "%u_addr_13 = getelementptr [2413 x i8]* %u, i64 0, i64 %sum13_cast" [sample.c:86]   --->   Operation 144 'getelementptr' 'u_addr_13' <Predicate = true> <Delay = 0.00>
ST_9 : Operation 145 [2/2] (2.77ns)   --->   "%u_load_13 = load i8* %u_addr_13, align 1" [sample.c:86]   --->   Operation 145 'load' 'u_load_13' <Predicate = true> <Delay = 2.77> <Core = "RAM">   --->   Core 37 'RAM' <Latency = 1> <II = 1> <Delay = 2.77> <Storage> <Opcode : 'load' 'store'> <Ports = 2> <Width = 16> <Depth = 509> <RAM>
ST_9 : Operation 146 [1/1] (1.77ns)   --->   "%tmp_29 = add i12 14, %tmp" [sample.c:86]   --->   Operation 146 'add' 'tmp_29' <Predicate = true> <Delay = 1.77> <Core = "AddSub">   --->   Core 14 'AddSub' <Latency = 0> <II = 1> <Delay = 1.73> <FuncUnit> <Opcode : 'add' 'sub'> <InPorts = 2> <OutPorts = 1>
ST_9 : Operation 147 [1/1] (0.00ns)   --->   "%tmp_79_cast = sext i12 %tmp_29 to i13" [sample.c:86]   --->   Operation 147 'sext' 'tmp_79_cast' <Predicate = true> <Delay = 0.00>
ST_9 : Operation 148 [1/1] (1.77ns)   --->   "%sum14 = add i13 508, %tmp_79_cast" [sample.c:86]   --->   Operation 148 'add' 'sum14' <Predicate = true> <Delay = 1.77> <Core = "AddSub">   --->   Core 14 'AddSub' <Latency = 0> <II = 1> <Delay = 1.73> <FuncUnit> <Opcode : 'add' 'sub'> <InPorts = 2> <OutPorts = 1>
ST_9 : Operation 149 [1/1] (0.00ns)   --->   "%sum14_cast = zext i13 %sum14 to i64" [sample.c:86]   --->   Operation 149 'zext' 'sum14_cast' <Predicate = true> <Delay = 0.00>
ST_9 : Operation 150 [1/1] (0.00ns)   --->   "%u_addr_14 = getelementptr [2413 x i8]* %u, i64 0, i64 %sum14_cast" [sample.c:86]   --->   Operation 150 'getelementptr' 'u_addr_14' <Predicate = true> <Delay = 0.00>
ST_9 : Operation 151 [2/2] (2.77ns)   --->   "%u_load_14 = load i8* %u_addr_14, align 1" [sample.c:86]   --->   Operation 151 'load' 'u_load_14' <Predicate = true> <Delay = 2.77> <Core = "RAM">   --->   Core 37 'RAM' <Latency = 1> <II = 1> <Delay = 2.77> <Storage> <Opcode : 'load' 'store'> <Ports = 2> <Width = 16> <Depth = 509> <RAM>

State 10 <SV = 9> <Delay = 7.72>
ST_10 : Operation 152 [1/1] (0.00ns)   --->   "%tmp_27 = call i16 @_ssdm_op_BitConcatenate.i16.i8.i6.i2(i8 %u_load_12, i6 %tmp_25, i2 0)" [sample.c:86]   --->   Operation 152 'bitconcatenate' 'tmp_27' <Predicate = true> <Delay = 0.00>
ST_10 : Operation 153 [1/1] (0.00ns)   --->   "%tmp_73_cast = zext i16 %tmp_27 to i32" [sample.c:86]   --->   Operation 153 'zext' 'tmp_73_cast' <Predicate = true> <Delay = 0.00>
ST_10 : Operation 154 [1/2] (2.77ns)   --->   "%u_load_13 = load i8* %u_addr_13, align 1" [sample.c:86]   --->   Operation 154 'load' 'u_load_13' <Predicate = true> <Delay = 2.77> <Core = "RAM">   --->   Core 37 'RAM' <Latency = 1> <II = 1> <Delay = 2.77> <Storage> <Opcode : 'load' 'store'> <Ports = 2> <Width = 16> <Depth = 509> <RAM>
ST_10 : Operation 155 [1/2] (2.77ns)   --->   "%u_load_14 = load i8* %u_addr_14, align 1" [sample.c:86]   --->   Operation 155 'load' 'u_load_14' <Predicate = true> <Delay = 2.77> <Core = "RAM">   --->   Core 37 'RAM' <Latency = 1> <II = 1> <Delay = 2.77> <Storage> <Opcode : 'load' 'store'> <Ports = 2> <Width = 16> <Depth = 509> <RAM>
ST_10 : Operation 156 [1/1] (0.00ns)   --->   "%tmp9 = call i32 @_ssdm_op_BitConcatenate.i32.i8.i1.i8.i15(i8 %u_load_14, i1 false, i8 %u_load_13, i15 0)" [sample.c:86]   --->   Operation 156 'bitconcatenate' 'tmp9' <Predicate = true> <Delay = 0.00>
ST_10 : Operation 157 [1/1] (2.18ns)   --->   "%tmp_30 = add i32 %tmp_73_cast, %tmp9" [sample.c:86]   --->   Operation 157 'add' 'tmp_30' <Predicate = true> <Delay = 2.18> <Core = "AddSub">   --->   Core 14 'AddSub' <Latency = 0> <II = 1> <Delay = 1.73> <FuncUnit> <Opcode : 'add' 'sub'> <InPorts = 2> <OutPorts = 1>
ST_10 : Operation 158 [1/1] (0.00ns)   --->   "%tmp_31 = or i9 %tmp_8, 3" [sample.c:86]   --->   Operation 158 'or' 'tmp_31' <Predicate = true> <Delay = 0.00>
ST_10 : Operation 159 [1/1] (0.00ns)   --->   "%tmp_32 = zext i9 %tmp_31 to i64" [sample.c:86]   --->   Operation 159 'zext' 'tmp_32' <Predicate = true> <Delay = 0.00>
ST_10 : Operation 160 [1/1] (0.00ns)   --->   "%s_addr_3 = getelementptr inbounds [508 x i32]* %s, i64 0, i64 %tmp_32" [sample.c:86]   --->   Operation 160 'getelementptr' 's_addr_3' <Predicate = true> <Delay = 0.00>
ST_10 : Operation 161 [1/1] (2.77ns)   --->   "store i32 %tmp_30, i32* %s_addr_3, align 4" [sample.c:86]   --->   Operation 161 'store' <Predicate = true> <Delay = 2.77> <Core = "RAM">   --->   Core 37 'RAM' <Latency = 1> <II = 1> <Delay = 2.77> <Storage> <Opcode : 'load' 'store'> <Ports = 2> <Width = 16> <Depth = 509> <RAM>
ST_10 : Operation 162 [1/1] (0.00ns)   --->   "br label %1" [sample.c:81]   --->   Operation 162 'br' <Predicate = true> <Delay = 0.00>

State 11 <SV = 2> <Delay = 2.77>
ST_11 : Operation 163 [1/1] (0.00ns)   --->   "%i_1 = phi i7 [ %i_5, %3 ], [ 0, %.preheader4.preheader ]"   --->   Operation 163 'phi' 'i_1' <Predicate = true> <Delay = 0.00>
ST_11 : Operation 164 [1/1] (1.23ns)   --->   "%exitcond2 = icmp eq i7 %i_1, -1" [sample.c:94]   --->   Operation 164 'icmp' 'exitcond2' <Predicate = true> <Delay = 1.23> <Core = "Cmp">   --->   Core 25 'Cmp' <Latency = 0> <II = 1> <Delay = 1.34> <FuncUnit> <Opcode : 'icmp'> <InPorts = 2> <OutPorts = 1>
ST_11 : Operation 165 [1/1] (0.00ns)   --->   "%empty_25 = call i32 (...)* @_ssdm_op_SpecLoopTripCount(i64 127, i64 127, i64 127)"   --->   Operation 165 'speclooptripcount' 'empty_25' <Predicate = true> <Delay = 0.00>
ST_11 : Operation 166 [1/1] (1.66ns)   --->   "%i_5 = add i7 %i_1, 1" [sample.c:94]   --->   Operation 166 'add' 'i_5' <Predicate = true> <Delay = 1.66> <Core = "AddSub">   --->   Core 14 'AddSub' <Latency = 0> <II = 1> <Delay = 1.73> <FuncUnit> <Opcode : 'add' 'sub'> <InPorts = 2> <OutPorts = 1>
ST_11 : Operation 167 [1/1] (0.00ns)   --->   "br i1 %exitcond2, label %.preheader.preheader, label %3" [sample.c:94]   --->   Operation 167 'br' <Predicate = true> <Delay = 0.00>
ST_11 : Operation 168 [1/1] (0.00ns)   --->   "%tmp_33 = zext i7 %i_1 to i64" [sample.c:94]   --->   Operation 168 'zext' 'tmp_33' <Predicate = (!exitcond2)> <Delay = 0.00>
ST_11 : Operation 169 [1/1] (0.00ns)   --->   "%s_addr_4 = getelementptr inbounds [508 x i32]* %s, i64 0, i64 %tmp_33" [sample.c:94]   --->   Operation 169 'getelementptr' 's_addr_4' <Predicate = (!exitcond2)> <Delay = 0.00>
ST_11 : Operation 170 [2/2] (2.77ns)   --->   "%s_load = load i32* %s_addr_4, align 4" [sample.c:94]   --->   Operation 170 'load' 's_load' <Predicate = (!exitcond2)> <Delay = 2.77> <Core = "RAM">   --->   Core 37 'RAM' <Latency = 1> <II = 1> <Delay = 2.77> <Storage> <Opcode : 'load' 'store'> <Ports = 2> <Width = 16> <Depth = 509> <RAM>
ST_11 : Operation 171 [1/1] (1.35ns)   --->   "br label %.preheader" [sample.c:96]   --->   Operation 171 'br' <Predicate = (exitcond2)> <Delay = 1.35>

State 12 <SV = 3> <Delay = 5.54>
ST_12 : Operation 172 [1/2] (2.77ns)   --->   "%s_load = load i32* %s_addr_4, align 4" [sample.c:94]   --->   Operation 172 'load' 's_load' <Predicate = true> <Delay = 2.77> <Core = "RAM">   --->   Core 37 'RAM' <Latency = 1> <II = 1> <Delay = 2.77> <Storage> <Opcode : 'load' 'store'> <Ports = 2> <Width = 16> <Depth = 509> <RAM>
ST_12 : Operation 173 [1/1] (0.00ns)   --->   "%tmp_34 = or i32 %s_load, 1" [sample.c:94]   --->   Operation 173 'or' 'tmp_34' <Predicate = true> <Delay = 0.00>
ST_12 : Operation 174 [1/1] (2.77ns)   --->   "store i32 %tmp_34, i32* %s_addr_4, align 4" [sample.c:94]   --->   Operation 174 'store' <Predicate = true> <Delay = 2.77> <Core = "RAM">   --->   Core 37 'RAM' <Latency = 1> <II = 1> <Delay = 2.77> <Storage> <Opcode : 'load' 'store'> <Ports = 2> <Width = 16> <Depth = 509> <RAM>
ST_12 : Operation 175 [1/1] (0.00ns)   --->   "br label %.preheader4" [sample.c:94]   --->   Operation 175 'br' <Predicate = true> <Delay = 0.00>

State 13 <SV = 3> <Delay = 2.77>
ST_13 : Operation 176 [1/1] (0.00ns)   --->   "%i_2 = phi i8 [ %i_6, %4 ], [ 127, %.preheader.preheader ]"   --->   Operation 176 'phi' 'i_2' <Predicate = true> <Delay = 0.00>
ST_13 : Operation 177 [1/1] (1.24ns)   --->   "%exitcond1 = icmp eq i8 %i_2, -2" [sample.c:96]   --->   Operation 177 'icmp' 'exitcond1' <Predicate = true> <Delay = 1.24> <Core = "Cmp">   --->   Core 25 'Cmp' <Latency = 0> <II = 1> <Delay = 1.34> <FuncUnit> <Opcode : 'icmp'> <InPorts = 2> <OutPorts = 1>
ST_13 : Operation 178 [1/1] (0.00ns)   --->   "%empty_26 = call i32 (...)* @_ssdm_op_SpecLoopTripCount(i64 127, i64 127, i64 127)"   --->   Operation 178 'speclooptripcount' 'empty_26' <Predicate = true> <Delay = 0.00>
ST_13 : Operation 179 [1/1] (0.00ns)   --->   "br i1 %exitcond1, label %5, label %4" [sample.c:96]   --->   Operation 179 'br' <Predicate = true> <Delay = 0.00>
ST_13 : Operation 180 [1/1] (0.00ns)   --->   "%tmp_35 = zext i8 %i_2 to i64" [sample.c:96]   --->   Operation 180 'zext' 'tmp_35' <Predicate = (!exitcond1)> <Delay = 0.00>
ST_13 : Operation 181 [1/1] (0.00ns)   --->   "%s_addr_5 = getelementptr inbounds [508 x i32]* %s, i64 0, i64 %tmp_35" [sample.c:96]   --->   Operation 181 'getelementptr' 's_addr_5' <Predicate = (!exitcond1)> <Delay = 0.00>
ST_13 : Operation 182 [2/2] (2.77ns)   --->   "%s_load_1 = load i32* %s_addr_5, align 4" [sample.c:96]   --->   Operation 182 'load' 's_load_1' <Predicate = (!exitcond1)> <Delay = 2.77> <Core = "RAM">   --->   Core 37 'RAM' <Latency = 1> <II = 1> <Delay = 2.77> <Storage> <Opcode : 'load' 'store'> <Ports = 2> <Width = 16> <Depth = 509> <RAM>
ST_13 : Operation 183 [1/1] (1.71ns)   --->   "%i_6 = add i8 %i_2, 1" [sample.c:96]   --->   Operation 183 'add' 'i_6' <Predicate = (!exitcond1)> <Delay = 1.71> <Core = "AddSub">   --->   Core 14 'AddSub' <Latency = 0> <II = 1> <Delay = 1.73> <FuncUnit> <Opcode : 'add' 'sub'> <InPorts = 2> <OutPorts = 1>
ST_13 : Operation 184 [2/2] (0.00ns)   --->   "call fastcc void @crypto_sort([508 x i32]* %s)" [sample.c:98]   --->   Operation 184 'call' <Predicate = (exitcond1)> <Delay = 0.00> <CoreType = "Generic">   --->   Core 0 '' <Latency = 0> <II = 1> <Delay = 1.00> <Generic> <Opcode : >

State 14 <SV = 4> <Delay = 5.54>
ST_14 : Operation 185 [1/2] (2.77ns)   --->   "%s_load_1 = load i32* %s_addr_5, align 4" [sample.c:96]   --->   Operation 185 'load' 's_load_1' <Predicate = true> <Delay = 2.77> <Core = "RAM">   --->   Core 37 'RAM' <Latency = 1> <II = 1> <Delay = 2.77> <Storage> <Opcode : 'load' 'store'> <Ports = 2> <Width = 16> <Depth = 509> <RAM>
ST_14 : Operation 186 [1/1] (0.00ns)   --->   "%tmp_36 = or i32 %s_load_1, 2" [sample.c:96]   --->   Operation 186 'or' 'tmp_36' <Predicate = true> <Delay = 0.00>
ST_14 : Operation 187 [1/1] (2.77ns)   --->   "store i32 %tmp_36, i32* %s_addr_5, align 4" [sample.c:96]   --->   Operation 187 'store' <Predicate = true> <Delay = 2.77> <Core = "RAM">   --->   Core 37 'RAM' <Latency = 1> <II = 1> <Delay = 2.77> <Storage> <Opcode : 'load' 'store'> <Ports = 2> <Width = 16> <Depth = 509> <RAM>
ST_14 : Operation 188 [1/1] (0.00ns)   --->   "br label %.preheader" [sample.c:96]   --->   Operation 188 'br' <Predicate = true> <Delay = 0.00>

State 15 <SV = 4> <Delay = 1.35>
ST_15 : Operation 189 [1/2] (0.00ns)   --->   "call fastcc void @crypto_sort([508 x i32]* %s)" [sample.c:98]   --->   Operation 189 'call' <Predicate = true> <Delay = 0.00> <CoreType = "Generic">   --->   Core 0 '' <Latency = 0> <II = 1> <Delay = 1.00> <Generic> <Opcode : >
ST_15 : Operation 190 [1/1] (1.35ns)   --->   "br label %6" [sample.c:100]   --->   Operation 190 'br' <Predicate = true> <Delay = 1.35>

State 16 <SV = 5> <Delay = 2.77>
ST_16 : Operation 191 [1/1] (0.00ns)   --->   "%i_3 = phi i9 [ 0, %5 ], [ %i_7, %7 ]"   --->   Operation 191 'phi' 'i_3' <Predicate = true> <Delay = 0.00>
ST_16 : Operation 192 [1/1] (1.34ns)   --->   "%exitcond = icmp eq i9 %i_3, -4" [sample.c:100]   --->   Operation 192 'icmp' 'exitcond' <Predicate = true> <Delay = 1.34> <Core = "Cmp">   --->   Core 25 'Cmp' <Latency = 0> <II = 1> <Delay = 1.34> <FuncUnit> <Opcode : 'icmp'> <InPorts = 2> <OutPorts = 1>
ST_16 : Operation 193 [1/1] (0.00ns)   --->   "%empty_27 = call i32 (...)* @_ssdm_op_SpecLoopTripCount(i64 508, i64 508, i64 508)"   --->   Operation 193 'speclooptripcount' 'empty_27' <Predicate = true> <Delay = 0.00>
ST_16 : Operation 194 [1/1] (1.73ns)   --->   "%i_7 = add i9 %i_3, 1" [sample.c:100]   --->   Operation 194 'add' 'i_7' <Predicate = true> <Delay = 1.73> <Core = "AddSub">   --->   Core 14 'AddSub' <Latency = 0> <II = 1> <Delay = 1.73> <FuncUnit> <Opcode : 'add' 'sub'> <InPorts = 2> <OutPorts = 1>
ST_16 : Operation 195 [1/1] (0.00ns)   --->   "br i1 %exitcond, label %8, label %7" [sample.c:100]   --->   Operation 195 'br' <Predicate = true> <Delay = 0.00>
ST_16 : Operation 196 [1/1] (0.00ns)   --->   "%tmp_37 = zext i9 %i_3 to i64" [sample.c:101]   --->   Operation 196 'zext' 'tmp_37' <Predicate = (!exitcond)> <Delay = 0.00>
ST_16 : Operation 197 [1/1] (0.00ns)   --->   "%s_addr_6 = getelementptr inbounds [508 x i32]* %s, i64 0, i64 %tmp_37" [sample.c:101]   --->   Operation 197 'getelementptr' 's_addr_6' <Predicate = (!exitcond)> <Delay = 0.00>
ST_16 : Operation 198 [2/2] (2.77ns)   --->   "%s_load_2 = load i32* %s_addr_6, align 4" [sample.c:101]   --->   Operation 198 'load' 's_load_2' <Predicate = (!exitcond)> <Delay = 2.77> <Core = "RAM">   --->   Core 37 'RAM' <Latency = 1> <II = 1> <Delay = 2.77> <Storage> <Opcode : 'load' 'store'> <Ports = 2> <Width = 16> <Depth = 509> <RAM>
ST_16 : Operation 199 [1/1] (0.00ns)   --->   "%r_coeffs_addr = getelementptr [509 x i16]* %r_coeffs, i64 0, i64 508" [sample.c:103]   --->   Operation 199 'getelementptr' 'r_coeffs_addr' <Predicate = (exitcond)> <Delay = 0.00>
ST_16 : Operation 200 [1/1] (2.77ns)   --->   "store i16 0, i16* %r_coeffs_addr, align 2" [sample.c:103]   --->   Operation 200 'store' <Predicate = (exitcond)> <Delay = 2.77> <Core = "RAM">   --->   Core 37 'RAM' <Latency = 1> <II = 1> <Delay = 2.77> <Storage> <Opcode : 'load' 'store'> <Ports = 2> <Width = 16> <Depth = 509> <RAM>
ST_16 : Operation 201 [1/1] (0.00ns)   --->   "ret void" [sample.c:104]   --->   Operation 201 'ret' <Predicate = (exitcond)> <Delay = 0.00>

State 17 <SV = 6> <Delay = 5.54>
ST_17 : Operation 202 [1/2] (2.77ns)   --->   "%s_load_2 = load i32* %s_addr_6, align 4" [sample.c:101]   --->   Operation 202 'load' 's_load_2' <Predicate = true> <Delay = 2.77> <Core = "RAM">   --->   Core 37 'RAM' <Latency = 1> <II = 1> <Delay = 2.77> <Storage> <Opcode : 'load' 'store'> <Ports = 2> <Width = 16> <Depth = 509> <RAM>
ST_17 : Operation 203 [1/1] (0.00ns)   --->   "%tmp_38 = trunc i32 %s_load_2 to i2" [sample.c:101]   --->   Operation 203 'trunc' 'tmp_38' <Predicate = true> <Delay = 0.00>
ST_17 : Operation 204 [1/1] (0.00ns)   --->   "%tmp_92_cast = zext i2 %tmp_38 to i16" [sample.c:101]   --->   Operation 204 'zext' 'tmp_92_cast' <Predicate = true> <Delay = 0.00>
ST_17 : Operation 205 [1/1] (0.00ns)   --->   "%r_coeffs_addr_1 = getelementptr [509 x i16]* %r_coeffs, i64 0, i64 %tmp_37" [sample.c:101]   --->   Operation 205 'getelementptr' 'r_coeffs_addr_1' <Predicate = true> <Delay = 0.00>
ST_17 : Operation 206 [1/1] (2.77ns)   --->   "store i16 %tmp_92_cast, i16* %r_coeffs_addr_1, align 2" [sample.c:101]   --->   Operation 206 'store' <Predicate = true> <Delay = 2.77> <Core = "RAM">   --->   Core 37 'RAM' <Latency = 1> <II = 1> <Delay = 2.77> <Storage> <Opcode : 'load' 'store'> <Ports = 2> <Width = 16> <Depth = 509> <RAM>
ST_17 : Operation 207 [1/1] (0.00ns)   --->   "br label %6" [sample.c:100]   --->   Operation 207 'br' <Predicate = true> <Delay = 0.00>


============================================================
+ Verbose Summary: Timing violations
============================================================
Target clock period: 10ns, clock uncertainty: 1.25ns.

 <State 1>: 1.35ns
The critical path consists of the following:
	multiplexor before 'phi' operation ('i') with incoming values : ('i', sample.c:81) [6]  (1.35 ns)

 <State 2>: 8.1ns
The critical path consists of the following:
	'phi' operation ('i') with incoming values : ('i', sample.c:81) [6]  (0 ns)
	'sub' operation ('tmp', sample.c:83) [15]  (1.76 ns)
	'add' operation ('tmp_3', sample.c:83) [20]  (1.78 ns)
	'add' operation ('sum2', sample.c:83) [22]  (1.78 ns)
	'getelementptr' operation ('u_addr_1', sample.c:83) [24]  (0 ns)
	'load' operation ('u_load_1', sample.c:83) on array 'u' [25]  (2.77 ns)

 <State 3>: 6.33ns
The critical path consists of the following:
	'add' operation ('tmp_7', sample.c:83) [26]  (1.78 ns)
	'add' operation ('sum6', sample.c:83) [28]  (1.78 ns)
	'getelementptr' operation ('u_addr_2', sample.c:83) [30]  (0 ns)
	'load' operation ('u_load_2', sample.c:83) on array 'u' [31]  (2.77 ns)

 <State 4>: 6.33ns
The critical path consists of the following:
	'add' operation ('tmp_s', sample.c:84) [45]  (1.78 ns)
	'add' operation ('sum1', sample.c:84) [47]  (1.78 ns)
	'getelementptr' operation ('u_addr_4', sample.c:84) [49]  (0 ns)
	'load' operation ('u_load_4', sample.c:84) on array 'u' [50]  (2.77 ns)

 <State 5>: 6.33ns
The critical path consists of the following:
	'add' operation ('tmp_10', sample.c:84) [57]  (1.78 ns)
	'add' operation ('sum4', sample.c:84) [59]  (1.78 ns)
	'getelementptr' operation ('u_addr_6', sample.c:84) [61]  (0 ns)
	'load' operation ('u_load_6', sample.c:84) on array 'u' [62]  (2.77 ns)

 <State 6>: 6.33ns
The critical path consists of the following:
	'add' operation ('tmp_17', sample.c:85) [76]  (1.78 ns)
	'add' operation ('sum7', sample.c:85) [78]  (1.78 ns)
	'getelementptr' operation ('u_addr_8', sample.c:85) [80]  (0 ns)
	'load' operation ('u_load_8', sample.c:85) on array 'u' [81]  (2.77 ns)

 <State 7>: 6.33ns
The critical path consists of the following:
	'add' operation ('tmp_19', sample.c:85) [88]  (1.78 ns)
	'add' operation ('sum10', sample.c:85) [90]  (1.78 ns)
	'getelementptr' operation ('u_addr_10', sample.c:85) [92]  (0 ns)
	'load' operation ('u_load_10', sample.c:85) on array 'u' [93]  (2.77 ns)

 <State 8>: 6.33ns
The critical path consists of the following:
	'add' operation ('tmp_26', sample.c:86) [107]  (1.78 ns)
	'add' operation ('sum12', sample.c:86) [109]  (1.78 ns)
	'getelementptr' operation ('u_addr_12', sample.c:86) [111]  (0 ns)
	'load' operation ('u_load_12', sample.c:86) on array 'u' [112]  (2.77 ns)

 <State 9>: 6.33ns
The critical path consists of the following:
	'add' operation ('tmp_28', sample.c:86) [115]  (1.78 ns)
	'add' operation ('sum13', sample.c:86) [117]  (1.78 ns)
	'getelementptr' operation ('u_addr_13', sample.c:86) [119]  (0 ns)
	'load' operation ('u_load_13', sample.c:86) on array 'u' [120]  (2.77 ns)

 <State 10>: 7.72ns
The critical path consists of the following:
	'load' operation ('u_load_13', sample.c:86) on array 'u' [120]  (2.77 ns)
	'add' operation ('tmp_30', sample.c:86) [128]  (2.18 ns)
	'store' operation (sample.c:86) of variable 'tmp_30', sample.c:86 on array 's', sample.c:77 [132]  (2.77 ns)

 <State 11>: 2.77ns
The critical path consists of the following:
	'phi' operation ('i') with incoming values : ('i', sample.c:94) [137]  (0 ns)
	'getelementptr' operation ('s_addr_4', sample.c:94) [144]  (0 ns)
	'load' operation ('s_load', sample.c:94) on array 's', sample.c:77 [145]  (2.77 ns)

 <State 12>: 5.54ns
The critical path consists of the following:
	'load' operation ('s_load', sample.c:94) on array 's', sample.c:77 [145]  (2.77 ns)
	'or' operation ('tmp_34', sample.c:94) [146]  (0 ns)
	'store' operation (sample.c:94) of variable 'tmp_34', sample.c:94 on array 's', sample.c:77 [147]  (2.77 ns)

 <State 13>: 2.77ns
The critical path consists of the following:
	'phi' operation ('i') with incoming values : ('i', sample.c:96) [152]  (0 ns)
	'getelementptr' operation ('s_addr_5', sample.c:96) [158]  (0 ns)
	'load' operation ('s_load_1', sample.c:96) on array 's', sample.c:77 [159]  (2.77 ns)

 <State 14>: 5.54ns
The critical path consists of the following:
	'load' operation ('s_load_1', sample.c:96) on array 's', sample.c:77 [159]  (2.77 ns)
	'or' operation ('tmp_36', sample.c:96) [160]  (0 ns)
	'store' operation (sample.c:96) of variable 'tmp_36', sample.c:96 on array 's', sample.c:77 [161]  (2.77 ns)

 <State 15>: 1.35ns
The critical path consists of the following:
	multiplexor before 'phi' operation ('i') with incoming values : ('i', sample.c:100) [168]  (1.35 ns)

 <State 16>: 2.77ns
The critical path consists of the following:
	'phi' operation ('i') with incoming values : ('i', sample.c:100) [168]  (0 ns)
	'getelementptr' operation ('s_addr_6', sample.c:101) [175]  (0 ns)
	'load' operation ('s_load_2', sample.c:101) on array 's', sample.c:77 [176]  (2.77 ns)

 <State 17>: 5.54ns
The critical path consists of the following:
	'load' operation ('s_load_2', sample.c:101) on array 's', sample.c:77 [176]  (2.77 ns)
	'store' operation (sample.c:101) of variable 'tmp_92_cast', sample.c:101 on array 'r_coeffs' [180]  (2.77 ns)


============================================================
+ Verbose Summary: Binding
============================================================
N/A
* FSMD analyzer results:
  - Output states:
 - Input state : 
  - Chain level:
	State 1
	State 2
	State 3
	State 4
	State 5
	State 6
	State 7
	State 8
	State 9
	State 10
	State 11
	State 12
	State 13
	State 14
	State 15
	State 16
	State 17


============================================================
+ Verbose Summary: Datapath Resource usage 
============================================================
N/A
