   Build using "/opt/Xilinx2018/Vivado/2018.3/tps/lnx64/gcc-6.2.0/bin/g++"
   Compiling apatb_crypto_kem_keypair.cpp
   Compiling (apcc) aes.c_pre.c.tb.c
INFO: [HLS 200-10] Running '/opt/Xilinx2018/Vivado/2018.3/bin/unwrapped/lnx64.o/apcc'
INFO: [HLS 200-10] For user 'dss545' on host 'hansolo.poly.edu' (Linux_x86_64 version 3.10.0-1062.4.1.el7.x86_64) on Wed Aug 26 13:46:34 EDT 2020
INFO: [HLS 200-10] On os "Red Hat Enterprise Linux Server release 7.7 (Maipo)"
INFO: [HLS 200-10] In directory '/home/dss545/KEM/NTRU/Reference_Implementation/crypto_kem/ntru-hps4096821/ntru21/keypair/sim/wrapc'
clang: warning: argument unused during compilation: '-fno-builtin-isinf'
clang: warning: argument unused during compilation: '-fno-builtin-isnan'
INFO: [APCC 202-3] Tmp directory is /tmp/apcc_db_dss545/45821598463994401477
INFO: [APCC 202-1] APCC is done.
   Compiling (apcc) crypto_sort.c_pre.c.tb.c
INFO: [HLS 200-10] Running '/opt/Xilinx2018/Vivado/2018.3/bin/unwrapped/lnx64.o/apcc'
INFO: [HLS 200-10] For user 'dss545' on host 'hansolo.poly.edu' (Linux_x86_64 version 3.10.0-1062.4.1.el7.x86_64) on Wed Aug 26 13:46:40 EDT 2020
INFO: [HLS 200-10] On os "Red Hat Enterprise Linux Server release 7.7 (Maipo)"
INFO: [HLS 200-10] In directory '/home/dss545/KEM/NTRU/Reference_Implementation/crypto_kem/ntru-hps4096821/ntru21/keypair/sim/wrapc'
clang: warning: argument unused during compilation: '-fno-builtin-isinf'
clang: warning: argument unused during compilation: '-fno-builtin-isnan'
INFO: [APCC 202-3] Tmp directory is /tmp/apcc_db_dss545/47051598464000867094
INFO: [APCC 202-1] APCC is done.
   Compiling (apcc) fips202.c_pre.c.tb.c
INFO: [HLS 200-10] Running '/opt/Xilinx2018/Vivado/2018.3/bin/unwrapped/lnx64.o/apcc'
INFO: [HLS 200-10] For user 'dss545' on host 'hansolo.poly.edu' (Linux_x86_64 version 3.10.0-1062.4.1.el7.x86_64) on Wed Aug 26 13:46:46 EDT 2020
INFO: [HLS 200-10] On os "Red Hat Enterprise Linux Server release 7.7 (Maipo)"
INFO: [HLS 200-10] In directory '/home/dss545/KEM/NTRU/Reference_Implementation/crypto_kem/ntru-hps4096821/ntru21/keypair/sim/wrapc'
clang: warning: argument unused during compilation: '-fno-builtin-isinf'
clang: warning: argument unused during compilation: '-fno-builtin-isnan'
INFO: [APCC 202-3] Tmp directory is /tmp/apcc_db_dss545/48241598464006900963
INFO: [APCC 202-1] APCC is done.
   Compiling (apcc) kem.c_pre.c.tb.c
INFO: [HLS 200-10] Running '/opt/Xilinx2018/Vivado/2018.3/bin/unwrapped/lnx64.o/apcc'
INFO: [HLS 200-10] For user 'dss545' on host 'hansolo.poly.edu' (Linux_x86_64 version 3.10.0-1062.4.1.el7.x86_64) on Wed Aug 26 13:46:54 EDT 2020
INFO: [HLS 200-10] On os "Red Hat Enterprise Linux Server release 7.7 (Maipo)"
INFO: [HLS 200-10] In directory '/home/dss545/KEM/NTRU/Reference_Implementation/crypto_kem/ntru-hps4096821/ntru21/keypair/sim/wrapc'
clang: warning: argument unused during compilation: '-fno-builtin-isinf'
clang: warning: argument unused during compilation: '-fno-builtin-isnan'
INFO: [APCC 202-3] Tmp directory is /tmp/apcc_db_dss545/49471598464014151419
INFO: [APCC 202-1] APCC is done.
   Compiling (apcc) owcpa.c_pre.c.tb.c
INFO: [HLS 200-10] Running '/opt/Xilinx2018/Vivado/2018.3/bin/unwrapped/lnx64.o/apcc'
INFO: [HLS 200-10] For user 'dss545' on host 'hansolo.poly.edu' (Linux_x86_64 version 3.10.0-1062.4.1.el7.x86_64) on Wed Aug 26 13:47:00 EDT 2020
INFO: [HLS 200-10] On os "Red Hat Enterprise Linux Server release 7.7 (Maipo)"
INFO: [HLS 200-10] In directory '/home/dss545/KEM/NTRU/Reference_Implementation/crypto_kem/ntru-hps4096821/ntru21/keypair/sim/wrapc'
clang: warning: argument unused during compilation: '-fno-builtin-isinf'
clang: warning: argument unused during compilation: '-fno-builtin-isnan'
INFO: [APCC 202-3] Tmp directory is /tmp/apcc_db_dss545/53411598464020100052
INFO: [APCC 202-1] APCC is done.
   Compiling (apcc) pack3.c_pre.c.tb.c
INFO: [HLS 200-10] Running '/opt/Xilinx2018/Vivado/2018.3/bin/unwrapped/lnx64.o/apcc'
INFO: [HLS 200-10] For user 'dss545' on host 'hansolo.poly.edu' (Linux_x86_64 version 3.10.0-1062.4.1.el7.x86_64) on Wed Aug 26 13:47:06 EDT 2020
INFO: [HLS 200-10] On os "Red Hat Enterprise Linux Server release 7.7 (Maipo)"
INFO: [HLS 200-10] In directory '/home/dss545/KEM/NTRU/Reference_Implementation/crypto_kem/ntru-hps4096821/ntru21/keypair/sim/wrapc'
clang: warning: argument unused during compilation: '-fno-builtin-isinf'
clang: warning: argument unused during compilation: '-fno-builtin-isnan'
INFO: [APCC 202-3] Tmp directory is /tmp/apcc_db_dss545/54681598464026090809
INFO: [APCC 202-1] APCC is done.
   Compiling (apcc) packq.c_pre.c.tb.c
INFO: [HLS 200-10] Running '/opt/Xilinx2018/Vivado/2018.3/bin/unwrapped/lnx64.o/apcc'
INFO: [HLS 200-10] For user 'dss545' on host 'hansolo.poly.edu' (Linux_x86_64 version 3.10.0-1062.4.1.el7.x86_64) on Wed Aug 26 13:47:12 EDT 2020
INFO: [HLS 200-10] On os "Red Hat Enterprise Linux Server release 7.7 (Maipo)"
INFO: [HLS 200-10] In directory '/home/dss545/KEM/NTRU/Reference_Implementation/crypto_kem/ntru-hps4096821/ntru21/keypair/sim/wrapc'
clang: warning: argument unused during compilation: '-fno-builtin-isinf'
clang: warning: argument unused during compilation: '-fno-builtin-isnan'
INFO: [APCC 202-3] Tmp directory is /tmp/apcc_db_dss545/57341598464032061808
INFO: [APCC 202-1] APCC is done.
   Compiling (apcc) poly.c_pre.c.tb.c
INFO: [HLS 200-10] Running '/opt/Xilinx2018/Vivado/2018.3/bin/unwrapped/lnx64.o/apcc'
INFO: [HLS 200-10] For user 'dss545' on host 'hansolo.poly.edu' (Linux_x86_64 version 3.10.0-1062.4.1.el7.x86_64) on Wed Aug 26 13:47:18 EDT 2020
INFO: [HLS 200-10] On os "Red Hat Enterprise Linux Server release 7.7 (Maipo)"
INFO: [HLS 200-10] In directory '/home/dss545/KEM/NTRU/Reference_Implementation/crypto_kem/ntru-hps4096821/ntru21/keypair/sim/wrapc'
clang: warning: argument unused during compilation: '-fno-builtin-isinf'
clang: warning: argument unused during compilation: '-fno-builtin-isnan'
INFO: [APCC 202-3] Tmp directory is /tmp/apcc_db_dss545/58521598464038288916
INFO: [APCC 202-1] APCC is done.
   Compiling (apcc) PQCgenKAT_kem.c_pre.c.tb.c
INFO: [HLS 200-10] Running '/opt/Xilinx2018/Vivado/2018.3/bin/unwrapped/lnx64.o/apcc'
INFO: [HLS 200-10] For user 'dss545' on host 'hansolo.poly.edu' (Linux_x86_64 version 3.10.0-1062.4.1.el7.x86_64) on Wed Aug 26 13:47:24 EDT 2020
INFO: [HLS 200-10] On os "Red Hat Enterprise Linux Server release 7.7 (Maipo)"
INFO: [HLS 200-10] In directory '/home/dss545/KEM/NTRU/Reference_Implementation/crypto_kem/ntru-hps4096821/ntru21/keypair/sim/wrapc'
clang: warning: argument unused during compilation: '-fno-builtin-isinf'
clang: warning: argument unused during compilation: '-fno-builtin-isnan'
INFO: [APCC 202-3] Tmp directory is /tmp/apcc_db_dss545/59781598464044746705
INFO: [APCC 202-1] APCC is done.
   Compiling (apcc) rng.c_pre.c.tb.c
INFO: [HLS 200-10] Running '/opt/Xilinx2018/Vivado/2018.3/bin/unwrapped/lnx64.o/apcc'
INFO: [HLS 200-10] For user 'dss545' on host 'hansolo.poly.edu' (Linux_x86_64 version 3.10.0-1062.4.1.el7.x86_64) on Wed Aug 26 13:47:30 EDT 2020
INFO: [HLS 200-10] On os "Red Hat Enterprise Linux Server release 7.7 (Maipo)"
INFO: [HLS 200-10] In directory '/home/dss545/KEM/NTRU/Reference_Implementation/crypto_kem/ntru-hps4096821/ntru21/keypair/sim/wrapc'
clang: warning: argument unused during compilation: '-fno-builtin-isinf'
clang: warning: argument unused during compilation: '-fno-builtin-isnan'
INFO: [APCC 202-3] Tmp directory is /tmp/apcc_db_dss545/61001598464050834475
INFO: [APCC 202-1] APCC is done.
   Compiling (apcc) sample.c_pre.c.tb.c
INFO: [HLS 200-10] Running '/opt/Xilinx2018/Vivado/2018.3/bin/unwrapped/lnx64.o/apcc'
INFO: [HLS 200-10] For user 'dss545' on host 'hansolo.poly.edu' (Linux_x86_64 version 3.10.0-1062.4.1.el7.x86_64) on Wed Aug 26 13:47:36 EDT 2020
INFO: [HLS 200-10] On os "Red Hat Enterprise Linux Server release 7.7 (Maipo)"
INFO: [HLS 200-10] In directory '/home/dss545/KEM/NTRU/Reference_Implementation/crypto_kem/ntru-hps4096821/ntru21/keypair/sim/wrapc'
clang: warning: argument unused during compilation: '-fno-builtin-isinf'
clang: warning: argument unused during compilation: '-fno-builtin-isnan'
INFO: [APCC 202-3] Tmp directory is /tmp/apcc_db_dss545/62211598464057024948
INFO: [APCC 202-1] APCC is done.
   Compiling (apcc) verify.c_pre.c.tb.c
INFO: [HLS 200-10] Running '/opt/Xilinx2018/Vivado/2018.3/bin/unwrapped/lnx64.o/apcc'
INFO: [HLS 200-10] For user 'dss545' on host 'hansolo.poly.edu' (Linux_x86_64 version 3.10.0-1062.4.1.el7.x86_64) on Wed Aug 26 13:47:43 EDT 2020
INFO: [HLS 200-10] On os "Red Hat Enterprise Linux Server release 7.7 (Maipo)"
INFO: [HLS 200-10] In directory '/home/dss545/KEM/NTRU/Reference_Implementation/crypto_kem/ntru-hps4096821/ntru21/keypair/sim/wrapc'
clang: warning: argument unused during compilation: '-fno-builtin-isinf'
clang: warning: argument unused during compilation: '-fno-builtin-isnan'
INFO: [APCC 202-3] Tmp directory is /tmp/apcc_db_dss545/63411598464063254729
INFO: [APCC 202-1] APCC is done.
   Generating cosim.tv.exe
