

================================================================
== Vivado HLS Report for 'owcpa_dec'
================================================================
* Date:           Tue Aug 25 18:33:49 2020

* Version:        2018.3 (Build 2405991 on Thu Dec 06 23:56:15 MST 2018)
* Project:        ntru21
* Solution:       dec
* Product family: artix7
* Target device:  xc7a200tfbg676-2


================================================================
== Performance Estimates
================================================================
+ Timing (ns): 
    * Summary: 
    +--------+-------+----------+------------+
    |  Clock | Target| Estimated| Uncertainty|
    +--------+-------+----------+------------+
    |ap_clk  |  10.00|     9.122|        1.25|
    +--------+-------+----------+------------+

+ Latency (clock cycles): 
    * Summary: 
    +-------+----------+-------+----------+---------+
    |      Latency     |     Interval     | Pipeline|
    |  min  |    max   |  min  |    max   |   Type  |
    +-------+----------+-------+----------+---------+
    |  42883|  12160843|  42883|  12160843|   none  |
    +-------+----------+-------+----------+---------+

    + Detail: 
        * Instance: 
        +---------------------------------+----------------------+------+---------+------+---------+---------+
        |                                 |                      |     Latency    |    Interval    | Pipeline|
        |             Instance            |        Module        |  min |   max   |  min |   max   |   Type  |
        +---------------------------------+----------------------+------+---------+------+---------+---------+
        |grp_poly_S3_mul_fu_441           |poly_S3_mul           |  7391|  4046711|  7391|  4046711|   none  |
        |grp_poly_S3_frombytes_fu_448     |poly_S3_frombytes     |   985|      985|   985|      985|   none  |
        |grp_poly_Rq_to_S3_fu_459         |poly_Rq_to_S3         |  4109|     4109|  4109|     4109|   none  |
        |grp_poly_Rq_mul_fu_465           |poly_Rq_mul           |  5748|  4045068|  5748|  4045068|   none  |
        |grp_poly_Rq_sum_zero_fro_fu_472  |poly_Rq_sum_zero_fro  |  2872|     2872|  2872|     2872|   none  |
        |grp_poly_S3_tobytes_fu_480       |poly_S3_tobytes       |   821|      821|   821|      821|   none  |
        +---------------------------------+----------------------+------+---------+------+---------+---------+

        * Loop: 
        +----------+------+------+----------+-----------+-----------+------+----------+
        |          |   Latency   | Iteration|  Initiation Interval  | Trip |          |
        | Loop Name|  min |  max |  Latency |  achieved |   target  | Count| Pipelined|
        +----------+------+------+----------+-----------+-----------+------+----------+
        |- Loop 1  |  1642|  1642|         2|          -|          -|   821|    no    |
        |- Loop 2  |  1642|  1642|         2|          -|          -|   821|    no    |
        |- Loop 3  |  1642|  1642|         2|          -|          -|   821|    no    |
        |- Loop 4  |  1642|  1642|         2|          -|          -|   821|    no    |
        |- Loop 5  |  1642|  1642|         2|          -|          -|   821|    no    |
        |- Loop 6  |  1230|  1230|         3|          -|          -|   410|    no    |
        |- Loop 7  |  1642|  1642|         2|          -|          -|   821|    no    |
        |- Loop 8  |  1642|  1642|         2|          -|          -|   821|    no    |
        |- Loop 9  |  1642|  1642|         2|          -|          -|   821|    no    |
        +----------+------+------+----------+-----------+-----------+------+----------+



================================================================
== Utilization Estimates
================================================================
* Summary: 
+-----------------+---------+-------+--------+--------+
|       Name      | BRAM_18K| DSP48E|   FF   |   LUT  |
+-----------------+---------+-------+--------+--------+
|DSP              |        -|      -|       -|       -|
|Expression       |        -|      -|       0|     745|
|FIFO             |        -|      -|       -|       -|
|Instance         |        -|      4|     698|    2794|
|Memory           |        4|      -|       0|       0|
|Multiplexer      |        -|      -|       -|    1010|
|Register         |        -|      -|     388|       -|
+-----------------+---------+-------+--------+--------+
|Total            |        4|      4|    1086|    4549|
+-----------------+---------+-------+--------+--------+
|Available        |      730|    740|  269200|  129000|
+-----------------+---------+-------+--------+--------+
|Utilization (%)  |    ~0   |   ~0  |   ~0   |       3|
+-----------------+---------+-------+--------+--------+

+ Detail: 
    * Instance: 
    +---------------------------------+----------------------+---------+-------+-----+-----+
    |             Instance            |        Module        | BRAM_18K| DSP48E|  FF | LUT |
    +---------------------------------+----------------------+---------+-------+-----+-----+
    |grp_poly_Rq_mul_fu_465           |poly_Rq_mul           |        0|      2|  167|  332|
    |grp_poly_Rq_sum_zero_fro_fu_472  |poly_Rq_sum_zero_fro  |        0|      0|   81|  327|
    |grp_poly_Rq_to_S3_fu_459         |poly_Rq_to_S3         |        0|      0|   80|  575|
    |grp_poly_S3_frombytes_fu_448     |poly_S3_frombytes     |        0|      0|  100|  681|
    |grp_poly_S3_mul_fu_441           |poly_S3_mul           |        0|      2|  197|  597|
    |grp_poly_S3_tobytes_fu_480       |poly_S3_tobytes       |        0|      0|   73|  282|
    +---------------------------------+----------------------+---------+-------+-----+-----+
    |Total                            |                      |        0|      4|  698| 2794|
    +---------------------------------+----------------------+---------+-------+-----+-----+

    * DSP48: 
    N/A

    * Memory: 
    +-------------+---------------------+---------+---+----+------+-----+------+-------------+
    |    Memory   |        Module       | BRAM_18K| FF| LUT| Words| Bits| Banks| W*Bits*Banks|
    +-------------+---------------------+---------+---+----+------+-----+------+-------------+
    |x1_coeffs_U  |owcpa_dec_x1_coeffs  |        1|  0|   0|   821|   16|     1|        13136|
    |x2_coeffs_U  |owcpa_dec_x1_coeffs  |        1|  0|   0|   821|   16|     1|        13136|
    |x4_coeffs_U  |owcpa_dec_x1_coeffs  |        1|  0|   0|   821|   16|     1|        13136|
    |x3_coeffs_U  |owcpa_dec_x3_coeffs  |        1|  0|   0|   821|   16|     1|        13136|
    +-------------+---------------------+---------+---+----+------+-----+------+-------------+
    |Total        |                     |        4|  0|   0|  3284|   64|     4|        52544|
    +-------------+---------------------+---------+---+----+------+-----+------+-------------+

    * FIFO: 
    N/A

    * Expression: 
    +---------------------------------+----------+-------+---+----+------------+------------+
    |          Variable Name          | Operation| DSP48E| FF| LUT| Bitwidth P0| Bitwidth P1|
    +---------------------------------+----------+-------+---+----+------------+------------+
    |i_14_fu_522_p2                   |     +    |      0|  0|  17|          10|           1|
    |i_15_fu_558_p2                   |     +    |      0|  0|  17|          10|           1|
    |i_16_fu_697_p2                   |     +    |      0|  0|  17|          10|           1|
    |i_17_fu_714_p2                   |     +    |      0|  0|  17|          10|           1|
    |i_18_fu_750_p2                   |     +    |      0|  0|  17|          10|           1|
    |i_19_fu_787_p2                   |     +    |      0|  0|  16|           9|           1|
    |i_20_fu_911_p2                   |     +    |      0|  0|  17|          10|           1|
    |i_21_fu_943_p2                   |     +    |      0|  0|  17|          10|           1|
    |i_22_fu_1095_p2                  |     +    |      0|  0|  17|          10|           1|
    |m1_fu_685_p2                     |     +    |      0|  0|  17|          10|          10|
    |p1_fu_667_p2                     |     +    |      0|  0|  17|          10|          10|
    |sum2_i_fu_822_p2                 |     +    |      0|  0|  19|           9|          12|
    |sum4_i_fu_873_p2                 |     +    |      0|  0|  19|           9|          12|
    |sum_i_fu_811_p2                  |     +    |      0|  0|  19|           9|          12|
    |tmp_108_i_cast_fu_962_p2         |     +    |      0|  0|  19|           1|          12|
    |tmp_110_i_fu_974_p2              |     +    |      0|  0|  12|           2|           3|
    |tmp_11_i_fu_583_p2               |     +    |      0|  0|  18|          11|          11|
    |tmp_50_fu_589_p2                 |     +    |      0|  0|  17|          10|          10|
    |tmp_65_fu_968_p2                 |     +    |      0|  0|  12|           1|           3|
    |grp_fu_500_p2                    |     -    |      0|  0|  19|           1|          12|
    |tmp_115_i_fu_645_p2              |     -    |      0|  0|  40|           1|          33|
    |tmp_73_fu_762_p2                 |     -    |      0|  0|  23|          16|          16|
    |tmp_i2_44_fu_922_p2              |     -    |      0|  0|  23|          16|          16|
    |tmp_i2_fu_805_p2                 |     -    |      0|  0|  19|          12|          12|
    |tmp_i3_46_fu_1070_p2             |     -    |      0|  0|  71|           1|          64|
    |exitcond_fu_744_p2               |   icmp   |      0|  0|  13|          10|           9|
    |exitcond_i1_fu_691_p2            |   icmp   |      0|  0|  13|          10|           9|
    |exitcond_i2_fu_781_p2            |   icmp   |      0|  0|  13|           9|           8|
    |exitcond_i3_fu_905_p2            |   icmp   |      0|  0|  13|          10|           9|
    |exitcond_i4_fu_937_p2            |   icmp   |      0|  0|  13|          10|           9|
    |exitcond_i5_fu_1089_p2           |   icmp   |      0|  0|  13|          10|           9|
    |exitcond_i7_fu_552_p2            |   icmp   |      0|  0|  13|          10|           9|
    |exitcond_i_fu_516_p2             |   icmp   |      0|  0|  13|          10|           9|
    |exitcond_i_i_fu_708_p2           |   icmp   |      0|  0|  13|          10|           9|
    |ap_block_state2_on_subcall_done  |    or    |      0|  0|   2|           1|           1|
    |fail_fu_1084_p2                  |    or    |      0|  0|   2|           1|           1|
    |tmp_15_i1_fu_895_p2              |    or    |      0|  0|  10|          10|           1|
    |tmp_48_fu_537_p2                 |    or    |      0|  0|  12|          12|          12|
    |tmp_52_fu_607_p2                 |    or    |      0|  0|  10|          10|          10|
    |tmp_58_fu_729_p2                 |    or    |      0|  0|  12|          12|          12|
    |tmp_5_i1_fu_1046_p2              |    or    |      0|  0|  16|          16|          16|
    |tmp_66_fu_980_p2                 |    or    |      0|  0|   3|           3|           3|
    |tmp_70_fu_1018_p2                |    or    |      0|  0|  12|          12|          12|
    |tmp_12_i_fu_595_p2               |    xor   |      0|  0|  11|          11|           9|
    |tmp_51_fu_601_p2                 |    xor   |      0|  0|  10|          10|           9|
    |tmp_7_i2_cast_fu_1120_p2         |    xor   |      0|  0|   2|           2|           2|
    |tmp_i8_fu_577_p2                 |    xor   |      0|  0|  10|          10|          10|
    +---------------------------------+----------+-------+---+----+------------+------------+
    |Total                            |          |      0|  0| 745|         407|         435|
    +---------------------------------+----------+-------+---+----+------------+------------+

    * Multiplexer: 
    +-----------------------------------------+-----+-----------+-----+-----------+
    |                   Name                  | LUT | Input Size| Bits| Total Bits|
    +-----------------------------------------+-----+-----------+-----+-----------+
    |ap_NS_fsm                                |  153|         34|    1|         34|
    |grp_poly_Rq_mul_fu_465_b_coeffs_q0       |   15|          3|   16|         48|
    |grp_poly_Rq_mul_fu_465_r_coeffs_q0       |   15|          3|   16|         48|
    |grp_poly_S3_frombytes_fu_448_msg_offset  |   15|          3|   10|         30|
    |grp_poly_S3_tobytes_fu_480_msg_offset    |   15|          3|    9|         27|
    |i_i1_reg_351                             |    9|          2|   10|         20|
    |i_i2_reg_384                             |    9|          2|    9|         18|
    |i_i3_reg_396                             |    9|          2|   10|         20|
    |i_i4_reg_407                             |    9|          2|   10|         20|
    |i_i5_reg_430                             |    9|          2|   10|         20|
    |i_i6_reg_328                             |    9|          2|   10|         20|
    |i_i_i_reg_362                            |    9|          2|   10|         20|
    |i_i_reg_305                              |    9|          2|   10|         20|
    |i_reg_373                                |    9|          2|   10|         20|
    |m1_i_reg_339                             |    9|          2|   10|         20|
    |p1_i_reg_316                             |    9|          2|   10|         20|
    |rm_ce0                                   |    9|          2|    1|          2|
    |rm_we0                                   |    9|          2|    1|          2|
    |secretkey_address0                       |   21|          4|   11|         44|
    |secretkey_ce0                            |   15|          3|    1|          3|
    |t_i_reg_418                              |    9|          2|   64|        128|
    |x1_coeffs_address0                       |   27|          5|   10|         50|
    |x1_coeffs_ce0                            |   21|          4|    1|          4|
    |x1_coeffs_ce1                            |    9|          2|    1|          2|
    |x1_coeffs_d0                             |   15|          3|   16|         48|
    |x1_coeffs_we0                            |   15|          3|    1|          3|
    |x1_coeffs_we1                            |    9|          2|    1|          2|
    |x2_coeffs_address0                       |   50|         11|   10|        110|
    |x2_coeffs_address1                       |   15|          3|   10|         30|
    |x2_coeffs_ce0                            |   33|          6|    1|          6|
    |x2_coeffs_ce1                            |   15|          3|    1|          3|
    |x2_coeffs_d0                             |   33|          6|   16|         96|
    |x2_coeffs_d1                             |   15|          3|   16|         48|
    |x2_coeffs_we0                            |   21|          4|    1|          4|
    |x2_coeffs_we1                            |   15|          3|    1|          3|
    |x3_coeffs_address0                       |   41|          8|   10|         80|
    |x3_coeffs_ce0                            |   38|          7|    1|          7|
    |x3_coeffs_ce1                            |    9|          2|    1|          2|
    |x3_coeffs_d0                             |   27|          5|   16|         80|
    |x3_coeffs_we0                            |   21|          4|    1|          4|
    |x3_coeffs_we1                            |    9|          2|    1|          2|
    |x4_coeffs_address0                       |   44|          9|   10|         90|
    |x4_coeffs_address1                       |   33|          6|   10|         60|
    |x4_coeffs_ce0                            |   27|          5|    1|          5|
    |x4_coeffs_ce1                            |   21|          4|    1|          4|
    |x4_coeffs_d0                             |   21|          4|   16|         64|
    |x4_coeffs_d1                             |   15|          3|   16|         48|
    |x4_coeffs_we0                            |   21|          4|    1|          4|
    |x4_coeffs_we1                            |   15|          3|    1|          3|
    +-----------------------------------------+-----+-----------+-----+-----------+
    |Total                                    | 1010|        205|  411|       1446|
    +-----------------------------------------+-----+-----------+-----+-----------+

    * Register: 
    +----------------------------------------------+----+----+-----+-----------+
    |                     Name                     | FF | LUT| Bits| Const Bits|
    +----------------------------------------------+----+----+-----+-----------+
    |ap_CS_fsm                                     |  33|   0|   33|          0|
    |b_coeffs_addr_reg_1211                        |  10|   0|   10|          0|
    |fail_reg_1296                                 |   1|   0|    1|          0|
    |grp_poly_Rq_mul_fu_465_ap_start_reg           |   1|   0|    1|          0|
    |grp_poly_Rq_sum_zero_fro_fu_472_ap_start_reg  |   1|   0|    1|          0|
    |grp_poly_Rq_to_S3_fu_459_ap_start_reg         |   1|   0|    1|          0|
    |grp_poly_S3_frombytes_fu_448_ap_start_reg     |   1|   0|    1|          0|
    |grp_poly_S3_mul_fu_441_ap_start_reg           |   1|   0|    1|          0|
    |grp_poly_S3_tobytes_fu_480_ap_start_reg       |   1|   0|    1|          0|
    |i_14_reg_1134                                 |  10|   0|   10|          0|
    |i_15_reg_1147                                 |  10|   0|   10|          0|
    |i_16_reg_1175                                 |  10|   0|   10|          0|
    |i_17_reg_1193                                 |  10|   0|   10|          0|
    |i_18_reg_1206                                 |  10|   0|   10|          0|
    |i_19_reg_1224                                 |   9|   0|    9|          0|
    |i_20_reg_1267                                 |  10|   0|   10|          0|
    |i_21_reg_1281                                 |  10|   0|   10|          0|
    |i_22_reg_1303                                 |  10|   0|   10|          0|
    |i_i1_reg_351                                  |  10|   0|   10|          0|
    |i_i2_reg_384                                  |   9|   0|    9|          0|
    |i_i3_reg_396                                  |  10|   0|   10|          0|
    |i_i4_reg_407                                  |  10|   0|   10|          0|
    |i_i5_reg_430                                  |  10|   0|   10|          0|
    |i_i6_reg_328                                  |  10|   0|   10|          0|
    |i_i_i_reg_362                                 |  10|   0|   10|          0|
    |i_i_reg_305                                   |  10|   0|   10|          0|
    |i_reg_373                                     |  10|   0|   10|          0|
    |liftm_coeffs_addr_2_reg_1198                  |  10|   0|   10|          0|
    |liftm_coeffs_addr_reg_1139                    |  10|   0|   10|          0|
    |m1_i_reg_339                                  |  10|   0|   10|          0|
    |p1_i_reg_316                                  |  10|   0|   10|          0|
    |r_coeffs_addr_15_reg_1272                     |  10|   0|   10|          0|
    |r_coeffs_addr_17_reg_1308                     |  10|   0|   10|          0|
    |t_i_reg_418                                   |  64|   0|   64|          0|
    |tmp_4_i_reg_1244                              |   9|   0|   10|          1|
    |tmp_81_reg_1157                               |   1|   0|    1|          0|
    |tmp_9_i_reg_1249                              |   4|   0|    4|          0|
    |tmp_i1_reg_1180                               |  10|   0|   64|         54|
    |tmp_i2_reg_1229                               |  12|   0|   12|          0|
    +----------------------------------------------+----+----+-----+-----------+
    |Total                                         | 388|   0|  443|         55|
    +----------------------------------------------+----+----+-----+-----------+



================================================================
== Interface
================================================================
* Summary: 
+---------------------+-----+-----+------------+--------------+--------------+
|      RTL Ports      | Dir | Bits|  Protocol  | Source Object|    C Type    |
+---------------------+-----+-----+------------+--------------+--------------+
|ap_clk               |  in |    1| ap_ctrl_hs |   owcpa_dec  | return value |
|ap_rst               |  in |    1| ap_ctrl_hs |   owcpa_dec  | return value |
|ap_start             |  in |    1| ap_ctrl_hs |   owcpa_dec  | return value |
|ap_done              | out |    1| ap_ctrl_hs |   owcpa_dec  | return value |
|ap_idle              | out |    1| ap_ctrl_hs |   owcpa_dec  | return value |
|ap_ready             | out |    1| ap_ctrl_hs |   owcpa_dec  | return value |
|ap_return            | out |    1| ap_ctrl_hs |   owcpa_dec  | return value |
|rm_address0          | out |    9|  ap_memory |      rm      |     array    |
|rm_ce0               | out |    1|  ap_memory |      rm      |     array    |
|rm_we0               | out |    1|  ap_memory |      rm      |     array    |
|rm_d0                | out |    8|  ap_memory |      rm      |     array    |
|ciphertext_address0  | out |   11|  ap_memory |  ciphertext  |     array    |
|ciphertext_ce0       | out |    1|  ap_memory |  ciphertext  |     array    |
|ciphertext_q0        |  in |    8|  ap_memory |  ciphertext  |     array    |
|ciphertext_address1  | out |   11|  ap_memory |  ciphertext  |     array    |
|ciphertext_ce1       | out |    1|  ap_memory |  ciphertext  |     array    |
|ciphertext_q1        |  in |    8|  ap_memory |  ciphertext  |     array    |
|secretkey_address0   | out |   11|  ap_memory |   secretkey  |     array    |
|secretkey_ce0        | out |    1|  ap_memory |   secretkey  |     array    |
|secretkey_q0         |  in |    8|  ap_memory |   secretkey  |     array    |
|secretkey_address1   | out |   11|  ap_memory |   secretkey  |     array    |
|secretkey_ce1        | out |    1|  ap_memory |   secretkey  |     array    |
|secretkey_q1         |  in |    8|  ap_memory |   secretkey  |     array    |
+---------------------+-----+-----+------------+--------------+--------------+

