

================================================================
== Vivado HLS Report for 'poly_S3_tobytes'
================================================================
* Date:           Tue Aug 25 18:33:49 2020

* Version:        2018.3 (Build 2405991 on Thu Dec 06 23:56:15 MST 2018)
* Project:        ntru21
* Solution:       dec
* Product family: artix7
* Target device:  xc7a200tfbg676-2


================================================================
== Performance Estimates
================================================================
+ Timing (ns): 
    * Summary: 
    +--------+-------+----------+------------+
    |  Clock | Target| Estimated| Uncertainty|
    +--------+-------+----------+------------+
    |ap_clk  |  10.00|     6.271|        1.25|
    +--------+-------+----------+------------+

+ Latency (clock cycles): 
    * Summary: 
    +-----+-----+-----+-----+---------+
    |  Latency  |  Interval | Pipeline|
    | min | max | min | max |   Type  |
    +-----+-----+-----+-----+---------+
    |  821|  821|  821|  821|   none  |
    +-----+-----+-----+-----+---------+

    + Detail: 
        * Instance: 
        N/A

        * Loop: 
        +----------+-----+-----+----------+-----------+-----------+------+----------+
        |          |  Latency  | Iteration|  Initiation Interval  | Trip |          |
        | Loop Name| min | max |  Latency |  achieved |   target  | Count| Pipelined|
        +----------+-----+-----+----------+-----------+-----------+------+----------+
        |- Loop 1  |  820|  820|         5|          -|          -|   164|    no    |
        +----------+-----+-----+----------+-----------+-----------+------+----------+



================================================================
== Utilization Estimates
================================================================
* Summary: 
+-----------------+---------+-------+--------+--------+
|       Name      | BRAM_18K| DSP48E|   FF   |   LUT  |
+-----------------+---------+-------+--------+--------+
|DSP              |        -|      -|       -|       -|
|Expression       |        -|      -|       0|     199|
|FIFO             |        -|      -|       -|       -|
|Instance         |        -|      -|       -|       -|
|Memory           |        -|      -|       -|       -|
|Multiplexer      |        -|      -|       -|      83|
|Register         |        -|      -|      73|       -|
+-----------------+---------+-------+--------+--------+
|Total            |        0|      0|      73|     282|
+-----------------+---------+-------+--------+--------+
|Available        |      730|    740|  269200|  129000|
+-----------------+---------+-------+--------+--------+
|Utilization (%)  |        0|      0|   ~0   |   ~0   |
+-----------------+---------+-------+--------+--------+

+ Detail: 
    * Instance: 
    N/A

    * DSP48: 
    N/A

    * Memory: 
    N/A

    * FIFO: 
    N/A

    * Expression: 
    +--------------------+----------+-------+---+----+------------+------------+
    |    Variable Name   | Operation| DSP48E| FF| LUT| Bitwidth P0| Bitwidth P1|
    +--------------------+----------+-------+---+----+------------+------------+
    |c_1_fu_202_p2       |     +    |      0|  0|   9|           8|           8|
    |c_2_fu_232_p2       |     +    |      0|  0|   9|           8|           8|
    |c_3_fu_266_p2       |     +    |      0|  0|   9|           8|           8|
    |i_4_fu_125_p2       |     +    |      0|  0|  15|           8|           1|
    |msg_d0              |     +    |      0|  0|   9|           8|           8|
    |sum_fu_171_p2       |     +    |      0|  0|  16|           9|           9|
    |tmp_10_fu_238_p2    |     +    |      0|  0|  17|           1|          10|
    |tmp_3_fu_156_p2     |     +    |      0|  0|  17|           2|          10|
    |tmp_7_fu_208_p2     |     +    |      0|  0|  17|           2|          10|
    |tmp_fu_139_p2       |     +    |      0|  0|  17|          10|          10|
    |tmp_s_fu_145_p2     |     +    |      0|  0|  17|           3|          10|
    |tmp_12_fu_281_p2    |     -    |      0|  0|   9|           8|           8|
    |tmp_2_fu_192_p2     |     -    |      0|  0|   9|           8|           8|
    |tmp_5_fu_257_p2     |     -    |      0|  0|   9|           8|           8|
    |tmp_6_fu_223_p2     |     -    |      0|  0|   9|           8|           8|
    |exitcond_fu_119_p2  |   icmp   |      0|  0|  11|           8|           8|
    +--------------------+----------+-------+---+----+------------+------------+
    |Total               |          |      0|  0| 199|         107|         132|
    +--------------------+----------+-------+---+----+------------+------------+

    * Multiplexer: 
    +-------------------+----+-----------+-----+-----------+
    |        Name       | LUT| Input Size| Bits| Total Bits|
    +-------------------+----+-----------+-----+-----------+
    |a_coeffs_address0  |  21|          4|   10|         40|
    |a_coeffs_address1  |  15|          3|   10|         30|
    |ap_NS_fsm          |  38|          7|    1|          7|
    |i_reg_104          |   9|          2|    8|         16|
    +-------------------+----+-----------+-----+-----------+
    |Total              |  83|         16|   29|         93|
    +-------------------+----+-----------+-----+-----------+

    * Register: 
    +----------------+----+----+-----+-----------+
    |      Name      | FF | LUT| Bits| Const Bits|
    +----------------+----+----+-----+-----------+
    |ap_CS_fsm       |   6|   0|    6|          0|
    |c_1_reg_331     |   8|   0|    8|          0|
    |c_2_reg_342     |   8|   0|    8|          0|
    |c_3_reg_358     |   8|   0|    8|          0|
    |i_4_reg_304     |   8|   0|    8|          0|
    |i_reg_104       |   8|   0|    8|          0|
    |sum_reg_326     |   9|   0|    9|          0|
    |tmp_21_reg_364  |   8|   0|    8|          0|
    |tmp_reg_309     |  10|   0|   10|          0|
    +----------------+----+----+-----+-----------+
    |Total           |  73|   0|   73|          0|
    +----------------+----+----+-----+-----------+



================================================================
== Interface
================================================================
* Summary: 
+-------------------+-----+-----+------------+-----------------+--------------+
|     RTL Ports     | Dir | Bits|  Protocol  |  Source Object  |    C Type    |
+-------------------+-----+-----+------------+-----------------+--------------+
|ap_clk             |  in |    1| ap_ctrl_hs | poly_S3_tobytes | return value |
|ap_rst             |  in |    1| ap_ctrl_hs | poly_S3_tobytes | return value |
|ap_start           |  in |    1| ap_ctrl_hs | poly_S3_tobytes | return value |
|ap_done            | out |    1| ap_ctrl_hs | poly_S3_tobytes | return value |
|ap_idle            | out |    1| ap_ctrl_hs | poly_S3_tobytes | return value |
|ap_ready           | out |    1| ap_ctrl_hs | poly_S3_tobytes | return value |
|msg_address0       | out |    9|  ap_memory |       msg       |     array    |
|msg_ce0            | out |    1|  ap_memory |       msg       |     array    |
|msg_we0            | out |    1|  ap_memory |       msg       |     array    |
|msg_d0             | out |    8|  ap_memory |       msg       |     array    |
|msg_offset         |  in |    9|   ap_none  |    msg_offset   |    scalar    |
|a_coeffs_address0  | out |   10|  ap_memory |     a_coeffs    |     array    |
|a_coeffs_ce0       | out |    1|  ap_memory |     a_coeffs    |     array    |
|a_coeffs_q0        |  in |   16|  ap_memory |     a_coeffs    |     array    |
|a_coeffs_address1  | out |   10|  ap_memory |     a_coeffs    |     array    |
|a_coeffs_ce1       | out |    1|  ap_memory |     a_coeffs    |     array    |
|a_coeffs_q1        |  in |   16|  ap_memory |     a_coeffs    |     array    |
+-------------------+-----+-----+------------+-----------------+--------------+

