

================================================================
== Vivado HLS Report for 'crypto_kem_keypair'
================================================================
* Date:           Mon Aug 24 20:10:05 2020

* Version:        2018.3 (Build 2405991 on Thu Dec 06 23:56:15 MST 2018)
* Project:        ntru09
* Solution:       Keypair
* Product family: artix7
* Target device:  xc7a200tfbg676-2


================================================================
== Performance Estimates
================================================================
+ Timing (ns): 
    * Summary: 
    +--------+-------+----------+------------+
    |  Clock | Target| Estimated| Uncertainty|
    +--------+-------+----------+------------+
    |ap_clk  |  10.00|     9.122|        1.25|
    +--------+-------+----------+------------+

+ Latency (clock cycles): 
    * Summary: 
    +-----+-----+-----+-----+---------+
    |  Latency  |  Interval | Pipeline|
    | min | max | min | max |   Type  |
    +-----+-----+-----+-----+---------+
    |    ?|    ?|    ?|    ?|   none  |
    +-----+-----+-----+-----+---------+

    + Detail: 
        * Instance: 
        N/A

        * Loop: 
        N/A

============================================================
+ Verbose Summary: Synthesis Manager
============================================================
InlineROM: 1
ExposeGlobal: 1
============================================================
+ Verbose Summary: CDFG Model
============================================================
IsTopModel: 1
ResetActiveHigh: 1
IsCombinational: 0
IsDatapathOnly: 0
HasWiredReturn: 1
HasMFsm: 0
HasVarLatency: 1
IsPipeline: 0
IsRtlPipelined: 0
IsInstanceOverlapped: 0
IsDontTouch: 0
HasImplIP: 0
IsGatedGlobalClock: 0


============================================================
+ Verbose Summary: Schedule
============================================================
* Number of FSM states : 6
* Pipeline : 0
* Dataflow Pipeline: 0

* FSM state transitions: 
1 --> 
	2  / true
2 --> 
	3  / true
3 --> 
	4  / true
4 --> 
	5  / true
5 --> 
	6  / true
6 --> 

* FSM state operations: 

State 1 <SV = 0> <Delay = 0.00>
ST_1 : Operation 7 [1/1] (0.00ns)   --->   "%seed = alloca [2413 x i8], align 16" [kem.c:11]   --->   Operation 7 'alloca' 'seed' <Predicate = true> <Delay = 0.00>
ST_1 : Operation 8 [2/2] (0.00ns)   --->   "call fastcc void @randombytes([2413 x i8]* %seed) nounwind" [kem.c:13]   --->   Operation 8 'call' <Predicate = true> <Delay = 0.00> <CoreType = "Generic">   --->   Core 0 '' <Latency = 0> <II = 1> <Delay = 1.00> <Generic> <Opcode : >

State 2 <SV = 1> <Delay = 0.00>
ST_2 : Operation 9 [1/2] (0.00ns)   --->   "call fastcc void @randombytes([2413 x i8]* %seed) nounwind" [kem.c:13]   --->   Operation 9 'call' <Predicate = true> <Delay = 0.00> <CoreType = "Generic">   --->   Core 0 '' <Latency = 0> <II = 1> <Delay = 1.00> <Generic> <Opcode : >

State 3 <SV = 2> <Delay = 0.00>
ST_3 : Operation 10 [2/2] (0.00ns)   --->   "call fastcc void @owcpa_keypair([699 x i8]* %pk, [935 x i8]* %sk, [2413 x i8]* %seed) nounwind" [kem.c:14]   --->   Operation 10 'call' <Predicate = true> <Delay = 0.00> <CoreType = "Generic">   --->   Core 0 '' <Latency = 0> <II = 1> <Delay = 1.00> <Generic> <Opcode : >

State 4 <SV = 3> <Delay = 0.00>
ST_4 : Operation 11 [1/2] (0.00ns)   --->   "call fastcc void @owcpa_keypair([699 x i8]* %pk, [935 x i8]* %sk, [2413 x i8]* %seed) nounwind" [kem.c:14]   --->   Operation 11 'call' <Predicate = true> <Delay = 0.00> <CoreType = "Generic">   --->   Core 0 '' <Latency = 0> <II = 1> <Delay = 1.00> <Generic> <Opcode : >

State 5 <SV = 4> <Delay = 0.00>
ST_5 : Operation 12 [2/2] (0.00ns)   --->   "call fastcc void @randombytes.1([935 x i8]* %sk) nounwind" [kem.c:16]   --->   Operation 12 'call' <Predicate = true> <Delay = 0.00> <CoreType = "Generic">   --->   Core 0 '' <Latency = 0> <II = 1> <Delay = 1.00> <Generic> <Opcode : >

State 6 <SV = 5> <Delay = 0.00>
ST_6 : Operation 13 [1/1] (0.00ns)   --->   "call void (...)* @_ssdm_op_SpecBitsMap([699 x i8]* %pk) nounwind, !map !199"   --->   Operation 13 'specbitsmap' <Predicate = true> <Delay = 0.00>
ST_6 : Operation 14 [1/1] (0.00ns)   --->   "call void (...)* @_ssdm_op_SpecBitsMap([935 x i8]* %sk) nounwind, !map !205"   --->   Operation 14 'specbitsmap' <Predicate = true> <Delay = 0.00>
ST_6 : Operation 15 [1/1] (0.00ns)   --->   "call void (...)* @_ssdm_op_SpecBitsMap(i32 0) nounwind, !map !211"   --->   Operation 15 'specbitsmap' <Predicate = true> <Delay = 0.00>
ST_6 : Operation 16 [1/1] (0.00ns)   --->   "call void (...)* @_ssdm_op_SpecTopModule([19 x i8]* @crypto_kem_keypair_s) nounwind"   --->   Operation 16 'spectopmodule' <Predicate = true> <Delay = 0.00>
ST_6 : Operation 17 [1/2] (0.00ns)   --->   "call fastcc void @randombytes.1([935 x i8]* %sk) nounwind" [kem.c:16]   --->   Operation 17 'call' <Predicate = true> <Delay = 0.00> <CoreType = "Generic">   --->   Core 0 '' <Latency = 0> <II = 1> <Delay = 1.00> <Generic> <Opcode : >
ST_6 : Operation 18 [1/1] (0.00ns)   --->   "ret i32 0" [kem.c:18]   --->   Operation 18 'ret' <Predicate = true> <Delay = 0.00>


============================================================
+ Verbose Summary: Timing violations
============================================================
Target clock period: 10ns, clock uncertainty: 1.25ns.

 <State 1>: 0ns
The critical path consists of the following:

 <State 2>: 0ns
The critical path consists of the following:

 <State 3>: 0ns
The critical path consists of the following:

 <State 4>: 0ns
The critical path consists of the following:

 <State 5>: 0ns
The critical path consists of the following:

 <State 6>: 0ns
The critical path consists of the following:


============================================================
+ Verbose Summary: Binding
============================================================
N/A
* FSMD analyzer results:
  - Output states:
 - Input state : 
  - Chain level:
	State 1
	State 2
	State 3
	State 4
	State 5
	State 6


============================================================
+ Verbose Summary: Datapath Resource usage 
============================================================
N/A
