

================================================================
== Vivado HLS Report for 'poly_S3_tobytes'
================================================================
* Date:           Mon Aug 24 20:10:16 2020

* Version:        2018.3 (Build 2405991 on Thu Dec 06 23:56:15 MST 2018)
* Project:        ntru09
* Solution:       Keypair
* Product family: artix7
* Target device:  xc7a200tfbg676-2


================================================================
== Performance Estimates
================================================================
+ Timing (ns): 
    * Summary: 
    +--------+-------+----------+------------+
    |  Clock | Target| Estimated| Uncertainty|
    +--------+-------+----------+------------+
    |ap_clk  |  10.00|     6.240|        1.25|
    +--------+-------+----------+------------+

+ Latency (clock cycles): 
    * Summary: 
    +-----+-----+-----+-----+---------+
    |  Latency  |  Interval | Pipeline|
    | min | max | min | max |   Type  |
    +-----+-----+-----+-----+---------+
    |  513|  513|  513|  513|   none  |
    +-----+-----+-----+-----+---------+

    + Detail: 
        * Instance: 
        N/A

        * Loop: 
        +----------+-----+-----+----------+-----------+-----------+------+----------+
        |          |  Latency  | Iteration|  Initiation Interval  | Trip |          |
        | Loop Name| min | max |  Latency |  achieved |   target  | Count| Pipelined|
        +----------+-----+-----+----------+-----------+-----------+------+----------+
        |- Loop 1  |  505|  505|         5|          -|          -|   101|    no    |
        |- Loop 2  |    6|    6|         2|          -|          -|     3|    no    |
        +----------+-----+-----+----------+-----------+-----------+------+----------+



================================================================
== Utilization Estimates
================================================================
* Summary: 
+-----------------+---------+-------+--------+--------+
|       Name      | BRAM_18K| DSP48E|   FF   |   LUT  |
+-----------------+---------+-------+--------+--------+
|DSP              |        -|      -|       -|       -|
|Expression       |        -|      -|       0|     271|
|FIFO             |        -|      -|       -|       -|
|Instance         |        -|      -|       -|       -|
|Memory           |        -|      -|       -|       -|
|Multiplexer      |        -|      -|       -|     143|
|Register         |        -|      -|      93|       -|
+-----------------+---------+-------+--------+--------+
|Total            |        0|      0|      93|     414|
+-----------------+---------+-------+--------+--------+
|Available        |      730|    740|  269200|  129000|
+-----------------+---------+-------+--------+--------+
|Utilization (%)  |        0|      0|   ~0   |   ~0   |
+-----------------+---------+-------+--------+--------+

+ Detail: 
    * Instance: 
    N/A

    * DSP48: 
    N/A

    * Memory: 
    N/A

    * FIFO: 
    N/A

    * Expression: 
    +--------------------+----------+-------+---+----+------------+------------+
    |    Variable Name   | Operation| DSP48E| FF| LUT| Bitwidth P0| Bitwidth P1|
    +--------------------+----------+-------+---+----+------------+------------+
    |c_1_fu_256_p2       |     +    |      0|  0|  11|           8|           8|
    |c_2_fu_295_p2       |     +    |      0|  0|  11|           8|           8|
    |c_3_fu_329_p2       |     +    |      0|  0|  11|           8|           8|
    |c_4_fu_349_p2       |     +    |      0|  0|  11|           8|           8|
    |c_5_fu_418_p2       |     +    |      0|  0|  11|           8|           8|
    |i_9_fu_188_p2       |     +    |      0|  0|  15|           7|           1|
    |j_5_fu_386_p2       |     +    |      0|  0|  12|           2|           3|
    |sum2_fu_392_p2      |     +    |      0|  0|  15|           8|           7|
    |sum_fu_276_p2       |     +    |      0|  0|  15|           8|           8|
    |tmp_137_fu_219_p2   |     +    |      0|  0|  16|           2|           9|
    |tmp_140_fu_262_p2   |     +    |      0|  0|  16|           2|           9|
    |tmp_143_fu_301_p2   |     +    |      0|  0|  16|           1|           9|
    |tmp_148_fu_371_p2   |     +    |      0|  0|  13|           4|           4|
    |tmp_fu_202_p2       |     +    |      0|  0|  16|           9|           9|
    |tmp_s_fu_208_p2     |     +    |      0|  0|  16|           3|           9|
    |tmp_136_fu_246_p2   |     -    |      0|  0|  11|           8|           8|
    |tmp_139_fu_286_p2   |     -    |      0|  0|  11|           8|           8|
    |tmp_142_fu_320_p2   |     -    |      0|  0|  11|           8|           8|
    |tmp_145_fu_344_p2   |     -    |      0|  0|  11|           8|           8|
    |tmp_147_fu_408_p2   |     -    |      0|  0|  11|           8|           8|
    |exitcond_fu_182_p2  |   icmp   |      0|  0|  11|           7|           6|
    +--------------------+----------+-------+---+----+------------+------------+
    |Total               |          |      0|  0| 271|         133|         154|
    +--------------------+----------+-------+---+----+------------+------------+

    * Multiplexer: 
    +-------------------+----+-----------+-----+-----------+
    |        Name       | LUT| Input Size| Bits| Total Bits|
    +-------------------+----+-----------+-----+-----------+
    |a_coeffs_address0  |  21|          4|    9|         36|
    |a_coeffs_address1  |  21|          4|    9|         36|
    |ap_NS_fsm          |  44|          9|    1|          9|
    |c5_reg_150         |   9|          2|    8|         16|
    |i_reg_138          |   9|          2|    7|         14|
    |j_reg_163          |   9|          2|    3|          6|
    |msg_address0       |  15|          3|   10|         30|
    |msg_d0             |  15|          3|    8|         24|
    +-------------------+----+-----------+-----+-----------+
    |Total              | 143|         29|   55|        171|
    +-------------------+----+-----------+-----+-----------+

    * Register: 
    +-----------------+---+----+-----+-----------+
    |       Name      | FF| LUT| Bits| Const Bits|
    +-----------------+---+----+-----+-----------+
    |ap_CS_fsm        |  8|   0|    8|          0|
    |c5_reg_150       |  8|   0|    8|          0|
    |c_1_reg_455      |  8|   0|    8|          0|
    |c_2_reg_471      |  8|   0|    8|          0|
    |c_3_reg_487      |  8|   0|    8|          0|
    |i_9_reg_433      |  7|   0|    7|          0|
    |i_reg_138        |  7|   0|    7|          0|
    |j_5_reg_506      |  3|   0|    3|          0|
    |j_reg_163        |  3|   0|    3|          0|
    |sum_reg_466      |  8|   0|    8|          0|
    |tmp_149_reg_424  |  8|   0|    8|          0|
    |tmp_163_reg_493  |  8|   0|    8|          0|
    |tmp_reg_438      |  9|   0|    9|          0|
    +-----------------+---+----+-----+-----------+
    |Total            | 93|   0|   93|          0|
    +-----------------+---+----+-----+-----------+



================================================================
== Interface
================================================================
* Summary: 
+-------------------+-----+-----+------------+-----------------+--------------+
|     RTL Ports     | Dir | Bits|  Protocol  |  Source Object  |    C Type    |
+-------------------+-----+-----+------------+-----------------+--------------+
|ap_clk             |  in |    1| ap_ctrl_hs | poly_S3_tobytes | return value |
|ap_rst             |  in |    1| ap_ctrl_hs | poly_S3_tobytes | return value |
|ap_start           |  in |    1| ap_ctrl_hs | poly_S3_tobytes | return value |
|ap_done            | out |    1| ap_ctrl_hs | poly_S3_tobytes | return value |
|ap_idle            | out |    1| ap_ctrl_hs | poly_S3_tobytes | return value |
|ap_ready           | out |    1| ap_ctrl_hs | poly_S3_tobytes | return value |
|msg_address0       | out |   10|  ap_memory |       msg       |     array    |
|msg_ce0            | out |    1|  ap_memory |       msg       |     array    |
|msg_we0            | out |    1|  ap_memory |       msg       |     array    |
|msg_d0             | out |    8|  ap_memory |       msg       |     array    |
|msg_offset         |  in |    9|   ap_none  |    msg_offset   |    scalar    |
|a_coeffs_address0  | out |    9|  ap_memory |     a_coeffs    |     array    |
|a_coeffs_ce0       | out |    1|  ap_memory |     a_coeffs    |     array    |
|a_coeffs_q0        |  in |   16|  ap_memory |     a_coeffs    |     array    |
|a_coeffs_address1  | out |    9|  ap_memory |     a_coeffs    |     array    |
|a_coeffs_ce1       | out |    1|  ap_memory |     a_coeffs    |     array    |
|a_coeffs_q1        |  in |   16|  ap_memory |     a_coeffs    |     array    |
+-------------------+-----+-----+------------+-----------------+--------------+

============================================================
+ Verbose Summary: Synthesis Manager
============================================================
InlineROM: 1
ExposeGlobal: 1
============================================================
+ Verbose Summary: CDFG Model
============================================================
IsTopModel: 0
ResetActiveHigh: 1
IsCombinational: 2
IsDatapathOnly: 2
HasWiredReturn: 1
HasMFsm: 0
HasVarLatency: 1
IsPipeline: 0
IsRtlPipelined: 0
IsInstanceOverlapped: 0
IsDontTouch: 0
HasImplIP: 0
IsGatedGlobalClock: 0


============================================================
+ Verbose Summary: Schedule
============================================================
* Number of FSM states : 8
* Pipeline : 0
* Dataflow Pipeline: 0

* FSM state transitions: 
1 --> 
	2  / true
2 --> 
	3  / (!exitcond)
	7  / (exitcond)
3 --> 
	4  / true
4 --> 
	5  / true
5 --> 
	6  / true
6 --> 
	2  / true
7 --> 
	8  / (!tmp_164)
8 --> 
	7  / true

* FSM state operations: 

State 1 <SV = 0> <Delay = 1.35>
ST_1 : Operation 9 [1/1] (0.00ns)   --->   "call void (...)* @_ssdm_op_SpecBRAMWithByteEnable([509 x i16]* %a_coeffs)"   --->   Operation 9 'specbramwithbyteenable' <Predicate = true> <Delay = 0.00>
ST_1 : Operation 10 [1/1] (0.00ns)   --->   "%msg_offset_read = call i9 @_ssdm_op_Read.ap_auto.i9(i9 %msg_offset)" [pack3.c:3]   --->   Operation 10 'read' 'msg_offset_read' <Predicate = true> <Delay = 0.00>
ST_1 : Operation 11 [1/1] (0.00ns)   --->   "%tmp_149 = trunc i9 %msg_offset_read to i8" [pack3.c:18]   --->   Operation 11 'trunc' 'tmp_149' <Predicate = true> <Delay = 0.00>
ST_1 : Operation 12 [1/1] (1.35ns)   --->   "br label %1" [pack3.c:11]   --->   Operation 12 'br' <Predicate = true> <Delay = 1.35>

State 2 <SV = 1> <Delay = 6.24>
ST_2 : Operation 13 [1/1] (0.00ns)   --->   "%i = phi i7 [ 0, %0 ], [ %i_9, %2 ]"   --->   Operation 13 'phi' 'i' <Predicate = true> <Delay = 0.00>
ST_2 : Operation 14 [1/1] (0.00ns)   --->   "%i_cast1 = zext i7 %i to i9" [pack3.c:11]   --->   Operation 14 'zext' 'i_cast1' <Predicate = true> <Delay = 0.00>
ST_2 : Operation 15 [1/1] (1.23ns)   --->   "%exitcond = icmp eq i7 %i, -27" [pack3.c:11]   --->   Operation 15 'icmp' 'exitcond' <Predicate = true> <Delay = 1.23> <Core = "Cmp">   --->   Core 25 'Cmp' <Latency = 0> <II = 1> <Delay = 1.23> <FuncUnit> <Opcode : 'icmp'> <InPorts = 2> <OutPorts = 1>
ST_2 : Operation 16 [1/1] (0.00ns)   --->   "%empty = call i32 (...)* @_ssdm_op_SpecLoopTripCount(i64 101, i64 101, i64 101)"   --->   Operation 16 'speclooptripcount' 'empty' <Predicate = true> <Delay = 0.00>
ST_2 : Operation 17 [1/1] (1.66ns)   --->   "%i_9 = add i7 %i, 1" [pack3.c:11]   --->   Operation 17 'add' 'i_9' <Predicate = true> <Delay = 1.66> <Core = "AddSub">   --->   Core 14 'AddSub' <Latency = 0> <II = 1> <Delay = 1.73> <FuncUnit> <Opcode : 'add' 'sub'> <InPorts = 2> <OutPorts = 1>
ST_2 : Operation 18 [1/1] (0.00ns)   --->   "br i1 %exitcond, label %.preheader.preheader, label %2" [pack3.c:11]   --->   Operation 18 'br' <Predicate = true> <Delay = 0.00>
ST_2 : Operation 19 [1/1] (0.00ns)   --->   "%p_shl7 = call i9 @_ssdm_op_BitConcatenate.i9.i7.i2(i7 %i, i2 0)" [pack3.c:13]   --->   Operation 19 'bitconcatenate' 'p_shl7' <Predicate = (!exitcond)> <Delay = 0.00>
ST_2 : Operation 20 [1/1] (1.73ns)   --->   "%tmp = add i9 %p_shl7, %i_cast1" [pack3.c:13]   --->   Operation 20 'add' 'tmp' <Predicate = (!exitcond)> <Delay = 1.73> <Core = "AddSub">   --->   Core 14 'AddSub' <Latency = 0> <II = 1> <Delay = 1.73> <FuncUnit> <Opcode : 'add' 'sub'> <InPorts = 2> <OutPorts = 1>
ST_2 : Operation 21 [1/1] (1.73ns)   --->   "%tmp_s = add i9 4, %tmp" [pack3.c:13]   --->   Operation 21 'add' 'tmp_s' <Predicate = (!exitcond)> <Delay = 1.73> <Core = "AddSub">   --->   Core 14 'AddSub' <Latency = 0> <II = 1> <Delay = 1.73> <FuncUnit> <Opcode : 'add' 'sub'> <InPorts = 2> <OutPorts = 1>
ST_2 : Operation 22 [1/1] (0.00ns)   --->   "%tmp_135 = zext i9 %tmp_s to i64" [pack3.c:13]   --->   Operation 22 'zext' 'tmp_135' <Predicate = (!exitcond)> <Delay = 0.00>
ST_2 : Operation 23 [1/1] (0.00ns)   --->   "%a_coeffs_addr = getelementptr [509 x i16]* %a_coeffs, i64 0, i64 %tmp_135" [pack3.c:13]   --->   Operation 23 'getelementptr' 'a_coeffs_addr' <Predicate = (!exitcond)> <Delay = 0.00>
ST_2 : Operation 24 [2/2] (2.77ns)   --->   "%a_coeffs_load = load i16* %a_coeffs_addr, align 2" [pack3.c:13]   --->   Operation 24 'load' 'a_coeffs_load' <Predicate = (!exitcond)> <Delay = 2.77> <Core = "RAM">   --->   Core 37 'RAM' <Latency = 1> <II = 1> <Delay = 2.77> <Storage> <Opcode : 'load' 'store'> <Ports = 2> <Width = 16> <Depth = 509> <RAM>
ST_2 : Operation 25 [1/1] (1.73ns)   --->   "%tmp_137 = add i9 3, %tmp" [pack3.c:14]   --->   Operation 25 'add' 'tmp_137' <Predicate = (!exitcond)> <Delay = 1.73> <Core = "AddSub">   --->   Core 14 'AddSub' <Latency = 0> <II = 1> <Delay = 1.73> <FuncUnit> <Opcode : 'add' 'sub'> <InPorts = 2> <OutPorts = 1>
ST_2 : Operation 26 [1/1] (0.00ns)   --->   "%tmp_138 = zext i9 %tmp_137 to i64" [pack3.c:14]   --->   Operation 26 'zext' 'tmp_138' <Predicate = (!exitcond)> <Delay = 0.00>
ST_2 : Operation 27 [1/1] (0.00ns)   --->   "%a_coeffs_addr_3 = getelementptr [509 x i16]* %a_coeffs, i64 0, i64 %tmp_138" [pack3.c:14]   --->   Operation 27 'getelementptr' 'a_coeffs_addr_3' <Predicate = (!exitcond)> <Delay = 0.00>
ST_2 : Operation 28 [2/2] (2.77ns)   --->   "%a_coeffs_load_3 = load i16* %a_coeffs_addr_3, align 2" [pack3.c:14]   --->   Operation 28 'load' 'a_coeffs_load_3' <Predicate = (!exitcond)> <Delay = 2.77> <Core = "RAM">   --->   Core 37 'RAM' <Latency = 1> <II = 1> <Delay = 2.77> <Storage> <Opcode : 'load' 'store'> <Ports = 2> <Width = 16> <Depth = 509> <RAM>
ST_2 : Operation 29 [1/1] (1.35ns)   --->   "br label %.preheader" [pack3.c:23]   --->   Operation 29 'br' <Predicate = (exitcond)> <Delay = 1.35>

State 3 <SV = 2> <Delay = 5.79>
ST_3 : Operation 30 [1/2] (2.77ns)   --->   "%a_coeffs_load = load i16* %a_coeffs_addr, align 2" [pack3.c:13]   --->   Operation 30 'load' 'a_coeffs_load' <Predicate = true> <Delay = 2.77> <Core = "RAM">   --->   Core 37 'RAM' <Latency = 1> <II = 1> <Delay = 2.77> <Storage> <Opcode : 'load' 'store'> <Ports = 2> <Width = 16> <Depth = 509> <RAM>
ST_3 : Operation 31 [1/1] (0.00ns)   --->   "%c = trunc i16 %a_coeffs_load to i8" [pack3.c:13]   --->   Operation 31 'trunc' 'c' <Predicate = true> <Delay = 0.00>
ST_3 : Operation 32 [1/1] (0.00ns)   --->   "%tmp_153 = trunc i16 %a_coeffs_load to i6" [pack3.c:13]   --->   Operation 32 'trunc' 'tmp_153' <Predicate = true> <Delay = 0.00>
ST_3 : Operation 33 [1/1] (0.00ns)   --->   "%p_shl6 = call i8 @_ssdm_op_BitConcatenate.i8.i6.i2(i6 %tmp_153, i2 0)" [pack3.c:14]   --->   Operation 33 'bitconcatenate' 'p_shl6' <Predicate = true> <Delay = 0.00>
ST_3 : Operation 34 [1/1] (0.00ns) (grouped into TernaryAdder)   --->   "%tmp_136 = sub i8 %p_shl6, %c" [pack3.c:14]   --->   Operation 34 'sub' 'tmp_136' <Predicate = true> <Delay = 0.00> <Core = "TAddSub">   --->   Core 84 'TAddSub' <Latency = 0> <II = 1> <Delay = 1.56> <IPBlock> <Opcode : 'add' 'sub'> <InPorts = 3> <OutPorts = 1> <Sync> <CReg>
ST_3 : Operation 35 [1/2] (2.77ns)   --->   "%a_coeffs_load_3 = load i16* %a_coeffs_addr_3, align 2" [pack3.c:14]   --->   Operation 35 'load' 'a_coeffs_load_3' <Predicate = true> <Delay = 2.77> <Core = "RAM">   --->   Core 37 'RAM' <Latency = 1> <II = 1> <Delay = 2.77> <Storage> <Opcode : 'load' 'store'> <Ports = 2> <Width = 16> <Depth = 509> <RAM>
ST_3 : Operation 36 [1/1] (0.00ns)   --->   "%tmp_157 = trunc i16 %a_coeffs_load_3 to i8" [pack3.c:14]   --->   Operation 36 'trunc' 'tmp_157' <Predicate = true> <Delay = 0.00>
ST_3 : Operation 37 [1/1] (3.02ns) (root node of TernaryAdder)   --->   "%c_1 = add i8 %tmp_136, %tmp_157" [pack3.c:14]   --->   Operation 37 'add' 'c_1' <Predicate = true> <Delay = 3.02> <Core = "TAddSub">   --->   Core 84 'TAddSub' <Latency = 0> <II = 1> <Delay = 1.56> <IPBlock> <Opcode : 'add' 'sub'> <InPorts = 3> <OutPorts = 1> <Sync> <CReg>
ST_3 : Operation 38 [1/1] (1.73ns)   --->   "%tmp_140 = add i9 2, %tmp" [pack3.c:15]   --->   Operation 38 'add' 'tmp_140' <Predicate = true> <Delay = 1.73> <Core = "AddSub">   --->   Core 14 'AddSub' <Latency = 0> <II = 1> <Delay = 1.73> <FuncUnit> <Opcode : 'add' 'sub'> <InPorts = 2> <OutPorts = 1>
ST_3 : Operation 39 [1/1] (0.00ns)   --->   "%tmp_141 = zext i9 %tmp_140 to i64" [pack3.c:15]   --->   Operation 39 'zext' 'tmp_141' <Predicate = true> <Delay = 0.00>
ST_3 : Operation 40 [1/1] (0.00ns)   --->   "%a_coeffs_addr_4 = getelementptr [509 x i16]* %a_coeffs, i64 0, i64 %tmp_141" [pack3.c:15]   --->   Operation 40 'getelementptr' 'a_coeffs_addr_4' <Predicate = true> <Delay = 0.00>
ST_3 : Operation 41 [2/2] (2.77ns)   --->   "%a_coeffs_load_4 = load i16* %a_coeffs_addr_4, align 2" [pack3.c:15]   --->   Operation 41 'load' 'a_coeffs_load_4' <Predicate = true> <Delay = 2.77> <Core = "RAM">   --->   Core 37 'RAM' <Latency = 1> <II = 1> <Delay = 2.77> <Storage> <Opcode : 'load' 'store'> <Ports = 2> <Width = 16> <Depth = 509> <RAM>
ST_3 : Operation 42 [1/1] (0.00ns)   --->   "%tmp_236_cast = zext i7 %i to i8" [pack3.c:18]   --->   Operation 42 'zext' 'tmp_236_cast' <Predicate = true> <Delay = 0.00>
ST_3 : Operation 43 [1/1] (1.71ns)   --->   "%sum = add i8 %tmp_236_cast, %tmp_149" [pack3.c:18]   --->   Operation 43 'add' 'sum' <Predicate = true> <Delay = 1.71> <Core = "AddSub">   --->   Core 14 'AddSub' <Latency = 0> <II = 1> <Delay = 1.73> <FuncUnit> <Opcode : 'add' 'sub'> <InPorts = 2> <OutPorts = 1>

State 4 <SV = 3> <Delay = 5.79>
ST_4 : Operation 44 [1/1] (0.00ns)   --->   "%tmp_158 = shl i8 %c_1, 2" [pack3.c:15]   --->   Operation 44 'shl' 'tmp_158' <Predicate = true> <Delay = 0.00>
ST_4 : Operation 45 [1/1] (0.00ns) (grouped into TernaryAdder)   --->   "%tmp_139 = sub i8 %tmp_158, %c_1" [pack3.c:15]   --->   Operation 45 'sub' 'tmp_139' <Predicate = true> <Delay = 0.00> <Core = "TAddSub">   --->   Core 84 'TAddSub' <Latency = 0> <II = 1> <Delay = 1.56> <IPBlock> <Opcode : 'add' 'sub'> <InPorts = 3> <OutPorts = 1> <Sync> <CReg>
ST_4 : Operation 46 [1/2] (2.77ns)   --->   "%a_coeffs_load_4 = load i16* %a_coeffs_addr_4, align 2" [pack3.c:15]   --->   Operation 46 'load' 'a_coeffs_load_4' <Predicate = true> <Delay = 2.77> <Core = "RAM">   --->   Core 37 'RAM' <Latency = 1> <II = 1> <Delay = 2.77> <Storage> <Opcode : 'load' 'store'> <Ports = 2> <Width = 16> <Depth = 509> <RAM>
ST_4 : Operation 47 [1/1] (0.00ns)   --->   "%tmp_159 = trunc i16 %a_coeffs_load_4 to i8" [pack3.c:15]   --->   Operation 47 'trunc' 'tmp_159' <Predicate = true> <Delay = 0.00>
ST_4 : Operation 48 [1/1] (3.02ns) (root node of TernaryAdder)   --->   "%c_2 = add i8 %tmp_159, %tmp_139" [pack3.c:15]   --->   Operation 48 'add' 'c_2' <Predicate = true> <Delay = 3.02> <Core = "TAddSub">   --->   Core 84 'TAddSub' <Latency = 0> <II = 1> <Delay = 1.56> <IPBlock> <Opcode : 'add' 'sub'> <InPorts = 3> <OutPorts = 1> <Sync> <CReg>
ST_4 : Operation 49 [1/1] (1.73ns)   --->   "%tmp_143 = add i9 1, %tmp" [pack3.c:16]   --->   Operation 49 'add' 'tmp_143' <Predicate = true> <Delay = 1.73> <Core = "AddSub">   --->   Core 14 'AddSub' <Latency = 0> <II = 1> <Delay = 1.73> <FuncUnit> <Opcode : 'add' 'sub'> <InPorts = 2> <OutPorts = 1>
ST_4 : Operation 50 [1/1] (0.00ns)   --->   "%tmp_144 = zext i9 %tmp_143 to i64" [pack3.c:16]   --->   Operation 50 'zext' 'tmp_144' <Predicate = true> <Delay = 0.00>
ST_4 : Operation 51 [1/1] (0.00ns)   --->   "%a_coeffs_addr_5 = getelementptr [509 x i16]* %a_coeffs, i64 0, i64 %tmp_144" [pack3.c:16]   --->   Operation 51 'getelementptr' 'a_coeffs_addr_5' <Predicate = true> <Delay = 0.00>
ST_4 : Operation 52 [2/2] (2.77ns)   --->   "%a_coeffs_load_5 = load i16* %a_coeffs_addr_5, align 2" [pack3.c:16]   --->   Operation 52 'load' 'a_coeffs_load_5' <Predicate = true> <Delay = 2.77> <Core = "RAM">   --->   Core 37 'RAM' <Latency = 1> <II = 1> <Delay = 2.77> <Storage> <Opcode : 'load' 'store'> <Ports = 2> <Width = 16> <Depth = 509> <RAM>
ST_4 : Operation 53 [1/1] (0.00ns)   --->   "%tmp_146 = zext i9 %tmp to i64" [pack3.c:17]   --->   Operation 53 'zext' 'tmp_146' <Predicate = true> <Delay = 0.00>
ST_4 : Operation 54 [1/1] (0.00ns)   --->   "%a_coeffs_addr_6 = getelementptr [509 x i16]* %a_coeffs, i64 0, i64 %tmp_146" [pack3.c:17]   --->   Operation 54 'getelementptr' 'a_coeffs_addr_6' <Predicate = true> <Delay = 0.00>
ST_4 : Operation 55 [2/2] (2.77ns)   --->   "%a_coeffs_load_6 = load i16* %a_coeffs_addr_6, align 2" [pack3.c:17]   --->   Operation 55 'load' 'a_coeffs_load_6' <Predicate = true> <Delay = 2.77> <Core = "RAM">   --->   Core 37 'RAM' <Latency = 1> <II = 1> <Delay = 2.77> <Storage> <Opcode : 'load' 'store'> <Ports = 2> <Width = 16> <Depth = 509> <RAM>

State 5 <SV = 4> <Delay = 5.79>
ST_5 : Operation 56 [1/1] (0.00ns)   --->   "%tmp_160 = shl i8 %c_2, 2" [pack3.c:16]   --->   Operation 56 'shl' 'tmp_160' <Predicate = true> <Delay = 0.00>
ST_5 : Operation 57 [1/1] (0.00ns) (grouped into TernaryAdder)   --->   "%tmp_142 = sub i8 %tmp_160, %c_2" [pack3.c:16]   --->   Operation 57 'sub' 'tmp_142' <Predicate = true> <Delay = 0.00> <Core = "TAddSub">   --->   Core 84 'TAddSub' <Latency = 0> <II = 1> <Delay = 1.56> <IPBlock> <Opcode : 'add' 'sub'> <InPorts = 3> <OutPorts = 1> <Sync> <CReg>
ST_5 : Operation 58 [1/2] (2.77ns)   --->   "%a_coeffs_load_5 = load i16* %a_coeffs_addr_5, align 2" [pack3.c:16]   --->   Operation 58 'load' 'a_coeffs_load_5' <Predicate = true> <Delay = 2.77> <Core = "RAM">   --->   Core 37 'RAM' <Latency = 1> <II = 1> <Delay = 2.77> <Storage> <Opcode : 'load' 'store'> <Ports = 2> <Width = 16> <Depth = 509> <RAM>
ST_5 : Operation 59 [1/1] (0.00ns)   --->   "%tmp_161 = trunc i16 %a_coeffs_load_5 to i8" [pack3.c:16]   --->   Operation 59 'trunc' 'tmp_161' <Predicate = true> <Delay = 0.00>
ST_5 : Operation 60 [1/1] (3.02ns) (root node of TernaryAdder)   --->   "%c_3 = add i8 %tmp_161, %tmp_142" [pack3.c:16]   --->   Operation 60 'add' 'c_3' <Predicate = true> <Delay = 3.02> <Core = "TAddSub">   --->   Core 84 'TAddSub' <Latency = 0> <II = 1> <Delay = 1.56> <IPBlock> <Opcode : 'add' 'sub'> <InPorts = 3> <OutPorts = 1> <Sync> <CReg>
ST_5 : Operation 61 [1/2] (2.77ns)   --->   "%a_coeffs_load_6 = load i16* %a_coeffs_addr_6, align 2" [pack3.c:17]   --->   Operation 61 'load' 'a_coeffs_load_6' <Predicate = true> <Delay = 2.77> <Core = "RAM">   --->   Core 37 'RAM' <Latency = 1> <II = 1> <Delay = 2.77> <Storage> <Opcode : 'load' 'store'> <Ports = 2> <Width = 16> <Depth = 509> <RAM>
ST_5 : Operation 62 [1/1] (0.00ns)   --->   "%tmp_163 = trunc i16 %a_coeffs_load_6 to i8" [pack3.c:17]   --->   Operation 62 'trunc' 'tmp_163' <Predicate = true> <Delay = 0.00>

State 6 <SV = 5> <Delay = 5.79>
ST_6 : Operation 63 [1/1] (0.00ns)   --->   "%tmp_162 = shl i8 %c_3, 2" [pack3.c:17]   --->   Operation 63 'shl' 'tmp_162' <Predicate = true> <Delay = 0.00>
ST_6 : Operation 64 [1/1] (0.00ns) (grouped into TernaryAdder)   --->   "%tmp_145 = sub i8 %tmp_162, %c_3" [pack3.c:17]   --->   Operation 64 'sub' 'tmp_145' <Predicate = true> <Delay = 0.00> <Core = "TAddSub">   --->   Core 84 'TAddSub' <Latency = 0> <II = 1> <Delay = 1.56> <IPBlock> <Opcode : 'add' 'sub'> <InPorts = 3> <OutPorts = 1> <Sync> <CReg>
ST_6 : Operation 65 [1/1] (3.02ns) (root node of TernaryAdder)   --->   "%c_4 = add i8 %tmp_163, %tmp_145" [pack3.c:17]   --->   Operation 65 'add' 'c_4' <Predicate = true> <Delay = 3.02> <Core = "TAddSub">   --->   Core 84 'TAddSub' <Latency = 0> <II = 1> <Delay = 1.56> <IPBlock> <Opcode : 'add' 'sub'> <InPorts = 3> <OutPorts = 1> <Sync> <CReg>
ST_6 : Operation 66 [1/1] (0.00ns)   --->   "%sum_cast = zext i8 %sum to i64" [pack3.c:18]   --->   Operation 66 'zext' 'sum_cast' <Predicate = true> <Delay = 0.00>
ST_6 : Operation 67 [1/1] (0.00ns)   --->   "%msg_addr = getelementptr [935 x i8]* %msg, i64 0, i64 %sum_cast" [pack3.c:18]   --->   Operation 67 'getelementptr' 'msg_addr' <Predicate = true> <Delay = 0.00>
ST_6 : Operation 68 [1/1] (2.77ns)   --->   "store i8 %c_4, i8* %msg_addr, align 1" [pack3.c:18]   --->   Operation 68 'store' <Predicate = true> <Delay = 2.77> <Core = "RAM">   --->   Core 37 'RAM' <Latency = 1> <II = 1> <Delay = 2.77> <Storage> <Opcode : 'load' 'store'> <Ports = 2> <Width = 16> <Depth = 509> <RAM>
ST_6 : Operation 69 [1/1] (0.00ns)   --->   "br label %1" [pack3.c:11]   --->   Operation 69 'br' <Predicate = true> <Delay = 0.00>

State 7 <SV = 2> <Delay = 4.49>
ST_7 : Operation 70 [1/1] (0.00ns)   --->   "%c5 = phi i8 [ %c_5, %3 ], [ 0, %.preheader.preheader ]"   --->   Operation 70 'phi' 'c5' <Predicate = true> <Delay = 0.00>
ST_7 : Operation 71 [1/1] (0.00ns)   --->   "%j = phi i3 [ %j_5, %3 ], [ 2, %.preheader.preheader ]"   --->   Operation 71 'phi' 'j' <Predicate = true> <Delay = 0.00>
ST_7 : Operation 72 [1/1] (0.00ns)   --->   "%j_cast_cast = sext i3 %j to i4" [pack3.c:23]   --->   Operation 72 'sext' 'j_cast_cast' <Predicate = true> <Delay = 0.00>
ST_7 : Operation 73 [1/1] (0.00ns)   --->   "%tmp_164 = call i1 @_ssdm_op_BitSelect.i1.i3.i32(i3 %j, i32 2)" [pack3.c:23]   --->   Operation 73 'bitselect' 'tmp_164' <Predicate = true> <Delay = 0.00>
ST_7 : Operation 74 [1/1] (0.00ns)   --->   "%empty_41 = call i32 (...)* @_ssdm_op_SpecLoopTripCount(i64 3, i64 3, i64 3)"   --->   Operation 74 'speclooptripcount' 'empty_41' <Predicate = true> <Delay = 0.00>
ST_7 : Operation 75 [1/1] (0.00ns)   --->   "br i1 %tmp_164, label %4, label %3" [pack3.c:23]   --->   Operation 75 'br' <Predicate = true> <Delay = 0.00>
ST_7 : Operation 76 [1/1] (1.49ns)   --->   "%tmp_148 = add i4 -7, %j_cast_cast" [pack3.c:24]   --->   Operation 76 'add' 'tmp_148' <Predicate = (!tmp_164)> <Delay = 1.49> <Core = "AddSub">   --->   Core 14 'AddSub' <Latency = 0> <II = 1> <Delay = 1.73> <FuncUnit> <Opcode : 'add' 'sub'> <InPorts = 2> <OutPorts = 1>
ST_7 : Operation 77 [1/1] (0.00ns)   --->   "%tmp_238_cast4 = sext i4 %tmp_148 to i9" [pack3.c:24]   --->   Operation 77 'sext' 'tmp_238_cast4' <Predicate = (!tmp_164)> <Delay = 0.00>
ST_7 : Operation 78 [1/1] (0.00ns)   --->   "%tmp_150 = zext i9 %tmp_238_cast4 to i64" [pack3.c:24]   --->   Operation 78 'zext' 'tmp_150' <Predicate = (!tmp_164)> <Delay = 0.00>
ST_7 : Operation 79 [1/1] (0.00ns)   --->   "%a_coeffs_addr_7 = getelementptr [509 x i16]* %a_coeffs, i64 0, i64 %tmp_150" [pack3.c:24]   --->   Operation 79 'getelementptr' 'a_coeffs_addr_7' <Predicate = (!tmp_164)> <Delay = 0.00>
ST_7 : Operation 80 [2/2] (2.77ns)   --->   "%a_coeffs_load_7 = load i16* %a_coeffs_addr_7, align 2" [pack3.c:24]   --->   Operation 80 'load' 'a_coeffs_load_7' <Predicate = (!tmp_164)> <Delay = 2.77> <Core = "RAM">   --->   Core 37 'RAM' <Latency = 1> <II = 1> <Delay = 2.77> <Storage> <Opcode : 'load' 'store'> <Ports = 2> <Width = 16> <Depth = 509> <RAM>
ST_7 : Operation 81 [1/1] (1.34ns)   --->   "%j_5 = add i3 -1, %j" [pack3.c:23]   --->   Operation 81 'add' 'j_5' <Predicate = (!tmp_164)> <Delay = 1.34> <Core = "AddSub">   --->   Core 14 'AddSub' <Latency = 0> <II = 1> <Delay = 1.73> <FuncUnit> <Opcode : 'add' 'sub'> <InPorts = 2> <OutPorts = 1>
ST_7 : Operation 82 [1/1] (1.71ns)   --->   "%sum2 = add i8 %tmp_149, 101" [pack3.c:25]   --->   Operation 82 'add' 'sum2' <Predicate = (tmp_164)> <Delay = 1.71> <Core = "AddSub">   --->   Core 14 'AddSub' <Latency = 0> <II = 1> <Delay = 1.73> <FuncUnit> <Opcode : 'add' 'sub'> <InPorts = 2> <OutPorts = 1>
ST_7 : Operation 83 [1/1] (0.00ns)   --->   "%sum2_cast = zext i8 %sum2 to i64" [pack3.c:25]   --->   Operation 83 'zext' 'sum2_cast' <Predicate = (tmp_164)> <Delay = 0.00>
ST_7 : Operation 84 [1/1] (0.00ns)   --->   "%msg_addr_1 = getelementptr [935 x i8]* %msg, i64 0, i64 %sum2_cast" [pack3.c:25]   --->   Operation 84 'getelementptr' 'msg_addr_1' <Predicate = (tmp_164)> <Delay = 0.00>
ST_7 : Operation 85 [1/1] (2.77ns)   --->   "store i8 %c5, i8* %msg_addr_1, align 1" [pack3.c:25]   --->   Operation 85 'store' <Predicate = (tmp_164)> <Delay = 2.77> <Core = "RAM">   --->   Core 37 'RAM' <Latency = 1> <II = 1> <Delay = 2.77> <Storage> <Opcode : 'load' 'store'> <Ports = 2> <Width = 16> <Depth = 509> <RAM>
ST_7 : Operation 86 [1/1] (0.00ns)   --->   "ret void" [pack3.c:27]   --->   Operation 86 'ret' <Predicate = (tmp_164)> <Delay = 0.00>

State 8 <SV = 3> <Delay = 5.79>
ST_8 : Operation 87 [1/1] (0.00ns)   --->   "%tmp_165 = shl i8 %c5, 2" [pack3.c:24]   --->   Operation 87 'shl' 'tmp_165' <Predicate = true> <Delay = 0.00>
ST_8 : Operation 88 [1/1] (0.00ns) (grouped into TernaryAdder)   --->   "%tmp_147 = sub i8 %tmp_165, %c5" [pack3.c:24]   --->   Operation 88 'sub' 'tmp_147' <Predicate = true> <Delay = 0.00> <Core = "TAddSub">   --->   Core 84 'TAddSub' <Latency = 0> <II = 1> <Delay = 1.56> <IPBlock> <Opcode : 'add' 'sub'> <InPorts = 3> <OutPorts = 1> <Sync> <CReg>
ST_8 : Operation 89 [1/2] (2.77ns)   --->   "%a_coeffs_load_7 = load i16* %a_coeffs_addr_7, align 2" [pack3.c:24]   --->   Operation 89 'load' 'a_coeffs_load_7' <Predicate = true> <Delay = 2.77> <Core = "RAM">   --->   Core 37 'RAM' <Latency = 1> <II = 1> <Delay = 2.77> <Storage> <Opcode : 'load' 'store'> <Ports = 2> <Width = 16> <Depth = 509> <RAM>
ST_8 : Operation 90 [1/1] (0.00ns)   --->   "%tmp_166 = trunc i16 %a_coeffs_load_7 to i8" [pack3.c:24]   --->   Operation 90 'trunc' 'tmp_166' <Predicate = true> <Delay = 0.00>
ST_8 : Operation 91 [1/1] (3.02ns) (root node of TernaryAdder)   --->   "%c_5 = add i8 %tmp_147, %tmp_166" [pack3.c:24]   --->   Operation 91 'add' 'c_5' <Predicate = true> <Delay = 3.02> <Core = "TAddSub">   --->   Core 84 'TAddSub' <Latency = 0> <II = 1> <Delay = 1.56> <IPBlock> <Opcode : 'add' 'sub'> <InPorts = 3> <OutPorts = 1> <Sync> <CReg>
ST_8 : Operation 92 [1/1] (0.00ns)   --->   "br label %.preheader" [pack3.c:23]   --->   Operation 92 'br' <Predicate = true> <Delay = 0.00>


============================================================
+ Verbose Summary: Binding
============================================================
STG Binding: 
---------------- STG Properties BEGIN ----------------
- Is combinational: 0
- Is one-state seq: 0
- Is datapath-only: 0
- Is pipelined: 0
- Is top level: 0
Port [ Return ] is wired: 1; IO mode=ap_ctrl_hs:ce=0
Port [ msg]:  wired=1; compound=1; hidden=0; nouse=0; global=0; static=0; extern=0; dir=1; type=1; pingpong=0; private_global=0; MemPort=[03]; IO mode=ap_memory:ce=0
Port [ msg_offset]:  wired=1; compound=0; hidden=0; nouse=0; global=0; static=0; extern=0; dir=0; type=0; pingpong=0; private_global=0; IO mode=ap_none:ce=0
Port [ a_coeffs]:  wired=1; compound=1; hidden=0; nouse=0; global=0; static=0; extern=0; dir=0; type=1; pingpong=0; private_global=0; MemPort=[11]; IO mode=ap_memory:ce=0
---------------- STG Properties END ------------------

---------------- Datapath Model BEGIN ----------------

<LifeTime>
<method=bitvector/>
StgValue_9      (specbramwithbyteenable) [ 000000000]
msg_offset_read (read                  ) [ 000000000]
tmp_149         (trunc                 ) [ 001111111]
StgValue_12     (br                    ) [ 011111100]
i               (phi                   ) [ 001100000]
i_cast1         (zext                  ) [ 000000000]
exitcond        (icmp                  ) [ 001111100]
empty           (speclooptripcount     ) [ 000000000]
i_9             (add                   ) [ 011111100]
StgValue_18     (br                    ) [ 000000000]
p_shl7          (bitconcatenate        ) [ 000000000]
tmp             (add                   ) [ 000110000]
tmp_s           (add                   ) [ 000000000]
tmp_135         (zext                  ) [ 000000000]
a_coeffs_addr   (getelementptr         ) [ 000100000]
tmp_137         (add                   ) [ 000000000]
tmp_138         (zext                  ) [ 000000000]
a_coeffs_addr_3 (getelementptr         ) [ 000100000]
StgValue_29     (br                    ) [ 001111111]
a_coeffs_load   (load                  ) [ 000000000]
c               (trunc                 ) [ 000000000]
tmp_153         (trunc                 ) [ 000000000]
p_shl6          (bitconcatenate        ) [ 000000000]
tmp_136         (sub                   ) [ 000000000]
a_coeffs_load_3 (load                  ) [ 000000000]
tmp_157         (trunc                 ) [ 000000000]
c_1             (add                   ) [ 000010000]
tmp_140         (add                   ) [ 000000000]
tmp_141         (zext                  ) [ 000000000]
a_coeffs_addr_4 (getelementptr         ) [ 000010000]
tmp_236_cast    (zext                  ) [ 000000000]
sum             (add                   ) [ 000011100]
tmp_158         (shl                   ) [ 000000000]
tmp_139         (sub                   ) [ 000000000]
a_coeffs_load_4 (load                  ) [ 000000000]
tmp_159         (trunc                 ) [ 000000000]
c_2             (add                   ) [ 000001000]
tmp_143         (add                   ) [ 000000000]
tmp_144         (zext                  ) [ 000000000]
a_coeffs_addr_5 (getelementptr         ) [ 000001000]
tmp_146         (zext                  ) [ 000000000]
a_coeffs_addr_6 (getelementptr         ) [ 000001000]
tmp_160         (shl                   ) [ 000000000]
tmp_142         (sub                   ) [ 000000000]
a_coeffs_load_5 (load                  ) [ 000000000]
tmp_161         (trunc                 ) [ 000000000]
c_3             (add                   ) [ 000000100]
a_coeffs_load_6 (load                  ) [ 000000000]
tmp_163         (trunc                 ) [ 000000100]
tmp_162         (shl                   ) [ 000000000]
tmp_145         (sub                   ) [ 000000000]
c_4             (add                   ) [ 000000000]
sum_cast        (zext                  ) [ 000000000]
msg_addr        (getelementptr         ) [ 000000000]
StgValue_68     (store                 ) [ 000000000]
StgValue_69     (br                    ) [ 011111100]
c5              (phi                   ) [ 000000011]
j               (phi                   ) [ 000000010]
j_cast_cast     (sext                  ) [ 000000000]
tmp_164         (bitselect             ) [ 000000011]
empty_41        (speclooptripcount     ) [ 000000000]
StgValue_75     (br                    ) [ 000000000]
tmp_148         (add                   ) [ 000000000]
tmp_238_cast4   (sext                  ) [ 000000000]
tmp_150         (zext                  ) [ 000000000]
a_coeffs_addr_7 (getelementptr         ) [ 000000001]
j_5             (add                   ) [ 001000011]
sum2            (add                   ) [ 000000000]
sum2_cast       (zext                  ) [ 000000000]
msg_addr_1      (getelementptr         ) [ 000000000]
StgValue_85     (store                 ) [ 000000000]
StgValue_86     (ret                   ) [ 000000000]
tmp_165         (shl                   ) [ 000000000]
tmp_147         (sub                   ) [ 000000000]
a_coeffs_load_7 (load                  ) [ 000000000]
tmp_166         (trunc                 ) [ 000000000]
c_5             (add                   ) [ 001000011]
StgValue_92     (br                    ) [ 001000011]
</LifeTime>

<model>

<comp_list>
<comp id="0" class="1000" name="msg">
<pin_list>
<pin id="1" dir="1" index="0" bw="1" slack="0"/>
</pin_list>
<bind>
<StgValue><ssdm name="msg"/><MemPortTyVec>0 3 </MemPortTyVec>
</StgValue>
</bind>
</comp>

<comp id="2" class="1000" name="msg_offset">
<pin_list>
<pin id="3" dir="1" index="0" bw="1" slack="0"/>
</pin_list>
<bind>
<StgValue><ssdm name="msg_offset"/></StgValue>
</bind>
</comp>

<comp id="4" class="1000" name="a_coeffs">
<pin_list>
<pin id="5" dir="1" index="0" bw="1" slack="0"/>
</pin_list>
<bind>
<StgValue><ssdm name="a_coeffs"/><MemPortTyVec>1 1 </MemPortTyVec>
</StgValue>
</bind>
</comp>

<comp id="6" class="1001" name="const_6">
<pin_list>
<pin id="7" dir="1" index="0" bw="1" slack="2147483647"/>
</pin_list>
<bind>
<StgValue><ssdm name="_ssdm_op_SpecBRAMWithByteEnable"/></StgValue>
</bind>
</comp>

<comp id="8" class="1001" name="const_8">
<pin_list>
<pin id="9" dir="1" index="0" bw="1" slack="0"/>
</pin_list>
<bind>
<StgValue><ssdm name="_ssdm_op_Read.ap_auto.i9"/></StgValue>
</bind>
</comp>

<comp id="10" class="1001" name="const_10">
<pin_list>
<pin id="11" dir="1" index="0" bw="1" slack="1"/>
</pin_list>
<bind>
<StgValue><ssdm name=""/></StgValue>
</bind>
</comp>

<comp id="12" class="1001" name="const_12">
<pin_list>
<pin id="13" dir="1" index="0" bw="1" slack="0"/>
</pin_list>
<bind>
<StgValue><ssdm name=""/></StgValue>
</bind>
</comp>

<comp id="14" class="1001" name="const_14">
<pin_list>
<pin id="15" dir="1" index="0" bw="1" slack="2147483647"/>
</pin_list>
<bind>
<StgValue><ssdm name="_ssdm_op_SpecLoopTripCount"/></StgValue>
</bind>
</comp>

<comp id="16" class="1001" name="const_16">
<pin_list>
<pin id="17" dir="1" index="0" bw="1" slack="2147483647"/>
</pin_list>
<bind>
<StgValue><ssdm name=""/></StgValue>
</bind>
</comp>

<comp id="18" class="1001" name="const_18">
<pin_list>
<pin id="19" dir="1" index="0" bw="1" slack="0"/>
</pin_list>
<bind>
<StgValue><ssdm name=""/></StgValue>
</bind>
</comp>

<comp id="20" class="1001" name="const_20">
<pin_list>
<pin id="21" dir="1" index="0" bw="1" slack="0"/>
</pin_list>
<bind>
<StgValue><ssdm name="_ssdm_op_BitConcatenate.i9.i7.i2"/></StgValue>
</bind>
</comp>

<comp id="22" class="1001" name="const_22">
<pin_list>
<pin id="23" dir="1" index="0" bw="1" slack="0"/>
</pin_list>
<bind>
<StgValue><ssdm name=""/></StgValue>
</bind>
</comp>

<comp id="24" class="1001" name="const_24">
<pin_list>
<pin id="25" dir="1" index="0" bw="1" slack="0"/>
</pin_list>
<bind>
<StgValue><ssdm name=""/></StgValue>
</bind>
</comp>

<comp id="26" class="1001" name="const_26">
<pin_list>
<pin id="27" dir="1" index="0" bw="1" slack="0"/>
</pin_list>
<bind>
<StgValue><ssdm name=""/></StgValue>
</bind>
</comp>

<comp id="28" class="1001" name="const_28">
<pin_list>
<pin id="29" dir="1" index="0" bw="1" slack="0"/>
</pin_list>
<bind>
<StgValue><ssdm name=""/></StgValue>
</bind>
</comp>

<comp id="30" class="1001" name="const_30">
<pin_list>
<pin id="31" dir="1" index="0" bw="1" slack="0"/>
</pin_list>
<bind>
<StgValue><ssdm name="_ssdm_op_BitConcatenate.i8.i6.i2"/></StgValue>
</bind>
</comp>

<comp id="32" class="1001" name="const_32">
<pin_list>
<pin id="33" dir="1" index="0" bw="1" slack="0"/>
</pin_list>
<bind>
<StgValue><ssdm name=""/></StgValue>
</bind>
</comp>

<comp id="34" class="1001" name="const_34">
<pin_list>
<pin id="35" dir="1" index="0" bw="1" slack="0"/>
</pin_list>
<bind>
<StgValue><ssdm name=""/></StgValue>
</bind>
</comp>

<comp id="36" class="1001" name="const_36">
<pin_list>
<pin id="37" dir="1" index="0" bw="1" slack="0"/>
</pin_list>
<bind>
<StgValue><ssdm name=""/></StgValue>
</bind>
</comp>

<comp id="38" class="1001" name="const_38">
<pin_list>
<pin id="39" dir="1" index="0" bw="1" slack="1"/>
</pin_list>
<bind>
<StgValue><ssdm name=""/></StgValue>
</bind>
</comp>

<comp id="40" class="1001" name="const_40">
<pin_list>
<pin id="41" dir="1" index="0" bw="1" slack="1"/>
</pin_list>
<bind>
<StgValue><ssdm name=""/></StgValue>
</bind>
</comp>

<comp id="42" class="1001" name="const_42">
<pin_list>
<pin id="43" dir="1" index="0" bw="1" slack="0"/>
</pin_list>
<bind>
<StgValue><ssdm name="_ssdm_op_BitSelect.i1.i3.i32"/></StgValue>
</bind>
</comp>

<comp id="44" class="1001" name="const_44">
<pin_list>
<pin id="45" dir="1" index="0" bw="1" slack="0"/>
</pin_list>
<bind>
<StgValue><ssdm name=""/></StgValue>
</bind>
</comp>

<comp id="46" class="1001" name="const_46">
<pin_list>
<pin id="47" dir="1" index="0" bw="1" slack="2147483647"/>
</pin_list>
<bind>
<StgValue><ssdm name=""/></StgValue>
</bind>
</comp>

<comp id="48" class="1001" name="const_48">
<pin_list>
<pin id="49" dir="1" index="0" bw="1" slack="0"/>
</pin_list>
<bind>
<StgValue><ssdm name=""/></StgValue>
</bind>
</comp>

<comp id="50" class="1001" name="const_50">
<pin_list>
<pin id="51" dir="1" index="0" bw="1" slack="0"/>
</pin_list>
<bind>
<StgValue><ssdm name=""/></StgValue>
</bind>
</comp>

<comp id="52" class="1001" name="const_52">
<pin_list>
<pin id="53" dir="1" index="0" bw="1" slack="0"/>
</pin_list>
<bind>
<StgValue><ssdm name=""/></StgValue>
</bind>
</comp>

<comp id="54" class="1004" name="msg_offset_read_read_fu_54">
<pin_list>
<pin id="55" dir="0" index="0" bw="9" slack="0"/>
<pin id="56" dir="0" index="1" bw="9" slack="0"/>
<pin id="57" dir="1" index="2" bw="9" slack="0"/>
</pin_list>
<bind>
<opcode="read(1150) " fcode="read"/>
<opset="msg_offset_read/1 "/>
</bind>
</comp>

<comp id="60" class="1004" name="a_coeffs_addr_gep_fu_60">
<pin_list>
<pin id="61" dir="0" index="0" bw="16" slack="0"/>
<pin id="62" dir="0" index="1" bw="1" slack="0"/>
<pin id="63" dir="0" index="2" bw="9" slack="0"/>
<pin id="64" dir="1" index="3" bw="9" slack="0"/>
</pin_list>
<bind>
<opcode="getelementptr(29) " fcode="getelementptr"/>
<opset="a_coeffs_addr/2 "/>
</bind>
</comp>

<comp id="67" class="1004" name="grp_access_fu_67">
<pin_list>
<pin id="68" dir="0" index="0" bw="9" slack="0"/>
<pin id="69" dir="0" index="1" bw="16" slack="2147483647"/>
<pin id="70" dir="0" index="2" bw="0" slack="0"/>
<pin id="80" dir="0" index="4" bw="9" slack="2147483647"/>
<pin id="81" dir="0" index="5" bw="16" slack="2147483647"/>
<pin id="82" dir="0" index="6" bw="0" slack="2147483647"/>
<pin id="71" dir="1" index="3" bw="16" slack="0"/>
<pin id="83" dir="1" index="7" bw="16" slack="0"/>
</pin_list>
<bind>
<opcode="load(27) " fcode="load"/>
<opset="a_coeffs_load/2 a_coeffs_load_3/2 a_coeffs_load_4/3 a_coeffs_load_5/4 a_coeffs_load_6/4 a_coeffs_load_7/7 "/>
</bind>
</comp>

<comp id="73" class="1004" name="a_coeffs_addr_3_gep_fu_73">
<pin_list>
<pin id="74" dir="0" index="0" bw="16" slack="0"/>
<pin id="75" dir="0" index="1" bw="1" slack="0"/>
<pin id="76" dir="0" index="2" bw="9" slack="0"/>
<pin id="77" dir="1" index="3" bw="9" slack="0"/>
</pin_list>
<bind>
<opcode="getelementptr(29) " fcode="getelementptr"/>
<opset="a_coeffs_addr_3/2 "/>
</bind>
</comp>

<comp id="85" class="1004" name="a_coeffs_addr_4_gep_fu_85">
<pin_list>
<pin id="86" dir="0" index="0" bw="16" slack="0"/>
<pin id="87" dir="0" index="1" bw="1" slack="0"/>
<pin id="88" dir="0" index="2" bw="9" slack="0"/>
<pin id="89" dir="1" index="3" bw="9" slack="0"/>
</pin_list>
<bind>
<opcode="getelementptr(29) " fcode="getelementptr"/>
<opset="a_coeffs_addr_4/3 "/>
</bind>
</comp>

<comp id="93" class="1004" name="a_coeffs_addr_5_gep_fu_93">
<pin_list>
<pin id="94" dir="0" index="0" bw="16" slack="0"/>
<pin id="95" dir="0" index="1" bw="1" slack="0"/>
<pin id="96" dir="0" index="2" bw="9" slack="0"/>
<pin id="97" dir="1" index="3" bw="9" slack="0"/>
</pin_list>
<bind>
<opcode="getelementptr(29) " fcode="getelementptr"/>
<opset="a_coeffs_addr_5/4 "/>
</bind>
</comp>

<comp id="101" class="1004" name="a_coeffs_addr_6_gep_fu_101">
<pin_list>
<pin id="102" dir="0" index="0" bw="16" slack="0"/>
<pin id="103" dir="0" index="1" bw="1" slack="0"/>
<pin id="104" dir="0" index="2" bw="9" slack="0"/>
<pin id="105" dir="1" index="3" bw="9" slack="0"/>
</pin_list>
<bind>
<opcode="getelementptr(29) " fcode="getelementptr"/>
<opset="a_coeffs_addr_6/4 "/>
</bind>
</comp>

<comp id="109" class="1004" name="msg_addr_gep_fu_109">
<pin_list>
<pin id="110" dir="0" index="0" bw="8" slack="0"/>
<pin id="111" dir="0" index="1" bw="1" slack="0"/>
<pin id="112" dir="0" index="2" bw="8" slack="0"/>
<pin id="113" dir="1" index="3" bw="10" slack="0"/>
</pin_list>
<bind>
<opcode="getelementptr(29) " fcode="getelementptr"/>
<opset="msg_addr/6 "/>
</bind>
</comp>

<comp id="116" class="1004" name="grp_access_fu_116">
<pin_list>
<pin id="117" dir="0" index="0" bw="10" slack="0"/>
<pin id="118" dir="0" index="1" bw="8" slack="0"/>
<pin id="119" dir="0" index="2" bw="0" slack="2147483647"/>
<pin id="120" dir="1" index="3" bw="8" slack="2147483647"/>
</pin_list>
<bind>
<opcode="store(28) " fcode="store"/>
<opset="StgValue_68/6 StgValue_85/7 "/>
</bind>
</comp>

<comp id="122" class="1004" name="a_coeffs_addr_7_gep_fu_122">
<pin_list>
<pin id="123" dir="0" index="0" bw="16" slack="0"/>
<pin id="124" dir="0" index="1" bw="1" slack="0"/>
<pin id="125" dir="0" index="2" bw="9" slack="0"/>
<pin id="126" dir="1" index="3" bw="9" slack="0"/>
</pin_list>
<bind>
<opcode="getelementptr(29) " fcode="getelementptr"/>
<opset="a_coeffs_addr_7/7 "/>
</bind>
</comp>

<comp id="130" class="1004" name="msg_addr_1_gep_fu_130">
<pin_list>
<pin id="131" dir="0" index="0" bw="8" slack="0"/>
<pin id="132" dir="0" index="1" bw="1" slack="0"/>
<pin id="133" dir="0" index="2" bw="8" slack="0"/>
<pin id="134" dir="1" index="3" bw="10" slack="0"/>
</pin_list>
<bind>
<opcode="getelementptr(29) " fcode="getelementptr"/>
<opset="msg_addr_1/7 "/>
</bind>
</comp>

<comp id="138" class="1005" name="i_reg_138">
<pin_list>
<pin id="139" dir="0" index="0" bw="7" slack="1"/>
<pin id="140" dir="1" index="1" bw="7" slack="1"/>
</pin_list>
<bind>
<opset="i (phireg) "/>
</bind>
</comp>

<comp id="142" class="1004" name="i_phi_fu_142">
<pin_list>
<pin id="143" dir="0" index="0" bw="1" slack="1"/>
<pin id="144" dir="0" index="1" bw="0" slack="2147483647"/>
<pin id="145" dir="0" index="2" bw="7" slack="0"/>
<pin id="146" dir="0" index="3" bw="0" slack="2147483647"/>
<pin id="147" dir="1" index="4" bw="7" slack="0"/>
</pin_list>
<bind>
<opcode="phi(47) " fcode="phi"/>
<opset="i/2 "/>
</bind>
</comp>

<comp id="150" class="1005" name="c5_reg_150">
<pin_list>
<pin id="151" dir="0" index="0" bw="8" slack="1"/>
<pin id="152" dir="1" index="1" bw="8" slack="1"/>
</pin_list>
<bind>
<opset="c5 (phireg) "/>
</bind>
</comp>

<comp id="154" class="1004" name="c5_phi_fu_154">
<pin_list>
<pin id="155" dir="0" index="0" bw="8" slack="1"/>
<pin id="156" dir="0" index="1" bw="0" slack="2147483647"/>
<pin id="157" dir="0" index="2" bw="1" slack="1"/>
<pin id="158" dir="0" index="3" bw="0" slack="2147483647"/>
<pin id="159" dir="1" index="4" bw="8" slack="0"/>
</pin_list>
<bind>
<opcode="phi(47) " fcode="phi"/>
<opset="c5/7 "/>
</bind>
</comp>

<comp id="163" class="1005" name="j_reg_163">
<pin_list>
<pin id="164" dir="0" index="0" bw="3" slack="1"/>
<pin id="165" dir="1" index="1" bw="3" slack="1"/>
</pin_list>
<bind>
<opset="j (phireg) "/>
</bind>
</comp>

<comp id="167" class="1004" name="j_phi_fu_167">
<pin_list>
<pin id="168" dir="0" index="0" bw="3" slack="0"/>
<pin id="169" dir="0" index="1" bw="0" slack="2147483647"/>
<pin id="170" dir="0" index="2" bw="3" slack="1"/>
<pin id="171" dir="0" index="3" bw="0" slack="2147483647"/>
<pin id="172" dir="1" index="4" bw="3" slack="0"/>
</pin_list>
<bind>
<opcode="phi(47) " fcode="phi"/>
<opset="j/7 "/>
</bind>
</comp>

<comp id="174" class="1004" name="tmp_149_fu_174">
<pin_list>
<pin id="175" dir="0" index="0" bw="9" slack="0"/>
<pin id="176" dir="1" index="1" bw="8" slack="2"/>
</pin_list>
<bind>
<opcode="trunc(33) " fcode="trunc"/>
<opset="tmp_149/1 "/>
</bind>
</comp>

<comp id="178" class="1004" name="i_cast1_fu_178">
<pin_list>
<pin id="179" dir="0" index="0" bw="7" slack="0"/>
<pin id="180" dir="1" index="1" bw="9" slack="0"/>
</pin_list>
<bind>
<opcode="zext(34) " fcode="zext"/>
<opset="i_cast1/2 "/>
</bind>
</comp>

<comp id="182" class="1004" name="exitcond_fu_182">
<pin_list>
<pin id="183" dir="0" index="0" bw="7" slack="0"/>
<pin id="184" dir="0" index="1" bw="7" slack="0"/>
<pin id="185" dir="1" index="2" bw="1" slack="2147483647"/>
</pin_list>
<bind>
<opcode="icmp(45) " fcode="icmp"/>
<opset="exitcond/2 "/>
</bind>
</comp>

<comp id="188" class="1004" name="i_9_fu_188">
<pin_list>
<pin id="189" dir="0" index="0" bw="7" slack="0"/>
<pin id="190" dir="0" index="1" bw="1" slack="0"/>
<pin id="191" dir="1" index="2" bw="7" slack="0"/>
</pin_list>
<bind>
<opcode="add(8) " fcode="add"/>
<opset="i_9/2 "/>
</bind>
</comp>

<comp id="194" class="1004" name="p_shl7_fu_194">
<pin_list>
<pin id="195" dir="0" index="0" bw="9" slack="0"/>
<pin id="196" dir="0" index="1" bw="7" slack="0"/>
<pin id="197" dir="0" index="2" bw="1" slack="0"/>
<pin id="198" dir="1" index="3" bw="9" slack="0"/>
</pin_list>
<bind>
<opcode="bitconcatenate(1004) " fcode="bitconcatenate"/>
<opset="p_shl7/2 "/>
</bind>
</comp>

<comp id="202" class="1004" name="tmp_fu_202">
<pin_list>
<pin id="203" dir="0" index="0" bw="9" slack="0"/>
<pin id="204" dir="0" index="1" bw="7" slack="0"/>
<pin id="205" dir="1" index="2" bw="9" slack="0"/>
</pin_list>
<bind>
<opcode="add(8) " fcode="add"/>
<opset="tmp/2 "/>
</bind>
</comp>

<comp id="208" class="1004" name="tmp_s_fu_208">
<pin_list>
<pin id="209" dir="0" index="0" bw="4" slack="0"/>
<pin id="210" dir="0" index="1" bw="9" slack="0"/>
<pin id="211" dir="1" index="2" bw="9" slack="0"/>
</pin_list>
<bind>
<opcode="add(8) " fcode="add"/>
<opset="tmp_s/2 "/>
</bind>
</comp>

<comp id="214" class="1004" name="tmp_135_fu_214">
<pin_list>
<pin id="215" dir="0" index="0" bw="9" slack="0"/>
<pin id="216" dir="1" index="1" bw="64" slack="0"/>
</pin_list>
<bind>
<opcode="zext(34) " fcode="zext"/>
<opset="tmp_135/2 "/>
</bind>
</comp>

<comp id="219" class="1004" name="tmp_137_fu_219">
<pin_list>
<pin id="220" dir="0" index="0" bw="3" slack="0"/>
<pin id="221" dir="0" index="1" bw="9" slack="0"/>
<pin id="222" dir="1" index="2" bw="9" slack="0"/>
</pin_list>
<bind>
<opcode="add(8) " fcode="add"/>
<opset="tmp_137/2 "/>
</bind>
</comp>

<comp id="225" class="1004" name="tmp_138_fu_225">
<pin_list>
<pin id="226" dir="0" index="0" bw="9" slack="0"/>
<pin id="227" dir="1" index="1" bw="64" slack="0"/>
</pin_list>
<bind>
<opcode="zext(34) " fcode="zext"/>
<opset="tmp_138/2 "/>
</bind>
</comp>

<comp id="230" class="1004" name="c_fu_230">
<pin_list>
<pin id="231" dir="0" index="0" bw="16" slack="0"/>
<pin id="232" dir="1" index="1" bw="8" slack="0"/>
</pin_list>
<bind>
<opcode="trunc(33) " fcode="trunc"/>
<opset="c/3 "/>
</bind>
</comp>

<comp id="234" class="1004" name="tmp_153_fu_234">
<pin_list>
<pin id="235" dir="0" index="0" bw="16" slack="0"/>
<pin id="236" dir="1" index="1" bw="6" slack="0"/>
</pin_list>
<bind>
<opcode="trunc(33) " fcode="trunc"/>
<opset="tmp_153/3 "/>
</bind>
</comp>

<comp id="238" class="1004" name="p_shl6_fu_238">
<pin_list>
<pin id="239" dir="0" index="0" bw="8" slack="0"/>
<pin id="240" dir="0" index="1" bw="6" slack="0"/>
<pin id="241" dir="0" index="2" bw="1" slack="0"/>
<pin id="242" dir="1" index="3" bw="8" slack="0"/>
</pin_list>
<bind>
<opcode="bitconcatenate(1004) " fcode="bitconcatenate"/>
<opset="p_shl6/3 "/>
</bind>
</comp>

<comp id="246" class="1004" name="tmp_136_fu_246">
<pin_list>
<pin id="247" dir="0" index="0" bw="8" slack="0"/>
<pin id="248" dir="0" index="1" bw="8" slack="0"/>
<pin id="249" dir="1" index="2" bw="8" slack="0"/>
</pin_list>
<bind>
<opcode="sub(10) " fcode="sub"/>
<opset="tmp_136/3 "/>
</bind>
</comp>

<comp id="252" class="1004" name="tmp_157_fu_252">
<pin_list>
<pin id="253" dir="0" index="0" bw="16" slack="0"/>
<pin id="254" dir="1" index="1" bw="8" slack="0"/>
</pin_list>
<bind>
<opcode="trunc(33) " fcode="trunc"/>
<opset="tmp_157/3 "/>
</bind>
</comp>

<comp id="256" class="1004" name="c_1_fu_256">
<pin_list>
<pin id="257" dir="0" index="0" bw="8" slack="0"/>
<pin id="258" dir="0" index="1" bw="8" slack="0"/>
<pin id="259" dir="1" index="2" bw="8" slack="1"/>
</pin_list>
<bind>
<opcode="add(8) " fcode="add"/>
<opset="c_1/3 "/>
</bind>
</comp>

<comp id="262" class="1004" name="tmp_140_fu_262">
<pin_list>
<pin id="263" dir="0" index="0" bw="3" slack="0"/>
<pin id="264" dir="0" index="1" bw="9" slack="1"/>
<pin id="265" dir="1" index="2" bw="9" slack="0"/>
</pin_list>
<bind>
<opcode="add(8) " fcode="add"/>
<opset="tmp_140/3 "/>
</bind>
</comp>

<comp id="267" class="1004" name="tmp_141_fu_267">
<pin_list>
<pin id="268" dir="0" index="0" bw="9" slack="0"/>
<pin id="269" dir="1" index="1" bw="64" slack="0"/>
</pin_list>
<bind>
<opcode="zext(34) " fcode="zext"/>
<opset="tmp_141/3 "/>
</bind>
</comp>

<comp id="272" class="1004" name="tmp_236_cast_fu_272">
<pin_list>
<pin id="273" dir="0" index="0" bw="7" slack="1"/>
<pin id="274" dir="1" index="1" bw="8" slack="0"/>
</pin_list>
<bind>
<opcode="zext(34) " fcode="zext"/>
<opset="tmp_236_cast/3 "/>
</bind>
</comp>

<comp id="276" class="1004" name="sum_fu_276">
<pin_list>
<pin id="277" dir="0" index="0" bw="7" slack="0"/>
<pin id="278" dir="0" index="1" bw="8" slack="2"/>
<pin id="279" dir="1" index="2" bw="8" slack="3"/>
</pin_list>
<bind>
<opcode="add(8) " fcode="add"/>
<opset="sum/3 "/>
</bind>
</comp>

<comp id="281" class="1004" name="tmp_158_fu_281">
<pin_list>
<pin id="282" dir="0" index="0" bw="8" slack="1"/>
<pin id="283" dir="0" index="1" bw="3" slack="0"/>
<pin id="284" dir="1" index="2" bw="8" slack="0"/>
</pin_list>
<bind>
<opcode="shl(20) " fcode="shl"/>
<opset="tmp_158/4 "/>
</bind>
</comp>

<comp id="286" class="1004" name="tmp_139_fu_286">
<pin_list>
<pin id="287" dir="0" index="0" bw="8" slack="0"/>
<pin id="288" dir="0" index="1" bw="8" slack="1"/>
<pin id="289" dir="1" index="2" bw="8" slack="0"/>
</pin_list>
<bind>
<opcode="sub(10) " fcode="sub"/>
<opset="tmp_139/4 "/>
</bind>
</comp>

<comp id="291" class="1004" name="tmp_159_fu_291">
<pin_list>
<pin id="292" dir="0" index="0" bw="16" slack="0"/>
<pin id="293" dir="1" index="1" bw="8" slack="0"/>
</pin_list>
<bind>
<opcode="trunc(33) " fcode="trunc"/>
<opset="tmp_159/4 "/>
</bind>
</comp>

<comp id="295" class="1004" name="c_2_fu_295">
<pin_list>
<pin id="296" dir="0" index="0" bw="8" slack="0"/>
<pin id="297" dir="0" index="1" bw="8" slack="0"/>
<pin id="298" dir="1" index="2" bw="8" slack="1"/>
</pin_list>
<bind>
<opcode="add(8) " fcode="add"/>
<opset="c_2/4 "/>
</bind>
</comp>

<comp id="301" class="1004" name="tmp_143_fu_301">
<pin_list>
<pin id="302" dir="0" index="0" bw="1" slack="0"/>
<pin id="303" dir="0" index="1" bw="9" slack="2"/>
<pin id="304" dir="1" index="2" bw="9" slack="0"/>
</pin_list>
<bind>
<opcode="add(8) " fcode="add"/>
<opset="tmp_143/4 "/>
</bind>
</comp>

<comp id="306" class="1004" name="tmp_144_fu_306">
<pin_list>
<pin id="307" dir="0" index="0" bw="9" slack="0"/>
<pin id="308" dir="1" index="1" bw="64" slack="0"/>
</pin_list>
<bind>
<opcode="zext(34) " fcode="zext"/>
<opset="tmp_144/4 "/>
</bind>
</comp>

<comp id="311" class="1004" name="tmp_146_fu_311">
<pin_list>
<pin id="312" dir="0" index="0" bw="9" slack="2"/>
<pin id="313" dir="1" index="1" bw="64" slack="0"/>
</pin_list>
<bind>
<opcode="zext(34) " fcode="zext"/>
<opset="tmp_146/4 "/>
</bind>
</comp>

<comp id="315" class="1004" name="tmp_160_fu_315">
<pin_list>
<pin id="316" dir="0" index="0" bw="8" slack="1"/>
<pin id="317" dir="0" index="1" bw="3" slack="0"/>
<pin id="318" dir="1" index="2" bw="8" slack="0"/>
</pin_list>
<bind>
<opcode="shl(20) " fcode="shl"/>
<opset="tmp_160/5 "/>
</bind>
</comp>

<comp id="320" class="1004" name="tmp_142_fu_320">
<pin_list>
<pin id="321" dir="0" index="0" bw="8" slack="0"/>
<pin id="322" dir="0" index="1" bw="8" slack="1"/>
<pin id="323" dir="1" index="2" bw="8" slack="0"/>
</pin_list>
<bind>
<opcode="sub(10) " fcode="sub"/>
<opset="tmp_142/5 "/>
</bind>
</comp>

<comp id="325" class="1004" name="tmp_161_fu_325">
<pin_list>
<pin id="326" dir="0" index="0" bw="16" slack="0"/>
<pin id="327" dir="1" index="1" bw="8" slack="0"/>
</pin_list>
<bind>
<opcode="trunc(33) " fcode="trunc"/>
<opset="tmp_161/5 "/>
</bind>
</comp>

<comp id="329" class="1004" name="c_3_fu_329">
<pin_list>
<pin id="330" dir="0" index="0" bw="8" slack="0"/>
<pin id="331" dir="0" index="1" bw="8" slack="0"/>
<pin id="332" dir="1" index="2" bw="8" slack="1"/>
</pin_list>
<bind>
<opcode="add(8) " fcode="add"/>
<opset="c_3/5 "/>
</bind>
</comp>

<comp id="335" class="1004" name="tmp_163_fu_335">
<pin_list>
<pin id="336" dir="0" index="0" bw="16" slack="0"/>
<pin id="337" dir="1" index="1" bw="8" slack="1"/>
</pin_list>
<bind>
<opcode="trunc(33) " fcode="trunc"/>
<opset="tmp_163/5 "/>
</bind>
</comp>

<comp id="339" class="1004" name="tmp_162_fu_339">
<pin_list>
<pin id="340" dir="0" index="0" bw="8" slack="1"/>
<pin id="341" dir="0" index="1" bw="3" slack="0"/>
<pin id="342" dir="1" index="2" bw="8" slack="0"/>
</pin_list>
<bind>
<opcode="shl(20) " fcode="shl"/>
<opset="tmp_162/6 "/>
</bind>
</comp>

<comp id="344" class="1004" name="tmp_145_fu_344">
<pin_list>
<pin id="345" dir="0" index="0" bw="8" slack="0"/>
<pin id="346" dir="0" index="1" bw="8" slack="1"/>
<pin id="347" dir="1" index="2" bw="8" slack="0"/>
</pin_list>
<bind>
<opcode="sub(10) " fcode="sub"/>
<opset="tmp_145/6 "/>
</bind>
</comp>

<comp id="349" class="1004" name="c_4_fu_349">
<pin_list>
<pin id="350" dir="0" index="0" bw="8" slack="1"/>
<pin id="351" dir="0" index="1" bw="8" slack="0"/>
<pin id="352" dir="1" index="2" bw="8" slack="0"/>
</pin_list>
<bind>
<opcode="add(8) " fcode="add"/>
<opset="c_4/6 "/>
</bind>
</comp>

<comp id="355" class="1004" name="sum_cast_fu_355">
<pin_list>
<pin id="356" dir="0" index="0" bw="8" slack="3"/>
<pin id="357" dir="1" index="1" bw="64" slack="0"/>
</pin_list>
<bind>
<opcode="zext(34) " fcode="zext"/>
<opset="sum_cast/6 "/>
</bind>
</comp>

<comp id="359" class="1004" name="j_cast_cast_fu_359">
<pin_list>
<pin id="360" dir="0" index="0" bw="3" slack="0"/>
<pin id="361" dir="1" index="1" bw="4" slack="0"/>
</pin_list>
<bind>
<opcode="sext(35) " fcode="sext"/>
<opset="j_cast_cast/7 "/>
</bind>
</comp>

<comp id="363" class="1004" name="tmp_164_fu_363">
<pin_list>
<pin id="364" dir="0" index="0" bw="1" slack="0"/>
<pin id="365" dir="0" index="1" bw="3" slack="0"/>
<pin id="366" dir="0" index="2" bw="3" slack="0"/>
<pin id="367" dir="1" index="3" bw="1" slack="2147483647"/>
</pin_list>
<bind>
<opcode="bitselect(1000) " fcode="bitselect"/>
<opset="tmp_164/7 "/>
</bind>
</comp>

<comp id="371" class="1004" name="tmp_148_fu_371">
<pin_list>
<pin id="372" dir="0" index="0" bw="4" slack="0"/>
<pin id="373" dir="0" index="1" bw="3" slack="0"/>
<pin id="374" dir="1" index="2" bw="4" slack="0"/>
</pin_list>
<bind>
<opcode="add(8) " fcode="add"/>
<opset="tmp_148/7 "/>
</bind>
</comp>

<comp id="377" class="1004" name="tmp_238_cast4_fu_377">
<pin_list>
<pin id="378" dir="0" index="0" bw="4" slack="0"/>
<pin id="379" dir="1" index="1" bw="9" slack="0"/>
</pin_list>
<bind>
<opcode="sext(35) " fcode="sext"/>
<opset="tmp_238_cast4/7 "/>
</bind>
</comp>

<comp id="381" class="1004" name="tmp_150_fu_381">
<pin_list>
<pin id="382" dir="0" index="0" bw="4" slack="0"/>
<pin id="383" dir="1" index="1" bw="64" slack="0"/>
</pin_list>
<bind>
<opcode="zext(34) " fcode="zext"/>
<opset="tmp_150/7 "/>
</bind>
</comp>

<comp id="386" class="1004" name="j_5_fu_386">
<pin_list>
<pin id="387" dir="0" index="0" bw="1" slack="0"/>
<pin id="388" dir="0" index="1" bw="3" slack="0"/>
<pin id="389" dir="1" index="2" bw="3" slack="0"/>
</pin_list>
<bind>
<opcode="add(8) " fcode="add"/>
<opset="j_5/7 "/>
</bind>
</comp>

<comp id="392" class="1004" name="sum2_fu_392">
<pin_list>
<pin id="393" dir="0" index="0" bw="8" slack="2"/>
<pin id="394" dir="0" index="1" bw="8" slack="0"/>
<pin id="395" dir="1" index="2" bw="8" slack="0"/>
</pin_list>
<bind>
<opcode="add(8) " fcode="add"/>
<opset="sum2/7 "/>
</bind>
</comp>

<comp id="397" class="1004" name="sum2_cast_fu_397">
<pin_list>
<pin id="398" dir="0" index="0" bw="8" slack="0"/>
<pin id="399" dir="1" index="1" bw="64" slack="0"/>
</pin_list>
<bind>
<opcode="zext(34) " fcode="zext"/>
<opset="sum2_cast/7 "/>
</bind>
</comp>

<comp id="402" class="1004" name="tmp_165_fu_402">
<pin_list>
<pin id="403" dir="0" index="0" bw="8" slack="1"/>
<pin id="404" dir="0" index="1" bw="3" slack="0"/>
<pin id="405" dir="1" index="2" bw="8" slack="0"/>
</pin_list>
<bind>
<opcode="shl(20) " fcode="shl"/>
<opset="tmp_165/8 "/>
</bind>
</comp>

<comp id="408" class="1004" name="tmp_147_fu_408">
<pin_list>
<pin id="409" dir="0" index="0" bw="8" slack="0"/>
<pin id="410" dir="0" index="1" bw="8" slack="1"/>
<pin id="411" dir="1" index="2" bw="8" slack="0"/>
</pin_list>
<bind>
<opcode="sub(10) " fcode="sub"/>
<opset="tmp_147/8 "/>
</bind>
</comp>

<comp id="414" class="1004" name="tmp_166_fu_414">
<pin_list>
<pin id="415" dir="0" index="0" bw="16" slack="0"/>
<pin id="416" dir="1" index="1" bw="8" slack="0"/>
</pin_list>
<bind>
<opcode="trunc(33) " fcode="trunc"/>
<opset="tmp_166/8 "/>
</bind>
</comp>

<comp id="418" class="1004" name="c_5_fu_418">
<pin_list>
<pin id="419" dir="0" index="0" bw="8" slack="0"/>
<pin id="420" dir="0" index="1" bw="8" slack="0"/>
<pin id="421" dir="1" index="2" bw="8" slack="1"/>
</pin_list>
<bind>
<opcode="add(8) " fcode="add"/>
<opset="c_5/8 "/>
</bind>
</comp>

<comp id="424" class="1005" name="tmp_149_reg_424">
<pin_list>
<pin id="425" dir="0" index="0" bw="8" slack="2"/>
<pin id="426" dir="1" index="1" bw="8" slack="2"/>
</pin_list>
<bind>
<opset="tmp_149 "/>
</bind>
</comp>

<comp id="433" class="1005" name="i_9_reg_433">
<pin_list>
<pin id="434" dir="0" index="0" bw="7" slack="0"/>
<pin id="435" dir="1" index="1" bw="7" slack="0"/>
</pin_list>
<bind>
<opset="i_9 "/>
</bind>
</comp>

<comp id="438" class="1005" name="tmp_reg_438">
<pin_list>
<pin id="439" dir="0" index="0" bw="9" slack="1"/>
<pin id="440" dir="1" index="1" bw="9" slack="1"/>
</pin_list>
<bind>
<opset="tmp "/>
</bind>
</comp>

<comp id="445" class="1005" name="a_coeffs_addr_reg_445">
<pin_list>
<pin id="446" dir="0" index="0" bw="9" slack="1"/>
<pin id="447" dir="1" index="1" bw="9" slack="1"/>
</pin_list>
<bind>
<opset="a_coeffs_addr "/>
</bind>
</comp>

<comp id="450" class="1005" name="a_coeffs_addr_3_reg_450">
<pin_list>
<pin id="451" dir="0" index="0" bw="9" slack="1"/>
<pin id="452" dir="1" index="1" bw="9" slack="1"/>
</pin_list>
<bind>
<opset="a_coeffs_addr_3 "/>
</bind>
</comp>

<comp id="455" class="1005" name="c_1_reg_455">
<pin_list>
<pin id="456" dir="0" index="0" bw="8" slack="1"/>
<pin id="457" dir="1" index="1" bw="8" slack="1"/>
</pin_list>
<bind>
<opset="c_1 "/>
</bind>
</comp>

<comp id="461" class="1005" name="a_coeffs_addr_4_reg_461">
<pin_list>
<pin id="462" dir="0" index="0" bw="9" slack="1"/>
<pin id="463" dir="1" index="1" bw="9" slack="1"/>
</pin_list>
<bind>
<opset="a_coeffs_addr_4 "/>
</bind>
</comp>

<comp id="466" class="1005" name="sum_reg_466">
<pin_list>
<pin id="467" dir="0" index="0" bw="8" slack="3"/>
<pin id="468" dir="1" index="1" bw="8" slack="3"/>
</pin_list>
<bind>
<opset="sum "/>
</bind>
</comp>

<comp id="471" class="1005" name="c_2_reg_471">
<pin_list>
<pin id="472" dir="0" index="0" bw="8" slack="1"/>
<pin id="473" dir="1" index="1" bw="8" slack="1"/>
</pin_list>
<bind>
<opset="c_2 "/>
</bind>
</comp>

<comp id="477" class="1005" name="a_coeffs_addr_5_reg_477">
<pin_list>
<pin id="478" dir="0" index="0" bw="9" slack="1"/>
<pin id="479" dir="1" index="1" bw="9" slack="1"/>
</pin_list>
<bind>
<opset="a_coeffs_addr_5 "/>
</bind>
</comp>

<comp id="482" class="1005" name="a_coeffs_addr_6_reg_482">
<pin_list>
<pin id="483" dir="0" index="0" bw="9" slack="1"/>
<pin id="484" dir="1" index="1" bw="9" slack="1"/>
</pin_list>
<bind>
<opset="a_coeffs_addr_6 "/>
</bind>
</comp>

<comp id="487" class="1005" name="c_3_reg_487">
<pin_list>
<pin id="488" dir="0" index="0" bw="8" slack="1"/>
<pin id="489" dir="1" index="1" bw="8" slack="1"/>
</pin_list>
<bind>
<opset="c_3 "/>
</bind>
</comp>

<comp id="493" class="1005" name="tmp_163_reg_493">
<pin_list>
<pin id="494" dir="0" index="0" bw="8" slack="1"/>
<pin id="495" dir="1" index="1" bw="8" slack="1"/>
</pin_list>
<bind>
<opset="tmp_163 "/>
</bind>
</comp>

<comp id="501" class="1005" name="a_coeffs_addr_7_reg_501">
<pin_list>
<pin id="502" dir="0" index="0" bw="9" slack="1"/>
<pin id="503" dir="1" index="1" bw="9" slack="1"/>
</pin_list>
<bind>
<opset="a_coeffs_addr_7 "/>
</bind>
</comp>

<comp id="506" class="1005" name="j_5_reg_506">
<pin_list>
<pin id="507" dir="0" index="0" bw="3" slack="0"/>
<pin id="508" dir="1" index="1" bw="3" slack="0"/>
</pin_list>
<bind>
<opset="j_5 "/>
</bind>
</comp>

<comp id="511" class="1005" name="c_5_reg_511">
<pin_list>
<pin id="512" dir="0" index="0" bw="8" slack="1"/>
<pin id="513" dir="1" index="1" bw="8" slack="1"/>
</pin_list>
<bind>
<opset="c_5 "/>
</bind>
</comp>

</comp_list>

<net_list>
<net id="58"><net_src comp="8" pin="0"/><net_sink comp="54" pin=0"/></net>

<net id="59"><net_src comp="2" pin="0"/><net_sink comp="54" pin=1"/></net>

<net id="65"><net_src comp="4" pin="0"/><net_sink comp="60" pin=0"/></net>

<net id="66"><net_src comp="26" pin="0"/><net_sink comp="60" pin=1"/></net>

<net id="72"><net_src comp="60" pin="3"/><net_sink comp="67" pin=0"/></net>

<net id="78"><net_src comp="4" pin="0"/><net_sink comp="73" pin=0"/></net>

<net id="79"><net_src comp="26" pin="0"/><net_sink comp="73" pin=1"/></net>

<net id="84"><net_src comp="73" pin="3"/><net_sink comp="67" pin=2"/></net>

<net id="90"><net_src comp="4" pin="0"/><net_sink comp="85" pin=0"/></net>

<net id="91"><net_src comp="26" pin="0"/><net_sink comp="85" pin=1"/></net>

<net id="92"><net_src comp="85" pin="3"/><net_sink comp="67" pin=0"/></net>

<net id="98"><net_src comp="4" pin="0"/><net_sink comp="93" pin=0"/></net>

<net id="99"><net_src comp="26" pin="0"/><net_sink comp="93" pin=1"/></net>

<net id="100"><net_src comp="93" pin="3"/><net_sink comp="67" pin=2"/></net>

<net id="106"><net_src comp="4" pin="0"/><net_sink comp="101" pin=0"/></net>

<net id="107"><net_src comp="26" pin="0"/><net_sink comp="101" pin=1"/></net>

<net id="108"><net_src comp="101" pin="3"/><net_sink comp="67" pin=0"/></net>

<net id="114"><net_src comp="0" pin="0"/><net_sink comp="109" pin=0"/></net>

<net id="115"><net_src comp="26" pin="0"/><net_sink comp="109" pin=1"/></net>

<net id="121"><net_src comp="109" pin="3"/><net_sink comp="116" pin=0"/></net>

<net id="127"><net_src comp="4" pin="0"/><net_sink comp="122" pin=0"/></net>

<net id="128"><net_src comp="26" pin="0"/><net_sink comp="122" pin=1"/></net>

<net id="129"><net_src comp="122" pin="3"/><net_sink comp="67" pin=2"/></net>

<net id="135"><net_src comp="0" pin="0"/><net_sink comp="130" pin=0"/></net>

<net id="136"><net_src comp="26" pin="0"/><net_sink comp="130" pin=1"/></net>

<net id="137"><net_src comp="130" pin="3"/><net_sink comp="116" pin=0"/></net>

<net id="141"><net_src comp="10" pin="0"/><net_sink comp="138" pin=0"/></net>

<net id="148"><net_src comp="138" pin="1"/><net_sink comp="142" pin=0"/></net>

<net id="149"><net_src comp="142" pin="4"/><net_sink comp="138" pin=0"/></net>

<net id="153"><net_src comp="38" pin="0"/><net_sink comp="150" pin=0"/></net>

<net id="160"><net_src comp="150" pin="1"/><net_sink comp="154" pin=2"/></net>

<net id="161"><net_src comp="154" pin="4"/><net_sink comp="116" pin=1"/></net>

<net id="162"><net_src comp="154" pin="4"/><net_sink comp="150" pin=0"/></net>

<net id="166"><net_src comp="40" pin="0"/><net_sink comp="163" pin=0"/></net>

<net id="173"><net_src comp="163" pin="1"/><net_sink comp="167" pin=2"/></net>

<net id="177"><net_src comp="54" pin="2"/><net_sink comp="174" pin=0"/></net>

<net id="181"><net_src comp="142" pin="4"/><net_sink comp="178" pin=0"/></net>

<net id="186"><net_src comp="142" pin="4"/><net_sink comp="182" pin=0"/></net>

<net id="187"><net_src comp="12" pin="0"/><net_sink comp="182" pin=1"/></net>

<net id="192"><net_src comp="142" pin="4"/><net_sink comp="188" pin=0"/></net>

<net id="193"><net_src comp="18" pin="0"/><net_sink comp="188" pin=1"/></net>

<net id="199"><net_src comp="20" pin="0"/><net_sink comp="194" pin=0"/></net>

<net id="200"><net_src comp="142" pin="4"/><net_sink comp="194" pin=1"/></net>

<net id="201"><net_src comp="22" pin="0"/><net_sink comp="194" pin=2"/></net>

<net id="206"><net_src comp="194" pin="3"/><net_sink comp="202" pin=0"/></net>

<net id="207"><net_src comp="178" pin="1"/><net_sink comp="202" pin=1"/></net>

<net id="212"><net_src comp="24" pin="0"/><net_sink comp="208" pin=0"/></net>

<net id="213"><net_src comp="202" pin="2"/><net_sink comp="208" pin=1"/></net>

<net id="217"><net_src comp="208" pin="2"/><net_sink comp="214" pin=0"/></net>

<net id="218"><net_src comp="214" pin="1"/><net_sink comp="60" pin=2"/></net>

<net id="223"><net_src comp="28" pin="0"/><net_sink comp="219" pin=0"/></net>

<net id="224"><net_src comp="202" pin="2"/><net_sink comp="219" pin=1"/></net>

<net id="228"><net_src comp="219" pin="2"/><net_sink comp="225" pin=0"/></net>

<net id="229"><net_src comp="225" pin="1"/><net_sink comp="73" pin=2"/></net>

<net id="233"><net_src comp="67" pin="3"/><net_sink comp="230" pin=0"/></net>

<net id="237"><net_src comp="67" pin="3"/><net_sink comp="234" pin=0"/></net>

<net id="243"><net_src comp="30" pin="0"/><net_sink comp="238" pin=0"/></net>

<net id="244"><net_src comp="234" pin="1"/><net_sink comp="238" pin=1"/></net>

<net id="245"><net_src comp="22" pin="0"/><net_sink comp="238" pin=2"/></net>

<net id="250"><net_src comp="238" pin="3"/><net_sink comp="246" pin=0"/></net>

<net id="251"><net_src comp="230" pin="1"/><net_sink comp="246" pin=1"/></net>

<net id="255"><net_src comp="67" pin="7"/><net_sink comp="252" pin=0"/></net>

<net id="260"><net_src comp="246" pin="2"/><net_sink comp="256" pin=0"/></net>

<net id="261"><net_src comp="252" pin="1"/><net_sink comp="256" pin=1"/></net>

<net id="266"><net_src comp="32" pin="0"/><net_sink comp="262" pin=0"/></net>

<net id="270"><net_src comp="262" pin="2"/><net_sink comp="267" pin=0"/></net>

<net id="271"><net_src comp="267" pin="1"/><net_sink comp="85" pin=2"/></net>

<net id="275"><net_src comp="138" pin="1"/><net_sink comp="272" pin=0"/></net>

<net id="280"><net_src comp="272" pin="1"/><net_sink comp="276" pin=0"/></net>

<net id="285"><net_src comp="34" pin="0"/><net_sink comp="281" pin=1"/></net>

<net id="290"><net_src comp="281" pin="2"/><net_sink comp="286" pin=0"/></net>

<net id="294"><net_src comp="67" pin="3"/><net_sink comp="291" pin=0"/></net>

<net id="299"><net_src comp="291" pin="1"/><net_sink comp="295" pin=0"/></net>

<net id="300"><net_src comp="286" pin="2"/><net_sink comp="295" pin=1"/></net>

<net id="305"><net_src comp="36" pin="0"/><net_sink comp="301" pin=0"/></net>

<net id="309"><net_src comp="301" pin="2"/><net_sink comp="306" pin=0"/></net>

<net id="310"><net_src comp="306" pin="1"/><net_sink comp="93" pin=2"/></net>

<net id="314"><net_src comp="311" pin="1"/><net_sink comp="101" pin=2"/></net>

<net id="319"><net_src comp="34" pin="0"/><net_sink comp="315" pin=1"/></net>

<net id="324"><net_src comp="315" pin="2"/><net_sink comp="320" pin=0"/></net>

<net id="328"><net_src comp="67" pin="7"/><net_sink comp="325" pin=0"/></net>

<net id="333"><net_src comp="325" pin="1"/><net_sink comp="329" pin=0"/></net>

<net id="334"><net_src comp="320" pin="2"/><net_sink comp="329" pin=1"/></net>

<net id="338"><net_src comp="67" pin="3"/><net_sink comp="335" pin=0"/></net>

<net id="343"><net_src comp="34" pin="0"/><net_sink comp="339" pin=1"/></net>

<net id="348"><net_src comp="339" pin="2"/><net_sink comp="344" pin=0"/></net>

<net id="353"><net_src comp="344" pin="2"/><net_sink comp="349" pin=1"/></net>

<net id="354"><net_src comp="349" pin="2"/><net_sink comp="116" pin=1"/></net>

<net id="358"><net_src comp="355" pin="1"/><net_sink comp="109" pin=2"/></net>

<net id="362"><net_src comp="167" pin="4"/><net_sink comp="359" pin=0"/></net>

<net id="368"><net_src comp="42" pin="0"/><net_sink comp="363" pin=0"/></net>

<net id="369"><net_src comp="167" pin="4"/><net_sink comp="363" pin=1"/></net>

<net id="370"><net_src comp="44" pin="0"/><net_sink comp="363" pin=2"/></net>

<net id="375"><net_src comp="48" pin="0"/><net_sink comp="371" pin=0"/></net>

<net id="376"><net_src comp="359" pin="1"/><net_sink comp="371" pin=1"/></net>

<net id="380"><net_src comp="371" pin="2"/><net_sink comp="377" pin=0"/></net>

<net id="384"><net_src comp="377" pin="1"/><net_sink comp="381" pin=0"/></net>

<net id="385"><net_src comp="381" pin="1"/><net_sink comp="122" pin=2"/></net>

<net id="390"><net_src comp="50" pin="0"/><net_sink comp="386" pin=0"/></net>

<net id="391"><net_src comp="167" pin="4"/><net_sink comp="386" pin=1"/></net>

<net id="396"><net_src comp="52" pin="0"/><net_sink comp="392" pin=1"/></net>

<net id="400"><net_src comp="392" pin="2"/><net_sink comp="397" pin=0"/></net>

<net id="401"><net_src comp="397" pin="1"/><net_sink comp="130" pin=2"/></net>

<net id="406"><net_src comp="150" pin="1"/><net_sink comp="402" pin=0"/></net>

<net id="407"><net_src comp="34" pin="0"/><net_sink comp="402" pin=1"/></net>

<net id="412"><net_src comp="402" pin="2"/><net_sink comp="408" pin=0"/></net>

<net id="413"><net_src comp="150" pin="1"/><net_sink comp="408" pin=1"/></net>

<net id="417"><net_src comp="67" pin="7"/><net_sink comp="414" pin=0"/></net>

<net id="422"><net_src comp="408" pin="2"/><net_sink comp="418" pin=0"/></net>

<net id="423"><net_src comp="414" pin="1"/><net_sink comp="418" pin=1"/></net>

<net id="427"><net_src comp="174" pin="1"/><net_sink comp="424" pin=0"/></net>

<net id="428"><net_src comp="424" pin="1"/><net_sink comp="276" pin=1"/></net>

<net id="429"><net_src comp="424" pin="1"/><net_sink comp="392" pin=0"/></net>

<net id="436"><net_src comp="188" pin="2"/><net_sink comp="433" pin=0"/></net>

<net id="437"><net_src comp="433" pin="1"/><net_sink comp="142" pin=2"/></net>

<net id="441"><net_src comp="202" pin="2"/><net_sink comp="438" pin=0"/></net>

<net id="442"><net_src comp="438" pin="1"/><net_sink comp="262" pin=1"/></net>

<net id="443"><net_src comp="438" pin="1"/><net_sink comp="301" pin=1"/></net>

<net id="444"><net_src comp="438" pin="1"/><net_sink comp="311" pin=0"/></net>

<net id="448"><net_src comp="60" pin="3"/><net_sink comp="445" pin=0"/></net>

<net id="449"><net_src comp="445" pin="1"/><net_sink comp="67" pin=0"/></net>

<net id="453"><net_src comp="73" pin="3"/><net_sink comp="450" pin=0"/></net>

<net id="454"><net_src comp="450" pin="1"/><net_sink comp="67" pin=2"/></net>

<net id="458"><net_src comp="256" pin="2"/><net_sink comp="455" pin=0"/></net>

<net id="459"><net_src comp="455" pin="1"/><net_sink comp="281" pin=0"/></net>

<net id="460"><net_src comp="455" pin="1"/><net_sink comp="286" pin=1"/></net>

<net id="464"><net_src comp="85" pin="3"/><net_sink comp="461" pin=0"/></net>

<net id="465"><net_src comp="461" pin="1"/><net_sink comp="67" pin=0"/></net>

<net id="469"><net_src comp="276" pin="2"/><net_sink comp="466" pin=0"/></net>

<net id="470"><net_src comp="466" pin="1"/><net_sink comp="355" pin=0"/></net>

<net id="474"><net_src comp="295" pin="2"/><net_sink comp="471" pin=0"/></net>

<net id="475"><net_src comp="471" pin="1"/><net_sink comp="315" pin=0"/></net>

<net id="476"><net_src comp="471" pin="1"/><net_sink comp="320" pin=1"/></net>

<net id="480"><net_src comp="93" pin="3"/><net_sink comp="477" pin=0"/></net>

<net id="481"><net_src comp="477" pin="1"/><net_sink comp="67" pin=2"/></net>

<net id="485"><net_src comp="101" pin="3"/><net_sink comp="482" pin=0"/></net>

<net id="486"><net_src comp="482" pin="1"/><net_sink comp="67" pin=0"/></net>

<net id="490"><net_src comp="329" pin="2"/><net_sink comp="487" pin=0"/></net>

<net id="491"><net_src comp="487" pin="1"/><net_sink comp="339" pin=0"/></net>

<net id="492"><net_src comp="487" pin="1"/><net_sink comp="344" pin=1"/></net>

<net id="496"><net_src comp="335" pin="1"/><net_sink comp="493" pin=0"/></net>

<net id="497"><net_src comp="493" pin="1"/><net_sink comp="349" pin=0"/></net>

<net id="504"><net_src comp="122" pin="3"/><net_sink comp="501" pin=0"/></net>

<net id="505"><net_src comp="501" pin="1"/><net_sink comp="67" pin=2"/></net>

<net id="509"><net_src comp="386" pin="2"/><net_sink comp="506" pin=0"/></net>

<net id="510"><net_src comp="506" pin="1"/><net_sink comp="167" pin=0"/></net>

<net id="514"><net_src comp="418" pin="2"/><net_sink comp="511" pin=0"/></net>

<net id="515"><net_src comp="511" pin="1"/><net_sink comp="154" pin=0"/></net>

</net_list>

</model> 
---------------- Datapath Model END ------------------

* FSMD analyzer results:
  - Output states:
	Port: msg | {6 7 }
 - Input state : 
	Port: poly_S3_tobytes : msg | {}
	Port: poly_S3_tobytes : msg_offset | {1 }
	Port: poly_S3_tobytes : a_coeffs | {2 3 4 5 7 8 }
  - Chain level:
	State 1
	State 2
		i_cast1 : 1
		exitcond : 1
		i_9 : 1
		StgValue_18 : 2
		p_shl7 : 1
		tmp : 2
		tmp_s : 3
		tmp_135 : 4
		a_coeffs_addr : 5
		a_coeffs_load : 6
		tmp_137 : 3
		tmp_138 : 4
		a_coeffs_addr_3 : 5
		a_coeffs_load_3 : 6
	State 3
		c : 1
		tmp_153 : 1
		p_shl6 : 2
		tmp_136 : 3
		tmp_157 : 1
		c_1 : 4
		tmp_141 : 1
		a_coeffs_addr_4 : 2
		a_coeffs_load_4 : 3
		sum : 1
	State 4
		tmp_159 : 1
		c_2 : 2
		tmp_144 : 1
		a_coeffs_addr_5 : 2
		a_coeffs_load_5 : 3
		a_coeffs_addr_6 : 1
		a_coeffs_load_6 : 2
	State 5
		tmp_161 : 1
		c_3 : 2
		tmp_163 : 1
	State 6
		c_4 : 1
		msg_addr : 1
		StgValue_68 : 2
	State 7
		j_cast_cast : 1
		tmp_164 : 1
		StgValue_75 : 2
		tmp_148 : 2
		tmp_238_cast4 : 3
		tmp_150 : 4
		a_coeffs_addr_7 : 5
		a_coeffs_load_7 : 6
		j_5 : 1
		sum2_cast : 1
		msg_addr_1 : 2
		StgValue_85 : 3
	State 8
		tmp_166 : 1
		c_5 : 2


============================================================
+ Verbose Summary: Datapath Resource usage 
============================================================

* Functional unit list:
|----------|----------------------------|---------|---------|
| Operation|       Functional Unit      |    FF   |   LUT   |
|----------|----------------------------|---------|---------|
|          |         i_9_fu_188         |    0    |    15   |
|          |         tmp_fu_202         |    0    |    16   |
|          |        tmp_s_fu_208        |    0    |    16   |
|          |       tmp_137_fu_219       |    0    |    16   |
|          |         c_1_fu_256         |    0    |    11   |
|          |       tmp_140_fu_262       |    0    |    16   |
|          |         sum_fu_276         |    0    |    15   |
|    add   |         c_2_fu_295         |    0    |    11   |
|          |       tmp_143_fu_301       |    0    |    16   |
|          |         c_3_fu_329         |    0    |    11   |
|          |         c_4_fu_349         |    0    |    11   |
|          |       tmp_148_fu_371       |    0    |    13   |
|          |         j_5_fu_386         |    0    |    12   |
|          |         sum2_fu_392        |    0    |    15   |
|          |         c_5_fu_418         |    0    |    11   |
|----------|----------------------------|---------|---------|
|          |       tmp_136_fu_246       |    0    |    11   |
|          |       tmp_139_fu_286       |    0    |    11   |
|    sub   |       tmp_142_fu_320       |    0    |    11   |
|          |       tmp_145_fu_344       |    0    |    11   |
|          |       tmp_147_fu_408       |    0    |    11   |
|----------|----------------------------|---------|---------|
|   icmp   |       exitcond_fu_182      |    0    |    11   |
|----------|----------------------------|---------|---------|
|   read   | msg_offset_read_read_fu_54 |    0    |    0    |
|----------|----------------------------|---------|---------|
|          |       tmp_149_fu_174       |    0    |    0    |
|          |          c_fu_230          |    0    |    0    |
|          |       tmp_153_fu_234       |    0    |    0    |
|   trunc  |       tmp_157_fu_252       |    0    |    0    |
|          |       tmp_159_fu_291       |    0    |    0    |
|          |       tmp_161_fu_325       |    0    |    0    |
|          |       tmp_163_fu_335       |    0    |    0    |
|          |       tmp_166_fu_414       |    0    |    0    |
|----------|----------------------------|---------|---------|
|          |       i_cast1_fu_178       |    0    |    0    |
|          |       tmp_135_fu_214       |    0    |    0    |
|          |       tmp_138_fu_225       |    0    |    0    |
|          |       tmp_141_fu_267       |    0    |    0    |
|   zext   |     tmp_236_cast_fu_272    |    0    |    0    |
|          |       tmp_144_fu_306       |    0    |    0    |
|          |       tmp_146_fu_311       |    0    |    0    |
|          |       sum_cast_fu_355      |    0    |    0    |
|          |       tmp_150_fu_381       |    0    |    0    |
|          |      sum2_cast_fu_397      |    0    |    0    |
|----------|----------------------------|---------|---------|
|bitconcatenate|        p_shl7_fu_194       |    0    |    0    |
|          |        p_shl6_fu_238       |    0    |    0    |
|----------|----------------------------|---------|---------|
|          |       tmp_158_fu_281       |    0    |    0    |
|    shl   |       tmp_160_fu_315       |    0    |    0    |
|          |       tmp_162_fu_339       |    0    |    0    |
|          |       tmp_165_fu_402       |    0    |    0    |
|----------|----------------------------|---------|---------|
|   sext   |     j_cast_cast_fu_359     |    0    |    0    |
|          |    tmp_238_cast4_fu_377    |    0    |    0    |
|----------|----------------------------|---------|---------|
| bitselect|       tmp_164_fu_363       |    0    |    0    |
|----------|----------------------------|---------|---------|
|   Total  |                            |    0    |   271   |
|----------|----------------------------|---------|---------|

Memories:
N/A

* Register list:
+-----------------------+--------+
|                       |   FF   |
+-----------------------+--------+
|a_coeffs_addr_3_reg_450|    9   |
|a_coeffs_addr_4_reg_461|    9   |
|a_coeffs_addr_5_reg_477|    9   |
|a_coeffs_addr_6_reg_482|    9   |
|a_coeffs_addr_7_reg_501|    9   |
| a_coeffs_addr_reg_445 |    9   |
|       c5_reg_150      |    8   |
|      c_1_reg_455      |    8   |
|      c_2_reg_471      |    8   |
|      c_3_reg_487      |    8   |
|      c_5_reg_511      |    8   |
|      i_9_reg_433      |    7   |
|       i_reg_138       |    7   |
|      j_5_reg_506      |    3   |
|       j_reg_163       |    3   |
|      sum_reg_466      |    8   |
|    tmp_149_reg_424    |    8   |
|    tmp_163_reg_493    |    8   |
|      tmp_reg_438      |    9   |
+-----------------------+--------+
|         Total         |   147  |
+-----------------------+--------+

* Multiplexer (MUX) list: 
|-------------------|------|------|------|--------||---------||---------|
|        Comp       |  Pin | Size |  BW  | S x BW ||  Delay  ||   LUT   |
|-------------------|------|------|------|--------||---------||---------|
|  grp_access_fu_67 |  p0  |   6  |   9  |   54   ||    33   |
|  grp_access_fu_67 |  p2  |   6  |   0  |    0   ||    33   |
| grp_access_fu_116 |  p0  |   2  |  10  |   20   ||    9    |
| grp_access_fu_116 |  p1  |   2  |   8  |   16   ||    9    |
|     i_reg_138     |  p0  |   2  |   7  |   14   ||    9    |
|     c5_reg_150    |  p0  |   2  |   8  |   16   ||    9    |
|-------------------|------|------|------|--------||---------||---------|
|       Total       |      |      |      |   120  ||  8.914  ||   102   |
|-------------------|------|------|------|--------||---------||---------|



* Summary:
+-----------+--------+--------+--------+
|           |  Delay |   FF   |   LUT  |
+-----------+--------+--------+--------+
|  Function |    -   |    0   |   271  |
|   Memory  |    -   |    -   |    -   |
|Multiplexer|    8   |    -   |   102  |
|  Register |    -   |   147  |    -   |
+-----------+--------+--------+--------+
|   Total   |    8   |   147  |   373  |
+-----------+--------+--------+--------+
