

================================================================
== Vivado HLS Report for 'poly_S3_tobytes'
================================================================
* Date:           Tue Aug 25 11:15:04 2020

* Version:        2018.3 (Build 2405991 on Thu Dec 06 23:56:15 MST 2018)
* Project:        ntru77
* Solution:       enc
* Product family: artix7
* Target device:  xc7a200tfbg676-2


================================================================
== Performance Estimates
================================================================
+ Timing (ns): 
    * Summary: 
    +--------+-------+----------+------------+
    |  Clock | Target| Estimated| Uncertainty|
    +--------+-------+----------+------------+
    |ap_clk  |  10.00|     6.271|        1.25|
    +--------+-------+----------+------------+

+ Latency (clock cycles): 
    * Summary: 
    +-----+-----+-----+-----+---------+
    |  Latency  |  Interval | Pipeline|
    | min | max | min | max |   Type  |
    +-----+-----+-----+-----+---------+
    |  677|  677|  677|  677|   none  |
    +-----+-----+-----+-----+---------+

    + Detail: 
        * Instance: 
        N/A

        * Loop: 
        +----------+-----+-----+----------+-----------+-----------+------+----------+
        |          |  Latency  | Iteration|  Initiation Interval  | Trip |          |
        | Loop Name| min | max |  Latency |  achieved |   target  | Count| Pipelined|
        +----------+-----+-----+----------+-----------+-----------+------+----------+
        |- Loop 1  |  675|  675|         5|          -|          -|   135|    no    |
        +----------+-----+-----+----------+-----------+-----------+------+----------+

============================================================
+ Verbose Summary: Synthesis Manager
============================================================
InlineROM: 1
ExposeGlobal: 1
============================================================
+ Verbose Summary: CDFG Model
============================================================
IsTopModel: 0
ResetActiveHigh: 1
IsCombinational: 0
IsDatapathOnly: 0
HasWiredReturn: 1
HasMFsm: 0
HasVarLatency: 1
IsPipeline: 0
IsRtlPipelined: 0
IsInstanceOverlapped: 0
IsDontTouch: 0
HasImplIP: 0
IsGatedGlobalClock: 0


============================================================
+ Verbose Summary: Schedule
============================================================
* Number of FSM states : 7
* Pipeline : 0
* Dataflow Pipeline: 0

* FSM state transitions: 
1 --> 
	2  / true
2 --> 
	3  / (!exitcond)
	7  / (exitcond)
3 --> 
	4  / true
4 --> 
	5  / true
5 --> 
	6  / true
6 --> 
	2  / true
7 --> 

* FSM state operations: 

State 1 <SV = 0> <Delay = 1.35>
ST_1 : Operation 8 [1/1] (0.00ns)   --->   "%msg_offset_read = call i10 @_ssdm_op_Read.ap_auto.i10(i10 %msg_offset)" [pack3.c:3]   --->   Operation 8 'read' 'msg_offset_read' <Predicate = true> <Delay = 0.00>
ST_1 : Operation 9 [1/1] (0.00ns)   --->   "%tmp_170 = trunc i10 %msg_offset_read to i9" [pack3.c:18]   --->   Operation 9 'trunc' 'tmp_170' <Predicate = true> <Delay = 0.00>
ST_1 : Operation 10 [1/1] (1.35ns)   --->   "br label %1" [pack3.c:11]   --->   Operation 10 'br' <Predicate = true> <Delay = 1.35>

State 2 <SV = 1> <Delay = 6.27>
ST_2 : Operation 11 [1/1] (0.00ns)   --->   "%i = phi i8 [ 0, %0 ], [ %i_9, %2 ]"   --->   Operation 11 'phi' 'i' <Predicate = true> <Delay = 0.00>
ST_2 : Operation 12 [1/1] (0.00ns)   --->   "%i_cast1 = zext i8 %i to i10" [pack3.c:11]   --->   Operation 12 'zext' 'i_cast1' <Predicate = true> <Delay = 0.00>
ST_2 : Operation 13 [1/1] (1.24ns)   --->   "%exitcond = icmp eq i8 %i, -121" [pack3.c:11]   --->   Operation 13 'icmp' 'exitcond' <Predicate = true> <Delay = 1.24> <Core = "Cmp">   --->   Core 25 'Cmp' <Latency = 0> <II = 1> <Delay = 1.24> <FuncUnit> <Opcode : 'icmp'> <InPorts = 2> <OutPorts = 1>
ST_2 : Operation 14 [1/1] (0.00ns)   --->   "%empty = call i32 (...)* @_ssdm_op_SpecLoopTripCount(i64 135, i64 135, i64 135)"   --->   Operation 14 'speclooptripcount' 'empty' <Predicate = true> <Delay = 0.00>
ST_2 : Operation 15 [1/1] (1.71ns)   --->   "%i_9 = add i8 %i, 1" [pack3.c:11]   --->   Operation 15 'add' 'i_9' <Predicate = true> <Delay = 1.71> <Core = "AddSub">   --->   Core 14 'AddSub' <Latency = 0> <II = 1> <Delay = 1.73> <FuncUnit> <Opcode : 'add' 'sub'> <InPorts = 2> <OutPorts = 1>
ST_2 : Operation 16 [1/1] (0.00ns)   --->   "br i1 %exitcond, label %.preheader.0, label %2" [pack3.c:11]   --->   Operation 16 'br' <Predicate = true> <Delay = 0.00>
ST_2 : Operation 17 [1/1] (0.00ns)   --->   "%p_shl7 = call i10 @_ssdm_op_BitConcatenate.i10.i8.i2(i8 %i, i2 0)" [pack3.c:13]   --->   Operation 17 'bitconcatenate' 'p_shl7' <Predicate = (!exitcond)> <Delay = 0.00>
ST_2 : Operation 18 [1/1] (1.74ns)   --->   "%tmp = add i10 %p_shl7, %i_cast1" [pack3.c:13]   --->   Operation 18 'add' 'tmp' <Predicate = (!exitcond)> <Delay = 1.74> <Core = "AddSub">   --->   Core 14 'AddSub' <Latency = 0> <II = 1> <Delay = 1.73> <FuncUnit> <Opcode : 'add' 'sub'> <InPorts = 2> <OutPorts = 1>
ST_2 : Operation 19 [1/1] (1.74ns)   --->   "%tmp_s = add i10 4, %tmp" [pack3.c:13]   --->   Operation 19 'add' 'tmp_s' <Predicate = (!exitcond)> <Delay = 1.74> <Core = "AddSub">   --->   Core 14 'AddSub' <Latency = 0> <II = 1> <Delay = 1.73> <FuncUnit> <Opcode : 'add' 'sub'> <InPorts = 2> <OutPorts = 1>
ST_2 : Operation 20 [1/1] (0.00ns)   --->   "%tmp_160 = zext i10 %tmp_s to i64" [pack3.c:13]   --->   Operation 20 'zext' 'tmp_160' <Predicate = (!exitcond)> <Delay = 0.00>
ST_2 : Operation 21 [1/1] (0.00ns)   --->   "%a_coeffs_addr = getelementptr [677 x i16]* %a_coeffs, i64 0, i64 %tmp_160" [pack3.c:13]   --->   Operation 21 'getelementptr' 'a_coeffs_addr' <Predicate = (!exitcond)> <Delay = 0.00>
ST_2 : Operation 22 [2/2] (2.77ns)   --->   "%a_coeffs_load = load i16* %a_coeffs_addr, align 2" [pack3.c:13]   --->   Operation 22 'load' 'a_coeffs_load' <Predicate = (!exitcond)> <Delay = 2.77> <Core = "RAM">   --->   Core 37 'RAM' <Latency = 1> <II = 1> <Delay = 2.77> <Storage> <Opcode : 'load' 'store'> <Ports = 2> <Width = 8> <Depth = 272> <RAM>
ST_2 : Operation 23 [1/1] (1.74ns)   --->   "%tmp_162 = add i10 3, %tmp" [pack3.c:14]   --->   Operation 23 'add' 'tmp_162' <Predicate = (!exitcond)> <Delay = 1.74> <Core = "AddSub">   --->   Core 14 'AddSub' <Latency = 0> <II = 1> <Delay = 1.73> <FuncUnit> <Opcode : 'add' 'sub'> <InPorts = 2> <OutPorts = 1>
ST_2 : Operation 24 [1/1] (0.00ns)   --->   "%tmp_163 = zext i10 %tmp_162 to i64" [pack3.c:14]   --->   Operation 24 'zext' 'tmp_163' <Predicate = (!exitcond)> <Delay = 0.00>
ST_2 : Operation 25 [1/1] (0.00ns)   --->   "%a_coeffs_addr_2 = getelementptr [677 x i16]* %a_coeffs, i64 0, i64 %tmp_163" [pack3.c:14]   --->   Operation 25 'getelementptr' 'a_coeffs_addr_2' <Predicate = (!exitcond)> <Delay = 0.00>
ST_2 : Operation 26 [2/2] (2.77ns)   --->   "%a_coeffs_load_2 = load i16* %a_coeffs_addr_2, align 2" [pack3.c:14]   --->   Operation 26 'load' 'a_coeffs_load_2' <Predicate = (!exitcond)> <Delay = 2.77> <Core = "RAM">   --->   Core 37 'RAM' <Latency = 1> <II = 1> <Delay = 2.77> <Storage> <Opcode : 'load' 'store'> <Ports = 2> <Width = 8> <Depth = 272> <RAM>
ST_2 : Operation 27 [1/1] (0.00ns)   --->   "%a_coeffs_addr_6 = getelementptr [677 x i16]* %a_coeffs, i64 0, i64 675" [pack3.c:24]   --->   Operation 27 'getelementptr' 'a_coeffs_addr_6' <Predicate = (exitcond)> <Delay = 0.00>
ST_2 : Operation 28 [2/2] (2.77ns)   --->   "%a_coeffs_load_6 = load i16* %a_coeffs_addr_6, align 2" [pack3.c:24]   --->   Operation 28 'load' 'a_coeffs_load_6' <Predicate = (exitcond)> <Delay = 2.77> <Core = "RAM">   --->   Core 37 'RAM' <Latency = 1> <II = 1> <Delay = 2.77> <Storage> <Opcode : 'load' 'store'> <Ports = 2> <Width = 8> <Depth = 272> <RAM>

State 3 <SV = 2> <Delay = 5.79>
ST_3 : Operation 29 [1/2] (2.77ns)   --->   "%a_coeffs_load = load i16* %a_coeffs_addr, align 2" [pack3.c:13]   --->   Operation 29 'load' 'a_coeffs_load' <Predicate = true> <Delay = 2.77> <Core = "RAM">   --->   Core 37 'RAM' <Latency = 1> <II = 1> <Delay = 2.77> <Storage> <Opcode : 'load' 'store'> <Ports = 2> <Width = 8> <Depth = 272> <RAM>
ST_3 : Operation 30 [1/1] (0.00ns)   --->   "%c = trunc i16 %a_coeffs_load to i8" [pack3.c:13]   --->   Operation 30 'trunc' 'c' <Predicate = true> <Delay = 0.00>
ST_3 : Operation 31 [1/1] (0.00ns)   --->   "%tmp_178 = trunc i16 %a_coeffs_load to i6" [pack3.c:13]   --->   Operation 31 'trunc' 'tmp_178' <Predicate = true> <Delay = 0.00>
ST_3 : Operation 32 [1/1] (0.00ns)   --->   "%p_shl6 = call i8 @_ssdm_op_BitConcatenate.i8.i6.i2(i6 %tmp_178, i2 0)" [pack3.c:14]   --->   Operation 32 'bitconcatenate' 'p_shl6' <Predicate = true> <Delay = 0.00>
ST_3 : Operation 33 [1/1] (0.00ns) (grouped into TernaryAdder)   --->   "%tmp_161 = sub i8 %p_shl6, %c" [pack3.c:14]   --->   Operation 33 'sub' 'tmp_161' <Predicate = true> <Delay = 0.00> <Core = "TAddSub">   --->   Core 84 'TAddSub' <Latency = 0> <II = 1> <Delay = 1.51> <IPBlock> <Opcode : 'add' 'sub'> <InPorts = 3> <OutPorts = 1> <Sync> <CReg>
ST_3 : Operation 34 [1/2] (2.77ns)   --->   "%a_coeffs_load_2 = load i16* %a_coeffs_addr_2, align 2" [pack3.c:14]   --->   Operation 34 'load' 'a_coeffs_load_2' <Predicate = true> <Delay = 2.77> <Core = "RAM">   --->   Core 37 'RAM' <Latency = 1> <II = 1> <Delay = 2.77> <Storage> <Opcode : 'load' 'store'> <Ports = 2> <Width = 8> <Depth = 272> <RAM>
ST_3 : Operation 35 [1/1] (0.00ns)   --->   "%tmp_179 = trunc i16 %a_coeffs_load_2 to i8" [pack3.c:14]   --->   Operation 35 'trunc' 'tmp_179' <Predicate = true> <Delay = 0.00>
ST_3 : Operation 36 [1/1] (3.02ns) (root node of TernaryAdder)   --->   "%c_1 = add i8 %tmp_161, %tmp_179" [pack3.c:14]   --->   Operation 36 'add' 'c_1' <Predicate = true> <Delay = 3.02> <Core = "TAddSub">   --->   Core 84 'TAddSub' <Latency = 0> <II = 1> <Delay = 1.51> <IPBlock> <Opcode : 'add' 'sub'> <InPorts = 3> <OutPorts = 1> <Sync> <CReg>
ST_3 : Operation 37 [1/1] (1.74ns)   --->   "%tmp_165 = add i10 2, %tmp" [pack3.c:15]   --->   Operation 37 'add' 'tmp_165' <Predicate = true> <Delay = 1.74> <Core = "AddSub">   --->   Core 14 'AddSub' <Latency = 0> <II = 1> <Delay = 1.73> <FuncUnit> <Opcode : 'add' 'sub'> <InPorts = 2> <OutPorts = 1>
ST_3 : Operation 38 [1/1] (0.00ns)   --->   "%tmp_166 = zext i10 %tmp_165 to i64" [pack3.c:15]   --->   Operation 38 'zext' 'tmp_166' <Predicate = true> <Delay = 0.00>
ST_3 : Operation 39 [1/1] (0.00ns)   --->   "%a_coeffs_addr_3 = getelementptr [677 x i16]* %a_coeffs, i64 0, i64 %tmp_166" [pack3.c:15]   --->   Operation 39 'getelementptr' 'a_coeffs_addr_3' <Predicate = true> <Delay = 0.00>
ST_3 : Operation 40 [2/2] (2.77ns)   --->   "%a_coeffs_load_3 = load i16* %a_coeffs_addr_3, align 2" [pack3.c:15]   --->   Operation 40 'load' 'a_coeffs_load_3' <Predicate = true> <Delay = 2.77> <Core = "RAM">   --->   Core 37 'RAM' <Latency = 1> <II = 1> <Delay = 2.77> <Storage> <Opcode : 'load' 'store'> <Ports = 2> <Width = 8> <Depth = 272> <RAM>
ST_3 : Operation 41 [1/1] (0.00ns)   --->   "%tmp_293_cast = zext i8 %i to i9" [pack3.c:18]   --->   Operation 41 'zext' 'tmp_293_cast' <Predicate = true> <Delay = 0.00>
ST_3 : Operation 42 [1/1] (1.73ns)   --->   "%sum = add i9 %tmp_293_cast, %tmp_170" [pack3.c:18]   --->   Operation 42 'add' 'sum' <Predicate = true> <Delay = 1.73> <Core = "AddSub">   --->   Core 14 'AddSub' <Latency = 0> <II = 1> <Delay = 1.73> <FuncUnit> <Opcode : 'add' 'sub'> <InPorts = 2> <OutPorts = 1>

State 4 <SV = 3> <Delay = 5.79>
ST_4 : Operation 43 [1/1] (0.00ns)   --->   "%tmp_180 = shl i8 %c_1, 2" [pack3.c:15]   --->   Operation 43 'shl' 'tmp_180' <Predicate = true> <Delay = 0.00>
ST_4 : Operation 44 [1/1] (0.00ns) (grouped into TernaryAdder)   --->   "%tmp_164 = sub i8 %tmp_180, %c_1" [pack3.c:15]   --->   Operation 44 'sub' 'tmp_164' <Predicate = true> <Delay = 0.00> <Core = "TAddSub">   --->   Core 84 'TAddSub' <Latency = 0> <II = 1> <Delay = 1.51> <IPBlock> <Opcode : 'add' 'sub'> <InPorts = 3> <OutPorts = 1> <Sync> <CReg>
ST_4 : Operation 45 [1/2] (2.77ns)   --->   "%a_coeffs_load_3 = load i16* %a_coeffs_addr_3, align 2" [pack3.c:15]   --->   Operation 45 'load' 'a_coeffs_load_3' <Predicate = true> <Delay = 2.77> <Core = "RAM">   --->   Core 37 'RAM' <Latency = 1> <II = 1> <Delay = 2.77> <Storage> <Opcode : 'load' 'store'> <Ports = 2> <Width = 8> <Depth = 272> <RAM>
ST_4 : Operation 46 [1/1] (0.00ns)   --->   "%tmp_181 = trunc i16 %a_coeffs_load_3 to i8" [pack3.c:15]   --->   Operation 46 'trunc' 'tmp_181' <Predicate = true> <Delay = 0.00>
ST_4 : Operation 47 [1/1] (3.02ns) (root node of TernaryAdder)   --->   "%c_2 = add i8 %tmp_181, %tmp_164" [pack3.c:15]   --->   Operation 47 'add' 'c_2' <Predicate = true> <Delay = 3.02> <Core = "TAddSub">   --->   Core 84 'TAddSub' <Latency = 0> <II = 1> <Delay = 1.51> <IPBlock> <Opcode : 'add' 'sub'> <InPorts = 3> <OutPorts = 1> <Sync> <CReg>
ST_4 : Operation 48 [1/1] (1.74ns)   --->   "%tmp_168 = add i10 1, %tmp" [pack3.c:16]   --->   Operation 48 'add' 'tmp_168' <Predicate = true> <Delay = 1.74> <Core = "AddSub">   --->   Core 14 'AddSub' <Latency = 0> <II = 1> <Delay = 1.73> <FuncUnit> <Opcode : 'add' 'sub'> <InPorts = 2> <OutPorts = 1>
ST_4 : Operation 49 [1/1] (0.00ns)   --->   "%tmp_169 = zext i10 %tmp_168 to i64" [pack3.c:16]   --->   Operation 49 'zext' 'tmp_169' <Predicate = true> <Delay = 0.00>
ST_4 : Operation 50 [1/1] (0.00ns)   --->   "%a_coeffs_addr_4 = getelementptr [677 x i16]* %a_coeffs, i64 0, i64 %tmp_169" [pack3.c:16]   --->   Operation 50 'getelementptr' 'a_coeffs_addr_4' <Predicate = true> <Delay = 0.00>
ST_4 : Operation 51 [2/2] (2.77ns)   --->   "%a_coeffs_load_4 = load i16* %a_coeffs_addr_4, align 2" [pack3.c:16]   --->   Operation 51 'load' 'a_coeffs_load_4' <Predicate = true> <Delay = 2.77> <Core = "RAM">   --->   Core 37 'RAM' <Latency = 1> <II = 1> <Delay = 2.77> <Storage> <Opcode : 'load' 'store'> <Ports = 2> <Width = 8> <Depth = 272> <RAM>
ST_4 : Operation 52 [1/1] (0.00ns)   --->   "%tmp_172 = zext i10 %tmp to i64" [pack3.c:17]   --->   Operation 52 'zext' 'tmp_172' <Predicate = true> <Delay = 0.00>
ST_4 : Operation 53 [1/1] (0.00ns)   --->   "%a_coeffs_addr_5 = getelementptr [677 x i16]* %a_coeffs, i64 0, i64 %tmp_172" [pack3.c:17]   --->   Operation 53 'getelementptr' 'a_coeffs_addr_5' <Predicate = true> <Delay = 0.00>
ST_4 : Operation 54 [2/2] (2.77ns)   --->   "%a_coeffs_load_5 = load i16* %a_coeffs_addr_5, align 2" [pack3.c:17]   --->   Operation 54 'load' 'a_coeffs_load_5' <Predicate = true> <Delay = 2.77> <Core = "RAM">   --->   Core 37 'RAM' <Latency = 1> <II = 1> <Delay = 2.77> <Storage> <Opcode : 'load' 'store'> <Ports = 2> <Width = 8> <Depth = 272> <RAM>

State 5 <SV = 4> <Delay = 5.79>
ST_5 : Operation 55 [1/1] (0.00ns)   --->   "%tmp_182 = shl i8 %c_2, 2" [pack3.c:16]   --->   Operation 55 'shl' 'tmp_182' <Predicate = true> <Delay = 0.00>
ST_5 : Operation 56 [1/1] (0.00ns) (grouped into TernaryAdder)   --->   "%tmp_167 = sub i8 %tmp_182, %c_2" [pack3.c:16]   --->   Operation 56 'sub' 'tmp_167' <Predicate = true> <Delay = 0.00> <Core = "TAddSub">   --->   Core 84 'TAddSub' <Latency = 0> <II = 1> <Delay = 1.51> <IPBlock> <Opcode : 'add' 'sub'> <InPorts = 3> <OutPorts = 1> <Sync> <CReg>
ST_5 : Operation 57 [1/2] (2.77ns)   --->   "%a_coeffs_load_4 = load i16* %a_coeffs_addr_4, align 2" [pack3.c:16]   --->   Operation 57 'load' 'a_coeffs_load_4' <Predicate = true> <Delay = 2.77> <Core = "RAM">   --->   Core 37 'RAM' <Latency = 1> <II = 1> <Delay = 2.77> <Storage> <Opcode : 'load' 'store'> <Ports = 2> <Width = 8> <Depth = 272> <RAM>
ST_5 : Operation 58 [1/1] (0.00ns)   --->   "%tmp_183 = trunc i16 %a_coeffs_load_4 to i8" [pack3.c:16]   --->   Operation 58 'trunc' 'tmp_183' <Predicate = true> <Delay = 0.00>
ST_5 : Operation 59 [1/1] (3.02ns) (root node of TernaryAdder)   --->   "%c_3 = add i8 %tmp_183, %tmp_167" [pack3.c:16]   --->   Operation 59 'add' 'c_3' <Predicate = true> <Delay = 3.02> <Core = "TAddSub">   --->   Core 84 'TAddSub' <Latency = 0> <II = 1> <Delay = 1.51> <IPBlock> <Opcode : 'add' 'sub'> <InPorts = 3> <OutPorts = 1> <Sync> <CReg>
ST_5 : Operation 60 [1/2] (2.77ns)   --->   "%a_coeffs_load_5 = load i16* %a_coeffs_addr_5, align 2" [pack3.c:17]   --->   Operation 60 'load' 'a_coeffs_load_5' <Predicate = true> <Delay = 2.77> <Core = "RAM">   --->   Core 37 'RAM' <Latency = 1> <II = 1> <Delay = 2.77> <Storage> <Opcode : 'load' 'store'> <Ports = 2> <Width = 8> <Depth = 272> <RAM>
ST_5 : Operation 61 [1/1] (0.00ns)   --->   "%tmp_185 = trunc i16 %a_coeffs_load_5 to i8" [pack3.c:17]   --->   Operation 61 'trunc' 'tmp_185' <Predicate = true> <Delay = 0.00>

State 6 <SV = 5> <Delay = 5.79>
ST_6 : Operation 62 [1/1] (0.00ns)   --->   "%tmp_184 = shl i8 %c_3, 2" [pack3.c:17]   --->   Operation 62 'shl' 'tmp_184' <Predicate = true> <Delay = 0.00>
ST_6 : Operation 63 [1/1] (0.00ns) (grouped into TernaryAdder)   --->   "%tmp_171 = sub i8 %tmp_184, %c_3" [pack3.c:17]   --->   Operation 63 'sub' 'tmp_171' <Predicate = true> <Delay = 0.00> <Core = "TAddSub">   --->   Core 84 'TAddSub' <Latency = 0> <II = 1> <Delay = 1.51> <IPBlock> <Opcode : 'add' 'sub'> <InPorts = 3> <OutPorts = 1> <Sync> <CReg>
ST_6 : Operation 64 [1/1] (3.02ns) (root node of TernaryAdder)   --->   "%c_4 = add i8 %tmp_185, %tmp_171" [pack3.c:17]   --->   Operation 64 'add' 'c_4' <Predicate = true> <Delay = 3.02> <Core = "TAddSub">   --->   Core 84 'TAddSub' <Latency = 0> <II = 1> <Delay = 1.51> <IPBlock> <Opcode : 'add' 'sub'> <InPorts = 3> <OutPorts = 1> <Sync> <CReg>
ST_6 : Operation 65 [1/1] (0.00ns)   --->   "%sum_cast = zext i9 %sum to i64" [pack3.c:18]   --->   Operation 65 'zext' 'sum_cast' <Predicate = true> <Delay = 0.00>
ST_6 : Operation 66 [1/1] (0.00ns)   --->   "%msg_addr_1 = getelementptr [272 x i8]* %msg, i64 0, i64 %sum_cast" [pack3.c:18]   --->   Operation 66 'getelementptr' 'msg_addr_1' <Predicate = true> <Delay = 0.00>
ST_6 : Operation 67 [1/1] (2.77ns)   --->   "store i8 %c_4, i8* %msg_addr_1, align 1" [pack3.c:18]   --->   Operation 67 'store' <Predicate = true> <Delay = 2.77> <Core = "RAM">   --->   Core 37 'RAM' <Latency = 1> <II = 1> <Delay = 2.77> <Storage> <Opcode : 'load' 'store'> <Ports = 2> <Width = 8> <Depth = 272> <RAM>
ST_6 : Operation 68 [1/1] (0.00ns)   --->   "br label %1" [pack3.c:11]   --->   Operation 68 'br' <Predicate = true> <Delay = 0.00>

State 7 <SV = 2> <Delay = 5.54>
ST_7 : Operation 69 [1/2] (2.77ns)   --->   "%a_coeffs_load_6 = load i16* %a_coeffs_addr_6, align 2" [pack3.c:24]   --->   Operation 69 'load' 'a_coeffs_load_6' <Predicate = true> <Delay = 2.77> <Core = "RAM">   --->   Core 37 'RAM' <Latency = 1> <II = 1> <Delay = 2.77> <Storage> <Opcode : 'load' 'store'> <Ports = 2> <Width = 8> <Depth = 272> <RAM>
ST_7 : Operation 70 [1/1] (0.00ns)   --->   "%tmp_174 = trunc i16 %a_coeffs_load_6 to i8" [pack3.c:24]   --->   Operation 70 'trunc' 'tmp_174' <Predicate = true> <Delay = 0.00>
ST_7 : Operation 71 [1/1] (1.73ns)   --->   "%sum2 = add i9 135, %tmp_170" [pack3.c:25]   --->   Operation 71 'add' 'sum2' <Predicate = true> <Delay = 1.73> <Core = "AddSub">   --->   Core 14 'AddSub' <Latency = 0> <II = 1> <Delay = 1.73> <FuncUnit> <Opcode : 'add' 'sub'> <InPorts = 2> <OutPorts = 1>
ST_7 : Operation 72 [1/1] (0.00ns)   --->   "%sum2_cast = zext i9 %sum2 to i64" [pack3.c:25]   --->   Operation 72 'zext' 'sum2_cast' <Predicate = true> <Delay = 0.00>
ST_7 : Operation 73 [1/1] (0.00ns)   --->   "%msg_addr = getelementptr [272 x i8]* %msg, i64 0, i64 %sum2_cast" [pack3.c:25]   --->   Operation 73 'getelementptr' 'msg_addr' <Predicate = true> <Delay = 0.00>
ST_7 : Operation 74 [1/1] (2.77ns)   --->   "store i8 %tmp_174, i8* %msg_addr, align 1" [pack3.c:25]   --->   Operation 74 'store' <Predicate = true> <Delay = 2.77> <Core = "RAM">   --->   Core 37 'RAM' <Latency = 1> <II = 1> <Delay = 2.77> <Storage> <Opcode : 'load' 'store'> <Ports = 2> <Width = 8> <Depth = 272> <RAM>
ST_7 : Operation 75 [1/1] (0.00ns)   --->   "ret void" [pack3.c:27]   --->   Operation 75 'ret' <Predicate = true> <Delay = 0.00>


============================================================
+ Verbose Summary: Binding
============================================================
STG Binding: 
---------------- STG Properties BEGIN ----------------
- Is combinational: 0
- Is one-state seq: 0
- Is datapath-only: 0
- Is pipelined: 0
- Is top level: 0
Port [ Return ] is wired: 1; IO mode=ap_ctrl_hs:ce=0
Port [ msg]:  wired=1; compound=1; hidden=0; nouse=0; global=0; static=0; extern=0; dir=1; type=1; pingpong=0; private_global=0; MemPort=[03]; IO mode=ap_memory:ce=0
Port [ msg_offset]:  wired=1; compound=0; hidden=0; nouse=0; global=0; static=0; extern=0; dir=0; type=0; pingpong=0; private_global=0; IO mode=ap_none:ce=0
Port [ a_coeffs]:  wired=1; compound=1; hidden=0; nouse=0; global=0; static=0; extern=0; dir=0; type=1; pingpong=0; private_global=0; MemPort=[11]; IO mode=ap_memory:ce=0
---------------- STG Properties END ------------------

---------------- Datapath Model BEGIN ----------------

<LifeTime>
<method=bitvector/>
msg_offset_read (read             ) [ 00000000]
tmp_170         (trunc            ) [ 00111111]
StgValue_10     (br               ) [ 01111110]
i               (phi              ) [ 00110000]
i_cast1         (zext             ) [ 00000000]
exitcond        (icmp             ) [ 00111110]
empty           (speclooptripcount) [ 00000000]
i_9             (add              ) [ 01111110]
StgValue_16     (br               ) [ 00000000]
p_shl7          (bitconcatenate   ) [ 00000000]
tmp             (add              ) [ 00011000]
tmp_s           (add              ) [ 00000000]
tmp_160         (zext             ) [ 00000000]
a_coeffs_addr   (getelementptr    ) [ 00010000]
tmp_162         (add              ) [ 00000000]
tmp_163         (zext             ) [ 00000000]
a_coeffs_addr_2 (getelementptr    ) [ 00010000]
a_coeffs_addr_6 (getelementptr    ) [ 00000001]
a_coeffs_load   (load             ) [ 00000000]
c               (trunc            ) [ 00000000]
tmp_178         (trunc            ) [ 00000000]
p_shl6          (bitconcatenate   ) [ 00000000]
tmp_161         (sub              ) [ 00000000]
a_coeffs_load_2 (load             ) [ 00000000]
tmp_179         (trunc            ) [ 00000000]
c_1             (add              ) [ 00001000]
tmp_165         (add              ) [ 00000000]
tmp_166         (zext             ) [ 00000000]
a_coeffs_addr_3 (getelementptr    ) [ 00001000]
tmp_293_cast    (zext             ) [ 00000000]
sum             (add              ) [ 00001110]
tmp_180         (shl              ) [ 00000000]
tmp_164         (sub              ) [ 00000000]
a_coeffs_load_3 (load             ) [ 00000000]
tmp_181         (trunc            ) [ 00000000]
c_2             (add              ) [ 00000100]
tmp_168         (add              ) [ 00000000]
tmp_169         (zext             ) [ 00000000]
a_coeffs_addr_4 (getelementptr    ) [ 00000100]
tmp_172         (zext             ) [ 00000000]
a_coeffs_addr_5 (getelementptr    ) [ 00000100]
tmp_182         (shl              ) [ 00000000]
tmp_167         (sub              ) [ 00000000]
a_coeffs_load_4 (load             ) [ 00000000]
tmp_183         (trunc            ) [ 00000000]
c_3             (add              ) [ 00000010]
a_coeffs_load_5 (load             ) [ 00000000]
tmp_185         (trunc            ) [ 00000010]
tmp_184         (shl              ) [ 00000000]
tmp_171         (sub              ) [ 00000000]
c_4             (add              ) [ 00000000]
sum_cast        (zext             ) [ 00000000]
msg_addr_1      (getelementptr    ) [ 00000000]
StgValue_67     (store            ) [ 00000000]
StgValue_68     (br               ) [ 01111110]
a_coeffs_load_6 (load             ) [ 00000000]
tmp_174         (trunc            ) [ 00000000]
sum2            (add              ) [ 00000000]
sum2_cast       (zext             ) [ 00000000]
msg_addr        (getelementptr    ) [ 00000000]
StgValue_74     (store            ) [ 00000000]
StgValue_75     (ret              ) [ 00000000]
</LifeTime>

<model>

<comp_list>
<comp id="0" class="1000" name="msg">
<pin_list>
<pin id="1" dir="1" index="0" bw="1" slack="0"/>
</pin_list>
<bind>
<StgValue><ssdm name="msg"/><MemPortTyVec>0 3 </MemPortTyVec>
</StgValue>
</bind>
</comp>

<comp id="2" class="1000" name="msg_offset">
<pin_list>
<pin id="3" dir="1" index="0" bw="1" slack="0"/>
</pin_list>
<bind>
<StgValue><ssdm name="msg_offset"/></StgValue>
</bind>
</comp>

<comp id="4" class="1000" name="a_coeffs">
<pin_list>
<pin id="5" dir="1" index="0" bw="1" slack="0"/>
</pin_list>
<bind>
<StgValue><ssdm name="a_coeffs"/><MemPortTyVec>1 1 </MemPortTyVec>
</StgValue>
</bind>
</comp>

<comp id="6" class="1001" name="const_6">
<pin_list>
<pin id="7" dir="1" index="0" bw="1" slack="0"/>
</pin_list>
<bind>
<StgValue><ssdm name="_ssdm_op_Read.ap_auto.i10"/></StgValue>
</bind>
</comp>

<comp id="8" class="1001" name="const_8">
<pin_list>
<pin id="9" dir="1" index="0" bw="1" slack="1"/>
</pin_list>
<bind>
<StgValue><ssdm name=""/></StgValue>
</bind>
</comp>

<comp id="10" class="1001" name="const_10">
<pin_list>
<pin id="11" dir="1" index="0" bw="1" slack="0"/>
</pin_list>
<bind>
<StgValue><ssdm name=""/></StgValue>
</bind>
</comp>

<comp id="12" class="1001" name="const_12">
<pin_list>
<pin id="13" dir="1" index="0" bw="1" slack="2147483647"/>
</pin_list>
<bind>
<StgValue><ssdm name="_ssdm_op_SpecLoopTripCount"/></StgValue>
</bind>
</comp>

<comp id="14" class="1001" name="const_14">
<pin_list>
<pin id="15" dir="1" index="0" bw="1" slack="2147483647"/>
</pin_list>
<bind>
<StgValue><ssdm name=""/></StgValue>
</bind>
</comp>

<comp id="16" class="1001" name="const_16">
<pin_list>
<pin id="17" dir="1" index="0" bw="1" slack="0"/>
</pin_list>
<bind>
<StgValue><ssdm name=""/></StgValue>
</bind>
</comp>

<comp id="18" class="1001" name="const_18">
<pin_list>
<pin id="19" dir="1" index="0" bw="1" slack="0"/>
</pin_list>
<bind>
<StgValue><ssdm name="_ssdm_op_BitConcatenate.i10.i8.i2"/></StgValue>
</bind>
</comp>

<comp id="20" class="1001" name="const_20">
<pin_list>
<pin id="21" dir="1" index="0" bw="1" slack="0"/>
</pin_list>
<bind>
<StgValue><ssdm name=""/></StgValue>
</bind>
</comp>

<comp id="22" class="1001" name="const_22">
<pin_list>
<pin id="23" dir="1" index="0" bw="1" slack="0"/>
</pin_list>
<bind>
<StgValue><ssdm name=""/></StgValue>
</bind>
</comp>

<comp id="24" class="1001" name="const_24">
<pin_list>
<pin id="25" dir="1" index="0" bw="1" slack="0"/>
</pin_list>
<bind>
<StgValue><ssdm name=""/></StgValue>
</bind>
</comp>

<comp id="26" class="1001" name="const_26">
<pin_list>
<pin id="27" dir="1" index="0" bw="1" slack="0"/>
</pin_list>
<bind>
<StgValue><ssdm name=""/></StgValue>
</bind>
</comp>

<comp id="28" class="1001" name="const_28">
<pin_list>
<pin id="29" dir="1" index="0" bw="1" slack="0"/>
</pin_list>
<bind>
<StgValue><ssdm name=""/></StgValue>
</bind>
</comp>

<comp id="30" class="1001" name="const_30">
<pin_list>
<pin id="31" dir="1" index="0" bw="1" slack="0"/>
</pin_list>
<bind>
<StgValue><ssdm name="_ssdm_op_BitConcatenate.i8.i6.i2"/></StgValue>
</bind>
</comp>

<comp id="32" class="1001" name="const_32">
<pin_list>
<pin id="33" dir="1" index="0" bw="1" slack="0"/>
</pin_list>
<bind>
<StgValue><ssdm name=""/></StgValue>
</bind>
</comp>

<comp id="34" class="1001" name="const_34">
<pin_list>
<pin id="35" dir="1" index="0" bw="1" slack="0"/>
</pin_list>
<bind>
<StgValue><ssdm name=""/></StgValue>
</bind>
</comp>

<comp id="36" class="1001" name="const_36">
<pin_list>
<pin id="37" dir="1" index="0" bw="1" slack="0"/>
</pin_list>
<bind>
<StgValue><ssdm name=""/></StgValue>
</bind>
</comp>

<comp id="38" class="1001" name="const_38">
<pin_list>
<pin id="39" dir="1" index="0" bw="1" slack="0"/>
</pin_list>
<bind>
<StgValue><ssdm name=""/></StgValue>
</bind>
</comp>

<comp id="40" class="1004" name="msg_offset_read_read_fu_40">
<pin_list>
<pin id="41" dir="0" index="0" bw="10" slack="0"/>
<pin id="42" dir="0" index="1" bw="10" slack="0"/>
<pin id="43" dir="1" index="2" bw="10" slack="0"/>
</pin_list>
<bind>
<opcode="read(1150) " fcode="read"/>
<opset="msg_offset_read/1 "/>
</bind>
</comp>

<comp id="46" class="1004" name="a_coeffs_addr_gep_fu_46">
<pin_list>
<pin id="47" dir="0" index="0" bw="16" slack="0"/>
<pin id="48" dir="0" index="1" bw="1" slack="0"/>
<pin id="49" dir="0" index="2" bw="10" slack="0"/>
<pin id="50" dir="1" index="3" bw="10" slack="0"/>
</pin_list>
<bind>
<opcode="getelementptr(29) " fcode="getelementptr"/>
<opset="a_coeffs_addr/2 "/>
</bind>
</comp>

<comp id="53" class="1004" name="grp_access_fu_53">
<pin_list>
<pin id="54" dir="0" index="0" bw="10" slack="0"/>
<pin id="55" dir="0" index="1" bw="16" slack="2147483647"/>
<pin id="56" dir="0" index="2" bw="0" slack="0"/>
<pin id="66" dir="0" index="4" bw="10" slack="2147483647"/>
<pin id="67" dir="0" index="5" bw="16" slack="2147483647"/>
<pin id="68" dir="0" index="6" bw="0" slack="2147483647"/>
<pin id="57" dir="1" index="3" bw="16" slack="0"/>
<pin id="69" dir="1" index="7" bw="16" slack="0"/>
</pin_list>
<bind>
<opcode="load(27) " fcode="load"/>
<opset="a_coeffs_load/2 a_coeffs_load_2/2 a_coeffs_load_6/2 a_coeffs_load_3/3 a_coeffs_load_4/4 a_coeffs_load_5/4 "/>
</bind>
</comp>

<comp id="59" class="1004" name="a_coeffs_addr_2_gep_fu_59">
<pin_list>
<pin id="60" dir="0" index="0" bw="16" slack="0"/>
<pin id="61" dir="0" index="1" bw="1" slack="0"/>
<pin id="62" dir="0" index="2" bw="10" slack="0"/>
<pin id="63" dir="1" index="3" bw="10" slack="0"/>
</pin_list>
<bind>
<opcode="getelementptr(29) " fcode="getelementptr"/>
<opset="a_coeffs_addr_2/2 "/>
</bind>
</comp>

<comp id="71" class="1004" name="a_coeffs_addr_6_gep_fu_71">
<pin_list>
<pin id="72" dir="0" index="0" bw="16" slack="0"/>
<pin id="73" dir="0" index="1" bw="1" slack="0"/>
<pin id="74" dir="0" index="2" bw="11" slack="0"/>
<pin id="75" dir="1" index="3" bw="10" slack="0"/>
</pin_list>
<bind>
<opcode="getelementptr(29) " fcode="getelementptr"/>
<opset="a_coeffs_addr_6/2 "/>
</bind>
</comp>

<comp id="80" class="1004" name="a_coeffs_addr_3_gep_fu_80">
<pin_list>
<pin id="81" dir="0" index="0" bw="16" slack="0"/>
<pin id="82" dir="0" index="1" bw="1" slack="0"/>
<pin id="83" dir="0" index="2" bw="10" slack="0"/>
<pin id="84" dir="1" index="3" bw="10" slack="0"/>
</pin_list>
<bind>
<opcode="getelementptr(29) " fcode="getelementptr"/>
<opset="a_coeffs_addr_3/3 "/>
</bind>
</comp>

<comp id="88" class="1004" name="a_coeffs_addr_4_gep_fu_88">
<pin_list>
<pin id="89" dir="0" index="0" bw="16" slack="0"/>
<pin id="90" dir="0" index="1" bw="1" slack="0"/>
<pin id="91" dir="0" index="2" bw="10" slack="0"/>
<pin id="92" dir="1" index="3" bw="10" slack="0"/>
</pin_list>
<bind>
<opcode="getelementptr(29) " fcode="getelementptr"/>
<opset="a_coeffs_addr_4/4 "/>
</bind>
</comp>

<comp id="96" class="1004" name="a_coeffs_addr_5_gep_fu_96">
<pin_list>
<pin id="97" dir="0" index="0" bw="16" slack="0"/>
<pin id="98" dir="0" index="1" bw="1" slack="0"/>
<pin id="99" dir="0" index="2" bw="10" slack="0"/>
<pin id="100" dir="1" index="3" bw="10" slack="0"/>
</pin_list>
<bind>
<opcode="getelementptr(29) " fcode="getelementptr"/>
<opset="a_coeffs_addr_5/4 "/>
</bind>
</comp>

<comp id="104" class="1004" name="msg_addr_1_gep_fu_104">
<pin_list>
<pin id="105" dir="0" index="0" bw="8" slack="0"/>
<pin id="106" dir="0" index="1" bw="1" slack="0"/>
<pin id="107" dir="0" index="2" bw="9" slack="0"/>
<pin id="108" dir="1" index="3" bw="9" slack="0"/>
</pin_list>
<bind>
<opcode="getelementptr(29) " fcode="getelementptr"/>
<opset="msg_addr_1/6 "/>
</bind>
</comp>

<comp id="111" class="1004" name="grp_access_fu_111">
<pin_list>
<pin id="112" dir="0" index="0" bw="9" slack="0"/>
<pin id="113" dir="0" index="1" bw="8" slack="0"/>
<pin id="114" dir="0" index="2" bw="0" slack="2147483647"/>
<pin id="115" dir="1" index="3" bw="8" slack="2147483647"/>
</pin_list>
<bind>
<opcode="store(28) " fcode="store"/>
<opset="StgValue_67/6 StgValue_74/7 "/>
</bind>
</comp>

<comp id="117" class="1004" name="msg_addr_gep_fu_117">
<pin_list>
<pin id="118" dir="0" index="0" bw="8" slack="0"/>
<pin id="119" dir="0" index="1" bw="1" slack="0"/>
<pin id="120" dir="0" index="2" bw="9" slack="0"/>
<pin id="121" dir="1" index="3" bw="9" slack="0"/>
</pin_list>
<bind>
<opcode="getelementptr(29) " fcode="getelementptr"/>
<opset="msg_addr/7 "/>
</bind>
</comp>

<comp id="125" class="1005" name="i_reg_125">
<pin_list>
<pin id="126" dir="0" index="0" bw="8" slack="1"/>
<pin id="127" dir="1" index="1" bw="8" slack="1"/>
</pin_list>
<bind>
<opset="i (phireg) "/>
</bind>
</comp>

<comp id="129" class="1004" name="i_phi_fu_129">
<pin_list>
<pin id="130" dir="0" index="0" bw="1" slack="1"/>
<pin id="131" dir="0" index="1" bw="0" slack="2147483647"/>
<pin id="132" dir="0" index="2" bw="8" slack="0"/>
<pin id="133" dir="0" index="3" bw="0" slack="2147483647"/>
<pin id="134" dir="1" index="4" bw="8" slack="0"/>
</pin_list>
<bind>
<opcode="phi(47) " fcode="phi"/>
<opset="i/2 "/>
</bind>
</comp>

<comp id="137" class="1004" name="tmp_170_fu_137">
<pin_list>
<pin id="138" dir="0" index="0" bw="10" slack="0"/>
<pin id="139" dir="1" index="1" bw="9" slack="2"/>
</pin_list>
<bind>
<opcode="trunc(33) " fcode="trunc"/>
<opset="tmp_170/1 "/>
</bind>
</comp>

<comp id="141" class="1004" name="i_cast1_fu_141">
<pin_list>
<pin id="142" dir="0" index="0" bw="8" slack="0"/>
<pin id="143" dir="1" index="1" bw="10" slack="0"/>
</pin_list>
<bind>
<opcode="zext(34) " fcode="zext"/>
<opset="i_cast1/2 "/>
</bind>
</comp>

<comp id="145" class="1004" name="exitcond_fu_145">
<pin_list>
<pin id="146" dir="0" index="0" bw="8" slack="0"/>
<pin id="147" dir="0" index="1" bw="8" slack="0"/>
<pin id="148" dir="1" index="2" bw="1" slack="2147483647"/>
</pin_list>
<bind>
<opcode="icmp(45) " fcode="icmp"/>
<opset="exitcond/2 "/>
</bind>
</comp>

<comp id="151" class="1004" name="i_9_fu_151">
<pin_list>
<pin id="152" dir="0" index="0" bw="8" slack="0"/>
<pin id="153" dir="0" index="1" bw="1" slack="0"/>
<pin id="154" dir="1" index="2" bw="8" slack="0"/>
</pin_list>
<bind>
<opcode="add(8) " fcode="add"/>
<opset="i_9/2 "/>
</bind>
</comp>

<comp id="157" class="1004" name="p_shl7_fu_157">
<pin_list>
<pin id="158" dir="0" index="0" bw="10" slack="0"/>
<pin id="159" dir="0" index="1" bw="8" slack="0"/>
<pin id="160" dir="0" index="2" bw="1" slack="0"/>
<pin id="161" dir="1" index="3" bw="10" slack="0"/>
</pin_list>
<bind>
<opcode="bitconcatenate(1004) " fcode="bitconcatenate"/>
<opset="p_shl7/2 "/>
</bind>
</comp>

<comp id="165" class="1004" name="tmp_fu_165">
<pin_list>
<pin id="166" dir="0" index="0" bw="10" slack="0"/>
<pin id="167" dir="0" index="1" bw="8" slack="0"/>
<pin id="168" dir="1" index="2" bw="10" slack="0"/>
</pin_list>
<bind>
<opcode="add(8) " fcode="add"/>
<opset="tmp/2 "/>
</bind>
</comp>

<comp id="171" class="1004" name="tmp_s_fu_171">
<pin_list>
<pin id="172" dir="0" index="0" bw="4" slack="0"/>
<pin id="173" dir="0" index="1" bw="10" slack="0"/>
<pin id="174" dir="1" index="2" bw="10" slack="0"/>
</pin_list>
<bind>
<opcode="add(8) " fcode="add"/>
<opset="tmp_s/2 "/>
</bind>
</comp>

<comp id="177" class="1004" name="tmp_160_fu_177">
<pin_list>
<pin id="178" dir="0" index="0" bw="10" slack="0"/>
<pin id="179" dir="1" index="1" bw="64" slack="0"/>
</pin_list>
<bind>
<opcode="zext(34) " fcode="zext"/>
<opset="tmp_160/2 "/>
</bind>
</comp>

<comp id="182" class="1004" name="tmp_162_fu_182">
<pin_list>
<pin id="183" dir="0" index="0" bw="3" slack="0"/>
<pin id="184" dir="0" index="1" bw="10" slack="0"/>
<pin id="185" dir="1" index="2" bw="10" slack="0"/>
</pin_list>
<bind>
<opcode="add(8) " fcode="add"/>
<opset="tmp_162/2 "/>
</bind>
</comp>

<comp id="188" class="1004" name="tmp_163_fu_188">
<pin_list>
<pin id="189" dir="0" index="0" bw="10" slack="0"/>
<pin id="190" dir="1" index="1" bw="64" slack="0"/>
</pin_list>
<bind>
<opcode="zext(34) " fcode="zext"/>
<opset="tmp_163/2 "/>
</bind>
</comp>

<comp id="193" class="1004" name="c_fu_193">
<pin_list>
<pin id="194" dir="0" index="0" bw="16" slack="0"/>
<pin id="195" dir="1" index="1" bw="8" slack="0"/>
</pin_list>
<bind>
<opcode="trunc(33) " fcode="trunc"/>
<opset="c/3 "/>
</bind>
</comp>

<comp id="197" class="1004" name="tmp_178_fu_197">
<pin_list>
<pin id="198" dir="0" index="0" bw="16" slack="0"/>
<pin id="199" dir="1" index="1" bw="6" slack="0"/>
</pin_list>
<bind>
<opcode="trunc(33) " fcode="trunc"/>
<opset="tmp_178/3 "/>
</bind>
</comp>

<comp id="201" class="1004" name="p_shl6_fu_201">
<pin_list>
<pin id="202" dir="0" index="0" bw="8" slack="0"/>
<pin id="203" dir="0" index="1" bw="6" slack="0"/>
<pin id="204" dir="0" index="2" bw="1" slack="0"/>
<pin id="205" dir="1" index="3" bw="8" slack="0"/>
</pin_list>
<bind>
<opcode="bitconcatenate(1004) " fcode="bitconcatenate"/>
<opset="p_shl6/3 "/>
</bind>
</comp>

<comp id="209" class="1004" name="tmp_161_fu_209">
<pin_list>
<pin id="210" dir="0" index="0" bw="8" slack="0"/>
<pin id="211" dir="0" index="1" bw="8" slack="0"/>
<pin id="212" dir="1" index="2" bw="8" slack="0"/>
</pin_list>
<bind>
<opcode="sub(10) " fcode="sub"/>
<opset="tmp_161/3 "/>
</bind>
</comp>

<comp id="215" class="1004" name="tmp_179_fu_215">
<pin_list>
<pin id="216" dir="0" index="0" bw="16" slack="0"/>
<pin id="217" dir="1" index="1" bw="8" slack="0"/>
</pin_list>
<bind>
<opcode="trunc(33) " fcode="trunc"/>
<opset="tmp_179/3 "/>
</bind>
</comp>

<comp id="219" class="1004" name="c_1_fu_219">
<pin_list>
<pin id="220" dir="0" index="0" bw="8" slack="0"/>
<pin id="221" dir="0" index="1" bw="8" slack="0"/>
<pin id="222" dir="1" index="2" bw="8" slack="1"/>
</pin_list>
<bind>
<opcode="add(8) " fcode="add"/>
<opset="c_1/3 "/>
</bind>
</comp>

<comp id="225" class="1004" name="tmp_165_fu_225">
<pin_list>
<pin id="226" dir="0" index="0" bw="3" slack="0"/>
<pin id="227" dir="0" index="1" bw="10" slack="1"/>
<pin id="228" dir="1" index="2" bw="10" slack="0"/>
</pin_list>
<bind>
<opcode="add(8) " fcode="add"/>
<opset="tmp_165/3 "/>
</bind>
</comp>

<comp id="230" class="1004" name="tmp_166_fu_230">
<pin_list>
<pin id="231" dir="0" index="0" bw="10" slack="0"/>
<pin id="232" dir="1" index="1" bw="64" slack="0"/>
</pin_list>
<bind>
<opcode="zext(34) " fcode="zext"/>
<opset="tmp_166/3 "/>
</bind>
</comp>

<comp id="235" class="1004" name="tmp_293_cast_fu_235">
<pin_list>
<pin id="236" dir="0" index="0" bw="8" slack="1"/>
<pin id="237" dir="1" index="1" bw="9" slack="0"/>
</pin_list>
<bind>
<opcode="zext(34) " fcode="zext"/>
<opset="tmp_293_cast/3 "/>
</bind>
</comp>

<comp id="239" class="1004" name="sum_fu_239">
<pin_list>
<pin id="240" dir="0" index="0" bw="8" slack="0"/>
<pin id="241" dir="0" index="1" bw="9" slack="2"/>
<pin id="242" dir="1" index="2" bw="9" slack="3"/>
</pin_list>
<bind>
<opcode="add(8) " fcode="add"/>
<opset="sum/3 "/>
</bind>
</comp>

<comp id="244" class="1004" name="tmp_180_fu_244">
<pin_list>
<pin id="245" dir="0" index="0" bw="8" slack="1"/>
<pin id="246" dir="0" index="1" bw="3" slack="0"/>
<pin id="247" dir="1" index="2" bw="8" slack="0"/>
</pin_list>
<bind>
<opcode="shl(20) " fcode="shl"/>
<opset="tmp_180/4 "/>
</bind>
</comp>

<comp id="249" class="1004" name="tmp_164_fu_249">
<pin_list>
<pin id="250" dir="0" index="0" bw="8" slack="0"/>
<pin id="251" dir="0" index="1" bw="8" slack="1"/>
<pin id="252" dir="1" index="2" bw="8" slack="0"/>
</pin_list>
<bind>
<opcode="sub(10) " fcode="sub"/>
<opset="tmp_164/4 "/>
</bind>
</comp>

<comp id="254" class="1004" name="tmp_181_fu_254">
<pin_list>
<pin id="255" dir="0" index="0" bw="16" slack="0"/>
<pin id="256" dir="1" index="1" bw="8" slack="0"/>
</pin_list>
<bind>
<opcode="trunc(33) " fcode="trunc"/>
<opset="tmp_181/4 "/>
</bind>
</comp>

<comp id="258" class="1004" name="c_2_fu_258">
<pin_list>
<pin id="259" dir="0" index="0" bw="8" slack="0"/>
<pin id="260" dir="0" index="1" bw="8" slack="0"/>
<pin id="261" dir="1" index="2" bw="8" slack="1"/>
</pin_list>
<bind>
<opcode="add(8) " fcode="add"/>
<opset="c_2/4 "/>
</bind>
</comp>

<comp id="264" class="1004" name="tmp_168_fu_264">
<pin_list>
<pin id="265" dir="0" index="0" bw="1" slack="0"/>
<pin id="266" dir="0" index="1" bw="10" slack="2"/>
<pin id="267" dir="1" index="2" bw="10" slack="0"/>
</pin_list>
<bind>
<opcode="add(8) " fcode="add"/>
<opset="tmp_168/4 "/>
</bind>
</comp>

<comp id="269" class="1004" name="tmp_169_fu_269">
<pin_list>
<pin id="270" dir="0" index="0" bw="10" slack="0"/>
<pin id="271" dir="1" index="1" bw="64" slack="0"/>
</pin_list>
<bind>
<opcode="zext(34) " fcode="zext"/>
<opset="tmp_169/4 "/>
</bind>
</comp>

<comp id="274" class="1004" name="tmp_172_fu_274">
<pin_list>
<pin id="275" dir="0" index="0" bw="10" slack="2"/>
<pin id="276" dir="1" index="1" bw="64" slack="0"/>
</pin_list>
<bind>
<opcode="zext(34) " fcode="zext"/>
<opset="tmp_172/4 "/>
</bind>
</comp>

<comp id="278" class="1004" name="tmp_182_fu_278">
<pin_list>
<pin id="279" dir="0" index="0" bw="8" slack="1"/>
<pin id="280" dir="0" index="1" bw="3" slack="0"/>
<pin id="281" dir="1" index="2" bw="8" slack="0"/>
</pin_list>
<bind>
<opcode="shl(20) " fcode="shl"/>
<opset="tmp_182/5 "/>
</bind>
</comp>

<comp id="283" class="1004" name="tmp_167_fu_283">
<pin_list>
<pin id="284" dir="0" index="0" bw="8" slack="0"/>
<pin id="285" dir="0" index="1" bw="8" slack="1"/>
<pin id="286" dir="1" index="2" bw="8" slack="0"/>
</pin_list>
<bind>
<opcode="sub(10) " fcode="sub"/>
<opset="tmp_167/5 "/>
</bind>
</comp>

<comp id="288" class="1004" name="tmp_183_fu_288">
<pin_list>
<pin id="289" dir="0" index="0" bw="16" slack="0"/>
<pin id="290" dir="1" index="1" bw="8" slack="0"/>
</pin_list>
<bind>
<opcode="trunc(33) " fcode="trunc"/>
<opset="tmp_183/5 "/>
</bind>
</comp>

<comp id="292" class="1004" name="c_3_fu_292">
<pin_list>
<pin id="293" dir="0" index="0" bw="8" slack="0"/>
<pin id="294" dir="0" index="1" bw="8" slack="0"/>
<pin id="295" dir="1" index="2" bw="8" slack="1"/>
</pin_list>
<bind>
<opcode="add(8) " fcode="add"/>
<opset="c_3/5 "/>
</bind>
</comp>

<comp id="298" class="1004" name="tmp_185_fu_298">
<pin_list>
<pin id="299" dir="0" index="0" bw="16" slack="0"/>
<pin id="300" dir="1" index="1" bw="8" slack="1"/>
</pin_list>
<bind>
<opcode="trunc(33) " fcode="trunc"/>
<opset="tmp_185/5 "/>
</bind>
</comp>

<comp id="302" class="1004" name="tmp_184_fu_302">
<pin_list>
<pin id="303" dir="0" index="0" bw="8" slack="1"/>
<pin id="304" dir="0" index="1" bw="3" slack="0"/>
<pin id="305" dir="1" index="2" bw="8" slack="0"/>
</pin_list>
<bind>
<opcode="shl(20) " fcode="shl"/>
<opset="tmp_184/6 "/>
</bind>
</comp>

<comp id="307" class="1004" name="tmp_171_fu_307">
<pin_list>
<pin id="308" dir="0" index="0" bw="8" slack="0"/>
<pin id="309" dir="0" index="1" bw="8" slack="1"/>
<pin id="310" dir="1" index="2" bw="8" slack="0"/>
</pin_list>
<bind>
<opcode="sub(10) " fcode="sub"/>
<opset="tmp_171/6 "/>
</bind>
</comp>

<comp id="312" class="1004" name="c_4_fu_312">
<pin_list>
<pin id="313" dir="0" index="0" bw="8" slack="1"/>
<pin id="314" dir="0" index="1" bw="8" slack="0"/>
<pin id="315" dir="1" index="2" bw="8" slack="0"/>
</pin_list>
<bind>
<opcode="add(8) " fcode="add"/>
<opset="c_4/6 "/>
</bind>
</comp>

<comp id="318" class="1004" name="sum_cast_fu_318">
<pin_list>
<pin id="319" dir="0" index="0" bw="9" slack="3"/>
<pin id="320" dir="1" index="1" bw="64" slack="0"/>
</pin_list>
<bind>
<opcode="zext(34) " fcode="zext"/>
<opset="sum_cast/6 "/>
</bind>
</comp>

<comp id="322" class="1004" name="tmp_174_fu_322">
<pin_list>
<pin id="323" dir="0" index="0" bw="16" slack="0"/>
<pin id="324" dir="1" index="1" bw="8" slack="0"/>
</pin_list>
<bind>
<opcode="trunc(33) " fcode="trunc"/>
<opset="tmp_174/7 "/>
</bind>
</comp>

<comp id="327" class="1004" name="sum2_fu_327">
<pin_list>
<pin id="328" dir="0" index="0" bw="9" slack="0"/>
<pin id="329" dir="0" index="1" bw="9" slack="2"/>
<pin id="330" dir="1" index="2" bw="9" slack="0"/>
</pin_list>
<bind>
<opcode="add(8) " fcode="add"/>
<opset="sum2/7 "/>
</bind>
</comp>

<comp id="332" class="1004" name="sum2_cast_fu_332">
<pin_list>
<pin id="333" dir="0" index="0" bw="9" slack="0"/>
<pin id="334" dir="1" index="1" bw="64" slack="0"/>
</pin_list>
<bind>
<opcode="zext(34) " fcode="zext"/>
<opset="sum2_cast/7 "/>
</bind>
</comp>

<comp id="337" class="1005" name="tmp_170_reg_337">
<pin_list>
<pin id="338" dir="0" index="0" bw="9" slack="2"/>
<pin id="339" dir="1" index="1" bw="9" slack="2"/>
</pin_list>
<bind>
<opset="tmp_170 "/>
</bind>
</comp>

<comp id="346" class="1005" name="i_9_reg_346">
<pin_list>
<pin id="347" dir="0" index="0" bw="8" slack="0"/>
<pin id="348" dir="1" index="1" bw="8" slack="0"/>
</pin_list>
<bind>
<opset="i_9 "/>
</bind>
</comp>

<comp id="351" class="1005" name="tmp_reg_351">
<pin_list>
<pin id="352" dir="0" index="0" bw="10" slack="1"/>
<pin id="353" dir="1" index="1" bw="10" slack="1"/>
</pin_list>
<bind>
<opset="tmp "/>
</bind>
</comp>

<comp id="358" class="1005" name="a_coeffs_addr_reg_358">
<pin_list>
<pin id="359" dir="0" index="0" bw="10" slack="1"/>
<pin id="360" dir="1" index="1" bw="10" slack="1"/>
</pin_list>
<bind>
<opset="a_coeffs_addr "/>
</bind>
</comp>

<comp id="363" class="1005" name="a_coeffs_addr_2_reg_363">
<pin_list>
<pin id="364" dir="0" index="0" bw="10" slack="1"/>
<pin id="365" dir="1" index="1" bw="10" slack="1"/>
</pin_list>
<bind>
<opset="a_coeffs_addr_2 "/>
</bind>
</comp>

<comp id="368" class="1005" name="a_coeffs_addr_6_reg_368">
<pin_list>
<pin id="369" dir="0" index="0" bw="10" slack="1"/>
<pin id="370" dir="1" index="1" bw="10" slack="1"/>
</pin_list>
<bind>
<opset="a_coeffs_addr_6 "/>
</bind>
</comp>

<comp id="373" class="1005" name="c_1_reg_373">
<pin_list>
<pin id="374" dir="0" index="0" bw="8" slack="1"/>
<pin id="375" dir="1" index="1" bw="8" slack="1"/>
</pin_list>
<bind>
<opset="c_1 "/>
</bind>
</comp>

<comp id="379" class="1005" name="a_coeffs_addr_3_reg_379">
<pin_list>
<pin id="380" dir="0" index="0" bw="10" slack="1"/>
<pin id="381" dir="1" index="1" bw="10" slack="1"/>
</pin_list>
<bind>
<opset="a_coeffs_addr_3 "/>
</bind>
</comp>

<comp id="384" class="1005" name="sum_reg_384">
<pin_list>
<pin id="385" dir="0" index="0" bw="9" slack="3"/>
<pin id="386" dir="1" index="1" bw="9" slack="3"/>
</pin_list>
<bind>
<opset="sum "/>
</bind>
</comp>

<comp id="389" class="1005" name="c_2_reg_389">
<pin_list>
<pin id="390" dir="0" index="0" bw="8" slack="1"/>
<pin id="391" dir="1" index="1" bw="8" slack="1"/>
</pin_list>
<bind>
<opset="c_2 "/>
</bind>
</comp>

<comp id="395" class="1005" name="a_coeffs_addr_4_reg_395">
<pin_list>
<pin id="396" dir="0" index="0" bw="10" slack="1"/>
<pin id="397" dir="1" index="1" bw="10" slack="1"/>
</pin_list>
<bind>
<opset="a_coeffs_addr_4 "/>
</bind>
</comp>

<comp id="400" class="1005" name="a_coeffs_addr_5_reg_400">
<pin_list>
<pin id="401" dir="0" index="0" bw="10" slack="1"/>
<pin id="402" dir="1" index="1" bw="10" slack="1"/>
</pin_list>
<bind>
<opset="a_coeffs_addr_5 "/>
</bind>
</comp>

<comp id="405" class="1005" name="c_3_reg_405">
<pin_list>
<pin id="406" dir="0" index="0" bw="8" slack="1"/>
<pin id="407" dir="1" index="1" bw="8" slack="1"/>
</pin_list>
<bind>
<opset="c_3 "/>
</bind>
</comp>

<comp id="411" class="1005" name="tmp_185_reg_411">
<pin_list>
<pin id="412" dir="0" index="0" bw="8" slack="1"/>
<pin id="413" dir="1" index="1" bw="8" slack="1"/>
</pin_list>
<bind>
<opset="tmp_185 "/>
</bind>
</comp>

</comp_list>

<net_list>
<net id="44"><net_src comp="6" pin="0"/><net_sink comp="40" pin=0"/></net>

<net id="45"><net_src comp="2" pin="0"/><net_sink comp="40" pin=1"/></net>

<net id="51"><net_src comp="4" pin="0"/><net_sink comp="46" pin=0"/></net>

<net id="52"><net_src comp="24" pin="0"/><net_sink comp="46" pin=1"/></net>

<net id="58"><net_src comp="46" pin="3"/><net_sink comp="53" pin=0"/></net>

<net id="64"><net_src comp="4" pin="0"/><net_sink comp="59" pin=0"/></net>

<net id="65"><net_src comp="24" pin="0"/><net_sink comp="59" pin=1"/></net>

<net id="70"><net_src comp="59" pin="3"/><net_sink comp="53" pin=2"/></net>

<net id="76"><net_src comp="4" pin="0"/><net_sink comp="71" pin=0"/></net>

<net id="77"><net_src comp="24" pin="0"/><net_sink comp="71" pin=1"/></net>

<net id="78"><net_src comp="28" pin="0"/><net_sink comp="71" pin=2"/></net>

<net id="79"><net_src comp="71" pin="3"/><net_sink comp="53" pin=0"/></net>

<net id="85"><net_src comp="4" pin="0"/><net_sink comp="80" pin=0"/></net>

<net id="86"><net_src comp="24" pin="0"/><net_sink comp="80" pin=1"/></net>

<net id="87"><net_src comp="80" pin="3"/><net_sink comp="53" pin=2"/></net>

<net id="93"><net_src comp="4" pin="0"/><net_sink comp="88" pin=0"/></net>

<net id="94"><net_src comp="24" pin="0"/><net_sink comp="88" pin=1"/></net>

<net id="95"><net_src comp="88" pin="3"/><net_sink comp="53" pin=0"/></net>

<net id="101"><net_src comp="4" pin="0"/><net_sink comp="96" pin=0"/></net>

<net id="102"><net_src comp="24" pin="0"/><net_sink comp="96" pin=1"/></net>

<net id="103"><net_src comp="96" pin="3"/><net_sink comp="53" pin=2"/></net>

<net id="109"><net_src comp="0" pin="0"/><net_sink comp="104" pin=0"/></net>

<net id="110"><net_src comp="24" pin="0"/><net_sink comp="104" pin=1"/></net>

<net id="116"><net_src comp="104" pin="3"/><net_sink comp="111" pin=0"/></net>

<net id="122"><net_src comp="0" pin="0"/><net_sink comp="117" pin=0"/></net>

<net id="123"><net_src comp="24" pin="0"/><net_sink comp="117" pin=1"/></net>

<net id="124"><net_src comp="117" pin="3"/><net_sink comp="111" pin=0"/></net>

<net id="128"><net_src comp="8" pin="0"/><net_sink comp="125" pin=0"/></net>

<net id="135"><net_src comp="125" pin="1"/><net_sink comp="129" pin=0"/></net>

<net id="136"><net_src comp="129" pin="4"/><net_sink comp="125" pin=0"/></net>

<net id="140"><net_src comp="40" pin="2"/><net_sink comp="137" pin=0"/></net>

<net id="144"><net_src comp="129" pin="4"/><net_sink comp="141" pin=0"/></net>

<net id="149"><net_src comp="129" pin="4"/><net_sink comp="145" pin=0"/></net>

<net id="150"><net_src comp="10" pin="0"/><net_sink comp="145" pin=1"/></net>

<net id="155"><net_src comp="129" pin="4"/><net_sink comp="151" pin=0"/></net>

<net id="156"><net_src comp="16" pin="0"/><net_sink comp="151" pin=1"/></net>

<net id="162"><net_src comp="18" pin="0"/><net_sink comp="157" pin=0"/></net>

<net id="163"><net_src comp="129" pin="4"/><net_sink comp="157" pin=1"/></net>

<net id="164"><net_src comp="20" pin="0"/><net_sink comp="157" pin=2"/></net>

<net id="169"><net_src comp="157" pin="3"/><net_sink comp="165" pin=0"/></net>

<net id="170"><net_src comp="141" pin="1"/><net_sink comp="165" pin=1"/></net>

<net id="175"><net_src comp="22" pin="0"/><net_sink comp="171" pin=0"/></net>

<net id="176"><net_src comp="165" pin="2"/><net_sink comp="171" pin=1"/></net>

<net id="180"><net_src comp="171" pin="2"/><net_sink comp="177" pin=0"/></net>

<net id="181"><net_src comp="177" pin="1"/><net_sink comp="46" pin=2"/></net>

<net id="186"><net_src comp="26" pin="0"/><net_sink comp="182" pin=0"/></net>

<net id="187"><net_src comp="165" pin="2"/><net_sink comp="182" pin=1"/></net>

<net id="191"><net_src comp="182" pin="2"/><net_sink comp="188" pin=0"/></net>

<net id="192"><net_src comp="188" pin="1"/><net_sink comp="59" pin=2"/></net>

<net id="196"><net_src comp="53" pin="3"/><net_sink comp="193" pin=0"/></net>

<net id="200"><net_src comp="53" pin="3"/><net_sink comp="197" pin=0"/></net>

<net id="206"><net_src comp="30" pin="0"/><net_sink comp="201" pin=0"/></net>

<net id="207"><net_src comp="197" pin="1"/><net_sink comp="201" pin=1"/></net>

<net id="208"><net_src comp="20" pin="0"/><net_sink comp="201" pin=2"/></net>

<net id="213"><net_src comp="201" pin="3"/><net_sink comp="209" pin=0"/></net>

<net id="214"><net_src comp="193" pin="1"/><net_sink comp="209" pin=1"/></net>

<net id="218"><net_src comp="53" pin="7"/><net_sink comp="215" pin=0"/></net>

<net id="223"><net_src comp="209" pin="2"/><net_sink comp="219" pin=0"/></net>

<net id="224"><net_src comp="215" pin="1"/><net_sink comp="219" pin=1"/></net>

<net id="229"><net_src comp="32" pin="0"/><net_sink comp="225" pin=0"/></net>

<net id="233"><net_src comp="225" pin="2"/><net_sink comp="230" pin=0"/></net>

<net id="234"><net_src comp="230" pin="1"/><net_sink comp="80" pin=2"/></net>

<net id="238"><net_src comp="125" pin="1"/><net_sink comp="235" pin=0"/></net>

<net id="243"><net_src comp="235" pin="1"/><net_sink comp="239" pin=0"/></net>

<net id="248"><net_src comp="34" pin="0"/><net_sink comp="244" pin=1"/></net>

<net id="253"><net_src comp="244" pin="2"/><net_sink comp="249" pin=0"/></net>

<net id="257"><net_src comp="53" pin="7"/><net_sink comp="254" pin=0"/></net>

<net id="262"><net_src comp="254" pin="1"/><net_sink comp="258" pin=0"/></net>

<net id="263"><net_src comp="249" pin="2"/><net_sink comp="258" pin=1"/></net>

<net id="268"><net_src comp="36" pin="0"/><net_sink comp="264" pin=0"/></net>

<net id="272"><net_src comp="264" pin="2"/><net_sink comp="269" pin=0"/></net>

<net id="273"><net_src comp="269" pin="1"/><net_sink comp="88" pin=2"/></net>

<net id="277"><net_src comp="274" pin="1"/><net_sink comp="96" pin=2"/></net>

<net id="282"><net_src comp="34" pin="0"/><net_sink comp="278" pin=1"/></net>

<net id="287"><net_src comp="278" pin="2"/><net_sink comp="283" pin=0"/></net>

<net id="291"><net_src comp="53" pin="3"/><net_sink comp="288" pin=0"/></net>

<net id="296"><net_src comp="288" pin="1"/><net_sink comp="292" pin=0"/></net>

<net id="297"><net_src comp="283" pin="2"/><net_sink comp="292" pin=1"/></net>

<net id="301"><net_src comp="53" pin="7"/><net_sink comp="298" pin=0"/></net>

<net id="306"><net_src comp="34" pin="0"/><net_sink comp="302" pin=1"/></net>

<net id="311"><net_src comp="302" pin="2"/><net_sink comp="307" pin=0"/></net>

<net id="316"><net_src comp="307" pin="2"/><net_sink comp="312" pin=1"/></net>

<net id="317"><net_src comp="312" pin="2"/><net_sink comp="111" pin=1"/></net>

<net id="321"><net_src comp="318" pin="1"/><net_sink comp="104" pin=2"/></net>

<net id="325"><net_src comp="53" pin="3"/><net_sink comp="322" pin=0"/></net>

<net id="326"><net_src comp="322" pin="1"/><net_sink comp="111" pin=1"/></net>

<net id="331"><net_src comp="38" pin="0"/><net_sink comp="327" pin=0"/></net>

<net id="335"><net_src comp="327" pin="2"/><net_sink comp="332" pin=0"/></net>

<net id="336"><net_src comp="332" pin="1"/><net_sink comp="117" pin=2"/></net>

<net id="340"><net_src comp="137" pin="1"/><net_sink comp="337" pin=0"/></net>

<net id="341"><net_src comp="337" pin="1"/><net_sink comp="239" pin=1"/></net>

<net id="342"><net_src comp="337" pin="1"/><net_sink comp="327" pin=1"/></net>

<net id="349"><net_src comp="151" pin="2"/><net_sink comp="346" pin=0"/></net>

<net id="350"><net_src comp="346" pin="1"/><net_sink comp="129" pin=2"/></net>

<net id="354"><net_src comp="165" pin="2"/><net_sink comp="351" pin=0"/></net>

<net id="355"><net_src comp="351" pin="1"/><net_sink comp="225" pin=1"/></net>

<net id="356"><net_src comp="351" pin="1"/><net_sink comp="264" pin=1"/></net>

<net id="357"><net_src comp="351" pin="1"/><net_sink comp="274" pin=0"/></net>

<net id="361"><net_src comp="46" pin="3"/><net_sink comp="358" pin=0"/></net>

<net id="362"><net_src comp="358" pin="1"/><net_sink comp="53" pin=0"/></net>

<net id="366"><net_src comp="59" pin="3"/><net_sink comp="363" pin=0"/></net>

<net id="367"><net_src comp="363" pin="1"/><net_sink comp="53" pin=2"/></net>

<net id="371"><net_src comp="71" pin="3"/><net_sink comp="368" pin=0"/></net>

<net id="372"><net_src comp="368" pin="1"/><net_sink comp="53" pin=0"/></net>

<net id="376"><net_src comp="219" pin="2"/><net_sink comp="373" pin=0"/></net>

<net id="377"><net_src comp="373" pin="1"/><net_sink comp="244" pin=0"/></net>

<net id="378"><net_src comp="373" pin="1"/><net_sink comp="249" pin=1"/></net>

<net id="382"><net_src comp="80" pin="3"/><net_sink comp="379" pin=0"/></net>

<net id="383"><net_src comp="379" pin="1"/><net_sink comp="53" pin=2"/></net>

<net id="387"><net_src comp="239" pin="2"/><net_sink comp="384" pin=0"/></net>

<net id="388"><net_src comp="384" pin="1"/><net_sink comp="318" pin=0"/></net>

<net id="392"><net_src comp="258" pin="2"/><net_sink comp="389" pin=0"/></net>

<net id="393"><net_src comp="389" pin="1"/><net_sink comp="278" pin=0"/></net>

<net id="394"><net_src comp="389" pin="1"/><net_sink comp="283" pin=1"/></net>

<net id="398"><net_src comp="88" pin="3"/><net_sink comp="395" pin=0"/></net>

<net id="399"><net_src comp="395" pin="1"/><net_sink comp="53" pin=0"/></net>

<net id="403"><net_src comp="96" pin="3"/><net_sink comp="400" pin=0"/></net>

<net id="404"><net_src comp="400" pin="1"/><net_sink comp="53" pin=2"/></net>

<net id="408"><net_src comp="292" pin="2"/><net_sink comp="405" pin=0"/></net>

<net id="409"><net_src comp="405" pin="1"/><net_sink comp="302" pin=0"/></net>

<net id="410"><net_src comp="405" pin="1"/><net_sink comp="307" pin=1"/></net>

<net id="414"><net_src comp="298" pin="1"/><net_sink comp="411" pin=0"/></net>

<net id="415"><net_src comp="411" pin="1"/><net_sink comp="312" pin=0"/></net>

</net_list>

</model> 
---------------- Datapath Model END ------------------

* FSMD analyzer results:
  - Output states:
	Port: msg | {6 7 }
 - Input state : 
	Port: poly_S3_tobytes : msg_offset | {1 }
	Port: poly_S3_tobytes : a_coeffs | {2 3 4 5 7 }
  - Chain level:
	State 1
	State 2
		i_cast1 : 1
		exitcond : 1
		i_9 : 1
		StgValue_16 : 2
		p_shl7 : 1
		tmp : 2
		tmp_s : 3
		tmp_160 : 4
		a_coeffs_addr : 5
		a_coeffs_load : 6
		tmp_162 : 3
		tmp_163 : 4
		a_coeffs_addr_2 : 5
		a_coeffs_load_2 : 6
		a_coeffs_load_6 : 1
	State 3
		c : 1
		tmp_178 : 1
		p_shl6 : 2
		tmp_161 : 3
		tmp_179 : 1
		c_1 : 4
		tmp_166 : 1
		a_coeffs_addr_3 : 2
		a_coeffs_load_3 : 3
		sum : 1
	State 4
		tmp_181 : 1
		c_2 : 2
		tmp_169 : 1
		a_coeffs_addr_4 : 2
		a_coeffs_load_4 : 3
		a_coeffs_addr_5 : 1
		a_coeffs_load_5 : 2
	State 5
		tmp_183 : 1
		c_3 : 2
		tmp_185 : 1
	State 6
		c_4 : 1
		msg_addr_1 : 1
		StgValue_67 : 2
	State 7
		tmp_174 : 1
		sum2_cast : 1
		msg_addr : 2
		StgValue_74 : 3


============================================================
+ Verbose Summary: Datapath Resource usage 
============================================================

* Functional unit list:
|----------|----------------------------|---------|---------|
| Operation|       Functional Unit      |    FF   |   LUT   |
|----------|----------------------------|---------|---------|
|          |         i_9_fu_151         |    0    |    15   |
|          |         tmp_fu_165         |    0    |    17   |
|          |        tmp_s_fu_171        |    0    |    17   |
|          |       tmp_162_fu_182       |    0    |    17   |
|          |         c_1_fu_219         |    0    |    8    |
|    add   |       tmp_165_fu_225       |    0    |    17   |
|          |         sum_fu_239         |    0    |    16   |
|          |         c_2_fu_258         |    0    |    8    |
|          |       tmp_168_fu_264       |    0    |    17   |
|          |         c_3_fu_292         |    0    |    8    |
|          |         c_4_fu_312         |    0    |    8    |
|          |         sum2_fu_327        |    0    |    16   |
|----------|----------------------------|---------|---------|
|          |       tmp_161_fu_209       |    0    |    8    |
|    sub   |       tmp_164_fu_249       |    0    |    8    |
|          |       tmp_167_fu_283       |    0    |    8    |
|          |       tmp_171_fu_307       |    0    |    8    |
|----------|----------------------------|---------|---------|
|   icmp   |       exitcond_fu_145      |    0    |    11   |
|----------|----------------------------|---------|---------|
|   read   | msg_offset_read_read_fu_40 |    0    |    0    |
|----------|----------------------------|---------|---------|
|          |       tmp_170_fu_137       |    0    |    0    |
|          |          c_fu_193          |    0    |    0    |
|          |       tmp_178_fu_197       |    0    |    0    |
|   trunc  |       tmp_179_fu_215       |    0    |    0    |
|          |       tmp_181_fu_254       |    0    |    0    |
|          |       tmp_183_fu_288       |    0    |    0    |
|          |       tmp_185_fu_298       |    0    |    0    |
|          |       tmp_174_fu_322       |    0    |    0    |
|----------|----------------------------|---------|---------|
|          |       i_cast1_fu_141       |    0    |    0    |
|          |       tmp_160_fu_177       |    0    |    0    |
|          |       tmp_163_fu_188       |    0    |    0    |
|          |       tmp_166_fu_230       |    0    |    0    |
|   zext   |     tmp_293_cast_fu_235    |    0    |    0    |
|          |       tmp_169_fu_269       |    0    |    0    |
|          |       tmp_172_fu_274       |    0    |    0    |
|          |       sum_cast_fu_318      |    0    |    0    |
|          |      sum2_cast_fu_332      |    0    |    0    |
|----------|----------------------------|---------|---------|
|bitconcatenate|        p_shl7_fu_157       |    0    |    0    |
|          |        p_shl6_fu_201       |    0    |    0    |
|----------|----------------------------|---------|---------|
|          |       tmp_180_fu_244       |    0    |    0    |
|    shl   |       tmp_182_fu_278       |    0    |    0    |
|          |       tmp_184_fu_302       |    0    |    0    |
|----------|----------------------------|---------|---------|
|   Total  |                            |    0    |   207   |
|----------|----------------------------|---------|---------|

Memories:
N/A

* Register list:
+-----------------------+--------+
|                       |   FF   |
+-----------------------+--------+
|a_coeffs_addr_2_reg_363|   10   |
|a_coeffs_addr_3_reg_379|   10   |
|a_coeffs_addr_4_reg_395|   10   |
|a_coeffs_addr_5_reg_400|   10   |
|a_coeffs_addr_6_reg_368|   10   |
| a_coeffs_addr_reg_358 |   10   |
|      c_1_reg_373      |    8   |
|      c_2_reg_389      |    8   |
|      c_3_reg_405      |    8   |
|      i_9_reg_346      |    8   |
|       i_reg_125       |    8   |
|      sum_reg_384      |    9   |
|    tmp_170_reg_337    |    9   |
|    tmp_185_reg_411    |    8   |
|      tmp_reg_351      |   10   |
+-----------------------+--------+
|         Total         |   136  |
+-----------------------+--------+

* Multiplexer (MUX) list: 
|-------------------|------|------|------|--------||---------||---------|
|        Comp       |  Pin | Size |  BW  | S x BW ||  Delay  ||   LUT   |
|-------------------|------|------|------|--------||---------||---------|
|  grp_access_fu_53 |  p0  |   6  |  10  |   60   ||    33   |
|  grp_access_fu_53 |  p2  |   6  |   0  |    0   ||    33   |
| grp_access_fu_111 |  p0  |   2  |   9  |   18   ||    9    |
| grp_access_fu_111 |  p1  |   2  |   8  |   16   ||    9    |
|     i_reg_125     |  p0  |   2  |   8  |   16   ||    9    |
|-------------------|------|------|------|--------||---------||---------|
|       Total       |      |      |      |   110  ||  7.564  ||    93   |
|-------------------|------|------|------|--------||---------||---------|



* Summary:
+-----------+--------+--------+--------+
|           |  Delay |   FF   |   LUT  |
+-----------+--------+--------+--------+
|  Function |    -   |    0   |   207  |
|   Memory  |    -   |    -   |    -   |
|Multiplexer|    7   |    -   |   93   |
|  Register |    -   |   136  |    -   |
+-----------+--------+--------+--------+
|   Total   |    7   |   136  |   300  |
+-----------+--------+--------+--------+
