==============================================================
Vivado(TM) HLS - High-Level Synthesis from C, C++ and SystemC v2019.1 (64-bit)
Copyright 1986-2019 Xilinx, Inc. All Rights Reserved.
==============================================================
INFO: [SYN 201-201] Setting up clock 'default' with a period of 10ns.
INFO: [HLS 200-10] Setting target device to 'xc7a200t-fbg676-2'
INFO: [SIM 211-2] *************** CSIM start ***************
INFO: [SIM 211-4] CSIM will launch GCC as the compiler.
INFO: [SIM 211-1] CSim file generation done with 0 errors.
INFO: [SIM 211-3] *************** CSIM finish ***************
==============================================================
Vivado(TM) HLS - High-Level Synthesis from C, C++ and SystemC v2019.1 (64-bit)
Copyright 1986-2019 Xilinx, Inc. All Rights Reserved.
==============================================================
INFO: [SYN 201-201] Setting up clock 'default' with a period of 10ns.
INFO: [HLS 200-10] Setting target device to 'xc7a200t-fbg676-2'
INFO: [SCHED 204-61] Option 'relax_ii_for_timing' is enabled, will increase II to preserve clock frequency constraints.
INFO: [HLS 200-10] Analyzing design file 'verify.c' ... 
INFO: [HLS 200-10] Analyzing design file 'sample.c' ... 
INFO: [HLS 200-10] Analyzing design file 'rng.c' ... 
INFO: [HLS 200-10] Analyzing design file 'poly.c' ... 
INFO: [HLS 200-10] Analyzing design file 'packq.c' ... 
INFO: [HLS 200-10] Analyzing design file 'pack3.c' ... 
INFO: [HLS 200-10] Analyzing design file 'owcpa.c' ... 
INFO: [HLS 200-10] Analyzing design file 'kem.c' ... 
INFO: [HLS 200-10] Analyzing design file 'fips202.c' ... 
INFO: [HLS 200-10] Analyzing design file 'aes.c' ... 
INFO: [HLS 200-111] Finished Linking Time (s): cpu = 00:00:02 ; elapsed = 00:00:38 . Memory (MB): peak = 184.406 ; gain = 93.074
INFO: [HLS 200-111] Finished Checking Pragmas Time (s): cpu = 00:00:02 ; elapsed = 00:00:38 . Memory (MB): peak = 184.406 ; gain = 93.074
INFO: [HLS 200-10] Starting code transformations ...
INFO: [HLS 200-111] Finished Standard Transforms Time (s): cpu = 00:00:06 ; elapsed = 00:00:43 . Memory (MB): peak = 184.406 ; gain = 93.074
INFO: [HLS 200-10] Checking synthesizability ...
INFO: [XFORM 203-602] Inlining function 'mod3' into 'poly_Rq_to_S3' (poly.c:163) automatically.
INFO: [XFORM 203-602] Inlining function 'mod3' into 'poly_S3_mul' (poly.c:73) automatically.
INFO: [XFORM 203-602] Inlining function 'mod3' into 'poly_lift' (poly.c:140) automatically.
INFO: [XFORM 203-602] Inlining function 'poly_Z3_to_Zq' into 'poly_lift' (poly.c:143) automatically.
INFO: [XFORM 203-602] Inlining function 'poly_Rq_mul_x_minus_1' into 'poly_lift' (poly.c:146) automatically.
INFO: [XFORM 203-602] Inlining function 'poly_Rq_sum_zero_frombytes' into 'owcpa_dec' (owcpa.c:144) automatically.
INFO: [XFORM 203-602] Inlining function 'poly_Z3_to_Zq' into 'owcpa_dec' (owcpa.c:146) automatically.
INFO: [XFORM 203-602] Inlining function 'poly_Sq_mul' into 'owcpa_dec' (owcpa.c:171) automatically.
INFO: [XFORM 203-602] Inlining function 'owcpa_check_r' into 'owcpa_dec' (owcpa.c:184) automatically.
INFO: [XFORM 203-602] Inlining function 'poly_trinary_Zq_to_Z3' into 'owcpa_dec' (owcpa.c:186) automatically.
INFO: [XFORM 203-602] Inlining function 'load64.2' into 'keccak_absorb' (fips202.c:386) automatically.
INFO: [XFORM 203-602] Inlining function 'load64' into 'keccak_absorb' (fips202.c:400) automatically.
INFO: [XFORM 203-602] Inlining function 'store64' into 'keccak_squeezeblocks' (fips202.c:426) automatically.
INFO: [XFORM 203-602] Inlining function 'load64.1' into 'keccak_absorb.1' (fips202.c:386) automatically.
INFO: [XFORM 203-602] Inlining function 'load64' into 'keccak_absorb.1' (fips202.c:400) automatically.
INFO: [XFORM 203-602] Inlining function 'sha3_256.1' into 'crypto_kem_dec' (kem.c:47) automatically.
INFO: [XFORM 203-602] Inlining function 'sha3_256' into 'crypto_kem_dec' (kem.c:54) automatically.
INFO: [XFORM 203-602] Inlining function 'cmov' into 'crypto_kem_dec' (kem.c:56) automatically.
INFO: [HLS 200-111] Finished Checking Synthesizability Time (s): cpu = 00:00:10 ; elapsed = 00:00:47 . Memory (MB): peak = 184.406 ; gain = 93.074
INFO: [XFORM 203-502] Unrolling small iteration loop 'Loop-1' (fips202.c:421) in function 'keccak_squeezeblocks' automatically.
INFO: [HLS 200-489] Unrolling loop 'Loop-1' (fips202.c:421) in function 'keccak_squeezeblocks' completely with a factor of 1.
INFO: [XFORM 203-602] Inlining function 'mod3' into 'poly_Rq_to_S3' (poly.c:163) automatically.
INFO: [XFORM 203-602] Inlining function 'mod3' into 'poly_S3_mul' (poly.c:73) automatically.
INFO: [XFORM 203-602] Inlining function 'mod3' into 'poly_lift' (poly.c:140) automatically.
INFO: [XFORM 203-602] Inlining function 'poly_Z3_to_Zq' into 'poly_lift' (poly.c:143) automatically.
INFO: [XFORM 203-602] Inlining function 'poly_Rq_mul_x_minus_1' into 'poly_lift' (poly.c:146) automatically.
INFO: [XFORM 203-602] Inlining function 'poly_Rq_sum_zero_frombytes' into 'owcpa_dec' (owcpa.c:144) automatically.
INFO: [XFORM 203-602] Inlining function 'poly_Z3_to_Zq' into 'owcpa_dec' (owcpa.c:146) automatically.
INFO: [XFORM 203-602] Inlining function 'poly_Sq_mul' into 'owcpa_dec' (owcpa.c:171) automatically.
INFO: [XFORM 203-602] Inlining function 'owcpa_check_r' into 'owcpa_dec' (owcpa.c:184) automatically.
INFO: [XFORM 203-602] Inlining function 'poly_trinary_Zq_to_Z3' into 'owcpa_dec' (owcpa.c:186) automatically.
INFO: [XFORM 203-602] Inlining function 'load64.2' into 'keccak_absorb' (fips202.c:386) automatically.
INFO: [XFORM 203-602] Inlining function 'load64' into 'keccak_absorb' (fips202.c:400) automatically.
INFO: [XFORM 203-602] Inlining function 'store64' into 'keccak_squeezeblocks' (fips202.c:426) automatically.
INFO: [XFORM 203-602] Inlining function 'keccak_squeezeblocks' into 'sha3_256.1' (fips202.c:519) automatically.
INFO: [XFORM 203-602] Inlining function 'load64.1' into 'keccak_absorb.1' (fips202.c:386) automatically.
INFO: [XFORM 203-602] Inlining function 'load64' into 'keccak_absorb.1' (fips202.c:400) automatically.
INFO: [XFORM 203-602] Inlining function 'keccak_squeezeblocks' into 'sha3_256' (fips202.c:519) automatically.
INFO: [XFORM 203-602] Inlining function 'cmov' into 'crypto_kem_dec' (kem.c:56) automatically.
WARNING: [XFORM 203-561] Updating loop upper bound from 135 to 82 for loop 'Loop-3' in function 'keccak_absorb.1'.
WARNING: [XFORM 203-561] Updating loop lower bound from 0 to 82 for loop 'Loop-3' in function 'keccak_absorb.1'.
WARNING: [XFORM 203-561] Updating loop upper bound from 135 to 8 for loop 'Loop-3' in function 'keccak_absorb'.
WARNING: [XFORM 203-561] Updating loop lower bound from 0 to 8 for loop 'Loop-3' in function 'keccak_absorb'.
INFO: [XFORM 203-11] Balancing expressions in function 'keccak_absorb.1' (fips202.c:28:22)...3 expression(s) balanced.
INFO: [XFORM 203-11] Balancing expressions in function 'KeccakF1600_StatePermute' (fips202.c:88)...70 expression(s) balanced.
INFO: [HLS 200-111] Finished Pre-synthesis Time (s): cpu = 00:00:14 ; elapsed = 00:00:52 . Memory (MB): peak = 184.406 ; gain = 93.074
WARNING: [XFORM 203-631] Renaming function 'KeccakF1600_StatePermute' to 'KeccakF1600_StatePer' (fips202.c:88:1)
INFO: [HLS 200-111] Finished Architecture Synthesis Time (s): cpu = 00:00:18 ; elapsed = 00:00:56 . Memory (MB): peak = 314.719 ; gain = 223.387
INFO: [HLS 200-10] Starting hardware synthesis ...
INFO: [HLS 200-10] Synthesizing 'crypto_kem_dec' ...
WARNING: [SYN 201-103] Legalizing function name 'poly_Sq_frombytes.1' to 'poly_Sq_frombytes_1'.
WARNING: [SYN 201-103] Legalizing function name 'sha3_256.1' to 'sha3_256_1'.
WARNING: [SYN 201-103] Legalizing function name 'keccak_absorb.1' to 'keccak_absorb_1'.
INFO: [HLS 200-10] ----------------------------------------------------------------
INFO: [HLS 200-42] -- Implementing module 'poly_Sq_frombytes' 
INFO: [HLS 200-10] ----------------------------------------------------------------
INFO: [SCHED 204-11] Starting scheduling ...
INFO: [SCHED 204-11] Finished scheduling.
INFO: [HLS 200-111]  Elapsed time: 56.184 seconds; current allocated memory: 260.792 MB.
INFO: [HLS 200-434] Only 0 loops out of a total 1 loops have been pipelined in this design.
INFO: [BIND 205-100] Starting micro-architecture generation ...
INFO: [BIND 205-101] Performing variable lifetime analysis.
INFO: [BIND 205-101] Exploring resource sharing.
INFO: [BIND 205-101] Binding ...
INFO: [BIND 205-100] Finished micro-architecture generation.
INFO: [HLS 200-111]  Elapsed time: 0.262 seconds; current allocated memory: 261.348 MB.
INFO: [HLS 200-10] ----------------------------------------------------------------
INFO: [HLS 200-42] -- Implementing module 'mod3' 
INFO: [HLS 200-10] ----------------------------------------------------------------
INFO: [SCHED 204-11] Starting scheduling ...
INFO: [SCHED 204-11] Finished scheduling.
INFO: [HLS 200-111]  Elapsed time: 0.224 seconds; current allocated memory: 261.448 MB.
INFO: [BIND 205-100] Starting micro-architecture generation ...
INFO: [BIND 205-101] Performing variable lifetime analysis.
INFO: [BIND 205-101] Exploring resource sharing.
INFO: [BIND 205-101] Binding ...
INFO: [BIND 205-100] Finished micro-architecture generation.
INFO: [HLS 200-111]  Elapsed time: 0.131 seconds; current allocated memory: 261.552 MB.
INFO: [HLS 200-10] ----------------------------------------------------------------
INFO: [HLS 200-42] -- Implementing module 'poly_S3_frombytes' 
INFO: [HLS 200-10] ----------------------------------------------------------------
INFO: [SCHED 204-11] Starting scheduling ...
INFO: [SCHED 204-11] Finished scheduling.
INFO: [HLS 200-111]  Elapsed time: 0.203 seconds; current allocated memory: 261.852 MB.
INFO: [BIND 205-100] Starting micro-architecture generation ...
INFO: [BIND 205-101] Performing variable lifetime analysis.
INFO: [BIND 205-101] Exploring resource sharing.
INFO: [BIND 205-101] Binding ...
INFO: [BIND 205-100] Finished micro-architecture generation.
INFO: [HLS 200-111]  Elapsed time: 0.131 seconds; current allocated memory: 262.043 MB.
INFO: [HLS 200-10] ----------------------------------------------------------------
INFO: [HLS 200-42] -- Implementing module 'poly_Rq_mul' 
INFO: [HLS 200-10] ----------------------------------------------------------------
INFO: [SCHED 204-11] Starting scheduling ...
WARNING: [SCHED 204-21] Estimated clock period (9.122ns) exceeds the target (target clock period: 10ns, clock uncertainty: 1.25ns, effective delay budget: 8.75ns).
WARNING: [SCHED 204-21] The critical path in module 'poly_Rq_mul' consists of the following:
	'mul' operation of DSP[36] ('mul_ln45', poly.c:45) [34]  (2.82 ns)
	'add' operation of DSP[36] ('add_ln45_1', poly.c:45) [36]  (3.53 ns)
	'store' operation ('r_coeffs_addr_write_ln45', poly.c:45) of variable 'add_ln45_1', poly.c:45 on array 'r_coeffs' [37]  (2.77 ns)
INFO: [SCHED 204-11] Finished scheduling.
INFO: [HLS 200-111]  Elapsed time: 0.207 seconds; current allocated memory: 262.268 MB.
INFO: [BIND 205-100] Starting micro-architecture generation ...
INFO: [BIND 205-101] Performing variable lifetime analysis.
INFO: [BIND 205-101] Exploring resource sharing.
INFO: [BIND 205-101] Binding ...
INFO: [BIND 205-100] Finished micro-architecture generation.
INFO: [HLS 200-111]  Elapsed time: 0.163 seconds; current allocated memory: 262.452 MB.
INFO: [HLS 200-10] ----------------------------------------------------------------
INFO: [HLS 200-42] -- Implementing module 'poly_Rq_to_S3' 
INFO: [HLS 200-10] ----------------------------------------------------------------
INFO: [SCHED 204-11] Starting scheduling ...
INFO: [SCHED 204-11] Finished scheduling.
INFO: [HLS 200-111]  Elapsed time: 0.212 seconds; current allocated memory: 262.769 MB.
INFO: [BIND 205-100] Starting micro-architecture generation ...
INFO: [BIND 205-101] Performing variable lifetime analysis.
INFO: [BIND 205-101] Exploring resource sharing.
INFO: [BIND 205-101] Binding ...
INFO: [BIND 205-100] Finished micro-architecture generation.
INFO: [HLS 200-111]  Elapsed time: 0.3 seconds; current allocated memory: 263.117 MB.
INFO: [HLS 200-10] ----------------------------------------------------------------
INFO: [HLS 200-42] -- Implementing module 'poly_S3_mul' 
INFO: [HLS 200-10] ----------------------------------------------------------------
INFO: [SCHED 204-11] Starting scheduling ...
WARNING: [SCHED 204-21] Estimated clock period (9.122ns) exceeds the target (target clock period: 10ns, clock uncertainty: 1.25ns, effective delay budget: 8.75ns).
WARNING: [SCHED 204-21] The critical path in module 'poly_S3_mul' consists of the following:
	'mul' operation of DSP[36] ('mul_ln68', poly.c:68) [34]  (2.82 ns)
	'add' operation of DSP[36] ('add_ln68_1', poly.c:68) [36]  (3.53 ns)
	'store' operation ('r_coeffs_addr_13_write_ln68', poly.c:68) of variable 'add_ln68_1', poly.c:68 on array 'r_coeffs' [37]  (2.77 ns)
INFO: [SCHED 204-11] Finished scheduling.
INFO: [HLS 200-111]  Elapsed time: 0.253 seconds; current allocated memory: 263.452 MB.
INFO: [BIND 205-100] Starting micro-architecture generation ...
INFO: [BIND 205-101] Performing variable lifetime analysis.
INFO: [BIND 205-101] Exploring resource sharing.
INFO: [BIND 205-101] Binding ...
INFO: [BIND 205-100] Finished micro-architecture generation.
INFO: [HLS 200-111]  Elapsed time: 0.247 seconds; current allocated memory: 263.800 MB.
INFO: [HLS 200-10] ----------------------------------------------------------------
INFO: [HLS 200-42] -- Implementing module 'poly_S3_tobytes' 
INFO: [HLS 200-10] ----------------------------------------------------------------
INFO: [SCHED 204-11] Starting scheduling ...
INFO: [SCHED 204-11] Finished scheduling.
INFO: [HLS 200-111]  Elapsed time: 0.203 seconds; current allocated memory: 263.977 MB.
INFO: [BIND 205-100] Starting micro-architecture generation ...
INFO: [BIND 205-101] Performing variable lifetime analysis.
INFO: [BIND 205-101] Exploring resource sharing.
INFO: [BIND 205-101] Binding ...
INFO: [BIND 205-100] Finished micro-architecture generation.
INFO: [HLS 200-111]  Elapsed time: 0.188 seconds; current allocated memory: 264.148 MB.
INFO: [HLS 200-10] ----------------------------------------------------------------
INFO: [HLS 200-42] -- Implementing module 'poly_lift' 
INFO: [HLS 200-10] ----------------------------------------------------------------
INFO: [SCHED 204-11] Starting scheduling ...
WARNING: [SCHED 204-21] Estimated clock period (9.122ns) exceeds the target (target clock period: 10ns, clock uncertainty: 1.25ns, effective delay budget: 8.75ns).
WARNING: [SCHED 204-21] The critical path in module 'poly_lift' consists of the following:
	'add' operation of DSP[37] ('add_ln122', poly.c:122) [33]  (0 ns)
	'mul' operation of DSP[37] ('mul_ln122', poly.c:122) [35]  (2.82 ns)
	'add' operation of DSP[37] ('add_ln122_1', poly.c:122) [37]  (3.53 ns)
	'store' operation ('b_coeffs_addr_write_ln122', poly.c:122) of variable 'add_ln122_1', poly.c:122 on array 'r.coeffs', poly.c:103 [38]  (2.77 ns)
INFO: [SCHED 204-11] Finished scheduling.
INFO: [HLS 200-111]  Elapsed time: 0.231 seconds; current allocated memory: 264.647 MB.
INFO: [BIND 205-100] Starting micro-architecture generation ...
INFO: [BIND 205-101] Performing variable lifetime analysis.
INFO: [BIND 205-101] Exploring resource sharing.
INFO: [BIND 205-101] Binding ...
INFO: [BIND 205-100] Finished micro-architecture generation.
INFO: [HLS 200-111]  Elapsed time: 0.242 seconds; current allocated memory: 265.222 MB.
INFO: [HLS 200-10] ----------------------------------------------------------------
INFO: [HLS 200-42] -- Implementing module 'poly_Sq_frombytes_1' 
INFO: [HLS 200-10] ----------------------------------------------------------------
INFO: [SCHED 204-11] Starting scheduling ...
INFO: [SCHED 204-11] Finished scheduling.
INFO: [HLS 200-111]  Elapsed time: 0.334 seconds; current allocated memory: 265.691 MB.
INFO: [BIND 205-100] Starting micro-architecture generation ...
INFO: [BIND 205-101] Performing variable lifetime analysis.
INFO: [BIND 205-101] Exploring resource sharing.
INFO: [BIND 205-101] Binding ...
INFO: [BIND 205-100] Finished micro-architecture generation.
INFO: [HLS 200-111]  Elapsed time: 0.215 seconds; current allocated memory: 266.279 MB.
INFO: [HLS 200-10] ----------------------------------------------------------------
INFO: [HLS 200-42] -- Implementing module 'owcpa_dec' 
INFO: [HLS 200-10] ----------------------------------------------------------------
INFO: [SCHED 204-11] Starting scheduling ...
INFO: [SCHED 204-11] Finished scheduling.
INFO: [HLS 200-111]  Elapsed time: 0.365 seconds; current allocated memory: 266.654 MB.
INFO: [BIND 205-100] Starting micro-architecture generation ...
INFO: [BIND 205-101] Performing variable lifetime analysis.
INFO: [BIND 205-101] Exploring resource sharing.
INFO: [BIND 205-101] Binding ...
INFO: [BIND 205-100] Finished micro-architecture generation.
INFO: [HLS 200-111]  Elapsed time: 0.635 seconds; current allocated memory: 267.519 MB.
INFO: [HLS 200-10] ----------------------------------------------------------------
INFO: [HLS 200-42] -- Implementing module 'KeccakF1600_StatePer' 
INFO: [HLS 200-10] ----------------------------------------------------------------
INFO: [SCHED 204-11] Starting scheduling ...
INFO: [SCHED 204-11] Finished scheduling.
INFO: [HLS 200-111]  Elapsed time: 0.611 seconds; current allocated memory: 268.932 MB.
INFO: [BIND 205-100] Starting micro-architecture generation ...
INFO: [BIND 205-101] Performing variable lifetime analysis.
INFO: [BIND 205-101] Exploring resource sharing.
INFO: [BIND 205-101] Binding ...
INFO: [BIND 205-100] Finished micro-architecture generation.
INFO: [HLS 200-111]  Elapsed time: 0.439 seconds; current allocated memory: 270.582 MB.
INFO: [HLS 200-10] ----------------------------------------------------------------
INFO: [HLS 200-42] -- Implementing module 'keccak_absorb' 
INFO: [HLS 200-10] ----------------------------------------------------------------
INFO: [SCHED 204-11] Starting scheduling ...
INFO: [SCHED 204-11] Finished scheduling.
INFO: [HLS 200-111]  Elapsed time: 0.594 seconds; current allocated memory: 271.164 MB.
INFO: [BIND 205-100] Starting micro-architecture generation ...
INFO: [BIND 205-101] Performing variable lifetime analysis.
INFO: [BIND 205-101] Exploring resource sharing.
INFO: [BIND 205-101] Binding ...
INFO: [BIND 205-100] Finished micro-architecture generation.
INFO: [HLS 200-111]  Elapsed time: 0.224 seconds; current allocated memory: 271.603 MB.
INFO: [HLS 200-10] ----------------------------------------------------------------
INFO: [HLS 200-42] -- Implementing module 'sha3_256_1' 
INFO: [HLS 200-10] ----------------------------------------------------------------
INFO: [SCHED 204-11] Starting scheduling ...
INFO: [SCHED 204-11] Finished scheduling.
INFO: [HLS 200-111]  Elapsed time: 0.344 seconds; current allocated memory: 271.975 MB.
INFO: [BIND 205-100] Starting micro-architecture generation ...
INFO: [BIND 205-101] Performing variable lifetime analysis.
INFO: [BIND 205-101] Exploring resource sharing.
INFO: [BIND 205-101] Binding ...
INFO: [BIND 205-100] Finished micro-architecture generation.
INFO: [HLS 200-111]  Elapsed time: 0.418 seconds; current allocated memory: 272.615 MB.
INFO: [HLS 200-10] ----------------------------------------------------------------
INFO: [HLS 200-42] -- Implementing module 'keccak_absorb_1' 
INFO: [HLS 200-10] ----------------------------------------------------------------
INFO: [SCHED 204-11] Starting scheduling ...
INFO: [SCHED 204-11] Finished scheduling.
INFO: [HLS 200-111]  Elapsed time: 0.497 seconds; current allocated memory: 273.448 MB.
INFO: [BIND 205-100] Starting micro-architecture generation ...
INFO: [BIND 205-101] Performing variable lifetime analysis.
INFO: [BIND 205-101] Exploring resource sharing.
INFO: [BIND 205-101] Binding ...
INFO: [BIND 205-100] Finished micro-architecture generation.
INFO: [HLS 200-111]  Elapsed time: 0.23 seconds; current allocated memory: 273.857 MB.
INFO: [HLS 200-10] ----------------------------------------------------------------
INFO: [HLS 200-42] -- Implementing module 'sha3_256' 
INFO: [HLS 200-10] ----------------------------------------------------------------
INFO: [SCHED 204-11] Starting scheduling ...
INFO: [SCHED 204-11] Finished scheduling.
INFO: [HLS 200-111]  Elapsed time: 0.337 seconds; current allocated memory: 274.245 MB.
INFO: [BIND 205-100] Starting micro-architecture generation ...
INFO: [BIND 205-101] Performing variable lifetime analysis.
INFO: [BIND 205-101] Exploring resource sharing.
INFO: [BIND 205-101] Binding ...
INFO: [BIND 205-100] Finished micro-architecture generation.
INFO: [HLS 200-111]  Elapsed time: 0.422 seconds; current allocated memory: 274.869 MB.
INFO: [HLS 200-10] ----------------------------------------------------------------
INFO: [HLS 200-42] -- Implementing module 'crypto_kem_dec' 
INFO: [HLS 200-10] ----------------------------------------------------------------
INFO: [SCHED 204-11] Starting scheduling ...
INFO: [SCHED 204-11] Finished scheduling.
INFO: [HLS 200-111]  Elapsed time: 0.438 seconds; current allocated memory: 275.571 MB.
INFO: [BIND 205-100] Starting micro-architecture generation ...
INFO: [BIND 205-101] Performing variable lifetime analysis.
INFO: [BIND 205-101] Exploring resource sharing.
INFO: [BIND 205-101] Binding ...
INFO: [BIND 205-100] Finished micro-architecture generation.
INFO: [HLS 200-111]  Elapsed time: 0.799 seconds; current allocated memory: 276.716 MB.
INFO: [HLS 200-10] ----------------------------------------------------------------
INFO: [HLS 200-10] -- Generating RTL for module 'poly_Sq_frombytes' 
INFO: [HLS 200-10] ----------------------------------------------------------------
INFO: [RTGEN 206-100] Finished creating RTL model for 'poly_Sq_frombytes'.
INFO: [HLS 200-111]  Elapsed time: 0.99 seconds; current allocated memory: 278.863 MB.
INFO: [HLS 200-10] ----------------------------------------------------------------
INFO: [HLS 200-10] -- Generating RTL for module 'mod3' 
INFO: [HLS 200-10] ----------------------------------------------------------------
INFO: [RTGEN 206-100] Finished creating RTL model for 'mod3'.
INFO: [HLS 200-111]  Elapsed time: 0.751 seconds; current allocated memory: 279.298 MB.
INFO: [HLS 200-10] ----------------------------------------------------------------
INFO: [HLS 200-10] -- Generating RTL for module 'poly_S3_frombytes' 
INFO: [HLS 200-10] ----------------------------------------------------------------
INFO: [RTGEN 206-100] Finished creating RTL model for 'poly_S3_frombytes'.
INFO: [HLS 200-111]  Elapsed time: 0.278 seconds; current allocated memory: 279.746 MB.
INFO: [HLS 200-10] ----------------------------------------------------------------
INFO: [HLS 200-10] -- Generating RTL for module 'poly_Rq_mul' 
INFO: [HLS 200-10] ----------------------------------------------------------------
INFO: [SYN 201-210] Renamed object name 'crypto_kem_dec_mac_muladd_16s_16s_16ns_16_1_1' to 'crypto_kem_dec_mabkb' due to the length limit 20
INFO: [RTGEN 206-100] Generating core module 'crypto_kem_dec_mabkb': 2 instance(s).
INFO: [RTGEN 206-100] Finished creating RTL model for 'poly_Rq_mul'.
INFO: [HLS 200-111]  Elapsed time: 0.426 seconds; current allocated memory: 280.228 MB.
INFO: [HLS 200-10] ----------------------------------------------------------------
INFO: [HLS 200-10] -- Generating RTL for module 'poly_Rq_to_S3' 
INFO: [HLS 200-10] ----------------------------------------------------------------
INFO: [RTGEN 206-100] Finished creating RTL model for 'poly_Rq_to_S3'.
INFO: [HLS 200-111]  Elapsed time: 0.389 seconds; current allocated memory: 280.941 MB.
INFO: [HLS 200-10] ----------------------------------------------------------------
INFO: [HLS 200-10] -- Generating RTL for module 'poly_S3_mul' 
INFO: [HLS 200-10] ----------------------------------------------------------------
INFO: [RTGEN 206-100] Generating core module 'crypto_kem_dec_mabkb': 2 instance(s).
INFO: [RTGEN 206-100] Finished creating RTL model for 'poly_S3_mul'.
INFO: [HLS 200-111]  Elapsed time: 0.633 seconds; current allocated memory: 281.747 MB.
INFO: [HLS 200-10] ----------------------------------------------------------------
INFO: [HLS 200-10] -- Generating RTL for module 'poly_S3_tobytes' 
INFO: [HLS 200-10] ----------------------------------------------------------------
INFO: [RTGEN 206-100] Finished creating RTL model for 'poly_S3_tobytes'.
INFO: [HLS 200-111]  Elapsed time: 0.595 seconds; current allocated memory: 282.232 MB.
INFO: [HLS 200-10] ----------------------------------------------------------------
INFO: [HLS 200-10] -- Generating RTL for module 'poly_lift' 
INFO: [HLS 200-10] ----------------------------------------------------------------
INFO: [SYN 201-210] Renamed object name 'crypto_kem_dec_mac_muladd_16s_2ns_16ns_16_1_1' to 'crypto_kem_dec_macud' due to the length limit 20
INFO: [SYN 201-210] Renamed object name 'crypto_kem_dec_ama_addmuladd_2ns_3ns_16s_16ns_16_1_1' to 'crypto_kem_dec_amdEe' due to the length limit 20
INFO: [SYN 201-210] Renamed object name 'crypto_kem_dec_mac_muladd_2ns_16s_16ns_16_1_1' to 'crypto_kem_dec_maeOg' due to the length limit 20
INFO: [RTGEN 206-100] Generating core module 'crypto_kem_dec_amdEe': 1 instance(s).
INFO: [RTGEN 206-100] Generating core module 'crypto_kem_dec_macud': 2 instance(s).
INFO: [RTGEN 206-100] Generating core module 'crypto_kem_dec_maeOg': 2 instance(s).
INFO: [RTGEN 206-100] Finished creating RTL model for 'poly_lift'.
INFO: [HLS 200-111]  Elapsed time: 0.469 seconds; current allocated memory: 283.387 MB.
INFO: [HLS 200-10] ----------------------------------------------------------------
INFO: [HLS 200-10] -- Generating RTL for module 'poly_Sq_frombytes_1' 
INFO: [HLS 200-10] ----------------------------------------------------------------
INFO: [RTGEN 206-100] Finished creating RTL model for 'poly_Sq_frombytes_1'.
INFO: [HLS 200-111]  Elapsed time: 0.897 seconds; current allocated memory: 284.535 MB.
INFO: [HLS 200-10] ----------------------------------------------------------------
INFO: [HLS 200-10] -- Generating RTL for module 'owcpa_dec' 
INFO: [HLS 200-10] ----------------------------------------------------------------
INFO: [RTGEN 206-100] Finished creating RTL model for 'owcpa_dec'.
INFO: [HLS 200-111]  Elapsed time: 0.839 seconds; current allocated memory: 285.985 MB.
INFO: [HLS 200-10] ----------------------------------------------------------------
INFO: [HLS 200-10] -- Generating RTL for module 'KeccakF1600_StatePer' 
INFO: [HLS 200-10] ----------------------------------------------------------------
INFO: [SYN 201-210] Renamed object name 'KeccakF1600_StatePer_KeccakF_RoundConstan' to 'KeccakF1600_StatefYi' due to the length limit 20
INFO: [RTGEN 206-100] Finished creating RTL model for 'KeccakF1600_StatePer'.
INFO: [HLS 200-111]  Elapsed time: 1.017 seconds; current allocated memory: 289.248 MB.
INFO: [HLS 200-10] ----------------------------------------------------------------
INFO: [HLS 200-10] -- Generating RTL for module 'keccak_absorb' 
INFO: [HLS 200-10] ----------------------------------------------------------------
INFO: [RTGEN 206-100] Finished creating RTL model for 'keccak_absorb'.
INFO: [HLS 200-111]  Elapsed time: 2.112 seconds; current allocated memory: 291.058 MB.
INFO: [HLS 200-10] ----------------------------------------------------------------
INFO: [HLS 200-10] -- Generating RTL for module 'sha3_256_1' 
INFO: [HLS 200-10] ----------------------------------------------------------------
INFO: [RTGEN 206-100] Finished creating RTL model for 'sha3_256_1'.
INFO: [HLS 200-111]  Elapsed time: 0.774 seconds; current allocated memory: 291.879 MB.
INFO: [HLS 200-10] ----------------------------------------------------------------
INFO: [HLS 200-10] -- Generating RTL for module 'keccak_absorb_1' 
INFO: [HLS 200-10] ----------------------------------------------------------------
INFO: [RTGEN 206-100] Finished creating RTL model for 'keccak_absorb_1'.
INFO: [HLS 200-111]  Elapsed time: 0.711 seconds; current allocated memory: 293.126 MB.
INFO: [HLS 200-10] ----------------------------------------------------------------
INFO: [HLS 200-10] -- Generating RTL for module 'sha3_256' 
INFO: [HLS 200-10] ----------------------------------------------------------------
INFO: [RTGEN 206-100] Finished creating RTL model for 'sha3_256'.
INFO: [HLS 200-111]  Elapsed time: 0.793 seconds; current allocated memory: 293.942 MB.
INFO: [HLS 200-10] ----------------------------------------------------------------
INFO: [HLS 200-10] -- Generating RTL for module 'crypto_kem_dec' 
INFO: [HLS 200-10] ----------------------------------------------------------------
INFO: [RTGEN 206-500] Setting interface mode on port 'crypto_kem_dec/k' to 'ap_memory'.
INFO: [RTGEN 206-500] Setting interface mode on port 'crypto_kem_dec/c' to 'ap_memory'.
INFO: [RTGEN 206-500] Setting interface mode on port 'crypto_kem_dec/sk' to 'ap_memory'.
INFO: [RTGEN 206-500] Setting interface mode on function 'crypto_kem_dec' to 'ap_ctrl_hs'.
INFO: [RTGEN 206-100] Finished creating RTL model for 'crypto_kem_dec'.
INFO: [HLS 200-111]  Elapsed time: 0.758 seconds; current allocated memory: 295.016 MB.
INFO: [RTMG 210-278] Implementing memory 'poly_lift_b_coeffs_ram (RAM)' using block RAMs.
INFO: [RTMG 210-278] Implementing memory 'owcpa_dec_x3_coeffs_ram (RAM)' using block RAMs.
INFO: [RTMG 210-279] Implementing memory 'KeccakF1600_StatefYi_rom' using auto ROMs.
INFO: [RTMG 210-278] Implementing memory 'keccak_absorb_t_ram (RAM)' using block RAMs.
INFO: [RTMG 210-278] Implementing memory 'sha3_256_1_s_ram (RAM)' using block RAMs.
INFO: [RTMG 210-278] Implementing memory 'sha3_256_1_h_assign_ram (RAM)' using block RAMs.
INFO: [RTMG 210-278] Implementing memory 'crypto_kem_dec_rm_ram (RAM)' using block RAMs.
INFO: [RTMG 210-278] Implementing memory 'crypto_kem_dec_buf_ram (RAM)' using block RAMs.
INFO: [HLS 200-111] Finished generating all RTL models Time (s): cpu = 00:00:35 ; elapsed = 00:01:25 . Memory (MB): peak = 393.121 ; gain = 301.789
INFO: [VHDL 208-304] Generating VHDL RTL for crypto_kem_dec.
INFO: [VLOG 209-307] Generating Verilog RTL for crypto_kem_dec.
INFO: [HLS 200-112] Total elapsed time: 85.008 seconds; peak allocated memory: 295.016 MB.
==============================================================
Vivado(TM) HLS - High-Level Synthesis from C, C++ and SystemC v2019.1 (64-bit)
Copyright 1986-2019 Xilinx, Inc. All Rights Reserved.
==============================================================
INFO: [SYN 201-201] Setting up clock 'default' with a period of 10ns.
INFO: [HLS 200-10] Setting target device to 'xc7a200t-fbg676-2'
INFO: [COSIM 212-47] Using XSIM for RTL simulation.
INFO: [COSIM 212-14] Instrumenting C test bench ...
INFO: [COSIM 212-302] Starting C TB testing ... 
INFO: [COSIM 212-333] Generating C post check test bench ...
INFO: [COSIM 212-12] Generating RTL test bench ...
INFO: [COSIM 212-1] *** C/RTL co-simulation file generation completed. ***
INFO: [COSIM 212-323] Starting verilog simulation. 
INFO: [COSIM 212-15] Starting XSIM ...
ERROR: [COSIM 212-303] Aborting co-simulation: RTL simulation failed.  
ERROR: [COSIM 212-344] Rtl simulation failed.
ERROR: [COSIM 212-4] *** C/RTL co-simulation finished: FAIL ***
INFO: [COSIM 212-211] II is measurable only when transaction number is greater than 1 in RTL simulation. Otherwise, they will be marked as all NA. If user wants to calculate them, please make sure there are at least 2 transactions in RTL simulation.
==============================================================
Vivado(TM) HLS - High-Level Synthesis from C, C++ and SystemC v2019.1 (64-bit)
Copyright 1986-2019 Xilinx, Inc. All Rights Reserved.
==============================================================
==============================================================
File generated on Sun Aug 23 19:59:54 EDT 2020
Vivado(TM) HLS - High-Level Synthesis from C, C++ and SystemC v2018.3 (64-bit)
SW Build 2405991 on Thu Dec  6 23:36:41 MST 2018
IP Build 2404404 on Fri Dec  7 01:43:56 MST 2018
Copyright 1986-2018 Xilinx, Inc. All Rights Reserved.
==============================================================
==============================================================
File generated on Sun Aug 23 20:00:14 EDT 2020
Vivado(TM) HLS - High-Level Synthesis from C, C++ and SystemC v2018.3 (64-bit)
SW Build 2405991 on Thu Dec  6 23:36:41 MST 2018
IP Build 2404404 on Fri Dec  7 01:43:56 MST 2018
Copyright 1986-2018 Xilinx, Inc. All Rights Reserved.
==============================================================
==============================================================
File generated on Sun Aug 23 20:00:29 EDT 2020
Vivado(TM) HLS - High-Level Synthesis from C, C++ and SystemC v2018.3 (64-bit)
SW Build 2405991 on Thu Dec  6 23:36:41 MST 2018
IP Build 2404404 on Fri Dec  7 01:43:56 MST 2018
Copyright 1986-2018 Xilinx, Inc. All Rights Reserved.
==============================================================
INFO: [SYN 201-201] Setting up clock 'default' with a period of 10ns.
INFO: [HLS 200-10] Setting target device to 'xc7a200tfbg676-2'
INFO: [SCHED 204-61] Option 'relax_ii_for_timing' is enabled, will increase II to preserve clock frequency constraints.
INFO: [HLS 200-10] Analyzing design file 'aes.c' ... 
INFO: [HLS 200-10] Analyzing design file 'fips202.c' ... 
INFO: [HLS 200-10] Analyzing design file 'kem.c' ... 
INFO: [HLS 200-10] Analyzing design file 'owcpa.c' ... 
INFO: [HLS 200-10] Analyzing design file 'pack3.c' ... 
INFO: [HLS 200-10] Analyzing design file 'packq.c' ... 
INFO: [HLS 200-10] Analyzing design file 'poly.c' ... 
INFO: [HLS 200-10] Analyzing design file 'rng.c' ... 
INFO: [HLS 200-10] Analyzing design file 'sample.c' ... 
INFO: [HLS 200-10] Analyzing design file 'verify.c' ... 
INFO: [HLS 200-111] Finished Linking Time (s): cpu = 00:00:51 ; elapsed = 00:00:54 . Memory (MB): peak = 539.348 ; gain = 4.203 ; free physical = 80457 ; free virtual = 606693
INFO: [HLS 200-111] Finished Checking Pragmas Time (s): cpu = 00:00:51 ; elapsed = 00:00:54 . Memory (MB): peak = 539.348 ; gain = 4.203 ; free physical = 80457 ; free virtual = 606693
INFO: [HLS 200-10] Starting code transformations ...
INFO: [HLS 200-111] Finished Standard Transforms Time (s): cpu = 00:00:56 ; elapsed = 00:00:59 . Memory (MB): peak = 539.348 ; gain = 4.203 ; free physical = 80454 ; free virtual = 606696
INFO: [HLS 200-10] Checking synthesizability ...
INFO: [XFORM 203-602] Inlining function 'mod3' into 'poly_Rq_to_S3' (poly.c:163) automatically.
INFO: [XFORM 203-602] Inlining function 'mod3' into 'poly_S3_mul' (poly.c:73) automatically.
INFO: [XFORM 203-602] Inlining function 'mod3' into 'poly_lift' (poly.c:140) automatically.
INFO: [XFORM 203-602] Inlining function 'poly_Z3_to_Zq' into 'poly_lift' (poly.c:143) automatically.
INFO: [XFORM 203-602] Inlining function 'poly_Rq_mul_x_minus_1' into 'poly_lift' (poly.c:146) automatically.
INFO: [XFORM 203-602] Inlining function 'poly_Rq_sum_zero_frombytes' into 'owcpa_dec' (owcpa.c:144) automatically.
INFO: [XFORM 203-602] Inlining function 'poly_Z3_to_Zq' into 'owcpa_dec' (owcpa.c:146) automatically.
INFO: [XFORM 203-602] Inlining function 'poly_Sq_mul' into 'owcpa_dec' (owcpa.c:171) automatically.
INFO: [XFORM 203-602] Inlining function 'owcpa_check_r' into 'owcpa_dec' (owcpa.c:184) automatically.
INFO: [XFORM 203-602] Inlining function 'poly_trinary_Zq_to_Z3' into 'owcpa_dec' (owcpa.c:186) automatically.
INFO: [XFORM 203-602] Inlining function 'load64.2' into 'keccak_absorb' (fips202.c:386) automatically.
INFO: [XFORM 203-602] Inlining function 'load64' into 'keccak_absorb' (fips202.c:400) automatically.
INFO: [XFORM 203-602] Inlining function 'store64' into 'keccak_squeezeblocks' (fips202.c:426) automatically.
INFO: [XFORM 203-602] Inlining function 'load64.1' into 'keccak_absorb.1' (fips202.c:386) automatically.
INFO: [XFORM 203-602] Inlining function 'load64' into 'keccak_absorb.1' (fips202.c:400) automatically.
INFO: [XFORM 203-602] Inlining function 'sha3_256.1' into 'crypto_kem_dec' (kem.c:47) automatically.
INFO: [XFORM 203-602] Inlining function 'sha3_256' into 'crypto_kem_dec' (kem.c:54) automatically.
INFO: [XFORM 203-602] Inlining function 'cmov' into 'crypto_kem_dec' (kem.c:56) automatically.
INFO: [HLS 200-111] Finished Checking Synthesizability Time (s): cpu = 00:01:00 ; elapsed = 00:01:03 . Memory (MB): peak = 539.348 ; gain = 4.203 ; free physical = 80454 ; free virtual = 606697
INFO: [XFORM 203-502] Unrolling small iteration loop 'Loop-1' (fips202.c:421) in function 'keccak_squeezeblocks' automatically.
INFO: [HLS 200-489] Unrolling loop 'Loop-1' (fips202.c:421) in function 'keccak_squeezeblocks' completely with a factor of 1.
INFO: [XFORM 203-602] Inlining function 'mod3' into 'poly_Rq_to_S3' (poly.c:163) automatically.
INFO: [XFORM 203-602] Inlining function 'mod3' into 'poly_S3_mul' (poly.c:73) automatically.
INFO: [XFORM 203-602] Inlining function 'mod3' into 'poly_lift' (poly.c:140) automatically.
INFO: [XFORM 203-602] Inlining function 'poly_Z3_to_Zq' into 'poly_lift' (poly.c:143) automatically.
INFO: [XFORM 203-602] Inlining function 'poly_Rq_mul_x_minus_1' into 'poly_lift' (poly.c:146) automatically.
INFO: [XFORM 203-602] Inlining function 'poly_Rq_sum_zero_frombytes' into 'owcpa_dec' (owcpa.c:144) automatically.
INFO: [XFORM 203-602] Inlining function 'poly_Z3_to_Zq' into 'owcpa_dec' (owcpa.c:146) automatically.
INFO: [XFORM 203-602] Inlining function 'poly_Sq_mul' into 'owcpa_dec' (owcpa.c:171) automatically.
INFO: [XFORM 203-602] Inlining function 'owcpa_check_r' into 'owcpa_dec' (owcpa.c:184) automatically.
INFO: [XFORM 203-602] Inlining function 'poly_trinary_Zq_to_Z3' into 'owcpa_dec' (owcpa.c:186) automatically.
INFO: [XFORM 203-602] Inlining function 'load64.2' into 'keccak_absorb' (fips202.c:386) automatically.
INFO: [XFORM 203-602] Inlining function 'load64' into 'keccak_absorb' (fips202.c:400) automatically.
INFO: [XFORM 203-602] Inlining function 'store64' into 'keccak_squeezeblocks' (fips202.c:426) automatically.
INFO: [XFORM 203-602] Inlining function 'keccak_squeezeblocks' into 'sha3_256.1' (fips202.c:519) automatically.
INFO: [XFORM 203-602] Inlining function 'load64.1' into 'keccak_absorb.1' (fips202.c:386) automatically.
INFO: [XFORM 203-602] Inlining function 'load64' into 'keccak_absorb.1' (fips202.c:400) automatically.
INFO: [XFORM 203-602] Inlining function 'keccak_squeezeblocks' into 'sha3_256' (fips202.c:519) automatically.
INFO: [XFORM 203-602] Inlining function 'cmov' into 'crypto_kem_dec' (kem.c:56) automatically.
WARNING: [XFORM 203-561] Updating loop upper bound from 135 to 82 for loop 'Loop-3' in function 'keccak_absorb.1'.
WARNING: [XFORM 203-561] Updating loop lower bound from 0 to 82 for loop 'Loop-3' in function 'keccak_absorb.1'.
WARNING: [XFORM 203-561] Updating loop upper bound from 135 to 8 for loop 'Loop-3' in function 'keccak_absorb'.
WARNING: [XFORM 203-561] Updating loop lower bound from 0 to 8 for loop 'Loop-3' in function 'keccak_absorb'.
INFO: [XFORM 203-11] Balancing expressions in function 'keccak_absorb.1' (fips202.c:28:22)...3 expression(s) balanced.
INFO: [XFORM 203-11] Balancing expressions in function 'KeccakF1600_StatePermute' (fips202.c:88)...70 expression(s) balanced.
INFO: [HLS 200-111] Finished Pre-synthesis Time (s): cpu = 00:01:05 ; elapsed = 00:01:08 . Memory (MB): peak = 667.273 ; gain = 132.129 ; free physical = 80428 ; free virtual = 606672
WARNING: [XFORM 203-631] Renaming function 'KeccakF1600_StatePermute' to 'KeccakF1600_StatePer' (fips202.c:88:1)
INFO: [HLS 200-111] Finished Architecture Synthesis Time (s): cpu = 00:01:09 ; elapsed = 00:01:12 . Memory (MB): peak = 731.273 ; gain = 196.129 ; free physical = 80299 ; free virtual = 606544
INFO: [HLS 200-10] Starting hardware synthesis ...
INFO: [HLS 200-10] Synthesizing 'crypto_kem_dec' ...
WARNING: [SYN 201-103] Legalizing function name 'poly_Sq_frombytes.1' to 'poly_Sq_frombytes_1'.
WARNING: [SYN 201-103] Legalizing function name 'sha3_256.1' to 'sha3_256_1'.
WARNING: [SYN 201-103] Legalizing function name 'keccak_absorb.1' to 'keccak_absorb_1'.
INFO: [HLS 200-10] ----------------------------------------------------------------
INFO: [HLS 200-42] -- Implementing module 'poly_Sq_frombytes' 
INFO: [HLS 200-10] ----------------------------------------------------------------
INFO: [SCHED 204-11] Starting scheduling ...
INFO: [SCHED 204-11] Finished scheduling.
INFO: [HLS 200-111]  Elapsed time: 72.44 seconds; current allocated memory: 225.932 MB.
INFO: [HLS 200-434] Only 0 loops out of a total 1 loops have been pipelined in this design.
INFO: [BIND 205-100] Starting micro-architecture generation ...
INFO: [BIND 205-101] Performing variable lifetime analysis.
INFO: [BIND 205-101] Exploring resource sharing.
INFO: [BIND 205-101] Binding ...
INFO: [BIND 205-100] Finished micro-architecture generation.
INFO: [HLS 200-111]  Elapsed time: 0.18 seconds; current allocated memory: 226.605 MB.
INFO: [HLS 200-10] ----------------------------------------------------------------
INFO: [HLS 200-42] -- Implementing module 'mod3' 
INFO: [HLS 200-10] ----------------------------------------------------------------
INFO: [SCHED 204-11] Starting scheduling ...
INFO: [SCHED 204-11] Finished scheduling.
INFO: [HLS 200-111]  Elapsed time: 0.25 seconds; current allocated memory: 226.778 MB.
INFO: [BIND 205-100] Starting micro-architecture generation ...
INFO: [BIND 205-101] Performing variable lifetime analysis.
INFO: [BIND 205-101] Exploring resource sharing.
INFO: [BIND 205-101] Binding ...
INFO: [BIND 205-100] Finished micro-architecture generation.
INFO: [HLS 200-111]  Elapsed time: 0.03 seconds; current allocated memory: 226.900 MB.
INFO: [HLS 200-10] ----------------------------------------------------------------
INFO: [HLS 200-42] -- Implementing module 'poly_S3_frombytes' 
INFO: [HLS 200-10] ----------------------------------------------------------------
INFO: [SCHED 204-11] Starting scheduling ...
INFO: [SCHED 204-11] Finished scheduling.
INFO: [HLS 200-111]  Elapsed time: 0.13 seconds; current allocated memory: 227.218 MB.
INFO: [BIND 205-100] Starting micro-architecture generation ...
INFO: [BIND 205-101] Performing variable lifetime analysis.
INFO: [BIND 205-101] Exploring resource sharing.
INFO: [BIND 205-101] Binding ...
INFO: [BIND 205-100] Finished micro-architecture generation.
INFO: [HLS 200-111]  Elapsed time: 0.07 seconds; current allocated memory: 227.445 MB.
INFO: [HLS 200-10] ----------------------------------------------------------------
INFO: [HLS 200-42] -- Implementing module 'poly_Rq_mul' 
INFO: [HLS 200-10] ----------------------------------------------------------------
INFO: [SCHED 204-11] Starting scheduling ...
WARNING: [SCHED 204-21] Estimated clock period (9.122ns) exceeds the target (target clock period: 10ns, clock uncertainty: 1.25ns, effective delay budget: 8.75ns).
WARNING: [SCHED 204-21] The critical path in module 'poly_Rq_mul' consists of the following:
	'mul' operation of DSP[36] ('tmp_234', poly.c:45) [34]  (2.82 ns)
	'add' operation of DSP[36] ('tmp_235', poly.c:45) [36]  (3.53 ns)
	'store' operation (poly.c:45) of variable 'tmp_235', poly.c:45 on array 'r_coeffs' [37]  (2.77 ns)
INFO: [SCHED 204-11] Finished scheduling.
INFO: [HLS 200-111]  Elapsed time: 0.19 seconds; current allocated memory: 227.688 MB.
INFO: [BIND 205-100] Starting micro-architecture generation ...
INFO: [BIND 205-101] Performing variable lifetime analysis.
INFO: [BIND 205-101] Exploring resource sharing.
INFO: [BIND 205-101] Binding ...
INFO: [BIND 205-100] Finished micro-architecture generation.
INFO: [HLS 200-111]  Elapsed time: 0.08 seconds; current allocated memory: 227.906 MB.
INFO: [HLS 200-10] ----------------------------------------------------------------
INFO: [HLS 200-42] -- Implementing module 'poly_Rq_to_S3' 
INFO: [HLS 200-10] ----------------------------------------------------------------
INFO: [SCHED 204-11] Starting scheduling ...
INFO: [SCHED 204-11] Finished scheduling.
INFO: [HLS 200-111]  Elapsed time: 0.17 seconds; current allocated memory: 228.246 MB.
INFO: [BIND 205-100] Starting micro-architecture generation ...
INFO: [BIND 205-101] Performing variable lifetime analysis.
INFO: [BIND 205-101] Exploring resource sharing.
INFO: [BIND 205-101] Binding ...
INFO: [BIND 205-100] Finished micro-architecture generation.
INFO: [HLS 200-111]  Elapsed time: 0.11 seconds; current allocated memory: 228.699 MB.
INFO: [HLS 200-10] ----------------------------------------------------------------
INFO: [HLS 200-42] -- Implementing module 'poly_S3_mul' 
INFO: [HLS 200-10] ----------------------------------------------------------------
INFO: [SCHED 204-11] Starting scheduling ...
WARNING: [SCHED 204-21] Estimated clock period (9.122ns) exceeds the target (target clock period: 10ns, clock uncertainty: 1.25ns, effective delay budget: 8.75ns).
WARNING: [SCHED 204-21] The critical path in module 'poly_S3_mul' consists of the following:
	'mul' operation of DSP[36] ('tmp_193', poly.c:68) [34]  (2.82 ns)
	'add' operation of DSP[36] ('tmp_194', poly.c:68) [36]  (3.53 ns)
	'store' operation (poly.c:68) of variable 'tmp_194', poly.c:68 on array 'r_coeffs' [37]  (2.77 ns)
INFO: [SCHED 204-11] Finished scheduling.
INFO: [HLS 200-111]  Elapsed time: 0.25 seconds; current allocated memory: 229.079 MB.
INFO: [BIND 205-100] Starting micro-architecture generation ...
INFO: [BIND 205-101] Performing variable lifetime analysis.
INFO: [BIND 205-101] Exploring resource sharing.
INFO: [BIND 205-101] Binding ...
INFO: [BIND 205-100] Finished micro-architecture generation.
INFO: [HLS 200-111]  Elapsed time: 0.12 seconds; current allocated memory: 229.496 MB.
INFO: [HLS 200-10] ----------------------------------------------------------------
INFO: [HLS 200-42] -- Implementing module 'poly_S3_tobytes' 
INFO: [HLS 200-10] ----------------------------------------------------------------
INFO: [SCHED 204-11] Starting scheduling ...
INFO: [SCHED 204-11] Finished scheduling.
INFO: [HLS 200-111]  Elapsed time: 0.21 seconds; current allocated memory: 229.653 MB.
INFO: [BIND 205-100] Starting micro-architecture generation ...
INFO: [BIND 205-101] Performing variable lifetime analysis.
INFO: [BIND 205-101] Exploring resource sharing.
INFO: [BIND 205-101] Binding ...
INFO: [BIND 205-100] Finished micro-architecture generation.
INFO: [HLS 200-111]  Elapsed time: 0.06 seconds; current allocated memory: 229.858 MB.
INFO: [HLS 200-10] ----------------------------------------------------------------
INFO: [HLS 200-42] -- Implementing module 'poly_lift' 
INFO: [HLS 200-10] ----------------------------------------------------------------
INFO: [SCHED 204-11] Starting scheduling ...
WARNING: [SCHED 204-21] Estimated clock period (9.122ns) exceeds the target (target clock period: 10ns, clock uncertainty: 1.25ns, effective delay budget: 8.75ns).
WARNING: [SCHED 204-21] The critical path in module 'poly_lift' consists of the following:
	'add' operation of DSP[37] ('tmp_10', poly.c:122) [33]  (0 ns)
	'mul' operation of DSP[37] ('tmp_11', poly.c:122) [35]  (2.82 ns)
	'add' operation of DSP[37] ('tmp_12', poly.c:122) [37]  (3.53 ns)
	'store' operation (poly.c:122) of variable 'tmp_12', poly.c:122 on array 'r.coeffs', poly.c:103 [38]  (2.77 ns)
INFO: [SCHED 204-11] Finished scheduling.
INFO: [HLS 200-111]  Elapsed time: 0.24 seconds; current allocated memory: 230.441 MB.
INFO: [BIND 205-100] Starting micro-architecture generation ...
INFO: [BIND 205-101] Performing variable lifetime analysis.
INFO: [BIND 205-101] Exploring resource sharing.
INFO: [BIND 205-101] Binding ...
INFO: [BIND 205-100] Finished micro-architecture generation.
INFO: [HLS 200-111]  Elapsed time: 0.23 seconds; current allocated memory: 231.137 MB.
INFO: [HLS 200-10] ----------------------------------------------------------------
INFO: [HLS 200-42] -- Implementing module 'poly_Sq_frombytes_1' 
INFO: [HLS 200-10] ----------------------------------------------------------------
INFO: [SCHED 204-11] Starting scheduling ...
INFO: [SCHED 204-11] Finished scheduling.
INFO: [HLS 200-111]  Elapsed time: 0.39 seconds; current allocated memory: 231.712 MB.
INFO: [BIND 205-100] Starting micro-architecture generation ...
INFO: [BIND 205-101] Performing variable lifetime analysis.
INFO: [BIND 205-101] Exploring resource sharing.
INFO: [BIND 205-101] Binding ...
INFO: [BIND 205-100] Finished micro-architecture generation.
INFO: [HLS 200-111]  Elapsed time: 0.19 seconds; current allocated memory: 232.381 MB.
INFO: [HLS 200-10] ----------------------------------------------------------------
INFO: [HLS 200-42] -- Implementing module 'owcpa_dec' 
INFO: [HLS 200-10] ----------------------------------------------------------------
INFO: [SCHED 204-11] Starting scheduling ...
INFO: [SCHED 204-11] Finished scheduling.
INFO: [HLS 200-111]  Elapsed time: 0.33 seconds; current allocated memory: 232.841 MB.
INFO: [BIND 205-100] Starting micro-architecture generation ...
INFO: [BIND 205-101] Performing variable lifetime analysis.
INFO: [BIND 205-101] Exploring resource sharing.
INFO: [BIND 205-101] Binding ...
INFO: [BIND 205-100] Finished micro-architecture generation.
INFO: [HLS 200-111]  Elapsed time: 1.5 seconds; current allocated memory: 233.751 MB.
INFO: [HLS 200-10] ----------------------------------------------------------------
INFO: [HLS 200-42] -- Implementing module 'KeccakF1600_StatePer' 
INFO: [HLS 200-10] ----------------------------------------------------------------
INFO: [SCHED 204-11] Starting scheduling ...
INFO: [SCHED 204-11] Finished scheduling.
INFO: [HLS 200-111]  Elapsed time: 1.26 seconds; current allocated memory: 235.322 MB.
INFO: [BIND 205-100] Starting micro-architecture generation ...
INFO: [BIND 205-101] Performing variable lifetime analysis.
INFO: [BIND 205-101] Exploring resource sharing.
INFO: [BIND 205-101] Binding ...
INFO: [BIND 205-100] Finished micro-architecture generation.
INFO: [HLS 200-111]  Elapsed time: 0.58 seconds; current allocated memory: 237.279 MB.
INFO: [HLS 200-10] ----------------------------------------------------------------
INFO: [HLS 200-42] -- Implementing module 'keccak_absorb' 
INFO: [HLS 200-10] ----------------------------------------------------------------
INFO: [SCHED 204-11] Starting scheduling ...
INFO: [SCHED 204-11] Finished scheduling.
INFO: [HLS 200-111]  Elapsed time: 0.92 seconds; current allocated memory: 237.913 MB.
INFO: [BIND 205-100] Starting micro-architecture generation ...
INFO: [BIND 205-101] Performing variable lifetime analysis.
INFO: [BIND 205-101] Exploring resource sharing.
INFO: [BIND 205-101] Binding ...
INFO: [BIND 205-100] Finished micro-architecture generation.
INFO: [HLS 200-111]  Elapsed time: 0.3 seconds; current allocated memory: 238.384 MB.
INFO: [HLS 200-10] ----------------------------------------------------------------
INFO: [HLS 200-42] -- Implementing module 'sha3_256_1' 
INFO: [HLS 200-10] ----------------------------------------------------------------
INFO: [SCHED 204-11] Starting scheduling ...
INFO: [SCHED 204-11] Finished scheduling.
INFO: [HLS 200-111]  Elapsed time: 0.66 seconds; current allocated memory: 238.804 MB.
INFO: [BIND 205-100] Starting micro-architecture generation ...
INFO: [BIND 205-101] Performing variable lifetime analysis.
INFO: [BIND 205-101] Exploring resource sharing.
INFO: [BIND 205-101] Binding ...
INFO: [BIND 205-100] Finished micro-architecture generation.
INFO: [HLS 200-111]  Elapsed time: 0.81 seconds; current allocated memory: 239.290 MB.
INFO: [HLS 200-10] ----------------------------------------------------------------
INFO: [HLS 200-42] -- Implementing module 'keccak_absorb_1' 
INFO: [HLS 200-10] ----------------------------------------------------------------
INFO: [SCHED 204-11] Starting scheduling ...
INFO: [SCHED 204-11] Finished scheduling.
INFO: [HLS 200-111]  Elapsed time: 1.2 seconds; current allocated memory: 240.120 MB.
INFO: [BIND 205-100] Starting micro-architecture generation ...
INFO: [BIND 205-101] Performing variable lifetime analysis.
INFO: [BIND 205-101] Exploring resource sharing.
INFO: [BIND 205-101] Binding ...
INFO: [BIND 205-100] Finished micro-architecture generation.
INFO: [HLS 200-111]  Elapsed time: 0.29 seconds; current allocated memory: 240.600 MB.
INFO: [HLS 200-10] ----------------------------------------------------------------
INFO: [HLS 200-42] -- Implementing module 'sha3_256' 
INFO: [HLS 200-10] ----------------------------------------------------------------
INFO: [SCHED 204-11] Starting scheduling ...
INFO: [SCHED 204-11] Finished scheduling.
INFO: [HLS 200-111]  Elapsed time: 0.7 seconds; current allocated memory: 241.070 MB.
INFO: [BIND 205-100] Starting micro-architecture generation ...
INFO: [BIND 205-101] Performing variable lifetime analysis.
INFO: [BIND 205-101] Exploring resource sharing.
INFO: [BIND 205-101] Binding ...
INFO: [BIND 205-100] Finished micro-architecture generation.
INFO: [HLS 200-111]  Elapsed time: 0.79 seconds; current allocated memory: 241.551 MB.
INFO: [HLS 200-10] ----------------------------------------------------------------
INFO: [HLS 200-42] -- Implementing module 'crypto_kem_dec' 
INFO: [HLS 200-10] ----------------------------------------------------------------
INFO: [SCHED 204-11] Starting scheduling ...
INFO: [SCHED 204-11] Finished scheduling.
INFO: [HLS 200-111]  Elapsed time: 1.18 seconds; current allocated memory: 242.279 MB.
INFO: [BIND 205-100] Starting micro-architecture generation ...
INFO: [BIND 205-101] Performing variable lifetime analysis.
INFO: [BIND 205-101] Exploring resource sharing.
INFO: [BIND 205-101] Binding ...
INFO: [BIND 205-100] Finished micro-architecture generation.
INFO: [HLS 200-111]  Elapsed time: 3.05 seconds; current allocated memory: 243.685 MB.
INFO: [HLS 200-10] ----------------------------------------------------------------
INFO: [HLS 200-10] -- Generating RTL for module 'poly_Sq_frombytes' 
INFO: [HLS 200-10] ----------------------------------------------------------------
INFO: [RTGEN 206-100] Finished creating RTL model for 'poly_Sq_frombytes'.
INFO: [HLS 200-111]  Elapsed time: 3.09 seconds; current allocated memory: 245.923 MB.
INFO: [HLS 200-10] ----------------------------------------------------------------
INFO: [HLS 200-10] -- Generating RTL for module 'mod3' 
INFO: [HLS 200-10] ----------------------------------------------------------------
INFO: [RTGEN 206-100] Finished creating RTL model for 'mod3'.
INFO: [HLS 200-111]  Elapsed time: 0.44 seconds; current allocated memory: 248.831 MB.
INFO: [HLS 200-10] ----------------------------------------------------------------
INFO: [HLS 200-10] -- Generating RTL for module 'poly_S3_frombytes' 
INFO: [HLS 200-10] ----------------------------------------------------------------
INFO: [RTGEN 206-100] Finished creating RTL model for 'poly_S3_frombytes'.
INFO: [HLS 200-111]  Elapsed time: 0.15 seconds; current allocated memory: 249.716 MB.
INFO: [HLS 200-10] ----------------------------------------------------------------
INFO: [HLS 200-10] -- Generating RTL for module 'poly_Rq_mul' 
INFO: [HLS 200-10] ----------------------------------------------------------------
INFO: [RTGEN 206-100] Generating core module 'crypto_kem_dec_mac_muladd_16s_16s_16ns_16_1_1': 2 instance(s).
INFO: [RTGEN 206-100] Finished creating RTL model for 'poly_Rq_mul'.
INFO: [HLS 200-111]  Elapsed time: 0.31 seconds; current allocated memory: 251.192 MB.
INFO: [HLS 200-10] ----------------------------------------------------------------
INFO: [HLS 200-10] -- Generating RTL for module 'poly_Rq_to_S3' 
INFO: [HLS 200-10] ----------------------------------------------------------------
INFO: [RTGEN 206-100] Finished creating RTL model for 'poly_Rq_to_S3'.
INFO: [HLS 200-111]  Elapsed time: 0.25 seconds; current allocated memory: 252.836 MB.
INFO: [HLS 200-10] ----------------------------------------------------------------
INFO: [HLS 200-10] -- Generating RTL for module 'poly_S3_mul' 
INFO: [HLS 200-10] ----------------------------------------------------------------
INFO: [RTGEN 206-100] Generating core module 'crypto_kem_dec_mac_muladd_16s_16s_16ns_16_1_1': 2 instance(s).
INFO: [RTGEN 206-100] Finished creating RTL model for 'poly_S3_mul'.
INFO: [HLS 200-111]  Elapsed time: 0.45 seconds; current allocated memory: 255.421 MB.
INFO: [HLS 200-10] ----------------------------------------------------------------
INFO: [HLS 200-10] -- Generating RTL for module 'poly_S3_tobytes' 
INFO: [HLS 200-10] ----------------------------------------------------------------
INFO: [RTGEN 206-100] Finished creating RTL model for 'poly_S3_tobytes'.
INFO: [HLS 200-111]  Elapsed time: 0.45 seconds; current allocated memory: 257.552 MB.
INFO: [HLS 200-10] ----------------------------------------------------------------
INFO: [HLS 200-10] -- Generating RTL for module 'poly_lift' 
INFO: [HLS 200-10] ----------------------------------------------------------------
INFO: [RTGEN 206-100] Generating core module 'crypto_kem_dec_ama_addmuladd_2ns_3ns_16s_16ns_16_1_1': 1 instance(s).
INFO: [RTGEN 206-100] Generating core module 'crypto_kem_dec_mac_muladd_16s_2ns_16ns_16_1_1': 2 instance(s).
INFO: [RTGEN 206-100] Generating core module 'crypto_kem_dec_mac_muladd_2ns_16s_16ns_16_1_1': 2 instance(s).
INFO: [RTGEN 206-100] Finished creating RTL model for 'poly_lift'.
INFO: [HLS 200-111]  Elapsed time: 0.31 seconds; current allocated memory: 259.571 MB.
INFO: [HLS 200-10] ----------------------------------------------------------------
==============================================================
File generated on Sun Aug 23 20:02:38 EDT 2020
Vivado(TM) HLS - High-Level Synthesis from C, C++ and SystemC v2018.3 (64-bit)
SW Build 2405991 on Thu Dec  6 23:36:41 MST 2018
IP Build 2404404 on Fri Dec  7 01:43:56 MST 2018
Copyright 1986-2018 Xilinx, Inc. All Rights Reserved.
==============================================================
==============================================================
File generated on Sun Aug 23 20:03:03 EDT 2020
Vivado(TM) HLS - High-Level Synthesis from C, C++ and SystemC v2018.3 (64-bit)
SW Build 2405991 on Thu Dec  6 23:36:41 MST 2018
IP Build 2404404 on Fri Dec  7 01:43:56 MST 2018
Copyright 1986-2018 Xilinx, Inc. All Rights Reserved.
==============================================================
INFO: [SYN 201-201] Setting up clock 'default' with a period of 10ns.
INFO: [HLS 200-10] Setting target device to 'xc7a200tfbg676-2'
INFO: [SCHED 204-61] Option 'relax_ii_for_timing' is enabled, will increase II to preserve clock frequency constraints.
INFO: [HLS 200-10] Analyzing design file 'aes.c' ... 
INFO: [HLS 200-10] Analyzing design file 'fips202.c' ... 
INFO: [HLS 200-10] Analyzing design file 'kem.c' ... 
INFO: [HLS 200-10] Analyzing design file 'owcpa.c' ... 
INFO: [HLS 200-10] Analyzing design file 'pack3.c' ... 
INFO: [HLS 200-10] Analyzing design file 'packq.c' ... 
INFO: [HLS 200-10] Analyzing design file 'poly.c' ... 
INFO: [HLS 200-10] Analyzing design file 'rng.c' ... 
INFO: [HLS 200-10] Analyzing design file 'sample.c' ... 
INFO: [HLS 200-10] Analyzing design file 'verify.c' ... 
INFO: [HLS 200-111] Finished Linking Time (s): cpu = 00:00:52 ; elapsed = 00:00:54 . Memory (MB): peak = 539.344 ; gain = 4.203 ; free physical = 80231 ; free virtual = 606480
INFO: [HLS 200-111] Finished Checking Pragmas Time (s): cpu = 00:00:52 ; elapsed = 00:00:54 . Memory (MB): peak = 539.344 ; gain = 4.203 ; free physical = 80231 ; free virtual = 606480
INFO: [HLS 200-10] Starting code transformations ...
INFO: [HLS 200-111] Finished Standard Transforms Time (s): cpu = 00:00:57 ; elapsed = 00:00:59 . Memory (MB): peak = 539.344 ; gain = 4.203 ; free physical = 80228 ; free virtual = 606477
INFO: [HLS 200-10] Checking synthesizability ...
INFO: [XFORM 203-602] Inlining function 'mod3' into 'poly_Rq_to_S3' (poly.c:163) automatically.
INFO: [XFORM 203-602] Inlining function 'mod3' into 'poly_S3_mul' (poly.c:73) automatically.
INFO: [XFORM 203-602] Inlining function 'mod3' into 'poly_lift' (poly.c:140) automatically.
INFO: [XFORM 203-602] Inlining function 'poly_Z3_to_Zq' into 'poly_lift' (poly.c:143) automatically.
INFO: [XFORM 203-602] Inlining function 'poly_Rq_mul_x_minus_1' into 'poly_lift' (poly.c:146) automatically.
INFO: [XFORM 203-602] Inlining function 'poly_Rq_sum_zero_frombytes' into 'owcpa_dec' (owcpa.c:144) automatically.
INFO: [XFORM 203-602] Inlining function 'poly_Z3_to_Zq' into 'owcpa_dec' (owcpa.c:146) automatically.
INFO: [XFORM 203-602] Inlining function 'poly_Sq_mul' into 'owcpa_dec' (owcpa.c:171) automatically.
INFO: [XFORM 203-602] Inlining function 'owcpa_check_r' into 'owcpa_dec' (owcpa.c:184) automatically.
INFO: [XFORM 203-602] Inlining function 'poly_trinary_Zq_to_Z3' into 'owcpa_dec' (owcpa.c:186) automatically.
INFO: [XFORM 203-602] Inlining function 'load64.2' into 'keccak_absorb' (fips202.c:386) automatically.
INFO: [XFORM 203-602] Inlining function 'load64' into 'keccak_absorb' (fips202.c:400) automatically.
INFO: [XFORM 203-602] Inlining function 'store64' into 'keccak_squeezeblocks' (fips202.c:426) automatically.
INFO: [XFORM 203-602] Inlining function 'load64.1' into 'keccak_absorb.1' (fips202.c:386) automatically.
INFO: [XFORM 203-602] Inlining function 'load64' into 'keccak_absorb.1' (fips202.c:400) automatically.
INFO: [XFORM 203-602] Inlining function 'sha3_256.1' into 'crypto_kem_dec' (kem.c:47) automatically.
INFO: [XFORM 203-602] Inlining function 'sha3_256' into 'crypto_kem_dec' (kem.c:54) automatically.
INFO: [XFORM 203-602] Inlining function 'cmov' into 'crypto_kem_dec' (kem.c:56) automatically.
INFO: [HLS 200-111] Finished Checking Synthesizability Time (s): cpu = 00:01:01 ; elapsed = 00:01:03 . Memory (MB): peak = 539.344 ; gain = 4.203 ; free physical = 80235 ; free virtual = 606484
INFO: [XFORM 203-502] Unrolling small iteration loop 'Loop-1' (fips202.c:421) in function 'keccak_squeezeblocks' automatically.
INFO: [HLS 200-489] Unrolling loop 'Loop-1' (fips202.c:421) in function 'keccak_squeezeblocks' completely with a factor of 1.
INFO: [XFORM 203-602] Inlining function 'mod3' into 'poly_Rq_to_S3' (poly.c:163) automatically.
INFO: [XFORM 203-602] Inlining function 'mod3' into 'poly_S3_mul' (poly.c:73) automatically.
INFO: [XFORM 203-602] Inlining function 'mod3' into 'poly_lift' (poly.c:140) automatically.
INFO: [XFORM 203-602] Inlining function 'poly_Z3_to_Zq' into 'poly_lift' (poly.c:143) automatically.
INFO: [XFORM 203-602] Inlining function 'poly_Rq_mul_x_minus_1' into 'poly_lift' (poly.c:146) automatically.
INFO: [XFORM 203-602] Inlining function 'poly_Rq_sum_zero_frombytes' into 'owcpa_dec' (owcpa.c:144) automatically.
INFO: [XFORM 203-602] Inlining function 'poly_Z3_to_Zq' into 'owcpa_dec' (owcpa.c:146) automatically.
INFO: [XFORM 203-602] Inlining function 'poly_Sq_mul' into 'owcpa_dec' (owcpa.c:171) automatically.
INFO: [XFORM 203-602] Inlining function 'owcpa_check_r' into 'owcpa_dec' (owcpa.c:184) automatically.
INFO: [XFORM 203-602] Inlining function 'poly_trinary_Zq_to_Z3' into 'owcpa_dec' (owcpa.c:186) automatically.
INFO: [XFORM 203-602] Inlining function 'load64.2' into 'keccak_absorb' (fips202.c:386) automatically.
INFO: [XFORM 203-602] Inlining function 'load64' into 'keccak_absorb' (fips202.c:400) automatically.
INFO: [XFORM 203-602] Inlining function 'store64' into 'keccak_squeezeblocks' (fips202.c:426) automatically.
INFO: [XFORM 203-602] Inlining function 'keccak_squeezeblocks' into 'sha3_256.1' (fips202.c:519) automatically.
INFO: [XFORM 203-602] Inlining function 'load64.1' into 'keccak_absorb.1' (fips202.c:386) automatically.
INFO: [XFORM 203-602] Inlining function 'load64' into 'keccak_absorb.1' (fips202.c:400) automatically.
INFO: [XFORM 203-602] Inlining function 'keccak_squeezeblocks' into 'sha3_256' (fips202.c:519) automatically.
INFO: [XFORM 203-602] Inlining function 'cmov' into 'crypto_kem_dec' (kem.c:56) automatically.
WARNING: [XFORM 203-561] Updating loop upper bound from 135 to 82 for loop 'Loop-3' in function 'keccak_absorb.1'.
WARNING: [XFORM 203-561] Updating loop lower bound from 0 to 82 for loop 'Loop-3' in function 'keccak_absorb.1'.
WARNING: [XFORM 203-561] Updating loop upper bound from 135 to 8 for loop 'Loop-3' in function 'keccak_absorb'.
WARNING: [XFORM 203-561] Updating loop lower bound from 0 to 8 for loop 'Loop-3' in function 'keccak_absorb'.
INFO: [XFORM 203-11] Balancing expressions in function 'keccak_absorb.1' (fips202.c:28:22)...3 expression(s) balanced.
INFO: [XFORM 203-11] Balancing expressions in function 'KeccakF1600_StatePermute' (fips202.c:88)...70 expression(s) balanced.
INFO: [HLS 200-111] Finished Pre-synthesis Time (s): cpu = 00:01:05 ; elapsed = 00:01:07 . Memory (MB): peak = 667.270 ; gain = 132.129 ; free physical = 80217 ; free virtual = 606466
WARNING: [XFORM 203-631] Renaming function 'KeccakF1600_StatePermute' to 'KeccakF1600_StatePer' (fips202.c:88:1)
INFO: [HLS 200-111] Finished Architecture Synthesis Time (s): cpu = 00:01:10 ; elapsed = 00:01:12 . Memory (MB): peak = 731.270 ; gain = 196.129 ; free physical = 80092 ; free virtual = 606341
INFO: [HLS 200-10] Starting hardware synthesis ...
INFO: [HLS 200-10] Synthesizing 'crypto_kem_dec' ...
WARNING: [SYN 201-103] Legalizing function name 'poly_Sq_frombytes.1' to 'poly_Sq_frombytes_1'.
WARNING: [SYN 201-103] Legalizing function name 'sha3_256.1' to 'sha3_256_1'.
WARNING: [SYN 201-103] Legalizing function name 'keccak_absorb.1' to 'keccak_absorb_1'.
INFO: [HLS 200-10] ----------------------------------------------------------------
INFO: [HLS 200-42] -- Implementing module 'poly_Sq_frombytes' 
INFO: [HLS 200-10] ----------------------------------------------------------------
INFO: [SCHED 204-11] Starting scheduling ...
INFO: [SCHED 204-11] Finished scheduling.
INFO: [HLS 200-111]  Elapsed time: 72.26 seconds; current allocated memory: 225.980 MB.
INFO: [HLS 200-434] Only 0 loops out of a total 1 loops have been pipelined in this design.
INFO: [BIND 205-100] Starting micro-architecture generation ...
INFO: [BIND 205-101] Performing variable lifetime analysis.
INFO: [BIND 205-101] Exploring resource sharing.
INFO: [BIND 205-101] Binding ...
INFO: [BIND 205-100] Finished micro-architecture generation.
INFO: [HLS 200-111]  Elapsed time: 0.2 seconds; current allocated memory: 226.654 MB.
INFO: [HLS 200-10] ----------------------------------------------------------------
INFO: [HLS 200-42] -- Implementing module 'mod3' 
INFO: [HLS 200-10] ----------------------------------------------------------------
INFO: [SCHED 204-11] Starting scheduling ...
INFO: [SCHED 204-11] Finished scheduling.
INFO: [HLS 200-111]  Elapsed time: 0.22 seconds; current allocated memory: 226.812 MB.
INFO: [BIND 205-100] Starting micro-architecture generation ...
INFO: [BIND 205-101] Performing variable lifetime analysis.
INFO: [BIND 205-101] Exploring resource sharing.
INFO: [BIND 205-101] Binding ...
INFO: [BIND 205-100] Finished micro-architecture generation.
INFO: [HLS 200-111]  Elapsed time: 0.03 seconds; current allocated memory: 226.934 MB.
INFO: [HLS 200-10] ----------------------------------------------------------------
INFO: [HLS 200-42] -- Implementing module 'poly_S3_frombytes' 
INFO: [HLS 200-10] ----------------------------------------------------------------
INFO: [SCHED 204-11] Starting scheduling ...
INFO: [SCHED 204-11] Finished scheduling.
INFO: [HLS 200-111]  Elapsed time: 0.13 seconds; current allocated memory: 227.236 MB.
INFO: [BIND 205-100] Starting micro-architecture generation ...
INFO: [BIND 205-101] Performing variable lifetime analysis.
INFO: [BIND 205-101] Exploring resource sharing.
INFO: [BIND 205-101] Binding ...
INFO: [BIND 205-100] Finished micro-architecture generation.
INFO: [HLS 200-111]  Elapsed time: 0.1 seconds; current allocated memory: 227.464 MB.
INFO: [HLS 200-10] ----------------------------------------------------------------
INFO: [HLS 200-42] -- Implementing module 'poly_Rq_mul' 
INFO: [HLS 200-10] ----------------------------------------------------------------
INFO: [SCHED 204-11] Starting scheduling ...
WARNING: [SCHED 204-21] Estimated clock period (9.122ns) exceeds the target (target clock period: 10ns, clock uncertainty: 1.25ns, effective delay budget: 8.75ns).
WARNING: [SCHED 204-21] The critical path in module 'poly_Rq_mul' consists of the following:
	'mul' operation of DSP[36] ('tmp_234', poly.c:45) [34]  (2.82 ns)
	'add' operation of DSP[36] ('tmp_235', poly.c:45) [36]  (3.53 ns)
	'store' operation (poly.c:45) of variable 'tmp_235', poly.c:45 on array 'r_coeffs' [37]  (2.77 ns)
INFO: [SCHED 204-11] Finished scheduling.
INFO: [HLS 200-111]  Elapsed time: 0.21 seconds; current allocated memory: 227.736 MB.
INFO: [BIND 205-100] Starting micro-architecture generation ...
INFO: [BIND 205-101] Performing variable lifetime analysis.
INFO: [BIND 205-101] Exploring resource sharing.
INFO: [BIND 205-101] Binding ...
INFO: [BIND 205-100] Finished micro-architecture generation.
INFO: [HLS 200-111]  Elapsed time: 0.08 seconds; current allocated memory: 227.954 MB.
INFO: [HLS 200-10] ----------------------------------------------------------------
INFO: [HLS 200-42] -- Implementing module 'poly_Rq_to_S3' 
INFO: [HLS 200-10] ----------------------------------------------------------------
INFO: [SCHED 204-11] Starting scheduling ...
INFO: [SCHED 204-11] Finished scheduling.
INFO: [HLS 200-111]  Elapsed time: 0.18 seconds; current allocated memory: 228.280 MB.
INFO: [BIND 205-100] Starting micro-architecture generation ...
INFO: [BIND 205-101] Performing variable lifetime analysis.
INFO: [BIND 205-101] Exploring resource sharing.
INFO: [BIND 205-101] Binding ...
INFO: [BIND 205-100] Finished micro-architecture generation.
INFO: [HLS 200-111]  Elapsed time: 0.12 seconds; current allocated memory: 228.734 MB.
INFO: [HLS 200-10] ----------------------------------------------------------------
INFO: [HLS 200-42] -- Implementing module 'poly_S3_mul' 
INFO: [HLS 200-10] ----------------------------------------------------------------
INFO: [SCHED 204-11] Starting scheduling ...
WARNING: [SCHED 204-21] Estimated clock period (9.122ns) exceeds the target (target clock period: 10ns, clock uncertainty: 1.25ns, effective delay budget: 8.75ns).
WARNING: [SCHED 204-21] The critical path in module 'poly_S3_mul' consists of the following:
	'mul' operation of DSP[36] ('tmp_193', poly.c:68) [34]  (2.82 ns)
	'add' operation of DSP[36] ('tmp_194', poly.c:68) [36]  (3.53 ns)
	'store' operation (poly.c:68) of variable 'tmp_194', poly.c:68 on array 'r_coeffs' [37]  (2.77 ns)
INFO: [SCHED 204-11] Finished scheduling.
INFO: [HLS 200-111]  Elapsed time: 0.26 seconds; current allocated memory: 229.114 MB.
INFO: [BIND 205-100] Starting micro-architecture generation ...
INFO: [BIND 205-101] Performing variable lifetime analysis.
INFO: [BIND 205-101] Exploring resource sharing.
INFO: [BIND 205-101] Binding ...
INFO: [BIND 205-100] Finished micro-architecture generation.
INFO: [HLS 200-111]  Elapsed time: 0.13 seconds; current allocated memory: 229.530 MB.
INFO: [HLS 200-10] ----------------------------------------------------------------
INFO: [HLS 200-42] -- Implementing module 'poly_S3_tobytes' 
INFO: [HLS 200-10] ----------------------------------------------------------------
INFO: [SCHED 204-11] Starting scheduling ...
INFO: [SCHED 204-11] Finished scheduling.
INFO: [HLS 200-111]  Elapsed time: 0.22 seconds; current allocated memory: 229.688 MB.
INFO: [BIND 205-100] Starting micro-architecture generation ...
INFO: [BIND 205-101] Performing variable lifetime analysis.
INFO: [BIND 205-101] Exploring resource sharing.
INFO: [BIND 205-101] Binding ...
INFO: [BIND 205-100] Finished micro-architecture generation.
INFO: [HLS 200-111]  Elapsed time: 0.07 seconds; current allocated memory: 229.892 MB.
INFO: [HLS 200-10] ----------------------------------------------------------------
INFO: [HLS 200-42] -- Implementing module 'poly_lift' 
INFO: [HLS 200-10] ----------------------------------------------------------------
INFO: [SCHED 204-11] Starting scheduling ...
WARNING: [SCHED 204-21] Estimated clock period (9.122ns) exceeds the target (target clock period: 10ns, clock uncertainty: 1.25ns, effective delay budget: 8.75ns).
WARNING: [SCHED 204-21] The critical path in module 'poly_lift' consists of the following:
	'add' operation of DSP[37] ('tmp_10', poly.c:122) [33]  (0 ns)
	'mul' operation of DSP[37] ('tmp_11', poly.c:122) [35]  (2.82 ns)
	'add' operation of DSP[37] ('tmp_12', poly.c:122) [37]  (3.53 ns)
	'store' operation (poly.c:122) of variable 'tmp_12', poly.c:122 on array 'r.coeffs', poly.c:103 [38]  (2.77 ns)
INFO: [SCHED 204-11] Finished scheduling.
INFO: [HLS 200-111]  Elapsed time: 0.27 seconds; current allocated memory: 230.504 MB.
INFO: [BIND 205-100] Starting micro-architecture generation ...
INFO: [BIND 205-101] Performing variable lifetime analysis.
INFO: [BIND 205-101] Exploring resource sharing.
INFO: [BIND 205-101] Binding ...
INFO: [BIND 205-100] Finished micro-architecture generation.
INFO: [HLS 200-111]  Elapsed time: 0.23 seconds; current allocated memory: 231.200 MB.
INFO: [HLS 200-10] ----------------------------------------------------------------
INFO: [HLS 200-42] -- Implementing module 'poly_Sq_frombytes_1' 
INFO: [HLS 200-10] ----------------------------------------------------------------
INFO: [SCHED 204-11] Starting scheduling ...
INFO: [SCHED 204-11] Finished scheduling.
INFO: [HLS 200-111]  Elapsed time: 0.41 seconds; current allocated memory: 231.760 MB.
INFO: [BIND 205-100] Starting micro-architecture generation ...
INFO: [BIND 205-101] Performing variable lifetime analysis.
INFO: [BIND 205-101] Exploring resource sharing.
INFO: [BIND 205-101] Binding ...
INFO: [BIND 205-100] Finished micro-architecture generation.
INFO: [HLS 200-111]  Elapsed time: 0.19 seconds; current allocated memory: 232.428 MB.
INFO: [HLS 200-10] ----------------------------------------------------------------
INFO: [HLS 200-42] -- Implementing module 'owcpa_dec' 
INFO: [HLS 200-10] ----------------------------------------------------------------
INFO: [SCHED 204-11] Starting scheduling ...
INFO: [SCHED 204-11] Finished scheduling.
INFO: [HLS 200-111]  Elapsed time: 0.31 seconds; current allocated memory: 232.874 MB.
INFO: [BIND 205-100] Starting micro-architecture generation ...
INFO: [BIND 205-101] Performing variable lifetime analysis.
INFO: [BIND 205-101] Exploring resource sharing.
INFO: [BIND 205-101] Binding ...
INFO: [BIND 205-100] Finished micro-architecture generation.
INFO: [HLS 200-111]  Elapsed time: 1.47 seconds; current allocated memory: 233.770 MB.
INFO: [HLS 200-10] ----------------------------------------------------------------
INFO: [HLS 200-42] -- Implementing module 'KeccakF1600_StatePer' 
INFO: [HLS 200-10] ----------------------------------------------------------------
INFO: [SCHED 204-11] Starting scheduling ...
INFO: [SCHED 204-11] Finished scheduling.
INFO: [HLS 200-111]  Elapsed time: 1.18 seconds; current allocated memory: 235.356 MB.
INFO: [BIND 205-100] Starting micro-architecture generation ...
INFO: [BIND 205-101] Performing variable lifetime analysis.
INFO: [BIND 205-101] Exploring resource sharing.
INFO: [BIND 205-101] Binding ...
INFO: [BIND 205-100] Finished micro-architecture generation.
INFO: [HLS 200-111]  Elapsed time: 0.59 seconds; current allocated memory: 237.314 MB.
INFO: [HLS 200-10] ----------------------------------------------------------------
INFO: [HLS 200-42] -- Implementing module 'keccak_absorb' 
INFO: [HLS 200-10] ----------------------------------------------------------------
INFO: [SCHED 204-11] Starting scheduling ...
INFO: [SCHED 204-11] Finished scheduling.
INFO: [HLS 200-111]  Elapsed time: 0.9 seconds; current allocated memory: 237.948 MB.
INFO: [BIND 205-100] Starting micro-architecture generation ...
INFO: [BIND 205-101] Performing variable lifetime analysis.
INFO: [BIND 205-101] Exploring resource sharing.
INFO: [BIND 205-101] Binding ...
INFO: [BIND 205-100] Finished micro-architecture generation.
INFO: [HLS 200-111]  Elapsed time: 0.3 seconds; current allocated memory: 238.403 MB.
INFO: [HLS 200-10] ----------------------------------------------------------------
INFO: [HLS 200-42] -- Implementing module 'sha3_256_1' 
INFO: [HLS 200-10] ----------------------------------------------------------------
INFO: [SCHED 204-11] Starting scheduling ...
INFO: [SCHED 204-11] Finished scheduling.
INFO: [HLS 200-111]  Elapsed time: 0.69 seconds; current allocated memory: 238.823 MB.
INFO: [BIND 205-100] Starting micro-architecture generation ...
INFO: [BIND 205-101] Performing variable lifetime analysis.
INFO: [BIND 205-101] Exploring resource sharing.
INFO: [BIND 205-101] Binding ...
INFO: [BIND 205-100] Finished micro-architecture generation.
INFO: [HLS 200-111]  Elapsed time: 0.78 seconds; current allocated memory: 239.309 MB.
INFO: [HLS 200-10] ----------------------------------------------------------------
INFO: [HLS 200-42] -- Implementing module 'keccak_absorb_1' 
INFO: [HLS 200-10] ----------------------------------------------------------------
INFO: [SCHED 204-11] Starting scheduling ...
INFO: [SCHED 204-11] Finished scheduling.
INFO: [HLS 200-111]  Elapsed time: 1.23 seconds; current allocated memory: 240.153 MB.
INFO: [BIND 205-100] Starting micro-architecture generation ...
INFO: [BIND 205-101] Performing variable lifetime analysis.
INFO: [BIND 205-101] Exploring resource sharing.
INFO: [BIND 205-101] Binding ...
INFO: [BIND 205-100] Finished micro-architecture generation.
INFO: [HLS 200-111]  Elapsed time: 0.32 seconds; current allocated memory: 240.633 MB.
INFO: [HLS 200-10] ----------------------------------------------------------------
INFO: [HLS 200-42] -- Implementing module 'sha3_256' 
INFO: [HLS 200-10] ----------------------------------------------------------------
INFO: [SCHED 204-11] Starting scheduling ...
INFO: [SCHED 204-11] Finished scheduling.
INFO: [HLS 200-111]  Elapsed time: 0.69 seconds; current allocated memory: 241.118 MB.
INFO: [BIND 205-100] Starting micro-architecture generation ...
INFO: [BIND 205-101] Performing variable lifetime analysis.
INFO: [BIND 205-101] Exploring resource sharing.
INFO: [BIND 205-101] Binding ...
INFO: [BIND 205-100] Finished micro-architecture generation.
INFO: [HLS 200-111]  Elapsed time: 0.83 seconds; current allocated memory: 241.599 MB.
INFO: [HLS 200-10] ----------------------------------------------------------------
INFO: [HLS 200-42] -- Implementing module 'crypto_kem_dec' 
INFO: [HLS 200-10] ----------------------------------------------------------------
INFO: [SCHED 204-11] Starting scheduling ...
INFO: [SCHED 204-11] Finished scheduling.
INFO: [HLS 200-111]  Elapsed time: 1.22 seconds; current allocated memory: 242.267 MB.
INFO: [BIND 205-100] Starting micro-architecture generation ...
INFO: [BIND 205-101] Performing variable lifetime analysis.
INFO: [BIND 205-101] Exploring resource sharing.
INFO: [BIND 205-101] Binding ...
INFO: [BIND 205-100] Finished micro-architecture generation.
INFO: [HLS 200-111]  Elapsed time: 3.02 seconds; current allocated memory: 243.689 MB.
INFO: [HLS 200-10] ----------------------------------------------------------------
INFO: [HLS 200-10] -- Generating RTL for module 'poly_Sq_frombytes' 
INFO: [HLS 200-10] ----------------------------------------------------------------
INFO: [RTGEN 206-100] Finished creating RTL model for 'poly_Sq_frombytes'.
INFO: [HLS 200-111]  Elapsed time: 3.01 seconds; current allocated memory: 245.926 MB.
INFO: [HLS 200-10] ----------------------------------------------------------------
INFO: [HLS 200-10] -- Generating RTL for module 'mod3' 
INFO: [HLS 200-10] ----------------------------------------------------------------
INFO: [RTGEN 206-100] Finished creating RTL model for 'mod3'.
INFO: [HLS 200-111]  Elapsed time: 0.44 seconds; current allocated memory: 248.834 MB.
INFO: [HLS 200-10] ----------------------------------------------------------------
INFO: [HLS 200-10] -- Generating RTL for module 'poly_S3_frombytes' 
INFO: [HLS 200-10] ----------------------------------------------------------------
INFO: [RTGEN 206-100] Finished creating RTL model for 'poly_S3_frombytes'.
INFO: [HLS 200-111]  Elapsed time: 0.15 seconds; current allocated memory: 249.719 MB.
INFO: [HLS 200-10] ----------------------------------------------------------------
INFO: [HLS 200-10] -- Generating RTL for module 'poly_Rq_mul' 
INFO: [HLS 200-10] ----------------------------------------------------------------
INFO: [RTGEN 206-100] Generating core module 'crypto_kem_dec_mac_muladd_16s_16s_16ns_16_1_1': 2 instance(s).
INFO: [RTGEN 206-100] Finished creating RTL model for 'poly_Rq_mul'.
INFO: [HLS 200-111]  Elapsed time: 0.29 seconds; current allocated memory: 251.179 MB.
INFO: [HLS 200-10] ----------------------------------------------------------------
INFO: [HLS 200-10] -- Generating RTL for module 'poly_Rq_to_S3' 
INFO: [HLS 200-10] ----------------------------------------------------------------
INFO: [RTGEN 206-100] Finished creating RTL model for 'poly_Rq_to_S3'.
INFO: [HLS 200-111]  Elapsed time: 0.25 seconds; current allocated memory: 252.839 MB.
INFO: [HLS 200-10] ----------------------------------------------------------------
INFO: [HLS 200-10] -- Generating RTL for module 'poly_S3_mul' 
INFO: [HLS 200-10] ----------------------------------------------------------------
INFO: [RTGEN 206-100] Generating core module 'crypto_kem_dec_mac_muladd_16s_16s_16ns_16_1_1': 2 instance(s).
INFO: [RTGEN 206-100] Finished creating RTL model for 'poly_S3_mul'.
INFO: [HLS 200-111]  Elapsed time: 0.47 seconds; current allocated memory: 255.408 MB.
INFO: [HLS 200-10] ----------------------------------------------------------------
INFO: [HLS 200-10] -- Generating RTL for module 'poly_S3_tobytes' 
INFO: [HLS 200-10] ----------------------------------------------------------------
INFO: [RTGEN 206-100] Finished creating RTL model for 'poly_S3_tobytes'.
INFO: [HLS 200-111]  Elapsed time: 0.46 seconds; current allocated memory: 257.584 MB.
INFO: [HLS 200-10] ----------------------------------------------------------------
INFO: [HLS 200-10] -- Generating RTL for module 'poly_lift' 
INFO: [HLS 200-10] ----------------------------------------------------------------
INFO: [RTGEN 206-100] Generating core module 'crypto_kem_dec_ama_addmuladd_2ns_3ns_16s_16ns_16_1_1': 1 instance(s).
INFO: [RTGEN 206-100] Generating core module 'crypto_kem_dec_mac_muladd_16s_2ns_16ns_16_1_1': 2 instance(s).
INFO: [RTGEN 206-100] Generating core module 'crypto_kem_dec_mac_muladd_2ns_16s_16ns_16_1_1': 2 instance(s).
INFO: [RTGEN 206-100] Finished creating RTL model for 'poly_lift'.
INFO: [HLS 200-111]  Elapsed time: 0.32 seconds; current allocated memory: 259.574 MB.
INFO: [HLS 200-10] ----------------------------------------------------------------
==============================================================
File generated on Sun Aug 23 20:13:58 EDT 2020
Vivado(TM) HLS - High-Level Synthesis from C, C++ and SystemC v2018.3 (64-bit)
SW Build 2405991 on Thu Dec  6 23:36:41 MST 2018
IP Build 2404404 on Fri Dec  7 01:43:56 MST 2018
Copyright 1986-2018 Xilinx, Inc. All Rights Reserved.
==============================================================
