

================================================================
== Vivado HLS Report for 'owcpa_enc'
================================================================
* Date:           Sun Aug 23 21:46:24 2020

* Version:        2018.3 (Build 2405991 on Thu Dec 06 23:56:15 MST 2018)
* Project:        ntru01
* Solution:       enc
* Product family: artix7
* Target device:  xc7a200tfbg676-2


================================================================
== Performance Estimates
================================================================
+ Timing (ns): 
    * Summary: 
    +--------+-------+----------+------------+
    |  Clock | Target| Estimated| Uncertainty|
    +--------+-------+----------+------------+
    |ap_clk  |  10.00|     9.122|        1.25|
    +--------+-------+----------+------------+

+ Latency (clock cycles): 
    * Summary: 
    +-------+---------+-------+---------+---------+
    |     Latency     |     Interval    | Pipeline|
    |  min  |   max   |  min  |   max   |   Type  |
    +-------+---------+-------+---------+---------+
    |  24200|  2968400|  24200|  2968400|   none  |
    +-------+---------+-------+---------+---------+

    + Detail: 
        * Instance: 
        +------------------------------+-------------------+-------+---------+-------+---------+---------+
        |                              |                   |     Latency     |     Interval    | Pipeline|
        |           Instance           |       Module      |  min  |   max   |  min  |   max   |   Type  |
        +------------------------------+-------------------+-------+---------+-------+---------+---------+
        |grp_poly_lift_fu_164          |poly_lift          |  10499|    10499|  10499|    10499|   none  |
        |grp_poly_Sq_frombytes_fu_170  |poly_Sq_frombytes  |    701|      701|    701|      701|   none  |
        |grp_poly_Sq_tobytes_fu_178    |poly_Sq_tobytes    |   2194|     2194|   2194|     2194|   none  |
        |grp_poly_S3_frombytes_fu_185  |poly_S3_frombytes  |    841|      841|    841|      841|   none  |
        |grp_poly_Rq_mul_fu_195        |poly_Rq_mul        |   4908|  2949108|   4908|  2949108|   none  |
        +------------------------------+-------------------+-------+---------+-------+---------+---------+

        * Loop: 
        +----------+------+------+----------+-----------+-----------+------+----------+
        |          |   Latency   | Iteration|  Initiation Interval  | Trip |          |
        | Loop Name|  min |  max |  Latency |  achieved |   target  | Count| Pipelined|
        +----------+------+------+----------+-----------+-----------+------+----------+
        |- Loop 1  |  1400|  1400|         2|          -|          -|   700|    no    |
        |- Loop 2  |  1402|  1402|         2|          -|          -|   701|    no    |
        |- Loop 3  |  1402|  1402|         2|          -|          -|   701|    no    |
        +----------+------+------+----------+-----------+-----------+------+----------+

============================================================
+ Verbose Summary: Synthesis Manager
============================================================
InlineROM: 1
ExposeGlobal: 1
============================================================
+ Verbose Summary: CDFG Model
============================================================
IsTopModel: 0
ResetActiveHigh: 1
IsCombinational: 0
IsDatapathOnly: 0
HasWiredReturn: 1
HasMFsm: 0
HasVarLatency: 1
IsPipeline: 0
IsRtlPipelined: 0
IsInstanceOverlapped: 0
IsDontTouch: 0
HasImplIP: 0
IsGatedGlobalClock: 0


============================================================
+ Verbose Summary: Schedule
============================================================
* Number of FSM states : 16
* Pipeline : 0
* Dataflow Pipeline: 0

* FSM state transitions: 
1 --> 
	2  / true
2 --> 
	3  / true
3 --> 
	4  / true
4 --> 
	5  / (!exitcond_i)
	6  / (exitcond_i)
5 --> 
	4  / true
6 --> 
	7  / true
7 --> 
	8  / (!exitcond_i5)
	9  / (exitcond_i5)
8 --> 
	7  / true
9 --> 
	10  / true
10 --> 
	11  / true
11 --> 
	12  / true
12 --> 
	13  / true
13 --> 
	14  / true
14 --> 
	15  / (!exitcond)
	16  / (exitcond)
15 --> 
	14  / true
16 --> 

* FSM state operations: 

State 1 <SV = 0> <Delay = 2.77>
ST_1 : Operation 17 [1/1] (2.77ns)   --->   "%x1_coeffs = alloca [701 x i16], align 2" [owcpa.c:111]   --->   Operation 17 'alloca' 'x1_coeffs' <Predicate = true> <Delay = 2.77> <Core = "RAM">   --->   Core 37 'RAM' <Latency = 1> <II = 1> <Delay = 2.77> <Storage> <Opcode : 'load' 'store'> <Ports = 2> <Width = 16> <Depth = 701> <RAM>
ST_1 : Operation 18 [1/1] (2.77ns)   --->   "%x2_coeffs = alloca [701 x i16], align 2" [owcpa.c:111]   --->   Operation 18 'alloca' 'x2_coeffs' <Predicate = true> <Delay = 2.77> <Core = "RAM">   --->   Core 37 'RAM' <Latency = 1> <II = 1> <Delay = 2.77> <Storage> <Opcode : 'load' 'store'> <Ports = 2> <Width = 16> <Depth = 701> <RAM>
ST_1 : Operation 19 [1/1] (2.77ns)   --->   "%x3_coeffs = alloca [701 x i16], align 2" [owcpa.c:111]   --->   Operation 19 'alloca' 'x3_coeffs' <Predicate = true> <Delay = 2.77> <Core = "RAM">   --->   Core 37 'RAM' <Latency = 1> <II = 1> <Delay = 2.77> <Storage> <Opcode : 'load' 'store'> <Ports = 2> <Width = 16> <Depth = 701> <RAM>
ST_1 : Operation 20 [2/2] (0.00ns)   --->   "call fastcc void @poly_Sq_frombytes([701 x i16]* %x1_coeffs, [1138 x i8]* %pk)" [packq.c:91->owcpa.c:116]   --->   Operation 20 'call' <Predicate = true> <Delay = 0.00> <CoreType = "Generic">   --->   Core 0 '' <Latency = 0> <II = 1> <Delay = 1.00> <Generic> <Opcode : >

State 2 <SV = 1> <Delay = 0.00>
ST_2 : Operation 21 [1/2] (0.00ns)   --->   "call fastcc void @poly_Sq_frombytes([701 x i16]* %x1_coeffs, [1138 x i8]* %pk)" [packq.c:91->owcpa.c:116]   --->   Operation 21 'call' <Predicate = true> <Delay = 0.00> <CoreType = "Generic">   --->   Core 0 '' <Latency = 0> <II = 1> <Delay = 1.00> <Generic> <Opcode : >

State 3 <SV = 2> <Delay = 2.77>
ST_3 : Operation 22 [1/1] (0.00ns)   --->   "%liftm_coeffs_addr = getelementptr [701 x i16]* %x1_coeffs, i64 0, i64 700" [packq.c:94->owcpa.c:116]   --->   Operation 22 'getelementptr' 'liftm_coeffs_addr' <Predicate = true> <Delay = 0.00>
ST_3 : Operation 23 [1/1] (2.77ns)   --->   "store i16 0, i16* %liftm_coeffs_addr, align 2" [packq.c:94->owcpa.c:116]   --->   Operation 23 'store' <Predicate = true> <Delay = 2.77> <Core = "RAM">   --->   Core 37 'RAM' <Latency = 1> <II = 1> <Delay = 2.77> <Storage> <Opcode : 'load' 'store'> <Ports = 2> <Width = 16> <Depth = 701> <RAM>
ST_3 : Operation 24 [1/1] (1.35ns)   --->   "br label %1" [packq.c:95->owcpa.c:116]   --->   Operation 24 'br' <Predicate = true> <Delay = 1.35>

State 4 <SV = 3> <Delay = 4.56>
ST_4 : Operation 25 [1/1] (0.00ns)   --->   "%tmp_i = phi i13 [ 0, %0 ], [ %phitmp, %2 ]" [packq.c:99->owcpa.c:116]   --->   Operation 25 'phi' 'tmp_i' <Predicate = true> <Delay = 0.00>
ST_4 : Operation 26 [1/1] (0.00ns)   --->   "%i_i = phi i10 [ 0, %0 ], [ %i_13, %2 ]"   --->   Operation 26 'phi' 'i_i' <Predicate = true> <Delay = 0.00>
ST_4 : Operation 27 [1/1] (1.43ns)   --->   "%exitcond_i = icmp eq i10 %i_i, -324" [packq.c:95->owcpa.c:116]   --->   Operation 27 'icmp' 'exitcond_i' <Predicate = true> <Delay = 1.43> <Core = "Cmp">   --->   Core 25 'Cmp' <Latency = 0> <II = 1> <Delay = 1.43> <FuncUnit> <Opcode : 'icmp'> <InPorts = 2> <OutPorts = 1>
ST_4 : Operation 28 [1/1] (0.00ns)   --->   "%empty = call i32 (...)* @_ssdm_op_SpecLoopTripCount(i64 700, i64 700, i64 700)"   --->   Operation 28 'speclooptripcount' 'empty' <Predicate = true> <Delay = 0.00>
ST_4 : Operation 29 [1/1] (1.74ns)   --->   "%i_13 = add i10 %i_i, 1" [packq.c:95->owcpa.c:116]   --->   Operation 29 'add' 'i_13' <Predicate = true> <Delay = 1.74> <Core = "AddSub">   --->   Core 14 'AddSub' <Latency = 0> <II = 1> <Delay = 1.79> <FuncUnit> <Opcode : 'add' 'sub'> <InPorts = 2> <OutPorts = 1>
ST_4 : Operation 30 [1/1] (0.00ns)   --->   "br i1 %exitcond_i, label %poly_Rq_sum_zero_frombytes.exit, label %2" [packq.c:95->owcpa.c:116]   --->   Operation 30 'br' <Predicate = true> <Delay = 0.00>
ST_4 : Operation 31 [1/1] (0.00ns)   --->   "%tmp_287_i = zext i10 %i_i to i64" [packq.c:97->owcpa.c:116]   --->   Operation 31 'zext' 'tmp_287_i' <Predicate = (!exitcond_i)> <Delay = 0.00>
ST_4 : Operation 32 [1/1] (0.00ns)   --->   "%liftm_coeffs_addr_1 = getelementptr [701 x i16]* %x1_coeffs, i64 0, i64 %tmp_287_i" [packq.c:97->owcpa.c:116]   --->   Operation 32 'getelementptr' 'liftm_coeffs_addr_1' <Predicate = (!exitcond_i)> <Delay = 0.00>
ST_4 : Operation 33 [2/2] (2.77ns)   --->   "%liftm_coeffs_load = load i16* %liftm_coeffs_addr_1, align 2" [packq.c:97->owcpa.c:116]   --->   Operation 33 'load' 'liftm_coeffs_load' <Predicate = (!exitcond_i)> <Delay = 2.77> <Core = "RAM">   --->   Core 37 'RAM' <Latency = 1> <II = 1> <Delay = 2.77> <Storage> <Opcode : 'load' 'store'> <Ports = 2> <Width = 16> <Depth = 701> <RAM>
ST_4 : Operation 34 [2/2] (2.77ns)   --->   "%liftm_coeffs_load_1 = load i16* %liftm_coeffs_addr, align 2" [packq.c:97->owcpa.c:116]   --->   Operation 34 'load' 'liftm_coeffs_load_1' <Predicate = (!exitcond_i)> <Delay = 2.77> <Core = "RAM">   --->   Core 37 'RAM' <Latency = 1> <II = 1> <Delay = 2.77> <Storage> <Opcode : 'load' 'store'> <Ports = 2> <Width = 16> <Depth = 701> <RAM>
ST_4 : Operation 35 [1/1] (1.79ns)   --->   "%tmp_i_cast = sub i13 0, %tmp_i" [packq.c:99->owcpa.c:116]   --->   Operation 35 'sub' 'tmp_i_cast' <Predicate = (exitcond_i)> <Delay = 1.79> <Core = "AddSub">   --->   Core 14 'AddSub' <Latency = 0> <II = 1> <Delay = 1.79> <FuncUnit> <Opcode : 'add' 'sub'> <InPorts = 2> <OutPorts = 1>
ST_4 : Operation 36 [1/1] (0.00ns)   --->   "%tmp_286_i_cast = zext i13 %tmp_i_cast to i16" [packq.c:99->owcpa.c:116]   --->   Operation 36 'zext' 'tmp_286_i_cast' <Predicate = (exitcond_i)> <Delay = 0.00>
ST_4 : Operation 37 [1/1] (2.77ns)   --->   "store i16 %tmp_286_i_cast, i16* %liftm_coeffs_addr, align 2" [packq.c:99->owcpa.c:116]   --->   Operation 37 'store' <Predicate = (exitcond_i)> <Delay = 2.77> <Core = "RAM">   --->   Core 37 'RAM' <Latency = 1> <II = 1> <Delay = 2.77> <Storage> <Opcode : 'load' 'store'> <Ports = 2> <Width = 16> <Depth = 701> <RAM>
ST_4 : Operation 38 [2/2] (1.35ns)   --->   "call fastcc void @poly_S3_frombytes([701 x i16]* %x2_coeffs, [280 x i8]* %rm, i10 0)" [owcpa.c:118]   --->   Operation 38 'call' <Predicate = (exitcond_i)> <Delay = 1.35> <CoreType = "Generic">   --->   Core 0 '' <Latency = 0> <II = 1> <Delay = 1.00> <Generic> <Opcode : >

State 5 <SV = 4> <Delay = 7.38>
ST_5 : Operation 39 [1/2] (2.77ns)   --->   "%liftm_coeffs_load = load i16* %liftm_coeffs_addr_1, align 2" [packq.c:97->owcpa.c:116]   --->   Operation 39 'load' 'liftm_coeffs_load' <Predicate = true> <Delay = 2.77> <Core = "RAM">   --->   Core 37 'RAM' <Latency = 1> <II = 1> <Delay = 2.77> <Storage> <Opcode : 'load' 'store'> <Ports = 2> <Width = 16> <Depth = 701> <RAM>
ST_5 : Operation 40 [1/2] (2.77ns)   --->   "%liftm_coeffs_load_1 = load i16* %liftm_coeffs_addr, align 2" [packq.c:97->owcpa.c:116]   --->   Operation 40 'load' 'liftm_coeffs_load_1' <Predicate = true> <Delay = 2.77> <Core = "RAM">   --->   Core 37 'RAM' <Latency = 1> <II = 1> <Delay = 2.77> <Storage> <Opcode : 'load' 'store'> <Ports = 2> <Width = 16> <Depth = 701> <RAM>
ST_5 : Operation 41 [1/1] (0.00ns)   --->   "%tmp_239 = trunc i16 %liftm_coeffs_load_1 to i13" [packq.c:97->owcpa.c:116]   --->   Operation 41 'trunc' 'tmp_239' <Predicate = true> <Delay = 0.00>
ST_5 : Operation 42 [1/1] (0.00ns)   --->   "%tmp_240 = trunc i16 %liftm_coeffs_load to i13" [packq.c:97->owcpa.c:116]   --->   Operation 42 'trunc' 'tmp_240' <Predicate = true> <Delay = 0.00>
ST_5 : Operation 43 [1/1] (1.84ns)   --->   "%tmp_288_i = add i16 %liftm_coeffs_load_1, %liftm_coeffs_load" [packq.c:97->owcpa.c:116]   --->   Operation 43 'add' 'tmp_288_i' <Predicate = true> <Delay = 1.84> <Core = "AddSub">   --->   Core 14 'AddSub' <Latency = 0> <II = 1> <Delay = 1.79> <FuncUnit> <Opcode : 'add' 'sub'> <InPorts = 2> <OutPorts = 1>
ST_5 : Operation 44 [1/1] (2.77ns)   --->   "store i16 %tmp_288_i, i16* %liftm_coeffs_addr, align 2" [packq.c:97->owcpa.c:116]   --->   Operation 44 'store' <Predicate = true> <Delay = 2.77> <Core = "RAM">   --->   Core 37 'RAM' <Latency = 1> <II = 1> <Delay = 2.77> <Storage> <Opcode : 'load' 'store'> <Ports = 2> <Width = 16> <Depth = 701> <RAM>
ST_5 : Operation 45 [1/1] (1.79ns)   --->   "%phitmp = add i13 %tmp_240, %tmp_239" [packq.c:95->owcpa.c:116]   --->   Operation 45 'add' 'phitmp' <Predicate = true> <Delay = 1.79> <Core = "AddSub">   --->   Core 14 'AddSub' <Latency = 0> <II = 1> <Delay = 1.79> <FuncUnit> <Opcode : 'add' 'sub'> <InPorts = 2> <OutPorts = 1>
ST_5 : Operation 46 [1/1] (0.00ns)   --->   "br label %1" [packq.c:95->owcpa.c:116]   --->   Operation 46 'br' <Predicate = true> <Delay = 0.00>

State 6 <SV = 4> <Delay = 1.35>
ST_6 : Operation 47 [1/2] (0.00ns)   --->   "call fastcc void @poly_S3_frombytes([701 x i16]* %x2_coeffs, [280 x i8]* %rm, i10 0)" [owcpa.c:118]   --->   Operation 47 'call' <Predicate = true> <Delay = 0.00> <CoreType = "Generic">   --->   Core 0 '' <Latency = 0> <II = 1> <Delay = 1.00> <Generic> <Opcode : >
ST_6 : Operation 48 [1/1] (1.35ns)   --->   "br label %3" [poly.c:25->owcpa.c:119]   --->   Operation 48 'br' <Predicate = true> <Delay = 1.35>

State 7 <SV = 5> <Delay = 2.77>
ST_7 : Operation 49 [1/1] (0.00ns)   --->   "%i_i4 = phi i10 [ 0, %poly_Rq_sum_zero_frombytes.exit ], [ %i_14, %4 ]"   --->   Operation 49 'phi' 'i_i4' <Predicate = true> <Delay = 0.00>
ST_7 : Operation 50 [1/1] (1.43ns)   --->   "%exitcond_i5 = icmp eq i10 %i_i4, -323" [poly.c:25->owcpa.c:119]   --->   Operation 50 'icmp' 'exitcond_i5' <Predicate = true> <Delay = 1.43> <Core = "Cmp">   --->   Core 25 'Cmp' <Latency = 0> <II = 1> <Delay = 1.43> <FuncUnit> <Opcode : 'icmp'> <InPorts = 2> <OutPorts = 1>
ST_7 : Operation 51 [1/1] (0.00ns)   --->   "%empty_36 = call i32 (...)* @_ssdm_op_SpecLoopTripCount(i64 701, i64 701, i64 701) nounwind"   --->   Operation 51 'speclooptripcount' 'empty_36' <Predicate = true> <Delay = 0.00>
ST_7 : Operation 52 [1/1] (1.74ns)   --->   "%i_14 = add i10 %i_i4, 1" [poly.c:25->owcpa.c:119]   --->   Operation 52 'add' 'i_14' <Predicate = true> <Delay = 1.74> <Core = "AddSub">   --->   Core 14 'AddSub' <Latency = 0> <II = 1> <Delay = 1.79> <FuncUnit> <Opcode : 'add' 'sub'> <InPorts = 2> <OutPorts = 1>
ST_7 : Operation 53 [1/1] (0.00ns)   --->   "br i1 %exitcond_i5, label %poly_Z3_to_Zq.exit, label %4" [poly.c:25->owcpa.c:119]   --->   Operation 53 'br' <Predicate = true> <Delay = 0.00>
ST_7 : Operation 54 [1/1] (0.00ns)   --->   "%tmp_i6 = zext i10 %i_i4 to i64" [poly.c:26->owcpa.c:119]   --->   Operation 54 'zext' 'tmp_i6' <Predicate = (!exitcond_i5)> <Delay = 0.00>
ST_7 : Operation 55 [1/1] (0.00ns)   --->   "%m_coeffs_addr = getelementptr [701 x i16]* %x2_coeffs, i64 0, i64 %tmp_i6" [poly.c:26->owcpa.c:119]   --->   Operation 55 'getelementptr' 'm_coeffs_addr' <Predicate = (!exitcond_i5)> <Delay = 0.00>
ST_7 : Operation 56 [2/2] (2.77ns)   --->   "%m_coeffs_load = load i16* %m_coeffs_addr, align 2" [poly.c:26->owcpa.c:119]   --->   Operation 56 'load' 'm_coeffs_load' <Predicate = (!exitcond_i5)> <Delay = 2.77> <Core = "RAM">   --->   Core 37 'RAM' <Latency = 1> <II = 1> <Delay = 2.77> <Storage> <Opcode : 'load' 'store'> <Ports = 2> <Width = 16> <Depth = 701> <RAM>
ST_7 : Operation 57 [2/2] (0.00ns)   --->   "call fastcc void @poly_Rq_mul([701 x i16]* %x3_coeffs, [701 x i16]* %x2_coeffs, [701 x i16]* %x1_coeffs) nounwind" [owcpa.c:121]   --->   Operation 57 'call' <Predicate = (exitcond_i5)> <Delay = 0.00> <CoreType = "Generic">   --->   Core 0 '' <Latency = 0> <II = 1> <Delay = 1.00> <Generic> <Opcode : >

State 8 <SV = 6> <Delay = 8.14>
ST_8 : Operation 58 [1/2] (2.77ns)   --->   "%m_coeffs_load = load i16* %m_coeffs_addr, align 2" [poly.c:26->owcpa.c:119]   --->   Operation 58 'load' 'm_coeffs_load' <Predicate = true> <Delay = 2.77> <Core = "RAM">   --->   Core 37 'RAM' <Latency = 1> <II = 1> <Delay = 2.77> <Storage> <Opcode : 'load' 'store'> <Ports = 2> <Width = 16> <Depth = 701> <RAM>
ST_8 : Operation 59 [1/1] (0.00ns)   --->   "%tmp_87 = call i13 @_ssdm_op_PartSelect.i13.i16.i32.i32(i16 %m_coeffs_load, i32 1, i32 13)" [poly.c:26->owcpa.c:119]   --->   Operation 59 'partselect' 'tmp_87' <Predicate = true> <Delay = 0.00>
ST_8 : Operation 60 [1/1] (1.79ns)   --->   "%tmp_49_i_cast = sub i13 0, %tmp_87" [poly.c:26->owcpa.c:119]   --->   Operation 60 'sub' 'tmp_49_i_cast' <Predicate = true> <Delay = 1.79> <Core = "AddSub">   --->   Core 14 'AddSub' <Latency = 0> <II = 1> <Delay = 1.79> <FuncUnit> <Opcode : 'add' 'sub'> <InPorts = 2> <OutPorts = 1>
ST_8 : Operation 61 [1/1] (0.00ns)   --->   "%tmp_241 = trunc i16 %m_coeffs_load to i13" [poly.c:26->owcpa.c:119]   --->   Operation 61 'trunc' 'tmp_241' <Predicate = true> <Delay = 0.00>
ST_8 : Operation 62 [1/1] (0.80ns)   --->   "%tmp_89 = or i13 %tmp_241, %tmp_49_i_cast" [poly.c:26->owcpa.c:119]   --->   Operation 62 'or' 'tmp_89' <Predicate = true> <Delay = 0.80> <Core = "LogicGate">   --->   Core 27 'LogicGate' <Latency = 0> <II = 1> <Delay = 0.80> <FuncUnit> <Opcode : 'and' 'or' 'xor'> <InPorts = 2> <OutPorts = 1>
ST_8 : Operation 63 [1/1] (0.00ns)   --->   "%tmp_90 = call i3 @_ssdm_op_PartSelect.i3.i16.i32.i32(i16 %m_coeffs_load, i32 13, i32 15)" [poly.c:26->owcpa.c:119]   --->   Operation 63 'partselect' 'tmp_90' <Predicate = true> <Delay = 0.00>
ST_8 : Operation 64 [1/1] (0.00ns)   --->   "%tmp_51_i = call i16 @_ssdm_op_BitConcatenate.i16.i3.i13(i3 %tmp_90, i13 %tmp_89)" [poly.c:26->owcpa.c:119]   --->   Operation 64 'bitconcatenate' 'tmp_51_i' <Predicate = true> <Delay = 0.00>
ST_8 : Operation 65 [1/1] (2.77ns)   --->   "store i16 %tmp_51_i, i16* %m_coeffs_addr, align 2" [poly.c:26->owcpa.c:119]   --->   Operation 65 'store' <Predicate = true> <Delay = 2.77> <Core = "RAM">   --->   Core 37 'RAM' <Latency = 1> <II = 1> <Delay = 2.77> <Storage> <Opcode : 'load' 'store'> <Ports = 2> <Width = 16> <Depth = 701> <RAM>
ST_8 : Operation 66 [1/1] (0.00ns)   --->   "br label %3" [poly.c:25->owcpa.c:119]   --->   Operation 66 'br' <Predicate = true> <Delay = 0.00>

State 9 <SV = 6> <Delay = 0.00>
ST_9 : Operation 67 [1/2] (0.00ns)   --->   "call fastcc void @poly_Rq_mul([701 x i16]* %x3_coeffs, [701 x i16]* %x2_coeffs, [701 x i16]* %x1_coeffs) nounwind" [owcpa.c:121]   --->   Operation 67 'call' <Predicate = true> <Delay = 0.00> <CoreType = "Generic">   --->   Core 0 '' <Latency = 0> <II = 1> <Delay = 1.00> <Generic> <Opcode : >

State 10 <SV = 7> <Delay = 1.35>
ST_10 : Operation 68 [2/2] (1.35ns)   --->   "call fastcc void @poly_S3_frombytes([701 x i16]* %x2_coeffs, [280 x i8]* %rm, i10 140)" [owcpa.c:123]   --->   Operation 68 'call' <Predicate = true> <Delay = 1.35> <CoreType = "Generic">   --->   Core 0 '' <Latency = 0> <II = 1> <Delay = 1.00> <Generic> <Opcode : >

State 11 <SV = 8> <Delay = 0.00>
ST_11 : Operation 69 [1/2] (0.00ns)   --->   "call fastcc void @poly_S3_frombytes([701 x i16]* %x2_coeffs, [280 x i8]* %rm, i10 140)" [owcpa.c:123]   --->   Operation 69 'call' <Predicate = true> <Delay = 0.00> <CoreType = "Generic">   --->   Core 0 '' <Latency = 0> <II = 1> <Delay = 1.00> <Generic> <Opcode : >

State 12 <SV = 9> <Delay = 0.00>
ST_12 : Operation 70 [2/2] (0.00ns)   --->   "call fastcc void @poly_lift([701 x i16]* %x1_coeffs, [701 x i16]* %x2_coeffs) nounwind" [owcpa.c:124]   --->   Operation 70 'call' <Predicate = true> <Delay = 0.00> <CoreType = "Generic">   --->   Core 0 '' <Latency = 0> <II = 1> <Delay = 1.00> <Generic> <Opcode : >

State 13 <SV = 10> <Delay = 1.35>
ST_13 : Operation 71 [1/2] (0.00ns)   --->   "call fastcc void @poly_lift([701 x i16]* %x1_coeffs, [701 x i16]* %x2_coeffs) nounwind" [owcpa.c:124]   --->   Operation 71 'call' <Predicate = true> <Delay = 0.00> <CoreType = "Generic">   --->   Core 0 '' <Latency = 0> <II = 1> <Delay = 1.00> <Generic> <Opcode : >
ST_13 : Operation 72 [1/1] (1.35ns)   --->   "br label %5" [owcpa.c:125]   --->   Operation 72 'br' <Predicate = true> <Delay = 1.35>

State 14 <SV = 11> <Delay = 2.77>
ST_14 : Operation 73 [1/1] (0.00ns)   --->   "%i = phi i10 [ 0, %poly_Z3_to_Zq.exit ], [ %i_15, %6 ]"   --->   Operation 73 'phi' 'i' <Predicate = true> <Delay = 0.00>
ST_14 : Operation 74 [1/1] (1.43ns)   --->   "%exitcond = icmp eq i10 %i, -323" [owcpa.c:125]   --->   Operation 74 'icmp' 'exitcond' <Predicate = true> <Delay = 1.43> <Core = "Cmp">   --->   Core 25 'Cmp' <Latency = 0> <II = 1> <Delay = 1.43> <FuncUnit> <Opcode : 'icmp'> <InPorts = 2> <OutPorts = 1>
ST_14 : Operation 75 [1/1] (0.00ns)   --->   "%empty_37 = call i32 (...)* @_ssdm_op_SpecLoopTripCount(i64 701, i64 701, i64 701)"   --->   Operation 75 'speclooptripcount' 'empty_37' <Predicate = true> <Delay = 0.00>
ST_14 : Operation 76 [1/1] (1.74ns)   --->   "%i_15 = add i10 %i, 1" [owcpa.c:125]   --->   Operation 76 'add' 'i_15' <Predicate = true> <Delay = 1.74> <Core = "AddSub">   --->   Core 14 'AddSub' <Latency = 0> <II = 1> <Delay = 1.79> <FuncUnit> <Opcode : 'add' 'sub'> <InPorts = 2> <OutPorts = 1>
ST_14 : Operation 77 [1/1] (0.00ns)   --->   "br i1 %exitcond, label %7, label %6" [owcpa.c:125]   --->   Operation 77 'br' <Predicate = true> <Delay = 0.00>
ST_14 : Operation 78 [1/1] (0.00ns)   --->   "%tmp = zext i10 %i to i64" [owcpa.c:126]   --->   Operation 78 'zext' 'tmp' <Predicate = (!exitcond)> <Delay = 0.00>
ST_14 : Operation 79 [1/1] (0.00ns)   --->   "%ct_coeffs_addr = getelementptr [701 x i16]* %x3_coeffs, i64 0, i64 %tmp" [owcpa.c:126]   --->   Operation 79 'getelementptr' 'ct_coeffs_addr' <Predicate = (!exitcond)> <Delay = 0.00>
ST_14 : Operation 80 [2/2] (2.77ns)   --->   "%ct_coeffs_load = load i16* %ct_coeffs_addr, align 2" [owcpa.c:126]   --->   Operation 80 'load' 'ct_coeffs_load' <Predicate = (!exitcond)> <Delay = 2.77> <Core = "RAM">   --->   Core 37 'RAM' <Latency = 1> <II = 1> <Delay = 2.77> <Storage> <Opcode : 'load' 'store'> <Ports = 2> <Width = 16> <Depth = 701> <RAM>
ST_14 : Operation 81 [1/1] (0.00ns)   --->   "%liftm_coeffs_addr_2 = getelementptr [701 x i16]* %x1_coeffs, i64 0, i64 %tmp" [owcpa.c:126]   --->   Operation 81 'getelementptr' 'liftm_coeffs_addr_2' <Predicate = (!exitcond)> <Delay = 0.00>
ST_14 : Operation 82 [2/2] (2.77ns)   --->   "%liftm_coeffs_load_2 = load i16* %liftm_coeffs_addr_2, align 2" [owcpa.c:126]   --->   Operation 82 'load' 'liftm_coeffs_load_2' <Predicate = (!exitcond)> <Delay = 2.77> <Core = "RAM">   --->   Core 37 'RAM' <Latency = 1> <II = 1> <Delay = 2.77> <Storage> <Opcode : 'load' 'store'> <Ports = 2> <Width = 16> <Depth = 701> <RAM>
ST_14 : Operation 83 [2/2] (0.00ns)   --->   "call fastcc void @poly_Sq_tobytes([1138 x i8]* %c, [701 x i16]* %x3_coeffs)" [packq.c:85->owcpa.c:128]   --->   Operation 83 'call' <Predicate = (exitcond)> <Delay = 0.00> <CoreType = "Generic">   --->   Core 0 '' <Latency = 0> <II = 1> <Delay = 1.00> <Generic> <Opcode : >

State 15 <SV = 12> <Delay = 7.33>
ST_15 : Operation 84 [1/2] (2.77ns)   --->   "%ct_coeffs_load = load i16* %ct_coeffs_addr, align 2" [owcpa.c:126]   --->   Operation 84 'load' 'ct_coeffs_load' <Predicate = true> <Delay = 2.77> <Core = "RAM">   --->   Core 37 'RAM' <Latency = 1> <II = 1> <Delay = 2.77> <Storage> <Opcode : 'load' 'store'> <Ports = 2> <Width = 16> <Depth = 701> <RAM>
ST_15 : Operation 85 [1/2] (2.77ns)   --->   "%liftm_coeffs_load_2 = load i16* %liftm_coeffs_addr_2, align 2" [owcpa.c:126]   --->   Operation 85 'load' 'liftm_coeffs_load_2' <Predicate = true> <Delay = 2.77> <Core = "RAM">   --->   Core 37 'RAM' <Latency = 1> <II = 1> <Delay = 2.77> <Storage> <Opcode : 'load' 'store'> <Ports = 2> <Width = 16> <Depth = 701> <RAM>
ST_15 : Operation 86 [1/1] (0.00ns)   --->   "%tmp_242 = trunc i16 %liftm_coeffs_load_2 to i13" [owcpa.c:126]   --->   Operation 86 'trunc' 'tmp_242' <Predicate = true> <Delay = 0.00>
ST_15 : Operation 87 [1/1] (0.00ns)   --->   "%tmp_243 = trunc i16 %ct_coeffs_load to i13" [owcpa.c:126]   --->   Operation 87 'trunc' 'tmp_243' <Predicate = true> <Delay = 0.00>
ST_15 : Operation 88 [1/1] (1.79ns)   --->   "%tmp_cast = add i13 %tmp_243, %tmp_242" [owcpa.c:126]   --->   Operation 88 'add' 'tmp_cast' <Predicate = true> <Delay = 1.79> <Core = "AddSub">   --->   Core 14 'AddSub' <Latency = 0> <II = 1> <Delay = 1.79> <FuncUnit> <Opcode : 'add' 'sub'> <InPorts = 2> <OutPorts = 1>
ST_15 : Operation 89 [1/1] (0.00ns)   --->   "%tmp_295_cast = zext i13 %tmp_cast to i16" [owcpa.c:126]   --->   Operation 89 'zext' 'tmp_295_cast' <Predicate = true> <Delay = 0.00>
ST_15 : Operation 90 [1/1] (2.77ns)   --->   "store i16 %tmp_295_cast, i16* %ct_coeffs_addr, align 2" [owcpa.c:126]   --->   Operation 90 'store' <Predicate = true> <Delay = 2.77> <Core = "RAM">   --->   Core 37 'RAM' <Latency = 1> <II = 1> <Delay = 2.77> <Storage> <Opcode : 'load' 'store'> <Ports = 2> <Width = 16> <Depth = 701> <RAM>
ST_15 : Operation 91 [1/1] (0.00ns)   --->   "br label %5" [owcpa.c:125]   --->   Operation 91 'br' <Predicate = true> <Delay = 0.00>

State 16 <SV = 12> <Delay = 0.00>
ST_16 : Operation 92 [1/2] (0.00ns)   --->   "call fastcc void @poly_Sq_tobytes([1138 x i8]* %c, [701 x i16]* %x3_coeffs)" [packq.c:85->owcpa.c:128]   --->   Operation 92 'call' <Predicate = true> <Delay = 0.00> <CoreType = "Generic">   --->   Core 0 '' <Latency = 0> <II = 1> <Delay = 1.00> <Generic> <Opcode : >
ST_16 : Operation 93 [1/1] (0.00ns)   --->   "ret void" [owcpa.c:129]   --->   Operation 93 'ret' <Predicate = true> <Delay = 0.00>


============================================================
+ Verbose Summary: Binding
============================================================
STG Binding: 
---------------- STG Properties BEGIN ----------------
- Is combinational: 0
- Is one-state seq: 0
- Is datapath-only: 0
- Is pipelined: 0
- Is top level: 0
Port [ Return ] is wired: 1; IO mode=ap_ctrl_hs:ce=0
Port [ c]:  wired=1; compound=1; hidden=0; nouse=0; global=0; static=0; extern=0; dir=1; type=1; pingpong=0; private_global=0; MemPort=[00]; IO mode=ap_memory:ce=0
Port [ rm]:  wired=1; compound=1; hidden=0; nouse=0; global=0; static=0; extern=0; dir=0; type=1; pingpong=0; private_global=0; MemPort=[13]; IO mode=ap_memory:ce=0
Port [ pk]:  wired=1; compound=1; hidden=0; nouse=0; global=0; static=0; extern=0; dir=0; type=1; pingpong=0; private_global=0; MemPort=[11]; IO mode=ap_memory:ce=0
---------------- STG Properties END ------------------

---------------- Datapath Model BEGIN ----------------

<LifeTime>
<method=bitvector/>
x1_coeffs           (alloca           ) [ 00111111111111110]
x2_coeffs           (alloca           ) [ 00111111111111000]
x3_coeffs           (alloca           ) [ 00111111111111111]
StgValue_21         (call             ) [ 00000000000000000]
liftm_coeffs_addr   (getelementptr    ) [ 00001100000000000]
StgValue_23         (store            ) [ 00000000000000000]
StgValue_24         (br               ) [ 00011100000000000]
tmp_i               (phi              ) [ 00001000000000000]
i_i                 (phi              ) [ 00001000000000000]
exitcond_i          (icmp             ) [ 00001100000000000]
empty               (speclooptripcount) [ 00000000000000000]
i_13                (add              ) [ 00011100000000000]
StgValue_30         (br               ) [ 00000000000000000]
tmp_287_i           (zext             ) [ 00000000000000000]
liftm_coeffs_addr_1 (getelementptr    ) [ 00000100000000000]
tmp_i_cast          (sub              ) [ 00000000000000000]
tmp_286_i_cast      (zext             ) [ 00000000000000000]
StgValue_37         (store            ) [ 00000000000000000]
liftm_coeffs_load   (load             ) [ 00000000000000000]
liftm_coeffs_load_1 (load             ) [ 00000000000000000]
tmp_239             (trunc            ) [ 00000000000000000]
tmp_240             (trunc            ) [ 00000000000000000]
tmp_288_i           (add              ) [ 00000000000000000]
StgValue_44         (store            ) [ 00000000000000000]
phitmp              (add              ) [ 00011100000000000]
StgValue_46         (br               ) [ 00011100000000000]
StgValue_47         (call             ) [ 00000000000000000]
StgValue_48         (br               ) [ 00000011100000000]
i_i4                (phi              ) [ 00000001000000000]
exitcond_i5         (icmp             ) [ 00000001100000000]
empty_36            (speclooptripcount) [ 00000000000000000]
i_14                (add              ) [ 00000011100000000]
StgValue_53         (br               ) [ 00000000000000000]
tmp_i6              (zext             ) [ 00000000000000000]
m_coeffs_addr       (getelementptr    ) [ 00000000100000000]
m_coeffs_load       (load             ) [ 00000000000000000]
tmp_87              (partselect       ) [ 00000000000000000]
tmp_49_i_cast       (sub              ) [ 00000000000000000]
tmp_241             (trunc            ) [ 00000000000000000]
tmp_89              (or               ) [ 00000000000000000]
tmp_90              (partselect       ) [ 00000000000000000]
tmp_51_i            (bitconcatenate   ) [ 00000000000000000]
StgValue_65         (store            ) [ 00000000000000000]
StgValue_66         (br               ) [ 00000011100000000]
StgValue_67         (call             ) [ 00000000000000000]
StgValue_69         (call             ) [ 00000000000000000]
StgValue_71         (call             ) [ 00000000000000000]
StgValue_72         (br               ) [ 00000000000001110]
i                   (phi              ) [ 00000000000000100]
exitcond            (icmp             ) [ 00000000000000110]
empty_37            (speclooptripcount) [ 00000000000000000]
i_15                (add              ) [ 00000000000001110]
StgValue_77         (br               ) [ 00000000000000000]
tmp                 (zext             ) [ 00000000000000000]
ct_coeffs_addr      (getelementptr    ) [ 00000000000000010]
liftm_coeffs_addr_2 (getelementptr    ) [ 00000000000000010]
ct_coeffs_load      (load             ) [ 00000000000000000]
liftm_coeffs_load_2 (load             ) [ 00000000000000000]
tmp_242             (trunc            ) [ 00000000000000000]
tmp_243             (trunc            ) [ 00000000000000000]
tmp_cast            (add              ) [ 00000000000000000]
tmp_295_cast        (zext             ) [ 00000000000000000]
StgValue_90         (store            ) [ 00000000000000000]
StgValue_91         (br               ) [ 00000000000001110]
StgValue_92         (call             ) [ 00000000000000000]
StgValue_93         (ret              ) [ 00000000000000000]
</LifeTime>

<model>

<comp_list>
<comp id="0" class="1000" name="c">
<pin_list>
<pin id="1" dir="1" index="0" bw="1" slack="0"/>
</pin_list>
<bind>
<StgValue><ssdm name="c"/><MemPortTyVec>0 0 </MemPortTyVec>
</StgValue>
</bind>
</comp>

<comp id="2" class="1000" name="rm">
<pin_list>
<pin id="3" dir="1" index="0" bw="1" slack="0"/>
</pin_list>
<bind>
<StgValue><ssdm name="rm"/><MemPortTyVec>1 3 </MemPortTyVec>
</StgValue>
</bind>
</comp>

<comp id="4" class="1000" name="pk">
<pin_list>
<pin id="5" dir="1" index="0" bw="1" slack="0"/>
</pin_list>
<bind>
<StgValue><ssdm name="pk"/><MemPortTyVec>1 1 </MemPortTyVec>
</StgValue>
</bind>
</comp>

<comp id="6" class="1001" name="const_6">
<pin_list>
<pin id="7" dir="1" index="0" bw="1" slack="0"/>
</pin_list>
<bind>
<StgValue><ssdm name=""/></StgValue>
</bind>
</comp>

<comp id="8" class="1001" name="const_8">
<pin_list>
<pin id="9" dir="1" index="0" bw="1" slack="0"/>
</pin_list>
<bind>
<StgValue><ssdm name="poly_Sq_frombytes"/></StgValue>
</bind>
</comp>

<comp id="10" class="1001" name="const_10">
<pin_list>
<pin id="11" dir="1" index="0" bw="1" slack="0"/>
</pin_list>
<bind>
<StgValue><ssdm name=""/></StgValue>
</bind>
</comp>

<comp id="12" class="1001" name="const_12">
<pin_list>
<pin id="13" dir="1" index="0" bw="1" slack="0"/>
</pin_list>
<bind>
<StgValue><ssdm name=""/></StgValue>
</bind>
</comp>

<comp id="14" class="1001" name="const_14">
<pin_list>
<pin id="15" dir="1" index="0" bw="1" slack="0"/>
</pin_list>
<bind>
<StgValue><ssdm name=""/></StgValue>
</bind>
</comp>

<comp id="16" class="1001" name="const_16">
<pin_list>
<pin id="17" dir="1" index="0" bw="1" slack="0"/>
</pin_list>
<bind>
<StgValue><ssdm name=""/></StgValue>
</bind>
</comp>

<comp id="18" class="1001" name="const_18">
<pin_list>
<pin id="19" dir="1" index="0" bw="1" slack="0"/>
</pin_list>
<bind>
<StgValue><ssdm name=""/></StgValue>
</bind>
</comp>

<comp id="20" class="1001" name="const_20">
<pin_list>
<pin id="21" dir="1" index="0" bw="1" slack="0"/>
</pin_list>
<bind>
<StgValue><ssdm name=""/></StgValue>
</bind>
</comp>

<comp id="22" class="1001" name="const_22">
<pin_list>
<pin id="23" dir="1" index="0" bw="1" slack="2147483647"/>
</pin_list>
<bind>
<StgValue><ssdm name="_ssdm_op_SpecLoopTripCount"/></StgValue>
</bind>
</comp>

<comp id="24" class="1001" name="const_24">
<pin_list>
<pin id="25" dir="1" index="0" bw="1" slack="0"/>
</pin_list>
<bind>
<StgValue><ssdm name=""/></StgValue>
</bind>
</comp>

<comp id="26" class="1001" name="const_26">
<pin_list>
<pin id="27" dir="1" index="0" bw="1" slack="0"/>
</pin_list>
<bind>
<StgValue><ssdm name="poly_S3_frombytes"/></StgValue>
</bind>
</comp>

<comp id="28" class="1001" name="const_28">
<pin_list>
<pin id="29" dir="1" index="0" bw="1" slack="0"/>
</pin_list>
<bind>
<StgValue><ssdm name=""/></StgValue>
</bind>
</comp>

<comp id="30" class="1001" name="const_30">
<pin_list>
<pin id="31" dir="1" index="0" bw="1" slack="2147483647"/>
</pin_list>
<bind>
<StgValue><ssdm name=""/></StgValue>
</bind>
</comp>

<comp id="32" class="1001" name="const_32">
<pin_list>
<pin id="33" dir="1" index="0" bw="1" slack="0"/>
</pin_list>
<bind>
<StgValue><ssdm name="poly_Rq_mul"/></StgValue>
</bind>
</comp>

<comp id="34" class="1001" name="const_34">
<pin_list>
<pin id="35" dir="1" index="0" bw="1" slack="0"/>
</pin_list>
<bind>
<StgValue><ssdm name="_ssdm_op_PartSelect.i13.i16.i32.i32"/></StgValue>
</bind>
</comp>

<comp id="36" class="1001" name="const_36">
<pin_list>
<pin id="37" dir="1" index="0" bw="1" slack="0"/>
</pin_list>
<bind>
<StgValue><ssdm name=""/></StgValue>
</bind>
</comp>

<comp id="38" class="1001" name="const_38">
<pin_list>
<pin id="39" dir="1" index="0" bw="1" slack="0"/>
</pin_list>
<bind>
<StgValue><ssdm name=""/></StgValue>
</bind>
</comp>

<comp id="40" class="1001" name="const_40">
<pin_list>
<pin id="41" dir="1" index="0" bw="1" slack="0"/>
</pin_list>
<bind>
<StgValue><ssdm name="_ssdm_op_PartSelect.i3.i16.i32.i32"/></StgValue>
</bind>
</comp>

<comp id="42" class="1001" name="const_42">
<pin_list>
<pin id="43" dir="1" index="0" bw="1" slack="0"/>
</pin_list>
<bind>
<StgValue><ssdm name=""/></StgValue>
</bind>
</comp>

<comp id="44" class="1001" name="const_44">
<pin_list>
<pin id="45" dir="1" index="0" bw="1" slack="0"/>
</pin_list>
<bind>
<StgValue><ssdm name="_ssdm_op_BitConcatenate.i16.i3.i13"/></StgValue>
</bind>
</comp>

<comp id="46" class="1001" name="const_46">
<pin_list>
<pin id="47" dir="1" index="0" bw="1" slack="0"/>
</pin_list>
<bind>
<StgValue><ssdm name=""/></StgValue>
</bind>
</comp>

<comp id="48" class="1001" name="const_48">
<pin_list>
<pin id="49" dir="1" index="0" bw="1" slack="0"/>
</pin_list>
<bind>
<StgValue><ssdm name="poly_lift"/></StgValue>
</bind>
</comp>

<comp id="50" class="1001" name="const_50">
<pin_list>
<pin id="51" dir="1" index="0" bw="1" slack="0"/>
</pin_list>
<bind>
<StgValue><ssdm name="poly_Sq_tobytes"/></StgValue>
</bind>
</comp>

<comp id="52" class="1004" name="x1_coeffs_alloca_fu_52">
<pin_list>
<pin id="53" dir="0" index="0" bw="1" slack="0"/>
<pin id="54" dir="1" index="1" bw="16" slack="0"/>
</pin_list>
<bind>
<opcode="alloca(26) " fcode="alloca"/>
<opset="x1_coeffs/1 "/>
</bind>
</comp>

<comp id="56" class="1004" name="x2_coeffs_alloca_fu_56">
<pin_list>
<pin id="57" dir="0" index="0" bw="1" slack="0"/>
<pin id="58" dir="1" index="1" bw="16" slack="2147483647"/>
</pin_list>
<bind>
<opcode="alloca(26) " fcode="alloca"/>
<opset="x2_coeffs/1 "/>
</bind>
</comp>

<comp id="60" class="1004" name="x3_coeffs_alloca_fu_60">
<pin_list>
<pin id="61" dir="0" index="0" bw="1" slack="0"/>
<pin id="62" dir="1" index="1" bw="16" slack="2147483647"/>
</pin_list>
<bind>
<opcode="alloca(26) " fcode="alloca"/>
<opset="x3_coeffs/1 "/>
</bind>
</comp>

<comp id="64" class="1004" name="liftm_coeffs_addr_gep_fu_64">
<pin_list>
<pin id="65" dir="0" index="0" bw="16" slack="2147483647"/>
<pin id="66" dir="0" index="1" bw="1" slack="0"/>
<pin id="67" dir="0" index="2" bw="11" slack="0"/>
<pin id="68" dir="1" index="3" bw="10" slack="0"/>
</pin_list>
<bind>
<opcode="getelementptr(29) " fcode="getelementptr"/>
<opset="liftm_coeffs_addr/3 "/>
</bind>
</comp>

<comp id="71" class="1004" name="grp_access_fu_71">
<pin_list>
<pin id="72" dir="0" index="0" bw="10" slack="0"/>
<pin id="73" dir="0" index="1" bw="16" slack="0"/>
<pin id="74" dir="0" index="2" bw="0" slack="0"/>
<pin id="85" dir="0" index="4" bw="10" slack="0"/>
<pin id="86" dir="0" index="5" bw="16" slack="2147483647"/>
<pin id="87" dir="0" index="6" bw="0" slack="2147483647"/>
<pin id="75" dir="1" index="3" bw="16" slack="0"/>
<pin id="88" dir="1" index="7" bw="16" slack="0"/>
</pin_list>
<bind>
<opcode="load(27) store(28) " fcode="load"/>
<opset="StgValue_23/3 liftm_coeffs_load/4 liftm_coeffs_load_1/4 StgValue_37/4 StgValue_44/5 liftm_coeffs_load_2/14 "/>
</bind>
</comp>

<comp id="78" class="1004" name="liftm_coeffs_addr_1_gep_fu_78">
<pin_list>
<pin id="79" dir="0" index="0" bw="16" slack="2147483647"/>
<pin id="80" dir="0" index="1" bw="1" slack="0"/>
<pin id="81" dir="0" index="2" bw="10" slack="0"/>
<pin id="82" dir="1" index="3" bw="10" slack="0"/>
</pin_list>
<bind>
<opcode="getelementptr(29) " fcode="getelementptr"/>
<opset="liftm_coeffs_addr_1/4 "/>
</bind>
</comp>

<comp id="89" class="1004" name="m_coeffs_addr_gep_fu_89">
<pin_list>
<pin id="90" dir="0" index="0" bw="16" slack="2147483647"/>
<pin id="91" dir="0" index="1" bw="1" slack="0"/>
<pin id="92" dir="0" index="2" bw="10" slack="0"/>
<pin id="93" dir="1" index="3" bw="10" slack="0"/>
</pin_list>
<bind>
<opcode="getelementptr(29) " fcode="getelementptr"/>
<opset="m_coeffs_addr/7 "/>
</bind>
</comp>

<comp id="95" class="1004" name="grp_access_fu_95">
<pin_list>
<pin id="96" dir="0" index="0" bw="10" slack="0"/>
<pin id="97" dir="0" index="1" bw="16" slack="0"/>
<pin id="98" dir="0" index="2" bw="0" slack="2147483647"/>
<pin id="99" dir="1" index="3" bw="16" slack="0"/>
</pin_list>
<bind>
<opcode="load(27) store(28) " fcode="store"/>
<opset="m_coeffs_load/7 StgValue_65/8 "/>
</bind>
</comp>

<comp id="101" class="1004" name="ct_coeffs_addr_gep_fu_101">
<pin_list>
<pin id="102" dir="0" index="0" bw="16" slack="2147483647"/>
<pin id="103" dir="0" index="1" bw="1" slack="0"/>
<pin id="104" dir="0" index="2" bw="10" slack="0"/>
<pin id="105" dir="1" index="3" bw="10" slack="0"/>
</pin_list>
<bind>
<opcode="getelementptr(29) " fcode="getelementptr"/>
<opset="ct_coeffs_addr/14 "/>
</bind>
</comp>

<comp id="107" class="1004" name="grp_access_fu_107">
<pin_list>
<pin id="108" dir="0" index="0" bw="10" slack="0"/>
<pin id="109" dir="0" index="1" bw="16" slack="0"/>
<pin id="110" dir="0" index="2" bw="0" slack="2147483647"/>
<pin id="111" dir="1" index="3" bw="16" slack="0"/>
</pin_list>
<bind>
<opcode="load(27) store(28) " fcode="store"/>
<opset="ct_coeffs_load/14 StgValue_90/15 "/>
</bind>
</comp>

<comp id="113" class="1004" name="liftm_coeffs_addr_2_gep_fu_113">
<pin_list>
<pin id="114" dir="0" index="0" bw="16" slack="2147483647"/>
<pin id="115" dir="0" index="1" bw="1" slack="0"/>
<pin id="116" dir="0" index="2" bw="10" slack="0"/>
<pin id="117" dir="1" index="3" bw="10" slack="0"/>
</pin_list>
<bind>
<opcode="getelementptr(29) " fcode="getelementptr"/>
<opset="liftm_coeffs_addr_2/14 "/>
</bind>
</comp>

<comp id="120" class="1005" name="tmp_i_reg_120">
<pin_list>
<pin id="121" dir="0" index="0" bw="13" slack="1"/>
<pin id="122" dir="1" index="1" bw="13" slack="1"/>
</pin_list>
<bind>
<opset="tmp_i (phireg) "/>
</bind>
</comp>

<comp id="124" class="1004" name="tmp_i_phi_fu_124">
<pin_list>
<pin id="125" dir="0" index="0" bw="1" slack="1"/>
<pin id="126" dir="0" index="1" bw="0" slack="2147483647"/>
<pin id="127" dir="0" index="2" bw="13" slack="1"/>
<pin id="128" dir="0" index="3" bw="0" slack="2147483647"/>
<pin id="129" dir="1" index="4" bw="13" slack="0"/>
</pin_list>
<bind>
<opcode="phi(47) " fcode="phi"/>
<opset="tmp_i/4 "/>
</bind>
</comp>

<comp id="131" class="1005" name="i_i_reg_131">
<pin_list>
<pin id="132" dir="0" index="0" bw="10" slack="1"/>
<pin id="133" dir="1" index="1" bw="10" slack="1"/>
</pin_list>
<bind>
<opset="i_i (phireg) "/>
</bind>
</comp>

<comp id="135" class="1004" name="i_i_phi_fu_135">
<pin_list>
<pin id="136" dir="0" index="0" bw="1" slack="1"/>
<pin id="137" dir="0" index="1" bw="0" slack="2147483647"/>
<pin id="138" dir="0" index="2" bw="10" slack="0"/>
<pin id="139" dir="0" index="3" bw="0" slack="2147483647"/>
<pin id="140" dir="1" index="4" bw="10" slack="0"/>
</pin_list>
<bind>
<opcode="phi(47) " fcode="phi"/>
<opset="i_i/4 "/>
</bind>
</comp>

<comp id="142" class="1005" name="i_i4_reg_142">
<pin_list>
<pin id="143" dir="0" index="0" bw="10" slack="1"/>
<pin id="144" dir="1" index="1" bw="10" slack="1"/>
</pin_list>
<bind>
<opset="i_i4 (phireg) "/>
</bind>
</comp>

<comp id="146" class="1004" name="i_i4_phi_fu_146">
<pin_list>
<pin id="147" dir="0" index="0" bw="1" slack="1"/>
<pin id="148" dir="0" index="1" bw="0" slack="2147483647"/>
<pin id="149" dir="0" index="2" bw="10" slack="0"/>
<pin id="150" dir="0" index="3" bw="0" slack="2147483647"/>
<pin id="151" dir="1" index="4" bw="10" slack="0"/>
</pin_list>
<bind>
<opcode="phi(47) " fcode="phi"/>
<opset="i_i4/7 "/>
</bind>
</comp>

<comp id="153" class="1005" name="i_reg_153">
<pin_list>
<pin id="154" dir="0" index="0" bw="10" slack="1"/>
<pin id="155" dir="1" index="1" bw="10" slack="1"/>
</pin_list>
<bind>
<opset="i (phireg) "/>
</bind>
</comp>

<comp id="157" class="1004" name="i_phi_fu_157">
<pin_list>
<pin id="158" dir="0" index="0" bw="1" slack="1"/>
<pin id="159" dir="0" index="1" bw="0" slack="2147483647"/>
<pin id="160" dir="0" index="2" bw="10" slack="0"/>
<pin id="161" dir="0" index="3" bw="0" slack="2147483647"/>
<pin id="162" dir="1" index="4" bw="10" slack="0"/>
</pin_list>
<bind>
<opcode="phi(47) " fcode="phi"/>
<opset="i/14 "/>
</bind>
</comp>

<comp id="164" class="1004" name="grp_poly_lift_fu_164">
<pin_list>
<pin id="165" dir="0" index="0" bw="0" slack="0"/>
<pin id="166" dir="0" index="1" bw="16" slack="2147483647"/>
<pin id="167" dir="0" index="2" bw="16" slack="2147483647"/>
<pin id="168" dir="1" index="3" bw="0" slack="2147483647"/>
</pin_list>
<bind>
<opcode="call(48) " fcode="call"/>
<opset="StgValue_70/12 "/>
</bind>
</comp>

<comp id="170" class="1004" name="grp_poly_Sq_frombytes_fu_170">
<pin_list>
<pin id="171" dir="0" index="0" bw="0" slack="0"/>
<pin id="172" dir="0" index="1" bw="16" slack="0"/>
<pin id="173" dir="0" index="2" bw="8" slack="0"/>
<pin id="174" dir="1" index="3" bw="0" slack="2147483647"/>
</pin_list>
<bind>
<opcode="call(48) " fcode="call"/>
<opset="StgValue_20/1 "/>
</bind>
</comp>

<comp id="178" class="1004" name="grp_poly_Sq_tobytes_fu_178">
<pin_list>
<pin id="179" dir="0" index="0" bw="0" slack="0"/>
<pin id="180" dir="0" index="1" bw="8" slack="0"/>
<pin id="181" dir="0" index="2" bw="16" slack="2147483647"/>
<pin id="182" dir="1" index="3" bw="0" slack="2147483647"/>
</pin_list>
<bind>
<opcode="call(48) " fcode="call"/>
<opset="StgValue_83/14 "/>
</bind>
</comp>

<comp id="185" class="1004" name="grp_poly_S3_frombytes_fu_185">
<pin_list>
<pin id="186" dir="0" index="0" bw="0" slack="0"/>
<pin id="187" dir="0" index="1" bw="16" slack="2147483647"/>
<pin id="188" dir="0" index="2" bw="8" slack="0"/>
<pin id="189" dir="0" index="3" bw="9" slack="0"/>
<pin id="190" dir="1" index="4" bw="0" slack="2147483647"/>
</pin_list>
<bind>
<opcode="call(48) " fcode="call"/>
<opset="StgValue_38/4 StgValue_68/10 "/>
</bind>
</comp>

<comp id="195" class="1004" name="grp_poly_Rq_mul_fu_195">
<pin_list>
<pin id="196" dir="0" index="0" bw="0" slack="0"/>
<pin id="197" dir="0" index="1" bw="16" slack="2147483647"/>
<pin id="198" dir="0" index="2" bw="16" slack="2147483647"/>
<pin id="199" dir="0" index="3" bw="16" slack="2147483647"/>
<pin id="200" dir="1" index="4" bw="0" slack="2147483647"/>
</pin_list>
<bind>
<opcode="call(48) " fcode="call"/>
<opset="StgValue_57/7 "/>
</bind>
</comp>

<comp id="202" class="1004" name="exitcond_i_fu_202">
<pin_list>
<pin id="203" dir="0" index="0" bw="10" slack="0"/>
<pin id="204" dir="0" index="1" bw="10" slack="0"/>
<pin id="205" dir="1" index="2" bw="1" slack="2147483647"/>
</pin_list>
<bind>
<opcode="icmp(45) " fcode="icmp"/>
<opset="exitcond_i/4 "/>
</bind>
</comp>

<comp id="208" class="1004" name="i_13_fu_208">
<pin_list>
<pin id="209" dir="0" index="0" bw="10" slack="0"/>
<pin id="210" dir="0" index="1" bw="1" slack="0"/>
<pin id="211" dir="1" index="2" bw="10" slack="0"/>
</pin_list>
<bind>
<opcode="add(8) " fcode="add"/>
<opset="i_13/4 "/>
</bind>
</comp>

<comp id="214" class="1004" name="tmp_287_i_fu_214">
<pin_list>
<pin id="215" dir="0" index="0" bw="10" slack="0"/>
<pin id="216" dir="1" index="1" bw="64" slack="0"/>
</pin_list>
<bind>
<opcode="zext(34) " fcode="zext"/>
<opset="tmp_287_i/4 "/>
</bind>
</comp>

<comp id="219" class="1004" name="tmp_i_cast_fu_219">
<pin_list>
<pin id="220" dir="0" index="0" bw="1" slack="0"/>
<pin id="221" dir="0" index="1" bw="13" slack="0"/>
<pin id="222" dir="1" index="2" bw="13" slack="0"/>
</pin_list>
<bind>
<opcode="sub(10) " fcode="sub"/>
<opset="tmp_i_cast/4 "/>
</bind>
</comp>

<comp id="225" class="1004" name="tmp_286_i_cast_fu_225">
<pin_list>
<pin id="226" dir="0" index="0" bw="13" slack="0"/>
<pin id="227" dir="1" index="1" bw="16" slack="0"/>
</pin_list>
<bind>
<opcode="zext(34) " fcode="zext"/>
<opset="tmp_286_i_cast/4 "/>
</bind>
</comp>

<comp id="230" class="1004" name="tmp_239_fu_230">
<pin_list>
<pin id="231" dir="0" index="0" bw="16" slack="0"/>
<pin id="232" dir="1" index="1" bw="13" slack="0"/>
</pin_list>
<bind>
<opcode="trunc(33) " fcode="trunc"/>
<opset="tmp_239/5 "/>
</bind>
</comp>

<comp id="234" class="1004" name="tmp_240_fu_234">
<pin_list>
<pin id="235" dir="0" index="0" bw="16" slack="0"/>
<pin id="236" dir="1" index="1" bw="13" slack="0"/>
</pin_list>
<bind>
<opcode="trunc(33) " fcode="trunc"/>
<opset="tmp_240/5 "/>
</bind>
</comp>

<comp id="238" class="1004" name="tmp_288_i_fu_238">
<pin_list>
<pin id="239" dir="0" index="0" bw="16" slack="0"/>
<pin id="240" dir="0" index="1" bw="16" slack="0"/>
<pin id="241" dir="1" index="2" bw="16" slack="0"/>
</pin_list>
<bind>
<opcode="add(8) " fcode="add"/>
<opset="tmp_288_i/5 "/>
</bind>
</comp>

<comp id="245" class="1004" name="phitmp_fu_245">
<pin_list>
<pin id="246" dir="0" index="0" bw="13" slack="0"/>
<pin id="247" dir="0" index="1" bw="13" slack="0"/>
<pin id="248" dir="1" index="2" bw="13" slack="1"/>
</pin_list>
<bind>
<opcode="add(8) " fcode="add"/>
<opset="phitmp/5 "/>
</bind>
</comp>

<comp id="251" class="1004" name="exitcond_i5_fu_251">
<pin_list>
<pin id="252" dir="0" index="0" bw="10" slack="0"/>
<pin id="253" dir="0" index="1" bw="10" slack="0"/>
<pin id="254" dir="1" index="2" bw="1" slack="2147483647"/>
</pin_list>
<bind>
<opcode="icmp(45) " fcode="icmp"/>
<opset="exitcond_i5/7 "/>
</bind>
</comp>

<comp id="257" class="1004" name="i_14_fu_257">
<pin_list>
<pin id="258" dir="0" index="0" bw="10" slack="0"/>
<pin id="259" dir="0" index="1" bw="1" slack="0"/>
<pin id="260" dir="1" index="2" bw="10" slack="0"/>
</pin_list>
<bind>
<opcode="add(8) " fcode="add"/>
<opset="i_14/7 "/>
</bind>
</comp>

<comp id="263" class="1004" name="tmp_i6_fu_263">
<pin_list>
<pin id="264" dir="0" index="0" bw="10" slack="0"/>
<pin id="265" dir="1" index="1" bw="64" slack="0"/>
</pin_list>
<bind>
<opcode="zext(34) " fcode="zext"/>
<opset="tmp_i6/7 "/>
</bind>
</comp>

<comp id="268" class="1004" name="tmp_87_fu_268">
<pin_list>
<pin id="269" dir="0" index="0" bw="13" slack="0"/>
<pin id="270" dir="0" index="1" bw="16" slack="0"/>
<pin id="271" dir="0" index="2" bw="1" slack="0"/>
<pin id="272" dir="0" index="3" bw="5" slack="0"/>
<pin id="273" dir="1" index="4" bw="13" slack="0"/>
</pin_list>
<bind>
<opcode="partselect(1002) " fcode="partselect"/>
<opset="tmp_87/8 "/>
</bind>
</comp>

<comp id="278" class="1004" name="tmp_49_i_cast_fu_278">
<pin_list>
<pin id="279" dir="0" index="0" bw="1" slack="0"/>
<pin id="280" dir="0" index="1" bw="13" slack="0"/>
<pin id="281" dir="1" index="2" bw="13" slack="0"/>
</pin_list>
<bind>
<opcode="sub(10) " fcode="sub"/>
<opset="tmp_49_i_cast/8 "/>
</bind>
</comp>

<comp id="284" class="1004" name="tmp_241_fu_284">
<pin_list>
<pin id="285" dir="0" index="0" bw="16" slack="0"/>
<pin id="286" dir="1" index="1" bw="13" slack="0"/>
</pin_list>
<bind>
<opcode="trunc(33) " fcode="trunc"/>
<opset="tmp_241/8 "/>
</bind>
</comp>

<comp id="288" class="1004" name="tmp_89_fu_288">
<pin_list>
<pin id="289" dir="0" index="0" bw="13" slack="0"/>
<pin id="290" dir="0" index="1" bw="13" slack="0"/>
<pin id="291" dir="1" index="2" bw="13" slack="0"/>
</pin_list>
<bind>
<opcode="or(24) " fcode="or"/>
<opset="tmp_89/8 "/>
</bind>
</comp>

<comp id="294" class="1004" name="tmp_90_fu_294">
<pin_list>
<pin id="295" dir="0" index="0" bw="3" slack="0"/>
<pin id="296" dir="0" index="1" bw="16" slack="0"/>
<pin id="297" dir="0" index="2" bw="5" slack="0"/>
<pin id="298" dir="0" index="3" bw="5" slack="0"/>
<pin id="299" dir="1" index="4" bw="3" slack="0"/>
</pin_list>
<bind>
<opcode="partselect(1002) " fcode="partselect"/>
<opset="tmp_90/8 "/>
</bind>
</comp>

<comp id="304" class="1004" name="tmp_51_i_fu_304">
<pin_list>
<pin id="305" dir="0" index="0" bw="16" slack="0"/>
<pin id="306" dir="0" index="1" bw="3" slack="0"/>
<pin id="307" dir="0" index="2" bw="13" slack="0"/>
<pin id="308" dir="1" index="3" bw="16" slack="0"/>
</pin_list>
<bind>
<opcode="bitconcatenate(1004) " fcode="bitconcatenate"/>
<opset="tmp_51_i/8 "/>
</bind>
</comp>

<comp id="313" class="1004" name="exitcond_fu_313">
<pin_list>
<pin id="314" dir="0" index="0" bw="10" slack="0"/>
<pin id="315" dir="0" index="1" bw="10" slack="0"/>
<pin id="316" dir="1" index="2" bw="1" slack="2147483647"/>
</pin_list>
<bind>
<opcode="icmp(45) " fcode="icmp"/>
<opset="exitcond/14 "/>
</bind>
</comp>

<comp id="319" class="1004" name="i_15_fu_319">
<pin_list>
<pin id="320" dir="0" index="0" bw="10" slack="0"/>
<pin id="321" dir="0" index="1" bw="1" slack="0"/>
<pin id="322" dir="1" index="2" bw="10" slack="0"/>
</pin_list>
<bind>
<opcode="add(8) " fcode="add"/>
<opset="i_15/14 "/>
</bind>
</comp>

<comp id="325" class="1004" name="tmp_fu_325">
<pin_list>
<pin id="326" dir="0" index="0" bw="10" slack="0"/>
<pin id="327" dir="1" index="1" bw="64" slack="0"/>
</pin_list>
<bind>
<opcode="zext(34) " fcode="zext"/>
<opset="tmp/14 "/>
</bind>
</comp>

<comp id="331" class="1004" name="tmp_242_fu_331">
<pin_list>
<pin id="332" dir="0" index="0" bw="16" slack="0"/>
<pin id="333" dir="1" index="1" bw="13" slack="0"/>
</pin_list>
<bind>
<opcode="trunc(33) " fcode="trunc"/>
<opset="tmp_242/15 "/>
</bind>
</comp>

<comp id="335" class="1004" name="tmp_243_fu_335">
<pin_list>
<pin id="336" dir="0" index="0" bw="16" slack="0"/>
<pin id="337" dir="1" index="1" bw="13" slack="0"/>
</pin_list>
<bind>
<opcode="trunc(33) " fcode="trunc"/>
<opset="tmp_243/15 "/>
</bind>
</comp>

<comp id="339" class="1004" name="tmp_cast_fu_339">
<pin_list>
<pin id="340" dir="0" index="0" bw="13" slack="0"/>
<pin id="341" dir="0" index="1" bw="13" slack="0"/>
<pin id="342" dir="1" index="2" bw="13" slack="0"/>
</pin_list>
<bind>
<opcode="add(8) " fcode="add"/>
<opset="tmp_cast/15 "/>
</bind>
</comp>

<comp id="345" class="1004" name="tmp_295_cast_fu_345">
<pin_list>
<pin id="346" dir="0" index="0" bw="13" slack="0"/>
<pin id="347" dir="1" index="1" bw="16" slack="0"/>
</pin_list>
<bind>
<opcode="zext(34) " fcode="zext"/>
<opset="tmp_295_cast/15 "/>
</bind>
</comp>

<comp id="350" class="1005" name="liftm_coeffs_addr_reg_350">
<pin_list>
<pin id="351" dir="0" index="0" bw="10" slack="1"/>
<pin id="352" dir="1" index="1" bw="10" slack="1"/>
</pin_list>
<bind>
<opset="liftm_coeffs_addr "/>
</bind>
</comp>

<comp id="359" class="1005" name="i_13_reg_359">
<pin_list>
<pin id="360" dir="0" index="0" bw="10" slack="0"/>
<pin id="361" dir="1" index="1" bw="10" slack="0"/>
</pin_list>
<bind>
<opset="i_13 "/>
</bind>
</comp>

<comp id="364" class="1005" name="liftm_coeffs_addr_1_reg_364">
<pin_list>
<pin id="365" dir="0" index="0" bw="10" slack="1"/>
<pin id="366" dir="1" index="1" bw="10" slack="1"/>
</pin_list>
<bind>
<opset="liftm_coeffs_addr_1 "/>
</bind>
</comp>

<comp id="369" class="1005" name="phitmp_reg_369">
<pin_list>
<pin id="370" dir="0" index="0" bw="13" slack="1"/>
<pin id="371" dir="1" index="1" bw="13" slack="1"/>
</pin_list>
<bind>
<opset="phitmp "/>
</bind>
</comp>

<comp id="377" class="1005" name="i_14_reg_377">
<pin_list>
<pin id="378" dir="0" index="0" bw="10" slack="0"/>
<pin id="379" dir="1" index="1" bw="10" slack="0"/>
</pin_list>
<bind>
<opset="i_14 "/>
</bind>
</comp>

<comp id="382" class="1005" name="m_coeffs_addr_reg_382">
<pin_list>
<pin id="383" dir="0" index="0" bw="10" slack="1"/>
<pin id="384" dir="1" index="1" bw="10" slack="1"/>
</pin_list>
<bind>
<opset="m_coeffs_addr "/>
</bind>
</comp>

<comp id="390" class="1005" name="i_15_reg_390">
<pin_list>
<pin id="391" dir="0" index="0" bw="10" slack="0"/>
<pin id="392" dir="1" index="1" bw="10" slack="0"/>
</pin_list>
<bind>
<opset="i_15 "/>
</bind>
</comp>

<comp id="395" class="1005" name="ct_coeffs_addr_reg_395">
<pin_list>
<pin id="396" dir="0" index="0" bw="10" slack="1"/>
<pin id="397" dir="1" index="1" bw="10" slack="1"/>
</pin_list>
<bind>
<opset="ct_coeffs_addr "/>
</bind>
</comp>

<comp id="400" class="1005" name="liftm_coeffs_addr_2_reg_400">
<pin_list>
<pin id="401" dir="0" index="0" bw="10" slack="1"/>
<pin id="402" dir="1" index="1" bw="10" slack="1"/>
</pin_list>
<bind>
<opset="liftm_coeffs_addr_2 "/>
</bind>
</comp>

</comp_list>

<net_list>
<net id="55"><net_src comp="6" pin="0"/><net_sink comp="52" pin=0"/></net>

<net id="59"><net_src comp="6" pin="0"/><net_sink comp="56" pin=0"/></net>

<net id="63"><net_src comp="6" pin="0"/><net_sink comp="60" pin=0"/></net>

<net id="69"><net_src comp="10" pin="0"/><net_sink comp="64" pin=1"/></net>

<net id="70"><net_src comp="12" pin="0"/><net_sink comp="64" pin=2"/></net>

<net id="76"><net_src comp="14" pin="0"/><net_sink comp="71" pin=1"/></net>

<net id="77"><net_src comp="64" pin="3"/><net_sink comp="71" pin=0"/></net>

<net id="83"><net_src comp="10" pin="0"/><net_sink comp="78" pin=1"/></net>

<net id="84"><net_src comp="78" pin="3"/><net_sink comp="71" pin=0"/></net>

<net id="94"><net_src comp="10" pin="0"/><net_sink comp="89" pin=1"/></net>

<net id="100"><net_src comp="89" pin="3"/><net_sink comp="95" pin=0"/></net>

<net id="106"><net_src comp="10" pin="0"/><net_sink comp="101" pin=1"/></net>

<net id="112"><net_src comp="101" pin="3"/><net_sink comp="107" pin=0"/></net>

<net id="118"><net_src comp="10" pin="0"/><net_sink comp="113" pin=1"/></net>

<net id="119"><net_src comp="113" pin="3"/><net_sink comp="71" pin=2"/></net>

<net id="123"><net_src comp="16" pin="0"/><net_sink comp="120" pin=0"/></net>

<net id="130"><net_src comp="120" pin="1"/><net_sink comp="124" pin=0"/></net>

<net id="134"><net_src comp="18" pin="0"/><net_sink comp="131" pin=0"/></net>

<net id="141"><net_src comp="131" pin="1"/><net_sink comp="135" pin=0"/></net>

<net id="145"><net_src comp="18" pin="0"/><net_sink comp="142" pin=0"/></net>

<net id="152"><net_src comp="142" pin="1"/><net_sink comp="146" pin=0"/></net>

<net id="156"><net_src comp="18" pin="0"/><net_sink comp="153" pin=0"/></net>

<net id="163"><net_src comp="153" pin="1"/><net_sink comp="157" pin=0"/></net>

<net id="169"><net_src comp="48" pin="0"/><net_sink comp="164" pin=0"/></net>

<net id="175"><net_src comp="8" pin="0"/><net_sink comp="170" pin=0"/></net>

<net id="176"><net_src comp="52" pin="1"/><net_sink comp="170" pin=1"/></net>

<net id="177"><net_src comp="4" pin="0"/><net_sink comp="170" pin=2"/></net>

<net id="183"><net_src comp="50" pin="0"/><net_sink comp="178" pin=0"/></net>

<net id="184"><net_src comp="0" pin="0"/><net_sink comp="178" pin=1"/></net>

<net id="191"><net_src comp="26" pin="0"/><net_sink comp="185" pin=0"/></net>

<net id="192"><net_src comp="2" pin="0"/><net_sink comp="185" pin=2"/></net>

<net id="193"><net_src comp="18" pin="0"/><net_sink comp="185" pin=3"/></net>

<net id="194"><net_src comp="46" pin="0"/><net_sink comp="185" pin=3"/></net>

<net id="201"><net_src comp="32" pin="0"/><net_sink comp="195" pin=0"/></net>

<net id="206"><net_src comp="135" pin="4"/><net_sink comp="202" pin=0"/></net>

<net id="207"><net_src comp="20" pin="0"/><net_sink comp="202" pin=1"/></net>

<net id="212"><net_src comp="135" pin="4"/><net_sink comp="208" pin=0"/></net>

<net id="213"><net_src comp="24" pin="0"/><net_sink comp="208" pin=1"/></net>

<net id="217"><net_src comp="135" pin="4"/><net_sink comp="214" pin=0"/></net>

<net id="218"><net_src comp="214" pin="1"/><net_sink comp="78" pin=2"/></net>

<net id="223"><net_src comp="16" pin="0"/><net_sink comp="219" pin=0"/></net>

<net id="224"><net_src comp="124" pin="4"/><net_sink comp="219" pin=1"/></net>

<net id="228"><net_src comp="219" pin="2"/><net_sink comp="225" pin=0"/></net>

<net id="229"><net_src comp="225" pin="1"/><net_sink comp="71" pin=1"/></net>

<net id="233"><net_src comp="71" pin="7"/><net_sink comp="230" pin=0"/></net>

<net id="237"><net_src comp="71" pin="3"/><net_sink comp="234" pin=0"/></net>

<net id="242"><net_src comp="71" pin="7"/><net_sink comp="238" pin=0"/></net>

<net id="243"><net_src comp="71" pin="3"/><net_sink comp="238" pin=1"/></net>

<net id="244"><net_src comp="238" pin="2"/><net_sink comp="71" pin=4"/></net>

<net id="249"><net_src comp="234" pin="1"/><net_sink comp="245" pin=0"/></net>

<net id="250"><net_src comp="230" pin="1"/><net_sink comp="245" pin=1"/></net>

<net id="255"><net_src comp="146" pin="4"/><net_sink comp="251" pin=0"/></net>

<net id="256"><net_src comp="28" pin="0"/><net_sink comp="251" pin=1"/></net>

<net id="261"><net_src comp="146" pin="4"/><net_sink comp="257" pin=0"/></net>

<net id="262"><net_src comp="24" pin="0"/><net_sink comp="257" pin=1"/></net>

<net id="266"><net_src comp="146" pin="4"/><net_sink comp="263" pin=0"/></net>

<net id="267"><net_src comp="263" pin="1"/><net_sink comp="89" pin=2"/></net>

<net id="274"><net_src comp="34" pin="0"/><net_sink comp="268" pin=0"/></net>

<net id="275"><net_src comp="95" pin="3"/><net_sink comp="268" pin=1"/></net>

<net id="276"><net_src comp="36" pin="0"/><net_sink comp="268" pin=2"/></net>

<net id="277"><net_src comp="38" pin="0"/><net_sink comp="268" pin=3"/></net>

<net id="282"><net_src comp="16" pin="0"/><net_sink comp="278" pin=0"/></net>

<net id="283"><net_src comp="268" pin="4"/><net_sink comp="278" pin=1"/></net>

<net id="287"><net_src comp="95" pin="3"/><net_sink comp="284" pin=0"/></net>

<net id="292"><net_src comp="284" pin="1"/><net_sink comp="288" pin=0"/></net>

<net id="293"><net_src comp="278" pin="2"/><net_sink comp="288" pin=1"/></net>

<net id="300"><net_src comp="40" pin="0"/><net_sink comp="294" pin=0"/></net>

<net id="301"><net_src comp="95" pin="3"/><net_sink comp="294" pin=1"/></net>

<net id="302"><net_src comp="38" pin="0"/><net_sink comp="294" pin=2"/></net>

<net id="303"><net_src comp="42" pin="0"/><net_sink comp="294" pin=3"/></net>

<net id="309"><net_src comp="44" pin="0"/><net_sink comp="304" pin=0"/></net>

<net id="310"><net_src comp="294" pin="4"/><net_sink comp="304" pin=1"/></net>

<net id="311"><net_src comp="288" pin="2"/><net_sink comp="304" pin=2"/></net>

<net id="312"><net_src comp="304" pin="3"/><net_sink comp="95" pin=1"/></net>

<net id="317"><net_src comp="157" pin="4"/><net_sink comp="313" pin=0"/></net>

<net id="318"><net_src comp="28" pin="0"/><net_sink comp="313" pin=1"/></net>

<net id="323"><net_src comp="157" pin="4"/><net_sink comp="319" pin=0"/></net>

<net id="324"><net_src comp="24" pin="0"/><net_sink comp="319" pin=1"/></net>

<net id="328"><net_src comp="157" pin="4"/><net_sink comp="325" pin=0"/></net>

<net id="329"><net_src comp="325" pin="1"/><net_sink comp="101" pin=2"/></net>

<net id="330"><net_src comp="325" pin="1"/><net_sink comp="113" pin=2"/></net>

<net id="334"><net_src comp="71" pin="7"/><net_sink comp="331" pin=0"/></net>

<net id="338"><net_src comp="107" pin="3"/><net_sink comp="335" pin=0"/></net>

<net id="343"><net_src comp="335" pin="1"/><net_sink comp="339" pin=0"/></net>

<net id="344"><net_src comp="331" pin="1"/><net_sink comp="339" pin=1"/></net>

<net id="348"><net_src comp="339" pin="2"/><net_sink comp="345" pin=0"/></net>

<net id="349"><net_src comp="345" pin="1"/><net_sink comp="107" pin=1"/></net>

<net id="353"><net_src comp="64" pin="3"/><net_sink comp="350" pin=0"/></net>

<net id="354"><net_src comp="350" pin="1"/><net_sink comp="71" pin=2"/></net>

<net id="355"><net_src comp="350" pin="1"/><net_sink comp="71" pin=0"/></net>

<net id="362"><net_src comp="208" pin="2"/><net_sink comp="359" pin=0"/></net>

<net id="363"><net_src comp="359" pin="1"/><net_sink comp="135" pin=2"/></net>

<net id="367"><net_src comp="78" pin="3"/><net_sink comp="364" pin=0"/></net>

<net id="368"><net_src comp="364" pin="1"/><net_sink comp="71" pin=0"/></net>

<net id="372"><net_src comp="245" pin="2"/><net_sink comp="369" pin=0"/></net>

<net id="373"><net_src comp="369" pin="1"/><net_sink comp="124" pin=2"/></net>

<net id="380"><net_src comp="257" pin="2"/><net_sink comp="377" pin=0"/></net>

<net id="381"><net_src comp="377" pin="1"/><net_sink comp="146" pin=2"/></net>

<net id="385"><net_src comp="89" pin="3"/><net_sink comp="382" pin=0"/></net>

<net id="386"><net_src comp="382" pin="1"/><net_sink comp="95" pin=0"/></net>

<net id="393"><net_src comp="319" pin="2"/><net_sink comp="390" pin=0"/></net>

<net id="394"><net_src comp="390" pin="1"/><net_sink comp="157" pin=2"/></net>

<net id="398"><net_src comp="101" pin="3"/><net_sink comp="395" pin=0"/></net>

<net id="399"><net_src comp="395" pin="1"/><net_sink comp="107" pin=0"/></net>

<net id="403"><net_src comp="113" pin="3"/><net_sink comp="400" pin=0"/></net>

<net id="404"><net_src comp="400" pin="1"/><net_sink comp="71" pin=2"/></net>

</net_list>

</model> 
---------------- Datapath Model END ------------------

* FSMD analyzer results:
  - Output states:
	Port: c | {14 16 }
 - Input state : 
	Port: owcpa_enc : rm | {4 6 10 11 }
	Port: owcpa_enc : pk | {1 2 }
  - Chain level:
	State 1
		StgValue_20 : 1
	State 2
	State 3
		StgValue_23 : 1
	State 4
		exitcond_i : 1
		i_13 : 1
		StgValue_30 : 2
		tmp_287_i : 1
		liftm_coeffs_addr_1 : 2
		liftm_coeffs_load : 3
		tmp_i_cast : 1
		tmp_286_i_cast : 2
		StgValue_37 : 3
	State 5
		tmp_239 : 1
		tmp_240 : 1
		tmp_288_i : 1
		StgValue_44 : 2
		phitmp : 2
	State 6
	State 7
		exitcond_i5 : 1
		i_14 : 1
		StgValue_53 : 2
		tmp_i6 : 1
		m_coeffs_addr : 2
		m_coeffs_load : 3
	State 8
		tmp_87 : 1
		tmp_49_i_cast : 2
		tmp_241 : 1
		tmp_89 : 3
		tmp_90 : 1
		tmp_51_i : 3
		StgValue_65 : 4
	State 9
	State 10
	State 11
	State 12
	State 13
	State 14
		exitcond : 1
		i_15 : 1
		StgValue_77 : 2
		tmp : 1
		ct_coeffs_addr : 2
		ct_coeffs_load : 3
		liftm_coeffs_addr_2 : 2
		liftm_coeffs_load_2 : 3
	State 15
		tmp_242 : 1
		tmp_243 : 1
		tmp_cast : 2
		tmp_295_cast : 3
		StgValue_90 : 4
	State 16


============================================================
+ Verbose Summary: Datapath Resource usage 
============================================================

* Functional unit list:
|----------|------------------------------|---------|---------|---------|---------|---------|
| Operation|        Functional Unit       |   BRAM  |  DSP48E |  Delay  |    FF   |   LUT   |
|----------|------------------------------|---------|---------|---------|---------|---------|
|          |     grp_poly_lift_fu_164     |    1    |    5    | 20.2307 |   692   |   842   |
|          | grp_poly_Sq_frombytes_fu_170 |    0    |    0    | 14.9305 |   312   |   667   |
|   call   |  grp_poly_Sq_tobytes_fu_178  |    1    |    0    | 17.8644 |   168   |   732   |
|          | grp_poly_S3_frombytes_fu_185 |    0    |    0    |  9.857  |   102   |   586   |
|          |    grp_poly_Rq_mul_fu_195    |    0    |    2    |  7.3605 |   199   |   256   |
|----------|------------------------------|---------|---------|---------|---------|---------|
|          |          i_13_fu_208         |    0    |    0    |    0    |    0    |    17   |
|          |       tmp_288_i_fu_238       |    0    |    0    |    0    |    0    |    23   |
|    add   |         phitmp_fu_245        |    0    |    0    |    0    |    0    |    20   |
|          |          i_14_fu_257         |    0    |    0    |    0    |    0    |    17   |
|          |          i_15_fu_319         |    0    |    0    |    0    |    0    |    17   |
|          |        tmp_cast_fu_339       |    0    |    0    |    0    |    0    |    20   |
|----------|------------------------------|---------|---------|---------|---------|---------|
|    sub   |       tmp_i_cast_fu_219      |    0    |    0    |    0    |    0    |    20   |
|          |     tmp_49_i_cast_fu_278     |    0    |    0    |    0    |    0    |    20   |
|----------|------------------------------|---------|---------|---------|---------|---------|
|          |       exitcond_i_fu_202      |    0    |    0    |    0    |    0    |    13   |
|   icmp   |      exitcond_i5_fu_251      |    0    |    0    |    0    |    0    |    13   |
|          |        exitcond_fu_313       |    0    |    0    |    0    |    0    |    13   |
|----------|------------------------------|---------|---------|---------|---------|---------|
|    or    |         tmp_89_fu_288        |    0    |    0    |    0    |    0    |    13   |
|----------|------------------------------|---------|---------|---------|---------|---------|
|          |       tmp_287_i_fu_214       |    0    |    0    |    0    |    0    |    0    |
|          |     tmp_286_i_cast_fu_225    |    0    |    0    |    0    |    0    |    0    |
|   zext   |         tmp_i6_fu_263        |    0    |    0    |    0    |    0    |    0    |
|          |          tmp_fu_325          |    0    |    0    |    0    |    0    |    0    |
|          |      tmp_295_cast_fu_345     |    0    |    0    |    0    |    0    |    0    |
|----------|------------------------------|---------|---------|---------|---------|---------|
|          |        tmp_239_fu_230        |    0    |    0    |    0    |    0    |    0    |
|          |        tmp_240_fu_234        |    0    |    0    |    0    |    0    |    0    |
|   trunc  |        tmp_241_fu_284        |    0    |    0    |    0    |    0    |    0    |
|          |        tmp_242_fu_331        |    0    |    0    |    0    |    0    |    0    |
|          |        tmp_243_fu_335        |    0    |    0    |    0    |    0    |    0    |
|----------|------------------------------|---------|---------|---------|---------|---------|
|partselect|         tmp_87_fu_268        |    0    |    0    |    0    |    0    |    0    |
|          |         tmp_90_fu_294        |    0    |    0    |    0    |    0    |    0    |
|----------|------------------------------|---------|---------|---------|---------|---------|
|bitconcatenate|        tmp_51_i_fu_304       |    0    |    0    |    0    |    0    |    0    |
|----------|------------------------------|---------|---------|---------|---------|---------|
|   Total  |                              |    2    |    7    | 70.2431 |   1473  |   3289  |
|----------|------------------------------|---------|---------|---------|---------|---------|

Memories:
+---------+--------+--------+--------+
|         |  BRAM  |   FF   |   LUT  |
+---------+--------+--------+--------+
|x1_coeffs|    1   |    0   |    0   |
|x2_coeffs|    1   |    0   |    0   |
|x3_coeffs|    1   |    0   |    0   |
+---------+--------+--------+--------+
|  Total  |    3   |    0   |    0   |
+---------+--------+--------+--------+

* Register list:
+---------------------------+--------+
|                           |   FF   |
+---------------------------+--------+
|   ct_coeffs_addr_reg_395  |   10   |
|        i_13_reg_359       |   10   |
|        i_14_reg_377       |   10   |
|        i_15_reg_390       |   10   |
|        i_i4_reg_142       |   10   |
|        i_i_reg_131        |   10   |
|         i_reg_153         |   10   |
|liftm_coeffs_addr_1_reg_364|   10   |
|liftm_coeffs_addr_2_reg_400|   10   |
| liftm_coeffs_addr_reg_350 |   10   |
|   m_coeffs_addr_reg_382   |   10   |
|       phitmp_reg_369      |   13   |
|       tmp_i_reg_120       |   13   |
+---------------------------+--------+
|           Total           |   136  |
+---------------------------+--------+

* Multiplexer (MUX) list: 
|------------------------------|------|------|------|--------||---------||---------|
|             Comp             |  Pin | Size |  BW  | S x BW ||  Delay  ||   LUT   |
|------------------------------|------|------|------|--------||---------||---------|
|       grp_access_fu_71       |  p0  |   4  |  10  |   40   ||    21   |
|       grp_access_fu_71       |  p1  |   2  |  16  |   32   ||    9    |
|       grp_access_fu_71       |  p2  |   3  |   0  |    0   ||    15   |
|       grp_access_fu_95       |  p0  |   2  |  10  |   20   ||    9    |
|       grp_access_fu_107      |  p0  |   2  |  10  |   20   ||    9    |
| grp_poly_S3_frombytes_fu_185 |  p3  |   2  |   9  |   18   |
|------------------------------|------|------|------|--------||---------||---------|
|             Total            |      |      |      |   130  || 8.40525 ||    63   |
|------------------------------|------|------|------|--------||---------||---------|



* Summary:
+-----------+--------+--------+--------+--------+--------+
|           |  BRAM  | DSP48E |  Delay |   FF   |   LUT  |
+-----------+--------+--------+--------+--------+--------+
|  Function |    2   |    7   |   70   |  1473  |  3289  |
|   Memory  |    3   |    -   |    -   |    0   |    0   |
|Multiplexer|    -   |    -   |    8   |    -   |   63   |
|  Register |    -   |    -   |    -   |   136  |    -   |
+-----------+--------+--------+--------+--------+--------+
|   Total   |    5   |    7   |   78   |  1609  |  3352  |
+-----------+--------+--------+--------+--------+--------+
