

================================================================
== Vivado HLS Report for 'poly_Sq_frombytes_1'
================================================================
* Date:           Mon Aug 24 18:55:53 2020

* Version:        2018.3 (Build 2405991 on Thu Dec 06 23:56:15 MST 2018)
* Project:        ntru09
* Solution:       dec
* Product family: artix7
* Target device:  xc7a200tfbg676-2


================================================================
== Performance Estimates
================================================================
+ Timing (ns): 
    * Summary: 
    +--------+-------+----------+------------+
    |  Clock | Target| Estimated| Uncertainty|
    +--------+-------+----------+------------+
    |ap_clk  |  10.00|     6.417|        1.25|
    +--------+-------+----------+------------+

+ Latency (clock cycles): 
    * Summary: 
    +-----+-----+-----+-----+---------+
    |  Latency  |  Interval | Pipeline|
    | min | max | min | max |   Type  |
    +-----+-----+-----+-----+---------+
    |  445|  445|  445|  445|   none  |
    +-----+-----+-----+-----+---------+

    + Detail: 
        * Instance: 
        N/A

        * Loop: 
        +----------+-----+-----+----------+-----------+-----------+------+----------+
        |          |  Latency  | Iteration|  Initiation Interval  | Trip |          |
        | Loop Name| min | max |  Latency |  achieved |   target  | Count| Pipelined|
        +----------+-----+-----+----------+-----------+-----------+------+----------+
        |- Loop 1  |  441|  441|         7|          -|          -|    63|    no    |
        +----------+-----+-----+----------+-----------+-----------+------+----------+

============================================================
+ Verbose Summary: Synthesis Manager
============================================================
InlineROM: 1
ExposeGlobal: 1
============================================================
+ Verbose Summary: CDFG Model
============================================================
IsTopModel: 0
ResetActiveHigh: 1
IsCombinational: 0
IsDatapathOnly: 0
HasWiredReturn: 1
HasMFsm: 0
HasVarLatency: 1
IsPipeline: 0
IsRtlPipelined: 0
IsInstanceOverlapped: 0
IsDontTouch: 0
HasImplIP: 0
IsGatedGlobalClock: 0


============================================================
+ Verbose Summary: Schedule
============================================================
* Number of FSM states : 11
* Pipeline : 0
* Dataflow Pipeline: 0

* FSM state transitions: 
1 --> 
	2  / true
2 --> 
	3  / (!exitcond)
	9  / (exitcond)
3 --> 
	4  / true
4 --> 
	5  / true
5 --> 
	6  / true
6 --> 
	7  / true
7 --> 
	8  / true
8 --> 
	2  / true
9 --> 
	10  / true
10 --> 
	11  / true
11 --> 

* FSM state operations: 

State 1 <SV = 0> <Delay = 1.35>
ST_1 : Operation 12 [1/1] (1.35ns)   --->   "br label %1" [packq.c:53]   --->   Operation 12 'br' <Predicate = true> <Delay = 1.35>

State 2 <SV = 1> <Delay = 4.52>
ST_2 : Operation 13 [1/1] (0.00ns)   --->   "%i = phi i6 [ 0, %0 ], [ %tmp_4, %2 ]" [packq.c:53]   --->   Operation 13 'phi' 'i' <Predicate = true> <Delay = 0.00>
ST_2 : Operation 14 [1/1] (0.00ns)   --->   "%phi_mul = phi i10 [ 0, %0 ], [ %next_mul, %2 ]"   --->   Operation 14 'phi' 'phi_mul' <Predicate = true> <Delay = 0.00>
ST_2 : Operation 15 [1/1] (1.22ns)   --->   "%exitcond = icmp eq i6 %i, -1" [packq.c:53]   --->   Operation 15 'icmp' 'exitcond' <Predicate = true> <Delay = 1.22> <Core = "Cmp">   --->   Core 25 'Cmp' <Latency = 0> <II = 1> <Delay = 1.22> <FuncUnit> <Opcode : 'icmp'> <InPorts = 2> <OutPorts = 1>
ST_2 : Operation 16 [1/1] (0.00ns)   --->   "%empty = call i32 (...)* @_ssdm_op_SpecLoopTripCount(i64 63, i64 63, i64 63)"   --->   Operation 16 'speclooptripcount' 'empty' <Predicate = true> <Delay = 0.00>
ST_2 : Operation 17 [1/1] (1.60ns)   --->   "%tmp_4 = add i6 %i, 1" [packq.c:53]   --->   Operation 17 'add' 'tmp_4' <Predicate = true> <Delay = 1.60> <Core = "AddSub">   --->   Core 14 'AddSub' <Latency = 0> <II = 1> <Delay = 1.74> <FuncUnit> <Opcode : 'add' 'sub'> <InPorts = 2> <OutPorts = 1>
ST_2 : Operation 18 [1/1] (0.00ns)   --->   "br i1 %exitcond, label %3, label %2" [packq.c:53]   --->   Operation 18 'br' <Predicate = true> <Delay = 0.00>
ST_2 : Operation 19 [1/1] (1.74ns)   --->   "%sum = add i10 204, %phi_mul" [packq.c:55]   --->   Operation 19 'add' 'sum' <Predicate = (!exitcond)> <Delay = 1.74> <Core = "AddSub">   --->   Core 14 'AddSub' <Latency = 0> <II = 1> <Delay = 1.74> <FuncUnit> <Opcode : 'add' 'sub'> <InPorts = 2> <OutPorts = 1>
ST_2 : Operation 20 [1/1] (0.00ns)   --->   "%sum_cast = zext i10 %sum to i64" [packq.c:55]   --->   Operation 20 'zext' 'sum_cast' <Predicate = (!exitcond)> <Delay = 0.00>
ST_2 : Operation 21 [1/1] (0.00ns)   --->   "%a_addr_6 = getelementptr [935 x i8]* %a, i64 0, i64 %sum_cast" [packq.c:55]   --->   Operation 21 'getelementptr' 'a_addr_6' <Predicate = (!exitcond)> <Delay = 0.00>
ST_2 : Operation 22 [2/2] (2.77ns)   --->   "%a_load_6 = load i8* %a_addr_6, align 1" [packq.c:55]   --->   Operation 22 'load' 'a_load_6' <Predicate = (!exitcond)> <Delay = 2.77> <Core = "RAM">   --->   Core 37 'RAM' <Latency = 1> <II = 1> <Delay = 2.77> <Storage> <Opcode : 'load' 'store'> <Ports = 2> <Width = 16> <Depth = 509> <RAM>
ST_2 : Operation 23 [1/1] (0.00ns)   --->   "%a_addr = getelementptr [935 x i8]* %a, i64 0, i64 901" [packq.c:71]   --->   Operation 23 'getelementptr' 'a_addr' <Predicate = (exitcond)> <Delay = 0.00>
ST_2 : Operation 24 [2/2] (2.77ns)   --->   "%a_load = load i8* %a_addr, align 1" [packq.c:71]   --->   Operation 24 'load' 'a_load' <Predicate = (exitcond)> <Delay = 2.77> <Core = "RAM">   --->   Core 37 'RAM' <Latency = 1> <II = 1> <Delay = 2.77> <Storage> <Opcode : 'load' 'store'> <Ports = 2> <Width = 16> <Depth = 509> <RAM>
ST_2 : Operation 25 [1/1] (0.00ns)   --->   "%a_addr_1 = getelementptr [935 x i8]* %a, i64 0, i64 902" [packq.c:71]   --->   Operation 25 'getelementptr' 'a_addr_1' <Predicate = (exitcond)> <Delay = 0.00>
ST_2 : Operation 26 [2/2] (2.77ns)   --->   "%a_load_1 = load i8* %a_addr_1, align 1" [packq.c:71]   --->   Operation 26 'load' 'a_load_1' <Predicate = (exitcond)> <Delay = 2.77> <Core = "RAM">   --->   Core 37 'RAM' <Latency = 1> <II = 1> <Delay = 2.77> <Storage> <Opcode : 'load' 'store'> <Ports = 2> <Width = 16> <Depth = 509> <RAM>

State 3 <SV = 2> <Delay = 4.52>
ST_3 : Operation 27 [1/2] (2.77ns)   --->   "%a_load_6 = load i8* %a_addr_6, align 1" [packq.c:55]   --->   Operation 27 'load' 'a_load_6' <Predicate = true> <Delay = 2.77> <Core = "RAM">   --->   Core 37 'RAM' <Latency = 1> <II = 1> <Delay = 2.77> <Storage> <Opcode : 'load' 'store'> <Ports = 2> <Width = 16> <Depth = 509> <RAM>
ST_3 : Operation 28 [1/1] (1.74ns)   --->   "%sum2 = add i10 205, %phi_mul" [packq.c:55]   --->   Operation 28 'add' 'sum2' <Predicate = true> <Delay = 1.74> <Core = "AddSub">   --->   Core 14 'AddSub' <Latency = 0> <II = 1> <Delay = 1.74> <FuncUnit> <Opcode : 'add' 'sub'> <InPorts = 2> <OutPorts = 1>
ST_3 : Operation 29 [1/1] (0.00ns)   --->   "%sum2_cast = zext i10 %sum2 to i64" [packq.c:55]   --->   Operation 29 'zext' 'sum2_cast' <Predicate = true> <Delay = 0.00>
ST_3 : Operation 30 [1/1] (0.00ns)   --->   "%a_addr_7 = getelementptr [935 x i8]* %a, i64 0, i64 %sum2_cast" [packq.c:55]   --->   Operation 30 'getelementptr' 'a_addr_7' <Predicate = true> <Delay = 0.00>
ST_3 : Operation 31 [2/2] (2.77ns)   --->   "%a_load_7 = load i8* %a_addr_7, align 1" [packq.c:55]   --->   Operation 31 'load' 'a_load_7' <Predicate = true> <Delay = 2.77> <Core = "RAM">   --->   Core 37 'RAM' <Latency = 1> <II = 1> <Delay = 2.77> <Storage> <Opcode : 'load' 'store'> <Ports = 2> <Width = 16> <Depth = 509> <RAM>
ST_3 : Operation 32 [1/1] (1.74ns)   --->   "%sum4 = add i10 206, %phi_mul" [packq.c:56]   --->   Operation 32 'add' 'sum4' <Predicate = true> <Delay = 1.74> <Core = "AddSub">   --->   Core 14 'AddSub' <Latency = 0> <II = 1> <Delay = 1.74> <FuncUnit> <Opcode : 'add' 'sub'> <InPorts = 2> <OutPorts = 1>
ST_3 : Operation 33 [1/1] (0.00ns)   --->   "%sum4_cast = zext i10 %sum4 to i64" [packq.c:56]   --->   Operation 33 'zext' 'sum4_cast' <Predicate = true> <Delay = 0.00>
ST_3 : Operation 34 [1/1] (0.00ns)   --->   "%a_addr_8 = getelementptr [935 x i8]* %a, i64 0, i64 %sum4_cast" [packq.c:56]   --->   Operation 34 'getelementptr' 'a_addr_8' <Predicate = true> <Delay = 0.00>
ST_3 : Operation 35 [2/2] (2.77ns)   --->   "%a_load_8 = load i8* %a_addr_8, align 1" [packq.c:56]   --->   Operation 35 'load' 'a_load_8' <Predicate = true> <Delay = 2.77> <Core = "RAM">   --->   Core 37 'RAM' <Latency = 1> <II = 1> <Delay = 2.77> <Storage> <Opcode : 'load' 'store'> <Ports = 2> <Width = 16> <Depth = 509> <RAM>

State 4 <SV = 3> <Delay = 5.54>
ST_4 : Operation 36 [1/2] (2.77ns)   --->   "%a_load_7 = load i8* %a_addr_7, align 1" [packq.c:55]   --->   Operation 36 'load' 'a_load_7' <Predicate = true> <Delay = 2.77> <Core = "RAM">   --->   Core 37 'RAM' <Latency = 1> <II = 1> <Delay = 2.77> <Storage> <Opcode : 'load' 'store'> <Ports = 2> <Width = 16> <Depth = 509> <RAM>
ST_4 : Operation 37 [1/1] (0.00ns)   --->   "%tmp_16 = trunc i8 %a_load_7 to i3" [packq.c:55]   --->   Operation 37 'trunc' 'tmp_16' <Predicate = true> <Delay = 0.00>
ST_4 : Operation 38 [1/1] (0.00ns)   --->   "%tmp_17 = call i11 @_ssdm_op_BitConcatenate.i11.i3.i8(i3 %tmp_16, i8 %a_load_6)" [packq.c:55]   --->   Operation 38 'bitconcatenate' 'tmp_17' <Predicate = true> <Delay = 0.00>
ST_4 : Operation 39 [1/1] (0.00ns)   --->   "%tmp_18 = zext i11 %tmp_17 to i16" [packq.c:55]   --->   Operation 39 'zext' 'tmp_18' <Predicate = true> <Delay = 0.00>
ST_4 : Operation 40 [1/1] (0.00ns)   --->   "%tmp_19 = call i9 @_ssdm_op_BitConcatenate.i9.i6.i3(i6 %i, i3 0)" [packq.c:55]   --->   Operation 40 'bitconcatenate' 'tmp_19' <Predicate = true> <Delay = 0.00>
ST_4 : Operation 41 [1/1] (0.00ns)   --->   "%tmp_20 = zext i9 %tmp_19 to i64" [packq.c:55]   --->   Operation 41 'zext' 'tmp_20' <Predicate = true> <Delay = 0.00>
ST_4 : Operation 42 [1/1] (0.00ns)   --->   "%r_coeffs_addr_4 = getelementptr [509 x i16]* %r_coeffs, i64 0, i64 %tmp_20" [packq.c:55]   --->   Operation 42 'getelementptr' 'r_coeffs_addr_4' <Predicate = true> <Delay = 0.00>
ST_4 : Operation 43 [1/1] (2.77ns)   --->   "store i16 %tmp_18, i16* %r_coeffs_addr_4, align 2" [packq.c:55]   --->   Operation 43 'store' <Predicate = true> <Delay = 2.77> <Core = "RAM">   --->   Core 37 'RAM' <Latency = 1> <II = 1> <Delay = 2.77> <Storage> <Opcode : 'load' 'store'> <Ports = 2> <Width = 16> <Depth = 509> <RAM>
ST_4 : Operation 44 [1/1] (0.00ns)   --->   "%tmp_21 = call i5 @_ssdm_op_PartSelect.i5.i8.i32.i32(i8 %a_load_7, i32 3, i32 7)" [packq.c:56]   --->   Operation 44 'partselect' 'tmp_21' <Predicate = true> <Delay = 0.00>
ST_4 : Operation 45 [1/2] (2.77ns)   --->   "%a_load_8 = load i8* %a_addr_8, align 1" [packq.c:56]   --->   Operation 45 'load' 'a_load_8' <Predicate = true> <Delay = 2.77> <Core = "RAM">   --->   Core 37 'RAM' <Latency = 1> <II = 1> <Delay = 2.77> <Storage> <Opcode : 'load' 'store'> <Ports = 2> <Width = 16> <Depth = 509> <RAM>
ST_4 : Operation 46 [1/1] (0.00ns)   --->   "%tmp_22 = trunc i8 %a_load_8 to i6" [packq.c:56]   --->   Operation 46 'trunc' 'tmp_22' <Predicate = true> <Delay = 0.00>
ST_4 : Operation 47 [1/1] (0.00ns)   --->   "%tmp_23 = call i11 @_ssdm_op_BitConcatenate.i11.i6.i5(i6 %tmp_22, i5 %tmp_21)" [packq.c:56]   --->   Operation 47 'bitconcatenate' 'tmp_23' <Predicate = true> <Delay = 0.00>
ST_4 : Operation 48 [1/1] (0.00ns)   --->   "%tmp_37_cast = zext i11 %tmp_23 to i16" [packq.c:56]   --->   Operation 48 'zext' 'tmp_37_cast' <Predicate = true> <Delay = 0.00>
ST_4 : Operation 49 [1/1] (0.00ns)   --->   "%tmp_24 = or i9 %tmp_19, 1" [packq.c:56]   --->   Operation 49 'or' 'tmp_24' <Predicate = true> <Delay = 0.00>
ST_4 : Operation 50 [1/1] (0.00ns)   --->   "%tmp_25 = zext i9 %tmp_24 to i64" [packq.c:56]   --->   Operation 50 'zext' 'tmp_25' <Predicate = true> <Delay = 0.00>
ST_4 : Operation 51 [1/1] (0.00ns)   --->   "%r_coeffs_addr_5 = getelementptr [509 x i16]* %r_coeffs, i64 0, i64 %tmp_25" [packq.c:56]   --->   Operation 51 'getelementptr' 'r_coeffs_addr_5' <Predicate = true> <Delay = 0.00>
ST_4 : Operation 52 [1/1] (2.77ns)   --->   "store i16 %tmp_37_cast, i16* %r_coeffs_addr_5, align 2" [packq.c:56]   --->   Operation 52 'store' <Predicate = true> <Delay = 2.77> <Core = "RAM">   --->   Core 37 'RAM' <Latency = 1> <II = 1> <Delay = 2.77> <Storage> <Opcode : 'load' 'store'> <Ports = 2> <Width = 16> <Depth = 509> <RAM>
ST_4 : Operation 53 [1/1] (0.00ns)   --->   "%tmp_26 = call i2 @_ssdm_op_PartSelect.i2.i8.i32.i32(i8 %a_load_8, i32 6, i32 7)" [packq.c:57]   --->   Operation 53 'partselect' 'tmp_26' <Predicate = true> <Delay = 0.00>
ST_4 : Operation 54 [1/1] (1.74ns)   --->   "%sum6 = add i10 207, %phi_mul" [packq.c:57]   --->   Operation 54 'add' 'sum6' <Predicate = true> <Delay = 1.74> <Core = "AddSub">   --->   Core 14 'AddSub' <Latency = 0> <II = 1> <Delay = 1.74> <FuncUnit> <Opcode : 'add' 'sub'> <InPorts = 2> <OutPorts = 1>
ST_4 : Operation 55 [1/1] (0.00ns)   --->   "%sum6_cast = zext i10 %sum6 to i64" [packq.c:57]   --->   Operation 55 'zext' 'sum6_cast' <Predicate = true> <Delay = 0.00>
ST_4 : Operation 56 [1/1] (0.00ns)   --->   "%a_addr_9 = getelementptr [935 x i8]* %a, i64 0, i64 %sum6_cast" [packq.c:57]   --->   Operation 56 'getelementptr' 'a_addr_9' <Predicate = true> <Delay = 0.00>
ST_4 : Operation 57 [2/2] (2.77ns)   --->   "%a_load_9 = load i8* %a_addr_9, align 1" [packq.c:57]   --->   Operation 57 'load' 'a_load_9' <Predicate = true> <Delay = 2.77> <Core = "RAM">   --->   Core 37 'RAM' <Latency = 1> <II = 1> <Delay = 2.77> <Storage> <Opcode : 'load' 'store'> <Ports = 2> <Width = 16> <Depth = 509> <RAM>
ST_4 : Operation 58 [1/1] (1.74ns)   --->   "%sum8 = add i10 208, %phi_mul" [packq.c:57]   --->   Operation 58 'add' 'sum8' <Predicate = true> <Delay = 1.74> <Core = "AddSub">   --->   Core 14 'AddSub' <Latency = 0> <II = 1> <Delay = 1.74> <FuncUnit> <Opcode : 'add' 'sub'> <InPorts = 2> <OutPorts = 1>
ST_4 : Operation 59 [1/1] (0.00ns)   --->   "%sum8_cast = zext i10 %sum8 to i64" [packq.c:57]   --->   Operation 59 'zext' 'sum8_cast' <Predicate = true> <Delay = 0.00>
ST_4 : Operation 60 [1/1] (0.00ns)   --->   "%a_addr_10 = getelementptr [935 x i8]* %a, i64 0, i64 %sum8_cast" [packq.c:57]   --->   Operation 60 'getelementptr' 'a_addr_10' <Predicate = true> <Delay = 0.00>
ST_4 : Operation 61 [2/2] (2.77ns)   --->   "%a_load_10 = load i8* %a_addr_10, align 1" [packq.c:57]   --->   Operation 61 'load' 'a_load_10' <Predicate = true> <Delay = 2.77> <Core = "RAM">   --->   Core 37 'RAM' <Latency = 1> <II = 1> <Delay = 2.77> <Storage> <Opcode : 'load' 'store'> <Ports = 2> <Width = 16> <Depth = 509> <RAM>

State 5 <SV = 4> <Delay = 6.41>
ST_5 : Operation 62 [1/1] (0.00ns)   --->   "%tmp_27 = zext i2 %tmp_26 to i8" [packq.c:57]   --->   Operation 62 'zext' 'tmp_27' <Predicate = true> <Delay = 0.00>
ST_5 : Operation 63 [1/2] (2.77ns)   --->   "%a_load_9 = load i8* %a_addr_9, align 1" [packq.c:57]   --->   Operation 63 'load' 'a_load_9' <Predicate = true> <Delay = 2.77> <Core = "RAM">   --->   Core 37 'RAM' <Latency = 1> <II = 1> <Delay = 2.77> <Storage> <Opcode : 'load' 'store'> <Ports = 2> <Width = 16> <Depth = 509> <RAM>
ST_5 : Operation 64 [1/1] (0.00ns)   --->   "%tmp_28 = call i10 @_ssdm_op_BitConcatenate.i10.i8.i2(i8 %a_load_9, i2 0)" [packq.c:57]   --->   Operation 64 'bitconcatenate' 'tmp_28' <Predicate = true> <Delay = 0.00>
ST_5 : Operation 65 [1/2] (2.77ns)   --->   "%a_load_10 = load i8* %a_addr_10, align 1" [packq.c:57]   --->   Operation 65 'load' 'a_load_10' <Predicate = true> <Delay = 2.77> <Core = "RAM">   --->   Core 37 'RAM' <Latency = 1> <II = 1> <Delay = 2.77> <Storage> <Opcode : 'load' 'store'> <Ports = 2> <Width = 16> <Depth = 509> <RAM>
ST_5 : Operation 66 [1/1] (0.00ns)   --->   "%tmp_29 = trunc i8 %a_load_10 to i1" [packq.c:57]   --->   Operation 66 'trunc' 'tmp_29' <Predicate = true> <Delay = 0.00>
ST_5 : Operation 67 [1/1] (0.00ns)   --->   "%tmp_30 = call i10 @_ssdm_op_BitConcatenate.i10.i2.i8(i2 0, i8 %tmp_27)" [packq.c:57]   --->   Operation 67 'bitconcatenate' 'tmp_30' <Predicate = true> <Delay = 0.00>
ST_5 : Operation 68 [1/1] (0.87ns)   --->   "%tmp_31 = or i10 %tmp_30, %tmp_28" [packq.c:57]   --->   Operation 68 'or' 'tmp_31' <Predicate = true> <Delay = 0.87> <Core = "LogicGate">   --->   Core 27 'LogicGate' <Latency = 0> <II = 1> <Delay = 0.87> <FuncUnit> <Opcode : 'and' 'or' 'xor'> <InPorts = 2> <OutPorts = 1>
ST_5 : Operation 69 [1/1] (0.00ns)   --->   "%tmp_32 = call i11 @_ssdm_op_BitConcatenate.i11.i1.i10(i1 %tmp_29, i10 %tmp_31)" [packq.c:57]   --->   Operation 69 'bitconcatenate' 'tmp_32' <Predicate = true> <Delay = 0.00>
ST_5 : Operation 70 [1/1] (0.00ns)   --->   "%tmp_51_cast = zext i11 %tmp_32 to i16" [packq.c:57]   --->   Operation 70 'zext' 'tmp_51_cast' <Predicate = true> <Delay = 0.00>
ST_5 : Operation 71 [1/1] (0.00ns)   --->   "%tmp_33 = or i9 %tmp_19, 2" [packq.c:57]   --->   Operation 71 'or' 'tmp_33' <Predicate = true> <Delay = 0.00>
ST_5 : Operation 72 [1/1] (0.00ns)   --->   "%tmp_34 = zext i9 %tmp_33 to i64" [packq.c:57]   --->   Operation 72 'zext' 'tmp_34' <Predicate = true> <Delay = 0.00>
ST_5 : Operation 73 [1/1] (0.00ns)   --->   "%r_coeffs_addr_6 = getelementptr [509 x i16]* %r_coeffs, i64 0, i64 %tmp_34" [packq.c:57]   --->   Operation 73 'getelementptr' 'r_coeffs_addr_6' <Predicate = true> <Delay = 0.00>
ST_5 : Operation 74 [1/1] (2.77ns)   --->   "store i16 %tmp_51_cast, i16* %r_coeffs_addr_6, align 2" [packq.c:57]   --->   Operation 74 'store' <Predicate = true> <Delay = 2.77> <Core = "RAM">   --->   Core 37 'RAM' <Latency = 1> <II = 1> <Delay = 2.77> <Storage> <Opcode : 'load' 'store'> <Ports = 2> <Width = 16> <Depth = 509> <RAM>
ST_5 : Operation 75 [1/1] (0.00ns)   --->   "%tmp_35 = call i7 @_ssdm_op_PartSelect.i7.i8.i32.i32(i8 %a_load_10, i32 1, i32 7)" [packq.c:58]   --->   Operation 75 'partselect' 'tmp_35' <Predicate = true> <Delay = 0.00>
ST_5 : Operation 76 [1/1] (1.74ns)   --->   "%sum1 = add i10 209, %phi_mul" [packq.c:58]   --->   Operation 76 'add' 'sum1' <Predicate = true> <Delay = 1.74> <Core = "AddSub">   --->   Core 14 'AddSub' <Latency = 0> <II = 1> <Delay = 1.74> <FuncUnit> <Opcode : 'add' 'sub'> <InPorts = 2> <OutPorts = 1>
ST_5 : Operation 77 [1/1] (0.00ns)   --->   "%sum1_cast = zext i10 %sum1 to i64" [packq.c:58]   --->   Operation 77 'zext' 'sum1_cast' <Predicate = true> <Delay = 0.00>
ST_5 : Operation 78 [1/1] (0.00ns)   --->   "%a_addr_11 = getelementptr [935 x i8]* %a, i64 0, i64 %sum1_cast" [packq.c:58]   --->   Operation 78 'getelementptr' 'a_addr_11' <Predicate = true> <Delay = 0.00>
ST_5 : Operation 79 [2/2] (2.77ns)   --->   "%a_load_11 = load i8* %a_addr_11, align 1" [packq.c:58]   --->   Operation 79 'load' 'a_load_11' <Predicate = true> <Delay = 2.77> <Core = "RAM">   --->   Core 37 'RAM' <Latency = 1> <II = 1> <Delay = 2.77> <Storage> <Opcode : 'load' 'store'> <Ports = 2> <Width = 16> <Depth = 509> <RAM>
ST_5 : Operation 80 [1/1] (1.74ns)   --->   "%sum3 = add i10 210, %phi_mul" [packq.c:59]   --->   Operation 80 'add' 'sum3' <Predicate = true> <Delay = 1.74> <Core = "AddSub">   --->   Core 14 'AddSub' <Latency = 0> <II = 1> <Delay = 1.74> <FuncUnit> <Opcode : 'add' 'sub'> <InPorts = 2> <OutPorts = 1>
ST_5 : Operation 81 [1/1] (0.00ns)   --->   "%sum3_cast = zext i10 %sum3 to i64" [packq.c:59]   --->   Operation 81 'zext' 'sum3_cast' <Predicate = true> <Delay = 0.00>
ST_5 : Operation 82 [1/1] (0.00ns)   --->   "%a_addr_12 = getelementptr [935 x i8]* %a, i64 0, i64 %sum3_cast" [packq.c:59]   --->   Operation 82 'getelementptr' 'a_addr_12' <Predicate = true> <Delay = 0.00>
ST_5 : Operation 83 [2/2] (2.77ns)   --->   "%a_load_12 = load i8* %a_addr_12, align 1" [packq.c:59]   --->   Operation 83 'load' 'a_load_12' <Predicate = true> <Delay = 2.77> <Core = "RAM">   --->   Core 37 'RAM' <Latency = 1> <II = 1> <Delay = 2.77> <Storage> <Opcode : 'load' 'store'> <Ports = 2> <Width = 16> <Depth = 509> <RAM>

State 6 <SV = 5> <Delay = 5.54>
ST_6 : Operation 84 [1/2] (2.77ns)   --->   "%a_load_11 = load i8* %a_addr_11, align 1" [packq.c:58]   --->   Operation 84 'load' 'a_load_11' <Predicate = true> <Delay = 2.77> <Core = "RAM">   --->   Core 37 'RAM' <Latency = 1> <II = 1> <Delay = 2.77> <Storage> <Opcode : 'load' 'store'> <Ports = 2> <Width = 16> <Depth = 509> <RAM>
ST_6 : Operation 85 [1/1] (0.00ns)   --->   "%tmp_36 = trunc i8 %a_load_11 to i4" [packq.c:58]   --->   Operation 85 'trunc' 'tmp_36' <Predicate = true> <Delay = 0.00>
ST_6 : Operation 86 [1/1] (0.00ns)   --->   "%tmp_37 = call i11 @_ssdm_op_BitConcatenate.i11.i4.i7(i4 %tmp_36, i7 %tmp_35)" [packq.c:58]   --->   Operation 86 'bitconcatenate' 'tmp_37' <Predicate = true> <Delay = 0.00>
ST_6 : Operation 87 [1/1] (0.00ns)   --->   "%tmp_60_cast = zext i11 %tmp_37 to i16" [packq.c:58]   --->   Operation 87 'zext' 'tmp_60_cast' <Predicate = true> <Delay = 0.00>
ST_6 : Operation 88 [1/1] (0.00ns)   --->   "%tmp_38 = or i9 %tmp_19, 3" [packq.c:58]   --->   Operation 88 'or' 'tmp_38' <Predicate = true> <Delay = 0.00>
ST_6 : Operation 89 [1/1] (0.00ns)   --->   "%tmp_39 = zext i9 %tmp_38 to i64" [packq.c:58]   --->   Operation 89 'zext' 'tmp_39' <Predicate = true> <Delay = 0.00>
ST_6 : Operation 90 [1/1] (0.00ns)   --->   "%r_coeffs_addr_7 = getelementptr [509 x i16]* %r_coeffs, i64 0, i64 %tmp_39" [packq.c:58]   --->   Operation 90 'getelementptr' 'r_coeffs_addr_7' <Predicate = true> <Delay = 0.00>
ST_6 : Operation 91 [1/1] (2.77ns)   --->   "store i16 %tmp_60_cast, i16* %r_coeffs_addr_7, align 2" [packq.c:58]   --->   Operation 91 'store' <Predicate = true> <Delay = 2.77> <Core = "RAM">   --->   Core 37 'RAM' <Latency = 1> <II = 1> <Delay = 2.77> <Storage> <Opcode : 'load' 'store'> <Ports = 2> <Width = 16> <Depth = 509> <RAM>
ST_6 : Operation 92 [1/1] (0.00ns)   --->   "%tmp_40 = call i4 @_ssdm_op_PartSelect.i4.i8.i32.i32(i8 %a_load_11, i32 4, i32 7)" [packq.c:59]   --->   Operation 92 'partselect' 'tmp_40' <Predicate = true> <Delay = 0.00>
ST_6 : Operation 93 [1/2] (2.77ns)   --->   "%a_load_12 = load i8* %a_addr_12, align 1" [packq.c:59]   --->   Operation 93 'load' 'a_load_12' <Predicate = true> <Delay = 2.77> <Core = "RAM">   --->   Core 37 'RAM' <Latency = 1> <II = 1> <Delay = 2.77> <Storage> <Opcode : 'load' 'store'> <Ports = 2> <Width = 16> <Depth = 509> <RAM>
ST_6 : Operation 94 [1/1] (0.00ns)   --->   "%tmp_41 = trunc i8 %a_load_12 to i7" [packq.c:59]   --->   Operation 94 'trunc' 'tmp_41' <Predicate = true> <Delay = 0.00>
ST_6 : Operation 95 [1/1] (0.00ns)   --->   "%tmp_42 = call i11 @_ssdm_op_BitConcatenate.i11.i7.i4(i7 %tmp_41, i4 %tmp_40)" [packq.c:59]   --->   Operation 95 'bitconcatenate' 'tmp_42' <Predicate = true> <Delay = 0.00>
ST_6 : Operation 96 [1/1] (0.00ns)   --->   "%tmp_69_cast = zext i11 %tmp_42 to i16" [packq.c:59]   --->   Operation 96 'zext' 'tmp_69_cast' <Predicate = true> <Delay = 0.00>
ST_6 : Operation 97 [1/1] (0.00ns)   --->   "%tmp_43 = or i9 %tmp_19, 4" [packq.c:59]   --->   Operation 97 'or' 'tmp_43' <Predicate = true> <Delay = 0.00>
ST_6 : Operation 98 [1/1] (0.00ns)   --->   "%tmp_44 = zext i9 %tmp_43 to i64" [packq.c:59]   --->   Operation 98 'zext' 'tmp_44' <Predicate = true> <Delay = 0.00>
ST_6 : Operation 99 [1/1] (0.00ns)   --->   "%r_coeffs_addr_8 = getelementptr [509 x i16]* %r_coeffs, i64 0, i64 %tmp_44" [packq.c:59]   --->   Operation 99 'getelementptr' 'r_coeffs_addr_8' <Predicate = true> <Delay = 0.00>
ST_6 : Operation 100 [1/1] (2.77ns)   --->   "store i16 %tmp_69_cast, i16* %r_coeffs_addr_8, align 2" [packq.c:59]   --->   Operation 100 'store' <Predicate = true> <Delay = 2.77> <Core = "RAM">   --->   Core 37 'RAM' <Latency = 1> <II = 1> <Delay = 2.77> <Storage> <Opcode : 'load' 'store'> <Ports = 2> <Width = 16> <Depth = 509> <RAM>
ST_6 : Operation 101 [1/1] (0.00ns)   --->   "%tmp_45 = call i1 @_ssdm_op_BitSelect.i1.i8.i32(i8 %a_load_12, i32 7)" [packq.c:60]   --->   Operation 101 'bitselect' 'tmp_45' <Predicate = true> <Delay = 0.00>
ST_6 : Operation 102 [1/1] (1.74ns)   --->   "%sum5 = add i10 211, %phi_mul" [packq.c:60]   --->   Operation 102 'add' 'sum5' <Predicate = true> <Delay = 1.74> <Core = "AddSub">   --->   Core 14 'AddSub' <Latency = 0> <II = 1> <Delay = 1.74> <FuncUnit> <Opcode : 'add' 'sub'> <InPorts = 2> <OutPorts = 1>
ST_6 : Operation 103 [1/1] (0.00ns)   --->   "%sum5_cast = zext i10 %sum5 to i64" [packq.c:60]   --->   Operation 103 'zext' 'sum5_cast' <Predicate = true> <Delay = 0.00>
ST_6 : Operation 104 [1/1] (0.00ns)   --->   "%a_addr_13 = getelementptr [935 x i8]* %a, i64 0, i64 %sum5_cast" [packq.c:60]   --->   Operation 104 'getelementptr' 'a_addr_13' <Predicate = true> <Delay = 0.00>
ST_6 : Operation 105 [2/2] (2.77ns)   --->   "%a_load_13 = load i8* %a_addr_13, align 1" [packq.c:60]   --->   Operation 105 'load' 'a_load_13' <Predicate = true> <Delay = 2.77> <Core = "RAM">   --->   Core 37 'RAM' <Latency = 1> <II = 1> <Delay = 2.77> <Storage> <Opcode : 'load' 'store'> <Ports = 2> <Width = 16> <Depth = 509> <RAM>
ST_6 : Operation 106 [1/1] (1.74ns)   --->   "%sum7 = add i10 212, %phi_mul" [packq.c:60]   --->   Operation 106 'add' 'sum7' <Predicate = true> <Delay = 1.74> <Core = "AddSub">   --->   Core 14 'AddSub' <Latency = 0> <II = 1> <Delay = 1.74> <FuncUnit> <Opcode : 'add' 'sub'> <InPorts = 2> <OutPorts = 1>
ST_6 : Operation 107 [1/1] (0.00ns)   --->   "%sum7_cast = zext i10 %sum7 to i64" [packq.c:60]   --->   Operation 107 'zext' 'sum7_cast' <Predicate = true> <Delay = 0.00>
ST_6 : Operation 108 [1/1] (0.00ns)   --->   "%a_addr_14 = getelementptr [935 x i8]* %a, i64 0, i64 %sum7_cast" [packq.c:60]   --->   Operation 108 'getelementptr' 'a_addr_14' <Predicate = true> <Delay = 0.00>
ST_6 : Operation 109 [2/2] (2.77ns)   --->   "%a_load_14 = load i8* %a_addr_14, align 1" [packq.c:60]   --->   Operation 109 'load' 'a_load_14' <Predicate = true> <Delay = 2.77> <Core = "RAM">   --->   Core 37 'RAM' <Latency = 1> <II = 1> <Delay = 2.77> <Storage> <Opcode : 'load' 'store'> <Ports = 2> <Width = 16> <Depth = 509> <RAM>

State 7 <SV = 6> <Delay = 6.38>
ST_7 : Operation 110 [1/1] (1.74ns)   --->   "%next_mul = add i10 11, %phi_mul"   --->   Operation 110 'add' 'next_mul' <Predicate = true> <Delay = 1.74> <Core = "AddSub">   --->   Core 14 'AddSub' <Latency = 0> <II = 1> <Delay = 1.74> <FuncUnit> <Opcode : 'add' 'sub'> <InPorts = 2> <OutPorts = 1>
ST_7 : Operation 111 [1/1] (0.00ns)   --->   "%tmp_46 = zext i1 %tmp_45 to i8" [packq.c:60]   --->   Operation 111 'zext' 'tmp_46' <Predicate = true> <Delay = 0.00>
ST_7 : Operation 112 [1/2] (2.77ns)   --->   "%a_load_13 = load i8* %a_addr_13, align 1" [packq.c:60]   --->   Operation 112 'load' 'a_load_13' <Predicate = true> <Delay = 2.77> <Core = "RAM">   --->   Core 37 'RAM' <Latency = 1> <II = 1> <Delay = 2.77> <Storage> <Opcode : 'load' 'store'> <Ports = 2> <Width = 16> <Depth = 509> <RAM>
ST_7 : Operation 113 [1/1] (0.00ns)   --->   "%tmp_47 = call i9 @_ssdm_op_BitConcatenate.i9.i8.i1(i8 %a_load_13, i1 false)" [packq.c:60]   --->   Operation 113 'bitconcatenate' 'tmp_47' <Predicate = true> <Delay = 0.00>
ST_7 : Operation 114 [1/2] (2.77ns)   --->   "%a_load_14 = load i8* %a_addr_14, align 1" [packq.c:60]   --->   Operation 114 'load' 'a_load_14' <Predicate = true> <Delay = 2.77> <Core = "RAM">   --->   Core 37 'RAM' <Latency = 1> <II = 1> <Delay = 2.77> <Storage> <Opcode : 'load' 'store'> <Ports = 2> <Width = 16> <Depth = 509> <RAM>
ST_7 : Operation 115 [1/1] (0.00ns)   --->   "%tmp_48 = trunc i8 %a_load_14 to i2" [packq.c:60]   --->   Operation 115 'trunc' 'tmp_48' <Predicate = true> <Delay = 0.00>
ST_7 : Operation 116 [1/1] (0.00ns)   --->   "%tmp_49 = call i9 @_ssdm_op_BitConcatenate.i9.i1.i8(i1 false, i8 %tmp_46)" [packq.c:60]   --->   Operation 116 'bitconcatenate' 'tmp_49' <Predicate = true> <Delay = 0.00>
ST_7 : Operation 117 [1/1] (0.83ns)   --->   "%tmp_50 = or i9 %tmp_49, %tmp_47" [packq.c:60]   --->   Operation 117 'or' 'tmp_50' <Predicate = true> <Delay = 0.83> <Core = "LogicGate">   --->   Core 27 'LogicGate' <Latency = 0> <II = 1> <Delay = 0.87> <FuncUnit> <Opcode : 'and' 'or' 'xor'> <InPorts = 2> <OutPorts = 1>
ST_7 : Operation 118 [1/1] (0.00ns)   --->   "%tmp_51 = call i11 @_ssdm_op_BitConcatenate.i11.i2.i9(i2 %tmp_48, i9 %tmp_50)" [packq.c:60]   --->   Operation 118 'bitconcatenate' 'tmp_51' <Predicate = true> <Delay = 0.00>
ST_7 : Operation 119 [1/1] (0.00ns)   --->   "%tmp_83_cast = zext i11 %tmp_51 to i16" [packq.c:60]   --->   Operation 119 'zext' 'tmp_83_cast' <Predicate = true> <Delay = 0.00>
ST_7 : Operation 120 [1/1] (0.00ns)   --->   "%tmp_52 = or i9 %tmp_19, 5" [packq.c:60]   --->   Operation 120 'or' 'tmp_52' <Predicate = true> <Delay = 0.00>
ST_7 : Operation 121 [1/1] (0.00ns)   --->   "%tmp_53 = zext i9 %tmp_52 to i64" [packq.c:60]   --->   Operation 121 'zext' 'tmp_53' <Predicate = true> <Delay = 0.00>
ST_7 : Operation 122 [1/1] (0.00ns)   --->   "%r_coeffs_addr_9 = getelementptr [509 x i16]* %r_coeffs, i64 0, i64 %tmp_53" [packq.c:60]   --->   Operation 122 'getelementptr' 'r_coeffs_addr_9' <Predicate = true> <Delay = 0.00>
ST_7 : Operation 123 [1/1] (2.77ns)   --->   "store i16 %tmp_83_cast, i16* %r_coeffs_addr_9, align 2" [packq.c:60]   --->   Operation 123 'store' <Predicate = true> <Delay = 2.77> <Core = "RAM">   --->   Core 37 'RAM' <Latency = 1> <II = 1> <Delay = 2.77> <Storage> <Opcode : 'load' 'store'> <Ports = 2> <Width = 16> <Depth = 509> <RAM>
ST_7 : Operation 124 [1/1] (0.00ns)   --->   "%tmp_54 = call i6 @_ssdm_op_PartSelect.i6.i8.i32.i32(i8 %a_load_14, i32 2, i32 7)" [packq.c:61]   --->   Operation 124 'partselect' 'tmp_54' <Predicate = true> <Delay = 0.00>
ST_7 : Operation 125 [1/1] (1.74ns)   --->   "%sum9 = add i10 213, %phi_mul" [packq.c:61]   --->   Operation 125 'add' 'sum9' <Predicate = true> <Delay = 1.74> <Core = "AddSub">   --->   Core 14 'AddSub' <Latency = 0> <II = 1> <Delay = 1.74> <FuncUnit> <Opcode : 'add' 'sub'> <InPorts = 2> <OutPorts = 1>
ST_7 : Operation 126 [1/1] (0.00ns)   --->   "%sum9_cast = zext i10 %sum9 to i64" [packq.c:61]   --->   Operation 126 'zext' 'sum9_cast' <Predicate = true> <Delay = 0.00>
ST_7 : Operation 127 [1/1] (0.00ns)   --->   "%a_addr_15 = getelementptr [935 x i8]* %a, i64 0, i64 %sum9_cast" [packq.c:61]   --->   Operation 127 'getelementptr' 'a_addr_15' <Predicate = true> <Delay = 0.00>
ST_7 : Operation 128 [2/2] (2.77ns)   --->   "%a_load_15 = load i8* %a_addr_15, align 1" [packq.c:61]   --->   Operation 128 'load' 'a_load_15' <Predicate = true> <Delay = 2.77> <Core = "RAM">   --->   Core 37 'RAM' <Latency = 1> <II = 1> <Delay = 2.77> <Storage> <Opcode : 'load' 'store'> <Ports = 2> <Width = 16> <Depth = 509> <RAM>
ST_7 : Operation 129 [1/1] (1.74ns)   --->   "%sum10 = add i10 214, %phi_mul" [packq.c:62]   --->   Operation 129 'add' 'sum10' <Predicate = true> <Delay = 1.74> <Core = "AddSub">   --->   Core 14 'AddSub' <Latency = 0> <II = 1> <Delay = 1.74> <FuncUnit> <Opcode : 'add' 'sub'> <InPorts = 2> <OutPorts = 1>
ST_7 : Operation 130 [1/1] (0.00ns)   --->   "%sum10_cast = zext i10 %sum10 to i64" [packq.c:62]   --->   Operation 130 'zext' 'sum10_cast' <Predicate = true> <Delay = 0.00>
ST_7 : Operation 131 [1/1] (0.00ns)   --->   "%a_addr_16 = getelementptr [935 x i8]* %a, i64 0, i64 %sum10_cast" [packq.c:62]   --->   Operation 131 'getelementptr' 'a_addr_16' <Predicate = true> <Delay = 0.00>
ST_7 : Operation 132 [2/2] (2.77ns)   --->   "%a_load_16 = load i8* %a_addr_16, align 1" [packq.c:62]   --->   Operation 132 'load' 'a_load_16' <Predicate = true> <Delay = 2.77> <Core = "RAM">   --->   Core 37 'RAM' <Latency = 1> <II = 1> <Delay = 2.77> <Storage> <Opcode : 'load' 'store'> <Ports = 2> <Width = 16> <Depth = 509> <RAM>

State 8 <SV = 7> <Delay = 5.54>
ST_8 : Operation 133 [1/2] (2.77ns)   --->   "%a_load_15 = load i8* %a_addr_15, align 1" [packq.c:61]   --->   Operation 133 'load' 'a_load_15' <Predicate = true> <Delay = 2.77> <Core = "RAM">   --->   Core 37 'RAM' <Latency = 1> <II = 1> <Delay = 2.77> <Storage> <Opcode : 'load' 'store'> <Ports = 2> <Width = 16> <Depth = 509> <RAM>
ST_8 : Operation 134 [1/1] (0.00ns)   --->   "%tmp_55 = trunc i8 %a_load_15 to i5" [packq.c:61]   --->   Operation 134 'trunc' 'tmp_55' <Predicate = true> <Delay = 0.00>
ST_8 : Operation 135 [1/1] (0.00ns)   --->   "%tmp_56 = call i11 @_ssdm_op_BitConcatenate.i11.i5.i6(i5 %tmp_55, i6 %tmp_54)" [packq.c:61]   --->   Operation 135 'bitconcatenate' 'tmp_56' <Predicate = true> <Delay = 0.00>
ST_8 : Operation 136 [1/1] (0.00ns)   --->   "%tmp_92_cast = zext i11 %tmp_56 to i16" [packq.c:61]   --->   Operation 136 'zext' 'tmp_92_cast' <Predicate = true> <Delay = 0.00>
ST_8 : Operation 137 [1/1] (0.00ns)   --->   "%tmp_57 = or i9 %tmp_19, 6" [packq.c:61]   --->   Operation 137 'or' 'tmp_57' <Predicate = true> <Delay = 0.00>
ST_8 : Operation 138 [1/1] (0.00ns)   --->   "%tmp_58 = zext i9 %tmp_57 to i64" [packq.c:61]   --->   Operation 138 'zext' 'tmp_58' <Predicate = true> <Delay = 0.00>
ST_8 : Operation 139 [1/1] (0.00ns)   --->   "%r_coeffs_addr_10 = getelementptr [509 x i16]* %r_coeffs, i64 0, i64 %tmp_58" [packq.c:61]   --->   Operation 139 'getelementptr' 'r_coeffs_addr_10' <Predicate = true> <Delay = 0.00>
ST_8 : Operation 140 [1/1] (2.77ns)   --->   "store i16 %tmp_92_cast, i16* %r_coeffs_addr_10, align 2" [packq.c:61]   --->   Operation 140 'store' <Predicate = true> <Delay = 2.77> <Core = "RAM">   --->   Core 37 'RAM' <Latency = 1> <II = 1> <Delay = 2.77> <Storage> <Opcode : 'load' 'store'> <Ports = 2> <Width = 16> <Depth = 509> <RAM>
ST_8 : Operation 141 [1/1] (0.00ns)   --->   "%tmp_59 = call i3 @_ssdm_op_PartSelect.i3.i8.i32.i32(i8 %a_load_15, i32 5, i32 7)" [packq.c:62]   --->   Operation 141 'partselect' 'tmp_59' <Predicate = true> <Delay = 0.00>
ST_8 : Operation 142 [1/2] (2.77ns)   --->   "%a_load_16 = load i8* %a_addr_16, align 1" [packq.c:62]   --->   Operation 142 'load' 'a_load_16' <Predicate = true> <Delay = 2.77> <Core = "RAM">   --->   Core 37 'RAM' <Latency = 1> <II = 1> <Delay = 2.77> <Storage> <Opcode : 'load' 'store'> <Ports = 2> <Width = 16> <Depth = 509> <RAM>
ST_8 : Operation 143 [1/1] (0.00ns)   --->   "%tmp_60 = call i11 @_ssdm_op_BitConcatenate.i11.i8.i3(i8 %a_load_16, i3 %tmp_59)" [packq.c:62]   --->   Operation 143 'bitconcatenate' 'tmp_60' <Predicate = true> <Delay = 0.00>
ST_8 : Operation 144 [1/1] (0.00ns)   --->   "%tmp_100_cast = zext i11 %tmp_60 to i16" [packq.c:62]   --->   Operation 144 'zext' 'tmp_100_cast' <Predicate = true> <Delay = 0.00>
ST_8 : Operation 145 [1/1] (0.00ns)   --->   "%tmp_61 = or i9 %tmp_19, 7" [packq.c:62]   --->   Operation 145 'or' 'tmp_61' <Predicate = true> <Delay = 0.00>
ST_8 : Operation 146 [1/1] (0.00ns)   --->   "%tmp_62 = zext i9 %tmp_61 to i64" [packq.c:62]   --->   Operation 146 'zext' 'tmp_62' <Predicate = true> <Delay = 0.00>
ST_8 : Operation 147 [1/1] (0.00ns)   --->   "%r_coeffs_addr_11 = getelementptr [509 x i16]* %r_coeffs, i64 0, i64 %tmp_62" [packq.c:62]   --->   Operation 147 'getelementptr' 'r_coeffs_addr_11' <Predicate = true> <Delay = 0.00>
ST_8 : Operation 148 [1/1] (2.77ns)   --->   "store i16 %tmp_100_cast, i16* %r_coeffs_addr_11, align 2" [packq.c:62]   --->   Operation 148 'store' <Predicate = true> <Delay = 2.77> <Core = "RAM">   --->   Core 37 'RAM' <Latency = 1> <II = 1> <Delay = 2.77> <Storage> <Opcode : 'load' 'store'> <Ports = 2> <Width = 16> <Depth = 509> <RAM>
ST_8 : Operation 149 [1/1] (0.00ns)   --->   "br label %1" [packq.c:53]   --->   Operation 149 'br' <Predicate = true> <Delay = 0.00>

State 9 <SV = 2> <Delay = 5.54>
ST_9 : Operation 150 [1/2] (2.77ns)   --->   "%a_load = load i8* %a_addr, align 1" [packq.c:71]   --->   Operation 150 'load' 'a_load' <Predicate = true> <Delay = 2.77> <Core = "RAM">   --->   Core 37 'RAM' <Latency = 1> <II = 1> <Delay = 2.77> <Storage> <Opcode : 'load' 'store'> <Ports = 2> <Width = 16> <Depth = 509> <RAM>
ST_9 : Operation 151 [1/1] (0.00ns)   --->   "%tmp_s = call i7 @_ssdm_op_PartSelect.i7.i8.i32.i32(i8 %a_load, i32 1, i32 7)" [packq.c:71]   --->   Operation 151 'partselect' 'tmp_s' <Predicate = true> <Delay = 0.00>
ST_9 : Operation 152 [1/2] (2.77ns)   --->   "%a_load_1 = load i8* %a_addr_1, align 1" [packq.c:71]   --->   Operation 152 'load' 'a_load_1' <Predicate = true> <Delay = 2.77> <Core = "RAM">   --->   Core 37 'RAM' <Latency = 1> <II = 1> <Delay = 2.77> <Storage> <Opcode : 'load' 'store'> <Ports = 2> <Width = 16> <Depth = 509> <RAM>
ST_9 : Operation 153 [1/1] (0.00ns)   --->   "%tmp = trunc i8 %a_load_1 to i4" [packq.c:71]   --->   Operation 153 'trunc' 'tmp' <Predicate = true> <Delay = 0.00>
ST_9 : Operation 154 [1/1] (0.00ns)   --->   "%tmp_8 = call i11 @_ssdm_op_BitConcatenate.i11.i4.i7(i4 %tmp, i7 %tmp_s)" [packq.c:71]   --->   Operation 154 'bitconcatenate' 'tmp_8' <Predicate = true> <Delay = 0.00>
ST_9 : Operation 155 [1/1] (0.00ns)   --->   "%tmp_8_cast = zext i11 %tmp_8 to i16" [packq.c:71]   --->   Operation 155 'zext' 'tmp_8_cast' <Predicate = true> <Delay = 0.00>
ST_9 : Operation 156 [1/1] (0.00ns)   --->   "%r_coeffs_addr = getelementptr [509 x i16]* %r_coeffs, i64 0, i64 507" [packq.c:71]   --->   Operation 156 'getelementptr' 'r_coeffs_addr' <Predicate = true> <Delay = 0.00>
ST_9 : Operation 157 [1/1] (2.77ns)   --->   "store i16 %tmp_8_cast, i16* %r_coeffs_addr, align 2" [packq.c:71]   --->   Operation 157 'store' <Predicate = true> <Delay = 2.77> <Core = "RAM">   --->   Core 37 'RAM' <Latency = 1> <II = 1> <Delay = 2.77> <Storage> <Opcode : 'load' 'store'> <Ports = 2> <Width = 16> <Depth = 509> <RAM>
ST_9 : Operation 158 [1/1] (0.00ns)   --->   "%a_addr_2 = getelementptr [935 x i8]* %a, i64 0, i64 899" [packq.c:72]   --->   Operation 158 'getelementptr' 'a_addr_2' <Predicate = true> <Delay = 0.00>
ST_9 : Operation 159 [2/2] (2.77ns)   --->   "%a_load_2 = load i8* %a_addr_2, align 1" [packq.c:72]   --->   Operation 159 'load' 'a_load_2' <Predicate = true> <Delay = 2.77> <Core = "RAM">   --->   Core 37 'RAM' <Latency = 1> <II = 1> <Delay = 2.77> <Storage> <Opcode : 'load' 'store'> <Ports = 2> <Width = 16> <Depth = 509> <RAM>
ST_9 : Operation 160 [1/1] (0.00ns)   --->   "%a_addr_3 = getelementptr [935 x i8]* %a, i64 0, i64 900" [packq.c:72]   --->   Operation 160 'getelementptr' 'a_addr_3' <Predicate = true> <Delay = 0.00>
ST_9 : Operation 161 [2/2] (2.77ns)   --->   "%a_load_3 = load i8* %a_addr_3, align 1" [packq.c:72]   --->   Operation 161 'load' 'a_load_3' <Predicate = true> <Delay = 2.77> <Core = "RAM">   --->   Core 37 'RAM' <Latency = 1> <II = 1> <Delay = 2.77> <Storage> <Opcode : 'load' 'store'> <Ports = 2> <Width = 16> <Depth = 509> <RAM>
ST_9 : Operation 162 [1/1] (0.00ns)   --->   "%tmp_10 = trunc i8 %a_load to i1" [packq.c:71]   --->   Operation 162 'trunc' 'tmp_10' <Predicate = true> <Delay = 0.00>

State 10 <SV = 3> <Delay = 6.41>
ST_10 : Operation 163 [1/2] (2.77ns)   --->   "%a_load_2 = load i8* %a_addr_2, align 1" [packq.c:72]   --->   Operation 163 'load' 'a_load_2' <Predicate = true> <Delay = 2.77> <Core = "RAM">   --->   Core 37 'RAM' <Latency = 1> <II = 1> <Delay = 2.77> <Storage> <Opcode : 'load' 'store'> <Ports = 2> <Width = 16> <Depth = 509> <RAM>
ST_10 : Operation 164 [1/1] (0.00ns)   --->   "%tmp_1 = call i2 @_ssdm_op_PartSelect.i2.i8.i32.i32(i8 %a_load_2, i32 6, i32 7)" [packq.c:72]   --->   Operation 164 'partselect' 'tmp_1' <Predicate = true> <Delay = 0.00>
ST_10 : Operation 165 [1/1] (0.00ns)   --->   "%tmp_6 = zext i2 %tmp_1 to i8" [packq.c:72]   --->   Operation 165 'zext' 'tmp_6' <Predicate = true> <Delay = 0.00>
ST_10 : Operation 166 [1/2] (2.77ns)   --->   "%a_load_3 = load i8* %a_addr_3, align 1" [packq.c:72]   --->   Operation 166 'load' 'a_load_3' <Predicate = true> <Delay = 2.77> <Core = "RAM">   --->   Core 37 'RAM' <Latency = 1> <II = 1> <Delay = 2.77> <Storage> <Opcode : 'load' 'store'> <Ports = 2> <Width = 16> <Depth = 509> <RAM>
ST_10 : Operation 167 [1/1] (0.00ns)   --->   "%tmp_3 = call i10 @_ssdm_op_BitConcatenate.i10.i8.i2(i8 %a_load_3, i2 0)" [packq.c:72]   --->   Operation 167 'bitconcatenate' 'tmp_3' <Predicate = true> <Delay = 0.00>
ST_10 : Operation 168 [1/1] (0.00ns)   --->   "%tmp_5 = call i10 @_ssdm_op_BitConcatenate.i10.i2.i8(i2 0, i8 %tmp_6)" [packq.c:72]   --->   Operation 168 'bitconcatenate' 'tmp_5' <Predicate = true> <Delay = 0.00>
ST_10 : Operation 169 [1/1] (0.87ns)   --->   "%tmp_7 = or i10 %tmp_5, %tmp_3" [packq.c:72]   --->   Operation 169 'or' 'tmp_7' <Predicate = true> <Delay = 0.87> <Core = "LogicGate">   --->   Core 27 'LogicGate' <Latency = 0> <II = 1> <Delay = 0.87> <FuncUnit> <Opcode : 'and' 'or' 'xor'> <InPorts = 2> <OutPorts = 1>
ST_10 : Operation 170 [1/1] (0.00ns)   --->   "%tmp_9 = call i11 @_ssdm_op_BitConcatenate.i11.i1.i10(i1 %tmp_10, i10 %tmp_7)" [packq.c:72]   --->   Operation 170 'bitconcatenate' 'tmp_9' <Predicate = true> <Delay = 0.00>
ST_10 : Operation 171 [1/1] (0.00ns)   --->   "%tmp_12_cast = zext i11 %tmp_9 to i16" [packq.c:72]   --->   Operation 171 'zext' 'tmp_12_cast' <Predicate = true> <Delay = 0.00>
ST_10 : Operation 172 [1/1] (0.00ns)   --->   "%r_coeffs_addr_1 = getelementptr [509 x i16]* %r_coeffs, i64 0, i64 506" [packq.c:72]   --->   Operation 172 'getelementptr' 'r_coeffs_addr_1' <Predicate = true> <Delay = 0.00>
ST_10 : Operation 173 [1/1] (2.77ns)   --->   "store i16 %tmp_12_cast, i16* %r_coeffs_addr_1, align 2" [packq.c:72]   --->   Operation 173 'store' <Predicate = true> <Delay = 2.77> <Core = "RAM">   --->   Core 37 'RAM' <Latency = 1> <II = 1> <Delay = 2.77> <Storage> <Opcode : 'load' 'store'> <Ports = 2> <Width = 16> <Depth = 509> <RAM>
ST_10 : Operation 174 [1/1] (0.00ns)   --->   "%a_addr_4 = getelementptr [935 x i8]* %a, i64 0, i64 898" [packq.c:75]   --->   Operation 174 'getelementptr' 'a_addr_4' <Predicate = true> <Delay = 0.00>
ST_10 : Operation 175 [2/2] (2.77ns)   --->   "%a_load_4 = load i8* %a_addr_4, align 1" [packq.c:75]   --->   Operation 175 'load' 'a_load_4' <Predicate = true> <Delay = 2.77> <Core = "RAM">   --->   Core 37 'RAM' <Latency = 1> <II = 1> <Delay = 2.77> <Storage> <Opcode : 'load' 'store'> <Ports = 2> <Width = 16> <Depth = 509> <RAM>
ST_10 : Operation 176 [1/1] (0.00ns)   --->   "%tmp_12 = trunc i8 %a_load_2 to i6" [packq.c:75]   --->   Operation 176 'trunc' 'tmp_12' <Predicate = true> <Delay = 0.00>
ST_10 : Operation 177 [1/1] (0.00ns)   --->   "%a_addr_5 = getelementptr [935 x i8]* %a, i64 0, i64 897" [packq.c:76]   --->   Operation 177 'getelementptr' 'a_addr_5' <Predicate = true> <Delay = 0.00>
ST_10 : Operation 178 [2/2] (2.77ns)   --->   "%a_load_5 = load i8* %a_addr_5, align 1" [packq.c:76]   --->   Operation 178 'load' 'a_load_5' <Predicate = true> <Delay = 2.77> <Core = "RAM">   --->   Core 37 'RAM' <Latency = 1> <II = 1> <Delay = 2.77> <Storage> <Opcode : 'load' 'store'> <Ports = 2> <Width = 16> <Depth = 509> <RAM>

State 11 <SV = 4> <Delay = 5.54>
ST_11 : Operation 179 [1/2] (2.77ns)   --->   "%a_load_4 = load i8* %a_addr_4, align 1" [packq.c:75]   --->   Operation 179 'load' 'a_load_4' <Predicate = true> <Delay = 2.77> <Core = "RAM">   --->   Core 37 'RAM' <Latency = 1> <II = 1> <Delay = 2.77> <Storage> <Opcode : 'load' 'store'> <Ports = 2> <Width = 16> <Depth = 509> <RAM>
ST_11 : Operation 180 [1/1] (0.00ns)   --->   "%tmp_2 = call i5 @_ssdm_op_PartSelect.i5.i8.i32.i32(i8 %a_load_4, i32 3, i32 7)" [packq.c:75]   --->   Operation 180 'partselect' 'tmp_2' <Predicate = true> <Delay = 0.00>
ST_11 : Operation 181 [1/1] (0.00ns)   --->   "%tmp_11 = call i11 @_ssdm_op_BitConcatenate.i11.i6.i5(i6 %tmp_12, i5 %tmp_2)" [packq.c:75]   --->   Operation 181 'bitconcatenate' 'tmp_11' <Predicate = true> <Delay = 0.00>
ST_11 : Operation 182 [1/1] (0.00ns)   --->   "%tmp_17_cast = zext i11 %tmp_11 to i16" [packq.c:75]   --->   Operation 182 'zext' 'tmp_17_cast' <Predicate = true> <Delay = 0.00>
ST_11 : Operation 183 [1/1] (0.00ns)   --->   "%r_coeffs_addr_2 = getelementptr [509 x i16]* %r_coeffs, i64 0, i64 505" [packq.c:75]   --->   Operation 183 'getelementptr' 'r_coeffs_addr_2' <Predicate = true> <Delay = 0.00>
ST_11 : Operation 184 [1/1] (2.77ns)   --->   "store i16 %tmp_17_cast, i16* %r_coeffs_addr_2, align 2" [packq.c:75]   --->   Operation 184 'store' <Predicate = true> <Delay = 2.77> <Core = "RAM">   --->   Core 37 'RAM' <Latency = 1> <II = 1> <Delay = 2.77> <Storage> <Opcode : 'load' 'store'> <Ports = 2> <Width = 16> <Depth = 509> <RAM>
ST_11 : Operation 185 [1/2] (2.77ns)   --->   "%a_load_5 = load i8* %a_addr_5, align 1" [packq.c:76]   --->   Operation 185 'load' 'a_load_5' <Predicate = true> <Delay = 2.77> <Core = "RAM">   --->   Core 37 'RAM' <Latency = 1> <II = 1> <Delay = 2.77> <Storage> <Opcode : 'load' 'store'> <Ports = 2> <Width = 16> <Depth = 509> <RAM>
ST_11 : Operation 186 [1/1] (0.00ns)   --->   "%tmp_15 = trunc i8 %a_load_4 to i3" [packq.c:75]   --->   Operation 186 'trunc' 'tmp_15' <Predicate = true> <Delay = 0.00>
ST_11 : Operation 187 [1/1] (0.00ns)   --->   "%tmp_13 = call i11 @_ssdm_op_BitConcatenate.i11.i3.i8(i3 %tmp_15, i8 %a_load_5)" [packq.c:75]   --->   Operation 187 'bitconcatenate' 'tmp_13' <Predicate = true> <Delay = 0.00>
ST_11 : Operation 188 [1/1] (0.00ns)   --->   "%tmp_14 = zext i11 %tmp_13 to i16" [packq.c:76]   --->   Operation 188 'zext' 'tmp_14' <Predicate = true> <Delay = 0.00>
ST_11 : Operation 189 [1/1] (0.00ns)   --->   "%r_coeffs_addr_3 = getelementptr [509 x i16]* %r_coeffs, i64 0, i64 504" [packq.c:76]   --->   Operation 189 'getelementptr' 'r_coeffs_addr_3' <Predicate = true> <Delay = 0.00>
ST_11 : Operation 190 [1/1] (2.77ns)   --->   "store i16 %tmp_14, i16* %r_coeffs_addr_3, align 2" [packq.c:76]   --->   Operation 190 'store' <Predicate = true> <Delay = 2.77> <Core = "RAM">   --->   Core 37 'RAM' <Latency = 1> <II = 1> <Delay = 2.77> <Storage> <Opcode : 'load' 'store'> <Ports = 2> <Width = 16> <Depth = 509> <RAM>
ST_11 : Operation 191 [1/1] (0.00ns)   --->   "ret void" [packq.c:78]   --->   Operation 191 'ret' <Predicate = true> <Delay = 0.00>


============================================================
+ Verbose Summary: Timing violations
============================================================
Target clock period: 10ns, clock uncertainty: 1.25ns.

 <State 1>: 1.35ns
The critical path consists of the following:
	multiplexor before 'phi' operation ('i', packq.c:53) with incoming values : ('tmp_4', packq.c:53) [5]  (1.35 ns)

 <State 2>: 4.52ns
The critical path consists of the following:
	'phi' operation ('phi_mul') with incoming values : ('next_mul') [6]  (0 ns)
	'add' operation ('sum', packq.c:55) [13]  (1.75 ns)
	'getelementptr' operation ('a_addr_6', packq.c:55) [15]  (0 ns)
	'load' operation ('a_load_6', packq.c:55) on array 'a' [16]  (2.77 ns)

 <State 3>: 4.52ns
The critical path consists of the following:
	'add' operation ('sum2', packq.c:55) [17]  (1.75 ns)
	'getelementptr' operation ('a_addr_7', packq.c:55) [19]  (0 ns)
	'load' operation ('a_load_7', packq.c:55) on array 'a' [20]  (2.77 ns)

 <State 4>: 5.54ns
The critical path consists of the following:
	'load' operation ('a_load_7', packq.c:55) on array 'a' [20]  (2.77 ns)
	'store' operation (packq.c:55) of variable 'tmp_18', packq.c:55 on array 'r_coeffs' [27]  (2.77 ns)

 <State 5>: 6.42ns
The critical path consists of the following:
	'load' operation ('a_load_9', packq.c:57) on array 'a' [45]  (2.77 ns)
	'or' operation ('tmp_31', packq.c:57) [53]  (0.873 ns)
	'store' operation (packq.c:57) of variable 'tmp_51_cast', packq.c:57 on array 'r_coeffs' [59]  (2.77 ns)

 <State 6>: 5.54ns
The critical path consists of the following:
	'load' operation ('a_load_11', packq.c:58) on array 'a' [64]  (2.77 ns)
	'store' operation (packq.c:58) of variable 'tmp_60_cast', packq.c:58 on array 'r_coeffs' [71]  (2.77 ns)

 <State 7>: 6.38ns
The critical path consists of the following:
	'load' operation ('a_load_13', packq.c:60) on array 'a' [89]  (2.77 ns)
	'or' operation ('tmp_50', packq.c:60) [97]  (0.837 ns)
	'store' operation (packq.c:60) of variable 'tmp_83_cast', packq.c:60 on array 'r_coeffs' [103]  (2.77 ns)

 <State 8>: 5.54ns
The critical path consists of the following:
	'load' operation ('a_load_15', packq.c:61) on array 'a' [108]  (2.77 ns)
	'store' operation (packq.c:61) of variable 'tmp_92_cast', packq.c:61 on array 'r_coeffs' [115]  (2.77 ns)

 <State 9>: 5.54ns
The critical path consists of the following:
	'load' operation ('a_load', packq.c:71) on array 'a' [130]  (2.77 ns)
	'store' operation (packq.c:71) of variable 'tmp_8_cast', packq.c:71 on array 'r_coeffs' [138]  (2.77 ns)

 <State 10>: 6.42ns
The critical path consists of the following:
	'load' operation ('a_load_2', packq.c:72) on array 'a' [140]  (2.77 ns)
	'or' operation ('tmp_7', packq.c:72) [148]  (0.873 ns)
	'store' operation (packq.c:72) of variable 'tmp_12_cast', packq.c:72 on array 'r_coeffs' [152]  (2.77 ns)

 <State 11>: 5.54ns
The critical path consists of the following:
	'load' operation ('a_load_4', packq.c:75) on array 'a' [154]  (2.77 ns)
	'store' operation (packq.c:75) of variable 'tmp_17_cast', packq.c:75 on array 'r_coeffs' [160]  (2.77 ns)


============================================================
+ Verbose Summary: Binding
============================================================
N/A
* FSMD analyzer results:
  - Output states:
 - Input state : 
  - Chain level:
	State 1
	State 2
	State 3
	State 4
	State 5
	State 6
	State 7
	State 8
	State 9
	State 10
	State 11


============================================================
+ Verbose Summary: Datapath Resource usage 
============================================================
N/A
