

================================================================
== Vivado HLS Report for 'AES256_ECB'
================================================================
* Date:           Sun Aug 23 21:46:32 2020

* Version:        2018.3 (Build 2405991 on Thu Dec 06 23:56:15 MST 2018)
* Project:        ntru01
* Solution:       enc
* Product family: artix7
* Target device:  xc7a200tfbg676-2


================================================================
== Performance Estimates
================================================================
+ Timing (ns): 
    * Summary: 
    +--------+-------+----------+------------+
    |  Clock | Target| Estimated| Uncertainty|
    +--------+-------+----------+------------+
    |ap_clk  |  10.00|     6.620|        1.25|
    +--------+-------+----------+------------+

+ Latency (clock cycles): 
    * Summary: 
    +------+------+------+------+---------+
    |   Latency   |   Interval  | Pipeline|
    |  min |  max |  min |  max |   Type  |
    +------+------+------+------+---------+
    |  2203|  2203|  2203|  2203|   none  |
    +------+------+------+------+---------+

    + Detail: 
        * Instance: 
        +-------------------------+--------------+------+------+------+------+---------+
        |                         |              |   Latency   |   Interval  | Pipeline|
        |         Instance        |    Module    |  min |  max |  min |  max |   Type  |
        +-------------------------+--------------+------+------+------+------+---------+
        |grp_KeyExpansion_fu_525  |KeyExpansion  |   338|   338|   338|   338|   none  |
        |grp_Cipher_fu_536        |Cipher        |  1846|  1846|  1846|  1846|   none  |
        +-------------------------+--------------+------+------+------+------+---------+

        * Loop: 
        N/A



================================================================
== Utilization Estimates
================================================================
* Summary: 
+-----------------+---------+-------+--------+--------+
|       Name      | BRAM_18K| DSP48E|   FF   |   LUT  |
+-----------------+---------+-------+--------+--------+
|DSP              |        -|      -|       -|       -|
|Expression       |        -|      -|       0|     225|
|FIFO             |        -|      -|       -|       -|
|Instance         |        3|      -|     356|    1569|
|Memory           |        2|      -|       0|       0|
|Multiplexer      |        -|      -|       -|     602|
|Register         |        -|      -|      22|       -|
+-----------------+---------+-------+--------+--------+
|Total            |        5|      0|     378|    2396|
+-----------------+---------+-------+--------+--------+
|Available        |      730|    740|  269200|  129000|
+-----------------+---------+-------+--------+--------+
|Utilization (%)  |    ~0   |      0|   ~0   |       1|
+-----------------+---------+-------+--------+--------+

+ Detail: 
    * Instance: 
    +-------------------------+--------------+---------+-------+-----+-----+
    |         Instance        |    Module    | BRAM_18K| DSP48E|  FF | LUT |
    +-------------------------+--------------+---------+-------+-----+-----+
    |grp_Cipher_fu_536        |Cipher        |        1|      0|  212|  948|
    |grp_KeyExpansion_fu_525  |KeyExpansion  |        2|      0|  144|  621|
    +-------------------------+--------------+---------+-------+-----+-----+
    |Total                    |              |        3|      0|  356| 1569|
    +-------------------------+--------------+---------+-------+-----+-----+

    * DSP48: 
    N/A

    * Memory: 
    +----------------+-------------------------+---------+---+----+------+-----+------+-------------+
    |     Memory     |          Module         | BRAM_18K| FF| LUT| Words| Bits| Banks| W*Bits*Banks|
    +----------------+-------------------------+---------+---+----+------+-----+------+-------------+
    |test_U          |AES256_ECB_1_test        |        1|  0|   0|    16|    8|     1|          128|
    |ctx_RoundKey_U  |AES256_ECB_ctx_RoundKey  |        1|  0|   0|   240|    8|     1|         1920|
    +----------------+-------------------------+---------+---+----+------+-----+------+-------------+
    |Total           |                         |        2|  0|   0|   256|   16|     2|         2048|
    +----------------+-------------------------+---------+---+----+------+-----+------+-------------+

    * FIFO: 
    N/A

    * Expression: 
    +-----------------+----------+-------+---+----+------------+------------+
    |  Variable Name  | Operation| DSP48E| FF| LUT| Bitwidth P0| Bitwidth P1|
    +-----------------+----------+-------+---+----+------------+------------+
    |sum10_fu_650_p2  |     +    |      0|  0|  15|           6|           4|
    |sum11_fu_660_p2  |     +    |      0|  0|  15|           6|           4|
    |sum12_fu_670_p2  |     +    |      0|  0|  15|           6|           4|
    |sum13_fu_680_p2  |     +    |      0|  0|  15|           6|           4|
    |sum14_fu_690_p2  |     +    |      0|  0|  15|           6|           4|
    |sum1_fu_590_p2   |     +    |      0|  0|  15|           6|           3|
    |sum2_fu_560_p2   |     +    |      0|  0|  15|           6|           2|
    |sum3_fu_600_p2   |     +    |      0|  0|  15|           6|           3|
    |sum4_fu_610_p2   |     +    |      0|  0|  15|           6|           3|
    |sum5_fu_620_p2   |     +    |      0|  0|  15|           6|           4|
    |sum6_fu_570_p2   |     +    |      0|  0|  15|           6|           2|
    |sum7_fu_630_p2   |     +    |      0|  0|  15|           6|           4|
    |sum8_fu_580_p2   |     +    |      0|  0|  15|           6|           3|
    |sum9_fu_640_p2   |     +    |      0|  0|  15|           6|           4|
    |sum_fu_549_p2    |     +    |      0|  0|  15|           6|           1|
    +-----------------+----------+-------+---+----+------------+------------+
    |Total            |          |      0|  0| 225|          90|          49|
    +-----------------+----------+-------+---+----+------------+------------+

    * Multiplexer: 
    +-----------------------+-----+-----------+-----+-----------+
    |          Name         | LUT | Input Size| Bits| Total Bits|
    +-----------------------+-----+-----------+-----+-----------+
    |ap_NS_fsm              |  101|         21|    1|         21|
    |buffer_r_address0      |   44|          9|    6|         54|
    |buffer_r_address1      |   44|          9|    6|         54|
    |ctr_address0           |   44|          9|    4|         36|
    |ctr_address1           |   44|          9|    4|         36|
    |ctx_RoundKey_address0  |   15|          3|    8|         24|
    |ctx_RoundKey_ce0       |   15|          3|    1|          3|
    |ctx_RoundKey_ce1       |    9|          2|    1|          2|
    |ctx_RoundKey_we0       |    9|          2|    1|          2|
    |ctx_RoundKey_we1       |    9|          2|    1|          2|
    |test_address0          |   89|         18|    4|         72|
    |test_address1          |   89|         18|    4|         72|
    |test_ce0               |   15|          3|    1|          3|
    |test_ce1               |   15|          3|    1|          3|
    |test_d0                |   15|          3|    8|         24|
    |test_d1                |   15|          3|    8|         24|
    |test_we0               |   15|          3|    1|          3|
    |test_we1               |   15|          3|    1|          3|
    +-----------------------+-----+-----------+-----+-----------+
    |Total                  |  602|        123|   61|        438|
    +-----------------------+-----+-----------+-----+-----------+

    * Register: 
    +--------------------------------------+----+----+-----+-----------+
    |                 Name                 | FF | LUT| Bits| Const Bits|
    +--------------------------------------+----+----+-----+-----------+
    |ap_CS_fsm                             |  20|   0|   20|          0|
    |grp_Cipher_fu_536_ap_start_reg        |   1|   0|    1|          0|
    |grp_KeyExpansion_fu_525_ap_start_reg  |   1|   0|    1|          0|
    +--------------------------------------+----+----+-----+-----------+
    |Total                                 |  22|   0|   22|          0|
    +--------------------------------------+----+----+-----+-----------+



================================================================
== Interface
================================================================
* Summary: 
+-------------------+-----+-----+------------+---------------+--------------+
|     RTL Ports     | Dir | Bits|  Protocol  | Source Object |    C Type    |
+-------------------+-----+-----+------------+---------------+--------------+
|ap_clk             |  in |    1| ap_ctrl_hs |   AES256_ECB  | return value |
|ap_rst             |  in |    1| ap_ctrl_hs |   AES256_ECB  | return value |
|ap_start           |  in |    1| ap_ctrl_hs |   AES256_ECB  | return value |
|ap_done            | out |    1| ap_ctrl_hs |   AES256_ECB  | return value |
|ap_idle            | out |    1| ap_ctrl_hs |   AES256_ECB  | return value |
|ap_ready           | out |    1| ap_ctrl_hs |   AES256_ECB  | return value |
|key_address0       | out |    5|  ap_memory |      key      |     array    |
|key_ce0            | out |    1|  ap_memory |      key      |     array    |
|key_q0             |  in |    8|  ap_memory |      key      |     array    |
|key_address1       | out |    5|  ap_memory |      key      |     array    |
|key_ce1            | out |    1|  ap_memory |      key      |     array    |
|key_q1             |  in |    8|  ap_memory |      key      |     array    |
|ctr_address0       | out |    4|  ap_memory |      ctr      |     array    |
|ctr_ce0            | out |    1|  ap_memory |      ctr      |     array    |
|ctr_q0             |  in |    8|  ap_memory |      ctr      |     array    |
|ctr_address1       | out |    4|  ap_memory |      ctr      |     array    |
|ctr_ce1            | out |    1|  ap_memory |      ctr      |     array    |
|ctr_q1             |  in |    8|  ap_memory |      ctr      |     array    |
|buffer_r_address0  | out |    6|  ap_memory |    buffer_r   |     array    |
|buffer_r_ce0       | out |    1|  ap_memory |    buffer_r   |     array    |
|buffer_r_we0       | out |    1|  ap_memory |    buffer_r   |     array    |
|buffer_r_d0        | out |    8|  ap_memory |    buffer_r   |     array    |
|buffer_r_address1  | out |    6|  ap_memory |    buffer_r   |     array    |
|buffer_r_ce1       | out |    1|  ap_memory |    buffer_r   |     array    |
|buffer_r_we1       | out |    1|  ap_memory |    buffer_r   |     array    |
|buffer_r_d1        | out |    8|  ap_memory |    buffer_r   |     array    |
|buffer_offset      |  in |    6|   ap_none  | buffer_offset |    scalar    |
+-------------------+-----+-----+------------+---------------+--------------+

