

================================================================
== Vivado HLS Report for 'owcpa_enc'
================================================================
* Date:           Sun Aug 23 21:46:43 2020

* Version:        2018.3 (Build 2405991 on Thu Dec 06 23:56:15 MST 2018)
* Project:        ntru01
* Solution:       enc
* Product family: artix7
* Target device:  xc7a200tfbg676-2


================================================================
== Performance Estimates
================================================================
+ Timing (ns): 
    * Summary: 
    +--------+-------+----------+------------+
    |  Clock | Target| Estimated| Uncertainty|
    +--------+-------+----------+------------+
    |ap_clk  |  10.00|     9.122|        1.25|
    +--------+-------+----------+------------+

+ Latency (clock cycles): 
    * Summary: 
    +-------+---------+-------+---------+---------+
    |     Latency     |     Interval    | Pipeline|
    |  min  |   max   |  min  |   max   |   Type  |
    +-------+---------+-------+---------+---------+
    |  24200|  2968400|  24200|  2968400|   none  |
    +-------+---------+-------+---------+---------+

    + Detail: 
        * Instance: 
        +------------------------------+-------------------+-------+---------+-------+---------+---------+
        |                              |                   |     Latency     |     Interval    | Pipeline|
        |           Instance           |       Module      |  min  |   max   |  min  |   max   |   Type  |
        +------------------------------+-------------------+-------+---------+-------+---------+---------+
        |grp_poly_lift_fu_164          |poly_lift          |  10499|    10499|  10499|    10499|   none  |
        |grp_poly_Sq_frombytes_fu_170  |poly_Sq_frombytes  |    701|      701|    701|      701|   none  |
        |grp_poly_Sq_tobytes_fu_178    |poly_Sq_tobytes    |   2194|     2194|   2194|     2194|   none  |
        |grp_poly_S3_frombytes_fu_185  |poly_S3_frombytes  |    841|      841|    841|      841|   none  |
        |grp_poly_Rq_mul_fu_195        |poly_Rq_mul        |   4908|  2949108|   4908|  2949108|   none  |
        +------------------------------+-------------------+-------+---------+-------+---------+---------+

        * Loop: 
        +----------+------+------+----------+-----------+-----------+------+----------+
        |          |   Latency   | Iteration|  Initiation Interval  | Trip |          |
        | Loop Name|  min |  max |  Latency |  achieved |   target  | Count| Pipelined|
        +----------+------+------+----------+-----------+-----------+------+----------+
        |- Loop 1  |  1400|  1400|         2|          -|          -|   700|    no    |
        |- Loop 2  |  1402|  1402|         2|          -|          -|   701|    no    |
        |- Loop 3  |  1402|  1402|         2|          -|          -|   701|    no    |
        +----------+------+------+----------+-----------+-----------+------+----------+



================================================================
== Utilization Estimates
================================================================
* Summary: 
+-----------------+---------+-------+--------+--------+
|       Name      | BRAM_18K| DSP48E|   FF   |   LUT  |
+-----------------+---------+-------+--------+--------+
|DSP              |        -|      -|       -|       -|
|Expression       |        -|      -|       0|     206|
|FIFO             |        -|      -|       -|       -|
|Instance         |        2|      7|     922|    3605|
|Memory           |        3|      -|       0|       0|
|Multiplexer      |        -|      -|       -|     531|
|Register         |        -|      -|     114|       -|
+-----------------+---------+-------+--------+--------+
|Total            |        5|      7|    1036|    4342|
+-----------------+---------+-------+--------+--------+
|Available        |      730|    740|  269200|  129000|
+-----------------+---------+-------+--------+--------+
|Utilization (%)  |    ~0   |   ~0  |   ~0   |       3|
+-----------------+---------+-------+--------+--------+

+ Detail: 
    * Instance: 
    +------------------------------+-------------------+---------+-------+-----+------+
    |           Instance           |       Module      | BRAM_18K| DSP48E|  FF |  LUT |
    +------------------------------+-------------------+---------+-------+-----+------+
    |grp_poly_Rq_mul_fu_195        |poly_Rq_mul        |        0|      2|  167|   332|
    |grp_poly_S3_frombytes_fu_185  |poly_S3_frombytes  |        0|      0|  100|   681|
    |grp_poly_Sq_frombytes_fu_170  |poly_Sq_frombytes  |        0|      0|  102|   720|
    |grp_poly_Sq_tobytes_fu_178    |poly_Sq_tobytes    |        1|      0|  135|   867|
    |grp_poly_lift_fu_164          |poly_lift          |        1|      5|  418|  1005|
    +------------------------------+-------------------+---------+-------+-----+------+
    |Total                         |                   |        2|      7|  922|  3605|
    +------------------------------+-------------------+---------+-------+-----+------+

    * DSP48: 
    N/A

    * Memory: 
    +-------------+---------------------+---------+---+----+------+-----+------+-------------+
    |    Memory   |        Module       | BRAM_18K| FF| LUT| Words| Bits| Banks| W*Bits*Banks|
    +-------------+---------------------+---------+---+----+------+-----+------+-------------+
    |x3_coeffs_U  |owcpa_enc_x3_coeffs  |        1|  0|   0|   701|   16|     1|        11216|
    |x1_coeffs_U  |poly_lift_b_coeffs   |        1|  0|   0|   701|   16|     1|        11216|
    |x2_coeffs_U  |poly_lift_b_coeffs   |        1|  0|   0|   701|   16|     1|        11216|
    +-------------+---------------------+---------+---+----+------+-----+------+-------------+
    |Total        |                     |        3|  0|   0|  2103|   48|     3|        33648|
    +-------------+---------------------+---------+---+----+------+-----+------+-------------+

    * FIFO: 
    N/A

    * Expression: 
    +-------------------------+----------+-------+---+----+------------+------------+
    |      Variable Name      | Operation| DSP48E| FF| LUT| Bitwidth P0| Bitwidth P1|
    +-------------------------+----------+-------+---+----+------------+------------+
    |i_13_fu_208_p2           |     +    |      0|  0|  17|          10|           1|
    |i_14_fu_257_p2           |     +    |      0|  0|  17|          10|           1|
    |i_15_fu_319_p2           |     +    |      0|  0|  17|          10|           1|
    |phitmp_fu_245_p2         |     +    |      0|  0|  20|          13|          13|
    |tmp_288_i_fu_238_p2      |     +    |      0|  0|  23|          16|          16|
    |tmp_cast_fu_339_p2       |     +    |      0|  0|  20|          13|          13|
    |tmp_49_i_cast_fu_278_p2  |     -    |      0|  0|  20|           1|          13|
    |tmp_i_cast_fu_219_p2     |     -    |      0|  0|  20|           1|          13|
    |exitcond_fu_313_p2       |   icmp   |      0|  0|  13|          10|          10|
    |exitcond_i5_fu_251_p2    |   icmp   |      0|  0|  13|          10|          10|
    |exitcond_i_fu_202_p2     |   icmp   |      0|  0|  13|          10|          10|
    |tmp_89_fu_288_p2         |    or    |      0|  0|  13|          13|          13|
    +-------------------------+----------+-------+---+----+------------+------------+
    |Total                    |          |      0|  0| 206|         117|         114|
    +-------------------------+----------+-------+---+----+------------+------------+

    * Multiplexer: 
    +-----------------------------------------+----+-----------+-----+-----------+
    |                   Name                  | LUT| Input Size| Bits| Total Bits|
    +-----------------------------------------+----+-----------+-----+-----------+
    |ap_NS_fsm                                |  85|         17|    1|         17|
    |grp_poly_S3_frombytes_fu_185_msg_offset  |  15|          3|   10|         30|
    |i_i4_reg_142                             |   9|          2|   10|         20|
    |i_i_reg_131                              |   9|          2|   10|         20|
    |i_reg_153                                |   9|          2|   10|         20|
    |rm_ce0                                   |   9|          2|    1|          2|
    |tmp_i_reg_120                            |   9|          2|   13|         26|
    |x1_coeffs_address0                       |  38|          7|   10|         70|
    |x1_coeffs_address1                       |  21|          4|   10|         40|
    |x1_coeffs_ce0                            |  27|          5|    1|          5|
    |x1_coeffs_ce1                            |  15|          3|    1|          3|
    |x1_coeffs_d0                             |  27|          5|   16|         80|
    |x1_coeffs_d1                             |  15|          3|   16|         48|
    |x1_coeffs_we0                            |  21|          4|    1|          4|
    |x1_coeffs_we1                            |  15|          3|    1|          3|
    |x2_coeffs_address0                       |  33|          6|   10|         60|
    |x2_coeffs_address1                       |  15|          3|   10|         30|
    |x2_coeffs_ce0                            |  27|          5|    1|          5|
    |x2_coeffs_ce1                            |  15|          3|    1|          3|
    |x2_coeffs_d0                             |  15|          3|   16|         48|
    |x2_coeffs_we0                            |  15|          3|    1|          3|
    |x2_coeffs_we1                            |   9|          2|    1|          2|
    |x3_coeffs_address0                       |  27|          5|   10|         50|
    |x3_coeffs_ce0                            |  21|          4|    1|          4|
    |x3_coeffs_d0                             |  15|          3|   16|         48|
    |x3_coeffs_we0                            |  15|          3|    1|          3|
    +-----------------------------------------+----+-----------+-----+-----------+
    |Total                                    | 531|        104|  179|        644|
    +-----------------------------------------+----+-----------+-----+-----------+

    * Register: 
    +-------------------------------------------+----+----+-----+-----------+
    |                    Name                   | FF | LUT| Bits| Const Bits|
    +-------------------------------------------+----+----+-----+-----------+
    |ap_CS_fsm                                  |  16|   0|   16|          0|
    |ct_coeffs_addr_reg_395                     |  10|   0|   10|          0|
    |grp_poly_Rq_mul_fu_195_ap_start_reg        |   1|   0|    1|          0|
    |grp_poly_S3_frombytes_fu_185_ap_start_reg  |   1|   0|    1|          0|
    |grp_poly_Sq_frombytes_fu_170_ap_start_reg  |   1|   0|    1|          0|
    |grp_poly_Sq_tobytes_fu_178_ap_start_reg    |   1|   0|    1|          0|
    |grp_poly_lift_fu_164_ap_start_reg          |   1|   0|    1|          0|
    |i_13_reg_359                               |  10|   0|   10|          0|
    |i_14_reg_377                               |  10|   0|   10|          0|
    |i_15_reg_390                               |  10|   0|   10|          0|
    |i_i4_reg_142                               |  10|   0|   10|          0|
    |i_i_reg_131                                |  10|   0|   10|          0|
    |i_reg_153                                  |  10|   0|   10|          0|
    |m_coeffs_addr_reg_382                      |  10|   0|   10|          0|
    |tmp_i_reg_120                              |  13|   0|   13|          0|
    +-------------------------------------------+----+----+-----+-----------+
    |Total                                      | 114|   0|  114|          0|
    +-------------------------------------------+----+----+-----+-----------+



================================================================
== Interface
================================================================
* Summary: 
+-------------+-----+-----+------------+--------------+--------------+
|  RTL Ports  | Dir | Bits|  Protocol  | Source Object|    C Type    |
+-------------+-----+-----+------------+--------------+--------------+
|ap_clk       |  in |    1| ap_ctrl_hs |   owcpa_enc  | return value |
|ap_rst       |  in |    1| ap_ctrl_hs |   owcpa_enc  | return value |
|ap_start     |  in |    1| ap_ctrl_hs |   owcpa_enc  | return value |
|ap_done      | out |    1| ap_ctrl_hs |   owcpa_enc  | return value |
|ap_idle      | out |    1| ap_ctrl_hs |   owcpa_enc  | return value |
|ap_ready     | out |    1| ap_ctrl_hs |   owcpa_enc  | return value |
|c_address0   | out |   11|  ap_memory |       c      |     array    |
|c_ce0        | out |    1|  ap_memory |       c      |     array    |
|c_we0        | out |    1|  ap_memory |       c      |     array    |
|c_d0         | out |    8|  ap_memory |       c      |     array    |
|c_address1   | out |   11|  ap_memory |       c      |     array    |
|c_ce1        | out |    1|  ap_memory |       c      |     array    |
|c_we1        | out |    1|  ap_memory |       c      |     array    |
|c_d1         | out |    8|  ap_memory |       c      |     array    |
|rm_address0  | out |    9|  ap_memory |      rm      |     array    |
|rm_ce0       | out |    1|  ap_memory |      rm      |     array    |
|rm_q0        |  in |    8|  ap_memory |      rm      |     array    |
|pk_address0  | out |   11|  ap_memory |      pk      |     array    |
|pk_ce0       | out |    1|  ap_memory |      pk      |     array    |
|pk_q0        |  in |    8|  ap_memory |      pk      |     array    |
|pk_address1  | out |   11|  ap_memory |      pk      |     array    |
|pk_ce1       | out |    1|  ap_memory |      pk      |     array    |
|pk_q1        |  in |    8|  ap_memory |      pk      |     array    |
+-------------+-----+-----+------------+--------------+--------------+

