

================================================================
== Vivado HLS Report for 'poly_Sq_frombytes'
================================================================
* Date:           Sun Aug 23 21:46:39 2020

* Version:        2018.3 (Build 2405991 on Thu Dec 06 23:56:15 MST 2018)
* Project:        ntru01
* Solution:       enc
* Product family: artix7
* Target device:  xc7a200tfbg676-2


================================================================
== Performance Estimates
================================================================
+ Timing (ns): 
    * Summary: 
    +--------+-------+----------+------------+
    |  Clock | Target| Estimated| Uncertainty|
    +--------+-------+----------+------------+
    |ap_clk  |  10.00|     6.380|        1.25|
    +--------+-------+----------+------------+

+ Latency (clock cycles): 
    * Summary: 
    +-----+-----+-----+-----+---------+
    |  Latency  |  Interval | Pipeline|
    | min | max | min | max |   Type  |
    +-----+-----+-----+-----+---------+
    |  701|  701|  701|  701|   none  |
    +-----+-----+-----+-----+---------+

    + Detail: 
        * Instance: 
        N/A

        * Loop: 
        +----------+-----+-----+----------+-----------+-----------+------+----------+
        |          |  Latency  | Iteration|  Initiation Interval  | Trip |          |
        | Loop Name| min | max |  Latency |  achieved |   target  | Count| Pipelined|
        +----------+-----+-----+----------+-----------+-----------+------+----------+
        |- Loop 1  |  696|  696|         8|          -|          -|    87|    no    |
        +----------+-----+-----+----------+-----------+-----------+------+----------+



================================================================
== Utilization Estimates
================================================================
* Summary: 
+-----------------+---------+-------+--------+--------+
|       Name      | BRAM_18K| DSP48E|   FF   |   LUT  |
+-----------------+---------+-------+--------+--------+
|DSP              |        -|      -|       -|       -|
|Expression       |        -|      -|       0|     392|
|FIFO             |        -|      -|       -|       -|
|Instance         |        -|      -|       -|       -|
|Memory           |        -|      -|       -|       -|
|Multiplexer      |        -|      -|       -|     328|
|Register         |        -|      -|     102|       -|
+-----------------+---------+-------+--------+--------+
|Total            |        0|      0|     102|     720|
+-----------------+---------+-------+--------+--------+
|Available        |      730|    740|  269200|  129000|
+-----------------+---------+-------+--------+--------+
|Utilization (%)  |        0|      0|   ~0   |   ~0   |
+-----------------+---------+-------+--------+--------+

+ Detail: 
    * Instance: 
    N/A

    * DSP48: 
    N/A

    * Memory: 
    N/A

    * FIFO: 
    N/A

    * Expression: 
    +--------------------+----------+-------+---+----+------------+------------+
    |    Variable Name   | Operation| DSP48E| FF| LUT| Bitwidth P0| Bitwidth P1|
    +--------------------+----------+-------+---+----+------------+------------+
    |next_mul_fu_851_p2  |     +    |      0|  0|  18|           4|          11|
    |tmp_133_fu_499_p2   |     +    |      0|  0|  18|           1|          11|
    |tmp_139_fu_540_p2   |     +    |      0|  0|  18|           2|          11|
    |tmp_142_fu_551_p2   |     +    |      0|  0|  18|           2|          11|
    |tmp_148_fu_624_p2   |     +    |      0|  0|  18|           3|          11|
    |tmp_155_fu_661_p2   |     +    |      0|  0|  18|           3|          11|
    |tmp_158_fu_672_p2   |     +    |      0|  0|  18|           3|          11|
    |tmp_164_fu_745_p2   |     +    |      0|  0|  18|           3|          11|
    |tmp_167_fu_756_p2   |     +    |      0|  0|  18|           4|          11|
    |tmp_173_fu_829_p2   |     +    |      0|  0|  18|           4|          11|
    |tmp_180_fu_840_p2   |     +    |      0|  0|  18|           4|          11|
    |tmp_183_fu_893_p2   |     +    |      0|  0|  18|           4|          11|
    |tmp_189_fu_904_p2   |     +    |      0|  0|  18|           4|          11|
    |tmp_s_fu_488_p2     |     +    |      0|  0|  15|           7|           1|
    |exitcond_fu_482_p2  |   icmp   |      0|  0|  11|           7|           7|
    |tmp_145_fu_604_p2   |    or    |      0|  0|  10|          10|           1|
    |tmp_151_fu_651_p2   |    or    |      0|  0|  10|          10|           2|
    |tmp_161_fu_725_p2   |    or    |      0|  0|  10|          10|           2|
    |tmp_170_fu_809_p2   |    or    |      0|  0|  10|          10|           3|
    |tmp_176_fu_873_p2   |    or    |      0|  0|  10|          10|           3|
    |tmp_186_fu_957_p2   |    or    |      0|  0|  10|          10|           3|
    |tmp_192_fu_990_p2   |    or    |      0|  0|  10|          10|           3|
    |tmp_61_fu_1027_p2   |    or    |      0|  0|   9|           9|           9|
    |tmp_66_fu_1092_p2   |    or    |      0|  0|  11|          11|          11|
    |tmp_69_fu_585_p2    |    or    |      0|  0|  11|          11|          11|
    |tmp_74_fu_706_p2    |    or    |      0|  0|   9|           9|           9|
    |tmp_77_fu_790_p2    |    or    |      0|  0|  12|          12|          12|
    |tmp_82_fu_938_p2    |    or    |      0|  0|  10|          10|          10|
    +--------------------+----------+-------+---+----+------------+------------+
    |Total               |          |      0|  0| 392|         187|         230|
    +--------------------+----------+-------+---+----+------------+------------+

    * Multiplexer: 
    +-------------------+----+-----------+-----+-----------+
    |        Name       | LUT| Input Size| Bits| Total Bits|
    +-------------------+----+-----------+-----+-----------+
    |a_address0         |  50|         11|   11|        121|
    |a_address1         |  50|         11|   11|        121|
    |ap_NS_fsm          |  59|         14|    1|         14|
    |i_reg_435          |   9|          2|    7|         14|
    |phi_mul_reg_447    |   9|          2|   11|         22|
    |r_coeffs_address0  |  44|          9|   10|         90|
    |r_coeffs_address1  |  27|          5|   10|         50|
    |r_coeffs_d0        |  44|          9|   16|        144|
    |r_coeffs_d1        |  27|          5|   16|         80|
    |reg_477            |   9|          2|    8|         16|
    +-------------------+----+-----------+-----+-----------+
    |Total              | 328|         70|  101|        672|
    +-------------------+----+-----------+-----+-----------+

    * Register: 
    +-------------------+----+----+-----+-----------+
    |        Name       | FF | LUT| Bits| Const Bits|
    +-------------------+----+----+-----+-----------+
    |ap_CS_fsm          |  13|   0|   13|          0|
    |i_reg_435          |   7|   0|    7|          0|
    |next_mul_reg_1235  |  11|   0|   11|          0|
    |phi_mul_reg_447    |  11|   0|   11|          0|
    |reg_477            |   8|   0|    8|          0|
    |tmp_136_reg_1154   |   7|   0|   10|          3|
    |tmp_138_reg_1165   |   3|   0|    3|          0|
    |tmp_147_reg_1180   |   6|   0|    6|          0|
    |tmp_163_reg_1205   |   4|   0|    4|          0|
    |tmp_172_reg_1220   |   7|   0|    7|          0|
    |tmp_178_reg_1240   |   2|   0|    2|          0|
    |tmp_179_reg_1270   |   7|   0|    7|          0|
    |tmp_195_reg_1285   |   2|   0|    2|          0|
    |tmp_196_reg_1295   |   5|   0|    5|          0|
    |tmp_201_reg_1190   |   1|   0|    1|          0|
    |tmp_reg_1255       |   1|   0|    1|          0|
    |tmp_s_reg_1129     |   7|   0|    7|          0|
    +-------------------+----+----+-----+-----------+
    |Total              | 102|   0|  105|          3|
    +-------------------+----+----+-----+-----------+



================================================================
== Interface
================================================================
* Summary: 
+-------------------+-----+-----+------------+-------------------+--------------+
|     RTL Ports     | Dir | Bits|  Protocol  |   Source Object   |    C Type    |
+-------------------+-----+-----+------------+-------------------+--------------+
|ap_clk             |  in |    1| ap_ctrl_hs | poly_Sq_frombytes | return value |
|ap_rst             |  in |    1| ap_ctrl_hs | poly_Sq_frombytes | return value |
|ap_start           |  in |    1| ap_ctrl_hs | poly_Sq_frombytes | return value |
|ap_done            | out |    1| ap_ctrl_hs | poly_Sq_frombytes | return value |
|ap_idle            | out |    1| ap_ctrl_hs | poly_Sq_frombytes | return value |
|ap_ready           | out |    1| ap_ctrl_hs | poly_Sq_frombytes | return value |
|r_coeffs_address0  | out |   10|  ap_memory |      r_coeffs     |     array    |
|r_coeffs_ce0       | out |    1|  ap_memory |      r_coeffs     |     array    |
|r_coeffs_we0       | out |    1|  ap_memory |      r_coeffs     |     array    |
|r_coeffs_d0        | out |   16|  ap_memory |      r_coeffs     |     array    |
|r_coeffs_address1  | out |   10|  ap_memory |      r_coeffs     |     array    |
|r_coeffs_ce1       | out |    1|  ap_memory |      r_coeffs     |     array    |
|r_coeffs_we1       | out |    1|  ap_memory |      r_coeffs     |     array    |
|r_coeffs_d1        | out |   16|  ap_memory |      r_coeffs     |     array    |
|a_address0         | out |   11|  ap_memory |         a         |     array    |
|a_ce0              | out |    1|  ap_memory |         a         |     array    |
|a_q0               |  in |    8|  ap_memory |         a         |     array    |
|a_address1         | out |   11|  ap_memory |         a         |     array    |
|a_ce1              | out |    1|  ap_memory |         a         |     array    |
|a_q1               |  in |    8|  ap_memory |         a         |     array    |
+-------------------+-----+-----+------------+-------------------+--------------+

