

================================================================
== Vivado HLS Report for 'poly_lift'
================================================================
* Date:           Sun Aug 23 21:46:41 2020

* Version:        2018.3 (Build 2405991 on Thu Dec 06 23:56:15 MST 2018)
* Project:        ntru01
* Solution:       enc
* Product family: artix7
* Target device:  xc7a200tfbg676-2


================================================================
== Performance Estimates
================================================================
+ Timing (ns): 
    * Summary: 
    +--------+-------+----------+------------+
    |  Clock | Target| Estimated| Uncertainty|
    +--------+-------+----------+------------+
    |ap_clk  |  10.00|     9.122|        1.25|
    +--------+-------+----------+------------+

+ Latency (clock cycles): 
    * Summary: 
    +-------+-------+-------+-------+---------+
    |    Latency    |    Interval   | Pipeline|
    |  min  |  max  |  min  |  max  |   Type  |
    +-------+-------+-------+-------+---------+
    |  10499|  10499|  10499|  10499|   none  |
    +-------+-------+-------+-------+---------+

    + Detail: 
        * Instance: 
        N/A

        * Loop: 
        +----------+------+------+----------+-----------+-----------+------+----------+
        |          |   Latency   | Iteration|  Initiation Interval  | Trip |          |
        | Loop Name|  min |  max |  Latency |  achieved |   target  | Count| Pipelined|
        +----------+------+------+----------+-----------+-----------+------+----------+
        |- Loop 1  |  2792|  2792|         4|          -|          -|   698|    no    |
        |- Loop 2  |  2792|  2792|         4|          -|          -|   698|    no    |
        |- Loop 3  |  2103|  2103|         3|          -|          -|   701|    no    |
        |- Loop 4  |  1402|  1402|         2|          -|          -|   701|    no    |
        |- Loop 5  |  1400|  1400|         2|          -|          -|   700|    no    |
        +----------+------+------+----------+-----------+-----------+------+----------+



================================================================
== Utilization Estimates
================================================================
* Summary: 
+-----------------+---------+-------+--------+--------+
|       Name      | BRAM_18K| DSP48E|   FF   |   LUT  |
+-----------------+---------+-------+--------+--------+
|DSP              |        -|      5|       -|       -|
|Expression       |        -|      0|       0|     559|
|FIFO             |        -|      -|       -|       -|
|Instance         |        -|      -|       -|       -|
|Memory           |        1|      -|       0|       0|
|Multiplexer      |        -|      -|       -|     446|
|Register         |        -|      -|     418|       -|
+-----------------+---------+-------+--------+--------+
|Total            |        1|      5|     418|    1005|
+-----------------+---------+-------+--------+--------+
|Available        |      730|    740|  269200|  129000|
+-----------------+---------+-------+--------+--------+
|Utilization (%)  |    ~0   |   ~0  |   ~0   |   ~0   |
+-----------------+---------+-------+--------+--------+

+ Detail: 
    * Instance: 
    N/A

    * DSP48: 
    +----------------------------------------------------------+------------------------------------------------------+---------------------+
    |                         Instance                         |                        Module                        |      Expression     |
    +----------------------------------------------------------+------------------------------------------------------+---------------------+
    |crypto_kem_enc_ama_addmuladd_2ns_3ns_16s_16ns_16_1_1_U59  |crypto_kem_enc_ama_addmuladd_2ns_3ns_16s_16ns_16_1_1  | (i0 + i1) * i2 + i3 |
    |crypto_kem_enc_mac_muladd_16s_2ns_16ns_16_1_1_U57         |crypto_kem_enc_mac_muladd_16s_2ns_16ns_16_1_1         |     i0 * i1 + i2    |
    |crypto_kem_enc_mac_muladd_16s_2ns_16ns_16_1_1_U58         |crypto_kem_enc_mac_muladd_16s_2ns_16ns_16_1_1         |     i0 + i1 * i2    |
    |crypto_kem_enc_mac_muladd_2ns_16s_16ns_16_1_1_U60         |crypto_kem_enc_mac_muladd_2ns_16s_16ns_16_1_1         |     i0 * i1 + i2    |
    |crypto_kem_enc_mac_muladd_2ns_16s_16ns_16_1_1_U61         |crypto_kem_enc_mac_muladd_2ns_16s_16ns_16_1_1         |     i0 * i1 + i2    |
    +----------------------------------------------------------+------------------------------------------------------+---------------------+

    * Memory: 
    +------------+--------------------+---------+---+----+------+-----+------+-------------+
    |   Memory   |       Module       | BRAM_18K| FF| LUT| Words| Bits| Banks| W*Bits*Banks|
    +------------+--------------------+---------+---+----+------+-----+------+-------------+
    |b_coeffs_U  |poly_lift_b_coeffs  |        1|  0|   0|   701|   16|     1|        11216|
    +------------+--------------------+---------+---+----+------+-----+------+-------------+
    |Total       |                    |        1|  0|   0|   701|   16|     1|        11216|
    +------------+--------------------+---------+---+----+------+-----+------+-------------+

    * FIFO: 
    N/A

    * Expression: 
    +-------------------------------+----------+-------+---+----+------------+------------+
    |         Variable Name         | Operation| DSP48E| FF| LUT| Bitwidth P0| Bitwidth P1|
    +-------------------------------+----------+-------+---+----+------------+------------+
    |grp_fu_989_p2                  |     *    |      0|  0|   6|          16|           2|
    |a_assign_cast_fu_629_p2        |     +    |      0|  0|  15|           8|           8|
    |a_assign_fu_623_p2             |     +    |      0|  0|  23|          16|          16|
    |fold1_i_cast_fu_753_p2         |     +    |      0|  0|   2|           2|           2|
    |fold2_i_cast_fu_791_p2         |     +    |      0|  0|  10|           2|           2|
    |fold_i_cast_fu_711_p2          |     +    |      0|  0|   2|           4|           4|
    |grp_fu_385_p2                  |     +    |      0|  0|  10|           2|           1|
    |i_5_fu_421_p2                  |     +    |      0|  0|  17|          10|           1|
    |i_6_fu_513_p2                  |     +    |      0|  0|  17|           1|          10|
    |i_7_fu_558_p2                  |     +    |      0|  0|  17|          10|           1|
    |i_8_fu_874_p2                  |     +    |      0|  0|  17|          10|           1|
    |i_9_fu_936_p2                  |     +    |      0|  0|  17|           2|          10|
    |r_3_fu_721_p2                  |     +    |      0|  0|  15|           6|           6|
    |r_4_fu_772_p2                  |     +    |      0|  0|  13|           4|           4|
    |r_5_fu_799_p2                  |     +    |      0|  0|  12|           3|           3|
    |r_fu_659_p2                    |     +    |      0|  0|  16|           9|           9|
    |t_fu_805_p2                    |     +    |      0|  0|  12|           3|           3|
    |tmp2_fu_527_p2                 |     +    |      0|  0|   2|          15|          15|
    |tmp_20_fu_459_p2               |     +    |      0|  0|  23|          16|          16|
    |tmp_32_fu_476_p2               |     +    |      0|  0|  17|           3|          10|
    |tmp_35_fu_487_p2               |     +    |      0|  0|  17|           2|          10|
    |tmp_37_fu_498_p2               |     +    |      0|  0|  17|           3|          10|
    |tmp_39_fu_532_p2               |     +    |      0|  0|   2|          15|          15|
    |tmp_42_fu_546_p2               |     +    |      0|  0|  23|          16|          16|
    |tmp_46_fu_679_p2               |     +    |      0|  0|   2|           4|           4|
    |tmp_49_fu_705_p2               |     +    |      0|  0|  10|           2|           2|
    |tmp_50_fu_737_p2               |     +    |      0|  0|   2|           2|           2|
    |tmp_63_fu_653_p2               |     +    |      0|  0|  15|           8|           8|
    |tmp_fu_396_p2                  |     +    |      0|  0|  23|          16|          16|
    |tmp_290_i_fu_952_p2            |     -    |      0|  0|  23|          16|          16|
    |tmp_292_i_fu_967_p2            |     -    |      0|  0|  23|          16|          16|
    |tmp_49_i_cast_fu_895_p2        |     -    |      0|  0|  20|           1|          13|
    |tmp_314_i_fu_827_p2            |    and   |      0|  0|   3|           3|           3|
    |tmp_316_i_fu_851_p2            |    and   |      0|  0|   3|           3|           3|
    |exitcond1_fu_465_p2            |   icmp   |      0|  0|  13|          10|          10|
    |exitcond2_fu_410_p2            |   icmp   |      0|  0|  13|          10|          10|
    |exitcond_fu_552_p2             |   icmp   |      0|  0|  13|          10|          10|
    |exitcond_i_fu_868_p2           |   icmp   |      0|  0|  13|          10|          10|
    |tmp_30_fu_436_p2               |   icmp   |      0|  0|   8|           2|           2|
    |tmp_i6_fu_930_p2               |   icmp   |      0|  0|  13|          10|           1|
    |tmp_58_fu_905_p2               |    or    |      0|  0|  13|          13|          13|
    |c_cast_fu_819_p3               |  select  |      0|  0|   2|           1|           2|
    |tmp_315_i_cast_cast_fu_843_p3  |  select  |      0|  0|   2|           1|           2|
    |tmp_31_fu_448_p3               |  select  |      0|  0|   2|           1|           2|
    |not_tmp_37_i_fu_837_p2         |    xor   |      0|  0|   2|           1|           2|
    |tmp_317_i_fu_861_p2            |    xor   |      0|  0|  16|          16|          16|
    |tmp_40_fu_442_p2               |    xor   |      0|  0|   3|           2|           3|
    +-------------------------------+----------+-------+---+----+------------+------------+
    |Total                          |          |      0|  0| 559|         336|         341|
    +-------------------------------+----------+-------+---+----+------------+------------+

    * Multiplexer: 
    +-------------------+-----+-----------+-----+-----------+
    |        Name       | LUT | Input Size| Bits| Total Bits|
    +-------------------+-----+-----------+-----+-----------+
    |a_coeffs_address0  |   27|          5|   10|         50|
    |a_coeffs_address1  |   21|          4|   10|         40|
    |ap_NS_fsm          |  105|         22|    1|         22|
    |b_coeffs_address0  |   50|         11|   10|        110|
    |b_coeffs_address1  |   41|          8|   10|         80|
    |b_coeffs_d0        |   38|          7|   16|        112|
    |b_coeffs_d1        |   38|          7|   16|        112|
    |grp_fu_385_p0      |   15|          3|    2|          6|
    |i_1_reg_340        |    9|          2|   10|         20|
    |i_2_reg_352        |    9|          2|   10|         20|
    |i_i5_reg_374       |    9|          2|   10|         20|
    |i_i_reg_363        |    9|          2|   10|         20|
    |i_reg_317          |    9|          2|   10|         20|
    |r_coeffs_address0  |   15|          3|   10|         30|
    |r_coeffs_d0        |   15|          3|   16|         48|
    |tmp_13_reg_298     |    9|          2|   16|         32|
    |tmp_14_reg_308     |    9|          2|   16|         32|
    |tmp_s_reg_288      |    9|          2|   16|         32|
    |zj_reg_328         |    9|          2|    2|          4|
    +-------------------+-----+-----------+-----+-----------+
    |Total              |  446|         91|  201|        810|
    +-------------------+-----+-----------+-----+-----------+

    * Register: 
    +--------------------------+----+----+-----+-----------+
    |           Name           | FF | LUT| Bits| Const Bits|
    +--------------------------+----+----+-----+-----------+
    |a_coeffs_load_1_reg_1035  |  16|   0|   16|          0|
    |a_coeffs_load_3_reg_1106  |  16|   0|   16|          0|
    |a_coeffs_load_reg_1028    |  16|   0|   16|          0|
    |ap_CS_fsm                 |  21|   0|   21|          0|
    |b_coeffs_addr_6_reg_1200  |  10|   0|   10|          0|
    |b_coeffs_addr_7_reg_1229  |  10|   0|   10|          0|
    |b_coeffs_load_1_reg_1118  |  16|   0|   16|          0|
    |fold1_i_cast_reg_1210     |   2|   0|    2|          0|
    |i_1_reg_340               |  10|   0|   10|          0|
    |i_2_reg_352               |  10|   0|   10|          0|
    |i_5_reg_1091              |  10|   0|   10|          0|
    |i_6_reg_1182              |  10|   0|   10|          0|
    |i_7_reg_1195              |  10|   0|   10|          0|
    |i_8_reg_1224              |  10|   0|   10|          0|
    |i_9_reg_1238              |  10|   0|   10|          0|
    |i_i5_reg_374              |  10|   0|   10|          0|
    |i_i_reg_363               |  10|   0|   10|          0|
    |i_reg_317                 |  10|   0|   10|          0|
    |reg_392                   |  16|   0|   16|          0|
    |tmp1_reg_1101             |  16|   0|   16|          0|
    |tmp_13_reg_298            |  16|   0|   16|          0|
    |tmp_14_reg_308            |  16|   0|   16|          0|
    |tmp_17_reg_1096           |  16|   0|   16|          0|
    |tmp_24_reg_1128           |  16|   0|   16|          0|
    |tmp_25_reg_1113           |   2|   0|    2|          0|
    |tmp_27_reg_1133           |  16|   0|   16|          0|
    |tmp_289_i_reg_1248        |  10|   0|   64|         54|
    |tmp_29_reg_1138           |  16|   0|   16|          0|
    |tmp_310_i_cast_reg_1205   |   4|   0|    4|          0|
    |tmp_31_reg_1123           |   2|   0|    2|          0|
    |tmp_34_reg_1147           |  10|   0|   64|         54|
    |tmp_42_reg_1187           |  16|   0|   16|          0|
    |tmp_44_reg_1177           |  15|   0|   15|          0|
    |tmp_52_reg_1216           |   2|   0|    2|          0|
    |tmp_s_reg_288             |  16|   0|   16|          0|
    |zj_cast9_reg_1073         |   2|   0|    3|          1|
    |zj_cast_reg_1078          |   2|   0|   16|         14|
    |zj_reg_328                |   2|   0|    2|          0|
    +--------------------------+----+----+-----+-----------+
    |Total                     | 418|   0|  541|        123|
    +--------------------------+----+----+-----+-----------+



================================================================
== Interface
================================================================
* Summary: 
+-------------------+-----+-----+------------+--------------+--------------+
|     RTL Ports     | Dir | Bits|  Protocol  | Source Object|    C Type    |
+-------------------+-----+-----+------------+--------------+--------------+
|ap_clk             |  in |    1| ap_ctrl_hs |   poly_lift  | return value |
|ap_rst             |  in |    1| ap_ctrl_hs |   poly_lift  | return value |
|ap_start           |  in |    1| ap_ctrl_hs |   poly_lift  | return value |
|ap_done            | out |    1| ap_ctrl_hs |   poly_lift  | return value |
|ap_idle            | out |    1| ap_ctrl_hs |   poly_lift  | return value |
|ap_ready           | out |    1| ap_ctrl_hs |   poly_lift  | return value |
|r_coeffs_address0  | out |   10|  ap_memory |   r_coeffs   |     array    |
|r_coeffs_ce0       | out |    1|  ap_memory |   r_coeffs   |     array    |
|r_coeffs_we0       | out |    1|  ap_memory |   r_coeffs   |     array    |
|r_coeffs_d0        | out |   16|  ap_memory |   r_coeffs   |     array    |
|a_coeffs_address0  | out |   10|  ap_memory |   a_coeffs   |     array    |
|a_coeffs_ce0       | out |    1|  ap_memory |   a_coeffs   |     array    |
|a_coeffs_q0        |  in |   16|  ap_memory |   a_coeffs   |     array    |
|a_coeffs_address1  | out |   10|  ap_memory |   a_coeffs   |     array    |
|a_coeffs_ce1       | out |    1|  ap_memory |   a_coeffs   |     array    |
|a_coeffs_q1        |  in |   16|  ap_memory |   a_coeffs   |     array    |
+-------------------+-----+-----+------------+--------------+--------------+

