

================================================================
== Vivado HLS Report for 'owcpa_dec'
================================================================
* Date:           Mon Aug 24 18:56:12 2020

* Version:        2018.3 (Build 2405991 on Thu Dec 06 23:56:15 MST 2018)
* Project:        ntru09
* Solution:       dec
* Product family: artix7
* Target device:  xc7a200tfbg676-2


================================================================
== Performance Estimates
================================================================
+ Timing (ns): 
    * Summary: 
    +--------+-------+----------+------------+
    |  Clock | Target| Estimated| Uncertainty|
    +--------+-------+----------+------------+
    |ap_clk  |  10.00|     9.122|        1.25|
    +--------+-------+----------+------------+

+ Latency (clock cycles): 
    * Summary: 
    +-------+---------+-------+---------+---------+
    |     Latency     |     Interval    | Pipeline|
    |  min  |   max   |  min  |   max   |   Type  |
    +-------+---------+-------+---------+---------+
    |  26592|  4680888|  26592|  4680888|   none  |
    +-------+---------+-------+---------+---------+

    + Detail: 
        * Instance: 
        +--------------------------------+---------------------+------+---------+------+---------+---------+
        |                                |                     |     Latency    |    Interval    | Pipeline|
        |            Instance            |        Module       |  min |   max   |  min |   max   |   Type  |
        +--------------------------------+---------------------+------+---------+------+---------+---------+
        |grp_poly_Sq_frombytes_1_fu_395  |poly_Sq_frombytes_1  |   445|      445|   445|      445|   none  |
        |grp_poly_Sq_frombytes_fu_402    |poly_Sq_frombytes    |   445|      445|   445|      445|   none  |
        |grp_poly_S3_frombytes_fu_410    |poly_S3_frombytes    |   615|      615|   615|      615|   none  |
        |grp_poly_S3_mul_fu_420          |poly_S3_mul          |  4583|  1556015|  4583|  1556015|   none  |
        |grp_poly_Rq_to_S3_fu_427        |poly_Rq_to_S3        |  2549|     2549|  2549|     2549|   none  |
        |grp_poly_S3_tobytes_fu_433      |poly_S3_tobytes      |   513|      513|   513|      513|   none  |
        |grp_poly_Rq_mul_fu_443          |poly_Rq_mul          |  3564|  1554996|  3564|  1554996|   none  |
        +--------------------------------+---------------------+------+---------+------+---------+---------+

        * Loop: 
        +----------+------+------+----------+-----------+-----------+------+----------+
        |          |   Latency   | Iteration|  Initiation Interval  | Trip |          |
        | Loop Name|  min |  max |  Latency |  achieved |   target  | Count| Pipelined|
        +----------+------+------+----------+-----------+-----------+------+----------+
        |- Loop 1  |  1016|  1016|         2|          -|          -|   508|    no    |
        |- Loop 2  |  1018|  1018|         2|          -|          -|   509|    no    |
        |- Loop 3  |  1018|  1018|         2|          -|          -|   509|    no    |
        |- Loop 4  |  1018|  1018|         2|          -|          -|   509|    no    |
        |- Loop 5  |  1018|  1018|         2|          -|          -|   509|    no    |
        |- Loop 6  |  1018|  1018|         2|          -|          -|   509|    no    |
        |- Loop 7  |  1018|  1018|         2|          -|          -|   509|    no    |
        |- Loop 8  |  1018|  1018|         2|          -|          -|   509|    no    |
        |- Loop 9  |  1018|  1018|         2|          -|          -|   509|    no    |
        +----------+------+------+----------+-----------+-----------+------+----------+



================================================================
== Utilization Estimates
================================================================
* Summary: 
+-----------------+---------+-------+--------+--------+
|       Name      | BRAM_18K| DSP48E|   FF   |   LUT  |
+-----------------+---------+-------+--------+--------+
|DSP              |        -|      -|       -|       -|
|Expression       |        -|      -|       0|     695|
|FIFO             |        -|      -|       -|       -|
|Instance         |        -|      4|     779|    3909|
|Memory           |        4|      -|       0|       0|
|Multiplexer      |        -|      -|       -|    1138|
|Register         |        -|      -|     354|       -|
+-----------------+---------+-------+--------+--------+
|Total            |        4|      4|    1133|    5742|
+-----------------+---------+-------+--------+--------+
|Available        |      730|    740|  269200|  129000|
+-----------------+---------+-------+--------+--------+
|Utilization (%)  |    ~0   |   ~0  |   ~0   |       4|
+-----------------+---------+-------+--------+--------+

+ Detail: 
    * Instance: 
    +--------------------------------+---------------------+---------+-------+-----+-----+
    |            Instance            |        Module       | BRAM_18K| DSP48E|  FF | LUT |
    +--------------------------------+---------------------+---------+-------+-----+-----+
    |grp_poly_Rq_mul_fu_443          |poly_Rq_mul          |        0|      2|  156|  324|
    |grp_poly_Rq_to_S3_fu_427        |poly_Rq_to_S3        |        0|      0|   74|  567|
    |grp_poly_S3_frombytes_fu_410    |poly_S3_frombytes    |        0|      0|  120|  795|
    |grp_poly_S3_mul_fu_420          |poly_S3_mul          |        0|      2|  184|  584|
    |grp_poly_S3_tobytes_fu_433      |poly_S3_tobytes      |        0|      0|   85|  384|
    |grp_poly_Sq_frombytes_fu_402    |poly_Sq_frombytes    |        0|      0|   80|  619|
    |grp_poly_Sq_frombytes_1_fu_395  |poly_Sq_frombytes_1  |        0|      0|   80|  636|
    +--------------------------------+---------------------+---------+-------+-----+-----+
    |Total                           |                     |        0|      4|  779| 3909|
    +--------------------------------+---------------------+---------+-------+-----+-----+

    * DSP48: 
    N/A

    * Memory: 
    +-------------+---------------------+---------+---+----+------+-----+------+-------------+
    |    Memory   |        Module       | BRAM_18K| FF| LUT| Words| Bits| Banks| W*Bits*Banks|
    +-------------+---------------------+---------+---+----+------+-----+------+-------------+
    |x1_coeffs_U  |owcpa_dec_x1_coeffs  |        1|  0|   0|   509|   16|     1|         8144|
    |x2_coeffs_U  |owcpa_dec_x1_coeffs  |        1|  0|   0|   509|   16|     1|         8144|
    |x4_coeffs_U  |owcpa_dec_x1_coeffs  |        1|  0|   0|   509|   16|     1|         8144|
    |x3_coeffs_U  |owcpa_dec_x3_coeffs  |        1|  0|   0|   509|   16|     1|         8144|
    +-------------+---------------------+---------+---+----+------+-----+------+-------------+
    |Total        |                     |        4|  0|   0|  2036|   64|     4|        32576|
    +-------------+---------------------+---------+---+----+------+-----+------+-------------+

    * FIFO: 
    N/A

    * Expression: 
    +--------------------------+----------+-------+---+----+------------+------------+
    |       Variable Name      | Operation| DSP48E| FF| LUT| Bitwidth P0| Bitwidth P1|
    +--------------------------+----------+-------+---+----+------------+------------+
    |i_12_fu_482_p2            |     +    |      0|  0|  16|           9|           1|
    |i_13_fu_531_p2            |     +    |      0|  0|  16|           9|           1|
    |i_14_fu_567_p2            |     +    |      0|  0|  16|           9|           1|
    |i_15_fu_706_p2            |     +    |      0|  0|  16|           9|           1|
    |i_16_fu_723_p2            |     +    |      0|  0|  16|           9|           1|
    |i_17_fu_759_p2            |     +    |      0|  0|  16|           9|           1|
    |i_18_fu_792_p2            |     +    |      0|  0|  16|           9|           1|
    |i_19_fu_824_p2            |     +    |      0|  0|  16|           9|           1|
    |i_20_fu_976_p2            |     +    |      0|  0|  16|           9|           1|
    |m1_fu_694_p2              |     +    |      0|  0|  16|           9|           9|
    |p1_fu_676_p2              |     +    |      0|  0|  16|           9|           9|
    |phitmp_fu_519_p2          |     +    |      0|  0|  18|          11|          11|
    |tmp_189_fu_598_p2         |     +    |      0|  0|  16|           9|           9|
    |tmp_197_i_fu_512_p2       |     +    |      0|  0|  23|          16|          16|
    |tmp_202_fu_849_p2         |     +    |      0|  0|  12|           1|           3|
    |tmp_216_i_cast_fu_843_p2  |     +    |      0|  0|  18|           1|          11|
    |tmp_218_i_fu_855_p2       |     +    |      0|  0|  12|           2|           3|
    |tmp_47_i_fu_592_p2        |     +    |      0|  0|  17|          10|          10|
    |grp_fu_460_p2             |     -    |      0|  0|  18|           1|          11|
    |tmp_201_fu_771_p2         |     -    |      0|  0|  23|          16|          16|
    |tmp_223_i_fu_654_p2       |     -    |      0|  0|  40|           1|          33|
    |tmp_i3_44_fu_803_p2       |     -    |      0|  0|  23|          16|          16|
    |tmp_i4_fu_951_p2          |     -    |      0|  0|  71|           1|          64|
    |tmp_i_cast_fu_493_p2      |     -    |      0|  0|  18|           1|          11|
    |exitcond_fu_753_p2        |   icmp   |      0|  0|  13|           9|           3|
    |exitcond_i1_fu_561_p2     |   icmp   |      0|  0|  13|           9|           3|
    |exitcond_i2_fu_700_p2     |   icmp   |      0|  0|  13|           9|           3|
    |exitcond_i3_fu_786_p2     |   icmp   |      0|  0|  13|           9|           3|
    |exitcond_i4_fu_818_p2     |   icmp   |      0|  0|  13|           9|           3|
    |exitcond_i5_fu_970_p2     |   icmp   |      0|  0|  13|           9|           3|
    |exitcond_i7_fu_525_p2     |   icmp   |      0|  0|  13|           9|           3|
    |exitcond_i_fu_476_p2      |   icmp   |      0|  0|  13|           9|           4|
    |exitcond_i_i_fu_717_p2    |   icmp   |      0|  0|  13|           9|           3|
    |fail_fu_965_p2            |    or    |      0|  0|   2|           1|           1|
    |tmp_187_fu_546_p2         |    or    |      0|  0|  11|          11|          11|
    |tmp_191_fu_616_p2         |    or    |      0|  0|   9|           9|           9|
    |tmp_197_fu_738_p2         |    or    |      0|  0|  11|          11|          11|
    |tmp_203_fu_861_p2         |    or    |      0|  0|   3|           3|           3|
    |tmp_206_fu_899_p2         |    or    |      0|  0|  11|          11|          11|
    |tmp_41_i_fu_927_p2        |    or    |      0|  0|  16|          16|          16|
    |tmp_190_fu_610_p2         |    xor   |      0|  0|   9|           9|           8|
    |tmp_48_i_fu_604_p2        |    xor   |      0|  0|  10|          10|           8|
    |tmp_7_i_cast_fu_1001_p2   |    xor   |      0|  0|   2|           2|           2|
    |tmp_i1_fu_586_p2          |    xor   |      0|  0|   9|           9|           9|
    +--------------------------+----------+-------+---+----+------------+------------+
    |Total                     |          |      0|  0| 695|         358|         358|
    +--------------------------+----------+-------+---+----+------------+------------+

    * Multiplexer: 
    +-----------------------------------------+-----+-----------+-----+-----------+
    |                   Name                  | LUT | Input Size| Bits| Total Bits|
    +-----------------------------------------+-----+-----------+-----+-----------+
    |ap_NS_fsm                                |  165|         37|    1|         37|
    |grp_poly_Rq_mul_fu_443_b_coeffs_q0       |   15|          3|   16|         48|
    |grp_poly_Rq_mul_fu_443_r_coeffs_q0       |   15|          3|   16|         48|
    |grp_poly_S3_frombytes_fu_410_msg_offset  |   15|          3|    9|         27|
    |grp_poly_S3_tobytes_fu_433_msg_offset    |   15|          3|    8|         24|
    |i_i1_reg_294                             |    9|          2|    9|         18|
    |i_i2_reg_317                             |    9|          2|    9|         18|
    |i_i3_reg_350                             |    9|          2|    9|         18|
    |i_i4_reg_361                             |    9|          2|    9|         18|
    |i_i5_reg_384                             |    9|          2|    9|         18|
    |i_i6_reg_271                             |    9|          2|    9|         18|
    |i_i_i_reg_328                            |    9|          2|    9|         18|
    |i_i_reg_260                              |    9|          2|    9|         18|
    |i_reg_339                                |    9|          2|    9|         18|
    |m1_i_reg_305                             |    9|          2|    9|         18|
    |p1_i_reg_282                             |    9|          2|    9|         18|
    |rm_ce0                                   |    9|          2|    1|          2|
    |rm_we0                                   |    9|          2|    1|          2|
    |secretkey_address0                       |   15|          3|   10|         30|
    |secretkey_ce0                            |   15|          3|    1|          3|
    |secretkey_ce1                            |    9|          2|    1|          2|
    |t_i_reg_372                              |    9|          2|   64|        128|
    |tmp_i_reg_249                            |    9|          2|   11|         22|
    |x1_coeffs_address0                       |   38|          7|    9|         63|
    |x1_coeffs_address1                       |   21|          4|    9|         36|
    |x1_coeffs_ce0                            |   21|          4|    1|          4|
    |x1_coeffs_ce1                            |   15|          3|    1|          3|
    |x1_coeffs_d0                             |   27|          5|   16|         80|
    |x1_coeffs_d1                             |   15|          3|   16|         48|
    |x1_coeffs_we0                            |   15|          3|    1|          3|
    |x1_coeffs_we1                            |   15|          3|    1|          3|
    |x2_coeffs_address0                       |   50|         11|    9|         99|
    |x2_coeffs_address1                       |   15|          3|    9|         27|
    |x2_coeffs_ce0                            |   33|          6|    1|          6|
    |x2_coeffs_ce1                            |   15|          3|    1|          3|
    |x2_coeffs_d0                             |   33|          6|   16|         96|
    |x2_coeffs_d1                             |   15|          3|   16|         48|
    |x2_coeffs_we0                            |   21|          4|    1|          4|
    |x2_coeffs_we1                            |   15|          3|    1|          3|
    |x3_coeffs_address0                       |   38|          7|    9|         63|
    |x3_coeffs_address1                       |   15|          3|    9|         27|
    |x3_coeffs_ce0                            |   38|          7|    1|          7|
    |x3_coeffs_ce1                            |   15|          3|    1|          3|
    |x3_coeffs_d0                             |   21|          4|   16|         64|
    |x3_coeffs_d1                             |   15|          3|   16|         48|
    |x3_coeffs_we0                            |   21|          4|    1|          4|
    |x3_coeffs_we1                            |   15|          3|    1|          3|
    |x4_coeffs_address0                       |   44|          9|    9|         81|
    |x4_coeffs_address1                       |   33|          6|    9|         54|
    |x4_coeffs_ce0                            |   27|          5|    1|          5|
    |x4_coeffs_ce1                            |   21|          4|    1|          4|
    |x4_coeffs_d0                             |   21|          4|   16|         64|
    |x4_coeffs_d1                             |   15|          3|   16|         48|
    |x4_coeffs_we0                            |   21|          4|    1|          4|
    |x4_coeffs_we1                            |   15|          3|    1|          3|
    +-----------------------------------------+-----+-----------+-----+-----------+
    |Total                                    | 1138|        230|  454|       1579|
    +-----------------------------------------+-----+-----------+-----+-----------+

    * Register: 
    +---------------------------------------------+----+----+-----+-----------+
    |                     Name                    | FF | LUT| Bits| Const Bits|
    +---------------------------------------------+----+----+-----+-----------+
    |ap_CS_fsm                                    |  36|   0|   36|          0|
    |b_coeffs_addr_4_reg_1116                     |   9|   0|    9|          0|
    |fail_reg_1164                                |   1|   0|    1|          0|
    |grp_poly_Rq_mul_fu_443_ap_start_reg          |   1|   0|    1|          0|
    |grp_poly_Rq_to_S3_fu_427_ap_start_reg        |   1|   0|    1|          0|
    |grp_poly_S3_frombytes_fu_410_ap_start_reg    |   1|   0|    1|          0|
    |grp_poly_S3_mul_fu_420_ap_start_reg          |   1|   0|    1|          0|
    |grp_poly_S3_tobytes_fu_433_ap_start_reg      |   1|   0|    1|          0|
    |grp_poly_Sq_frombytes_1_fu_395_ap_start_reg  |   1|   0|    1|          0|
    |grp_poly_Sq_frombytes_fu_402_ap_start_reg    |   1|   0|    1|          0|
    |i_12_reg_1021                                |   9|   0|    9|          0|
    |i_13_reg_1039                                |   9|   0|    9|          0|
    |i_14_reg_1052                                |   9|   0|    9|          0|
    |i_15_reg_1080                                |   9|   0|    9|          0|
    |i_16_reg_1098                                |   9|   0|    9|          0|
    |i_17_reg_1111                                |   9|   0|    9|          0|
    |i_18_reg_1135                                |   9|   0|    9|          0|
    |i_19_reg_1149                                |   9|   0|    9|          0|
    |i_20_reg_1171                                |   9|   0|    9|          0|
    |i_i1_reg_294                                 |   9|   0|    9|          0|
    |i_i2_reg_317                                 |   9|   0|    9|          0|
    |i_i3_reg_350                                 |   9|   0|    9|          0|
    |i_i4_reg_361                                 |   9|   0|    9|          0|
    |i_i5_reg_384                                 |   9|   0|    9|          0|
    |i_i6_reg_271                                 |   9|   0|    9|          0|
    |i_i_i_reg_328                                |   9|   0|    9|          0|
    |i_i_reg_260                                  |   9|   0|    9|          0|
    |i_reg_339                                    |   9|   0|    9|          0|
    |liftm_coeffs_addr_2_reg_1103                 |   9|   0|    9|          0|
    |liftm_coeffs_addr_reg_1044                   |   9|   0|    9|          0|
    |m1_i_reg_305                                 |   9|   0|    9|          0|
    |p1_i_reg_282                                 |   9|   0|    9|          0|
    |r_coeffs_addr_25_reg_1140                    |   9|   0|    9|          0|
    |r_coeffs_addr_27_reg_1176                    |   9|   0|    9|          0|
    |t_i_reg_372                                  |  64|   0|   64|          0|
    |tmp_210_reg_1062                             |   1|   0|    1|          0|
    |tmp_i2_reg_1085                              |   9|   0|   64|         55|
    |tmp_i_reg_249                                |  11|   0|   11|          0|
    +---------------------------------------------+----+----+-----+-----------+
    |Total                                        | 354|   0|  409|         55|
    +---------------------------------------------+----+----+-----+-----------+



================================================================
== Interface
================================================================
* Summary: 
+---------------------+-----+-----+------------+--------------+--------------+
|      RTL Ports      | Dir | Bits|  Protocol  | Source Object|    C Type    |
+---------------------+-----+-----+------------+--------------+--------------+
|ap_clk               |  in |    1| ap_ctrl_hs |   owcpa_dec  | return value |
|ap_rst               |  in |    1| ap_ctrl_hs |   owcpa_dec  | return value |
|ap_start             |  in |    1| ap_ctrl_hs |   owcpa_dec  | return value |
|ap_done              | out |    1| ap_ctrl_hs |   owcpa_dec  | return value |
|ap_idle              | out |    1| ap_ctrl_hs |   owcpa_dec  | return value |
|ap_ready             | out |    1| ap_ctrl_hs |   owcpa_dec  | return value |
|ap_return            | out |    1| ap_ctrl_hs |   owcpa_dec  | return value |
|rm_address0          | out |    8|  ap_memory |      rm      |     array    |
|rm_ce0               | out |    1|  ap_memory |      rm      |     array    |
|rm_we0               | out |    1|  ap_memory |      rm      |     array    |
|rm_d0                | out |    8|  ap_memory |      rm      |     array    |
|ciphertext_address0  | out |   10|  ap_memory |  ciphertext  |     array    |
|ciphertext_ce0       | out |    1|  ap_memory |  ciphertext  |     array    |
|ciphertext_q0        |  in |    8|  ap_memory |  ciphertext  |     array    |
|ciphertext_address1  | out |   10|  ap_memory |  ciphertext  |     array    |
|ciphertext_ce1       | out |    1|  ap_memory |  ciphertext  |     array    |
|ciphertext_q1        |  in |    8|  ap_memory |  ciphertext  |     array    |
|secretkey_address0   | out |   10|  ap_memory |   secretkey  |     array    |
|secretkey_ce0        | out |    1|  ap_memory |   secretkey  |     array    |
|secretkey_q0         |  in |    8|  ap_memory |   secretkey  |     array    |
|secretkey_address1   | out |   10|  ap_memory |   secretkey  |     array    |
|secretkey_ce1        | out |    1|  ap_memory |   secretkey  |     array    |
|secretkey_q1         |  in |    8|  ap_memory |   secretkey  |     array    |
+---------------------+-----+-----+------------+--------------+--------------+

