

================================================================
== Vivado HLS Report for 'poly_S3_frombytes'
================================================================
* Date:           Mon Aug 24 18:56:09 2020

* Version:        2018.3 (Build 2405991 on Thu Dec 06 23:56:15 MST 2018)
* Project:        ntru09
* Solution:       dec
* Product family: artix7
* Target device:  xc7a200tfbg676-2


================================================================
== Performance Estimates
================================================================
+ Timing (ns): 
    * Summary: 
    +--------+-------+----------+------------+
    |  Clock | Target| Estimated| Uncertainty|
    +--------+-------+----------+------------+
    |ap_clk  |  10.00|     7.956|        1.25|
    +--------+-------+----------+------------+

+ Latency (clock cycles): 
    * Summary: 
    +-----+-----+-----+-----+---------+
    |  Latency  |  Interval | Pipeline|
    | min | max | min | max |   Type  |
    +-----+-----+-----+-----+---------+
    |  615|  615|  615|  615|   none  |
    +-----+-----+-----+-----+---------+

    + Detail: 
        * Instance: 
        +-----------------+-------+-----+-----+-----+-----+---------+
        |                 |       |  Latency  |  Interval | Pipeline|
        |     Instance    | Module| min | max | min | max |   Type  |
        +-----------------+-------+-----+-----+-----+-----+---------+
        |grp_mod3_fu_199  |mod3   |    0|    0|    0|    0|   none  |
        |grp_mod3_fu_204  |mod3   |    0|    0|    0|    0|   none  |
        +-----------------+-------+-----+-----+-----+-----+---------+

        * Loop: 
        +----------+-----+-----+----------+-----------+-----------+------+----------+
        |          |  Latency  | Iteration|  Initiation Interval  | Trip |          |
        | Loop Name| min | max |  Latency |  achieved |   target  | Count| Pipelined|
        +----------+-----+-----+----------+-----------+-----------+------+----------+
        |- Loop 1  |  606|  606|         6|          -|          -|   101|    no    |
        |- Loop 2  |    6|    6|         2|          -|          -|     3|    no    |
        +----------+-----+-----+----------+-----------+-----------+------+----------+



================================================================
== Utilization Estimates
================================================================
* Summary: 
+-----------------+---------+-------+--------+--------+
|       Name      | BRAM_18K| DSP48E|   FF   |   LUT  |
+-----------------+---------+-------+--------+--------+
|DSP              |        -|      -|       -|       -|
|Expression       |        -|      0|       0|     372|
|FIFO             |        -|      -|       -|       -|
|Instance         |        -|      -|       0|     226|
|Memory           |        -|      -|       -|       -|
|Multiplexer      |        -|      -|       -|     197|
|Register         |        -|      -|     120|       -|
+-----------------+---------+-------+--------+--------+
|Total            |        0|      0|     120|     795|
+-----------------+---------+-------+--------+--------+
|Available        |      730|    740|  269200|  129000|
+-----------------+---------+-------+--------+--------+
|Utilization (%)  |        0|      0|   ~0   |   ~0   |
+-----------------+---------+-------+--------+--------+

+ Detail: 
    * Instance: 
    +-----------------+-------+---------+-------+---+-----+
    |     Instance    | Module| BRAM_18K| DSP48E| FF| LUT |
    +-----------------+-------+---------+-------+---+-----+
    |grp_mod3_fu_199  |mod3   |        0|      0|  0|  113|
    |grp_mod3_fu_204  |mod3   |        0|      0|  0|  113|
    +-----------------+-------+---------+-------+---+-----+
    |Total            |       |        0|      0|  0|  226|
    +-----------------+-------+---------+-------+---+-----+

    * DSP48: 
    N/A

    * Memory: 
    N/A

    * FIFO: 
    N/A

    * Expression: 
    +---------------------+----------+-------+---+----+------------+------------+
    |    Variable Name    | Operation| DSP48E| FF| LUT| Bitwidth P0| Bitwidth P1|
    +---------------------+----------+-------+---+----+------------+------------+
    |tmp_159_fu_288_p2    |     *    |      0|  0|  41|           8|           8|
    |tmp_163_fu_332_p2    |     *    |      0|  0|  41|           8|           6|
    |tmp_167_fu_348_p2    |     *    |      0|  0|  41|           8|           5|
    |tmp_171_fu_304_p2    |     *    |      0|  0|  41|           8|           8|
    |tmp_178_fu_440_p2    |     *    |      0|  0|  41|           8|           8|
    |i_7_fu_240_p2        |     +    |      0|  0|  15|           7|           1|
    |j_2_fu_430_p2        |     +    |      0|  0|  10|           2|           1|
    |sum2_fu_274_p2       |     +    |      0|  0|  15|           8|           7|
    |sum_fu_250_p2        |     +    |      0|  0|  15|           8|           8|
    |tmp_157_fu_268_p2    |     +    |      0|  0|  16|           9|           9|
    |tmp_161_fu_368_p2    |     +    |      0|  0|  16|           9|           1|
    |tmp_165_fu_386_p2    |     +    |      0|  0|  16|           9|           2|
    |tmp_169_fu_396_p2    |     +    |      0|  0|  16|           9|           2|
    |tmp_173_fu_410_p2    |     +    |      0|  0|  16|           9|           3|
    |tmp_176_fu_460_p2    |     +    |      0|  0|  13|           4|           4|
    |exitcond1_fu_234_p2  |   icmp   |      0|  0|  11|           7|           6|
    |exitcond_fu_424_p2   |   icmp   |      0|  0|   8|           2|           2|
    +---------------------+----------+-------+---+----+------------+------------+
    |Total                |          |      0|  0| 372|         123|          81|
    +---------------------+----------+-------+---+----+------------+------------+

    * Multiplexer: 
    +-------------------+----+-----------+-----+-----------+
    |        Name       | LUT| Input Size| Bits| Total Bits|
    +-------------------+----+-----------+-----+-----------+
    |ap_NS_fsm          |  50|         11|    1|         11|
    |c8_reg_179         |   9|          2|    8|         16|
    |grp_mod3_fu_199_a  |  27|          5|    8|         40|
    |grp_mod3_fu_204_a  |  15|          3|    8|         24|
    |i_reg_168          |   9|          2|    7|         14|
    |j_reg_188          |   9|          2|    2|          4|
    |msg_address0       |  15|          3|   10|         30|
    |r_coeffs_address0  |  27|          5|    9|         45|
    |r_coeffs_address1  |  21|          4|    9|         36|
    |r_coeffs_d1        |  15|          3|   16|         48|
    +-------------------+----+-----------+-----+-----------+
    |Total              | 197|         40|   78|        268|
    +-------------------+----+-----------+-----+-----------+

    * Register: 
    +----------------------+----+----+-----+-----------+
    |         Name         | FF | LUT| Bits| Const Bits|
    +----------------------+----+----+-----+-----------+
    |ap_CS_fsm             |  10|   0|   10|          0|
    |c8_reg_179            |   8|   0|    8|          0|
    |c_7_reg_540           |   7|   0|    8|          1|
    |i_7_reg_483           |   7|   0|    7|          0|
    |i_reg_168             |   7|   0|    7|          0|
    |j_2_reg_535           |   2|   0|    2|          0|
    |j_cast1_cast_reg_527  |   2|   0|    4|          2|
    |j_reg_188             |   2|   0|    2|          0|
    |reg_210               |   8|   0|    8|          0|
    |reg_216               |  16|   0|   16|          0|
    |reg_221               |  16|   0|   16|          0|
    |tmp_115_reg_517       |   5|   0|    5|          0|
    |tmp_116_reg_522       |   4|   0|    4|          0|
    |tmp_117_reg_512       |   2|   0|    2|          0|
    |tmp_157_reg_493       |   9|   0|    9|          0|
    |tmp_179_reg_474       |   8|   0|    8|          0|
    |tmp_reg_507           |   7|   0|    7|          0|
    +----------------------+----+----+-----+-----------+
    |Total                 | 120|   0|  123|          3|
    +----------------------+----+----+-----+-----------+



================================================================
== Interface
================================================================
* Summary: 
+-------------------+-----+-----+------------+-------------------+--------------+
|     RTL Ports     | Dir | Bits|  Protocol  |   Source Object   |    C Type    |
+-------------------+-----+-----+------------+-------------------+--------------+
|ap_clk             |  in |    1| ap_ctrl_hs | poly_S3_frombytes | return value |
|ap_rst             |  in |    1| ap_ctrl_hs | poly_S3_frombytes | return value |
|ap_start           |  in |    1| ap_ctrl_hs | poly_S3_frombytes | return value |
|ap_done            | out |    1| ap_ctrl_hs | poly_S3_frombytes | return value |
|ap_idle            | out |    1| ap_ctrl_hs | poly_S3_frombytes | return value |
|ap_ready           | out |    1| ap_ctrl_hs | poly_S3_frombytes | return value |
|r_coeffs_address0  | out |    9|  ap_memory |      r_coeffs     |     array    |
|r_coeffs_ce0       | out |    1|  ap_memory |      r_coeffs     |     array    |
|r_coeffs_we0       | out |    1|  ap_memory |      r_coeffs     |     array    |
|r_coeffs_d0        | out |   16|  ap_memory |      r_coeffs     |     array    |
|r_coeffs_address1  | out |    9|  ap_memory |      r_coeffs     |     array    |
|r_coeffs_ce1       | out |    1|  ap_memory |      r_coeffs     |     array    |
|r_coeffs_we1       | out |    1|  ap_memory |      r_coeffs     |     array    |
|r_coeffs_d1        | out |   16|  ap_memory |      r_coeffs     |     array    |
|msg_address0       | out |   10|  ap_memory |        msg        |     array    |
|msg_ce0            | out |    1|  ap_memory |        msg        |     array    |
|msg_q0             |  in |    8|  ap_memory |        msg        |     array    |
|msg_offset         |  in |    9|   ap_none  |     msg_offset    |    scalar    |
+-------------------+-----+-----+------------+-------------------+--------------+

