

================================================================
== Vivado HLS Report for 'poly_Sq_frombytes_1'
================================================================
* Date:           Mon Aug 24 18:56:11 2020

* Version:        2018.3 (Build 2405991 on Thu Dec 06 23:56:15 MST 2018)
* Project:        ntru09
* Solution:       dec
* Product family: artix7
* Target device:  xc7a200tfbg676-2


================================================================
== Performance Estimates
================================================================
+ Timing (ns): 
    * Summary: 
    +--------+-------+----------+------------+
    |  Clock | Target| Estimated| Uncertainty|
    +--------+-------+----------+------------+
    |ap_clk  |  10.00|     6.417|        1.25|
    +--------+-------+----------+------------+

+ Latency (clock cycles): 
    * Summary: 
    +-----+-----+-----+-----+---------+
    |  Latency  |  Interval | Pipeline|
    | min | max | min | max |   Type  |
    +-----+-----+-----+-----+---------+
    |  445|  445|  445|  445|   none  |
    +-----+-----+-----+-----+---------+

    + Detail: 
        * Instance: 
        N/A

        * Loop: 
        +----------+-----+-----+----------+-----------+-----------+------+----------+
        |          |  Latency  | Iteration|  Initiation Interval  | Trip |          |
        | Loop Name| min | max |  Latency |  achieved |   target  | Count| Pipelined|
        +----------+-----+-----+----------+-----------+-----------+------+----------+
        |- Loop 1  |  441|  441|         7|          -|          -|    63|    no    |
        +----------+-----+-----+----------+-----------+-----------+------+----------+



================================================================
== Utilization Estimates
================================================================
* Summary: 
+-----------------+---------+-------+--------+--------+
|       Name      | BRAM_18K| DSP48E|   FF   |   LUT  |
+-----------------+---------+-------+--------+--------+
|DSP              |        -|      -|       -|       -|
|Expression       |        -|      -|       0|     322|
|FIFO             |        -|      -|       -|       -|
|Instance         |        -|      -|       -|       -|
|Memory           |        -|      -|       -|       -|
|Multiplexer      |        -|      -|       -|     314|
|Register         |        -|      -|      80|       -|
+-----------------+---------+-------+--------+--------+
|Total            |        0|      0|      80|     636|
+-----------------+---------+-------+--------+--------+
|Available        |      730|    740|  269200|  129000|
+-----------------+---------+-------+--------+--------+
|Utilization (%)  |        0|      0|   ~0   |   ~0   |
+-----------------+---------+-------+--------+--------+

+ Detail: 
    * Instance: 
    N/A

    * DSP48: 
    N/A

    * Memory: 
    N/A

    * FIFO: 
    N/A

    * Expression: 
    +--------------------+----------+-------+---+----+------------+------------+
    |    Variable Name   | Operation| DSP48E| FF| LUT| Bitwidth P0| Bitwidth P1|
    +--------------------+----------+-------+---+----+------------+------------+
    |next_mul_fu_741_p2  |     +    |      0|  0|  17|           4|          10|
    |sum10_fu_820_p2     |     +    |      0|  0|  17|           8|          10|
    |sum1_fu_626_p2      |     +    |      0|  0|  17|           8|          10|
    |sum2_fu_463_p2      |     +    |      0|  0|  17|           8|          10|
    |sum3_fu_637_p2      |     +    |      0|  0|  17|           8|          10|
    |sum4_fu_474_p2      |     +    |      0|  0|  17|           8|          10|
    |sum5_fu_719_p2      |     +    |      0|  0|  17|           8|          10|
    |sum6_fu_552_p2      |     +    |      0|  0|  17|           8|          10|
    |sum7_fu_730_p2      |     +    |      0|  0|  17|           8|          10|
    |sum8_fu_563_p2      |     +    |      0|  0|  17|           8|          10|
    |sum9_fu_809_p2      |     +    |      0|  0|  17|           8|          10|
    |sum_fu_452_p2       |     +    |      0|  0|  17|           8|          10|
    |tmp_4_fu_446_p2     |     +    |      0|  0|  15|           6|           1|
    |exitcond_fu_440_p2  |   icmp   |      0|  0|  11|           6|           2|
    |tmp_24_fu_531_p2    |    or    |      0|  0|   9|           9|           1|
    |tmp_31_fu_597_p2    |    or    |      0|  0|  10|          10|          10|
    |tmp_33_fu_616_p2    |    or    |      0|  0|   9|           9|           2|
    |tmp_38_fu_664_p2    |    or    |      0|  0|   9|           9|           2|
    |tmp_43_fu_701_p2    |    or    |      0|  0|   9|           9|           3|
    |tmp_50_fu_770_p2    |    or    |      0|  0|   9|           9|           9|
    |tmp_52_fu_789_p2    |    or    |      0|  0|   9|           9|           3|
    |tmp_57_fu_847_p2    |    or    |      0|  0|   9|           9|           3|
    |tmp_61_fu_880_p2    |    or    |      0|  0|   9|           9|           3|
    |tmp_7_fu_941_p2     |    or    |      0|  0|  10|          10|          10|
    +--------------------+----------+-------+---+----+------------+------------+
    |Total               |          |      0|  0| 322|         196|         169|
    +--------------------+----------+-------+---+----+------------+------------+

    * Multiplexer: 
    +-------------------+----+-----------+-----+-----------+
    |        Name       | LUT| Input Size| Bits| Total Bits|
    +-------------------+----+-----------+-----+-----------+
    |a_address0         |  47|         10|   10|        100|
    |a_address1         |  44|          9|   10|         90|
    |ap_NS_fsm          |  53|         12|    1|         12|
    |i_reg_396          |   9|          2|    6|         12|
    |phi_mul_reg_408    |   9|          2|   10|         20|
    |r_coeffs_address0  |  38|          7|    9|         63|
    |r_coeffs_address1  |  38|          7|    9|         63|
    |r_coeffs_d0        |  38|          7|   16|        112|
    |r_coeffs_d1        |  38|          7|   16|        112|
    +-------------------+----+-----------+-----+-----------+
    |Total              | 314|         63|   87|        584|
    +-------------------+----+-----------+-----+-----------+

    * Register: 
    +-------------------+----+----+-----+-----------+
    |        Name       | FF | LUT| Bits| Const Bits|
    +-------------------+----+----+-----+-----------+
    |a_load_6_reg_1015  |   8|   0|    8|          0|
    |ap_CS_fsm          |  11|   0|   11|          0|
    |i_reg_396          |   6|   0|    6|          0|
    |next_mul_reg_1085  |  10|   0|   10|          0|
    |phi_mul_reg_408    |  10|   0|   10|          0|
    |tmp_10_reg_1115    |   1|   0|    1|          0|
    |tmp_12_reg_1125    |   6|   0|    6|          0|
    |tmp_19_reg_1030    |   6|   0|    9|          3|
    |tmp_26_reg_1040    |   2|   0|    2|          0|
    |tmp_35_reg_1055    |   7|   0|    7|          0|
    |tmp_45_reg_1070    |   1|   0|    1|          0|
    |tmp_4_reg_995      |   6|   0|    6|          0|
    |tmp_54_reg_1090    |   6|   0|    6|          0|
    +-------------------+----+----+-----+-----------+
    |Total              |  80|   0|   83|          3|
    +-------------------+----+----+-----+-----------+



================================================================
== Interface
================================================================
* Summary: 
+-------------------+-----+-----+------------+---------------------+--------------+
|     RTL Ports     | Dir | Bits|  Protocol  |    Source Object    |    C Type    |
+-------------------+-----+-----+------------+---------------------+--------------+
|ap_clk             |  in |    1| ap_ctrl_hs | poly_Sq_frombytes.1 | return value |
|ap_rst             |  in |    1| ap_ctrl_hs | poly_Sq_frombytes.1 | return value |
|ap_start           |  in |    1| ap_ctrl_hs | poly_Sq_frombytes.1 | return value |
|ap_done            | out |    1| ap_ctrl_hs | poly_Sq_frombytes.1 | return value |
|ap_idle            | out |    1| ap_ctrl_hs | poly_Sq_frombytes.1 | return value |
|ap_ready           | out |    1| ap_ctrl_hs | poly_Sq_frombytes.1 | return value |
|r_coeffs_address0  | out |    9|  ap_memory |       r_coeffs      |     array    |
|r_coeffs_ce0       | out |    1|  ap_memory |       r_coeffs      |     array    |
|r_coeffs_we0       | out |    1|  ap_memory |       r_coeffs      |     array    |
|r_coeffs_d0        | out |   16|  ap_memory |       r_coeffs      |     array    |
|r_coeffs_address1  | out |    9|  ap_memory |       r_coeffs      |     array    |
|r_coeffs_ce1       | out |    1|  ap_memory |       r_coeffs      |     array    |
|r_coeffs_we1       | out |    1|  ap_memory |       r_coeffs      |     array    |
|r_coeffs_d1        | out |   16|  ap_memory |       r_coeffs      |     array    |
|a_address0         | out |   10|  ap_memory |          a          |     array    |
|a_ce0              | out |    1|  ap_memory |          a          |     array    |
|a_q0               |  in |    8|  ap_memory |          a          |     array    |
|a_address1         | out |   10|  ap_memory |          a          |     array    |
|a_ce1              | out |    1|  ap_memory |          a          |     array    |
|a_q1               |  in |    8|  ap_memory |          a          |     array    |
+-------------------+-----+-----+------------+---------------------+--------------+

