

================================================================
== Vivado HLS Report for 'poly_S3_mul'
================================================================
* Date:           Mon Aug 24 18:56:10 2020

* Version:        2018.3 (Build 2405991 on Thu Dec 06 23:56:15 MST 2018)
* Project:        ntru09
* Solution:       dec
* Product family: artix7
* Target device:  xc7a200tfbg676-2


================================================================
== Performance Estimates
================================================================
+ Timing (ns): 
    * Summary: 
    +--------+-------+----------+------------+
    |  Clock | Target| Estimated| Uncertainty|
    +--------+-------+----------+------------+
    |ap_clk  |  10.00|     9.122|        1.25|
    +--------+-------+----------+------------+

+ Latency (clock cycles): 
    * Summary: 
    +------+---------+------+---------+---------+
    |     Latency    |    Interval    | Pipeline|
    |  min |   max   |  min |   max   |   Type  |
    +------+---------+------+---------+---------+
    |  4583|  1556015|  4583|  1556015|   none  |
    +------+---------+------+---------+---------+

    + Detail: 
        * Instance: 
        N/A

        * Loop: 
        +-------------+------+---------+----------+-----------+-----------+---------+----------+
        |             |     Latency    | Iteration|  Initiation Interval  |   Trip  |          |
        |  Loop Name  |  min |   max   |  Latency |  achieved |   target  |  Count  | Pipelined|
        +-------------+------+---------+----------+-----------+-----------+---------+----------+
        |- Loop 1     |  3054|  1554486| 6 ~ 3054 |          -|          -|      509|    no    |
        | + Loop 1.1  |     0|     1524|         3|          -|          -| 0 ~ 508 |    no    |
        | + Loop 1.2  |     3|     1527|         3|          -|          -| 1 ~ 509 |    no    |
        |- Loop 2     |  1527|     1527|         3|          -|          -|      509|    no    |
        +-------------+------+---------+----------+-----------+-----------+---------+----------+



================================================================
== Utilization Estimates
================================================================
* Summary: 
+-----------------+---------+-------+--------+--------+
|       Name      | BRAM_18K| DSP48E|   FF   |   LUT  |
+-----------------+---------+-------+--------+--------+
|DSP              |        -|      2|       -|       -|
|Expression       |        -|      -|       0|     399|
|FIFO             |        -|      -|       -|       -|
|Instance         |        -|      -|       -|       -|
|Memory           |        -|      -|       -|       -|
|Multiplexer      |        -|      -|       -|     185|
|Register         |        -|      -|     184|       -|
+-----------------+---------+-------+--------+--------+
|Total            |        0|      2|     184|     584|
+-----------------+---------+-------+--------+--------+
|Available        |      730|    740|  269200|  129000|
+-----------------+---------+-------+--------+--------+
|Utilization (%)  |        0|   ~0  |   ~0   |   ~0   |
+-----------------+---------+-------+--------+--------+

+ Detail: 
    * Instance: 
    N/A

    * DSP48: 
    +---------------------------------------------------+-----------------------------------------------+--------------+
    |                      Instance                     |                     Module                    |  Expression  |
    +---------------------------------------------------+-----------------------------------------------+--------------+
    |crypto_kem_dec_mac_muladd_16s_16s_16ns_16_1_1_U15  |crypto_kem_dec_mac_muladd_16s_16s_16ns_16_1_1  | i0 + i1 * i2 |
    |crypto_kem_dec_mac_muladd_16s_16s_16ns_16_1_1_U16  |crypto_kem_dec_mac_muladd_16s_16s_16ns_16_1_1  | i0 + i1 * i2 |
    +---------------------------------------------------+-----------------------------------------------+--------------+

    * Memory: 
    N/A

    * FIFO: 
    N/A

    * Expression: 
    +-------------------------------+----------+-------+---+----+------------+------------+
    |         Variable Name         | Operation| DSP48E| FF| LUT| Bitwidth P0| Bitwidth P1|
    +-------------------------------+----------+-------+---+----+------------+------------+
    |a_assign_cast_fu_399_p2        |     +    |      0|  0|  15|           8|           8|
    |a_assign_fu_393_p2             |     +    |      0|  0|  23|          16|          16|
    |fold1_i_cast_fu_523_p2         |     +    |      0|  0|   8|           2|           2|
    |fold2_i_cast_fu_561_p2         |     +    |      0|  0|  10|           2|           2|
    |fold_i_cast_fu_481_p2          |     +    |      0|  0|   8|           4|           4|
    |i_5_fu_279_p2                  |     +    |      0|  0|  16|           9|           1|
    |i_6_fu_295_p2                  |     +    |      0|  0|  16|           9|           1|
    |indvars_iv_next_fu_316_p2      |     +    |      0|  0|  16|           9|           1|
    |k_2_fu_328_p2                  |     +    |      0|  0|  16|           9|           1|
    |k_3_fu_232_p2                  |     +    |      0|  0|  16|           9|           1|
    |r_1_fu_491_p2                  |     +    |      0|  0|  15|           6|           6|
    |r_2_fu_542_p2                  |     +    |      0|  0|  13|           4|           4|
    |r_3_fu_569_p2                  |     +    |      0|  0|  12|           3|           3|
    |r_fu_429_p2                    |     +    |      0|  0|  16|           9|           9|
    |t_fu_575_p2                    |     +    |      0|  0|  12|           3|           3|
    |tmp_112_fu_423_p2              |     +    |      0|  0|  15|           8|           8|
    |tmp_134_fu_449_p2              |     +    |      0|  0|   8|           4|           4|
    |tmp_137_fu_475_p2              |     +    |      0|  0|  10|           2|           2|
    |tmp_138_fu_507_p2              |     +    |      0|  0|   8|           2|           2|
    |tmp_145_fu_258_p2              |     +    |      0|  0|  17|          10|          10|
    |tmp_147_fu_268_p2              |     -    |      0|  0|  16|           3|           9|
    |tmp_151_fu_301_p2              |     -    |      0|  0|  17|          10|          10|
    |tmp_s_fu_243_p2                |     -    |      0|  0|  16|           3|           9|
    |tmp_235_i_fu_597_p2            |    and   |      0|  0|   3|           3|           3|
    |tmp_237_i_fu_621_p2            |    and   |      0|  0|   3|           3|           3|
    |exitcond1_fu_289_p2            |   icmp   |      0|  0|  13|           9|           9|
    |exitcond2_fu_226_p2            |   icmp   |      0|  0|  13|           9|           3|
    |exitcond_fu_322_p2             |   icmp   |      0|  0|  13|           9|           3|
    |tmp_130_fu_253_p2              |   icmp   |      0|  0|  13|           9|           9|
    |c_cast_fu_589_p3               |  select  |      0|  0|   2|           1|           2|
    |tmp_236_i_cast_cast_fu_613_p3  |  select  |      0|  0|   2|           1|           2|
    |not_tmp_53_i_fu_607_p2         |    xor   |      0|  0|   2|           1|           2|
    |r_coeffs_d1                    |    xor   |      0|  0|  16|          16|          16|
    +-------------------------------+----------+-------+---+----+------------+------------+
    |Total                          |          |      0|  0| 399|         205|         168|
    +-------------------------------+----------+-------+---+----+------------+------------+

    * Multiplexer: 
    +--------------------+----+-----------+-----+-----------+
    |        Name        | LUT| Input Size| Bits| Total Bits|
    +--------------------+----+-----------+-----+-----------+
    |a_coeffs_address0   |  15|          3|    9|         27|
    |ap_NS_fsm           |  53|         12|    1|         12|
    |b_coeffs_address0   |  15|          3|    9|         27|
    |i_1_reg_188         |   9|          2|    9|         18|
    |i_reg_177           |   9|          2|    9|         18|
    |indvars_iv_reg_154  |   9|          2|    9|         18|
    |k_1_reg_199         |   9|          2|    9|         18|
    |k_reg_166           |   9|          2|    9|         18|
    |r_coeffs_address0   |  21|          4|    9|         36|
    |r_coeffs_address1   |  15|          3|    9|         27|
    |r_coeffs_d0         |  21|          4|   16|         64|
    +--------------------+----+-----------+-----+-----------+
    |Total               | 185|         39|   98|        283|
    +--------------------+----+-----------+-----+-----------+

    * Register: 
    +--------------------------+----+----+-----+-----------+
    |           Name           | FF | LUT| Bits| Const Bits|
    +--------------------------+----+----+-----+-----------+
    |ap_CS_fsm                 |  11|   0|   11|          0|
    |fold1_i_cast_reg_745      |   2|   0|    2|          0|
    |i_1_reg_188               |   9|   0|    9|          0|
    |i_5_reg_698               |   9|   0|    9|          0|
    |i_6_reg_706               |   9|   0|    9|          0|
    |i_reg_177                 |   9|   0|    9|          0|
    |indvars_iv_reg_154        |   9|   0|    9|          0|
    |k_1_reg_199               |   9|   0|    9|          0|
    |k_2_reg_729               |   9|   0|    9|          0|
    |k_3_reg_665               |   9|   0|    9|          0|
    |k_cast5_reg_656           |   9|   0|   10|          1|
    |k_reg_166                 |   9|   0|    9|          0|
    |r_coeffs_addr_13_reg_670  |   9|   0|    9|          0|
    |r_coeffs_addr_14_reg_734  |   9|   0|    9|          0|
    |reg_210                   |  16|   0|   16|          0|
    |reg_214                   |  16|   0|   16|          0|
    |reg_218                   |  16|   0|   16|          0|
    |tmp_143_reg_751           |   2|   0|    2|          0|
    |tmp_231_i_cast_reg_740    |   4|   0|    4|          0|
    |tmp_s_reg_675             |   9|   0|    9|          0|
    +--------------------------+----+----+-----+-----------+
    |Total                     | 184|   0|  185|          1|
    +--------------------------+----+----+-----+-----------+



================================================================
== Interface
================================================================
* Summary: 
+-------------------+-----+-----+------------+--------------+--------------+
|     RTL Ports     | Dir | Bits|  Protocol  | Source Object|    C Type    |
+-------------------+-----+-----+------------+--------------+--------------+
|ap_clk             |  in |    1| ap_ctrl_hs |  poly_S3_mul | return value |
|ap_rst             |  in |    1| ap_ctrl_hs |  poly_S3_mul | return value |
|ap_start           |  in |    1| ap_ctrl_hs |  poly_S3_mul | return value |
|ap_done            | out |    1| ap_ctrl_hs |  poly_S3_mul | return value |
|ap_idle            | out |    1| ap_ctrl_hs |  poly_S3_mul | return value |
|ap_ready           | out |    1| ap_ctrl_hs |  poly_S3_mul | return value |
|r_coeffs_address0  | out |    9|  ap_memory |   r_coeffs   |     array    |
|r_coeffs_ce0       | out |    1|  ap_memory |   r_coeffs   |     array    |
|r_coeffs_we0       | out |    1|  ap_memory |   r_coeffs   |     array    |
|r_coeffs_d0        | out |   16|  ap_memory |   r_coeffs   |     array    |
|r_coeffs_q0        |  in |   16|  ap_memory |   r_coeffs   |     array    |
|r_coeffs_address1  | out |    9|  ap_memory |   r_coeffs   |     array    |
|r_coeffs_ce1       | out |    1|  ap_memory |   r_coeffs   |     array    |
|r_coeffs_we1       | out |    1|  ap_memory |   r_coeffs   |     array    |
|r_coeffs_d1        | out |   16|  ap_memory |   r_coeffs   |     array    |
|r_coeffs_q1        |  in |   16|  ap_memory |   r_coeffs   |     array    |
|a_coeffs_address0  | out |    9|  ap_memory |   a_coeffs   |     array    |
|a_coeffs_ce0       | out |    1|  ap_memory |   a_coeffs   |     array    |
|a_coeffs_q0        |  in |   16|  ap_memory |   a_coeffs   |     array    |
|b_coeffs_address0  | out |    9|  ap_memory |   b_coeffs   |     array    |
|b_coeffs_ce0       | out |    1|  ap_memory |   b_coeffs   |     array    |
|b_coeffs_q0        |  in |   16|  ap_memory |   b_coeffs   |     array    |
+-------------------+-----+-----+------------+--------------+--------------+

