

================================================================
== Vivado HLS Report for 'Cipher'
================================================================
* Date:           Tue Aug 25 23:03:44 2020

* Version:        2018.3 (Build 2405991 on Thu Dec 06 23:56:15 MST 2018)
* Project:        ntru21
* Solution:       keypair
* Product family: artix7
* Target device:  xc7a200tfbg676-2


================================================================
== Performance Estimates
================================================================
+ Timing (ns): 
    * Summary: 
    +--------+-------+----------+------------+
    |  Clock | Target| Estimated| Uncertainty|
    +--------+-------+----------+------------+
    |ap_clk  |  10.00|     5.910|        1.25|
    +--------+-------+----------+------------+

+ Latency (clock cycles): 
    * Summary: 
    +------+------+------+------+---------+
    |   Latency   |   Interval  | Pipeline|
    |  min |  max |  min |  max |   Type  |
    +------+------+------+------+---------+
    |  1846|  1846|  1846|  1846|   none  |
    +------+------+------+------+---------+

    + Detail: 
        * Instance: 
        +------------------------+-------------+-----+-----+-----+-----+---------+
        |                        |             |  Latency  |  Interval | Pipeline|
        |        Instance        |    Module   | min | max | min | max |   Type  |
        +------------------------+-------------+-----+-----+-----+-----+---------+
        |grp_AddRoundKey_fu_238  |AddRoundKey  |   41|   41|   41|   41|   none  |
        |grp_SubBytes_fu_249     |SubBytes     |   57|   57|   57|   57|   none  |
        +------------------------+-------------+-----+-----+-----+-----+---------+

        * Loop: 
        +-------------+------+------+----------+-----------+-----------+------+----------+
        |             |   Latency   | Iteration|  Initiation Interval  | Trip |          |
        |  Loop Name  |  min |  max |  Latency |  achieved |   target  | Count| Pipelined|
        +-------------+------+------+----------+-----------+-----------+------+----------+
        |- Loop 1     |  1690|  1690|       130|          -|          -|    13|    no    |
        | + Loop 1.1  |    16|    16|         4|          -|          -|     4|    no    |
        +-------------+------+------+----------+-----------+-----------+------+----------+



================================================================
== Utilization Estimates
================================================================
* Summary: 
+-----------------+---------+-------+--------+--------+
|       Name      | BRAM_18K| DSP48E|   FF   |   LUT  |
+-----------------+---------+-------+--------+--------+
|DSP              |        -|      -|       -|       -|
|Expression       |        -|      -|       0|     214|
|FIFO             |        -|      -|       -|       -|
|Instance         |        1|      -|      49|     261|
|Memory           |        -|      -|       -|       -|
|Multiplexer      |        -|      -|       -|     473|
|Register         |        -|      -|     163|       -|
+-----------------+---------+-------+--------+--------+
|Total            |        1|      0|     212|     948|
+-----------------+---------+-------+--------+--------+
|Available        |      730|    740|  269200|  129000|
+-----------------+---------+-------+--------+--------+
|Utilization (%)  |    ~0   |      0|   ~0   |   ~0   |
+-----------------+---------+-------+--------+--------+

+ Detail: 
    * Instance: 
    +------------------------+-------------+---------+-------+----+-----+
    |        Instance        |    Module   | BRAM_18K| DSP48E| FF | LUT |
    +------------------------+-------------+---------+-------+----+-----+
    |grp_AddRoundKey_fu_238  |AddRoundKey  |        0|      0|  25|  138|
    |grp_SubBytes_fu_249     |SubBytes     |        1|      0|  24|  123|
    +------------------------+-------------+---------+-------+----+-----+
    |Total                   |             |        1|      0|  49|  261|
    +------------------------+-------------+---------+-------+----+-----+

    * DSP48: 
    N/A

    * Memory: 
    N/A

    * FIFO: 
    N/A

    * Expression: 
    +--------------------------------+----------+-------+---+----+------------+------------+
    |          Variable Name         | Operation| DSP48E| FF| LUT| Bitwidth P0| Bitwidth P1|
    +--------------------------------+----------+-------+---+----+------------+------------+
    |i_fu_323_p2                     |     +    |      0|  0|  12|           3|           1|
    |round_1_fu_362_p2               |     +    |      0|  0|  13|           4|           1|
    |exitcond_fu_311_p2              |   icmp   |      0|  0|   9|           4|           3|
    |tmp_i_fu_317_p2                 |   icmp   |      0|  0|   9|           3|           4|
    |tmp_45_fu_342_p2                |    or    |      0|  0|   5|           5|           1|
    |tmp_47_fu_368_p2                |    or    |      0|  0|   5|           5|           2|
    |tmp_49_fu_382_p2                |    or    |      0|  0|   5|           5|           2|
    |tmp_2_i14_i_cast_cas_fu_568_p3  |  select  |      0|  0|   5|           1|           5|
    |tmp_2_i4_i_cast_cast_fu_475_p3  |  select  |      0|  0|   5|           1|           5|
    |tmp_2_i9_i_cast_cast_fu_522_p3  |  select  |      0|  0|   5|           1|           5|
    |tmp_2_i_i_cast_cast_fu_428_p3   |  select  |      0|  0|   5|           1|           5|
    |Tm_1_fu_455_p2                  |    xor   |      0|  0|   8|           8|           8|
    |Tm_2_fu_502_p2                  |    xor   |      0|  0|   8|           8|           8|
    |Tm_3_fu_548_p2                  |    xor   |      0|  0|   8|           8|           8|
    |Tm_fu_396_p2                    |    xor   |      0|  0|   8|           8|           8|
    |Tmp_fu_408_p2                   |    xor   |      0|  0|   8|           8|           8|
    |tmp1_fu_442_p2                  |    xor   |      0|  0|   8|           8|           8|
    |tmp2_fu_483_p2                  |    xor   |      0|  0|   8|           8|           8|
    |tmp3_fu_489_p2                  |    xor   |      0|  0|   8|           8|           8|
    |tmp4_fu_530_p2                  |    xor   |      0|  0|   8|           8|           8|
    |tmp5_fu_536_p2                  |    xor   |      0|  0|   8|           8|           8|
    |tmp6_fu_576_p2                  |    xor   |      0|  0|   8|           8|           8|
    |tmp_314_i_fu_402_p2             |    xor   |      0|  0|   8|           8|           8|
    |tmp_316_i_fu_448_p2             |    xor   |      0|  0|   8|           8|           8|
    |tmp_318_i_fu_495_p2             |    xor   |      0|  0|   8|           8|           8|
    |tmp_320_i_fu_542_p2             |    xor   |      0|  0|   8|           8|           8|
    |tmp_322_i_fu_582_p2             |    xor   |      0|  0|   8|           8|           8|
    |tmp_fu_436_p2                   |    xor   |      0|  0|   8|           8|           8|
    +--------------------------------+----------+-------+---+----+------------+------------+
    |Total                           |          |      0|  0| 214|         169|         170|
    +--------------------------------+----------+-------+---+----+------------+------------+

    * Multiplexer: 
    +------------------------------+-----+-----------+-----+-----------+
    |             Name             | LUT | Input Size| Bits| Total Bits|
    +------------------------------+-----+-----------+-----+-----------+
    |RoundKey_ce0                  |    9|          2|    1|          2|
    |ap_NS_fsm                     |  165|         37|    1|         37|
    |grp_AddRoundKey_fu_238_round  |   21|          4|    6|         24|
    |i_i_reg_227                   |    9|          2|    3|          6|
    |reg_262                       |    9|          2|    8|         16|
    |reg_269                       |    9|          2|    8|         16|
    |round_reg_215                 |    9|          2|    4|          8|
    |state_address0                |   56|         13|    4|         52|
    |state_address1                |   50|         11|    4|         44|
    |state_ce0                     |   21|          4|    1|          4|
    |state_d0                      |   50|         11|    8|         88|
    |state_d1                      |   44|          9|    8|         72|
    |state_we0                     |   21|          4|    1|          4|
    +------------------------------+-----+-----------+-----+-----------+
    |Total                         |  473|        103|   57|        373|
    +------------------------------+-----+-----------+-----+-----------+

    * Register: 
    +-------------------------------------+----+----+-----+-----------+
    |                 Name                | FF | LUT| Bits| Const Bits|
    +-------------------------------------+----+----+-----+-----------+
    |ap_CS_fsm                            |  36|   0|   36|          0|
    |grp_AddRoundKey_fu_238_ap_start_reg  |   1|   0|    1|          0|
    |grp_SubBytes_fu_249_ap_start_reg     |   1|   0|    1|          0|
    |i_i_reg_227                          |   3|   0|    3|          0|
    |i_reg_654                            |   3|   0|    3|          0|
    |reg_257                              |   8|   0|    8|          0|
    |reg_262                              |   8|   0|    8|          0|
    |reg_269                              |   8|   0|    8|          0|
    |reg_276                              |   8|   0|    8|          0|
    |reg_281                              |   8|   0|    8|          0|
    |reg_286                              |   8|   0|    8|          0|
    |reg_291                              |   8|   0|    8|          0|
    |reg_296                              |   8|   0|    8|          0|
    |reg_301                              |   8|   0|    8|          0|
    |reg_306                              |   8|   0|    8|          0|
    |round_1_reg_680                      |   4|   0|    4|          0|
    |round_cast8_cast_reg_675             |   4|   0|    6|          2|
    |round_reg_215                        |   4|   0|    4|          0|
    |state_addr_12_reg_665                |   2|   0|    4|          2|
    |state_addr_13_reg_670                |   2|   0|    4|          2|
    |state_addr_14_reg_685                |   2|   0|    4|          2|
    |state_addr_15_reg_690                |   2|   0|    4|          2|
    |tmp_320_i_reg_695                    |   8|   0|    8|          0|
    |tmp_322_i_reg_700                    |   8|   0|    8|          0|
    |tmp_43_reg_659                       |   3|   0|    5|          2|
    +-------------------------------------+----+----+-----+-----------+
    |Total                                | 163|   0|  175|         12|
    +-------------------------------------+----+----+-----+-----------+



================================================================
== Interface
================================================================
* Summary: 
+-------------------+-----+-----+------------+--------------+--------------+
|     RTL Ports     | Dir | Bits|  Protocol  | Source Object|    C Type    |
+-------------------+-----+-----+------------+--------------+--------------+
|ap_clk             |  in |    1| ap_ctrl_hs |    Cipher    | return value |
|ap_rst             |  in |    1| ap_ctrl_hs |    Cipher    | return value |
|ap_start           |  in |    1| ap_ctrl_hs |    Cipher    | return value |
|ap_done            | out |    1| ap_ctrl_hs |    Cipher    | return value |
|ap_idle            | out |    1| ap_ctrl_hs |    Cipher    | return value |
|ap_ready           | out |    1| ap_ctrl_hs |    Cipher    | return value |
|state_address0     | out |    4|  ap_memory |     state    |     array    |
|state_ce0          | out |    1|  ap_memory |     state    |     array    |
|state_we0          | out |    1|  ap_memory |     state    |     array    |
|state_d0           | out |    8|  ap_memory |     state    |     array    |
|state_q0           |  in |    8|  ap_memory |     state    |     array    |
|state_address1     | out |    4|  ap_memory |     state    |     array    |
|state_ce1          | out |    1|  ap_memory |     state    |     array    |
|state_we1          | out |    1|  ap_memory |     state    |     array    |
|state_d1           | out |    8|  ap_memory |     state    |     array    |
|state_q1           |  in |    8|  ap_memory |     state    |     array    |
|RoundKey_address0  | out |    8|  ap_memory |   RoundKey   |     array    |
|RoundKey_ce0       | out |    1|  ap_memory |   RoundKey   |     array    |
|RoundKey_q0        |  in |    8|  ap_memory |   RoundKey   |     array    |
+-------------------+-----+-----+------------+--------------+--------------+

