

================================================================
== Vivado HLS Report for 'poly_R2_inv'
================================================================
* Date:           Tue Aug 25 23:03:51 2020

* Version:        2018.3 (Build 2405991 on Thu Dec 06 23:56:15 MST 2018)
* Project:        ntru21
* Solution:       keypair
* Product family: artix7
* Target device:  xc7a200tfbg676-2


================================================================
== Performance Estimates
================================================================
+ Timing (ns): 
    * Summary: 
    +--------+-------+----------+------------+
    |  Clock | Target| Estimated| Uncertainty|
    +--------+-------+----------+------------+
    |ap_clk  |  10.00|     8.341|        1.25|
    +--------+-------+----------+------------+

+ Latency (clock cycles): 
    * Summary: 
    +----------+----------+----------+----------+---------+
    |       Latency       |       Interval      | Pipeline|
    |    min   |    max   |    min   |    max   |   Type  |
    +----------+----------+----------+----------+---------+
    |  21726141|  21726141|  21726141|  21726141|   none  |
    +----------+----------+----------+----------+---------+

    + Detail: 
        * Instance: 
        N/A

        * Loop: 
        +-------------+----------+----------+----------+-----------+-----------+------+----------+
        |             |       Latency       | Iteration|  Initiation Interval  | Trip |          |
        |  Loop Name  |    min   |    max   |  Latency |  achieved |   target  | Count| Pipelined|
        +-------------+----------+----------+----------+-----------+-----------+------+----------+
        |- Loop 1     |       820|       820|         1|          -|          -|   820|    no    |
        |- Loop 2     |       821|       821|         1|          -|          -|   821|    no    |
        |- Loop 3     |      1642|      1642|         2|          -|          -|   821|    no    |
        |- Loop 4     |       821|       821|         1|          -|          -|   821|    no    |
        |- Loop 5     |  21539738|  21539738|     13142|          -|          -|  1639|    no    |
        | + Loop 5.1  |      1642|      1642|         2|          -|          -|   821|    no    |
        | + Loop 5.2  |      1642|      1642|         2|          -|          -|   821|    no    |
        | + Loop 5.3  |      3284|      3284|         4|          -|          -|   821|    no    |
        | + Loop 5.4  |      3284|      3284|         4|          -|          -|   821|    no    |
        | + Loop 5.5  |      1640|      1640|         2|          -|          -|   820|    no    |
        | + Loop 5.6  |      1640|      1640|         2|          -|          -|   820|    no    |
        |- Loop 6     |      1642|      1642|         2|          -|          -|   821|    no    |
        |- Loop 7     |    180650|    180650|     18065|          -|          -|    10|    no    |
        | + Loop 7.1  |     13136|     13136|        16|          -|          -|   821|    no    |
        | + Loop 7.2  |      4926|      4926|         3|          -|          -|  1642|    no    |
        +-------------+----------+----------+----------+-----------+-----------+------+----------+



================================================================
== Utilization Estimates
================================================================
* Summary: 
+-----------------+---------+-------+--------+--------+
|       Name      | BRAM_18K| DSP48E|   FF   |   LUT  |
+-----------------+---------+-------+--------+--------+
|DSP              |        -|      2|       -|       -|
|Expression       |        -|      -|       0|    1691|
|FIFO             |        -|      -|       -|       -|
|Instance         |        -|      -|     142|      78|
|Memory           |        3|      -|       0|       0|
|Multiplexer      |        -|      -|       -|     730|
|Register         |        -|      -|     766|       -|
+-----------------+---------+-------+--------+--------+
|Total            |        3|      2|     908|    2499|
+-----------------+---------+-------+--------+--------+
|Available        |      730|    740|  269200|  129000|
+-----------------+---------+-------+--------+--------+
|Utilization (%)  |    ~0   |   ~0  |   ~0   |       1|
+-----------------+---------+-------+--------+--------+

+ Detail: 
    * Instance: 
    +---------------------------------------------------+-----------------------------------------------+---------+-------+-----+----+
    |                      Instance                     |                     Module                    | BRAM_18K| DSP48E|  FF | LUT|
    +---------------------------------------------------+-----------------------------------------------+---------+-------+-----+----+
    |crypto_kem_keypair_urem_11ns_11ns_11_15_seq_1_U54  |crypto_kem_keypair_urem_11ns_11ns_11_15_seq_1  |        0|      0|  142|  78|
    +---------------------------------------------------+-----------------------------------------------+---------+-------+-----+----+
    |Total                                              |                                               |        0|      0|  142|  78|
    +---------------------------------------------------+-----------------------------------------------+---------+-------+-----+----+

    * DSP48: 
    +-----------------------------------------------+-------------------------------------------+-----------+
    |                    Instance                   |                   Module                  | Expression|
    +-----------------------------------------------+-------------------------------------------+-----------+
    |crypto_kem_keypair_mul_mul_16s_16s_16_1_1_U55  |crypto_kem_keypair_mul_mul_16s_16s_16_1_1  |  i0 * i1  |
    |crypto_kem_keypair_mul_mul_16s_16s_16_1_1_U56  |crypto_kem_keypair_mul_mul_16s_16s_16_1_1  |  i0 * i1  |
    +-----------------------------------------------+-------------------------------------------+-----------+

    * Memory: 
    +------------+----------------------+---------+---+----+------+-----+------+-------------+
    |   Memory   |        Module        | BRAM_18K| FF| LUT| Words| Bits| Banks| W*Bits*Banks|
    +------------+----------------------+---------+---+----+------+-----+------+-------------+
    |b_coeffs_U  |poly_S3_inv_b_coeffs  |        1|  0|   0|   821|   16|     1|        13136|
    |f_coeffs_U  |poly_S3_inv_b_coeffs  |        1|  0|   0|   821|   16|     1|        13136|
    |g_coeffs_U  |poly_S3_inv_b_coeffs  |        1|  0|   0|   821|   16|     1|        13136|
    +------------+----------------------+---------+---+----+------+-----+------+-------------+
    |Total       |                      |        3|  0|   0|  2463|   48|     3|        39408|
    +------------+----------------------+---------+---+----+------+-----+------+-------------+

    * FIFO: 
    N/A

    * Expression: 
    +-----------------------------+----------+-------+---+----+------------+------------+
    |        Variable Name        | Operation| DSP48E| FF| LUT| Bitwidth P0| Bitwidth P1|
    +-----------------------------+----------+-------+---+----+------------+------------+
    |gepindex4_fu_1255_p2         |     +    |      0|  0|  17|           9|          10|
    |gepindex_fu_1220_p2          |     +    |      0|  0|  17|           8|          10|
    |grp_fu_1146_p0               |     +    |      0|  0|  18|          11|          11|
    |i_20_fu_766_p2               |     +    |      0|  0|  17|          10|           1|
    |i_21_fu_809_p2               |     +    |      0|  0|  17|          10|           1|
    |i_22_fu_902_p2               |     +    |      0|  0|  17|          10|           1|
    |i_23_fu_1180_p2              |     +    |      0|  0|  18|          11|           1|
    |i_24_fu_931_p2               |     +    |      0|  0|  17|          10|           1|
    |i_25_fu_592_p2               |     +    |      0|  0|  17|          10|           1|
    |i_26_fu_604_p2               |     +    |      0|  0|  17|          10|           1|
    |i_27_fu_621_p2               |     +    |      0|  0|  17|          10|           1|
    |i_28_fu_647_p2               |     +    |      0|  0|  17|          10|           1|
    |i_29_fu_1088_p2              |     +    |      0|  0|  17|          10|           1|
    |i_30_fu_1109_p2              |     +    |      0|  0|  13|           4|           1|
    |i_31_fu_981_p2               |     +    |      0|  0|  17|          10|           1|
    |i_32_fu_1038_p2              |     +    |      0|  0|  17|          10|           1|
    |j_4_fu_664_p2                |     +    |      0|  0|  18|          11|           1|
    |j_5_fu_1135_p2               |     +    |      0|  0|  17|          10|           1|
    |k_7_fu_1048_p2               |     +    |      0|  0|  18|          11|          11|
    |mem_index_gep2_fu_1239_p2    |     +    |      0|  0|  23|          16|          16|
    |mem_index_gep_fu_1204_p2     |     +    |      0|  0|  23|          16|          16|
    |tmp_113_i_fu_970_p2          |     +    |      0|  0|  17|          10|           2|
    |degf_4_fu_1044_p2            |     -    |      0|  0|  23|          16|          16|
    |k_6_fu_696_p2                |     -    |      0|  0|  19|          12|          12|
    |tmp_106_i_fu_1016_p2         |     -    |      0|  0|  17|           9|          10|
    |tmp_108_i_fu_1027_p2         |     -    |      0|  0|  17|           9|          10|
    |tmp_110_fu_674_p2            |     -    |      0|  0|  18|          10|          11|
    |tmp_111_fu_722_p2            |     -    |      0|  0|  24|          17|          17|
    |tmp_130_fu_1053_p2           |     -    |      0|  0|  23|           1|          16|
    |tmp_151_fu_1321_p2           |     -    |      0|  0|  15|           5|           5|
    |tmp_153_fu_1333_p2           |     -    |      0|  0|  15|           5|           5|
    |tmp_157_fu_1363_p2           |     -    |      0|  0|  15|           4|           5|
    |tmp_169_fu_1403_p2           |     -    |      0|  0|  15|           5|           5|
    |tmp_171_fu_1415_p2           |     -    |      0|  0|  15|           5|           5|
    |tmp_175_fu_1445_p2           |     -    |      0|  0|  15|           4|           5|
    |p_demorgan_fu_1608_p2        |    and   |      0|  0|  16|          16|          16|
    |swap_fu_746_p2               |    and   |      0|  0|   2|           1|           1|
    |t_2_fu_877_p2                |    and   |      0|  0|  16|          16|          16|
    |t_fu_784_p2                  |    and   |      0|  0|  16|          16|          16|
    |tmp21_fu_740_p2              |    and   |      0|  0|   2|           1|           1|
    |tmp22_fu_827_p2              |    and   |      0|  0|   2|           1|           1|
    |tmp_105_i_fu_1076_p2         |    and   |      0|  0|  16|          16|          16|
    |tmp_111_i_fu_1003_p2         |    and   |      0|  0|  16|          16|          16|
    |tmp_115_fu_832_p2            |    and   |      0|  0|   2|           1|           1|
    |tmp_116_fu_845_p2            |    and   |      0|  0|  16|          16|          16|
    |tmp_124_fu_914_p2            |    and   |      0|  0|  16|          16|          16|
    |tmp_128_fu_949_p2            |    and   |      0|  0|  16|          16|          16|
    |tmp_162_fu_1490_p2           |    and   |      0|  0|  16|          16|          16|
    |tmp_180_fu_1471_p2           |    and   |      0|  0|  16|          16|          16|
    |tmp_199_fu_1614_p2           |    and   |      0|  0|  16|          16|          16|
    |tmp_i2_fu_1504_p2            |    and   |      0|  0|   8|           8|           8|
    |addrCmp2_fu_1249_p2          |   icmp   |      0|  0|  13|          16|          16|
    |addrCmp_fu_1214_p2           |   icmp   |      0|  0|  13|          16|          16|
    |exitcond1_fu_1103_p2         |   icmp   |      0|  0|   9|           4|           4|
    |exitcond2_fu_1082_p2         |   icmp   |      0|  0|  13|          10|           9|
    |exitcond3_fu_925_p2          |   icmp   |      0|  0|  13|          10|           9|
    |exitcond4_fu_896_p2          |   icmp   |      0|  0|  13|          10|           9|
    |exitcond5_fu_658_p2          |   icmp   |      0|  0|  13|          11|          10|
    |exitcond6_fu_641_p2          |   icmp   |      0|  0|  13|          10|           9|
    |exitcond7_fu_615_p2          |   icmp   |      0|  0|  13|          10|           9|
    |exitcond8_fu_598_p2          |   icmp   |      0|  0|  13|          10|           9|
    |exitcond9_fu_581_p2          |   icmp   |      0|  0|  13|          10|           9|
    |exitcond_fu_1129_p2          |   icmp   |      0|  0|  13|          10|           9|
    |exitcond_i3_fu_1010_p2       |   icmp   |      0|  0|  13|          10|           9|
    |exitcond_i5_fu_760_p2        |   icmp   |      0|  0|  13|          10|           9|
    |exitcond_i8_fu_1174_p2       |   icmp   |      0|  0|  13|          11|          10|
    |exitcond_i9_fu_803_p2        |   icmp   |      0|  0|  13|          10|           9|
    |exitcond_i_fu_959_p2         |   icmp   |      0|  0|  13|          10|           9|
    |grp_fu_577_p2                |   icmp   |      0|  0|   9|           4|           4|
    |tmp_165_fu_1379_p2           |   icmp   |      0|  0|   9|           4|           4|
    |tmp_160_fu_1373_p2           |   lshr   |      0|  0|  35|          16|          16|
    |tmp_161_fu_1484_p2           |   lshr   |      0|  0|  35|           2|          16|
    |tmp_178_fu_1459_p2           |   lshr   |      0|  0|  35|          16|          16|
    |tmp_179_fu_1465_p2           |   lshr   |      0|  0|  35|           2|          16|
    |tmp_198_fu_1602_p2           |   lshr   |      0|  0|  35|           2|          16|
    |end_pos_fu_1296_p2           |    or    |      0|  0|   4|           4|           3|
    |b_assign_2_cast_fu_1156_p3   |  select  |      0|  0|   2|           1|           2|
    |gepindex2_fu_1226_p3         |  select  |      0|  0|  10|           1|          10|
    |gepindex5_fu_1261_p3         |  select  |      0|  0|  10|           1|          10|
    |tmp_110_i_fu_1067_p3         |  select  |      0|  0|  16|           1|          16|
    |tmp_115_i_fu_987_p3          |  select  |      0|  0|  16|           1|          16|
    |tmp_117_fu_863_p3            |  select  |      0|  0|   2|           1|           2|
    |tmp_154_fu_1339_p3           |  select  |      0|  0|   5|           1|           5|
    |tmp_155_fu_1347_p3           |  select  |      0|  0|  16|           1|          16|
    |tmp_156_fu_1355_p3           |  select  |      0|  0|   5|           1|           5|
    |tmp_172_fu_1421_p3           |  select  |      0|  0|   5|           1|           5|
    |tmp_173_fu_1429_p3           |  select  |      0|  0|  16|           1|          16|
    |tmp_174_fu_1437_p3           |  select  |      0|  0|   5|           1|           5|
    |tmp_187_fu_1530_p3           |  select  |      0|  0|   5|           1|           5|
    |tmp_188_fu_1538_p3           |  select  |      0|  0|   5|           1|           5|
    |tmp_189_fu_1546_p3           |  select  |      0|  0|   5|           1|           5|
    |tmp_196_fu_1588_p3           |  select  |      0|  0|  16|           1|          16|
    |tmp_200_cast_cast_fu_688_p3  |  select  |      0|  0|  10|           1|          10|
    |tmp_210_cast_fu_837_p3       |  select  |      0|  0|   2|           1|           2|
    |tmp_i3_cast_fu_752_p3        |  select  |      0|  0|   2|           1|           2|
    |tmp_i_63_fu_996_p3           |  select  |      0|  0|   2|           1|           2|
    |mask_fu_1624_p2              |    shl   |      0|  0|   6|           1|           2|
    |tmp_113_fu_1115_p2           |    shl   |      0|  0|  23|           1|          10|
    |tmp_194_fu_1572_p2           |    shl   |      0|  0|  35|          16|          16|
    |tmp_197_fu_1596_p2           |    shl   |      0|  0|  35|           2|          16|
    |degf_3_fu_851_p2             |    xor   |      0|  0|  16|          16|          16|
    |degg_2_fu_857_p2             |    xor   |      0|  0|  16|          16|          16|
    |tmp_114_fu_821_p2            |    xor   |      0|  0|  16|          16|          16|
    |tmp_125_fu_918_p2            |    xor   |      0|  0|  16|          16|          16|
    |tmp_129_fu_953_p2            |    xor   |      0|  0|  16|          16|          16|
    |tmp_152_fu_1327_p2           |    xor   |      0|  0|   5|           5|           4|
    |tmp_170_fu_1409_p2           |    xor   |      0|  0|   5|           5|           4|
    |tmp_186_fu_1524_p2           |    xor   |      0|  0|   5|           5|           4|
    |tmp_190_fu_1554_p2           |    xor   |      0|  0|   5|           5|           4|
    |tmp_247_i2_fu_871_p2         |    xor   |      0|  0|  16|          16|          16|
    |tmp_247_i_fu_778_p2          |    xor   |      0|  0|  16|          16|          16|
    |tmp_248_i2_fu_882_p2         |    xor   |      0|  0|  16|          16|          16|
    |tmp_248_i_fu_789_p2          |    xor   |      0|  0|  16|          16|          16|
    |tmp_249_i2_fu_889_p2         |    xor   |      0|  0|  16|          16|          16|
    |tmp_249_i_fu_796_p2          |    xor   |      0|  0|  16|          16|          16|
    |tmp_310_i_fu_1509_p2         |    xor   |      0|  0|   8|           8|           8|
    |tmp_i9_fu_1499_p2            |    xor   |      0|  0|   8|           8|           8|
    |tmp_i_fu_943_p2              |    xor   |      0|  0|   2|           1|           2|
    +-----------------------------+----------+-------+---+----+------------+------------+
    |Total                        |          |      0|  0|1691|         998|        1065|
    +-----------------------------+----------+-------+---+----+------------+------------+

    * Multiplexer: 
    +-------------------+-----+-----------+-----+-----------+
    |        Name       | LUT | Input Size| Bits| Total Bits|
    +-------------------+-----+-----------+-----+-----------+
    |ap_NS_fsm          |  213|         49|    1|         49|
    |b_coeffs_address0  |   38|          7|   10|         70|
    |b_coeffs_d0        |   27|          5|   16|         80|
    |degf_reg_397       |    9|          2|   16|         32|
    |degg_reg_432       |    9|          2|   16|         32|
    |done_reg_444       |    9|          2|    1|          2|
    |f_coeffs_address0  |   53|         12|   10|        120|
    |f_coeffs_d0        |   38|          7|   16|        112|
    |g_coeffs_address0  |   27|          5|   10|         50|
    |g_coeffs_d0        |   15|          3|   16|         48|
    |grp_fu_577_p0      |   15|          3|    4|         12|
    |grp_fu_577_p1      |   15|          3|    4|         12|
    |i_1_reg_364        |    9|          2|   10|         20|
    |i_2_reg_375        |    9|          2|   10|         20|
    |i_3_reg_386        |    9|          2|   10|         20|
    |i_4_reg_478        |    9|          2|   10|         20|
    |i_5_reg_489        |    9|          2|   10|         20|
    |i_6_reg_522        |    9|          2|   10|         20|
    |i_7_reg_543        |    9|          2|    4|          8|
    |i_i2_reg_511       |    9|          2|   10|         20|
    |i_i4_reg_456       |    9|          2|   10|         20|
    |i_i7_reg_566       |    9|          2|   11|         22|
    |i_i8_reg_467       |    9|          2|   10|         20|
    |i_i_reg_500        |    9|          2|   10|         20|
    |i_reg_353          |    9|          2|   10|         20|
    |j_1_reg_554        |    9|          2|   10|         20|
    |j_reg_421          |    9|          2|   11|         22|
    |k_1_reg_533        |    9|          2|   30|         60|
    |k_reg_409          |    9|          2|   11|         22|
    |r_coeffs_address0  |   56|         13|   10|        130|
    |r_coeffs_d0        |   38|          7|   16|        112|
    |r_coeffs_we0       |   15|          3|    2|          6|
    +-------------------+-----+-----------+-----+-----------+
    |Total              |  730|        157|  335|       1241|
    +-------------------+-----+-----------+-----+-----------+

    * Register: 
    +--------------------------------+----+----+-----+-----------+
    |              Name              | FF | LUT| Bits| Const Bits|
    +--------------------------------+----+----+-----+-----------+
    |ap_CS_fsm                       |  48|   0|   48|          0|
    |b_assign_2_cast_reg_1955        |   8|   0|    8|          0|
    |b_coeffs_addr_6_reg_1768        |  10|   0|   10|          0|
    |b_coeffs_addr_7_reg_1835        |  10|   0|   10|          0|
    |degf_3_reg_1778                 |  16|   0|   16|          0|
    |degf_4_reg_1896                 |  16|   0|   16|          0|
    |degf_reg_397                    |  16|   0|   16|          0|
    |degg_2_reg_1783                 |  16|   0|   16|          0|
    |degg_reg_432                    |  16|   0|   16|          0|
    |done_reg_444                    |   1|   0|    1|          0|
    |end_pos_reg_2000                |   1|   0|    4|          3|
    |g_coeffs_addr_4_reg_1755        |  10|   0|   10|          0|
    |g_coeffs_load_3_reg_1812        |  16|   0|   16|          0|
    |i_1_reg_364                     |  10|   0|   10|          0|
    |i_20_reg_1745                   |  10|   0|   10|          0|
    |i_21_reg_1763                   |  10|   0|   10|          0|
    |i_22_reg_1797                   |  10|   0|   10|          0|
    |i_23_reg_1968                   |  11|   0|   11|          0|
    |i_24_reg_1825                   |  10|   0|   10|          0|
    |i_27_reg_1659                   |  10|   0|   10|          0|
    |i_29_reg_1914                   |  10|   0|   10|          0|
    |i_2_reg_375                     |  10|   0|   10|          0|
    |i_30_reg_1932                   |   4|   0|    4|          0|
    |i_31_reg_1868                   |  10|   0|   10|          0|
    |i_32_reg_1891                   |  10|   0|   10|          0|
    |i_3_reg_386                     |  10|   0|   10|          0|
    |i_4_reg_478                     |  10|   0|   10|          0|
    |i_5_reg_489                     |  10|   0|   10|          0|
    |i_6_reg_522                     |  10|   0|   10|          0|
    |i_7_reg_543                     |   4|   0|    4|          0|
    |i_i2_reg_511                    |  10|   0|   10|          0|
    |i_i4_reg_456                    |  10|   0|   10|          0|
    |i_i7_reg_566                    |  11|   0|   11|          0|
    |i_i8_reg_467                    |  10|   0|   10|          0|
    |i_i_reg_500                     |  10|   0|   10|          0|
    |i_reg_353                       |  10|   0|   10|          0|
    |j_1_reg_554                     |  10|   0|   10|          0|
    |j_4_reg_1700                    |  11|   0|   11|          0|
    |j_5_reg_1945                    |  10|   0|   10|          0|
    |j_reg_421                       |  11|   0|   11|          0|
    |k_1_reg_533                     |  30|   0|   30|          0|
    |k_6_cast_cast_reg_1705          |  30|   0|   30|          0|
    |k_7_reg_1901                    |  11|   0|   11|          0|
    |k_reg_409                       |  11|   0|   11|          0|
    |r_coeffs_addr_10_reg_1886       |  10|   0|   10|          0|
    |r_coeffs_addr_11_reg_1773       |  10|   0|   10|          0|
    |r_coeffs_addr_12_reg_1984       |  10|   0|   10|          0|
    |r_coeffs_load_reg_1845          |  16|   0|   16|          0|
    |s_assign_cast_reg_1721          |   1|   0|   11|         10|
    |start_pos_reg_1994              |   1|   0|    4|          3|
    |temp_r_coeffs_addr_10_reg_1807  |  10|   0|   10|          0|
    |temp_r_coeffs_addr_12_reg_1863  |  10|   0|   10|          0|
    |temp_r_coeffs_addr_8_reg_1750   |  10|   0|   10|          0|
    |temp_r_coeffs_load_reg_1710     |  16|   0|   16|          0|
    |tmp_108_reg_1664                |  10|   0|   64|         54|
    |tmp_112_reg_1919                |  10|   0|   64|         54|
    |tmp_117_reg_1788                |  16|   0|   16|          0|
    |tmp_123_reg_1817                |  16|   0|   16|          0|
    |tmp_129_reg_1850                |  16|   0|   16|          0|
    |tmp_141_reg_1716                |   1|   0|    1|          0|
    |tmp_142_reg_1726                |   1|   0|    1|          0|
    |tmp_145_reg_1973                |   1|   0|    1|          0|
    |tmp_157_reg_2006                |   4|   0|    5|          1|
    |tmp_160_reg_2011                |  16|   0|   16|          0|
    |tmp_181_reg_2016                |   8|   0|    8|          0|
    |tmp_201_reg_1906                |   1|   0|    1|          0|
    |tmp_220_cast_reg_1937           |  10|   0|   11|          1|
    |tmp_23_reg_1731                 |   1|   0|   16|         15|
    |tmp_i3_cast_reg_1736            |  16|   0|   16|          0|
    |tmp_i_63_reg_1873               |  16|   0|   16|          0|
    |tmp_i_reg_1840                  |   1|   0|    1|          0|
    +--------------------------------+----+----+-----+-----------+
    |Total                           | 766|   0|  907|        141|
    +--------------------------------+----+----+-----+-----------+



================================================================
== Interface
================================================================
* Summary: 
+-------------------+-----+-----+------------+--------------+--------------+
|     RTL Ports     | Dir | Bits|  Protocol  | Source Object|    C Type    |
+-------------------+-----+-----+------------+--------------+--------------+
|ap_clk             |  in |    1| ap_ctrl_hs |  poly_R2_inv | return value |
|ap_rst             |  in |    1| ap_ctrl_hs |  poly_R2_inv | return value |
|ap_start           |  in |    1| ap_ctrl_hs |  poly_R2_inv | return value |
|ap_done            | out |    1| ap_ctrl_hs |  poly_R2_inv | return value |
|ap_idle            | out |    1| ap_ctrl_hs |  poly_R2_inv | return value |
|ap_ready           | out |    1| ap_ctrl_hs |  poly_R2_inv | return value |
|r_coeffs_address0  | out |   10|  ap_memory |   r_coeffs   |     array    |
|r_coeffs_ce0       | out |    1|  ap_memory |   r_coeffs   |     array    |
|r_coeffs_we0       | out |    2|  ap_memory |   r_coeffs   |     array    |
|r_coeffs_d0        | out |   16|  ap_memory |   r_coeffs   |     array    |
|r_coeffs_q0        |  in |   16|  ap_memory |   r_coeffs   |     array    |
|a_coeffs_address0  | out |   10|  ap_memory |   a_coeffs   |     array    |
|a_coeffs_ce0       | out |    1|  ap_memory |   a_coeffs   |     array    |
|a_coeffs_q0        |  in |   16|  ap_memory |   a_coeffs   |     array    |
+-------------------+-----+-----+------------+--------------+--------------+

