   Build using "/opt/Xilinx2018/Vivado/2018.3/tps/lnx64/gcc-6.2.0/bin/g++"
   Compiling apatb_crypto_kem_keypair.cpp
   Compiling (apcc) aes.c_pre.c.tb.c
INFO: [HLS 200-10] Running '/opt/Xilinx2018/Vivado/2018.3/bin/unwrapped/lnx64.o/apcc'
INFO: [HLS 200-10] For user 'dss545' on host 'hansolo.poly.edu' (Linux_x86_64 version 3.10.0-1062.4.1.el7.x86_64) on Sun Aug 23 23:04:52 EDT 2020
INFO: [HLS 200-10] On os "Red Hat Enterprise Linux Server release 7.7 (Maipo)"
INFO: [HLS 200-10] In directory '/home/dss545/KEM/NTRU/Reference_Implementation/crypto_kem/ntru-hrss701/ntru01/keypair/sim/wrapc'
clang: warning: argument unused during compilation: '-fno-builtin-isinf'
clang: warning: argument unused during compilation: '-fno-builtin-isnan'
INFO: [APCC 202-3] Tmp directory is /tmp/apcc_db_dss545/246321598238293029412
INFO: [APCC 202-1] APCC is done.
   Compiling (apcc) fips202.c_pre.c.tb.c
INFO: [HLS 200-10] Running '/opt/Xilinx2018/Vivado/2018.3/bin/unwrapped/lnx64.o/apcc'
INFO: [HLS 200-10] For user 'dss545' on host 'hansolo.poly.edu' (Linux_x86_64 version 3.10.0-1062.4.1.el7.x86_64) on Sun Aug 23 23:04:59 EDT 2020
INFO: [HLS 200-10] On os "Red Hat Enterprise Linux Server release 7.7 (Maipo)"
INFO: [HLS 200-10] In directory '/home/dss545/KEM/NTRU/Reference_Implementation/crypto_kem/ntru-hrss701/ntru01/keypair/sim/wrapc'
clang: warning: argument unused during compilation: '-fno-builtin-isinf'
clang: warning: argument unused during compilation: '-fno-builtin-isnan'
INFO: [APCC 202-3] Tmp directory is /tmp/apcc_db_dss545/247521598238299483205
INFO: [APCC 202-1] APCC is done.
   Compiling (apcc) kem.c_pre.c.tb.c
INFO: [HLS 200-10] Running '/opt/Xilinx2018/Vivado/2018.3/bin/unwrapped/lnx64.o/apcc'
INFO: [HLS 200-10] For user 'dss545' on host 'hansolo.poly.edu' (Linux_x86_64 version 3.10.0-1062.4.1.el7.x86_64) on Sun Aug 23 23:05:06 EDT 2020
INFO: [HLS 200-10] On os "Red Hat Enterprise Linux Server release 7.7 (Maipo)"
INFO: [HLS 200-10] In directory '/home/dss545/KEM/NTRU/Reference_Implementation/crypto_kem/ntru-hrss701/ntru01/keypair/sim/wrapc'
clang: warning: argument unused during compilation: '-fno-builtin-isinf'
clang: warning: argument unused during compilation: '-fno-builtin-isnan'
INFO: [APCC 202-3] Tmp directory is /tmp/apcc_db_dss545/248801598238306880332
INFO: [APCC 202-1] APCC is done.
   Compiling (apcc) owcpa.c_pre.c.tb.c
INFO: [HLS 200-10] Running '/opt/Xilinx2018/Vivado/2018.3/bin/unwrapped/lnx64.o/apcc'
INFO: [HLS 200-10] For user 'dss545' on host 'hansolo.poly.edu' (Linux_x86_64 version 3.10.0-1062.4.1.el7.x86_64) on Sun Aug 23 23:05:12 EDT 2020
INFO: [HLS 200-10] On os "Red Hat Enterprise Linux Server release 7.7 (Maipo)"
INFO: [HLS 200-10] In directory '/home/dss545/KEM/NTRU/Reference_Implementation/crypto_kem/ntru-hrss701/ntru01/keypair/sim/wrapc'
clang: warning: argument unused during compilation: '-fno-builtin-isinf'
clang: warning: argument unused during compilation: '-fno-builtin-isnan'
INFO: [APCC 202-3] Tmp directory is /tmp/apcc_db_dss545/252071598238312822501
INFO: [APCC 202-1] APCC is done.
   Compiling (apcc) pack3.c_pre.c.tb.c
INFO: [HLS 200-10] Running '/opt/Xilinx2018/Vivado/2018.3/bin/unwrapped/lnx64.o/apcc'
INFO: [HLS 200-10] For user 'dss545' on host 'hansolo.poly.edu' (Linux_x86_64 version 3.10.0-1062.4.1.el7.x86_64) on Sun Aug 23 23:05:18 EDT 2020
INFO: [HLS 200-10] On os "Red Hat Enterprise Linux Server release 7.7 (Maipo)"
INFO: [HLS 200-10] In directory '/home/dss545/KEM/NTRU/Reference_Implementation/crypto_kem/ntru-hrss701/ntru01/keypair/sim/wrapc'
clang: warning: argument unused during compilation: '-fno-builtin-isinf'
clang: warning: argument unused during compilation: '-fno-builtin-isnan'
INFO: [APCC 202-3] Tmp directory is /tmp/apcc_db_dss545/254531598238318822136
INFO: [APCC 202-1] APCC is done.
   Compiling (apcc) packq.c_pre.c.tb.c
INFO: [HLS 200-10] Running '/opt/Xilinx2018/Vivado/2018.3/bin/unwrapped/lnx64.o/apcc'
INFO: [HLS 200-10] For user 'dss545' on host 'hansolo.poly.edu' (Linux_x86_64 version 3.10.0-1062.4.1.el7.x86_64) on Sun Aug 23 23:05:24 EDT 2020
INFO: [HLS 200-10] On os "Red Hat Enterprise Linux Server release 7.7 (Maipo)"
INFO: [HLS 200-10] In directory '/home/dss545/KEM/NTRU/Reference_Implementation/crypto_kem/ntru-hrss701/ntru01/keypair/sim/wrapc'
clang: warning: argument unused during compilation: '-fno-builtin-isinf'
clang: warning: argument unused during compilation: '-fno-builtin-isnan'
INFO: [APCC 202-3] Tmp directory is /tmp/apcc_db_dss545/255871598238324976028
INFO: [APCC 202-1] APCC is done.
   Compiling (apcc) poly.c_pre.c.tb.c
INFO: [HLS 200-10] Running '/opt/Xilinx2018/Vivado/2018.3/bin/unwrapped/lnx64.o/apcc'
INFO: [HLS 200-10] For user 'dss545' on host 'hansolo.poly.edu' (Linux_x86_64 version 3.10.0-1062.4.1.el7.x86_64) on Sun Aug 23 23:05:31 EDT 2020
INFO: [HLS 200-10] On os "Red Hat Enterprise Linux Server release 7.7 (Maipo)"
INFO: [HLS 200-10] In directory '/home/dss545/KEM/NTRU/Reference_Implementation/crypto_kem/ntru-hrss701/ntru01/keypair/sim/wrapc'
clang: warning: argument unused during compilation: '-fno-builtin-isinf'
clang: warning: argument unused during compilation: '-fno-builtin-isnan'
INFO: [APCC 202-3] Tmp directory is /tmp/apcc_db_dss545/257081598238331350972
INFO: [APCC 202-1] APCC is done.
   Compiling (apcc) PQCgenKAT_kem.c_pre.c.tb.c
INFO: [HLS 200-10] Running '/opt/Xilinx2018/Vivado/2018.3/bin/unwrapped/lnx64.o/apcc'
INFO: [HLS 200-10] For user 'dss545' on host 'hansolo.poly.edu' (Linux_x86_64 version 3.10.0-1062.4.1.el7.x86_64) on Sun Aug 23 23:05:37 EDT 2020
INFO: [HLS 200-10] On os "Red Hat Enterprise Linux Server release 7.7 (Maipo)"
INFO: [HLS 200-10] In directory '/home/dss545/KEM/NTRU/Reference_Implementation/crypto_kem/ntru-hrss701/ntru01/keypair/sim/wrapc'
clang: warning: argument unused during compilation: '-fno-builtin-isinf'
clang: warning: argument unused during compilation: '-fno-builtin-isnan'
INFO: [APCC 202-3] Tmp directory is /tmp/apcc_db_dss545/258311598238337919763
INFO: [APCC 202-1] APCC is done.
   Compiling (apcc) rng.c_pre.c.tb.c
INFO: [HLS 200-10] Running '/opt/Xilinx2018/Vivado/2018.3/bin/unwrapped/lnx64.o/apcc'
INFO: [HLS 200-10] For user 'dss545' on host 'hansolo.poly.edu' (Linux_x86_64 version 3.10.0-1062.4.1.el7.x86_64) on Sun Aug 23 23:05:43 EDT 2020
INFO: [HLS 200-10] On os "Red Hat Enterprise Linux Server release 7.7 (Maipo)"
INFO: [HLS 200-10] In directory '/home/dss545/KEM/NTRU/Reference_Implementation/crypto_kem/ntru-hrss701/ntru01/keypair/sim/wrapc'
clang: warning: argument unused during compilation: '-fno-builtin-isinf'
clang: warning: argument unused during compilation: '-fno-builtin-isnan'
INFO: [APCC 202-3] Tmp directory is /tmp/apcc_db_dss545/259501598238343966320
INFO: [APCC 202-1] APCC is done.
   Compiling (apcc) sample.c_pre.c.tb.c
INFO: [HLS 200-10] Running '/opt/Xilinx2018/Vivado/2018.3/bin/unwrapped/lnx64.o/apcc'
INFO: [HLS 200-10] For user 'dss545' on host 'hansolo.poly.edu' (Linux_x86_64 version 3.10.0-1062.4.1.el7.x86_64) on Sun Aug 23 23:05:50 EDT 2020
INFO: [HLS 200-10] On os "Red Hat Enterprise Linux Server release 7.7 (Maipo)"
INFO: [HLS 200-10] In directory '/home/dss545/KEM/NTRU/Reference_Implementation/crypto_kem/ntru-hrss701/ntru01/keypair/sim/wrapc'
clang: warning: argument unused during compilation: '-fno-builtin-isinf'
clang: warning: argument unused during compilation: '-fno-builtin-isnan'
INFO: [APCC 202-3] Tmp directory is /tmp/apcc_db_dss545/260691598238350361805
INFO: [APCC 202-1] APCC is done.
   Compiling (apcc) verify.c_pre.c.tb.c
INFO: [HLS 200-10] Running '/opt/Xilinx2018/Vivado/2018.3/bin/unwrapped/lnx64.o/apcc'
INFO: [HLS 200-10] For user 'dss545' on host 'hansolo.poly.edu' (Linux_x86_64 version 3.10.0-1062.4.1.el7.x86_64) on Sun Aug 23 23:05:56 EDT 2020
INFO: [HLS 200-10] On os "Red Hat Enterprise Linux Server release 7.7 (Maipo)"
INFO: [HLS 200-10] In directory '/home/dss545/KEM/NTRU/Reference_Implementation/crypto_kem/ntru-hrss701/ntru01/keypair/sim/wrapc'
clang: warning: argument unused during compilation: '-fno-builtin-isinf'
clang: warning: argument unused during compilation: '-fno-builtin-isnan'
INFO: [APCC 202-3] Tmp directory is /tmp/apcc_db_dss545/262071598238356320985
INFO: [APCC 202-1] APCC is done.
   Generating cosim.tv.exe
