#-----------------------------------------------------------
# xsim v2018.3 (64-bit)
# SW Build 2405991 on Thu Dec  6 23:36:41 MST 2018
# IP Build 2404404 on Fri Dec  7 01:43:56 MST 2018
# Start of session at: Sun Aug 23 20:15:47 2020
# Process ID: 94836
# Current directory: /home/dss545/KEM/NTRU/Reference_Implementation/crypto_kem/ntru-hrss701/ntru01/dec/sim/verilog
# Command line: xsim -mode tcl -source {xsim.dir/crypto_kem_dec/xsim_script.tcl}
# Log file: /home/dss545/KEM/NTRU/Reference_Implementation/crypto_kem/ntru-hrss701/ntru01/dec/sim/verilog/xsim.log
# Journal file: /home/dss545/KEM/NTRU/Reference_Implementation/crypto_kem/ntru-hrss701/ntru01/dec/sim/verilog/xsim.jou
#-----------------------------------------------------------
source xsim.dir/crypto_kem_dec/xsim_script.tcl
# xsim {crypto_kem_dec} -autoloadwcfg -tclbatch {crypto_kem_dec.tcl}
Vivado Simulator 2018.3
Time resolution is 1 ps
source crypto_kem_dec.tcl
## run all
////////////////////////////////////////////////////////////////////////////////////
// Inter-Transaction Progress: Completed Transaction / Total Transaction
// Intra-Transaction Progress: Measured Latency / Latency Estimation * 100%
//
// RTL Simulation : "Inter-Transaction Progress" ["Intra-Transaction Progress"] @ "Simulation Time"
////////////////////////////////////////////////////////////////////////////////////
// RTL Simulation : 0 / 2 [0.00%] @ "125000"
// RTL Simulation : 1 / 2 [100.00%] @ "44673135000"
// RTL Simulation : 2 / 2 [100.00%] @ "89346135000"
////////////////////////////////////////////////////////////////////////////////////
$finish called at time : 89346175 ns : File "/home/dss545/KEM/NTRU/Reference_Implementation/crypto_kem/ntru-hrss701/ntru01/dec/sim/verilog/crypto_kem_dec.autotb.v" Line 380
run: Time (s): cpu = 00:00:00.13 ; elapsed = 00:07:04 . Memory (MB): peak = 1375.590 ; gain = 0.000 ; free physical = 80004 ; free virtual = 606418
## quit
INFO: [Common 17-206] Exiting xsim at Sun Aug 23 20:23:00 2020...
