

================================================================
== Vivado HLS Report for 'keccak_absorb_1'
================================================================
* Date:           Tue Aug 25 09:27:49 2020

* Version:        2018.3 (Build 2405991 on Thu Dec 06 23:56:15 MST 2018)
* Project:        ntru77
* Solution:       dec
* Product family: artix7
* Target device:  xc7a200tfbg676-2


================================================================
== Performance Estimates
================================================================
+ Timing (ns): 
    * Summary: 
    +--------+-------+----------+------------+
    |  Clock | Target| Estimated| Uncertainty|
    +--------+-------+----------+------------+
    |ap_clk  |  10.00|     6.812|        1.25|
    +--------+-------+----------+------------+

+ Latency (clock cycles): 
    * Summary: 
    +------+------+------+------+---------+
    |   Latency   |   Interval  | Pipeline|
    |  min |  max |  min |  max |   Type  |
    +------+------+------+------+---------+
    |  3142|  3142|  3142|  3142|   none  |
    +------+------+------+------+---------+

    + Detail: 
        * Instance: 
        N/A

        * Loop: 
        +-----------------+------+------+----------+-----------+-----------+------+----------+
        |                 |   Latency   | Iteration|  Initiation Interval  | Trip |          |
        |    Loop Name    |  min |  max |  Latency |  achieved |   target  | Count| Pipelined|
        +-----------------+------+------+----------+-----------+-----------+------+----------+
        |- Loop 1         |    25|    25|         1|          -|          -|    25|    no    |
        |- Loop 2         |  2632|  2632|       376|          -|          -|     7|    no    |
        | + Loop 2.1      |   323|   323|        19|          -|          -|    17|    no    |
        |  ++ Loop 2.1.1  |    16|    16|         2|          -|          -|     8|    no    |
        |- Loop 3         |   136|   136|         1|          -|          -|   136|    no    |
        |- Loop 4         |    20|    20|         2|          -|          -|    10|    no    |
        |- Loop 5         |   323|   323|        19|          -|          -|    17|    no    |
        | + Loop 5.1      |    16|    16|         2|          -|          -|     8|    no    |
        +-----------------+------+------+----------+-----------+-----------+------+----------+

============================================================
+ Verbose Summary: Synthesis Manager
============================================================
InlineROM: 1
ExposeGlobal: 1
============================================================
+ Verbose Summary: CDFG Model
============================================================
IsTopModel: 0
ResetActiveHigh: 1
IsCombinational: 0
IsDatapathOnly: 0
HasWiredReturn: 1
HasMFsm: 0
HasVarLatency: 1
IsPipeline: 0
IsRtlPipelined: 0
IsInstanceOverlapped: 0
IsDontTouch: 0
HasImplIP: 0
IsGatedGlobalClock: 0


============================================================
+ Verbose Summary: Schedule
============================================================
* Number of FSM states : 16
* Pipeline : 0
* Dataflow Pipeline: 0

* FSM state transitions: 
1 --> 
	2  / true
2 --> 
	2  / (!tmp)
	3  / (tmp)
3 --> 
	4  / (!tmp_s)
	9  / (tmp_s)
4 --> 
	8  / (exitcond4)
	5  / (!exitcond4)
5 --> 
	6  / (!tmp_i)
	7  / (tmp_i)
6 --> 
	5  / true
7 --> 
	4  / true
8 --> 
	3  / true
9 --> 
	9  / (!exitcond3)
	10  / (exitcond3)
10 --> 
	11  / (!exitcond2)
	12  / (exitcond2)
11 --> 
	10  / true
12 --> 
	13  / true
13 --> 
	14  / (!exitcond)
14 --> 
	15  / (!tmp_i3)
	16  / (tmp_i3)
15 --> 
	14  / true
16 --> 
	13  / true

* FSM state operations: 

State 1 <SV = 0> <Delay = 1.35>
ST_1 : Operation 17 [1/1] (0.00ns)   --->   "%t = alloca [200 x i8], align 16" [fips202.c:377]   --->   Operation 17 'alloca' 't' <Predicate = true> <Delay = 0.00> <Core = "RAM">   --->   Core 37 'RAM' <Latency = 1> <II = 1> <Delay = 2.77> <Storage> <Opcode : 'load' 'store'> <Ports = 2> <Width = 64> <Depth = 25> <RAM>
ST_1 : Operation 18 [1/1] (1.35ns)   --->   "br label %1" [fips202.c:380]   --->   Operation 18 'br' <Predicate = true> <Delay = 1.35>

State 2 <SV = 1> <Delay = 2.77>
ST_2 : Operation 19 [1/1] (0.00ns)   --->   "%i = phi i5 [ 0, %0 ], [ %i_21, %2 ]"   --->   Operation 19 'phi' 'i' <Predicate = true> <Delay = 0.00>
ST_2 : Operation 20 [1/1] (0.00ns)   --->   "%i_cast = zext i5 %i to i64" [fips202.c:380]   --->   Operation 20 'zext' 'i_cast' <Predicate = true> <Delay = 0.00>
ST_2 : Operation 21 [1/1] (1.21ns)   --->   "%tmp = icmp eq i5 %i, -7" [fips202.c:380]   --->   Operation 21 'icmp' 'tmp' <Predicate = true> <Delay = 1.21> <Core = "Cmp">   --->   Core 25 'Cmp' <Latency = 0> <II = 1> <Delay = 1.21> <FuncUnit> <Opcode : 'icmp'> <InPorts = 2> <OutPorts = 1>
ST_2 : Operation 22 [1/1] (0.00ns)   --->   "%empty = call i32 (...)* @_ssdm_op_SpecLoopTripCount(i64 25, i64 25, i64 25)"   --->   Operation 22 'speclooptripcount' 'empty' <Predicate = true> <Delay = 0.00>
ST_2 : Operation 23 [1/1] (1.54ns)   --->   "%i_21 = add i5 %i, 1" [fips202.c:380]   --->   Operation 23 'add' 'i_21' <Predicate = true> <Delay = 1.54> <Core = "AddSub">   --->   Core 14 'AddSub' <Latency = 0> <II = 1> <Delay = 1.71> <FuncUnit> <Opcode : 'add' 'sub'> <InPorts = 2> <OutPorts = 1>
ST_2 : Operation 24 [1/1] (0.00ns)   --->   "br i1 %tmp, label %.preheader2.preheader, label %2" [fips202.c:380]   --->   Operation 24 'br' <Predicate = true> <Delay = 0.00>
ST_2 : Operation 25 [1/1] (0.00ns)   --->   "%s_addr = getelementptr [25 x i64]* %s, i64 0, i64 %i_cast" [fips202.c:381]   --->   Operation 25 'getelementptr' 's_addr' <Predicate = (!tmp)> <Delay = 0.00>
ST_2 : Operation 26 [1/1] (2.77ns)   --->   "store i64 0, i64* %s_addr, align 8" [fips202.c:381]   --->   Operation 26 'store' <Predicate = (!tmp)> <Delay = 2.77> <Core = "RAM">   --->   Core 37 'RAM' <Latency = 1> <II = 1> <Delay = 2.77> <Storage> <Opcode : 'load' 'store'> <Ports = 2> <Width = 64> <Depth = 25> <RAM>
ST_2 : Operation 27 [1/1] (0.00ns)   --->   "br label %1" [fips202.c:380]   --->   Operation 27 'br' <Predicate = (!tmp)> <Delay = 0.00>
ST_2 : Operation 28 [1/1] (1.35ns)   --->   "br label %.preheader2" [fips202.c:395]   --->   Operation 28 'br' <Predicate = (tmp)> <Delay = 1.35>

State 3 <SV = 2> <Delay = 1.43>
ST_3 : Operation 29 [1/1] (0.00ns)   --->   "%i_22 = phi i10 [ %mlen_assign, %6 ], [ -62, %.preheader2.preheader ]" [fips202.c:391]   --->   Operation 29 'phi' 'i_22' <Predicate = true> <Delay = 0.00>
ST_3 : Operation 30 [1/1] (0.00ns)   --->   "%p_01_rec = phi i10 [ %p_rec, %6 ], [ 0, %.preheader2.preheader ]" [fips202.c:390]   --->   Operation 30 'phi' 'p_01_rec' <Predicate = true> <Delay = 0.00>
ST_3 : Operation 31 [1/1] (1.43ns)   --->   "%tmp_s = icmp ult i10 %i_22, 136" [fips202.c:383]   --->   Operation 31 'icmp' 'tmp_s' <Predicate = true> <Delay = 1.43> <Core = "Cmp">   --->   Core 25 'Cmp' <Latency = 0> <II = 1> <Delay = 1.21> <FuncUnit> <Opcode : 'icmp'> <InPorts = 2> <OutPorts = 1>
ST_3 : Operation 32 [1/1] (0.00ns)   --->   "%empty_45 = call i32 (...)* @_ssdm_op_SpecLoopTripCount(i64 7, i64 7, i64 7)"   --->   Operation 32 'speclooptripcount' 'empty_45' <Predicate = true> <Delay = 0.00>
ST_3 : Operation 33 [1/1] (0.00ns)   --->   "br i1 %tmp_s, label %.preheader1.preheader, label %.preheader6.preheader" [fips202.c:383]   --->   Operation 33 'br' <Predicate = true> <Delay = 0.00>
ST_3 : Operation 34 [1/1] (1.35ns)   --->   "br label %.preheader6" [fips202.c:385]   --->   Operation 34 'br' <Predicate = (!tmp_s)> <Delay = 1.35>
ST_3 : Operation 35 [1/1] (1.35ns)   --->   "br label %.preheader1" [fips202.c:393]   --->   Operation 35 'br' <Predicate = (tmp_s)> <Delay = 1.35>

State 4 <SV = 3> <Delay = 1.74>
ST_4 : Operation 36 [1/1] (0.00ns)   --->   "%i_1 = phi i5 [ %i_5, %load64.1.exit ], [ 0, %.preheader6.preheader ]"   --->   Operation 36 'phi' 'i_1' <Predicate = true> <Delay = 0.00>
ST_4 : Operation 37 [1/1] (0.00ns)   --->   "%i_1_cast = zext i5 %i_1 to i64" [fips202.c:385]   --->   Operation 37 'zext' 'i_1_cast' <Predicate = true> <Delay = 0.00>
ST_4 : Operation 38 [1/1] (1.21ns)   --->   "%exitcond4 = icmp eq i5 %i_1, -15" [fips202.c:385]   --->   Operation 38 'icmp' 'exitcond4' <Predicate = true> <Delay = 1.21> <Core = "Cmp">   --->   Core 25 'Cmp' <Latency = 0> <II = 1> <Delay = 1.21> <FuncUnit> <Opcode : 'icmp'> <InPorts = 2> <OutPorts = 1>
ST_4 : Operation 39 [1/1] (0.00ns)   --->   "%empty_46 = call i32 (...)* @_ssdm_op_SpecLoopTripCount(i64 17, i64 17, i64 17)"   --->   Operation 39 'speclooptripcount' 'empty_46' <Predicate = true> <Delay = 0.00>
ST_4 : Operation 40 [1/1] (1.54ns)   --->   "%i_5 = add i5 %i_1, 1" [fips202.c:385]   --->   Operation 40 'add' 'i_5' <Predicate = true> <Delay = 1.54> <Core = "AddSub">   --->   Core 14 'AddSub' <Latency = 0> <II = 1> <Delay = 1.71> <FuncUnit> <Opcode : 'add' 'sub'> <InPorts = 2> <OutPorts = 1>
ST_4 : Operation 41 [1/1] (0.00ns)   --->   "br i1 %exitcond4, label %6, label %3" [fips202.c:385]   --->   Operation 41 'br' <Predicate = true> <Delay = 0.00>
ST_4 : Operation 42 [1/1] (0.00ns)   --->   "%tmp_201 = call i8 @_ssdm_op_BitConcatenate.i8.i5.i3(i5 %i_1, i3 0)" [fips202.c:386]   --->   Operation 42 'bitconcatenate' 'tmp_201' <Predicate = (!exitcond4)> <Delay = 0.00>
ST_4 : Operation 43 [1/1] (0.00ns)   --->   "%tmp_207_cast = zext i8 %tmp_201 to i10" [fips202.c:386]   --->   Operation 43 'zext' 'tmp_207_cast' <Predicate = (!exitcond4)> <Delay = 0.00>
ST_4 : Operation 44 [1/1] (1.74ns)   --->   "%tmp1 = add i10 %p_01_rec, %tmp_207_cast" [fips202.c:29->fips202.c:386]   --->   Operation 44 'add' 'tmp1' <Predicate = (!exitcond4)> <Delay = 1.74> <Core = "AddSub">   --->   Core 14 'AddSub' <Latency = 0> <II = 1> <Delay = 1.71> <FuncUnit> <Opcode : 'add' 'sub'> <InPorts = 2> <OutPorts = 1>
ST_4 : Operation 45 [1/1] (1.35ns)   --->   "br label %4" [fips202.c:28->fips202.c:386]   --->   Operation 45 'br' <Predicate = (!exitcond4)> <Delay = 1.35>
ST_4 : Operation 46 [2/2] (0.00ns)   --->   "call fastcc void @KeccakF1600_StatePer([25 x i64]* %s)" [fips202.c:388]   --->   Operation 46 'call' <Predicate = (exitcond4)> <Delay = 0.00> <CoreType = "Generic">   --->   Core 0 '' <Latency = 0> <II = 1> <Delay = 1.00> <Generic> <Opcode : >
ST_4 : Operation 47 [1/1] (1.74ns)   --->   "%mlen_assign = add i10 %i_22, -136" [fips202.c:391]   --->   Operation 47 'add' 'mlen_assign' <Predicate = (exitcond4)> <Delay = 1.74> <Core = "AddSub">   --->   Core 14 'AddSub' <Latency = 0> <II = 1> <Delay = 1.71> <FuncUnit> <Opcode : 'add' 'sub'> <InPorts = 2> <OutPorts = 1>
ST_4 : Operation 48 [1/1] (1.74ns)   --->   "%p_rec = add i10 %p_01_rec, 136" [fips202.c:390]   --->   Operation 48 'add' 'p_rec' <Predicate = (exitcond4)> <Delay = 1.74> <Core = "AddSub">   --->   Core 14 'AddSub' <Latency = 0> <II = 1> <Delay = 1.71> <FuncUnit> <Opcode : 'add' 'sub'> <InPorts = 2> <OutPorts = 1>

State 5 <SV = 4> <Delay = 4.52>
ST_5 : Operation 49 [1/1] (0.00ns)   --->   "%r_i = phi i64 [ 0, %3 ], [ %r, %5 ]"   --->   Operation 49 'phi' 'r_i' <Predicate = true> <Delay = 0.00>
ST_5 : Operation 50 [1/1] (0.00ns)   --->   "%i_i = phi i4 [ 0, %3 ], [ %i_24, %5 ]"   --->   Operation 50 'phi' 'i_i' <Predicate = true> <Delay = 0.00>
ST_5 : Operation 51 [1/1] (1.21ns)   --->   "%tmp_i = icmp eq i4 %i_i, -8" [fips202.c:28->fips202.c:386]   --->   Operation 51 'icmp' 'tmp_i' <Predicate = true> <Delay = 1.21> <Core = "Cmp">   --->   Core 25 'Cmp' <Latency = 0> <II = 1> <Delay = 1.21> <FuncUnit> <Opcode : 'icmp'> <InPorts = 2> <OutPorts = 1>
ST_5 : Operation 52 [1/1] (0.00ns)   --->   "%empty_47 = call i32 (...)* @_ssdm_op_SpecLoopTripCount(i64 8, i64 8, i64 8)"   --->   Operation 52 'speclooptripcount' 'empty_47' <Predicate = true> <Delay = 0.00>
ST_5 : Operation 53 [1/1] (1.49ns)   --->   "%i_24 = add i4 %i_i, 1" [fips202.c:28->fips202.c:386]   --->   Operation 53 'add' 'i_24' <Predicate = true> <Delay = 1.49> <Core = "AddSub">   --->   Core 14 'AddSub' <Latency = 0> <II = 1> <Delay = 1.71> <FuncUnit> <Opcode : 'add' 'sub'> <InPorts = 2> <OutPorts = 1>
ST_5 : Operation 54 [1/1] (0.00ns)   --->   "br i1 %tmp_i, label %load64.1.exit, label %5" [fips202.c:28->fips202.c:386]   --->   Operation 54 'br' <Predicate = true> <Delay = 0.00>
ST_5 : Operation 55 [1/1] (0.00ns)   --->   "%tmp139 = call i6 @_ssdm_op_BitConcatenate.i6.i2.i4(i2 -2, i4 %i_i)" [fips202.c:29->fips202.c:386]   --->   Operation 55 'bitconcatenate' 'tmp139' <Predicate = (!tmp_i)> <Delay = 0.00>
ST_5 : Operation 56 [1/1] (0.00ns)   --->   "%tmp2_cast = zext i6 %tmp139 to i10" [fips202.c:29->fips202.c:386]   --->   Operation 56 'zext' 'tmp2_cast' <Predicate = (!tmp_i)> <Delay = 0.00>
ST_5 : Operation 57 [1/1] (1.74ns)   --->   "%sum_i = add i10 %tmp1, %tmp2_cast" [fips202.c:29->fips202.c:386]   --->   Operation 57 'add' 'sum_i' <Predicate = (!tmp_i)> <Delay = 1.74> <Core = "AddSub">   --->   Core 14 'AddSub' <Latency = 0> <II = 1> <Delay = 1.71> <FuncUnit> <Opcode : 'add' 'sub'> <InPorts = 2> <OutPorts = 1>
ST_5 : Operation 58 [1/1] (0.00ns)   --->   "%sum_i_cast = zext i10 %sum_i to i64" [fips202.c:29->fips202.c:386]   --->   Operation 58 'zext' 'sum_i_cast' <Predicate = (!tmp_i)> <Delay = 0.00>
ST_5 : Operation 59 [1/1] (0.00ns)   --->   "%m_addr_1 = getelementptr [962 x i8]* %m, i64 0, i64 %sum_i_cast" [fips202.c:29->fips202.c:386]   --->   Operation 59 'getelementptr' 'm_addr_1' <Predicate = (!tmp_i)> <Delay = 0.00>
ST_5 : Operation 60 [2/2] (2.77ns)   --->   "%m_load_1 = load i8* %m_addr_1, align 1" [fips202.c:29->fips202.c:386]   --->   Operation 60 'load' 'm_load_1' <Predicate = (!tmp_i)> <Delay = 2.77> <Core = "RAM">   --->   Core 37 'RAM' <Latency = 1> <II = 1> <Delay = 2.77> <Storage> <Opcode : 'load' 'store'> <Ports = 2> <Width = 64> <Depth = 25> <RAM>
ST_5 : Operation 61 [1/1] (0.00ns)   --->   "%s_addr_1 = getelementptr [25 x i64]* %s, i64 0, i64 %i_1_cast" [fips202.c:386]   --->   Operation 61 'getelementptr' 's_addr_1' <Predicate = (tmp_i)> <Delay = 0.00>
ST_5 : Operation 62 [2/2] (2.77ns)   --->   "%s_load = load i64* %s_addr_1, align 8" [fips202.c:386]   --->   Operation 62 'load' 's_load' <Predicate = (tmp_i)> <Delay = 2.77> <Core = "RAM">   --->   Core 37 'RAM' <Latency = 1> <II = 1> <Delay = 2.77> <Storage> <Opcode : 'load' 'store'> <Ports = 2> <Width = 64> <Depth = 25> <RAM>

State 6 <SV = 5> <Delay = 5.19>
ST_6 : Operation 63 [1/2] (2.77ns)   --->   "%m_load_1 = load i8* %m_addr_1, align 1" [fips202.c:29->fips202.c:386]   --->   Operation 63 'load' 'm_load_1' <Predicate = true> <Delay = 2.77> <Core = "RAM">   --->   Core 37 'RAM' <Latency = 1> <II = 1> <Delay = 2.77> <Storage> <Opcode : 'load' 'store'> <Ports = 2> <Width = 64> <Depth = 25> <RAM>
ST_6 : Operation 64 [1/1] (0.00ns) (grouped into LUT with out node r)   --->   "%tmp_i_48 = zext i8 %m_load_1 to i64" [fips202.c:29->fips202.c:386]   --->   Operation 64 'zext' 'tmp_i_48' <Predicate = true> <Delay = 0.00>
ST_6 : Operation 65 [1/1] (0.00ns) (grouped into LUT with out node r)   --->   "%tmp_230 = trunc i4 %i_i to i3" [fips202.c:28->fips202.c:386]   --->   Operation 65 'trunc' 'tmp_230' <Predicate = true> <Delay = 0.00>
ST_6 : Operation 66 [1/1] (0.00ns) (grouped into LUT with out node r)   --->   "%tmp_229_i = call i6 @_ssdm_op_BitConcatenate.i6.i3.i3(i3 %tmp_230, i3 0)" [fips202.c:29->fips202.c:386]   --->   Operation 66 'bitconcatenate' 'tmp_229_i' <Predicate = true> <Delay = 0.00>
ST_6 : Operation 67 [1/1] (0.00ns) (grouped into LUT with out node r)   --->   "%tmp_229_i_cast = zext i6 %tmp_229_i to i64" [fips202.c:29->fips202.c:386]   --->   Operation 67 'zext' 'tmp_229_i_cast' <Predicate = true> <Delay = 0.00>
ST_6 : Operation 68 [1/1] (0.00ns) (grouped into LUT with out node r)   --->   "%tmp_230_i = shl i64 %tmp_i_48, %tmp_229_i_cast" [fips202.c:29->fips202.c:386]   --->   Operation 68 'shl' 'tmp_230_i' <Predicate = true> <Delay = 0.00> <Core = "Shift">   --->   Core 28 'Shift' <Latency = 0> <II = 1> <Delay = 2.42> <FuncUnit> <Opcode : 'shl' 'lshr' 'ashr'> <InPorts = 2> <OutPorts = 1>
ST_6 : Operation 69 [1/1] (2.42ns) (out node of the LUT)   --->   "%r = or i64 %tmp_230_i, %r_i" [fips202.c:29->fips202.c:386]   --->   Operation 69 'or' 'r' <Predicate = true> <Delay = 2.42> <Core = "LogicGate">   --->   Core 27 'LogicGate' <Latency = 0> <II = 1> <Delay = 0.80> <FuncUnit> <Opcode : 'and' 'or' 'xor'> <InPorts = 2> <OutPorts = 1>
ST_6 : Operation 70 [1/1] (0.00ns)   --->   "br label %4" [fips202.c:28->fips202.c:386]   --->   Operation 70 'br' <Predicate = true> <Delay = 0.00>

State 7 <SV = 5> <Delay = 6.35>
ST_7 : Operation 71 [1/2] (2.77ns)   --->   "%s_load = load i64* %s_addr_1, align 8" [fips202.c:386]   --->   Operation 71 'load' 's_load' <Predicate = true> <Delay = 2.77> <Core = "RAM">   --->   Core 37 'RAM' <Latency = 1> <II = 1> <Delay = 2.77> <Storage> <Opcode : 'load' 'store'> <Ports = 2> <Width = 64> <Depth = 25> <RAM>
ST_7 : Operation 72 [1/1] (0.80ns)   --->   "%tmp_204 = xor i64 %s_load, %r_i" [fips202.c:386]   --->   Operation 72 'xor' 'tmp_204' <Predicate = true> <Delay = 0.80> <Core = "LogicGate">   --->   Core 27 'LogicGate' <Latency = 0> <II = 1> <Delay = 0.80> <FuncUnit> <Opcode : 'and' 'or' 'xor'> <InPorts = 2> <OutPorts = 1>
ST_7 : Operation 73 [1/1] (2.77ns)   --->   "store i64 %tmp_204, i64* %s_addr_1, align 8" [fips202.c:386]   --->   Operation 73 'store' <Predicate = true> <Delay = 2.77> <Core = "RAM">   --->   Core 37 'RAM' <Latency = 1> <II = 1> <Delay = 2.77> <Storage> <Opcode : 'load' 'store'> <Ports = 2> <Width = 64> <Depth = 25> <RAM>
ST_7 : Operation 74 [1/1] (0.00ns)   --->   "br label %.preheader6" [fips202.c:385]   --->   Operation 74 'br' <Predicate = true> <Delay = 0.00>

State 8 <SV = 4> <Delay = 0.00>
ST_8 : Operation 75 [1/2] (0.00ns)   --->   "call fastcc void @KeccakF1600_StatePer([25 x i64]* %s)" [fips202.c:388]   --->   Operation 75 'call' <Predicate = true> <Delay = 0.00> <CoreType = "Generic">   --->   Core 0 '' <Latency = 0> <II = 1> <Delay = 1.00> <Generic> <Opcode : >
ST_8 : Operation 76 [1/1] (0.00ns)   --->   "br label %.preheader2" [fips202.c:391]   --->   Operation 76 'br' <Predicate = true> <Delay = 0.00>

State 9 <SV = 3> <Delay = 2.77>
ST_9 : Operation 77 [1/1] (0.00ns)   --->   "%i_2 = phi i8 [ %i_23, %7 ], [ 0, %.preheader1.preheader ]"   --->   Operation 77 'phi' 'i_2' <Predicate = true> <Delay = 0.00>
ST_9 : Operation 78 [1/1] (0.00ns)   --->   "%i_2_cast9 = zext i8 %i_2 to i64" [fips202.c:393]   --->   Operation 78 'zext' 'i_2_cast9' <Predicate = true> <Delay = 0.00>
ST_9 : Operation 79 [1/1] (1.24ns)   --->   "%exitcond3 = icmp eq i8 %i_2, -120" [fips202.c:393]   --->   Operation 79 'icmp' 'exitcond3' <Predicate = true> <Delay = 1.24> <Core = "Cmp">   --->   Core 25 'Cmp' <Latency = 0> <II = 1> <Delay = 1.21> <FuncUnit> <Opcode : 'icmp'> <InPorts = 2> <OutPorts = 1>
ST_9 : Operation 80 [1/1] (0.00ns)   --->   "%empty_49 = call i32 (...)* @_ssdm_op_SpecLoopTripCount(i64 136, i64 136, i64 136)"   --->   Operation 80 'speclooptripcount' 'empty_49' <Predicate = true> <Delay = 0.00>
ST_9 : Operation 81 [1/1] (1.71ns)   --->   "%i_23 = add i8 %i_2, 1" [fips202.c:393]   --->   Operation 81 'add' 'i_23' <Predicate = true> <Delay = 1.71> <Core = "AddSub">   --->   Core 14 'AddSub' <Latency = 0> <II = 1> <Delay = 1.71> <FuncUnit> <Opcode : 'add' 'sub'> <InPorts = 2> <OutPorts = 1>
ST_9 : Operation 82 [1/1] (0.00ns)   --->   "br i1 %exitcond3, label %.preheader.preheader, label %7" [fips202.c:393]   --->   Operation 82 'br' <Predicate = true> <Delay = 0.00>
ST_9 : Operation 83 [1/1] (0.00ns)   --->   "%t_addr = getelementptr inbounds [200 x i8]* %t, i64 0, i64 %i_2_cast9" [fips202.c:394]   --->   Operation 83 'getelementptr' 't_addr' <Predicate = (!exitcond3)> <Delay = 0.00>
ST_9 : Operation 84 [1/1] (2.77ns)   --->   "store i8 0, i8* %t_addr, align 1" [fips202.c:394]   --->   Operation 84 'store' <Predicate = (!exitcond3)> <Delay = 2.77> <Core = "RAM">   --->   Core 37 'RAM' <Latency = 1> <II = 1> <Delay = 2.77> <Storage> <Opcode : 'load' 'store'> <Ports = 2> <Width = 64> <Depth = 25> <RAM>
ST_9 : Operation 85 [1/1] (0.00ns)   --->   "br label %.preheader1" [fips202.c:393]   --->   Operation 85 'br' <Predicate = (!exitcond3)> <Delay = 0.00>
ST_9 : Operation 86 [1/1] (1.35ns)   --->   "br label %.preheader" [fips202.c:395]   --->   Operation 86 'br' <Predicate = (exitcond3)> <Delay = 1.35>

State 10 <SV = 4> <Delay = 4.43>
ST_10 : Operation 87 [1/1] (0.00ns)   --->   "%i_3 = phi i4 [ %tmp_203, %8 ], [ 0, %.preheader.preheader ]" [fips202.c:395]   --->   Operation 87 'phi' 'i_3' <Predicate = true> <Delay = 0.00>
ST_10 : Operation 88 [1/1] (0.00ns)   --->   "%i_3_cast8_cast = zext i4 %i_3 to i7" [fips202.c:395]   --->   Operation 88 'zext' 'i_3_cast8_cast' <Predicate = true> <Delay = 0.00>
ST_10 : Operation 89 [1/1] (0.00ns)   --->   "%i_3_cast7 = zext i4 %i_3 to i64" [fips202.c:395]   --->   Operation 89 'zext' 'i_3_cast7' <Predicate = true> <Delay = 0.00>
ST_10 : Operation 90 [1/1] (1.21ns)   --->   "%exitcond2 = icmp eq i4 %i_3, -6" [fips202.c:395]   --->   Operation 90 'icmp' 'exitcond2' <Predicate = true> <Delay = 1.21> <Core = "Cmp">   --->   Core 25 'Cmp' <Latency = 0> <II = 1> <Delay = 1.21> <FuncUnit> <Opcode : 'icmp'> <InPorts = 2> <OutPorts = 1>
ST_10 : Operation 91 [1/1] (0.00ns)   --->   "%empty_50 = call i32 (...)* @_ssdm_op_SpecLoopTripCount(i64 10, i64 10, i64 10)"   --->   Operation 91 'speclooptripcount' 'empty_50' <Predicate = true> <Delay = 0.00>
ST_10 : Operation 92 [1/1] (1.49ns)   --->   "%tmp_203 = add i4 %i_3, 1" [fips202.c:395]   --->   Operation 92 'add' 'tmp_203' <Predicate = true> <Delay = 1.49> <Core = "AddSub">   --->   Core 14 'AddSub' <Latency = 0> <II = 1> <Delay = 1.71> <FuncUnit> <Opcode : 'add' 'sub'> <InPorts = 2> <OutPorts = 1>
ST_10 : Operation 93 [1/1] (0.00ns)   --->   "br i1 %exitcond2, label %9, label %8" [fips202.c:395]   --->   Operation 93 'br' <Predicate = true> <Delay = 0.00>
ST_10 : Operation 94 [1/1] (1.66ns)   --->   "%sum2 = add i7 %i_3_cast8_cast, -40" [fips202.c:396]   --->   Operation 94 'add' 'sum2' <Predicate = (!exitcond2)> <Delay = 1.66> <Core = "AddSub">   --->   Core 14 'AddSub' <Latency = 0> <II = 1> <Delay = 1.71> <FuncUnit> <Opcode : 'add' 'sub'> <InPorts = 2> <OutPorts = 1>
ST_10 : Operation 95 [1/1] (0.00ns)   --->   "%sum2_cast1 = sext i7 %sum2 to i10" [fips202.c:396]   --->   Operation 95 'sext' 'sum2_cast1' <Predicate = (!exitcond2)> <Delay = 0.00>
ST_10 : Operation 96 [1/1] (0.00ns)   --->   "%sum2_cast = zext i10 %sum2_cast1 to i64" [fips202.c:396]   --->   Operation 96 'zext' 'sum2_cast' <Predicate = (!exitcond2)> <Delay = 0.00>
ST_10 : Operation 97 [1/1] (0.00ns)   --->   "%m_addr = getelementptr [962 x i8]* %m, i64 0, i64 %sum2_cast" [fips202.c:396]   --->   Operation 97 'getelementptr' 'm_addr' <Predicate = (!exitcond2)> <Delay = 0.00>
ST_10 : Operation 98 [2/2] (2.77ns)   --->   "%m_load = load i8* %m_addr, align 1" [fips202.c:396]   --->   Operation 98 'load' 'm_load' <Predicate = (!exitcond2)> <Delay = 2.77> <Core = "RAM">   --->   Core 37 'RAM' <Latency = 1> <II = 1> <Delay = 2.77> <Storage> <Opcode : 'load' 'store'> <Ports = 2> <Width = 64> <Depth = 25> <RAM>
ST_10 : Operation 99 [1/1] (0.00ns)   --->   "%t_addr_2 = getelementptr inbounds [200 x i8]* %t, i64 0, i64 135" [fips202.c:398]   --->   Operation 99 'getelementptr' 't_addr_2' <Predicate = (exitcond2)> <Delay = 0.00>
ST_10 : Operation 100 [2/2] (2.77ns)   --->   "%t_load = load i8* %t_addr_2, align 1" [fips202.c:398]   --->   Operation 100 'load' 't_load' <Predicate = (exitcond2)> <Delay = 2.77> <Core = "RAM">   --->   Core 37 'RAM' <Latency = 1> <II = 1> <Delay = 2.77> <Storage> <Opcode : 'load' 'store'> <Ports = 2> <Width = 64> <Depth = 25> <RAM>

State 11 <SV = 5> <Delay = 5.54>
ST_11 : Operation 101 [1/2] (2.77ns)   --->   "%m_load = load i8* %m_addr, align 1" [fips202.c:396]   --->   Operation 101 'load' 'm_load' <Predicate = true> <Delay = 2.77> <Core = "RAM">   --->   Core 37 'RAM' <Latency = 1> <II = 1> <Delay = 2.77> <Storage> <Opcode : 'load' 'store'> <Ports = 2> <Width = 64> <Depth = 25> <RAM>
ST_11 : Operation 102 [1/1] (0.00ns)   --->   "%t_addr_3 = getelementptr inbounds [200 x i8]* %t, i64 0, i64 %i_3_cast7" [fips202.c:396]   --->   Operation 102 'getelementptr' 't_addr_3' <Predicate = true> <Delay = 0.00>
ST_11 : Operation 103 [1/1] (2.77ns)   --->   "store i8 %m_load, i8* %t_addr_3, align 1" [fips202.c:396]   --->   Operation 103 'store' <Predicate = true> <Delay = 2.77> <Core = "RAM">   --->   Core 37 'RAM' <Latency = 1> <II = 1> <Delay = 2.77> <Storage> <Opcode : 'load' 'store'> <Ports = 2> <Width = 64> <Depth = 25> <RAM>
ST_11 : Operation 104 [1/1] (0.00ns)   --->   "br label %.preheader" [fips202.c:395]   --->   Operation 104 'br' <Predicate = true> <Delay = 0.00>

State 12 <SV = 5> <Delay = 5.54>
ST_12 : Operation 105 [1/1] (0.00ns)   --->   "%t_addr_1 = getelementptr inbounds [200 x i8]* %t, i64 0, i64 10" [fips202.c:397]   --->   Operation 105 'getelementptr' 't_addr_1' <Predicate = true> <Delay = 0.00>
ST_12 : Operation 106 [1/1] (2.77ns)   --->   "store i8 6, i8* %t_addr_1, align 2" [fips202.c:397]   --->   Operation 106 'store' <Predicate = true> <Delay = 2.77> <Core = "RAM">   --->   Core 37 'RAM' <Latency = 1> <II = 1> <Delay = 2.77> <Storage> <Opcode : 'load' 'store'> <Ports = 2> <Width = 64> <Depth = 25> <RAM>
ST_12 : Operation 107 [1/2] (2.77ns)   --->   "%t_load = load i8* %t_addr_2, align 1" [fips202.c:398]   --->   Operation 107 'load' 't_load' <Predicate = true> <Delay = 2.77> <Core = "RAM">   --->   Core 37 'RAM' <Latency = 1> <II = 1> <Delay = 2.77> <Storage> <Opcode : 'load' 'store'> <Ports = 2> <Width = 64> <Depth = 25> <RAM>
ST_12 : Operation 108 [1/1] (0.00ns)   --->   "%tmp_202 = or i8 %t_load, -128" [fips202.c:398]   --->   Operation 108 'or' 'tmp_202' <Predicate = true> <Delay = 0.00>
ST_12 : Operation 109 [1/1] (2.77ns)   --->   "store i8 %tmp_202, i8* %t_addr_2, align 1" [fips202.c:398]   --->   Operation 109 'store' <Predicate = true> <Delay = 2.77> <Core = "RAM">   --->   Core 37 'RAM' <Latency = 1> <II = 1> <Delay = 2.77> <Storage> <Opcode : 'load' 'store'> <Ports = 2> <Width = 64> <Depth = 25> <RAM>
ST_12 : Operation 110 [1/1] (1.35ns)   --->   "br label %10" [fips202.c:399]   --->   Operation 110 'br' <Predicate = true> <Delay = 1.35>

State 13 <SV = 6> <Delay = 1.54>
ST_13 : Operation 111 [1/1] (0.00ns)   --->   "%i_4 = phi i5 [ 0, %9 ], [ %i_25, %load64.exit ]"   --->   Operation 111 'phi' 'i_4' <Predicate = true> <Delay = 0.00>
ST_13 : Operation 112 [1/1] (0.00ns)   --->   "%i_4_cast6 = zext i5 %i_4 to i64" [fips202.c:399]   --->   Operation 112 'zext' 'i_4_cast6' <Predicate = true> <Delay = 0.00>
ST_13 : Operation 113 [1/1] (1.21ns)   --->   "%exitcond = icmp eq i5 %i_4, -15" [fips202.c:399]   --->   Operation 113 'icmp' 'exitcond' <Predicate = true> <Delay = 1.21> <Core = "Cmp">   --->   Core 25 'Cmp' <Latency = 0> <II = 1> <Delay = 1.21> <FuncUnit> <Opcode : 'icmp'> <InPorts = 2> <OutPorts = 1>
ST_13 : Operation 114 [1/1] (0.00ns)   --->   "%empty_51 = call i32 (...)* @_ssdm_op_SpecLoopTripCount(i64 17, i64 17, i64 17)"   --->   Operation 114 'speclooptripcount' 'empty_51' <Predicate = true> <Delay = 0.00>
ST_13 : Operation 115 [1/1] (1.54ns)   --->   "%i_25 = add i5 %i_4, 1" [fips202.c:399]   --->   Operation 115 'add' 'i_25' <Predicate = true> <Delay = 1.54> <Core = "AddSub">   --->   Core 14 'AddSub' <Latency = 0> <II = 1> <Delay = 1.71> <FuncUnit> <Opcode : 'add' 'sub'> <InPorts = 2> <OutPorts = 1>
ST_13 : Operation 116 [1/1] (0.00ns)   --->   "br i1 %exitcond, label %14, label %11" [fips202.c:399]   --->   Operation 116 'br' <Predicate = true> <Delay = 0.00>
ST_13 : Operation 117 [1/1] (0.00ns)   --->   "%tmp_205 = call i8 @_ssdm_op_BitConcatenate.i8.i5.i3(i5 %i_4, i3 0)" [fips202.c:400]   --->   Operation 117 'bitconcatenate' 'tmp_205' <Predicate = (!exitcond)> <Delay = 0.00>
ST_13 : Operation 118 [1/1] (1.35ns)   --->   "br label %12" [fips202.c:28->fips202.c:400]   --->   Operation 118 'br' <Predicate = (!exitcond)> <Delay = 1.35>
ST_13 : Operation 119 [1/1] (0.00ns)   --->   "ret void" [fips202.c:401]   --->   Operation 119 'ret' <Predicate = (exitcond)> <Delay = 0.00>

State 14 <SV = 7> <Delay = 4.49>
ST_14 : Operation 120 [1/1] (0.00ns)   --->   "%r_i1 = phi i64 [ 0, %11 ], [ %r_11, %13 ]"   --->   Operation 120 'phi' 'r_i1' <Predicate = true> <Delay = 0.00>
ST_14 : Operation 121 [1/1] (0.00ns)   --->   "%i_i2 = phi i4 [ 0, %11 ], [ %i_6, %13 ]"   --->   Operation 121 'phi' 'i_i2' <Predicate = true> <Delay = 0.00>
ST_14 : Operation 122 [1/1] (0.00ns)   --->   "%i_i2_cast4 = zext i4 %i_i2 to i8" [fips202.c:28->fips202.c:400]   --->   Operation 122 'zext' 'i_i2_cast4' <Predicate = true> <Delay = 0.00>
ST_14 : Operation 123 [1/1] (1.21ns)   --->   "%tmp_i3 = icmp eq i4 %i_i2, -8" [fips202.c:28->fips202.c:400]   --->   Operation 123 'icmp' 'tmp_i3' <Predicate = true> <Delay = 1.21> <Core = "Cmp">   --->   Core 25 'Cmp' <Latency = 0> <II = 1> <Delay = 1.21> <FuncUnit> <Opcode : 'icmp'> <InPorts = 2> <OutPorts = 1>
ST_14 : Operation 124 [1/1] (0.00ns)   --->   "%empty_52 = call i32 (...)* @_ssdm_op_SpecLoopTripCount(i64 8, i64 8, i64 8)"   --->   Operation 124 'speclooptripcount' 'empty_52' <Predicate = true> <Delay = 0.00>
ST_14 : Operation 125 [1/1] (1.49ns)   --->   "%i_6 = add i4 %i_i2, 1" [fips202.c:28->fips202.c:400]   --->   Operation 125 'add' 'i_6' <Predicate = true> <Delay = 1.49> <Core = "AddSub">   --->   Core 14 'AddSub' <Latency = 0> <II = 1> <Delay = 1.71> <FuncUnit> <Opcode : 'add' 'sub'> <InPorts = 2> <OutPorts = 1>
ST_14 : Operation 126 [1/1] (0.00ns)   --->   "br i1 %tmp_i3, label %load64.exit, label %13" [fips202.c:28->fips202.c:400]   --->   Operation 126 'br' <Predicate = true> <Delay = 0.00>
ST_14 : Operation 127 [1/1] (1.71ns)   --->   "%sum_i4 = add i8 %tmp_205, %i_i2_cast4" [fips202.c:29->fips202.c:400]   --->   Operation 127 'add' 'sum_i4' <Predicate = (!tmp_i3)> <Delay = 1.71> <Core = "AddSub">   --->   Core 14 'AddSub' <Latency = 0> <II = 1> <Delay = 1.71> <FuncUnit> <Opcode : 'add' 'sub'> <InPorts = 2> <OutPorts = 1>
ST_14 : Operation 128 [1/1] (0.00ns)   --->   "%sum_i4_cast = zext i8 %sum_i4 to i64" [fips202.c:29->fips202.c:400]   --->   Operation 128 'zext' 'sum_i4_cast' <Predicate = (!tmp_i3)> <Delay = 0.00>
ST_14 : Operation 129 [1/1] (0.00ns)   --->   "%t_addr_4 = getelementptr [200 x i8]* %t, i64 0, i64 %sum_i4_cast" [fips202.c:29->fips202.c:400]   --->   Operation 129 'getelementptr' 't_addr_4' <Predicate = (!tmp_i3)> <Delay = 0.00>
ST_14 : Operation 130 [2/2] (2.77ns)   --->   "%t_load_1 = load i8* %t_addr_4, align 1" [fips202.c:29->fips202.c:400]   --->   Operation 130 'load' 't_load_1' <Predicate = (!tmp_i3)> <Delay = 2.77> <Core = "RAM">   --->   Core 37 'RAM' <Latency = 1> <II = 1> <Delay = 2.77> <Storage> <Opcode : 'load' 'store'> <Ports = 2> <Width = 64> <Depth = 25> <RAM>
ST_14 : Operation 131 [1/1] (0.00ns)   --->   "%s_addr_2 = getelementptr [25 x i64]* %s, i64 0, i64 %i_4_cast6" [fips202.c:400]   --->   Operation 131 'getelementptr' 's_addr_2' <Predicate = (tmp_i3)> <Delay = 0.00>
ST_14 : Operation 132 [2/2] (2.77ns)   --->   "%s_load_1 = load i64* %s_addr_2, align 8" [fips202.c:400]   --->   Operation 132 'load' 's_load_1' <Predicate = (tmp_i3)> <Delay = 2.77> <Core = "RAM">   --->   Core 37 'RAM' <Latency = 1> <II = 1> <Delay = 2.77> <Storage> <Opcode : 'load' 'store'> <Ports = 2> <Width = 64> <Depth = 25> <RAM>

State 15 <SV = 8> <Delay = 5.19>
ST_15 : Operation 133 [1/2] (2.77ns)   --->   "%t_load_1 = load i8* %t_addr_4, align 1" [fips202.c:29->fips202.c:400]   --->   Operation 133 'load' 't_load_1' <Predicate = true> <Delay = 2.77> <Core = "RAM">   --->   Core 37 'RAM' <Latency = 1> <II = 1> <Delay = 2.77> <Storage> <Opcode : 'load' 'store'> <Ports = 2> <Width = 64> <Depth = 25> <RAM>
ST_15 : Operation 134 [1/1] (0.00ns) (grouped into LUT with out node r_11)   --->   "%tmp_i7 = zext i8 %t_load_1 to i64" [fips202.c:29->fips202.c:400]   --->   Operation 134 'zext' 'tmp_i7' <Predicate = true> <Delay = 0.00>
ST_15 : Operation 135 [1/1] (0.00ns) (grouped into LUT with out node r_11)   --->   "%tmp_231 = trunc i4 %i_i2 to i3" [fips202.c:28->fips202.c:400]   --->   Operation 135 'trunc' 'tmp_231' <Predicate = true> <Delay = 0.00>
ST_15 : Operation 136 [1/1] (0.00ns) (grouped into LUT with out node r_11)   --->   "%tmp_231_i = call i6 @_ssdm_op_BitConcatenate.i6.i3.i3(i3 %tmp_231, i3 0)" [fips202.c:29->fips202.c:400]   --->   Operation 136 'bitconcatenate' 'tmp_231_i' <Predicate = true> <Delay = 0.00>
ST_15 : Operation 137 [1/1] (0.00ns) (grouped into LUT with out node r_11)   --->   "%tmp_231_i_cast = zext i6 %tmp_231_i to i64" [fips202.c:29->fips202.c:400]   --->   Operation 137 'zext' 'tmp_231_i_cast' <Predicate = true> <Delay = 0.00>
ST_15 : Operation 138 [1/1] (0.00ns) (grouped into LUT with out node r_11)   --->   "%tmp_232_i = shl i64 %tmp_i7, %tmp_231_i_cast" [fips202.c:29->fips202.c:400]   --->   Operation 138 'shl' 'tmp_232_i' <Predicate = true> <Delay = 0.00> <Core = "Shift">   --->   Core 28 'Shift' <Latency = 0> <II = 1> <Delay = 2.42> <FuncUnit> <Opcode : 'shl' 'lshr' 'ashr'> <InPorts = 2> <OutPorts = 1>
ST_15 : Operation 139 [1/1] (2.42ns) (out node of the LUT)   --->   "%r_11 = or i64 %tmp_232_i, %r_i1" [fips202.c:29->fips202.c:400]   --->   Operation 139 'or' 'r_11' <Predicate = true> <Delay = 2.42> <Core = "LogicGate">   --->   Core 27 'LogicGate' <Latency = 0> <II = 1> <Delay = 0.80> <FuncUnit> <Opcode : 'and' 'or' 'xor'> <InPorts = 2> <OutPorts = 1>
ST_15 : Operation 140 [1/1] (0.00ns)   --->   "br label %12" [fips202.c:28->fips202.c:400]   --->   Operation 140 'br' <Predicate = true> <Delay = 0.00>

State 16 <SV = 8> <Delay = 6.35>
ST_16 : Operation 141 [1/2] (2.77ns)   --->   "%s_load_1 = load i64* %s_addr_2, align 8" [fips202.c:400]   --->   Operation 141 'load' 's_load_1' <Predicate = true> <Delay = 2.77> <Core = "RAM">   --->   Core 37 'RAM' <Latency = 1> <II = 1> <Delay = 2.77> <Storage> <Opcode : 'load' 'store'> <Ports = 2> <Width = 64> <Depth = 25> <RAM>
ST_16 : Operation 142 [1/1] (0.80ns)   --->   "%tmp_206 = xor i64 %s_load_1, %r_i1" [fips202.c:400]   --->   Operation 142 'xor' 'tmp_206' <Predicate = true> <Delay = 0.80> <Core = "LogicGate">   --->   Core 27 'LogicGate' <Latency = 0> <II = 1> <Delay = 0.80> <FuncUnit> <Opcode : 'and' 'or' 'xor'> <InPorts = 2> <OutPorts = 1>
ST_16 : Operation 143 [1/1] (2.77ns)   --->   "store i64 %tmp_206, i64* %s_addr_2, align 8" [fips202.c:400]   --->   Operation 143 'store' <Predicate = true> <Delay = 2.77> <Core = "RAM">   --->   Core 37 'RAM' <Latency = 1> <II = 1> <Delay = 2.77> <Storage> <Opcode : 'load' 'store'> <Ports = 2> <Width = 64> <Depth = 25> <RAM>
ST_16 : Operation 144 [1/1] (0.00ns)   --->   "br label %10" [fips202.c:399]   --->   Operation 144 'br' <Predicate = true> <Delay = 0.00>


============================================================
+ Verbose Summary: Timing violations
============================================================
Target clock period: 10ns, clock uncertainty: 1.25ns.

 <State 1>: 1.35ns
The critical path consists of the following:
	multiplexor before 'phi' operation ('i') with incoming values : ('i', fips202.c:380) [7]  (1.35 ns)

 <State 2>: 2.77ns
The critical path consists of the following:
	'phi' operation ('i') with incoming values : ('i', fips202.c:380) [7]  (0 ns)
	'getelementptr' operation ('s_addr', fips202.c:381) [14]  (0 ns)
	'store' operation (fips202.c:381) of constant 0 on array 's' [15]  (2.77 ns)

 <State 3>: 1.43ns
The critical path consists of the following:
	'phi' operation ('i', fips202.c:391) with incoming values : ('mlen_assign', fips202.c:391) [20]  (0 ns)
	'icmp' operation ('tmp_s', fips202.c:383) [22]  (1.43 ns)

 <State 4>: 1.75ns
The critical path consists of the following:
	'phi' operation ('i') with incoming values : ('i', fips202.c:385) [28]  (0 ns)
	'add' operation ('tmp1', fips202.c:29->fips202.c:386) [37]  (1.75 ns)

 <State 5>: 4.52ns
The critical path consists of the following:
	'phi' operation ('i') with incoming values : ('i', fips202.c:28->fips202.c:386) [41]  (0 ns)
	'add' operation ('sum_i', fips202.c:29->fips202.c:386) [49]  (1.75 ns)
	'getelementptr' operation ('m_addr_1', fips202.c:29->fips202.c:386) [51]  (0 ns)
	'load' operation ('m_load_1', fips202.c:29->fips202.c:386) on array 'm' [52]  (2.77 ns)

 <State 6>: 5.19ns
The critical path consists of the following:
	'load' operation ('m_load_1', fips202.c:29->fips202.c:386) on array 'm' [52]  (2.77 ns)
	'shl' operation ('tmp_230_i', fips202.c:29->fips202.c:386) [57]  (0 ns)
	'or' operation ('r', fips202.c:29->fips202.c:386) [58]  (2.42 ns)

 <State 7>: 6.35ns
The critical path consists of the following:
	'load' operation ('s_load', fips202.c:386) on array 's' [62]  (2.77 ns)
	'xor' operation ('tmp_204', fips202.c:386) [63]  (0.808 ns)
	'store' operation (fips202.c:386) of variable 'tmp_204', fips202.c:386 on array 's' [64]  (2.77 ns)

 <State 8>: 0ns
The critical path consists of the following:

 <State 9>: 2.77ns
The critical path consists of the following:
	'phi' operation ('i') with incoming values : ('i', fips202.c:393) [74]  (0 ns)
	'getelementptr' operation ('t_addr', fips202.c:394) [81]  (0 ns)
	'store' operation (fips202.c:394) of constant 0 on array 't', fips202.c:377 [82]  (2.77 ns)

 <State 10>: 4.43ns
The critical path consists of the following:
	'phi' operation ('i_3', fips202.c:395) with incoming values : ('tmp_203', fips202.c:395) [87]  (0 ns)
	'add' operation ('sum2', fips202.c:396) [95]  (1.66 ns)
	'getelementptr' operation ('m_addr', fips202.c:396) [98]  (0 ns)
	'load' operation ('m_load', fips202.c:396) on array 'm' [99]  (2.77 ns)

 <State 11>: 5.54ns
The critical path consists of the following:
	'load' operation ('m_load', fips202.c:396) on array 'm' [99]  (2.77 ns)
	'store' operation (fips202.c:396) of variable 'm_load', fips202.c:396 on array 't', fips202.c:377 [101]  (2.77 ns)

 <State 12>: 5.54ns
The critical path consists of the following:
	'load' operation ('t_load', fips202.c:398) on array 't', fips202.c:377 [107]  (2.77 ns)
	'or' operation ('tmp_202', fips202.c:398) [108]  (0 ns)
	'store' operation (fips202.c:398) of variable 'tmp_202', fips202.c:398 on array 't', fips202.c:377 [109]  (2.77 ns)

 <State 13>: 1.55ns
The critical path consists of the following:
	'phi' operation ('i') with incoming values : ('i', fips202.c:399) [112]  (0 ns)
	'add' operation ('i', fips202.c:399) [116]  (1.55 ns)

 <State 14>: 4.49ns
The critical path consists of the following:
	'phi' operation ('i') with incoming values : ('i', fips202.c:28->fips202.c:400) [123]  (0 ns)
	'add' operation ('sum_i4', fips202.c:29->fips202.c:400) [130]  (1.72 ns)
	'getelementptr' operation ('t_addr_4', fips202.c:29->fips202.c:400) [132]  (0 ns)
	'load' operation ('t_load_1', fips202.c:29->fips202.c:400) on array 't', fips202.c:377 [133]  (2.77 ns)

 <State 15>: 5.19ns
The critical path consists of the following:
	'load' operation ('t_load_1', fips202.c:29->fips202.c:400) on array 't', fips202.c:377 [133]  (2.77 ns)
	'shl' operation ('tmp_232_i', fips202.c:29->fips202.c:400) [138]  (0 ns)
	'or' operation ('r', fips202.c:29->fips202.c:400) [139]  (2.42 ns)

 <State 16>: 6.35ns
The critical path consists of the following:
	'load' operation ('s_load_1', fips202.c:400) on array 's' [143]  (2.77 ns)
	'xor' operation ('tmp_206', fips202.c:400) [144]  (0.808 ns)
	'store' operation (fips202.c:400) of variable 'tmp_206', fips202.c:400 on array 's' [145]  (2.77 ns)


============================================================
+ Verbose Summary: Binding
============================================================
N/A
* FSMD analyzer results:
  - Output states:
 - Input state : 
  - Chain level:
	State 1
	State 2
	State 3
	State 4
	State 5
	State 6
	State 7
	State 8
	State 9
	State 10
	State 11
	State 12
	State 13
	State 14
	State 15
	State 16


============================================================
+ Verbose Summary: Datapath Resource usage 
============================================================
N/A
