

================================================================
== Vivado HLS Report for 'crypto_kem_dec'
================================================================
* Date:           Sun Aug 23 20:04:49 2020

* Version:        2018.3 (Build 2405991 on Thu Dec 06 23:56:15 MST 2018)
* Project:        ntru01
* Solution:       dec
* Product family: artix7
* Target device:  xc7a200tfbg676-2


================================================================
== Performance Estimates
================================================================
+ Timing (ns): 
    * Summary: 
    +--------+-------+----------+------------+
    |  Clock | Target| Estimated| Uncertainty|
    +--------+-------+----------+------------+
    |ap_clk  |  10.00|     9.122|        1.25|
    +--------+-------+----------+------------+

+ Latency (clock cycles): 
    * Summary: 
    +-------+---------+-------+---------+---------+
    |     Latency     |     Interval    | Pipeline|
    |  min  |   max   |  min  |   max   |   Type  |
    +-------+---------+-------+---------+---------+
    |  50999|  8883599|  50999|  8883599|   none  |
    +-------+---------+-------+---------+---------+

    + Detail: 
        * Instance: 
        +-----------------------+------------+-------+---------+-------+---------+---------+
        |                       |            |     Latency     |     Interval    | Pipeline|
        |        Instance       |   Module   |  min  |   max   |  min  |   max   |   Type  |
        +-----------------------+------------+-------+---------+-------+---------+---------+
        |grp_sha3_256_fu_167    |sha3_256    |   3968|     3968|   3968|     3968|   none  |
        |grp_sha3_256_1_fu_175  |sha3_256_1  |   1564|     1564|   1564|     1564|   none  |
        |grp_owcpa_dec_fu_184   |owcpa_dec   |  43056|  8875656|  43056|  8875656|   none  |
        +-----------------------+------------+-------+---------+-------+---------+---------+

        * Loop: 
        +----------+------+------+----------+-----------+-----------+------+----------+
        |          |   Latency   | Iteration|  Initiation Interval  | Trip |          |
        | Loop Name|  min |  max |  Latency |  achieved |   target  | Count| Pipelined|
        +----------+------+------+----------+-----------+-----------+------+----------+
        |- Loop 1  |    64|    64|         2|          -|          -|    32|    no    |
        |- Loop 2  |  2276|  2276|         2|          -|          -|  1138|    no    |
        |- Loop 3  |    64|    64|         2|          -|          -|    32|    no    |
        +----------+------+------+----------+-----------+-----------+------+----------+



================================================================
== Utilization Estimates
================================================================
* Summary: 
+-----------------+---------+-------+--------+--------+
|       Name      | BRAM_18K| DSP48E|   FF   |   LUT  |
+-----------------+---------+-------+--------+--------+
|DSP              |        -|      -|       -|       -|
|Expression       |        -|      -|       0|     145|
|FIFO             |        -|      -|       -|       -|
|Instance         |       25|      9|   14739|   77248|
|Memory           |        2|      -|       0|       0|
|Multiplexer      |        -|      -|       -|     359|
|Register         |        -|      -|      74|       -|
+-----------------+---------+-------+--------+--------+
|Total            |       27|      9|   14813|   77752|
+-----------------+---------+-------+--------+--------+
|Available        |      730|    740|  269200|  129000|
+-----------------+---------+-------+--------+--------+
|Utilization (%)  |        3|      1|       5|      60|
+-----------------+---------+-------+--------+--------+

+ Detail: 
    * Instance: 
    +-----------------------+------------+---------+-------+------+-------+
    |        Instance       |   Module   | BRAM_18K| DSP48E|  FF  |  LUT  |
    +-----------------------+------------+---------+-------+------+-------+
    |grp_owcpa_dec_fu_184   |owcpa_dec   |        5|      9|  1517|   6516|
    |grp_sha3_256_fu_167    |sha3_256    |       10|      0|  6627|  35387|
    |grp_sha3_256_1_fu_175  |sha3_256_1  |       10|      0|  6595|  35345|
    +-----------------------+------------+---------+-------+------+-------+
    |Total                  |            |       25|      9| 14739|  77248|
    +-----------------------+------------+---------+-------+------+-------+

    * DSP48: 
    N/A

    * Memory: 
    +-------+--------------------+---------+---+----+------+-----+------+-------------+
    | Memory|       Module       | BRAM_18K| FF| LUT| Words| Bits| Banks| W*Bits*Banks|
    +-------+--------------------+---------+---+----+------+-----+------+-------------+
    |buf_U  |crypto_kem_dec_buf  |        1|  0|   0|  1170|    8|     1|         9360|
    |rm_U   |crypto_kem_dec_rm   |        1|  0|   0|   280|    8|     1|         2240|
    +-------+--------------------+---------+---+----+------+-----+------+-------------+
    |Total  |                    |        2|  0|   0|  1450|   16|     2|        11600|
    +-------+--------------------+---------+---+----+------+-----+------+-------------+

    * FIFO: 
    N/A

    * Expression: 
    +----------------------+----------+-------+---+----+------------+------------+
    |     Variable Name    | Operation| DSP48E| FF| LUT| Bitwidth P0| Bitwidth P1|
    +----------------------+----------+-------+---+----+------------+------------+
    |cmp_0_sum_fu_243_p2   |     +    |      0|  0|  18|          11|           6|
    |i_33_fu_204_p2        |     +    |      0|  0|  15|           6|           1|
    |i_34_fu_232_p2        |     +    |      0|  0|  18|          11|           1|
    |i_35_fu_273_p2        |     +    |      0|  0|  15|           6|           1|
    |tmp_fu_210_p2         |     +    |      0|  0|  18|          11|          11|
    |tmp_i_63_fu_285_p2    |    and   |      0|  0|   8|           8|           8|
    |exitcond1_fu_198_p2   |   icmp   |      0|  0|  11|           6|           7|
    |exitcond_fu_226_p2    |   icmp   |      0|  0|  13|          11|          11|
    |exitcond_i_fu_267_p2  |   icmp   |      0|  0|  11|           6|           7|
    |b_assign_1_fu_254_p3  |  select  |      0|  0|   2|           1|           2|
    |tmp_290_i_fu_290_p2   |    xor   |      0|  0|   8|           8|           8|
    |tmp_i_fu_279_p2       |    xor   |      0|  0|   8|           8|           8|
    +----------------------+----------+-------+---+----+------------+------------+
    |Total                 |          |      0|  0| 145|          93|          71|
    +----------------------+----------+-------+---+----+------------+------------+

    * Multiplexer: 
    +--------------+----+-----------+-----+-----------+
    |     Name     | LUT| Input Size| Bits| Total Bits|
    +--------------+----+-----------+-----+-----------+
    |ap_NS_fsm     |  53|         12|    1|         12|
    |buf_address0  |  21|          4|   11|         44|
    |buf_ce0       |  15|          3|    1|          3|
    |buf_d0        |  15|          3|    8|         24|
    |c_address0    |  15|          3|   11|         33|
    |c_ce0         |  15|          3|    1|          3|
    |c_ce1         |   9|          2|    1|          2|
    |i_1_reg_144   |   9|          2|   11|         22|
    |i_i_reg_156   |   9|          2|    6|         12|
    |i_reg_132     |   9|          2|    6|         12|
    |k_address0    |  21|          4|    5|         20|
    |k_ce0         |  15|          3|    1|          3|
    |k_d0          |  15|          3|    8|         24|
    |k_we0         |  15|          3|    1|          3|
    |rm_address0   |  27|          5|    9|         45|
    |rm_ce0        |  27|          5|    1|          5|
    |rm_d0         |  15|          3|    8|         24|
    |rm_we0        |  15|          3|    1|          3|
    |sk_address0   |  15|          3|   11|         33|
    |sk_ce0        |  15|          3|    1|          3|
    |sk_ce1        |   9|          2|    1|          2|
    +--------------+----+-----------+-----+-----------+
    |Total         | 359|         73|  104|        332|
    +--------------+----+-----------+-----+-----------+

    * Register: 
    +------------------------------------+----+----+-----+-----------+
    |                Name                | FF | LUT| Bits| Const Bits|
    +------------------------------------+----+----+-----+-----------+
    |ap_CS_fsm                           |  11|   0|   11|          0|
    |b_assign_1_reg_328                  |   8|   0|    8|          0|
    |fail_reg_297                        |   1|   0|    1|          0|
    |grp_owcpa_dec_fu_184_ap_start_reg   |   1|   0|    1|          0|
    |grp_sha3_256_1_fu_175_ap_start_reg  |   1|   0|    1|          0|
    |grp_sha3_256_fu_167_ap_start_reg    |   1|   0|    1|          0|
    |i_1_reg_144                         |  11|   0|   11|          0|
    |i_33_reg_305                        |   6|   0|    6|          0|
    |i_34_reg_318                        |  11|   0|   11|          0|
    |i_35_reg_336                        |   6|   0|    6|          0|
    |i_i_reg_156                         |   6|   0|    6|          0|
    |i_reg_132                           |   6|   0|    6|          0|
    |k_addr_reg_346                      |   5|   0|    5|          0|
    +------------------------------------+----+----+-----+-----------+
    |Total                               |  74|   0|   74|          0|
    +------------------------------------+----+----+-----+-----------+



================================================================
== Interface
================================================================
* Summary: 
+-------------+-----+-----+------------+----------------+--------------+
|  RTL Ports  | Dir | Bits|  Protocol  |  Source Object |    C Type    |
+-------------+-----+-----+------------+----------------+--------------+
|ap_clk       |  in |    1| ap_ctrl_hs | crypto_kem_dec | return value |
|ap_rst       |  in |    1| ap_ctrl_hs | crypto_kem_dec | return value |
|ap_start     |  in |    1| ap_ctrl_hs | crypto_kem_dec | return value |
|ap_done      | out |    1| ap_ctrl_hs | crypto_kem_dec | return value |
|ap_idle      | out |    1| ap_ctrl_hs | crypto_kem_dec | return value |
|ap_ready     | out |    1| ap_ctrl_hs | crypto_kem_dec | return value |
|ap_return    | out |   32| ap_ctrl_hs | crypto_kem_dec | return value |
|k_address0   | out |    5|  ap_memory |        k       |     array    |
|k_ce0        | out |    1|  ap_memory |        k       |     array    |
|k_we0        | out |    1|  ap_memory |        k       |     array    |
|k_d0         | out |    8|  ap_memory |        k       |     array    |
|k_q0         |  in |    8|  ap_memory |        k       |     array    |
|c_address0   | out |   11|  ap_memory |        c       |     array    |
|c_ce0        | out |    1|  ap_memory |        c       |     array    |
|c_q0         |  in |    8|  ap_memory |        c       |     array    |
|c_address1   | out |   11|  ap_memory |        c       |     array    |
|c_ce1        | out |    1|  ap_memory |        c       |     array    |
|c_q1         |  in |    8|  ap_memory |        c       |     array    |
|sk_address0  | out |   11|  ap_memory |       sk       |     array    |
|sk_ce0       | out |    1|  ap_memory |       sk       |     array    |
|sk_q0        |  in |    8|  ap_memory |       sk       |     array    |
|sk_address1  | out |   11|  ap_memory |       sk       |     array    |
|sk_ce1       | out |    1|  ap_memory |       sk       |     array    |
|sk_q1        |  in |    8|  ap_memory |       sk       |     array    |
+-------------+-----+-----+------------+----------------+--------------+

