

================================================================
== Vivado HLS Report for 'keccak_absorb_1'
================================================================
* Date:           Sun Aug 23 20:04:45 2020

* Version:        2018.3 (Build 2405991 on Thu Dec 06 23:56:15 MST 2018)
* Project:        ntru01
* Solution:       dec
* Product family: artix7
* Target device:  xc7a200tfbg676-2


================================================================
== Performance Estimates
================================================================
+ Timing (ns): 
    * Summary: 
    +--------+-------+----------+------------+
    |  Clock | Target| Estimated| Uncertainty|
    +--------+-------+----------+------------+
    |ap_clk  |  10.00|     6.812|        1.25|
    +--------+-------+----------+------------+

+ Latency (clock cycles): 
    * Summary: 
    +------+------+------+------+---------+
    |   Latency   |   Interval  | Pipeline|
    |  min |  max |  min |  max |   Type  |
    +------+------+------+------+---------+
    |  3662|  3662|  3662|  3662|   none  |
    +------+------+------+------+---------+

    + Detail: 
        * Instance: 
        +---------------------------------+----------------------+-----+-----+-----+-----+---------+
        |                                 |                      |  Latency  |  Interval | Pipeline|
        |             Instance            |        Module        | min | max | min | max |   Type  |
        +---------------------------------+----------------------+-----+-----+-----+-----+---------+
        |grp_KeccakF1600_StatePer_fu_307  |KeccakF1600_StatePer  |   50|   50|   50|   50|   none  |
        +---------------------------------+----------------------+-----+-----+-----+-----+---------+

        * Loop: 
        +-----------------+------+------+----------+-----------+-----------+------+----------+
        |                 |   Latency   | Iteration|  Initiation Interval  | Trip |          |
        |    Loop Name    |  min |  max |  Latency |  achieved |   target  | Count| Pipelined|
        +-----------------+------+------+----------+-----------+-----------+------+----------+
        |- Loop 1         |    25|    25|         1|          -|          -|    25|    no    |
        |- Loop 2         |  3008|  3008|       376|          -|          -|     8|    no    |
        | + Loop 2.1      |   323|   323|        19|          -|          -|    17|    no    |
        |  ++ Loop 2.1.1  |    16|    16|         2|          -|          -|     8|    no    |
        |- Loop 3         |   136|   136|         1|          -|          -|   136|    no    |
        |- Loop 4         |   164|   164|         2|          -|          -|    82|    no    |
        |- Loop 5         |   323|   323|        19|          -|          -|    17|    no    |
        | + Loop 5.1      |    16|    16|         2|          -|          -|     8|    no    |
        +-----------------+------+------+----------+-----------+-----------+------+----------+



================================================================
== Utilization Estimates
================================================================
* Summary: 
+-----------------+---------+-------+--------+--------+
|       Name      | BRAM_18K| DSP48E|   FF   |   LUT  |
+-----------------+---------+-------+--------+--------+
|DSP              |        -|      -|       -|       -|
|Expression       |        -|      -|       0|     925|
|FIFO             |        -|      -|       -|       -|
|Instance         |        2|      -|    3110|   16883|
|Memory           |        1|      -|       0|       0|
|Multiplexer      |        -|      -|       -|     375|
|Register         |        -|      -|     295|       -|
+-----------------+---------+-------+--------+--------+
|Total            |        3|      0|    3405|   18183|
+-----------------+---------+-------+--------+--------+
|Available        |      730|    740|  269200|  129000|
+-----------------+---------+-------+--------+--------+
|Utilization (%)  |    ~0   |      0|       1|      14|
+-----------------+---------+-------+--------+--------+

+ Detail: 
    * Instance: 
    +---------------------------------+----------------------+---------+-------+------+-------+
    |             Instance            |        Module        | BRAM_18K| DSP48E|  FF  |  LUT  |
    +---------------------------------+----------------------+---------+-------+------+-------+
    |grp_KeccakF1600_StatePer_fu_307  |KeccakF1600_StatePer  |        2|      0|  3110|  16883|
    +---------------------------------+----------------------+---------+-------+------+-------+
    |Total                            |                      |        2|      0|  3110|  16883|
    +---------------------------------+----------------------+---------+-------+------+-------+

    * DSP48: 
    N/A

    * Memory: 
    +-------+-----------------+---------+---+----+------+-----+------+-------------+
    | Memory|      Module     | BRAM_18K| FF| LUT| Words| Bits| Banks| W*Bits*Banks|
    +-------+-----------------+---------+---+----+------+-----+------+-------------+
    |t_U    |keccak_absorb_t  |        1|  0|   0|   200|    8|     1|         1600|
    +-------+-----------------+---------+---+----+------+-----+------+-------------+
    |Total  |                 |        1|  0|   0|   200|    8|     1|         1600|
    +-------+-----------------+---------+---+----+------+-----+------+-------------+

    * FIFO: 
    N/A

    * Expression: 
    +-----------------------+----------+-------+---+-----+------------+------------+
    |     Variable Name     | Operation| DSP48E| FF| LUT | Bitwidth P0| Bitwidth P1|
    +-----------------------+----------+-------+---+-----+------------+------------+
    |i_23_fu_326_p2         |     +    |      0|  0|   15|           5|           1|
    |i_25_fu_468_p2         |     +    |      0|  0|   15|           8|           1|
    |i_26_fu_390_p2         |     +    |      0|  0|   13|           4|           1|
    |i_27_fu_522_p2         |     +    |      0|  0|   15|           5|           1|
    |i_5_fu_348_p2          |     +    |      0|  0|   15|           5|           1|
    |i_6_fu_546_p2          |     +    |      0|  0|   13|           4|           1|
    |mlen_assign_fu_372_p2  |     +    |      0|  0|   18|          11|           9|
    |p_rec_fu_378_p2        |     +    |      0|  0|   18|          11|           8|
    |sum2_fu_494_p2         |     +    |      0|  0|   18|          11|          11|
    |sum_i4_fu_552_p2       |     +    |      0|  0|   15|           8|           8|
    |sum_i_fu_408_p2        |     +    |      0|  0|   18|          11|          11|
    |tmp1_fu_366_p2         |     +    |      0|  0|   18|          11|          11|
    |tmp_248_fu_488_p2      |     +    |      0|  0|   15|           7|           1|
    |exitcond2_fu_482_p2    |   icmp   |      0|  0|   11|           7|           7|
    |exitcond3_fu_462_p2    |   icmp   |      0|  0|   11|           8|           8|
    |exitcond4_fu_342_p2    |   icmp   |      0|  0|   11|           5|           5|
    |exitcond_fu_516_p2     |   icmp   |      0|  0|   11|           5|           5|
    |tmp_fu_320_p2          |   icmp   |      0|  0|   11|           5|           4|
    |tmp_i3_fu_540_p2       |   icmp   |      0|  0|   11|           4|           5|
    |tmp_i_fu_384_p2        |   icmp   |      0|  0|   11|           4|           5|
    |tmp_s_fu_332_p2        |   icmp   |      0|  0|   13|          11|           8|
    |r_14_fu_588_p2         |    or    |      0|  0|   64|          64|          64|
    |r_fu_444_p2            |    or    |      0|  0|   64|          64|          64|
    |t_d1                   |    or    |      0|  0|    9|           8|           9|
    |tmp_274_i_fu_438_p2    |    shl   |      0|  0|  182|          64|          64|
    |tmp_276_i_fu_582_p2    |    shl   |      0|  0|  182|          64|          64|
    |tmp_249_fu_450_p2      |    xor   |      0|  0|   64|          64|          64|
    |tmp_251_fu_594_p2      |    xor   |      0|  0|   64|          64|          64|
    +-----------------------+----------+-------+---+-----+------------+------------+
    |Total                  |          |      0|  0|  925|         542|         505|
    +-----------------------+----------+-------+---+-----+------------+------------+

    * Multiplexer: 
    +------------------+----+-----------+-----+-----------+
    |       Name       | LUT| Input Size| Bits| Total Bits|
    +------------------+----+-----------+-----+-----------+
    |ap_NS_fsm         |  85|         17|    1|         17|
    |i_1_reg_215       |   9|          2|    5|         10|
    |i_24_reg_191      |   9|          2|   11|         22|
    |i_2_reg_250       |   9|          2|    8|         16|
    |i_3_reg_261       |   9|          2|    7|         14|
    |i_4_reg_272       |   9|          2|    5|         10|
    |i_i2_reg_295      |   9|          2|    4|          8|
    |i_i_reg_238       |   9|          2|    4|          8|
    |i_reg_180         |   9|          2|    5|         10|
    |m_address0        |  15|          3|   11|         33|
    |p_01_rec_reg_203  |   9|          2|   11|         22|
    |r_i1_reg_283      |   9|          2|   64|        128|
    |r_i_reg_226       |   9|          2|   64|        128|
    |s_address0        |  38|          7|    5|         35|
    |s_ce0             |  15|          3|    1|          3|
    |s_ce1             |   9|          2|    1|          2|
    |s_d0              |  27|          5|   64|        320|
    |s_we0             |  15|          3|    1|          3|
    |s_we1             |   9|          2|    1|          2|
    |t_address0        |  27|          5|    8|         40|
    |t_address1        |  15|          3|    8|         24|
    |t_d0              |  21|          4|    8|         32|
    +------------------+----+-----------+-----+-----------+
    |Total             | 375|         76|  297|        887|
    +------------------+----+-----------+-----+-----------+

    * Register: 
    +----------------------------------------------+----+----+-----+-----------+
    |                     Name                     | FF | LUT| Bits| Const Bits|
    +----------------------------------------------+----+----+-----+-----------+
    |ap_CS_fsm                                     |  16|   0|   16|          0|
    |grp_KeccakF1600_StatePer_fu_307_ap_start_reg  |   1|   0|    1|          0|
    |i_1_cast_reg_612                              |   5|   0|   64|         59|
    |i_1_reg_215                                   |   5|   0|    5|          0|
    |i_24_reg_191                                  |  11|   0|   11|          0|
    |i_26_reg_643                                  |   4|   0|    4|          0|
    |i_27_reg_703                                  |   5|   0|    5|          0|
    |i_2_reg_250                                   |   8|   0|    8|          0|
    |i_3_cast7_reg_671                             |   7|   0|   64|         57|
    |i_3_reg_261                                   |   7|   0|    7|          0|
    |i_4_cast6_reg_695                             |   5|   0|   64|         59|
    |i_4_reg_272                                   |   5|   0|    5|          0|
    |i_5_reg_620                                   |   5|   0|    5|          0|
    |i_6_reg_716                                   |   4|   0|    4|          0|
    |i_i2_reg_295                                  |   4|   0|    4|          0|
    |i_i_reg_238                                   |   4|   0|    4|          0|
    |i_reg_180                                     |   5|   0|    5|          0|
    |mlen_assign_reg_630                           |  11|   0|   11|          0|
    |p_01_rec_reg_203                              |  11|   0|   11|          0|
    |p_rec_reg_635                                 |  11|   0|   11|          0|
    |r_i1_reg_283                                  |  64|   0|   64|          0|
    |r_i_reg_226                                   |  64|   0|   64|          0|
    |s_addr_1_reg_653                              |   5|   0|    5|          0|
    |s_addr_2_reg_726                              |   5|   0|    5|          0|
    |tmp1_reg_625                                  |  11|   0|   11|          0|
    |tmp_248_reg_679                               |   7|   0|    7|          0|
    |tmp_250_reg_708                               |   5|   0|    8|          3|
    +----------------------------------------------+----+----+-----+-----------+
    |Total                                         | 295|   0|  473|        178|
    +----------------------------------------------+----+----+-----+-----------+



================================================================
== Interface
================================================================
* Summary: 
+------------+-----+-----+------------+-----------------+--------------+
|  RTL Ports | Dir | Bits|  Protocol  |  Source Object  |    C Type    |
+------------+-----+-----+------------+-----------------+--------------+
|ap_clk      |  in |    1| ap_ctrl_hs | keccak_absorb.1 | return value |
|ap_rst      |  in |    1| ap_ctrl_hs | keccak_absorb.1 | return value |
|ap_start    |  in |    1| ap_ctrl_hs | keccak_absorb.1 | return value |
|ap_done     | out |    1| ap_ctrl_hs | keccak_absorb.1 | return value |
|ap_idle     | out |    1| ap_ctrl_hs | keccak_absorb.1 | return value |
|ap_ready    | out |    1| ap_ctrl_hs | keccak_absorb.1 | return value |
|s_address0  | out |    5|  ap_memory |        s        |     array    |
|s_ce0       | out |    1|  ap_memory |        s        |     array    |
|s_we0       | out |    1|  ap_memory |        s        |     array    |
|s_d0        | out |   64|  ap_memory |        s        |     array    |
|s_q0        |  in |   64|  ap_memory |        s        |     array    |
|s_address1  | out |    5|  ap_memory |        s        |     array    |
|s_ce1       | out |    1|  ap_memory |        s        |     array    |
|s_we1       | out |    1|  ap_memory |        s        |     array    |
|s_d1        | out |   64|  ap_memory |        s        |     array    |
|s_q1        |  in |   64|  ap_memory |        s        |     array    |
|m_address0  | out |   11|  ap_memory |        m        |     array    |
|m_ce0       | out |    1|  ap_memory |        m        |     array    |
|m_q0        |  in |    8|  ap_memory |        m        |     array    |
+------------+-----+-----+------------+-----------------+--------------+

