

================================================================
== Vivado HLS Report for 'keccak_absorb'
================================================================
* Date:           Sun Aug 23 20:04:42 2020

* Version:        2018.3 (Build 2405991 on Thu Dec 06 23:56:15 MST 2018)
* Project:        ntru01
* Solution:       dec
* Product family: artix7
* Target device:  xc7a200tfbg676-2


================================================================
== Performance Estimates
================================================================
+ Timing (ns): 
    * Summary: 
    +--------+-------+----------+------------+
    |  Clock | Target| Estimated| Uncertainty|
    +--------+-------+----------+------------+
    |ap_clk  |  10.00|     6.812|        1.25|
    +--------+-------+----------+------------+

+ Latency (clock cycles): 
    * Summary: 
    +------+------+------+------+---------+
    |   Latency   |   Interval  | Pipeline|
    |  min |  max |  min |  max |   Type  |
    +------+------+------+------+---------+
    |  1258|  1258|  1258|  1258|   none  |
    +------+------+------+------+---------+

    + Detail: 
        * Instance: 
        +---------------------------------+----------------------+-----+-----+-----+-----+---------+
        |                                 |                      |  Latency  |  Interval | Pipeline|
        |             Instance            |        Module        | min | max | min | max |   Type  |
        +---------------------------------+----------------------+-----+-----+-----+-----+---------+
        |grp_KeccakF1600_StatePer_fu_297  |KeccakF1600_StatePer  |   50|   50|   50|   50|   none  |
        +---------------------------------+----------------------+-----+-----+-----+-----+---------+

        * Loop: 
        +-----------------+-----+-----+----------+-----------+-----------+------+----------+
        |                 |  Latency  | Iteration|  Initiation Interval  | Trip |          |
        |    Loop Name    | min | max |  Latency |  achieved |   target  | Count| Pipelined|
        +-----------------+-----+-----+----------+-----------+-----------+------+----------+
        |- Loop 1         |   25|   25|         1|          -|          -|    25|    no    |
        |- Loop 2         |  752|  752|       376|          -|          -|     2|    no    |
        | + Loop 2.1      |  323|  323|        19|          -|          -|    17|    no    |
        |  ++ Loop 2.1.1  |   16|   16|         2|          -|          -|     8|    no    |
        |- Loop 3         |  136|  136|         1|          -|          -|   136|    no    |
        |- Loop 4         |   16|   16|         2|          -|          -|     8|    no    |
        |- Loop 5         |  323|  323|        19|          -|          -|    17|    no    |
        | + Loop 5.1      |   16|   16|         2|          -|          -|     8|    no    |
        +-----------------+-----+-----+----------+-----------+-----------+------+----------+



================================================================
== Utilization Estimates
================================================================
* Summary: 
+-----------------+---------+-------+--------+--------+
|       Name      | BRAM_18K| DSP48E|   FF   |   LUT  |
+-----------------+---------+-------+--------+--------+
|DSP              |        -|      -|       -|       -|
|Expression       |        -|      -|       0|     883|
|FIFO             |        -|      -|       -|       -|
|Instance         |        2|      -|    3110|   16883|
|Memory           |        1|      -|       0|       0|
|Multiplexer      |        -|      -|       -|     375|
|Register         |        -|      -|     263|       -|
+-----------------+---------+-------+--------+--------+
|Total            |        3|      0|    3373|   18141|
+-----------------+---------+-------+--------+--------+
|Available        |      730|    740|  269200|  129000|
+-----------------+---------+-------+--------+--------+
|Utilization (%)  |    ~0   |      0|       1|      14|
+-----------------+---------+-------+--------+--------+

+ Detail: 
    * Instance: 
    +---------------------------------+----------------------+---------+-------+------+-------+
    |             Instance            |        Module        | BRAM_18K| DSP48E|  FF  |  LUT  |
    +---------------------------------+----------------------+---------+-------+------+-------+
    |grp_KeccakF1600_StatePer_fu_297  |KeccakF1600_StatePer  |        2|      0|  3110|  16883|
    +---------------------------------+----------------------+---------+-------+------+-------+
    |Total                            |                      |        2|      0|  3110|  16883|
    +---------------------------------+----------------------+---------+-------+------+-------+

    * DSP48: 
    N/A

    * Memory: 
    +-------+-----------------+---------+---+----+------+-----+------+-------------+
    | Memory|      Module     | BRAM_18K| FF| LUT| Words| Bits| Banks| W*Bits*Banks|
    +-------+-----------------+---------+---+----+------+-----+------+-------------+
    |t_U    |keccak_absorb_t  |        1|  0|   0|   200|    8|     1|         1600|
    +-------+-----------------+---------+---+----+------+-----+------+-------------+
    |Total  |                 |        1|  0|   0|   200|    8|     1|         1600|
    +-------+-----------------+---------+---+----+------+-----+------+-------------+

    * FIFO: 
    N/A

    * Expression: 
    +-----------------------+----------+-------+---+-----+------------+------------+
    |     Variable Name     | Operation| DSP48E| FF| LUT | Bitwidth P0| Bitwidth P1|
    +-----------------------+----------+-------+---+-----+------------+------------+
    |i_28_fu_316_p2         |     +    |      0|  0|   15|           5|           1|
    |i_30_fu_450_p2         |     +    |      0|  0|   15|           8|           1|
    |i_31_fu_372_p2         |     +    |      0|  0|   13|           4|           1|
    |i_32_fu_502_p2         |     +    |      0|  0|   15|           5|           1|
    |i_7_fu_338_p2          |     +    |      0|  0|   15|           5|           1|
    |i_8_fu_526_p2          |     +    |      0|  0|   13|           4|           1|
    |mlen_assign_fu_356_p2  |     +    |      0|  0|   16|           9|           9|
    |p_rec_fu_433_p2        |     +    |      0|  0|   16|           9|           8|
    |sum_i4_fu_532_p2       |     +    |      0|  0|   15|           8|           8|
    |sum_i_fu_384_p2        |     +    |      0|  0|    9|           9|           9|
    |tmp1_fu_378_p2         |     +    |      0|  0|    9|           9|           9|
    |tmp_254_fu_466_p2      |     +    |      0|  0|   13|           4|           1|
    |exitcond2_fu_460_p2    |   icmp   |      0|  0|   11|           4|           5|
    |exitcond3_fu_444_p2    |   icmp   |      0|  0|   11|           8|           8|
    |exitcond4_fu_332_p2    |   icmp   |      0|  0|   11|           5|           5|
    |exitcond_fu_496_p2     |   icmp   |      0|  0|   11|           5|           5|
    |tmp_fu_310_p2          |   icmp   |      0|  0|   11|           5|           4|
    |tmp_i3_fu_520_p2       |   icmp   |      0|  0|   11|           4|           5|
    |tmp_i_fu_366_p2        |   icmp   |      0|  0|   11|           4|           5|
    |tmp_s_fu_322_p2        |   icmp   |      0|  0|   13|           9|           8|
    |r_15_fu_568_p2         |    or    |      0|  0|   64|          64|          64|
    |r_fu_420_p2            |    or    |      0|  0|   64|          64|          64|
    |t_d1                   |    or    |      0|  0|    9|           8|           9|
    |tmp_272_i_fu_414_p2    |    shl   |      0|  0|  182|          64|          64|
    |tmp_276_i_fu_562_p2    |    shl   |      0|  0|  182|          64|          64|
    |tmp_255_fu_426_p2      |    xor   |      0|  0|   64|          64|          64|
    |tmp_257_fu_574_p2      |    xor   |      0|  0|   64|          64|          64|
    +-----------------------+----------+-------+---+-----+------------+------------+
    |Total                  |          |      0|  0|  883|         515|         488|
    +-----------------------+----------+-------+---+-----+------------+------------+

    * Multiplexer: 
    +------------------+----+-----------+-----+-----------+
    |       Name       | LUT| Input Size| Bits| Total Bits|
    +------------------+----+-----------+-----+-----------+
    |ap_NS_fsm         |  85|         17|    1|         17|
    |i_1_reg_205       |   9|          2|    5|         10|
    |i_29_reg_181      |   9|          2|    9|         18|
    |i_2_reg_240       |   9|          2|    8|         16|
    |i_3_reg_251       |   9|          2|    4|          8|
    |i_4_reg_262       |   9|          2|    5|         10|
    |i_i2_reg_285      |   9|          2|    4|          8|
    |i_i_reg_228       |   9|          2|    4|          8|
    |i_reg_170         |   9|          2|    5|         10|
    |m_address0        |  15|          3|    9|         27|
    |p_01_rec_reg_193  |   9|          2|    9|         18|
    |r_i1_reg_273      |   9|          2|   64|        128|
    |r_i_reg_216       |   9|          2|   64|        128|
    |s_address0        |  38|          7|    5|         35|
    |s_ce0             |  15|          3|    1|          3|
    |s_ce1             |   9|          2|    1|          2|
    |s_d0              |  27|          5|   64|        320|
    |s_we0             |  15|          3|    1|          3|
    |s_we1             |   9|          2|    1|          2|
    |t_address0        |  27|          5|    8|         40|
    |t_address1        |  15|          3|    8|         24|
    |t_d0              |  21|          4|    8|         32|
    +------------------+----+-----------+-----+-----------+
    |Total             | 375|         76|  288|        867|
    +------------------+----+-----------+-----+-----------+

    * Register: 
    +----------------------------------------------+----+----+-----+-----------+
    |                     Name                     | FF | LUT| Bits| Const Bits|
    +----------------------------------------------+----+----+-----+-----------+
    |ap_CS_fsm                                     |  16|   0|   16|          0|
    |grp_KeccakF1600_StatePer_fu_297_ap_start_reg  |   1|   0|    1|          0|
    |i_1_cast_reg_592                              |   5|   0|   64|         59|
    |i_1_reg_205                                   |   5|   0|    5|          0|
    |i_29_reg_181                                  |   9|   0|    9|          0|
    |i_2_reg_240                                   |   8|   0|    8|          0|
    |i_31_reg_618                                  |   4|   0|    4|          0|
    |i_32_reg_683                                  |   5|   0|    5|          0|
    |i_3_cast6_reg_651                             |   4|   0|   64|         60|
    |i_3_reg_251                                   |   4|   0|    4|          0|
    |i_4_cast5_reg_675                             |   5|   0|   64|         59|
    |i_4_reg_262                                   |   5|   0|    5|          0|
    |i_7_reg_600                                   |   5|   0|    5|          0|
    |i_8_reg_696                                   |   4|   0|    4|          0|
    |i_i2_reg_285                                  |   4|   0|    4|          0|
    |i_i_reg_228                                   |   4|   0|    4|          0|
    |i_reg_170                                     |   5|   0|    5|          0|
    |mlen_assign_reg_610                           |   9|   0|    9|          0|
    |p_01_rec_reg_193                              |   9|   0|    9|          0|
    |r_i1_reg_273                                  |  64|   0|   64|          0|
    |r_i_reg_216                                   |  64|   0|   64|          0|
    |s_addr_3_reg_628                              |   5|   0|    5|          0|
    |s_addr_4_reg_706                              |   5|   0|    5|          0|
    |tmp_254_reg_659                               |   4|   0|    4|          0|
    |tmp_256_reg_688                               |   5|   0|    8|          3|
    |tmp_260_cast_reg_605                          |   5|   0|    9|          4|
    +----------------------------------------------+----+----+-----+-----------+
    |Total                                         | 263|   0|  448|        185|
    +----------------------------------------------+----+----+-----+-----------+



================================================================
== Interface
================================================================
* Summary: 
+------------+-----+-----+------------+---------------+--------------+
|  RTL Ports | Dir | Bits|  Protocol  | Source Object |    C Type    |
+------------+-----+-----+------------+---------------+--------------+
|ap_clk      |  in |    1| ap_ctrl_hs | keccak_absorb | return value |
|ap_rst      |  in |    1| ap_ctrl_hs | keccak_absorb | return value |
|ap_start    |  in |    1| ap_ctrl_hs | keccak_absorb | return value |
|ap_done     | out |    1| ap_ctrl_hs | keccak_absorb | return value |
|ap_idle     | out |    1| ap_ctrl_hs | keccak_absorb | return value |
|ap_ready    | out |    1| ap_ctrl_hs | keccak_absorb | return value |
|s_address0  | out |    5|  ap_memory |       s       |     array    |
|s_ce0       | out |    1|  ap_memory |       s       |     array    |
|s_we0       | out |    1|  ap_memory |       s       |     array    |
|s_d0        | out |   64|  ap_memory |       s       |     array    |
|s_q0        |  in |   64|  ap_memory |       s       |     array    |
|s_address1  | out |    5|  ap_memory |       s       |     array    |
|s_ce1       | out |    1|  ap_memory |       s       |     array    |
|s_we1       | out |    1|  ap_memory |       s       |     array    |
|s_d1        | out |   64|  ap_memory |       s       |     array    |
|s_q1        |  in |   64|  ap_memory |       s       |     array    |
|m_address0  | out |    9|  ap_memory |       m       |     array    |
|m_ce0       | out |    1|  ap_memory |       m       |     array    |
|m_q0        |  in |    8|  ap_memory |       m       |     array    |
+------------+-----+-----+------------+---------------+--------------+

