

================================================================
== Vivado HLS Report for 'owcpa_dec'
================================================================
* Date:           Sun Aug 23 20:04:38 2020

* Version:        2018.3 (Build 2405991 on Thu Dec 06 23:56:15 MST 2018)
* Project:        ntru01
* Solution:       dec
* Product family: artix7
* Target device:  xc7a200tfbg676-2


================================================================
== Performance Estimates
================================================================
+ Timing (ns): 
    * Summary: 
    +--------+-------+----------+------------+
    |  Clock | Target| Estimated| Uncertainty|
    +--------+-------+----------+------------+
    |ap_clk  |  10.00|     9.122|        1.25|
    +--------+-------+----------+------------+

+ Latency (clock cycles): 
    * Summary: 
    +-------+---------+-------+---------+---------+
    |     Latency     |     Interval    | Pipeline|
    |  min  |   max   |  min  |   max   |   Type  |
    +-------+---------+-------+---------+---------+
    |  43056|  8875656|  43056|  8875656|   none  |
    +-------+---------+-------+---------+---------+

    + Detail: 
        * Instance: 
        +--------------------------------+---------------------+-------+---------+-------+---------+---------+
        |                                |                     |     Latency     |     Interval    | Pipeline|
        |            Instance            |        Module       |  min  |   max   |  min  |   max   |   Type  |
        +--------------------------------+---------------------+-------+---------+-------+---------+---------+
        |grp_poly_lift_fu_291            |poly_lift            |  10499|    10499|  10499|    10499|   none  |
        |grp_poly_Sq_frombytes_1_fu_297  |poly_Sq_frombytes_1  |    701|      701|    701|      701|   none  |
        |grp_poly_Sq_frombytes_fu_304    |poly_Sq_frombytes    |    701|      701|    701|      701|   none  |
        |grp_poly_S3_mul_fu_312          |poly_S3_mul          |   6311|  2950511|   6311|  2950511|   none  |
        |grp_poly_S3_frombytes_fu_319    |poly_S3_frombytes    |    841|      841|    841|      841|   none  |
        |grp_poly_Rq_to_S3_fu_329        |poly_Rq_to_S3        |   3509|     3509|   3509|     3509|   none  |
        |grp_poly_Rq_mul_fu_335          |poly_Rq_mul          |   4908|  2949108|   4908|  2949108|   none  |
        |grp_poly_S3_tobytes_fu_342      |poly_S3_tobytes      |    701|      701|    701|      701|   none  |
        +--------------------------------+---------------------+-------+---------+-------+---------+---------+

        * Loop: 
        +----------+------+------+----------+-----------+-----------+------+----------+
        |          |   Latency   | Iteration|  Initiation Interval  | Trip |          |
        | Loop Name|  min |  max |  Latency |  achieved |   target  | Count| Pipelined|
        +----------+------+------+----------+-----------+-----------+------+----------+
        |- Loop 1  |  1400|  1400|         2|          -|          -|   700|    no    |
        |- Loop 2  |  1402|  1402|         2|          -|          -|   701|    no    |
        |- Loop 3  |  1402|  1402|         2|          -|          -|   701|    no    |
        |- Loop 4  |  1402|  1402|         2|          -|          -|   701|    no    |
        |- Loop 5  |  1402|  1402|         2|          -|          -|   701|    no    |
        |- Loop 6  |  1402|  1402|         2|          -|          -|   701|    no    |
        +----------+------+------+----------+-----------+-----------+------+----------+



================================================================
== Utilization Estimates
================================================================
* Summary: 
+-----------------+---------+-------+--------+--------+
|       Name      | BRAM_18K| DSP48E|   FF   |   LUT  |
+-----------------+---------+-------+--------+--------+
|DSP              |        -|      -|       -|       -|
|Expression       |        -|      -|       0|     471|
|FIFO             |        -|      -|       -|       -|
|Instance         |        1|      9|    1239|    4972|
|Memory           |        4|      -|       0|       0|
|Multiplexer      |        -|      -|       -|    1073|
|Register         |        -|      -|     278|       -|
+-----------------+---------+-------+--------+--------+
|Total            |        5|      9|    1517|    6516|
+-----------------+---------+-------+--------+--------+
|Available        |      730|    740|  269200|  129000|
+-----------------+---------+-------+--------+--------+
|Utilization (%)  |    ~0   |      1|   ~0   |       5|
+-----------------+---------+-------+--------+--------+

+ Detail: 
    * Instance: 
    +--------------------------------+---------------------+---------+-------+-----+------+
    |            Instance            |        Module       | BRAM_18K| DSP48E|  FF |  LUT |
    +--------------------------------+---------------------+---------+-------+-----+------+
    |grp_poly_Rq_mul_fu_335          |poly_Rq_mul          |        0|      2|  167|   332|
    |grp_poly_Rq_to_S3_fu_329        |poly_Rq_to_S3        |        0|      0|   80|   575|
    |grp_poly_S3_frombytes_fu_319    |poly_S3_frombytes    |        0|      0|  100|   681|
    |grp_poly_S3_mul_fu_312          |poly_S3_mul          |        0|      2|  197|   597|
    |grp_poly_S3_tobytes_fu_342      |poly_S3_tobytes      |        0|      0|   73|   282|
    |grp_poly_Sq_frombytes_fu_304    |poly_Sq_frombytes    |        0|      0|  102|   720|
    |grp_poly_Sq_frombytes_1_fu_297  |poly_Sq_frombytes_1  |        0|      0|  102|   738|
    |grp_poly_lift_fu_291            |poly_lift            |        1|      5|  418|  1047|
    +--------------------------------+---------------------+---------+-------+-----+------+
    |Total                           |                     |        1|      9| 1239|  4972|
    +--------------------------------+---------------------+---------+-------+-----+------+

    * DSP48: 
    N/A

    * Memory: 
    +-------------+---------------------+---------+---+----+------+-----+------+-------------+
    |    Memory   |        Module       | BRAM_18K| FF| LUT| Words| Bits| Banks| W*Bits*Banks|
    +-------------+---------------------+---------+---+----+------+-----+------+-------------+
    |x3_coeffs_U  |owcpa_dec_x3_coeffs  |        1|  0|   0|   701|   16|     1|        11216|
    |x1_coeffs_U  |poly_lift_b_coeffs   |        1|  0|   0|   701|   16|     1|        11216|
    |x2_coeffs_U  |poly_lift_b_coeffs   |        1|  0|   0|   701|   16|     1|        11216|
    |x4_coeffs_U  |poly_lift_b_coeffs   |        1|  0|   0|   701|   16|     1|        11216|
    +-------------+---------------------+---------+---+----+------+-----+------+-------------+
    |Total        |                     |        4|  0|   0|  2804|   64|     4|        44864|
    +-------------+---------------------+---------+---+----+------+-----+------+-------------+

    * FIFO: 
    N/A

    * Expression: 
    +--------------------------+----------+-------+---+----+------------+------------+
    |       Variable Name      | Operation| DSP48E| FF| LUT| Bitwidth P0| Bitwidth P1|
    +--------------------------+----------+-------+---+----+------------+------------+
    |i_17_fu_358_p2            |     +    |      0|  0|  17|          10|           1|
    |i_18_fu_407_p2            |     +    |      0|  0|  17|          10|           1|
    |i_19_fu_469_p2            |     +    |      0|  0|  17|          10|           1|
    |i_20_fu_502_p2            |     +    |      0|  0|  17|          10|           1|
    |i_21_fu_534_p2            |     +    |      0|  0|  17|          10|           1|
    |i_22_fu_681_p2            |     +    |      0|  0|  17|          10|           1|
    |phitmp_fu_395_p2          |     +    |      0|  0|  20|          13|          13|
    |tmp_234_i_fu_388_p2       |     +    |      0|  0|  23|          16|          16|
    |tmp_242_fu_559_p2         |     +    |      0|  0|  12|           1|           3|
    |tmp_257_i_cast_fu_553_p2  |     +    |      0|  0|  20|           1|          13|
    |tmp_259_i_fu_565_p2       |     +    |      0|  0|  12|           2|           3|
    |tmp_37_i_cast_fu_428_p2   |     -    |      0|  0|  20|           1|          13|
    |tmp_i2_fu_513_p2          |     -    |      0|  0|  23|          16|          16|
    |tmp_i3_fu_661_p2          |     -    |      0|  0|  71|           1|          64|
    |tmp_i_cast_fu_369_p2      |     -    |      0|  0|  20|           1|          13|
    |tmp_s_fu_481_p2           |     -    |      0|  0|  23|          16|          16|
    |exitcond_fu_463_p2        |   icmp   |      0|  0|  13|          10|          10|
    |exitcond_i1_fu_496_p2     |   icmp   |      0|  0|  13|          10|          10|
    |exitcond_i2_fu_528_p2     |   icmp   |      0|  0|  13|          10|          10|
    |exitcond_i3_fu_675_p2     |   icmp   |      0|  0|  13|          10|          10|
    |exitcond_i7_fu_401_p2     |   icmp   |      0|  0|  13|          10|          10|
    |exitcond_i_fu_352_p2      |   icmp   |      0|  0|  13|          10|          10|
    |tmp_238_fu_438_p2         |    or    |      0|  0|  13|          13|          13|
    |tmp_243_fu_571_p2         |    or    |      0|  0|   3|           3|           3|
    |tmp_245_fu_609_p2         |    or    |      0|  0|  13|          13|          13|
    |tmp_80_i_fu_637_p2        |    or    |      0|  0|  16|          16|          16|
    |tmp_7_i_cast_fu_706_p2    |    xor   |      0|  0|   2|           2|           2|
    +--------------------------+----------+-------+---+----+------------+------------+
    |Total                     |          |      0|  0| 471|         235|         283|
    +--------------------------+----------+-------+---+----+------------+------------+

    * Multiplexer: 
    +-----------------------------------------+-----+-----------+-----+-----------+
    |                   Name                  | LUT | Input Size| Bits| Total Bits|
    +-----------------------------------------+-----+-----------+-----+-----------+
    |ap_NS_fsm                                |  149|         33|    1|         33|
    |grp_poly_Rq_mul_fu_335_b_coeffs_q0       |   15|          3|   16|         48|
    |grp_poly_Rq_mul_fu_335_r_coeffs_q0       |   15|          3|   16|         48|
    |grp_poly_S3_frombytes_fu_319_msg_offset  |   15|          3|   10|         30|
    |grp_poly_S3_tobytes_fu_342_msg_offset    |   15|          3|    9|         27|
    |i_i1_reg_246                             |    9|          2|   10|         20|
    |i_i2_reg_257                             |    9|          2|   10|         20|
    |i_i3_reg_280                             |    9|          2|   10|         20|
    |i_i6_reg_224                             |    9|          2|   10|         20|
    |i_i_reg_213                              |    9|          2|   10|         20|
    |i_reg_235                                |    9|          2|   10|         20|
    |rm_ce0                                   |    9|          2|    1|          2|
    |rm_we0                                   |    9|          2|    1|          2|
    |secretkey_address0                       |   15|          3|   11|         33|
    |secretkey_ce0                            |   15|          3|    1|          3|
    |secretkey_ce1                            |    9|          2|    1|          2|
    |t_i_reg_268                              |    9|          2|   64|        128|
    |tmp_i_reg_202                            |    9|          2|   13|         26|
    |x1_coeffs_address0                       |   38|          7|   10|         70|
    |x1_coeffs_address1                       |   21|          4|   10|         40|
    |x1_coeffs_ce0                            |   21|          4|    1|          4|
    |x1_coeffs_ce1                            |   15|          3|    1|          3|
    |x1_coeffs_d0                             |   27|          5|   16|         80|
    |x1_coeffs_d1                             |   15|          3|   16|         48|
    |x1_coeffs_we0                            |   15|          3|    1|          3|
    |x1_coeffs_we1                            |   15|          3|    1|          3|
    |x2_coeffs_address0                       |   44|          9|   10|         90|
    |x2_coeffs_address1                       |   15|          3|   10|         30|
    |x2_coeffs_ce0                            |   38|          7|    1|          7|
    |x2_coeffs_ce1                            |   15|          3|    1|          3|
    |x2_coeffs_d0                             |   27|          5|   16|         80|
    |x2_coeffs_d1                             |   15|          3|   16|         48|
    |x2_coeffs_we0                            |   27|          5|    1|          5|
    |x2_coeffs_we1                            |   15|          3|    1|          3|
    |x3_coeffs_address0                       |   38|          7|   10|         70|
    |x3_coeffs_address1                       |   15|          3|   10|         30|
    |x3_coeffs_ce0                            |   38|          7|    1|          7|
    |x3_coeffs_ce1                            |   15|          3|    1|          3|
    |x3_coeffs_d0                             |   21|          4|   16|         64|
    |x3_coeffs_d1                             |   15|          3|   16|         48|
    |x3_coeffs_we0                            |   21|          4|    1|          4|
    |x3_coeffs_we1                            |   15|          3|    1|          3|
    |x4_coeffs_address0                       |   44|          9|   10|         90|
    |x4_coeffs_address1                       |   33|          6|   10|         60|
    |x4_coeffs_ce0                            |   33|          6|    1|          6|
    |x4_coeffs_ce1                            |   27|          5|    1|          5|
    |x4_coeffs_d0                             |   27|          5|   16|         80|
    |x4_coeffs_we0                            |   21|          4|    1|          4|
    |x4_coeffs_we1                            |    9|          2|    1|          2|
    +-----------------------------------------+-----+-----------+-----+-----------+
    |Total                                    | 1073|        214|  412|       1495|
    +-----------------------------------------+-----+-----------+-----+-----------+

    * Register: 
    +---------------------------------------------+----+----+-----+-----------+
    |                     Name                    | FF | LUT| Bits| Const Bits|
    +---------------------------------------------+----+----+-----+-----------+
    |ap_CS_fsm                                    |  32|   0|   32|          0|
    |b_coeffs_addr_11_reg_762                     |  10|   0|   10|          0|
    |grp_poly_Rq_mul_fu_335_ap_start_reg          |   1|   0|    1|          0|
    |grp_poly_Rq_to_S3_fu_329_ap_start_reg        |   1|   0|    1|          0|
    |grp_poly_S3_frombytes_fu_319_ap_start_reg    |   1|   0|    1|          0|
    |grp_poly_S3_mul_fu_312_ap_start_reg          |   1|   0|    1|          0|
    |grp_poly_S3_tobytes_fu_342_ap_start_reg      |   1|   0|    1|          0|
    |grp_poly_Sq_frombytes_1_fu_297_ap_start_reg  |   1|   0|    1|          0|
    |grp_poly_Sq_frombytes_fu_304_ap_start_reg    |   1|   0|    1|          0|
    |grp_poly_lift_fu_291_ap_start_reg            |   1|   0|    1|          0|
    |i_17_reg_726                                 |  10|   0|   10|          0|
    |i_18_reg_744                                 |  10|   0|   10|          0|
    |i_19_reg_757                                 |  10|   0|   10|          0|
    |i_20_reg_781                                 |  10|   0|   10|          0|
    |i_21_reg_794                                 |  10|   0|   10|          0|
    |i_22_reg_816                                 |  10|   0|   10|          0|
    |i_i1_reg_246                                 |  10|   0|   10|          0|
    |i_i2_reg_257                                 |  10|   0|   10|          0|
    |i_i3_reg_280                                 |  10|   0|   10|          0|
    |i_i6_reg_224                                 |  10|   0|   10|          0|
    |i_i_reg_213                                  |  10|   0|   10|          0|
    |i_reg_235                                    |  10|   0|   10|          0|
    |liftm_coeffs_addr_reg_749                    |  10|   0|   10|          0|
    |r_coeffs_addr_22_reg_786                     |  10|   0|   10|          0|
    |r_coeffs_addr_24_reg_821                     |  10|   0|   10|          0|
    |t_i_reg_268                                  |  64|   0|   64|          0|
    |tmp_257_reg_809                              |   1|   0|    1|          0|
    |tmp_i_reg_202                                |  13|   0|   13|          0|
    +---------------------------------------------+----+----+-----+-----------+
    |Total                                        | 278|   0|  278|          0|
    +---------------------------------------------+----+----+-----+-----------+



================================================================
== Interface
================================================================
* Summary: 
+---------------------+-----+-----+------------+--------------+--------------+
|      RTL Ports      | Dir | Bits|  Protocol  | Source Object|    C Type    |
+---------------------+-----+-----+------------+--------------+--------------+
|ap_clk               |  in |    1| ap_ctrl_hs |   owcpa_dec  | return value |
|ap_rst               |  in |    1| ap_ctrl_hs |   owcpa_dec  | return value |
|ap_start             |  in |    1| ap_ctrl_hs |   owcpa_dec  | return value |
|ap_done              | out |    1| ap_ctrl_hs |   owcpa_dec  | return value |
|ap_idle              | out |    1| ap_ctrl_hs |   owcpa_dec  | return value |
|ap_ready             | out |    1| ap_ctrl_hs |   owcpa_dec  | return value |
|ap_return            | out |    1| ap_ctrl_hs |   owcpa_dec  | return value |
|rm_address0          | out |    9|  ap_memory |      rm      |     array    |
|rm_ce0               | out |    1|  ap_memory |      rm      |     array    |
|rm_we0               | out |    1|  ap_memory |      rm      |     array    |
|rm_d0                | out |    8|  ap_memory |      rm      |     array    |
|ciphertext_address0  | out |   11|  ap_memory |  ciphertext  |     array    |
|ciphertext_ce0       | out |    1|  ap_memory |  ciphertext  |     array    |
|ciphertext_q0        |  in |    8|  ap_memory |  ciphertext  |     array    |
|ciphertext_address1  | out |   11|  ap_memory |  ciphertext  |     array    |
|ciphertext_ce1       | out |    1|  ap_memory |  ciphertext  |     array    |
|ciphertext_q1        |  in |    8|  ap_memory |  ciphertext  |     array    |
|secretkey_address0   | out |   11|  ap_memory |   secretkey  |     array    |
|secretkey_ce0        | out |    1|  ap_memory |   secretkey  |     array    |
|secretkey_q0         |  in |    8|  ap_memory |   secretkey  |     array    |
|secretkey_address1   | out |   11|  ap_memory |   secretkey  |     array    |
|secretkey_ce1        | out |    1|  ap_memory |   secretkey  |     array    |
|secretkey_q1         |  in |    8|  ap_memory |   secretkey  |     array    |
+---------------------+-----+-----+------------+--------------+--------------+

