

================================================================
== Vivado HLS Report for 'poly_Sq_frombytes_1'
================================================================
* Date:           Sun Aug 23 20:04:38 2020

* Version:        2018.3 (Build 2405991 on Thu Dec 06 23:56:15 MST 2018)
* Project:        ntru01
* Solution:       dec
* Product family: artix7
* Target device:  xc7a200tfbg676-2


================================================================
== Performance Estimates
================================================================
+ Timing (ns): 
    * Summary: 
    +--------+-------+----------+------------+
    |  Clock | Target| Estimated| Uncertainty|
    +--------+-------+----------+------------+
    |ap_clk  |  10.00|     6.380|        1.25|
    +--------+-------+----------+------------+

+ Latency (clock cycles): 
    * Summary: 
    +-----+-----+-----+-----+---------+
    |  Latency  |  Interval | Pipeline|
    | min | max | min | max |   Type  |
    +-----+-----+-----+-----+---------+
    |  701|  701|  701|  701|   none  |
    +-----+-----+-----+-----+---------+

    + Detail: 
        * Instance: 
        N/A

        * Loop: 
        +----------+-----+-----+----------+-----------+-----------+------+----------+
        |          |  Latency  | Iteration|  Initiation Interval  | Trip |          |
        | Loop Name| min | max |  Latency |  achieved |   target  | Count| Pipelined|
        +----------+-----+-----+----------+-----------+-----------+------+----------+
        |- Loop 1  |  696|  696|         8|          -|          -|    87|    no    |
        +----------+-----+-----+----------+-----------+-----------+------+----------+



================================================================
== Utilization Estimates
================================================================
* Summary: 
+-----------------+---------+-------+--------+--------+
|       Name      | BRAM_18K| DSP48E|   FF   |   LUT  |
+-----------------+---------+-------+--------+--------+
|DSP              |        -|      -|       -|       -|
|Expression       |        -|      -|       0|     410|
|FIFO             |        -|      -|       -|       -|
|Instance         |        -|      -|       -|       -|
|Memory           |        -|      -|       -|       -|
|Multiplexer      |        -|      -|       -|     328|
|Register         |        -|      -|     102|       -|
+-----------------+---------+-------+--------+--------+
|Total            |        0|      0|     102|     738|
+-----------------+---------+-------+--------+--------+
|Available        |      730|    740|  269200|  129000|
+-----------------+---------+-------+--------+--------+
|Utilization (%)  |        0|      0|   ~0   |   ~0   |
+-----------------+---------+-------+--------+--------+

+ Detail: 
    * Instance: 
    N/A

    * DSP48: 
    N/A

    * Memory: 
    N/A

    * FIFO: 
    N/A

    * Expression: 
    +--------------------+----------+-------+---+----+------------+------------+
    |    Variable Name   | Operation| DSP48E| FF| LUT| Bitwidth P0| Bitwidth P1|
    +--------------------+----------+-------+---+----+------------+------------+
    |next_mul_fu_859_p2  |     +    |      0|  0|  18|           4|          11|
    |sum10_fu_848_p2     |     +    |      0|  0|  18|           9|          11|
    |sum11_fu_901_p2     |     +    |      0|  0|  18|           9|          11|
    |sum12_fu_912_p2     |     +    |      0|  0|  18|           9|          11|
    |sum1_fu_669_p2      |     +    |      0|  0|  18|           9|          11|
    |sum2_fu_507_p2      |     +    |      0|  0|  18|           9|          11|
    |sum3_fu_680_p2      |     +    |      0|  0|  18|           9|          11|
    |sum4_fu_548_p2      |     +    |      0|  0|  18|           9|          11|
    |sum5_fu_753_p2      |     +    |      0|  0|  18|           9|          11|
    |sum6_fu_559_p2      |     +    |      0|  0|  18|           9|          11|
    |sum7_fu_764_p2      |     +    |      0|  0|  18|           9|          11|
    |sum8_fu_632_p2      |     +    |      0|  0|  18|           9|          11|
    |sum9_fu_837_p2      |     +    |      0|  0|  18|           9|          11|
    |sum_fu_496_p2       |     +    |      0|  0|  18|           9|          11|
    |tmp_s_fu_490_p2     |     +    |      0|  0|  15|           7|           1|
    |exitcond_fu_484_p2  |   icmp   |      0|  0|  11|           7|           7|
    |tmp_101_fu_946_p2   |    or    |      0|  0|  10|          10|          10|
    |tmp_103_fu_965_p2   |    or    |      0|  0|  10|          10|           3|
    |tmp_109_fu_998_p2   |    or    |      0|  0|  10|          10|           3|
    |tmp_56_fu_612_p2    |    or    |      0|  0|  10|          10|           1|
    |tmp_58_fu_1035_p2   |    or    |      0|  0|   9|           9|           9|
    |tmp_65_fu_1100_p2   |    or    |      0|  0|  11|          11|          11|
    |tmp_68_fu_593_p2    |    or    |      0|  0|  11|          11|          11|
    |tmp_72_fu_659_p2    |    or    |      0|  0|  10|          10|           2|
    |tmp_78_fu_714_p2    |    or    |      0|  0|   9|           9|           9|
    |tmp_80_fu_733_p2    |    or    |      0|  0|  10|          10|           2|
    |tmp_86_fu_798_p2    |    or    |      0|  0|  12|          12|          12|
    |tmp_88_fu_817_p2    |    or    |      0|  0|  10|          10|           3|
    |tmp_95_fu_881_p2    |    or    |      0|  0|  10|          10|           3|
    +--------------------+----------+-------+---+----+------------+------------+
    |Total               |          |      0|  0| 410|         267|         241|
    +--------------------+----------+-------+---+----+------------+------------+

    * Multiplexer: 
    +-------------------+----+-----------+-----+-----------+
    |        Name       | LUT| Input Size| Bits| Total Bits|
    +-------------------+----+-----------+-----+-----------+
    |a_address0         |  50|         11|   11|        121|
    |a_address1         |  50|         11|   11|        121|
    |ap_NS_fsm          |  59|         14|    1|         14|
    |i_reg_437          |   9|          2|    7|         14|
    |phi_mul_reg_449    |   9|          2|   11|         22|
    |r_coeffs_address0  |  44|          9|   10|         90|
    |r_coeffs_address1  |  27|          5|   10|         50|
    |r_coeffs_d0        |  44|          9|   16|        144|
    |r_coeffs_d1        |  27|          5|   16|         80|
    |reg_479            |   9|          2|    8|         16|
    +-------------------+----+-----------+-----+-----------+
    |Total              | 328|         70|  101|        672|
    +-------------------+----+-----------+-----+-----------+

    * Register: 
    +-------------------+----+----+-----+-----------+
    |        Name       | FF | LUT| Bits| Const Bits|
    +-------------------+----+----+-----+-----------+
    |ap_CS_fsm          |  13|   0|   13|          0|
    |i_reg_437          |   7|   0|    7|          0|
    |next_mul_reg_1243  |  11|   0|   11|          0|
    |phi_mul_reg_449    |  11|   0|   11|          0|
    |reg_479            |   8|   0|    8|          0|
    |tmp_51_reg_1162    |   7|   0|   10|          3|
    |tmp_53_reg_1173    |   3|   0|    3|          0|
    |tmp_61_reg_1188    |   6|   0|    6|          0|
    |tmp_66_reg_1278    |   7|   0|    7|          0|
    |tmp_70_reg_1293    |   2|   0|    2|          0|
    |tmp_74_reg_1303    |   5|   0|    5|          0|
    |tmp_82_reg_1213    |   4|   0|    4|          0|
    |tmp_90_reg_1228    |   7|   0|    7|          0|
    |tmp_97_reg_1248    |   2|   0|    2|          0|
    |tmp_99_reg_1198    |   1|   0|    1|          0|
    |tmp_reg_1263       |   1|   0|    1|          0|
    |tmp_s_reg_1137     |   7|   0|    7|          0|
    +-------------------+----+----+-----+-----------+
    |Total              | 102|   0|  105|          3|
    +-------------------+----+----+-----+-----------+



================================================================
== Interface
================================================================
* Summary: 
+-------------------+-----+-----+------------+---------------------+--------------+
|     RTL Ports     | Dir | Bits|  Protocol  |    Source Object    |    C Type    |
+-------------------+-----+-----+------------+---------------------+--------------+
|ap_clk             |  in |    1| ap_ctrl_hs | poly_Sq_frombytes.1 | return value |
|ap_rst             |  in |    1| ap_ctrl_hs | poly_Sq_frombytes.1 | return value |
|ap_start           |  in |    1| ap_ctrl_hs | poly_Sq_frombytes.1 | return value |
|ap_done            | out |    1| ap_ctrl_hs | poly_Sq_frombytes.1 | return value |
|ap_idle            | out |    1| ap_ctrl_hs | poly_Sq_frombytes.1 | return value |
|ap_ready           | out |    1| ap_ctrl_hs | poly_Sq_frombytes.1 | return value |
|r_coeffs_address0  | out |   10|  ap_memory |       r_coeffs      |     array    |
|r_coeffs_ce0       | out |    1|  ap_memory |       r_coeffs      |     array    |
|r_coeffs_we0       | out |    1|  ap_memory |       r_coeffs      |     array    |
|r_coeffs_d0        | out |   16|  ap_memory |       r_coeffs      |     array    |
|r_coeffs_address1  | out |   10|  ap_memory |       r_coeffs      |     array    |
|r_coeffs_ce1       | out |    1|  ap_memory |       r_coeffs      |     array    |
|r_coeffs_we1       | out |    1|  ap_memory |       r_coeffs      |     array    |
|r_coeffs_d1        | out |   16|  ap_memory |       r_coeffs      |     array    |
|a_address0         | out |   11|  ap_memory |          a          |     array    |
|a_ce0              | out |    1|  ap_memory |          a          |     array    |
|a_q0               |  in |    8|  ap_memory |          a          |     array    |
|a_address1         | out |   11|  ap_memory |          a          |     array    |
|a_ce1              | out |    1|  ap_memory |          a          |     array    |
|a_q1               |  in |    8|  ap_memory |          a          |     array    |
+-------------------+-----+-----+------------+---------------------+--------------+

