

================================================================
== Vivado HLS Report for 'keccak_absorb_1'
================================================================
* Date:           Tue Aug 25 09:28:07 2020

* Version:        2018.3 (Build 2405991 on Thu Dec 06 23:56:15 MST 2018)
* Project:        ntru77
* Solution:       dec
* Product family: artix7
* Target device:  xc7a200tfbg676-2


================================================================
== Performance Estimates
================================================================
+ Timing (ns): 
    * Summary: 
    +--------+-------+----------+------------+
    |  Clock | Target| Estimated| Uncertainty|
    +--------+-------+----------+------------+
    |ap_clk  |  10.00|     6.812|        1.25|
    +--------+-------+----------+------------+

+ Latency (clock cycles): 
    * Summary: 
    +------+------+------+------+---------+
    |   Latency   |   Interval  | Pipeline|
    |  min |  max |  min |  max |   Type  |
    +------+------+------+------+---------+
    |  3142|  3142|  3142|  3142|   none  |
    +------+------+------+------+---------+

    + Detail: 
        * Instance: 
        +---------------------------------+----------------------+-----+-----+-----+-----+---------+
        |                                 |                      |  Latency  |  Interval | Pipeline|
        |             Instance            |        Module        | min | max | min | max |   Type  |
        +---------------------------------+----------------------+-----+-----+-----+-----+---------+
        |grp_KeccakF1600_StatePer_fu_305  |KeccakF1600_StatePer  |   50|   50|   50|   50|   none  |
        +---------------------------------+----------------------+-----+-----+-----+-----+---------+

        * Loop: 
        +-----------------+------+------+----------+-----------+-----------+------+----------+
        |                 |   Latency   | Iteration|  Initiation Interval  | Trip |          |
        |    Loop Name    |  min |  max |  Latency |  achieved |   target  | Count| Pipelined|
        +-----------------+------+------+----------+-----------+-----------+------+----------+
        |- Loop 1         |    25|    25|         1|          -|          -|    25|    no    |
        |- Loop 2         |  2632|  2632|       376|          -|          -|     7|    no    |
        | + Loop 2.1      |   323|   323|        19|          -|          -|    17|    no    |
        |  ++ Loop 2.1.1  |    16|    16|         2|          -|          -|     8|    no    |
        |- Loop 3         |   136|   136|         1|          -|          -|   136|    no    |
        |- Loop 4         |    20|    20|         2|          -|          -|    10|    no    |
        |- Loop 5         |   323|   323|        19|          -|          -|    17|    no    |
        | + Loop 5.1      |    16|    16|         2|          -|          -|     8|    no    |
        +-----------------+------+------+----------+-----------+-----------+------+----------+



================================================================
== Utilization Estimates
================================================================
* Summary: 
+-----------------+---------+-------+--------+--------+
|       Name      | BRAM_18K| DSP48E|   FF   |   LUT  |
+-----------------+---------+-------+--------+--------+
|DSP              |        -|      -|       -|       -|
|Expression       |        -|      -|       0|     914|
|FIFO             |        -|      -|       -|       -|
|Instance         |        2|      -|    3110|   16883|
|Memory           |        1|      -|       0|       0|
|Multiplexer      |        -|      -|       -|     375|
|Register         |        -|      -|     281|       -|
+-----------------+---------+-------+--------+--------+
|Total            |        3|      0|    3391|   18172|
+-----------------+---------+-------+--------+--------+
|Available        |      730|    740|  269200|  129000|
+-----------------+---------+-------+--------+--------+
|Utilization (%)  |    ~0   |      0|       1|      14|
+-----------------+---------+-------+--------+--------+

+ Detail: 
    * Instance: 
    +---------------------------------+----------------------+---------+-------+------+-------+
    |             Instance            |        Module        | BRAM_18K| DSP48E|  FF  |  LUT  |
    +---------------------------------+----------------------+---------+-------+------+-------+
    |grp_KeccakF1600_StatePer_fu_305  |KeccakF1600_StatePer  |        2|      0|  3110|  16883|
    +---------------------------------+----------------------+---------+-------+------+-------+
    |Total                            |                      |        2|      0|  3110|  16883|
    +---------------------------------+----------------------+---------+-------+------+-------+

    * DSP48: 
    N/A

    * Memory: 
    +-------+-----------------+---------+---+----+------+-----+------+-------------+
    | Memory|      Module     | BRAM_18K| FF| LUT| Words| Bits| Banks| W*Bits*Banks|
    +-------+-----------------+---------+---+----+------+-----+------+-------------+
    |t_U    |keccak_absorb_t  |        1|  0|   0|   200|    8|     1|         1600|
    +-------+-----------------+---------+---+----+------+-----+------+-------------+
    |Total  |                 |        1|  0|   0|   200|    8|     1|         1600|
    +-------+-----------------+---------+---+----+------+-----+------+-------------+

    * FIFO: 
    N/A

    * Expression: 
    +-----------------------+----------+-------+---+-----+------------+------------+
    |     Variable Name     | Operation| DSP48E| FF| LUT | Bitwidth P0| Bitwidth P1|
    +-----------------------+----------+-------+---+-----+------------+------------+
    |i_21_fu_324_p2         |     +    |      0|  0|   15|           5|           1|
    |i_23_fu_466_p2         |     +    |      0|  0|   15|           8|           1|
    |i_24_fu_388_p2         |     +    |      0|  0|   13|           4|           1|
    |i_25_fu_524_p2         |     +    |      0|  0|   15|           5|           1|
    |i_5_fu_346_p2          |     +    |      0|  0|   15|           5|           1|
    |i_6_fu_548_p2          |     +    |      0|  0|   13|           4|           1|
    |mlen_assign_fu_370_p2  |     +    |      0|  0|   17|          10|           9|
    |p_rec_fu_376_p2        |     +    |      0|  0|   17|          10|           8|
    |sum2_fu_492_p2         |     +    |      0|  0|   15|           7|           7|
    |sum_i4_fu_554_p2       |     +    |      0|  0|   15|           8|           8|
    |sum_i_fu_406_p2        |     +    |      0|  0|   17|          10|          10|
    |tmp1_fu_364_p2         |     +    |      0|  0|   17|          10|          10|
    |tmp_203_fu_486_p2      |     +    |      0|  0|   13|           4|           1|
    |exitcond2_fu_480_p2    |   icmp   |      0|  0|    9|           4|           4|
    |exitcond3_fu_460_p2    |   icmp   |      0|  0|   11|           8|           8|
    |exitcond4_fu_340_p2    |   icmp   |      0|  0|   11|           5|           5|
    |exitcond_fu_518_p2     |   icmp   |      0|  0|   11|           5|           5|
    |tmp_fu_318_p2          |   icmp   |      0|  0|   11|           5|           4|
    |tmp_i3_fu_542_p2       |   icmp   |      0|  0|   11|           4|           5|
    |tmp_i_fu_382_p2        |   icmp   |      0|  0|   11|           4|           5|
    |tmp_s_fu_330_p2        |   icmp   |      0|  0|   13|          10|           8|
    |r_11_fu_590_p2         |    or    |      0|  0|   64|          64|          64|
    |r_fu_442_p2            |    or    |      0|  0|   64|          64|          64|
    |t_d1                   |    or    |      0|  0|    9|           8|           9|
    |tmp_230_i_fu_436_p2    |    shl   |      0|  0|  182|          64|          64|
    |tmp_232_i_fu_584_p2    |    shl   |      0|  0|  182|          64|          64|
    |tmp_204_fu_448_p2      |    xor   |      0|  0|   64|          64|          64|
    |tmp_206_fu_596_p2      |    xor   |      0|  0|   64|          64|          64|
    +-----------------------+----------+-------+---+-----+------------+------------+
    |Total                  |          |      0|  0|  914|         527|         496|
    +-----------------------+----------+-------+---+-----+------------+------------+

    * Multiplexer: 
    +------------------+----+-----------+-----+-----------+
    |       Name       | LUT| Input Size| Bits| Total Bits|
    +------------------+----+-----------+-----+-----------+
    |ap_NS_fsm         |  85|         17|    1|         17|
    |i_1_reg_213       |   9|          2|    5|         10|
    |i_22_reg_189      |   9|          2|   10|         20|
    |i_2_reg_248       |   9|          2|    8|         16|
    |i_3_reg_259       |   9|          2|    4|          8|
    |i_4_reg_270       |   9|          2|    5|         10|
    |i_i2_reg_293      |   9|          2|    4|          8|
    |i_i_reg_236       |   9|          2|    4|          8|
    |i_reg_178         |   9|          2|    5|         10|
    |m_address0        |  15|          3|   10|         30|
    |p_01_rec_reg_201  |   9|          2|   10|         20|
    |r_i1_reg_281      |   9|          2|   64|        128|
    |r_i_reg_224       |   9|          2|   64|        128|
    |s_address0        |  38|          7|    5|         35|
    |s_ce0             |  15|          3|    1|          3|
    |s_ce1             |   9|          2|    1|          2|
    |s_d0              |  27|          5|   64|        320|
    |s_we0             |  15|          3|    1|          3|
    |s_we1             |   9|          2|    1|          2|
    |t_address0        |  27|          5|    8|         40|
    |t_address1        |  15|          3|    8|         24|
    |t_d0              |  21|          4|    8|         32|
    +------------------+----+-----------+-----+-----------+
    |Total             | 375|         76|  291|        874|
    +------------------+----+-----------+-----+-----------+

    * Register: 
    +----------------------------------------------+----+----+-----+-----------+
    |                     Name                     | FF | LUT| Bits| Const Bits|
    +----------------------------------------------+----+----+-----+-----------+
    |ap_CS_fsm                                     |  16|   0|   16|          0|
    |grp_KeccakF1600_StatePer_fu_305_ap_start_reg  |   1|   0|    1|          0|
    |i_1_cast_reg_614                              |   5|   0|   64|         59|
    |i_1_reg_213                                   |   5|   0|    5|          0|
    |i_22_reg_189                                  |  10|   0|   10|          0|
    |i_24_reg_645                                  |   4|   0|    4|          0|
    |i_25_reg_705                                  |   5|   0|    5|          0|
    |i_2_reg_248                                   |   8|   0|    8|          0|
    |i_3_cast7_reg_673                             |   4|   0|   64|         60|
    |i_3_reg_259                                   |   4|   0|    4|          0|
    |i_4_cast6_reg_697                             |   5|   0|   64|         59|
    |i_4_reg_270                                   |   5|   0|    5|          0|
    |i_5_reg_622                                   |   5|   0|    5|          0|
    |i_6_reg_718                                   |   4|   0|    4|          0|
    |i_i2_reg_293                                  |   4|   0|    4|          0|
    |i_i_reg_236                                   |   4|   0|    4|          0|
    |i_reg_178                                     |   5|   0|    5|          0|
    |mlen_assign_reg_632                           |  10|   0|   10|          0|
    |p_01_rec_reg_201                              |  10|   0|   10|          0|
    |p_rec_reg_637                                 |  10|   0|   10|          0|
    |r_i1_reg_281                                  |  64|   0|   64|          0|
    |r_i_reg_224                                   |  64|   0|   64|          0|
    |s_addr_1_reg_655                              |   5|   0|    5|          0|
    |s_addr_2_reg_728                              |   5|   0|    5|          0|
    |tmp1_reg_627                                  |  10|   0|   10|          0|
    |tmp_203_reg_681                               |   4|   0|    4|          0|
    |tmp_205_reg_710                               |   5|   0|    8|          3|
    +----------------------------------------------+----+----+-----+-----------+
    |Total                                         | 281|   0|  462|        181|
    +----------------------------------------------+----+----+-----+-----------+



================================================================
== Interface
================================================================
* Summary: 
+------------+-----+-----+------------+-----------------+--------------+
|  RTL Ports | Dir | Bits|  Protocol  |  Source Object  |    C Type    |
+------------+-----+-----+------------+-----------------+--------------+
|ap_clk      |  in |    1| ap_ctrl_hs | keccak_absorb.1 | return value |
|ap_rst      |  in |    1| ap_ctrl_hs | keccak_absorb.1 | return value |
|ap_start    |  in |    1| ap_ctrl_hs | keccak_absorb.1 | return value |
|ap_done     | out |    1| ap_ctrl_hs | keccak_absorb.1 | return value |
|ap_idle     | out |    1| ap_ctrl_hs | keccak_absorb.1 | return value |
|ap_ready    | out |    1| ap_ctrl_hs | keccak_absorb.1 | return value |
|s_address0  | out |    5|  ap_memory |        s        |     array    |
|s_ce0       | out |    1|  ap_memory |        s        |     array    |
|s_we0       | out |    1|  ap_memory |        s        |     array    |
|s_d0        | out |   64|  ap_memory |        s        |     array    |
|s_q0        |  in |   64|  ap_memory |        s        |     array    |
|s_address1  | out |    5|  ap_memory |        s        |     array    |
|s_ce1       | out |    1|  ap_memory |        s        |     array    |
|s_we1       | out |    1|  ap_memory |        s        |     array    |
|s_d1        | out |   64|  ap_memory |        s        |     array    |
|s_q1        |  in |   64|  ap_memory |        s        |     array    |
|m_address0  | out |   10|  ap_memory |        m        |     array    |
|m_ce0       | out |    1|  ap_memory |        m        |     array    |
|m_q0        |  in |    8|  ap_memory |        m        |     array    |
+------------+-----+-----+------------+-----------------+--------------+

