

================================================================
== Vivado HLS Report for 'owcpa_dec'
================================================================
* Date:           Tue Aug 25 09:28:01 2020

* Version:        2018.3 (Build 2405991 on Thu Dec 06 23:56:15 MST 2018)
* Project:        ntru77
* Solution:       dec
* Product family: artix7
* Target device:  xc7a200tfbg676-2


================================================================
== Performance Estimates
================================================================
+ Timing (ns): 
    * Summary: 
    +--------+-------+----------+------------+
    |  Clock | Target| Estimated| Uncertainty|
    +--------+-------+----------+------------+
    |ap_clk  |  10.00|     9.122|        1.25|
    +--------+-------+----------+------------+

+ Latency (clock cycles): 
    * Summary: 
    +-------+---------+-------+---------+---------+
    |     Latency     |     Interval    | Pipeline|
    |  min  |   max   |  min  |   max   |   Type  |
    +-------+---------+-------+---------+---------+
    |  35340|  8273076|  35340|  8273076|   none  |
    +-------+---------+-------+---------+---------+

    + Detail: 
        * Instance: 
        +--------------------------------+---------------------+------+---------+------+---------+---------+
        |                                |                     |     Latency    |    Interval    | Pipeline|
        |            Instance            |        Module       |  min |   max   |  min |   max   |   Type  |
        +--------------------------------+---------------------+------+---------+------+---------+---------+
        |grp_poly_Sq_frombytes_1_fu_393  |poly_Sq_frombytes_1  |   592|      592|   592|      592|   none  |
        |grp_poly_Sq_frombytes_fu_400    |poly_Sq_frombytes    |   592|      592|   592|      592|   none  |
        |grp_poly_S3_mul_fu_408          |poly_S3_mul          |  6095|  2752007|  6095|  2752007|   none  |
        |grp_poly_S3_frombytes_fu_415    |poly_S3_frombytes    |   814|      814|   814|      814|   none  |
        |grp_poly_Rq_to_S3_fu_425        |poly_Rq_to_S3        |  3389|     3389|  3389|     3389|   none  |
        |grp_poly_Rq_mul_fu_431          |poly_Rq_mul          |  4740|  2750652|  4740|  2750652|   none  |
        |grp_poly_S3_tobytes_fu_438      |poly_S3_tobytes      |   677|      677|   677|      677|   none  |
        +--------------------------------+---------------------+------+---------+------+---------+---------+

        * Loop: 
        +----------+------+------+----------+-----------+-----------+------+----------+
        |          |   Latency   | Iteration|  Initiation Interval  | Trip |          |
        | Loop Name|  min |  max |  Latency |  achieved |   target  | Count| Pipelined|
        +----------+------+------+----------+-----------+-----------+------+----------+
        |- Loop 1  |  1352|  1352|         2|          -|          -|   676|    no    |
        |- Loop 2  |  1354|  1354|         2|          -|          -|   677|    no    |
        |- Loop 3  |  1354|  1354|         2|          -|          -|   677|    no    |
        |- Loop 4  |  1354|  1354|         2|          -|          -|   677|    no    |
        |- Loop 5  |  1354|  1354|         2|          -|          -|   677|    no    |
        |- Loop 6  |  1354|  1354|         2|          -|          -|   677|    no    |
        |- Loop 7  |  1354|  1354|         2|          -|          -|   677|    no    |
        |- Loop 8  |  1354|  1354|         2|          -|          -|   677|    no    |
        |- Loop 9  |  1354|  1354|         2|          -|          -|   677|    no    |
        +----------+------+------+----------+-----------+-----------+------+----------+



================================================================
== Utilization Estimates
================================================================
* Summary: 
+-----------------+---------+-------+--------+--------+
|       Name      | BRAM_18K| DSP48E|   FF   |   LUT  |
+-----------------+---------+-------+--------+--------+
|DSP              |        -|      -|       -|       -|
|Expression       |        -|      -|       0|     712|
|FIFO             |        -|      -|       -|       -|
|Instance         |        -|      4|     787|    4012|
|Memory           |        4|      -|       0|       0|
|Multiplexer      |        -|      -|       -|    1138|
|Register         |        -|      -|     380|       -|
+-----------------+---------+-------+--------+--------+
|Total            |        4|      4|    1167|    5862|
+-----------------+---------+-------+--------+--------+
|Available        |      730|    740|  269200|  129000|
+-----------------+---------+-------+--------+--------+
|Utilization (%)  |    ~0   |   ~0  |   ~0   |       4|
+-----------------+---------+-------+--------+--------+

+ Detail: 
    * Instance: 
    +--------------------------------+---------------------+---------+-------+-----+-----+
    |            Instance            |        Module       | BRAM_18K| DSP48E|  FF | LUT |
    +--------------------------------+---------------------+---------+-------+-----+-----+
    |grp_poly_Rq_mul_fu_431          |poly_Rq_mul          |        0|      2|  167|  332|
    |grp_poly_Rq_to_S3_fu_425        |poly_Rq_to_S3        |        0|      0|   80|  575|
    |grp_poly_S3_frombytes_fu_415    |poly_S3_frombytes    |        0|      0|  103|  721|
    |grp_poly_S3_mul_fu_408          |poly_S3_mul          |        0|      2|  197|  597|
    |grp_poly_S3_tobytes_fu_438      |poly_S3_tobytes      |        0|      0|   74|  337|
    |grp_poly_Sq_frombytes_fu_400    |poly_Sq_frombytes    |        0|      0|   83|  626|
    |grp_poly_Sq_frombytes_1_fu_393  |poly_Sq_frombytes_1  |        0|      0|   83|  824|
    +--------------------------------+---------------------+---------+-------+-----+-----+
    |Total                           |                     |        0|      4|  787| 4012|
    +--------------------------------+---------------------+---------+-------+-----+-----+

    * DSP48: 
    N/A

    * Memory: 
    +-------------+---------------------+---------+---+----+------+-----+------+-------------+
    |    Memory   |        Module       | BRAM_18K| FF| LUT| Words| Bits| Banks| W*Bits*Banks|
    +-------------+---------------------+---------+---+----+------+-----+------+-------------+
    |x1_coeffs_U  |owcpa_dec_x1_coeffs  |        1|  0|   0|   677|   16|     1|        10832|
    |x2_coeffs_U  |owcpa_dec_x1_coeffs  |        1|  0|   0|   677|   16|     1|        10832|
    |x4_coeffs_U  |owcpa_dec_x1_coeffs  |        1|  0|   0|   677|   16|     1|        10832|
    |x3_coeffs_U  |owcpa_dec_x3_coeffs  |        1|  0|   0|   677|   16|     1|        10832|
    +-------------+---------------------+---------+---+----+------+-----+------+-------------+
    |Total        |                     |        4|  0|   0|  2708|   64|     4|        43328|
    +-------------+---------------------+---------+---+----+------+-----+------+-------------+

    * FIFO: 
    N/A

    * Expression: 
    +--------------------------+----------+-------+---+----+------------+------------+
    |       Variable Name      | Operation| DSP48E| FF| LUT| Bitwidth P0| Bitwidth P1|
    +--------------------------+----------+-------+---+----+------------+------------+
    |i_12_fu_480_p2            |     +    |      0|  0|  17|          10|           1|
    |i_13_fu_529_p2            |     +    |      0|  0|  17|          10|           1|
    |i_14_fu_565_p2            |     +    |      0|  0|  17|          10|           1|
    |i_15_fu_704_p2            |     +    |      0|  0|  17|          10|           1|
    |i_16_fu_721_p2            |     +    |      0|  0|  17|          10|           1|
    |i_17_fu_757_p2            |     +    |      0|  0|  17|          10|           1|
    |i_18_fu_790_p2            |     +    |      0|  0|  17|          10|           1|
    |i_19_fu_822_p2            |     +    |      0|  0|  17|          10|           1|
    |i_20_fu_974_p2            |     +    |      0|  0|  17|          10|           1|
    |m1_fu_692_p2              |     +    |      0|  0|  17|          10|          10|
    |p1_fu_674_p2              |     +    |      0|  0|  17|          10|          10|
    |phitmp_fu_517_p2          |     +    |      0|  0|  18|          11|          11|
    |tmp_185_i_fu_510_p2       |     +    |      0|  0|  23|          16|          16|
    |tmp_197_fu_596_p2         |     +    |      0|  0|  17|          10|          10|
    |tmp_204_i_cast_fu_841_p2  |     +    |      0|  0|  18|           1|          11|
    |tmp_206_fu_847_p2         |     +    |      0|  0|  12|           1|           3|
    |tmp_206_i_fu_853_p2       |     +    |      0|  0|  12|           2|           3|
    |tmp_47_i_fu_590_p2        |     +    |      0|  0|  18|          11|          11|
    |grp_fu_458_p2             |     -    |      0|  0|  18|           1|          11|
    |tmp_195_fu_769_p2         |     -    |      0|  0|  23|          16|          16|
    |tmp_211_i_fu_652_p2       |     -    |      0|  0|  40|           1|          33|
    |tmp_i3_42_fu_801_p2       |     -    |      0|  0|  23|          16|          16|
    |tmp_i4_fu_949_p2          |     -    |      0|  0|  71|           1|          64|
    |tmp_i_cast_fu_491_p2      |     -    |      0|  0|  18|           1|          11|
    |exitcond_fu_751_p2        |   icmp   |      0|  0|  13|          10|          10|
    |exitcond_i1_fu_559_p2     |   icmp   |      0|  0|  13|          10|          10|
    |exitcond_i2_fu_698_p2     |   icmp   |      0|  0|  13|          10|          10|
    |exitcond_i3_fu_784_p2     |   icmp   |      0|  0|  13|          10|          10|
    |exitcond_i4_fu_816_p2     |   icmp   |      0|  0|  13|          10|          10|
    |exitcond_i5_fu_968_p2     |   icmp   |      0|  0|  13|          10|          10|
    |exitcond_i7_fu_523_p2     |   icmp   |      0|  0|  13|          10|          10|
    |exitcond_i_fu_474_p2      |   icmp   |      0|  0|  13|          10|          10|
    |exitcond_i_i_fu_715_p2    |   icmp   |      0|  0|  13|          10|          10|
    |fail_fu_963_p2            |    or    |      0|  0|   2|           1|           1|
    |tmp_194_fu_544_p2         |    or    |      0|  0|  11|          11|          11|
    |tmp_199_fu_614_p2         |    or    |      0|  0|  10|          10|          10|
    |tmp_201_fu_736_p2         |    or    |      0|  0|  11|          11|          11|
    |tmp_207_fu_859_p2         |    or    |      0|  0|   3|           3|           3|
    |tmp_211_fu_897_p2         |    or    |      0|  0|  11|          11|          11|
    |tmp_41_i_fu_925_p2        |    or    |      0|  0|  16|          16|          16|
    |tmp_198_fu_608_p2         |    xor   |      0|  0|  10|          10|           8|
    |tmp_48_i_fu_602_p2        |    xor   |      0|  0|  11|          11|           8|
    |tmp_7_i_cast_fu_999_p2    |    xor   |      0|  0|   2|           2|           2|
    |tmp_i1_fu_584_p2          |    xor   |      0|  0|  10|          10|          10|
    +--------------------------+----------+-------+---+----+------------+------------+
    |Total                     |          |      0|  0| 712|         384|         426|
    +--------------------------+----------+-------+---+----+------------+------------+

    * Multiplexer: 
    +-----------------------------------------+-----+-----------+-----+-----------+
    |                   Name                  | LUT | Input Size| Bits| Total Bits|
    +-----------------------------------------+-----+-----------+-----+-----------+
    |ap_NS_fsm                                |  165|         37|    1|         37|
    |grp_poly_Rq_mul_fu_431_b_coeffs_q0       |   15|          3|   16|         48|
    |grp_poly_Rq_mul_fu_431_r_coeffs_q0       |   15|          3|   16|         48|
    |grp_poly_S3_frombytes_fu_415_msg_offset  |   15|          3|   10|         30|
    |grp_poly_S3_tobytes_fu_438_msg_offset    |   15|          3|    9|         27|
    |i_i1_reg_292                             |    9|          2|   10|         20|
    |i_i2_reg_315                             |    9|          2|   10|         20|
    |i_i3_reg_348                             |    9|          2|   10|         20|
    |i_i4_reg_359                             |    9|          2|   10|         20|
    |i_i5_reg_382                             |    9|          2|   10|         20|
    |i_i6_reg_269                             |    9|          2|   10|         20|
    |i_i_i_reg_326                            |    9|          2|   10|         20|
    |i_i_reg_258                              |    9|          2|   10|         20|
    |i_reg_337                                |    9|          2|   10|         20|
    |m1_i_reg_303                             |    9|          2|   10|         20|
    |p1_i_reg_280                             |    9|          2|   10|         20|
    |rm_ce0                                   |    9|          2|    1|          2|
    |rm_we0                                   |    9|          2|    1|          2|
    |secretkey_address0                       |   15|          3|   11|         33|
    |secretkey_ce0                            |   15|          3|    1|          3|
    |secretkey_ce1                            |    9|          2|    1|          2|
    |t_i_reg_370                              |    9|          2|   64|        128|
    |tmp_i_reg_247                            |    9|          2|   11|         22|
    |x1_coeffs_address0                       |   38|          7|   10|         70|
    |x1_coeffs_address1                       |   21|          4|   10|         40|
    |x1_coeffs_ce0                            |   21|          4|    1|          4|
    |x1_coeffs_ce1                            |   15|          3|    1|          3|
    |x1_coeffs_d0                             |   27|          5|   16|         80|
    |x1_coeffs_d1                             |   15|          3|   16|         48|
    |x1_coeffs_we0                            |   15|          3|    1|          3|
    |x1_coeffs_we1                            |   15|          3|    1|          3|
    |x2_coeffs_address0                       |   50|         11|   10|        110|
    |x2_coeffs_address1                       |   15|          3|   10|         30|
    |x2_coeffs_ce0                            |   33|          6|    1|          6|
    |x2_coeffs_ce1                            |   15|          3|    1|          3|
    |x2_coeffs_d0                             |   33|          6|   16|         96|
    |x2_coeffs_d1                             |   15|          3|   16|         48|
    |x2_coeffs_we0                            |   21|          4|    1|          4|
    |x2_coeffs_we1                            |   15|          3|    1|          3|
    |x3_coeffs_address0                       |   38|          7|   10|         70|
    |x3_coeffs_address1                       |   15|          3|   10|         30|
    |x3_coeffs_ce0                            |   38|          7|    1|          7|
    |x3_coeffs_ce1                            |   15|          3|    1|          3|
    |x3_coeffs_d0                             |   21|          4|   16|         64|
    |x3_coeffs_d1                             |   15|          3|   16|         48|
    |x3_coeffs_we0                            |   21|          4|    1|          4|
    |x3_coeffs_we1                            |   15|          3|    1|          3|
    |x4_coeffs_address0                       |   44|          9|   10|         90|
    |x4_coeffs_address1                       |   33|          6|   10|         60|
    |x4_coeffs_ce0                            |   27|          5|    1|          5|
    |x4_coeffs_ce1                            |   21|          4|    1|          4|
    |x4_coeffs_d0                             |   21|          4|   16|         64|
    |x4_coeffs_d1                             |   15|          3|   16|         48|
    |x4_coeffs_we0                            |   21|          4|    1|          4|
    |x4_coeffs_we1                            |   15|          3|    1|          3|
    +-----------------------------------------+-----+-----------+-----+-----------+
    |Total                                    | 1138|        230|  476|       1660|
    +-----------------------------------------+-----+-----------+-----+-----------+

    * Register: 
    +---------------------------------------------+----+----+-----+-----------+
    |                     Name                    | FF | LUT| Bits| Const Bits|
    +---------------------------------------------+----+----+-----+-----------+
    |ap_CS_fsm                                    |  36|   0|   36|          0|
    |b_coeffs_addr_4_reg_1114                     |  10|   0|   10|          0|
    |fail_reg_1162                                |   1|   0|    1|          0|
    |grp_poly_Rq_mul_fu_431_ap_start_reg          |   1|   0|    1|          0|
    |grp_poly_Rq_to_S3_fu_425_ap_start_reg        |   1|   0|    1|          0|
    |grp_poly_S3_frombytes_fu_415_ap_start_reg    |   1|   0|    1|          0|
    |grp_poly_S3_mul_fu_408_ap_start_reg          |   1|   0|    1|          0|
    |grp_poly_S3_tobytes_fu_438_ap_start_reg      |   1|   0|    1|          0|
    |grp_poly_Sq_frombytes_1_fu_393_ap_start_reg  |   1|   0|    1|          0|
    |grp_poly_Sq_frombytes_fu_400_ap_start_reg    |   1|   0|    1|          0|
    |i_12_reg_1019                                |  10|   0|   10|          0|
    |i_13_reg_1037                                |  10|   0|   10|          0|
    |i_14_reg_1050                                |  10|   0|   10|          0|
    |i_15_reg_1078                                |  10|   0|   10|          0|
    |i_16_reg_1096                                |  10|   0|   10|          0|
    |i_17_reg_1109                                |  10|   0|   10|          0|
    |i_18_reg_1133                                |  10|   0|   10|          0|
    |i_19_reg_1147                                |  10|   0|   10|          0|
    |i_20_reg_1169                                |  10|   0|   10|          0|
    |i_i1_reg_292                                 |  10|   0|   10|          0|
    |i_i2_reg_315                                 |  10|   0|   10|          0|
    |i_i3_reg_348                                 |  10|   0|   10|          0|
    |i_i4_reg_359                                 |  10|   0|   10|          0|
    |i_i5_reg_382                                 |  10|   0|   10|          0|
    |i_i6_reg_269                                 |  10|   0|   10|          0|
    |i_i_i_reg_326                                |  10|   0|   10|          0|
    |i_i_reg_258                                  |  10|   0|   10|          0|
    |i_reg_337                                    |  10|   0|   10|          0|
    |liftm_coeffs_addr_2_reg_1101                 |  10|   0|   10|          0|
    |liftm_coeffs_addr_reg_1042                   |  10|   0|   10|          0|
    |m1_i_reg_303                                 |  10|   0|   10|          0|
    |p1_i_reg_280                                 |  10|   0|   10|          0|
    |r_coeffs_addr_25_reg_1138                    |  10|   0|   10|          0|
    |r_coeffs_addr_27_reg_1174                    |  10|   0|   10|          0|
    |t_i_reg_370                                  |  64|   0|   64|          0|
    |tmp_209_reg_1060                             |   1|   0|    1|          0|
    |tmp_i2_reg_1083                              |  10|   0|   64|         54|
    |tmp_i_reg_247                                |  11|   0|   11|          0|
    +---------------------------------------------+----+----+-----+-----------+
    |Total                                        | 380|   0|  434|         54|
    +---------------------------------------------+----+----+-----+-----------+



================================================================
== Interface
================================================================
* Summary: 
+---------------------+-----+-----+------------+--------------+--------------+
|      RTL Ports      | Dir | Bits|  Protocol  | Source Object|    C Type    |
+---------------------+-----+-----+------------+--------------+--------------+
|ap_clk               |  in |    1| ap_ctrl_hs |   owcpa_dec  | return value |
|ap_rst               |  in |    1| ap_ctrl_hs |   owcpa_dec  | return value |
|ap_start             |  in |    1| ap_ctrl_hs |   owcpa_dec  | return value |
|ap_done              | out |    1| ap_ctrl_hs |   owcpa_dec  | return value |
|ap_idle              | out |    1| ap_ctrl_hs |   owcpa_dec  | return value |
|ap_ready             | out |    1| ap_ctrl_hs |   owcpa_dec  | return value |
|ap_return            | out |    1| ap_ctrl_hs |   owcpa_dec  | return value |
|rm_address0          | out |    9|  ap_memory |      rm      |     array    |
|rm_ce0               | out |    1|  ap_memory |      rm      |     array    |
|rm_we0               | out |    1|  ap_memory |      rm      |     array    |
|rm_d0                | out |    8|  ap_memory |      rm      |     array    |
|ciphertext_address0  | out |   10|  ap_memory |  ciphertext  |     array    |
|ciphertext_ce0       | out |    1|  ap_memory |  ciphertext  |     array    |
|ciphertext_q0        |  in |    8|  ap_memory |  ciphertext  |     array    |
|ciphertext_address1  | out |   10|  ap_memory |  ciphertext  |     array    |
|ciphertext_ce1       | out |    1|  ap_memory |  ciphertext  |     array    |
|ciphertext_q1        |  in |    8|  ap_memory |  ciphertext  |     array    |
|secretkey_address0   | out |   11|  ap_memory |   secretkey  |     array    |
|secretkey_ce0        | out |    1|  ap_memory |   secretkey  |     array    |
|secretkey_q0         |  in |    8|  ap_memory |   secretkey  |     array    |
|secretkey_address1   | out |   11|  ap_memory |   secretkey  |     array    |
|secretkey_ce1        | out |    1|  ap_memory |   secretkey  |     array    |
|secretkey_q1         |  in |    8|  ap_memory |   secretkey  |     array    |
+---------------------+-----+-----+------------+--------------+--------------+

