

================================================================
== Vivado HLS Report for 'poly_S3_tobytes'
================================================================
* Date:           Tue Aug 25 09:28:00 2020

* Version:        2018.3 (Build 2405991 on Thu Dec 06 23:56:15 MST 2018)
* Project:        ntru77
* Solution:       dec
* Product family: artix7
* Target device:  xc7a200tfbg676-2


================================================================
== Performance Estimates
================================================================
+ Timing (ns): 
    * Summary: 
    +--------+-------+----------+------------+
    |  Clock | Target| Estimated| Uncertainty|
    +--------+-------+----------+------------+
    |ap_clk  |  10.00|     6.271|        1.25|
    +--------+-------+----------+------------+

+ Latency (clock cycles): 
    * Summary: 
    +-----+-----+-----+-----+---------+
    |  Latency  |  Interval | Pipeline|
    | min | max | min | max |   Type  |
    +-----+-----+-----+-----+---------+
    |  677|  677|  677|  677|   none  |
    +-----+-----+-----+-----+---------+

    + Detail: 
        * Instance: 
        N/A

        * Loop: 
        +----------+-----+-----+----------+-----------+-----------+------+----------+
        |          |  Latency  | Iteration|  Initiation Interval  | Trip |          |
        | Loop Name| min | max |  Latency |  achieved |   target  | Count| Pipelined|
        +----------+-----+-----+----------+-----------+-----------+------+----------+
        |- Loop 1  |  675|  675|         5|          -|          -|   135|    no    |
        +----------+-----+-----+----------+-----------+-----------+------+----------+



================================================================
== Utilization Estimates
================================================================
* Summary: 
+-----------------+---------+-------+--------+--------+
|       Name      | BRAM_18K| DSP48E|   FF   |   LUT  |
+-----------------+---------+-------+--------+--------+
|DSP              |        -|      -|       -|       -|
|Expression       |        -|      -|       0|     215|
|FIFO             |        -|      -|       -|       -|
|Instance         |        -|      -|       -|       -|
|Memory           |        -|      -|       -|       -|
|Multiplexer      |        -|      -|       -|     122|
|Register         |        -|      -|      74|       -|
+-----------------+---------+-------+--------+--------+
|Total            |        0|      0|      74|     337|
+-----------------+---------+-------+--------+--------+
|Available        |      730|    740|  269200|  129000|
+-----------------+---------+-------+--------+--------+
|Utilization (%)  |        0|      0|   ~0   |   ~0   |
+-----------------+---------+-------+--------+--------+

+ Detail: 
    * Instance: 
    N/A

    * DSP48: 
    N/A

    * Memory: 
    N/A

    * FIFO: 
    N/A

    * Expression: 
    +--------------------+----------+-------+---+----+------------+------------+
    |    Variable Name   | Operation| DSP48E| FF| LUT| Bitwidth P0| Bitwidth P1|
    +--------------------+----------+-------+---+----+------------+------------+
    |c_1_fu_215_p2       |     +    |      0|  0|   9|           8|           8|
    |c_2_fu_254_p2       |     +    |      0|  0|   9|           8|           8|
    |c_3_fu_288_p2       |     +    |      0|  0|   9|           8|           8|
    |c_4_fu_308_p2       |     +    |      0|  0|   9|           8|           8|
    |i_4_fu_147_p2       |     +    |      0|  0|  15|           8|           1|
    |sum2_fu_323_p2      |     +    |      0|  0|  16|           8|           9|
    |sum_fu_235_p2       |     +    |      0|  0|  16|           9|           9|
    |tmp_117_fu_178_p2   |     +    |      0|  0|  17|           2|          10|
    |tmp_120_fu_221_p2   |     +    |      0|  0|  17|           2|          10|
    |tmp_124_fu_260_p2   |     +    |      0|  0|  17|           1|          10|
    |tmp_fu_161_p2       |     +    |      0|  0|  17|          10|          10|
    |tmp_s_fu_167_p2     |     +    |      0|  0|  17|           3|          10|
    |tmp_116_fu_205_p2   |     -    |      0|  0|   9|           8|           8|
    |tmp_119_fu_245_p2   |     -    |      0|  0|   9|           8|           8|
    |tmp_123_fu_279_p2   |     -    |      0|  0|   9|           8|           8|
    |tmp_126_fu_303_p2   |     -    |      0|  0|   9|           8|           8|
    |exitcond_fu_141_p2  |   icmp   |      0|  0|  11|           8|           8|
    +--------------------+----------+-------+---+----+------------+------------+
    |Total               |          |      0|  0| 215|         115|         141|
    +--------------------+----------+-------+---+----+------------+------------+

    * Multiplexer: 
    +-------------------+----+-----------+-----+-----------+
    |        Name       | LUT| Input Size| Bits| Total Bits|
    +-------------------+----+-----------+-----+-----------+
    |a_coeffs_address0  |  21|          4|   10|         40|
    |a_coeffs_address1  |  21|          4|   10|         40|
    |ap_NS_fsm          |  41|          8|    1|          8|
    |i_reg_125          |   9|          2|    8|         16|
    |msg_address0       |  15|          3|    9|         27|
    |msg_d0             |  15|          3|    8|         24|
    +-------------------+----+-----------+-----+-----------+
    |Total              | 122|         24|   46|        155|
    +-------------------+----+-----------+-----+-----------+

    * Register: 
    +-----------------+----+----+-----+-----------+
    |       Name      | FF | LUT| Bits| Const Bits|
    +-----------------+----+----+-----+-----------+
    |ap_CS_fsm        |   7|   0|    7|          0|
    |c_1_reg_369      |   8|   0|    8|          0|
    |c_2_reg_385      |   8|   0|    8|          0|
    |c_3_reg_401      |   8|   0|    8|          0|
    |i_4_reg_342      |   8|   0|    8|          0|
    |i_reg_125        |   8|   0|    8|          0|
    |sum_reg_380      |   9|   0|    9|          0|
    |tmp_138_reg_407  |   8|   0|    8|          0|
    |tmp_reg_347      |  10|   0|   10|          0|
    +-----------------+----+----+-----+-----------+
    |Total            |  74|   0|   74|          0|
    +-----------------+----+----+-----+-----------+



================================================================
== Interface
================================================================
* Summary: 
+-------------------+-----+-----+------------+-----------------+--------------+
|     RTL Ports     | Dir | Bits|  Protocol  |  Source Object  |    C Type    |
+-------------------+-----+-----+------------+-----------------+--------------+
|ap_clk             |  in |    1| ap_ctrl_hs | poly_S3_tobytes | return value |
|ap_rst             |  in |    1| ap_ctrl_hs | poly_S3_tobytes | return value |
|ap_start           |  in |    1| ap_ctrl_hs | poly_S3_tobytes | return value |
|ap_done            | out |    1| ap_ctrl_hs | poly_S3_tobytes | return value |
|ap_idle            | out |    1| ap_ctrl_hs | poly_S3_tobytes | return value |
|ap_ready           | out |    1| ap_ctrl_hs | poly_S3_tobytes | return value |
|msg_address0       | out |    9|  ap_memory |       msg       |     array    |
|msg_ce0            | out |    1|  ap_memory |       msg       |     array    |
|msg_we0            | out |    1|  ap_memory |       msg       |     array    |
|msg_d0             | out |    8|  ap_memory |       msg       |     array    |
|msg_offset         |  in |    9|   ap_none  |    msg_offset   |    scalar    |
|a_coeffs_address0  | out |   10|  ap_memory |     a_coeffs    |     array    |
|a_coeffs_ce0       | out |    1|  ap_memory |     a_coeffs    |     array    |
|a_coeffs_q0        |  in |   16|  ap_memory |     a_coeffs    |     array    |
|a_coeffs_address1  | out |   10|  ap_memory |     a_coeffs    |     array    |
|a_coeffs_ce1       | out |    1|  ap_memory |     a_coeffs    |     array    |
|a_coeffs_q1        |  in |   16|  ap_memory |     a_coeffs    |     array    |
+-------------------+-----+-----+------------+-----------------+--------------+

