

================================================================
== Vivado HLS Report for 'poly_S3_frombytes'
================================================================
* Date:           Tue Aug 25 09:27:58 2020

* Version:        2018.3 (Build 2405991 on Thu Dec 06 23:56:15 MST 2018)
* Project:        ntru77
* Solution:       dec
* Product family: artix7
* Target device:  xc7a200tfbg676-2


================================================================
== Performance Estimates
================================================================
+ Timing (ns): 
    * Summary: 
    +--------+-------+----------+------------+
    |  Clock | Target| Estimated| Uncertainty|
    +--------+-------+----------+------------+
    |ap_clk  |  10.00|     7.956|        1.25|
    +--------+-------+----------+------------+

+ Latency (clock cycles): 
    * Summary: 
    +-----+-----+-----+-----+---------+
    |  Latency  |  Interval | Pipeline|
    | min | max | min | max |   Type  |
    +-----+-----+-----+-----+---------+
    |  814|  814|  814|  814|   none  |
    +-----+-----+-----+-----+---------+

    + Detail: 
        * Instance: 
        +-----------------+-------+-----+-----+-----+-----+---------+
        |                 |       |  Latency  |  Interval | Pipeline|
        |     Instance    | Module| min | max | min | max |   Type  |
        +-----------------+-------+-----+-----+-----+-----+---------+
        |grp_mod3_fu_174  |mod3   |    0|    0|    0|    0|   none  |
        |grp_mod3_fu_179  |mod3   |    0|    0|    0|    0|   none  |
        +-----------------+-------+-----+-----+-----+-----+---------+

        * Loop: 
        +----------+-----+-----+----------+-----------+-----------+------+----------+
        |          |  Latency  | Iteration|  Initiation Interval  | Trip |          |
        | Loop Name| min | max |  Latency |  achieved |   target  | Count| Pipelined|
        +----------+-----+-----+----------+-----------+-----------+------+----------+
        |- Loop 1  |  810|  810|         6|          -|          -|   135|    no    |
        +----------+-----+-----+----------+-----------+-----------+------+----------+



================================================================
== Utilization Estimates
================================================================
* Summary: 
+-----------------+---------+-------+--------+--------+
|       Name      | BRAM_18K| DSP48E|   FF   |   LUT  |
+-----------------+---------+-------+--------+--------+
|DSP              |        -|      -|       -|       -|
|Expression       |        -|      0|       0|     307|
|FIFO             |        -|      -|       -|       -|
|Instance         |        -|      -|       0|     226|
|Memory           |        -|      -|       -|       -|
|Multiplexer      |        -|      -|       -|     188|
|Register         |        -|      -|     103|       -|
+-----------------+---------+-------+--------+--------+
|Total            |        0|      0|     103|     721|
+-----------------+---------+-------+--------+--------+
|Available        |      730|    740|  269200|  129000|
+-----------------+---------+-------+--------+--------+
|Utilization (%)  |        0|      0|   ~0   |   ~0   |
+-----------------+---------+-------+--------+--------+

+ Detail: 
    * Instance: 
    +-----------------+-------+---------+-------+---+-----+
    |     Instance    | Module| BRAM_18K| DSP48E| FF| LUT |
    +-----------------+-------+---------+-------+---+-----+
    |grp_mod3_fu_174  |mod3   |        0|      0|  0|  113|
    |grp_mod3_fu_179  |mod3   |        0|      0|  0|  113|
    +-----------------+-------+---------+-------+---+-----+
    |Total            |       |        0|      0|  0|  226|
    +-----------------+-------+---------+-------+---+-----+

    * DSP48: 
    N/A

    * Memory: 
    N/A

    * FIFO: 
    N/A

    * Expression: 
    +---------------------+----------+-------+---+----+------------+------------+
    |    Variable Name    | Operation| DSP48E| FF| LUT| Bitwidth P0| Bitwidth P1|
    +---------------------+----------+-------+---+----+------------+------------+
    |tmp_155_fu_262_p2    |     *    |      0|  0|  41|           8|           8|
    |tmp_159_fu_306_p2    |     *    |      0|  0|  41|           8|           6|
    |tmp_163_fu_322_p2    |     *    |      0|  0|  41|           8|           5|
    |tmp_167_fu_278_p2    |     *    |      0|  0|  41|           8|           8|
    |i_7_fu_214_p2        |     +    |      0|  0|  15|           8|           1|
    |sum2_fu_248_p2       |     +    |      0|  0|  16|           9|           8|
    |sum_fu_224_p2        |     +    |      0|  0|  16|           9|           9|
    |tmp_153_fu_242_p2    |     +    |      0|  0|  17|          10|          10|
    |tmp_157_fu_342_p2    |     +    |      0|  0|  17|          10|           1|
    |tmp_161_fu_360_p2    |     +    |      0|  0|  17|          10|           2|
    |tmp_165_fu_370_p2    |     +    |      0|  0|  17|          10|           2|
    |tmp_169_fu_384_p2    |     +    |      0|  0|  17|          10|           3|
    |exitcond1_fu_208_p2  |   icmp   |      0|  0|  11|           8|           8|
    +---------------------+----------+-------+---+----+------------+------------+
    |Total                |          |      0|  0| 307|         116|          71|
    +---------------------+----------+-------+---+----+------------+------------+

    * Multiplexer: 
    +-------------------+----+-----------+-----+-----------+
    |        Name       | LUT| Input Size| Bits| Total Bits|
    +-------------------+----+-----------+-----+-----------+
    |ap_NS_fsm          |  50|         11|    1|         11|
    |grp_mod3_fu_174_a  |  21|          4|    8|         32|
    |grp_mod3_fu_179_a  |  15|          3|    8|         24|
    |i_reg_163          |   9|          2|    8|         16|
    |msg_address0       |  15|          3|   11|         33|
    |r_coeffs_address0  |  27|          5|   10|         50|
    |r_coeffs_address1  |  21|          4|   10|         40|
    |r_coeffs_d0        |  15|          3|   16|         48|
    |r_coeffs_d1        |  15|          3|   16|         48|
    +-------------------+----+-----------+-----+-----------+
    |Total              | 188|         38|   88|        302|
    +-------------------+----+-----------+-----+-----------+

    * Register: 
    +-----------------+----+----+-----+-----------+
    |       Name      | FF | LUT| Bits| Const Bits|
    +-----------------+----+----+-----+-----------+
    |ap_CS_fsm        |  10|   0|   10|          0|
    |i_7_reg_403      |   8|   0|    8|          0|
    |i_reg_163        |   8|   0|    8|          0|
    |reg_184          |   8|   0|    8|          0|
    |reg_189          |  16|   0|   16|          0|
    |reg_195          |  16|   0|   16|          0|
    |tmp_118_reg_437  |   5|   0|    5|          0|
    |tmp_119_reg_442  |   4|   0|    4|          0|
    |tmp_120_reg_432  |   2|   0|    2|          0|
    |tmp_153_reg_413  |  10|   0|   10|          0|
    |tmp_172_reg_394  |   9|   0|    9|          0|
    |tmp_reg_427      |   7|   0|    7|          0|
    +-----------------+----+----+-----+-----------+
    |Total            | 103|   0|  103|          0|
    +-----------------+----+----+-----+-----------+



================================================================
== Interface
================================================================
* Summary: 
+-------------------+-----+-----+------------+-------------------+--------------+
|     RTL Ports     | Dir | Bits|  Protocol  |   Source Object   |    C Type    |
+-------------------+-----+-----+------------+-------------------+--------------+
|ap_clk             |  in |    1| ap_ctrl_hs | poly_S3_frombytes | return value |
|ap_rst             |  in |    1| ap_ctrl_hs | poly_S3_frombytes | return value |
|ap_start           |  in |    1| ap_ctrl_hs | poly_S3_frombytes | return value |
|ap_done            | out |    1| ap_ctrl_hs | poly_S3_frombytes | return value |
|ap_idle            | out |    1| ap_ctrl_hs | poly_S3_frombytes | return value |
|ap_ready           | out |    1| ap_ctrl_hs | poly_S3_frombytes | return value |
|r_coeffs_address0  | out |   10|  ap_memory |      r_coeffs     |     array    |
|r_coeffs_ce0       | out |    1|  ap_memory |      r_coeffs     |     array    |
|r_coeffs_we0       | out |    1|  ap_memory |      r_coeffs     |     array    |
|r_coeffs_d0        | out |   16|  ap_memory |      r_coeffs     |     array    |
|r_coeffs_address1  | out |   10|  ap_memory |      r_coeffs     |     array    |
|r_coeffs_ce1       | out |    1|  ap_memory |      r_coeffs     |     array    |
|r_coeffs_we1       | out |    1|  ap_memory |      r_coeffs     |     array    |
|r_coeffs_d1        | out |   16|  ap_memory |      r_coeffs     |     array    |
|msg_address0       | out |   11|  ap_memory |        msg        |     array    |
|msg_ce0            | out |    1|  ap_memory |        msg        |     array    |
|msg_q0             |  in |    8|  ap_memory |        msg        |     array    |
|msg_offset         |  in |   10|   ap_none  |     msg_offset    |    scalar    |
+-------------------+-----+-----+------------+-------------------+--------------+

