#-----------------------------------------------------------
# xsim v2018.3 (64-bit)
# SW Build 2405991 on Thu Dec  6 23:36:41 MST 2018
# IP Build 2404404 on Fri Dec  7 01:43:56 MST 2018
# Start of session at: Mon Aug 24 20:19:34 2020
# Process ID: 65160
# Current directory: /home/dss545/KEM/NTRU/Reference_Implementation/crypto_kem/ntru-hps2048509/ntru09/Keypair/sim/verilog
# Command line: xsim -mode tcl -source {xsim.dir/crypto_kem_keypair/xsim_script.tcl}
# Log file: /home/dss545/KEM/NTRU/Reference_Implementation/crypto_kem/ntru-hps2048509/ntru09/Keypair/sim/verilog/xsim.log
# Journal file: /home/dss545/KEM/NTRU/Reference_Implementation/crypto_kem/ntru-hps2048509/ntru09/Keypair/sim/verilog/xsim.jou
#-----------------------------------------------------------
source xsim.dir/crypto_kem_keypair/xsim_script.tcl
# xsim {crypto_kem_keypair} -autoloadwcfg -tclbatch {crypto_kem_keypair.tcl}
Vivado Simulator 2018.3
Time resolution is 1 ps
source crypto_kem_keypair.tcl
## run all
////////////////////////////////////////////////////////////////////////////////////
// Inter-Transaction Progress: Completed Transaction / Total Transaction
// Intra-Transaction Progress: Measured Latency / Latency Estimation * 100%
//
// RTL Simulation : "Inter-Transaction Progress" ["Intra-Transaction Progress"] @ "Simulation Time"
////////////////////////////////////////////////////////////////////////////////////
// RTL Simulation : 0 / 2 [n/a] @ "125000"
// RTL Simulation : 0 / 2 [n/a] @ "100000145000"
// RTL Simulation : 0 / 2 [n/a] @ "200000155000"
// RTL Simulation : 1 / 2 [n/a] @ "283025715000"
// RTL Simulation : 1 / 2 [n/a] @ "383025725000"
// RTL Simulation : 1 / 2 [n/a] @ "483025735000"
// RTL Simulation : 2 / 2 [n/a] @ "566051295000"
////////////////////////////////////////////////////////////////////////////////////
$finish called at time : 566051335 ns : File "/home/dss545/KEM/NTRU/Reference_Implementation/crypto_kem/ntru-hps2048509/ntru09/Keypair/sim/verilog/crypto_kem_keypair.autotb.v" Line 587
run: Time (s): cpu = 00:00:01 ; elapsed = 01:22:16 . Memory (MB): peak = 1375.594 ; gain = 0.000 ; free physical = 8265 ; free virtual = 606532
## quit
INFO: [Common 17-206] Exiting xsim at Mon Aug 24 21:42:02 2020...
