

================================================================
== Vivado HLS Report for 'poly_S3_frombytes'
================================================================
* Date:           Sun Aug 23 20:04:15 2020

* Version:        2018.3 (Build 2405991 on Thu Dec 06 23:56:15 MST 2018)
* Project:        ntru01
* Solution:       dec
* Product family: artix7
* Target device:  xc7a200tfbg676-2


================================================================
== Performance Estimates
================================================================
+ Timing (ns): 
    * Summary: 
    +--------+-------+----------+------------+
    |  Clock | Target| Estimated| Uncertainty|
    +--------+-------+----------+------------+
    |ap_clk  |  10.00|     7.854|        1.25|
    +--------+-------+----------+------------+

+ Latency (clock cycles): 
    * Summary: 
    +-----+-----+-----+-----+---------+
    |  Latency  |  Interval | Pipeline|
    | min | max | min | max |   Type  |
    +-----+-----+-----+-----+---------+
    |  841|  841|  841|  841|   none  |
    +-----+-----+-----+-----+---------+

    + Detail: 
        * Instance: 
        N/A

        * Loop: 
        +----------+-----+-----+----------+-----------+-----------+------+----------+
        |          |  Latency  | Iteration|  Initiation Interval  | Trip |          |
        | Loop Name| min | max |  Latency |  achieved |   target  | Count| Pipelined|
        +----------+-----+-----+----------+-----------+-----------+------+----------+
        |- Loop 1  |  840|  840|         6|          -|          -|   140|    no    |
        +----------+-----+-----+----------+-----------+-----------+------+----------+

============================================================
+ Verbose Summary: Synthesis Manager
============================================================
InlineROM: 1
ExposeGlobal: 1
============================================================
+ Verbose Summary: CDFG Model
============================================================
IsTopModel: 0
ResetActiveHigh: 1
IsCombinational: 0
IsDatapathOnly: 0
HasWiredReturn: 1
HasMFsm: 0
HasVarLatency: 1
IsPipeline: 0
IsRtlPipelined: 0
IsInstanceOverlapped: 0
IsDontTouch: 0
HasImplIP: 0
IsGatedGlobalClock: 0


============================================================
+ Verbose Summary: Schedule
============================================================
* Number of FSM states : 7
* Pipeline : 0
* Dataflow Pipeline: 0

* FSM state transitions: 
1 --> 
	2  / true
2 --> 
	3  / (!exitcond)
3 --> 
	4  / true
4 --> 
	5  / true
5 --> 
	6  / true
6 --> 
	7  / true
7 --> 
	2  / true

* FSM state operations: 

State 1 <SV = 0> <Delay = 1.35>
ST_1 : Operation 8 [1/1] (0.00ns)   --->   "%msg_offset_read = call i10 @_ssdm_op_Read.ap_auto.i10(i10 %msg_offset)" [pack3.c:29]   --->   Operation 8 'read' 'msg_offset_read' <Predicate = true> <Delay = 0.00>
ST_1 : Operation 9 [1/1] (0.00ns)   --->   "%tmp_222 = trunc i10 %msg_offset_read to i9" [pack3.c:39]   --->   Operation 9 'trunc' 'tmp_222' <Predicate = true> <Delay = 0.00>
ST_1 : Operation 10 [1/1] (1.35ns)   --->   "br label %1" [pack3.c:37]   --->   Operation 10 'br' <Predicate = true> <Delay = 1.35>

State 2 <SV = 1> <Delay = 4.50>
ST_2 : Operation 11 [1/1] (0.00ns)   --->   "%i = phi i8 [ 0, %0 ], [ %i_12, %2 ]"   --->   Operation 11 'phi' 'i' <Predicate = true> <Delay = 0.00>
ST_2 : Operation 12 [1/1] (0.00ns)   --->   "%i_cast3 = zext i8 %i to i10" [pack3.c:37]   --->   Operation 12 'zext' 'i_cast3' <Predicate = true> <Delay = 0.00>
ST_2 : Operation 13 [1/1] (1.24ns)   --->   "%exitcond = icmp eq i8 %i, -116" [pack3.c:37]   --->   Operation 13 'icmp' 'exitcond' <Predicate = true> <Delay = 1.24> <Core = "Cmp">   --->   Core 25 'Cmp' <Latency = 0> <II = 1> <Delay = 1.24> <FuncUnit> <Opcode : 'icmp'> <InPorts = 2> <OutPorts = 1>
ST_2 : Operation 14 [1/1] (0.00ns)   --->   "%empty = call i32 (...)* @_ssdm_op_SpecLoopTripCount(i64 140, i64 140, i64 140)"   --->   Operation 14 'speclooptripcount' 'empty' <Predicate = true> <Delay = 0.00>
ST_2 : Operation 15 [1/1] (1.71ns)   --->   "%i_12 = add i8 %i, 1" [pack3.c:37]   --->   Operation 15 'add' 'i_12' <Predicate = true> <Delay = 1.71> <Core = "AddSub">   --->   Core 14 'AddSub' <Latency = 0> <II = 1> <Delay = 1.74> <FuncUnit> <Opcode : 'add' 'sub'> <InPorts = 2> <OutPorts = 1>
ST_2 : Operation 16 [1/1] (0.00ns)   --->   "br i1 %exitcond, label %3, label %2" [pack3.c:37]   --->   Operation 16 'br' <Predicate = true> <Delay = 0.00>
ST_2 : Operation 17 [1/1] (0.00ns)   --->   "%tmp_cast = zext i8 %i to i9" [pack3.c:39]   --->   Operation 17 'zext' 'tmp_cast' <Predicate = (!exitcond)> <Delay = 0.00>
ST_2 : Operation 18 [1/1] (1.73ns)   --->   "%sum = add i9 %tmp_cast, %tmp_222" [pack3.c:39]   --->   Operation 18 'add' 'sum' <Predicate = (!exitcond)> <Delay = 1.73> <Core = "AddSub">   --->   Core 14 'AddSub' <Latency = 0> <II = 1> <Delay = 1.74> <FuncUnit> <Opcode : 'add' 'sub'> <InPorts = 2> <OutPorts = 1>
ST_2 : Operation 19 [1/1] (0.00ns)   --->   "%sum_cast = zext i9 %sum to i64" [pack3.c:39]   --->   Operation 19 'zext' 'sum_cast' <Predicate = (!exitcond)> <Delay = 0.00>
ST_2 : Operation 20 [1/1] (0.00ns)   --->   "%msg_addr = getelementptr [1450 x i8]* %msg, i64 0, i64 %sum_cast" [pack3.c:39]   --->   Operation 20 'getelementptr' 'msg_addr' <Predicate = (!exitcond)> <Delay = 0.00>
ST_2 : Operation 21 [2/2] (2.77ns)   --->   "%c = load i8* %msg_addr, align 1" [pack3.c:39]   --->   Operation 21 'load' 'c' <Predicate = (!exitcond)> <Delay = 2.77> <Core = "RAM">   --->   Core 37 'RAM' <Latency = 1> <II = 1> <Delay = 2.77> <Storage> <Opcode : 'load' 'store'> <Ports = 2> <Width = 16> <Depth = 701> <RAM>
ST_2 : Operation 22 [1/1] (0.00ns)   --->   "%p_shl = call i10 @_ssdm_op_BitConcatenate.i10.i8.i2(i8 %i, i2 0)" [pack3.c:40]   --->   Operation 22 'bitconcatenate' 'p_shl' <Predicate = (!exitcond)> <Delay = 0.00>
ST_2 : Operation 23 [1/1] (1.74ns)   --->   "%tmp_201 = add i10 %p_shl, %i_cast3" [pack3.c:40]   --->   Operation 23 'add' 'tmp_201' <Predicate = (!exitcond)> <Delay = 1.74> <Core = "AddSub">   --->   Core 14 'AddSub' <Latency = 0> <II = 1> <Delay = 1.74> <FuncUnit> <Opcode : 'add' 'sub'> <InPorts = 2> <OutPorts = 1>
ST_2 : Operation 24 [1/1] (0.00ns)   --->   "%r_coeffs_addr = getelementptr [701 x i16]* %r_coeffs, i64 0, i64 700" [pack3.c:55]   --->   Operation 24 'getelementptr' 'r_coeffs_addr' <Predicate = (exitcond)> <Delay = 0.00>
ST_2 : Operation 25 [1/1] (2.77ns)   --->   "store i16 0, i16* %r_coeffs_addr, align 2" [pack3.c:55]   --->   Operation 25 'store' <Predicate = (exitcond)> <Delay = 2.77> <Core = "RAM">   --->   Core 37 'RAM' <Latency = 1> <II = 1> <Delay = 2.77> <Storage> <Opcode : 'load' 'store'> <Ports = 2> <Width = 16> <Depth = 701> <RAM>
ST_2 : Operation 26 [1/1] (0.00ns)   --->   "ret void" [pack3.c:56]   --->   Operation 26 'ret' <Predicate = (exitcond)> <Delay = 0.00>

State 3 <SV = 2> <Delay = 6.31>
ST_3 : Operation 27 [1/2] (2.77ns)   --->   "%c = load i8* %msg_addr, align 1" [pack3.c:39]   --->   Operation 27 'load' 'c' <Predicate = true> <Delay = 2.77> <Core = "RAM">   --->   Core 37 'RAM' <Latency = 1> <II = 1> <Delay = 2.77> <Storage> <Opcode : 'load' 'store'> <Ports = 2> <Width = 16> <Depth = 701> <RAM>
ST_3 : Operation 28 [1/1] (0.00ns)   --->   "%tmp_s = zext i8 %c to i16" [pack3.c:40]   --->   Operation 28 'zext' 'tmp_s' <Predicate = true> <Delay = 0.00>
ST_3 : Operation 29 [1/1] (3.54ns)   --->   "%tmp_203 = mul i16 %tmp_s, 171" [pack3.c:41]   --->   Operation 29 'mul' 'tmp_203' <Predicate = true> <Delay = 3.54> <Core = "Mul">   --->   Core 16 'Mul' <Latency = 0> <II = 1> <Delay = 3.54> <FuncUnit> <Opcode : 'mul'> <InPorts = 2> <OutPorts = 1>
ST_3 : Operation 30 [1/1] (0.00ns)   --->   "%tmp = call i7 @_ssdm_op_PartSelect.i7.i16.i32.i32(i16 %tmp_203, i32 9, i32 15)" [pack3.c:41]   --->   Operation 30 'partselect' 'tmp' <Predicate = true> <Delay = 0.00>
ST_3 : Operation 31 [1/1] (3.54ns)   --->   "%tmp_217 = mul i16 %tmp_s, 203" [pack3.c:44]   --->   Operation 31 'mul' 'tmp_217' <Predicate = true> <Delay = 3.54> <Core = "Mul">   --->   Core 16 'Mul' <Latency = 0> <II = 1> <Delay = 3.54> <FuncUnit> <Opcode : 'mul'> <InPorts = 2> <OutPorts = 1>
ST_3 : Operation 32 [1/1] (0.00ns)   --->   "%tmp_218 = call i2 @_ssdm_op_PartSelect.i2.i16.i32.i32(i16 %tmp_217, i32 14, i32 15)" [pack3.c:44]   --->   Operation 32 'partselect' 'tmp_218' <Predicate = true> <Delay = 0.00>

State 4 <SV = 3> <Delay = 7.85>
ST_4 : Operation 33 [1/1] (0.00ns)   --->   "%tmp_cast1 = zext i8 %c to i13" [pack3.c:43]   --->   Operation 33 'zext' 'tmp_cast1' <Predicate = true> <Delay = 0.00>
ST_4 : Operation 34 [1/1] (0.00ns)   --->   "%tmp_cast_34 = zext i8 %c to i14" [pack3.c:42]   --->   Operation 34 'zext' 'tmp_cast_34' <Predicate = true> <Delay = 0.00>
ST_4 : Operation 35 [1/1] (7.85ns)   --->   "%tmp_200 = call fastcc zeroext i16 @mod3(i8 zeroext %c)" [pack3.c:40]   --->   Operation 35 'call' 'tmp_200' <Predicate = true> <Delay = 7.85> <CoreType = "Generic">   --->   Core 0 '' <Latency = 0> <II = 1> <Delay = 1.00> <Generic> <Opcode : >
ST_4 : Operation 36 [1/1] (0.00ns)   --->   "%tmp_204_cast = zext i7 %tmp to i8" [pack3.c:41]   --->   Operation 36 'zext' 'tmp_204_cast' <Predicate = true> <Delay = 0.00>
ST_4 : Operation 37 [1/1] (7.85ns)   --->   "%tmp_204 = call fastcc zeroext i16 @mod3(i8 zeroext %tmp_204_cast)" [pack3.c:41]   --->   Operation 37 'call' 'tmp_204' <Predicate = true> <Delay = 7.85> <CoreType = "Generic">   --->   Core 0 '' <Latency = 0> <II = 1> <Delay = 1.00> <Generic> <Opcode : >
ST_4 : Operation 38 [1/1] (3.63ns)   --->   "%tmp_207 = mul i14 %tmp_cast_34, 57" [pack3.c:42]   --->   Operation 38 'mul' 'tmp_207' <Predicate = true> <Delay = 3.63> <Core = "Mul">   --->   Core 16 'Mul' <Latency = 0> <II = 1> <Delay = 3.54> <FuncUnit> <Opcode : 'mul'> <InPorts = 2> <OutPorts = 1>
ST_4 : Operation 39 [1/1] (0.00ns)   --->   "%tmp_209 = call i5 @_ssdm_op_PartSelect.i5.i14.i32.i32(i14 %tmp_207, i32 9, i32 13)" [pack3.c:42]   --->   Operation 39 'partselect' 'tmp_209' <Predicate = true> <Delay = 0.00>
ST_4 : Operation 40 [1/1] (3.63ns)   --->   "%tmp_212 = mul i13 %tmp_cast1, 19" [pack3.c:43]   --->   Operation 40 'mul' 'tmp_212' <Predicate = true> <Delay = 3.63> <Core = "Mul">   --->   Core 16 'Mul' <Latency = 0> <II = 1> <Delay = 3.54> <FuncUnit> <Opcode : 'mul'> <InPorts = 2> <OutPorts = 1>
ST_4 : Operation 41 [1/1] (0.00ns)   --->   "%tmp_213 = call i4 @_ssdm_op_PartSelect.i4.i13.i32.i32(i13 %tmp_212, i32 9, i32 12)" [pack3.c:43]   --->   Operation 41 'partselect' 'tmp_213' <Predicate = true> <Delay = 0.00>

State 5 <SV = 4> <Delay = 7.85>
ST_5 : Operation 42 [1/1] (0.00ns)   --->   "%tmp_202 = zext i10 %tmp_201 to i64" [pack3.c:40]   --->   Operation 42 'zext' 'tmp_202' <Predicate = true> <Delay = 0.00>
ST_5 : Operation 43 [1/1] (0.00ns)   --->   "%r_coeffs_addr_15 = getelementptr [701 x i16]* %r_coeffs, i64 0, i64 %tmp_202" [pack3.c:40]   --->   Operation 43 'getelementptr' 'r_coeffs_addr_15' <Predicate = true> <Delay = 0.00>
ST_5 : Operation 44 [1/1] (2.77ns)   --->   "store i16 %tmp_200, i16* %r_coeffs_addr_15, align 2" [pack3.c:40]   --->   Operation 44 'store' <Predicate = true> <Delay = 2.77> <Core = "RAM">   --->   Core 37 'RAM' <Latency = 1> <II = 1> <Delay = 2.77> <Storage> <Opcode : 'load' 'store'> <Ports = 2> <Width = 16> <Depth = 701> <RAM>
ST_5 : Operation 45 [1/1] (1.74ns)   --->   "%tmp_205 = add i10 %tmp_201, 1" [pack3.c:41]   --->   Operation 45 'add' 'tmp_205' <Predicate = true> <Delay = 1.74> <Core = "AddSub">   --->   Core 14 'AddSub' <Latency = 0> <II = 1> <Delay = 1.74> <FuncUnit> <Opcode : 'add' 'sub'> <InPorts = 2> <OutPorts = 1>
ST_5 : Operation 46 [1/1] (0.00ns)   --->   "%tmp_206 = zext i10 %tmp_205 to i64" [pack3.c:41]   --->   Operation 46 'zext' 'tmp_206' <Predicate = true> <Delay = 0.00>
ST_5 : Operation 47 [1/1] (0.00ns)   --->   "%r_coeffs_addr_16 = getelementptr [701 x i16]* %r_coeffs, i64 0, i64 %tmp_206" [pack3.c:41]   --->   Operation 47 'getelementptr' 'r_coeffs_addr_16' <Predicate = true> <Delay = 0.00>
ST_5 : Operation 48 [1/1] (2.77ns)   --->   "store i16 %tmp_204, i16* %r_coeffs_addr_16, align 2" [pack3.c:41]   --->   Operation 48 'store' <Predicate = true> <Delay = 2.77> <Core = "RAM">   --->   Core 37 'RAM' <Latency = 1> <II = 1> <Delay = 2.77> <Storage> <Opcode : 'load' 'store'> <Ports = 2> <Width = 16> <Depth = 701> <RAM>
ST_5 : Operation 49 [1/1] (0.00ns)   --->   "%tmp_209_cast_cast = zext i5 %tmp_209 to i8" [pack3.c:42]   --->   Operation 49 'zext' 'tmp_209_cast_cast' <Predicate = true> <Delay = 0.00>
ST_5 : Operation 50 [1/1] (7.85ns)   --->   "%tmp_208 = call fastcc zeroext i16 @mod3(i8 zeroext %tmp_209_cast_cast)" [pack3.c:42]   --->   Operation 50 'call' 'tmp_208' <Predicate = true> <Delay = 7.85> <CoreType = "Generic">   --->   Core 0 '' <Latency = 0> <II = 1> <Delay = 1.00> <Generic> <Opcode : >
ST_5 : Operation 51 [1/1] (0.00ns)   --->   "%tmp_214_cast_cast = zext i4 %tmp_213 to i8" [pack3.c:43]   --->   Operation 51 'zext' 'tmp_214_cast_cast' <Predicate = true> <Delay = 0.00>
ST_5 : Operation 52 [1/1] (7.85ns)   --->   "%tmp_214 = call fastcc zeroext i16 @mod3(i8 zeroext %tmp_214_cast_cast)" [pack3.c:43]   --->   Operation 52 'call' 'tmp_214' <Predicate = true> <Delay = 7.85> <CoreType = "Generic">   --->   Core 0 '' <Latency = 0> <II = 1> <Delay = 1.00> <Generic> <Opcode : >

State 6 <SV = 5> <Delay = 7.85>
ST_6 : Operation 53 [1/1] (1.74ns)   --->   "%tmp_210 = add i10 %tmp_201, 2" [pack3.c:42]   --->   Operation 53 'add' 'tmp_210' <Predicate = true> <Delay = 1.74> <Core = "AddSub">   --->   Core 14 'AddSub' <Latency = 0> <II = 1> <Delay = 1.74> <FuncUnit> <Opcode : 'add' 'sub'> <InPorts = 2> <OutPorts = 1>
ST_6 : Operation 54 [1/1] (0.00ns)   --->   "%tmp_211 = zext i10 %tmp_210 to i64" [pack3.c:42]   --->   Operation 54 'zext' 'tmp_211' <Predicate = true> <Delay = 0.00>
ST_6 : Operation 55 [1/1] (0.00ns)   --->   "%r_coeffs_addr_17 = getelementptr [701 x i16]* %r_coeffs, i64 0, i64 %tmp_211" [pack3.c:42]   --->   Operation 55 'getelementptr' 'r_coeffs_addr_17' <Predicate = true> <Delay = 0.00>
ST_6 : Operation 56 [1/1] (2.77ns)   --->   "store i16 %tmp_208, i16* %r_coeffs_addr_17, align 2" [pack3.c:42]   --->   Operation 56 'store' <Predicate = true> <Delay = 2.77> <Core = "RAM">   --->   Core 37 'RAM' <Latency = 1> <II = 1> <Delay = 2.77> <Storage> <Opcode : 'load' 'store'> <Ports = 2> <Width = 16> <Depth = 701> <RAM>
ST_6 : Operation 57 [1/1] (1.74ns)   --->   "%tmp_215 = add i10 %tmp_201, 3" [pack3.c:43]   --->   Operation 57 'add' 'tmp_215' <Predicate = true> <Delay = 1.74> <Core = "AddSub">   --->   Core 14 'AddSub' <Latency = 0> <II = 1> <Delay = 1.74> <FuncUnit> <Opcode : 'add' 'sub'> <InPorts = 2> <OutPorts = 1>
ST_6 : Operation 58 [1/1] (0.00ns)   --->   "%tmp_216 = zext i10 %tmp_215 to i64" [pack3.c:43]   --->   Operation 58 'zext' 'tmp_216' <Predicate = true> <Delay = 0.00>
ST_6 : Operation 59 [1/1] (0.00ns)   --->   "%r_coeffs_addr_18 = getelementptr [701 x i16]* %r_coeffs, i64 0, i64 %tmp_216" [pack3.c:43]   --->   Operation 59 'getelementptr' 'r_coeffs_addr_18' <Predicate = true> <Delay = 0.00>
ST_6 : Operation 60 [1/1] (2.77ns)   --->   "store i16 %tmp_214, i16* %r_coeffs_addr_18, align 2" [pack3.c:43]   --->   Operation 60 'store' <Predicate = true> <Delay = 2.77> <Core = "RAM">   --->   Core 37 'RAM' <Latency = 1> <II = 1> <Delay = 2.77> <Storage> <Opcode : 'load' 'store'> <Ports = 2> <Width = 16> <Depth = 701> <RAM>
ST_6 : Operation 61 [1/1] (0.00ns)   --->   "%tmp_219_cast = zext i2 %tmp_218 to i8" [pack3.c:44]   --->   Operation 61 'zext' 'tmp_219_cast' <Predicate = true> <Delay = 0.00>
ST_6 : Operation 62 [1/1] (7.85ns)   --->   "%tmp_219 = call fastcc zeroext i16 @mod3(i8 zeroext %tmp_219_cast)" [pack3.c:44]   --->   Operation 62 'call' 'tmp_219' <Predicate = true> <Delay = 7.85> <CoreType = "Generic">   --->   Core 0 '' <Latency = 0> <II = 1> <Delay = 1.00> <Generic> <Opcode : >

State 7 <SV = 6> <Delay = 4.52>
ST_7 : Operation 63 [1/1] (1.74ns)   --->   "%tmp_220 = add i10 %tmp_201, 4" [pack3.c:44]   --->   Operation 63 'add' 'tmp_220' <Predicate = true> <Delay = 1.74> <Core = "AddSub">   --->   Core 14 'AddSub' <Latency = 0> <II = 1> <Delay = 1.74> <FuncUnit> <Opcode : 'add' 'sub'> <InPorts = 2> <OutPorts = 1>
ST_7 : Operation 64 [1/1] (0.00ns)   --->   "%tmp_221 = zext i10 %tmp_220 to i64" [pack3.c:44]   --->   Operation 64 'zext' 'tmp_221' <Predicate = true> <Delay = 0.00>
ST_7 : Operation 65 [1/1] (0.00ns)   --->   "%r_coeffs_addr_19 = getelementptr [701 x i16]* %r_coeffs, i64 0, i64 %tmp_221" [pack3.c:44]   --->   Operation 65 'getelementptr' 'r_coeffs_addr_19' <Predicate = true> <Delay = 0.00>
ST_7 : Operation 66 [1/1] (2.77ns)   --->   "store i16 %tmp_219, i16* %r_coeffs_addr_19, align 2" [pack3.c:44]   --->   Operation 66 'store' <Predicate = true> <Delay = 2.77> <Core = "RAM">   --->   Core 37 'RAM' <Latency = 1> <II = 1> <Delay = 2.77> <Storage> <Opcode : 'load' 'store'> <Ports = 2> <Width = 16> <Depth = 701> <RAM>
ST_7 : Operation 67 [1/1] (0.00ns)   --->   "br label %1" [pack3.c:37]   --->   Operation 67 'br' <Predicate = true> <Delay = 0.00>


============================================================
+ Verbose Summary: Timing violations
============================================================
Target clock period: 10ns, clock uncertainty: 1.25ns.

 <State 1>: 1.35ns
The critical path consists of the following:
	multiplexor before 'phi' operation ('i') with incoming values : ('i', pack3.c:37) [8]  (1.35 ns)

 <State 2>: 4.51ns
The critical path consists of the following:
	'phi' operation ('i') with incoming values : ('i', pack3.c:37) [8]  (0 ns)
	'add' operation ('sum', pack3.c:39) [16]  (1.73 ns)
	'getelementptr' operation ('msg_addr', pack3.c:39) [18]  (0 ns)
	'load' operation ('c', pack3.c:39) on array 'msg' [19]  (2.77 ns)

 <State 3>: 6.31ns
The critical path consists of the following:
	'load' operation ('c', pack3.c:39) on array 'msg' [19]  (2.77 ns)
	'mul' operation ('tmp_203', pack3.c:41) [29]  (3.54 ns)

 <State 4>: 7.85ns
The critical path consists of the following:
	'call' operation ('tmp_200', pack3.c:40) to 'mod3' [23]  (7.85 ns)

 <State 5>: 7.85ns
The critical path consists of the following:
	'call' operation ('tmp_208', pack3.c:42) to 'mod3' [40]  (7.85 ns)

 <State 6>: 7.85ns
The critical path consists of the following:
	'call' operation ('tmp_219', pack3.c:44) to 'mod3' [56]  (7.85 ns)

 <State 7>: 4.52ns
The critical path consists of the following:
	'add' operation ('tmp_220', pack3.c:44) [57]  (1.75 ns)
	'getelementptr' operation ('r_coeffs_addr_19', pack3.c:44) [59]  (0 ns)
	'store' operation (pack3.c:44) of variable 'tmp_219', pack3.c:44 on array 'r_coeffs' [60]  (2.77 ns)


============================================================
+ Verbose Summary: Binding
============================================================
N/A
* FSMD analyzer results:
  - Output states:
 - Input state : 
  - Chain level:
	State 1
	State 2
	State 3
	State 4
	State 5
	State 6
	State 7


============================================================
+ Verbose Summary: Datapath Resource usage 
============================================================
N/A
