

================================================================
== Vivado HLS Report for 'mod3'
================================================================
* Date:           Sun Aug 23 22:38:11 2020

* Version:        2018.3 (Build 2405991 on Thu Dec 06 23:56:15 MST 2018)
* Project:        ntru01
* Solution:       keypair
* Product family: artix7
* Target device:  xc7a200tfbg676-2


================================================================
== Performance Estimates
================================================================
+ Timing (ns): 
    * Summary: 
    +--------+-------+----------+------------+
    |  Clock | Target| Estimated| Uncertainty|
    +--------+-------+----------+------------+
    |ap_clk  |  10.00|     8.251|        1.25|
    +--------+-------+----------+------------+

+ Latency (clock cycles): 
    * Summary: 
    +-----+-----+-----+-----+---------+
    |  Latency  |  Interval | Pipeline|
    | min | max | min | max |   Type  |
    +-----+-----+-----+-----+---------+
    |    0|    0|    0|    0|   none  |
    +-----+-----+-----+-----+---------+

    + Detail: 
        * Instance: 
        N/A

        * Loop: 
        N/A

============================================================
+ Verbose Summary: Synthesis Manager
============================================================
InlineROM: 1
ExposeGlobal: 1
============================================================
+ Verbose Summary: CDFG Model
============================================================
IsTopModel: 0
ResetActiveHigh: 1
IsCombinational: 0
IsDatapathOnly: 0
HasWiredReturn: 1
HasMFsm: 0
HasVarLatency: 0
IsPipeline: 0
IsRtlPipelined: 0
IsInstanceOverlapped: 0
IsDontTouch: 0
HasImplIP: 0
IsGatedGlobalClock: 0


============================================================
+ Verbose Summary: Schedule
============================================================
* Number of FSM states : 1
* Pipeline : 0
* Dataflow Pipeline: 0

* FSM state transitions: 
1 --> 

* FSM state operations: 

State 1 <SV = 0> <Delay = 8.25>
ST_1 : Operation 2 [1/1] (0.00ns)   --->   "%a_read = call i16 @_ssdm_op_Read.ap_auto.i16(i16 %a) nounwind" [poly.c:5]   --->   Operation 2 'read' 'a_read' <Predicate = true> <Delay = 0.00>
ST_1 : Operation 3 [1/1] (0.00ns)   --->   "%tmp = call i8 @_ssdm_op_PartSelect.i8.i16.i32.i32(i16 %a_read, i32 8, i32 15)" [poly.c:10]   --->   Operation 3 'partselect' 'tmp' <Predicate = true> <Delay = 0.00>
ST_1 : Operation 4 [1/1] (0.00ns)   --->   "%tmp_cast = zext i8 %tmp to i9" [poly.c:10]   --->   Operation 4 'zext' 'tmp_cast' <Predicate = true> <Delay = 0.00>
ST_1 : Operation 5 [1/1] (0.00ns)   --->   "%tmp_344 = trunc i16 %a_read to i8" [poly.c:10]   --->   Operation 5 'trunc' 'tmp_344' <Predicate = true> <Delay = 0.00>
ST_1 : Operation 6 [1/1] (0.00ns)   --->   "%tmp_cast_79 = zext i8 %tmp_344 to i9" [poly.c:10]   --->   Operation 6 'zext' 'tmp_cast_79' <Predicate = true> <Delay = 0.00>
ST_1 : Operation 7 [1/1] (1.71ns)   --->   "%tmp_207 = add i8 %tmp, %tmp_344" [poly.c:10]   --->   Operation 7 'add' 'tmp_207' <Predicate = true> <Delay = 1.71> <Core = "AddSub">   --->   Core 14 'AddSub' <Latency = 0> <II = 1> <Delay = 1.34> <FuncUnit> <Opcode : 'add' 'sub'> <InPorts = 2> <OutPorts = 1>
ST_1 : Operation 8 [1/1] (1.71ns)   --->   "%r = add i9 %tmp_cast_79, %tmp_cast" [poly.c:10]   --->   Operation 8 'add' 'r' <Predicate = true> <Delay = 1.71> <Core = "AddSub">   --->   Core 14 'AddSub' <Latency = 0> <II = 1> <Delay = 1.34> <FuncUnit> <Opcode : 'add' 'sub'> <InPorts = 2> <OutPorts = 1>
ST_1 : Operation 9 [1/1] (0.00ns)   --->   "%tmp_208 = call i5 @_ssdm_op_PartSelect.i5.i9.i32.i32(i9 %r, i32 4, i32 8)" [poly.c:11]   --->   Operation 9 'partselect' 'tmp_208' <Predicate = true> <Delay = 0.00>
ST_1 : Operation 10 [1/1] (0.00ns)   --->   "%tmp_297_cast = zext i5 %tmp_208 to i6" [poly.c:11]   --->   Operation 10 'zext' 'tmp_297_cast' <Predicate = true> <Delay = 0.00>
ST_1 : Operation 11 [1/1] (0.00ns)   --->   "%tmp_345 = trunc i16 %a_read to i4" [poly.c:5]   --->   Operation 11 'trunc' 'tmp_345' <Predicate = true> <Delay = 0.00>
ST_1 : Operation 12 [1/1] (0.00ns)   --->   "%tmp_47 = call i4 @_ssdm_op_PartSelect.i4.i16.i32.i32(i16 %a_read, i32 8, i32 11)" [poly.c:5]   --->   Operation 12 'partselect' 'tmp_47' <Predicate = true> <Delay = 0.00>
ST_1 : Operation 13 [1/1] (0.00ns)   --->   "%tmp_48 = call i2 @_ssdm_op_PartSelect.i2.i16.i32.i32(i16 %a_read, i32 8, i32 9)" [poly.c:5]   --->   Operation 13 'partselect' 'tmp_48' <Predicate = true> <Delay = 0.00>
ST_1 : Operation 14 [1/1] (0.00ns)   --->   "%tmp_346 = trunc i16 %a_read to i2" [poly.c:5]   --->   Operation 14 'trunc' 'tmp_346' <Predicate = true> <Delay = 0.00>
ST_1 : Operation 15 [1/1] (1.49ns)   --->   "%fold_cast = add i4 %tmp_47, %tmp_345" [poly.c:11]   --->   Operation 15 'add' 'fold_cast' <Predicate = true> <Delay = 1.49> <Core = "AddSub">   --->   Core 14 'AddSub' <Latency = 0> <II = 1> <Delay = 1.34> <FuncUnit> <Opcode : 'add' 'sub'> <InPorts = 2> <OutPorts = 1>
ST_1 : Operation 16 [1/1] (0.00ns)   --->   "%tmp_298_cast = zext i4 %fold_cast to i6" [poly.c:11]   --->   Operation 16 'zext' 'tmp_298_cast' <Predicate = true> <Delay = 0.00>
ST_1 : Operation 17 [1/1] (1.54ns)   --->   "%r_1 = add i6 %tmp_298_cast, %tmp_297_cast" [poly.c:11]   --->   Operation 17 'add' 'r_1' <Predicate = true> <Delay = 1.54> <Core = "AddSub">   --->   Core 14 'AddSub' <Latency = 0> <II = 1> <Delay = 1.34> <FuncUnit> <Opcode : 'add' 'sub'> <InPorts = 2> <OutPorts = 1>
ST_1 : Operation 18 [1/1] (0.00ns)   --->   "%tmp_299_cast = call i4 @_ssdm_op_PartSelect.i4.i6.i32.i32(i6 %r_1, i32 2, i32 5)" [poly.c:12]   --->   Operation 18 'partselect' 'tmp_299_cast' <Predicate = true> <Delay = 0.00>
ST_1 : Operation 19 [1/1] (0.00ns) (grouped into TernaryAdder)   --->   "%tmp_50 = add i2 %tmp_48, %tmp_346" [poly.c:5]   --->   Operation 19 'add' 'tmp_50' <Predicate = true> <Delay = 0.00> <Core = "TAddSub">   --->   Core 84 'TAddSub' <Latency = 0> <II = 1> <Delay = 0.83> <IPBlock> <Opcode : 'add' 'sub'> <InPorts = 3> <OutPorts = 1> <Sync> <CReg>
ST_1 : Operation 20 [1/1] (0.00ns)   --->   "%tmp_51 = call i2 @_ssdm_op_PartSelect.i2.i8.i32.i32(i8 %tmp_207, i32 4, i32 5)" [poly.c:10]   --->   Operation 20 'partselect' 'tmp_51' <Predicate = true> <Delay = 0.00>
ST_1 : Operation 21 [1/1] (1.67ns) (root node of TernaryAdder)   --->   "%fold1_cast = add i2 %tmp_51, %tmp_50" [poly.c:12]   --->   Operation 21 'add' 'fold1_cast' <Predicate = true> <Delay = 1.67> <Core = "TAddSub">   --->   Core 84 'TAddSub' <Latency = 0> <II = 1> <Delay = 0.83> <IPBlock> <Opcode : 'add' 'sub'> <InPorts = 3> <OutPorts = 1> <Sync> <CReg>
ST_1 : Operation 22 [1/1] (0.00ns)   --->   "%tmp_300_cast = zext i2 %fold1_cast to i4" [poly.c:12]   --->   Operation 22 'zext' 'tmp_300_cast' <Predicate = true> <Delay = 0.00>
ST_1 : Operation 23 [1/1] (1.49ns)   --->   "%r_2 = add i4 %tmp_300_cast, %tmp_299_cast" [poly.c:12]   --->   Operation 23 'add' 'r_2' <Predicate = true> <Delay = 1.49> <Core = "AddSub">   --->   Core 14 'AddSub' <Latency = 0> <II = 1> <Delay = 1.34> <FuncUnit> <Opcode : 'add' 'sub'> <InPorts = 2> <OutPorts = 1>
ST_1 : Operation 24 [1/1] (0.00ns)   --->   "%tmp_209 = call i2 @_ssdm_op_PartSelect.i2.i4.i32.i32(i4 %r_2, i32 2, i32 3)" [poly.c:13]   --->   Operation 24 'partselect' 'tmp_209' <Predicate = true> <Delay = 0.00>
ST_1 : Operation 25 [1/1] (0.00ns)   --->   "%tmp_301_cast = zext i2 %tmp_209 to i3" [poly.c:13]   --->   Operation 25 'zext' 'tmp_301_cast' <Predicate = true> <Delay = 0.00>
ST_1 : Operation 26 [1/1] (0.00ns)   --->   "%tmp_52 = call i2 @_ssdm_op_PartSelect.i2.i6.i32.i32(i6 %r_1, i32 2, i32 3)" [poly.c:13]   --->   Operation 26 'partselect' 'tmp_52' <Predicate = true> <Delay = 0.00>
ST_1 : Operation 27 [1/1] (1.20ns)   --->   "%fold2_cast = add i2 %fold1_cast, %tmp_52" [poly.c:13]   --->   Operation 27 'add' 'fold2_cast' <Predicate = true> <Delay = 1.20> <Core = "AddSub">   --->   Core 14 'AddSub' <Latency = 0> <II = 1> <Delay = 1.34> <FuncUnit> <Opcode : 'add' 'sub'> <InPorts = 2> <OutPorts = 1>
ST_1 : Operation 28 [1/1] (0.00ns)   --->   "%tmp_302_cast = zext i2 %fold2_cast to i3" [poly.c:13]   --->   Operation 28 'zext' 'tmp_302_cast' <Predicate = true> <Delay = 0.00>
ST_1 : Operation 29 [1/1] (1.20ns)   --->   "%r_3 = add i3 %tmp_302_cast, %tmp_301_cast" [poly.c:13]   --->   Operation 29 'add' 'r_3' <Predicate = true> <Delay = 1.20> <Core = "AddSub">   --->   Core 14 'AddSub' <Latency = 0> <II = 1> <Delay = 1.34> <FuncUnit> <Opcode : 'add' 'sub'> <InPorts = 2> <OutPorts = 1>
ST_1 : Operation 30 [1/1] (1.34ns)   --->   "%t = add i3 -3, %r_3" [poly.c:15]   --->   Operation 30 'add' 't' <Predicate = true> <Delay = 1.34> <Core = "AddSub">   --->   Core 14 'AddSub' <Latency = 0> <II = 1> <Delay = 1.34> <FuncUnit> <Opcode : 'add' 'sub'> <InPorts = 2> <OutPorts = 1>
ST_1 : Operation 31 [1/1] (0.00ns)   --->   "%tmp_347 = call i1 @_ssdm_op_BitSelect.i1.i3.i32(i3 %t, i32 2)" [poly.c:16]   --->   Operation 31 'bitselect' 'tmp_347' <Predicate = true> <Delay = 0.00>
ST_1 : Operation 32 [1/1] (0.00ns) (grouped into LUT with out node tmp_244)   --->   "%c_cast = select i1 %tmp_347, i3 -1, i3 0" [poly.c:16]   --->   Operation 32 'select' 'c_cast' <Predicate = true> <Delay = 0.00> <Core = "Sel">   --->   Core 26 'Sel' <Latency = 0> <II = 1> <Delay = 0.81> <FuncUnit> <Opcode : 'select'> <InPorts = 3> <OutPorts = 1>
ST_1 : Operation 33 [1/1] (0.00ns) (grouped into LUT with out node tmp_244)   --->   "%tmp_s = and i3 %r_3, %c_cast" [poly.c:18]   --->   Operation 33 'and' 'tmp_s' <Predicate = true> <Delay = 0.00> <Core = "LogicGate">   --->   Core 27 'LogicGate' <Latency = 0> <II = 1> <Delay = 0.80> <FuncUnit> <Opcode : 'and' 'or' 'xor'> <InPorts = 2> <OutPorts = 1>
ST_1 : Operation 34 [1/1] (0.00ns) (grouped into LUT with out node tmp_244)   --->   "%tmp_303_cast = zext i3 %tmp_s to i16" [poly.c:18]   --->   Operation 34 'zext' 'tmp_303_cast' <Predicate = true> <Delay = 0.00>
ST_1 : Operation 35 [1/1] (0.00ns) (grouped into LUT with out node tmp_244)   --->   "%not_tmp_s = xor i1 %tmp_347, true" [poly.c:16]   --->   Operation 35 'xor' 'not_tmp_s' <Predicate = true> <Delay = 0.00> <Core = "LogicGate">   --->   Core 27 'LogicGate' <Latency = 0> <II = 1> <Delay = 0.80> <FuncUnit> <Opcode : 'and' 'or' 'xor'> <InPorts = 2> <OutPorts = 1>
ST_1 : Operation 36 [1/1] (0.00ns) (grouped into LUT with out node tmp_244)   --->   "%tmp_304_cast_cast = select i1 %not_tmp_s, i3 -1, i3 0" [poly.c:18]   --->   Operation 36 'select' 'tmp_304_cast_cast' <Predicate = true> <Delay = 0.00> <Core = "Sel">   --->   Core 26 'Sel' <Latency = 0> <II = 1> <Delay = 0.81> <FuncUnit> <Opcode : 'select'> <InPorts = 3> <OutPorts = 1>
ST_1 : Operation 37 [1/1] (0.00ns) (grouped into LUT with out node tmp_244)   --->   "%tmp_243 = and i3 %t, %tmp_304_cast_cast" [poly.c:18]   --->   Operation 37 'and' 'tmp_243' <Predicate = true> <Delay = 0.00> <Core = "LogicGate">   --->   Core 27 'LogicGate' <Latency = 0> <II = 1> <Delay = 0.80> <FuncUnit> <Opcode : 'and' 'or' 'xor'> <InPorts = 2> <OutPorts = 1>
ST_1 : Operation 38 [1/1] (0.00ns) (grouped into LUT with out node tmp_244)   --->   "%tmp_305_cast = sext i3 %tmp_243 to i16" [poly.c:18]   --->   Operation 38 'sext' 'tmp_305_cast' <Predicate = true> <Delay = 0.00>
ST_1 : Operation 39 [1/1] (0.81ns) (out node of the LUT)   --->   "%tmp_244 = xor i16 %tmp_303_cast, %tmp_305_cast" [poly.c:18]   --->   Operation 39 'xor' 'tmp_244' <Predicate = true> <Delay = 0.81> <Core = "LogicGate">   --->   Core 27 'LogicGate' <Latency = 0> <II = 1> <Delay = 0.80> <FuncUnit> <Opcode : 'and' 'or' 'xor'> <InPorts = 2> <OutPorts = 1>
ST_1 : Operation 40 [1/1] (0.00ns)   --->   "ret i16 %tmp_244" [poly.c:18]   --->   Operation 40 'ret' <Predicate = true> <Delay = 0.00>


============================================================
+ Verbose Summary: Timing violations
============================================================
Target clock period: 10ns, clock uncertainty: 1.25ns.

 <State 1>: 8.25ns
The critical path consists of the following:
	wire read on port 'a' (poly.c:5) [2]  (0 ns)
	'add' operation ('tmp_207', poly.c:10) [7]  (1.72 ns)
	'add' operation ('fold1_cast', poly.c:12) [21]  (1.68 ns)
	'add' operation ('r', poly.c:12) [23]  (1.49 ns)
	'add' operation ('r', poly.c:13) [29]  (1.2 ns)
	'add' operation ('t', poly.c:15) [30]  (1.35 ns)
	'select' operation ('c_cast', poly.c:16) [32]  (0 ns)
	'and' operation ('tmp_s', poly.c:18) [33]  (0 ns)
	'xor' operation ('tmp_244', poly.c:18) [39]  (0.813 ns)


============================================================
+ Verbose Summary: Binding
============================================================
N/A
* FSMD analyzer results:
  - Output states:
 - Input state : 
  - Chain level:
	State 1


============================================================
+ Verbose Summary: Datapath Resource usage 
============================================================
N/A
