

================================================================
== Vivado HLS Report for 'poly_S3_tobytes'
================================================================
* Date:           Sun Aug 23 22:38:13 2020

* Version:        2018.3 (Build 2405991 on Thu Dec 06 23:56:15 MST 2018)
* Project:        ntru01
* Solution:       keypair
* Product family: artix7
* Target device:  xc7a200tfbg676-2


================================================================
== Performance Estimates
================================================================
+ Timing (ns): 
    * Summary: 
    +--------+-------+----------+------------+
    |  Clock | Target| Estimated| Uncertainty|
    +--------+-------+----------+------------+
    |ap_clk  |  10.00|     6.271|        1.25|
    +--------+-------+----------+------------+

+ Latency (clock cycles): 
    * Summary: 
    +-----+-----+-----+-----+---------+
    |  Latency  |  Interval | Pipeline|
    | min | max | min | max |   Type  |
    +-----+-----+-----+-----+---------+
    |  701|  701|  701|  701|   none  |
    +-----+-----+-----+-----+---------+

    + Detail: 
        * Instance: 
        N/A

        * Loop: 
        +----------+-----+-----+----------+-----------+-----------+------+----------+
        |          |  Latency  | Iteration|  Initiation Interval  | Trip |          |
        | Loop Name| min | max |  Latency |  achieved |   target  | Count| Pipelined|
        +----------+-----+-----+----------+-----------+-----------+------+----------+
        |- Loop 1  |  700|  700|         5|          -|          -|   140|    no    |
        +----------+-----+-----+----------+-----------+-----------+------+----------+

============================================================
+ Verbose Summary: Synthesis Manager
============================================================
InlineROM: 1
ExposeGlobal: 1
============================================================
+ Verbose Summary: CDFG Model
============================================================
IsTopModel: 0
ResetActiveHigh: 1
IsCombinational: 0
IsDatapathOnly: 0
HasWiredReturn: 1
HasMFsm: 0
HasVarLatency: 1
IsPipeline: 0
IsRtlPipelined: 0
IsInstanceOverlapped: 0
IsDontTouch: 0
HasImplIP: 0
IsGatedGlobalClock: 0


============================================================
+ Verbose Summary: Schedule
============================================================
* Number of FSM states : 6
* Pipeline : 0
* Dataflow Pipeline: 0

* FSM state transitions: 
1 --> 
	2  / true
2 --> 
	3  / (!exitcond)
3 --> 
	4  / true
4 --> 
	5  / true
5 --> 
	6  / true
6 --> 
	2  / true

* FSM state operations: 

State 1 <SV = 0> <Delay = 1.35>
ST_1 : Operation 7 [1/1] (0.00ns)   --->   "call void (...)* @_ssdm_op_SpecBRAMWithByteEnable([701 x i16]* %a_coeffs)"   --->   Operation 7 'specbramwithbyteenable' <Predicate = true> <Delay = 0.00>
ST_1 : Operation 8 [1/1] (0.00ns)   --->   "%msg_offset_read = call i10 @_ssdm_op_Read.ap_auto.i10(i10 %msg_offset)" [pack3.c:3]   --->   Operation 8 'read' 'msg_offset_read' <Predicate = true> <Delay = 0.00>
ST_1 : Operation 9 [1/1] (0.00ns)   --->   "%tmp_166 = trunc i10 %msg_offset_read to i9" [pack3.c:18]   --->   Operation 9 'trunc' 'tmp_166' <Predicate = true> <Delay = 0.00>
ST_1 : Operation 10 [1/1] (1.35ns)   --->   "br label %1" [pack3.c:11]   --->   Operation 10 'br' <Predicate = true> <Delay = 1.35>

State 2 <SV = 1> <Delay = 6.27>
ST_2 : Operation 11 [1/1] (0.00ns)   --->   "%i = phi i8 [ 0, %0 ], [ %i_10, %2 ]"   --->   Operation 11 'phi' 'i' <Predicate = true> <Delay = 0.00>
ST_2 : Operation 12 [1/1] (0.00ns)   --->   "%i_cast1 = zext i8 %i to i10" [pack3.c:11]   --->   Operation 12 'zext' 'i_cast1' <Predicate = true> <Delay = 0.00>
ST_2 : Operation 13 [1/1] (1.24ns)   --->   "%exitcond = icmp eq i8 %i, -116" [pack3.c:11]   --->   Operation 13 'icmp' 'exitcond' <Predicate = true> <Delay = 1.24> <Core = "Cmp">   --->   Core 25 'Cmp' <Latency = 0> <II = 1> <Delay = 1.24> <FuncUnit> <Opcode : 'icmp'> <InPorts = 2> <OutPorts = 1>
ST_2 : Operation 14 [1/1] (0.00ns)   --->   "%empty = call i32 (...)* @_ssdm_op_SpecLoopTripCount(i64 140, i64 140, i64 140)"   --->   Operation 14 'speclooptripcount' 'empty' <Predicate = true> <Delay = 0.00>
ST_2 : Operation 15 [1/1] (1.71ns)   --->   "%i_10 = add i8 %i, 1" [pack3.c:11]   --->   Operation 15 'add' 'i_10' <Predicate = true> <Delay = 1.71> <Core = "AddSub">   --->   Core 14 'AddSub' <Latency = 0> <II = 1> <Delay = 1.73> <FuncUnit> <Opcode : 'add' 'sub'> <InPorts = 2> <OutPorts = 1>
ST_2 : Operation 16 [1/1] (0.00ns)   --->   "br i1 %exitcond, label %3, label %2" [pack3.c:11]   --->   Operation 16 'br' <Predicate = true> <Delay = 0.00>
ST_2 : Operation 17 [1/1] (0.00ns)   --->   "%p_shl5 = call i10 @_ssdm_op_BitConcatenate.i10.i8.i2(i8 %i, i2 0)" [pack3.c:13]   --->   Operation 17 'bitconcatenate' 'p_shl5' <Predicate = (!exitcond)> <Delay = 0.00>
ST_2 : Operation 18 [1/1] (1.74ns)   --->   "%tmp = add i10 %p_shl5, %i_cast1" [pack3.c:13]   --->   Operation 18 'add' 'tmp' <Predicate = (!exitcond)> <Delay = 1.74> <Core = "AddSub">   --->   Core 14 'AddSub' <Latency = 0> <II = 1> <Delay = 1.73> <FuncUnit> <Opcode : 'add' 'sub'> <InPorts = 2> <OutPorts = 1>
ST_2 : Operation 19 [1/1] (1.74ns)   --->   "%tmp_s = add i10 4, %tmp" [pack3.c:13]   --->   Operation 19 'add' 'tmp_s' <Predicate = (!exitcond)> <Delay = 1.74> <Core = "AddSub">   --->   Core 14 'AddSub' <Latency = 0> <II = 1> <Delay = 1.73> <FuncUnit> <Opcode : 'add' 'sub'> <InPorts = 2> <OutPorts = 1>
ST_2 : Operation 20 [1/1] (0.00ns)   --->   "%tmp_158 = zext i10 %tmp_s to i64" [pack3.c:13]   --->   Operation 20 'zext' 'tmp_158' <Predicate = (!exitcond)> <Delay = 0.00>
ST_2 : Operation 21 [1/1] (0.00ns)   --->   "%a_coeffs_addr = getelementptr [701 x i16]* %a_coeffs, i64 0, i64 %tmp_158" [pack3.c:13]   --->   Operation 21 'getelementptr' 'a_coeffs_addr' <Predicate = (!exitcond)> <Delay = 0.00>
ST_2 : Operation 22 [2/2] (2.77ns)   --->   "%a_coeffs_load = load i16* %a_coeffs_addr, align 2" [pack3.c:13]   --->   Operation 22 'load' 'a_coeffs_load' <Predicate = (!exitcond)> <Delay = 2.77> <Core = "RAM">   --->   Core 37 'RAM' <Latency = 1> <II = 1> <Delay = 2.77> <Storage> <Opcode : 'load' 'store'> <Ports = 2> <Width = 8> <Depth = 1450> <RAM>
ST_2 : Operation 23 [1/1] (1.74ns)   --->   "%tmp_160 = add i10 3, %tmp" [pack3.c:14]   --->   Operation 23 'add' 'tmp_160' <Predicate = (!exitcond)> <Delay = 1.74> <Core = "AddSub">   --->   Core 14 'AddSub' <Latency = 0> <II = 1> <Delay = 1.73> <FuncUnit> <Opcode : 'add' 'sub'> <InPorts = 2> <OutPorts = 1>
ST_2 : Operation 24 [1/1] (0.00ns)   --->   "%tmp_161 = zext i10 %tmp_160 to i64" [pack3.c:14]   --->   Operation 24 'zext' 'tmp_161' <Predicate = (!exitcond)> <Delay = 0.00>
ST_2 : Operation 25 [1/1] (0.00ns)   --->   "%a_coeffs_addr_3 = getelementptr [701 x i16]* %a_coeffs, i64 0, i64 %tmp_161" [pack3.c:14]   --->   Operation 25 'getelementptr' 'a_coeffs_addr_3' <Predicate = (!exitcond)> <Delay = 0.00>
ST_2 : Operation 26 [2/2] (2.77ns)   --->   "%a_coeffs_load_3 = load i16* %a_coeffs_addr_3, align 2" [pack3.c:14]   --->   Operation 26 'load' 'a_coeffs_load_3' <Predicate = (!exitcond)> <Delay = 2.77> <Core = "RAM">   --->   Core 37 'RAM' <Latency = 1> <II = 1> <Delay = 2.77> <Storage> <Opcode : 'load' 'store'> <Ports = 2> <Width = 8> <Depth = 1450> <RAM>
ST_2 : Operation 27 [1/1] (0.00ns)   --->   "%tmp_175_cast = zext i8 %i to i9" [pack3.c:18]   --->   Operation 27 'zext' 'tmp_175_cast' <Predicate = (!exitcond)> <Delay = 0.00>
ST_2 : Operation 28 [1/1] (1.73ns)   --->   "%sum = add i9 %tmp_175_cast, %tmp_166" [pack3.c:18]   --->   Operation 28 'add' 'sum' <Predicate = (!exitcond)> <Delay = 1.73> <Core = "AddSub">   --->   Core 14 'AddSub' <Latency = 0> <II = 1> <Delay = 1.73> <FuncUnit> <Opcode : 'add' 'sub'> <InPorts = 2> <OutPorts = 1>
ST_2 : Operation 29 [1/1] (0.00ns)   --->   "ret void" [pack3.c:27]   --->   Operation 29 'ret' <Predicate = (exitcond)> <Delay = 0.00>

State 3 <SV = 2> <Delay = 5.79>
ST_3 : Operation 30 [1/2] (2.77ns)   --->   "%a_coeffs_load = load i16* %a_coeffs_addr, align 2" [pack3.c:13]   --->   Operation 30 'load' 'a_coeffs_load' <Predicate = true> <Delay = 2.77> <Core = "RAM">   --->   Core 37 'RAM' <Latency = 1> <II = 1> <Delay = 2.77> <Storage> <Opcode : 'load' 'store'> <Ports = 2> <Width = 8> <Depth = 1450> <RAM>
ST_3 : Operation 31 [1/1] (0.00ns)   --->   "%c = trunc i16 %a_coeffs_load to i8" [pack3.c:13]   --->   Operation 31 'trunc' 'c' <Predicate = true> <Delay = 0.00>
ST_3 : Operation 32 [1/1] (0.00ns)   --->   "%tmp_173 = trunc i16 %a_coeffs_load to i6" [pack3.c:13]   --->   Operation 32 'trunc' 'tmp_173' <Predicate = true> <Delay = 0.00>
ST_3 : Operation 33 [1/1] (0.00ns)   --->   "%p_shl4 = call i8 @_ssdm_op_BitConcatenate.i8.i6.i2(i6 %tmp_173, i2 0)" [pack3.c:14]   --->   Operation 33 'bitconcatenate' 'p_shl4' <Predicate = true> <Delay = 0.00>
ST_3 : Operation 34 [1/1] (0.00ns) (grouped into TernaryAdder)   --->   "%tmp_159 = sub i8 %p_shl4, %c" [pack3.c:14]   --->   Operation 34 'sub' 'tmp_159' <Predicate = true> <Delay = 0.00> <Core = "TAddSub">   --->   Core 84 'TAddSub' <Latency = 0> <II = 1> <Delay = 1.51> <IPBlock> <Opcode : 'add' 'sub'> <InPorts = 3> <OutPorts = 1> <Sync> <CReg>
ST_3 : Operation 35 [1/2] (2.77ns)   --->   "%a_coeffs_load_3 = load i16* %a_coeffs_addr_3, align 2" [pack3.c:14]   --->   Operation 35 'load' 'a_coeffs_load_3' <Predicate = true> <Delay = 2.77> <Core = "RAM">   --->   Core 37 'RAM' <Latency = 1> <II = 1> <Delay = 2.77> <Storage> <Opcode : 'load' 'store'> <Ports = 2> <Width = 8> <Depth = 1450> <RAM>
ST_3 : Operation 36 [1/1] (0.00ns)   --->   "%tmp_174 = trunc i16 %a_coeffs_load_3 to i8" [pack3.c:14]   --->   Operation 36 'trunc' 'tmp_174' <Predicate = true> <Delay = 0.00>
ST_3 : Operation 37 [1/1] (3.02ns) (root node of TernaryAdder)   --->   "%c_1 = add i8 %tmp_159, %tmp_174" [pack3.c:14]   --->   Operation 37 'add' 'c_1' <Predicate = true> <Delay = 3.02> <Core = "TAddSub">   --->   Core 84 'TAddSub' <Latency = 0> <II = 1> <Delay = 1.51> <IPBlock> <Opcode : 'add' 'sub'> <InPorts = 3> <OutPorts = 1> <Sync> <CReg>
ST_3 : Operation 38 [1/1] (1.74ns)   --->   "%tmp_164 = add i10 2, %tmp" [pack3.c:15]   --->   Operation 38 'add' 'tmp_164' <Predicate = true> <Delay = 1.74> <Core = "AddSub">   --->   Core 14 'AddSub' <Latency = 0> <II = 1> <Delay = 1.73> <FuncUnit> <Opcode : 'add' 'sub'> <InPorts = 2> <OutPorts = 1>
ST_3 : Operation 39 [1/1] (0.00ns)   --->   "%tmp_165 = zext i10 %tmp_164 to i64" [pack3.c:15]   --->   Operation 39 'zext' 'tmp_165' <Predicate = true> <Delay = 0.00>
ST_3 : Operation 40 [1/1] (0.00ns)   --->   "%a_coeffs_addr_4 = getelementptr [701 x i16]* %a_coeffs, i64 0, i64 %tmp_165" [pack3.c:15]   --->   Operation 40 'getelementptr' 'a_coeffs_addr_4' <Predicate = true> <Delay = 0.00>
ST_3 : Operation 41 [2/2] (2.77ns)   --->   "%a_coeffs_load_4 = load i16* %a_coeffs_addr_4, align 2" [pack3.c:15]   --->   Operation 41 'load' 'a_coeffs_load_4' <Predicate = true> <Delay = 2.77> <Core = "RAM">   --->   Core 37 'RAM' <Latency = 1> <II = 1> <Delay = 2.77> <Storage> <Opcode : 'load' 'store'> <Ports = 2> <Width = 8> <Depth = 1450> <RAM>

State 4 <SV = 3> <Delay = 5.79>
ST_4 : Operation 42 [1/1] (0.00ns)   --->   "%tmp_175 = shl i8 %c_1, 2" [pack3.c:15]   --->   Operation 42 'shl' 'tmp_175' <Predicate = true> <Delay = 0.00>
ST_4 : Operation 43 [1/1] (0.00ns) (grouped into TernaryAdder)   --->   "%tmp_163 = sub i8 %tmp_175, %c_1" [pack3.c:15]   --->   Operation 43 'sub' 'tmp_163' <Predicate = true> <Delay = 0.00> <Core = "TAddSub">   --->   Core 84 'TAddSub' <Latency = 0> <II = 1> <Delay = 1.51> <IPBlock> <Opcode : 'add' 'sub'> <InPorts = 3> <OutPorts = 1> <Sync> <CReg>
ST_4 : Operation 44 [1/2] (2.77ns)   --->   "%a_coeffs_load_4 = load i16* %a_coeffs_addr_4, align 2" [pack3.c:15]   --->   Operation 44 'load' 'a_coeffs_load_4' <Predicate = true> <Delay = 2.77> <Core = "RAM">   --->   Core 37 'RAM' <Latency = 1> <II = 1> <Delay = 2.77> <Storage> <Opcode : 'load' 'store'> <Ports = 2> <Width = 8> <Depth = 1450> <RAM>
ST_4 : Operation 45 [1/1] (0.00ns)   --->   "%tmp_176 = trunc i16 %a_coeffs_load_4 to i8" [pack3.c:15]   --->   Operation 45 'trunc' 'tmp_176' <Predicate = true> <Delay = 0.00>
ST_4 : Operation 46 [1/1] (3.02ns) (root node of TernaryAdder)   --->   "%c_2 = add i8 %tmp_176, %tmp_163" [pack3.c:15]   --->   Operation 46 'add' 'c_2' <Predicate = true> <Delay = 3.02> <Core = "TAddSub">   --->   Core 84 'TAddSub' <Latency = 0> <II = 1> <Delay = 1.51> <IPBlock> <Opcode : 'add' 'sub'> <InPorts = 3> <OutPorts = 1> <Sync> <CReg>
ST_4 : Operation 47 [1/1] (1.74ns)   --->   "%tmp_168 = add i10 1, %tmp" [pack3.c:16]   --->   Operation 47 'add' 'tmp_168' <Predicate = true> <Delay = 1.74> <Core = "AddSub">   --->   Core 14 'AddSub' <Latency = 0> <II = 1> <Delay = 1.73> <FuncUnit> <Opcode : 'add' 'sub'> <InPorts = 2> <OutPorts = 1>
ST_4 : Operation 48 [1/1] (0.00ns)   --->   "%tmp_169 = zext i10 %tmp_168 to i64" [pack3.c:16]   --->   Operation 48 'zext' 'tmp_169' <Predicate = true> <Delay = 0.00>
ST_4 : Operation 49 [1/1] (0.00ns)   --->   "%a_coeffs_addr_5 = getelementptr [701 x i16]* %a_coeffs, i64 0, i64 %tmp_169" [pack3.c:16]   --->   Operation 49 'getelementptr' 'a_coeffs_addr_5' <Predicate = true> <Delay = 0.00>
ST_4 : Operation 50 [2/2] (2.77ns)   --->   "%a_coeffs_load_5 = load i16* %a_coeffs_addr_5, align 2" [pack3.c:16]   --->   Operation 50 'load' 'a_coeffs_load_5' <Predicate = true> <Delay = 2.77> <Core = "RAM">   --->   Core 37 'RAM' <Latency = 1> <II = 1> <Delay = 2.77> <Storage> <Opcode : 'load' 'store'> <Ports = 2> <Width = 8> <Depth = 1450> <RAM>
ST_4 : Operation 51 [1/1] (0.00ns)   --->   "%tmp_171 = zext i10 %tmp to i64" [pack3.c:17]   --->   Operation 51 'zext' 'tmp_171' <Predicate = true> <Delay = 0.00>
ST_4 : Operation 52 [1/1] (0.00ns)   --->   "%a_coeffs_addr_6 = getelementptr [701 x i16]* %a_coeffs, i64 0, i64 %tmp_171" [pack3.c:17]   --->   Operation 52 'getelementptr' 'a_coeffs_addr_6' <Predicate = true> <Delay = 0.00>
ST_4 : Operation 53 [2/2] (2.77ns)   --->   "%a_coeffs_load_6 = load i16* %a_coeffs_addr_6, align 2" [pack3.c:17]   --->   Operation 53 'load' 'a_coeffs_load_6' <Predicate = true> <Delay = 2.77> <Core = "RAM">   --->   Core 37 'RAM' <Latency = 1> <II = 1> <Delay = 2.77> <Storage> <Opcode : 'load' 'store'> <Ports = 2> <Width = 8> <Depth = 1450> <RAM>

State 5 <SV = 4> <Delay = 5.79>
ST_5 : Operation 54 [1/1] (0.00ns)   --->   "%tmp_177 = shl i8 %c_2, 2" [pack3.c:16]   --->   Operation 54 'shl' 'tmp_177' <Predicate = true> <Delay = 0.00>
ST_5 : Operation 55 [1/1] (0.00ns) (grouped into TernaryAdder)   --->   "%tmp_167 = sub i8 %tmp_177, %c_2" [pack3.c:16]   --->   Operation 55 'sub' 'tmp_167' <Predicate = true> <Delay = 0.00> <Core = "TAddSub">   --->   Core 84 'TAddSub' <Latency = 0> <II = 1> <Delay = 1.51> <IPBlock> <Opcode : 'add' 'sub'> <InPorts = 3> <OutPorts = 1> <Sync> <CReg>
ST_5 : Operation 56 [1/2] (2.77ns)   --->   "%a_coeffs_load_5 = load i16* %a_coeffs_addr_5, align 2" [pack3.c:16]   --->   Operation 56 'load' 'a_coeffs_load_5' <Predicate = true> <Delay = 2.77> <Core = "RAM">   --->   Core 37 'RAM' <Latency = 1> <II = 1> <Delay = 2.77> <Storage> <Opcode : 'load' 'store'> <Ports = 2> <Width = 8> <Depth = 1450> <RAM>
ST_5 : Operation 57 [1/1] (0.00ns)   --->   "%tmp_178 = trunc i16 %a_coeffs_load_5 to i8" [pack3.c:16]   --->   Operation 57 'trunc' 'tmp_178' <Predicate = true> <Delay = 0.00>
ST_5 : Operation 58 [1/1] (3.02ns) (root node of TernaryAdder)   --->   "%c_3 = add i8 %tmp_178, %tmp_167" [pack3.c:16]   --->   Operation 58 'add' 'c_3' <Predicate = true> <Delay = 3.02> <Core = "TAddSub">   --->   Core 84 'TAddSub' <Latency = 0> <II = 1> <Delay = 1.51> <IPBlock> <Opcode : 'add' 'sub'> <InPorts = 3> <OutPorts = 1> <Sync> <CReg>
ST_5 : Operation 59 [1/2] (2.77ns)   --->   "%a_coeffs_load_6 = load i16* %a_coeffs_addr_6, align 2" [pack3.c:17]   --->   Operation 59 'load' 'a_coeffs_load_6' <Predicate = true> <Delay = 2.77> <Core = "RAM">   --->   Core 37 'RAM' <Latency = 1> <II = 1> <Delay = 2.77> <Storage> <Opcode : 'load' 'store'> <Ports = 2> <Width = 8> <Depth = 1450> <RAM>
ST_5 : Operation 60 [1/1] (0.00ns)   --->   "%tmp_180 = trunc i16 %a_coeffs_load_6 to i8" [pack3.c:17]   --->   Operation 60 'trunc' 'tmp_180' <Predicate = true> <Delay = 0.00>

State 6 <SV = 5> <Delay = 5.79>
ST_6 : Operation 61 [1/1] (0.00ns)   --->   "%tmp_179 = shl i8 %c_3, 2" [pack3.c:17]   --->   Operation 61 'shl' 'tmp_179' <Predicate = true> <Delay = 0.00>
ST_6 : Operation 62 [1/1] (0.00ns) (grouped into TernaryAdder)   --->   "%tmp_170 = sub i8 %tmp_179, %c_3" [pack3.c:17]   --->   Operation 62 'sub' 'tmp_170' <Predicate = true> <Delay = 0.00> <Core = "TAddSub">   --->   Core 84 'TAddSub' <Latency = 0> <II = 1> <Delay = 1.51> <IPBlock> <Opcode : 'add' 'sub'> <InPorts = 3> <OutPorts = 1> <Sync> <CReg>
ST_6 : Operation 63 [1/1] (3.02ns) (root node of TernaryAdder)   --->   "%c_4 = add i8 %tmp_180, %tmp_170" [pack3.c:17]   --->   Operation 63 'add' 'c_4' <Predicate = true> <Delay = 3.02> <Core = "TAddSub">   --->   Core 84 'TAddSub' <Latency = 0> <II = 1> <Delay = 1.51> <IPBlock> <Opcode : 'add' 'sub'> <InPorts = 3> <OutPorts = 1> <Sync> <CReg>
ST_6 : Operation 64 [1/1] (0.00ns)   --->   "%sum_cast = zext i9 %sum to i64" [pack3.c:18]   --->   Operation 64 'zext' 'sum_cast' <Predicate = true> <Delay = 0.00>
ST_6 : Operation 65 [1/1] (0.00ns)   --->   "%msg_addr = getelementptr [1450 x i8]* %msg, i64 0, i64 %sum_cast" [pack3.c:18]   --->   Operation 65 'getelementptr' 'msg_addr' <Predicate = true> <Delay = 0.00>
ST_6 : Operation 66 [1/1] (2.77ns)   --->   "store i8 %c_4, i8* %msg_addr, align 1" [pack3.c:18]   --->   Operation 66 'store' <Predicate = true> <Delay = 2.77> <Core = "RAM">   --->   Core 37 'RAM' <Latency = 1> <II = 1> <Delay = 2.77> <Storage> <Opcode : 'load' 'store'> <Ports = 2> <Width = 8> <Depth = 1450> <RAM>
ST_6 : Operation 67 [1/1] (0.00ns)   --->   "br label %1" [pack3.c:11]   --->   Operation 67 'br' <Predicate = true> <Delay = 0.00>


============================================================
+ Verbose Summary: Timing violations
============================================================
Target clock period: 10ns, clock uncertainty: 1.25ns.

 <State 1>: 1.35ns
The critical path consists of the following:
	multiplexor before 'phi' operation ('i') with incoming values : ('i', pack3.c:11) [9]  (1.35 ns)

 <State 2>: 6.27ns
The critical path consists of the following:
	'phi' operation ('i') with incoming values : ('i', pack3.c:11) [9]  (0 ns)
	'add' operation ('tmp', pack3.c:13) [17]  (1.75 ns)
	'add' operation ('tmp_s', pack3.c:13) [18]  (1.75 ns)
	'getelementptr' operation ('a_coeffs_addr', pack3.c:13) [20]  (0 ns)
	'load' operation ('a_coeffs_load', pack3.c:13) on array 'a_coeffs' [21]  (2.77 ns)

 <State 3>: 5.79ns
The critical path consists of the following:
	'load' operation ('a_coeffs_load', pack3.c:13) on array 'a_coeffs' [21]  (2.77 ns)
	'sub' operation ('tmp_159', pack3.c:14) [25]  (0 ns)
	'add' operation ('c', pack3.c:14) [31]  (3.02 ns)

 <State 4>: 5.79ns
The critical path consists of the following:
	'load' operation ('a_coeffs_load_4', pack3.c:15) on array 'a_coeffs' [37]  (2.77 ns)
	'add' operation ('c', pack3.c:15) [39]  (3.02 ns)

 <State 5>: 5.79ns
The critical path consists of the following:
	'load' operation ('a_coeffs_load_5', pack3.c:16) on array 'a_coeffs' [45]  (2.77 ns)
	'add' operation ('c', pack3.c:16) [47]  (3.02 ns)

 <State 6>: 5.79ns
The critical path consists of the following:
	'shl' operation ('tmp_179', pack3.c:17) [48]  (0 ns)
	'sub' operation ('tmp_170', pack3.c:17) [49]  (0 ns)
	'add' operation ('c', pack3.c:17) [54]  (3.02 ns)
	'store' operation (pack3.c:18) of variable 'c', pack3.c:17 on array 'msg' [59]  (2.77 ns)


============================================================
+ Verbose Summary: Binding
============================================================
N/A
* FSMD analyzer results:
  - Output states:
 - Input state : 
  - Chain level:
	State 1
	State 2
	State 3
	State 4
	State 5
	State 6


============================================================
+ Verbose Summary: Datapath Resource usage 
============================================================
N/A
