

================================================================
== Vivado HLS Report for 'poly_Sq_tobytes_1'
================================================================
* Date:           Sun Aug 23 22:38:14 2020

* Version:        2018.3 (Build 2405991 on Thu Dec 06 23:56:15 MST 2018)
* Project:        ntru01
* Solution:       keypair
* Product family: artix7
* Target device:  xc7a200tfbg676-2


================================================================
== Performance Estimates
================================================================
+ Timing (ns): 
    * Summary: 
    +--------+-------+----------+------------+
    |  Clock | Target| Estimated| Uncertainty|
    +--------+-------+----------+------------+
    |ap_clk  |  10.00|     5.327|        1.25|
    +--------+-------+----------+------------+

+ Latency (clock cycles): 
    * Summary: 
    +------+------+------+------+---------+
    |   Latency   |   Interval  | Pipeline|
    |  min |  max |  min |  max |   Type  |
    +------+------+------+------+---------+
    |  2194|  2194|  2194|  2194|   none  |
    +------+------+------+------+---------+

    + Detail: 
        * Instance: 
        N/A

        * Loop: 
        +-------------+------+------+----------+-----------+-----------+------+----------+
        |             |   Latency   | Iteration|  Initiation Interval  | Trip |          |
        |  Loop Name  |  min |  max |  Latency |  achieved |   target  | Count| Pipelined|
        +-------------+------+------+----------+-----------+-----------+------+----------+
        |- Loop 1     |  2175|  2175|        25|          -|          -|    87|    no    |
        | + Loop 1.1  |    16|    16|         2|          -|          -|     8|    no    |
        |- Loop 2     |     8|     8|         2|          -|          -|     4|    no    |
        |- Loop 3     |     4|     4|         1|          -|          -|     4|    no    |
        +-------------+------+------+----------+-----------+-----------+------+----------+

============================================================
+ Verbose Summary: Synthesis Manager
============================================================
InlineROM: 1
ExposeGlobal: 1
============================================================
+ Verbose Summary: CDFG Model
============================================================
IsTopModel: 0
ResetActiveHigh: 1
IsCombinational: 0
IsDatapathOnly: 0
HasWiredReturn: 1
HasMFsm: 0
HasVarLatency: 1
IsPipeline: 0
IsRtlPipelined: 0
IsInstanceOverlapped: 0
IsDontTouch: 0
HasImplIP: 0
IsGatedGlobalClock: 0


============================================================
+ Verbose Summary: Schedule
============================================================
* Number of FSM states : 18
* Pipeline : 0
* Dataflow Pipeline: 0

* FSM state transitions: 
1 --> 
	2  / true
2 --> 
	3  / (!exitcond3)
	12  / (exitcond3)
3 --> 
	4  / (!exitcond2)
	5  / (exitcond2)
4 --> 
	3  / true
5 --> 
	6  / true
6 --> 
	7  / true
7 --> 
	8  / true
8 --> 
	9  / true
9 --> 
	10  / true
10 --> 
	11  / true
11 --> 
	2  / true
12 --> 
	13  / (!exitcond1)
	14  / (exitcond1)
13 --> 
	12  / true
14 --> 
	15  / (exitcond)
	14  / (!exitcond)
15 --> 
	16  / true
16 --> 
	17  / true
17 --> 
	18  / true
18 --> 

* FSM state operations: 

State 1 <SV = 0> <Delay = 1.35>
ST_1 : Operation 19 [1/1] (0.00ns)   --->   "%t = alloca [8 x i16], align 16" [packq.c:6]   --->   Operation 19 'alloca' 't' <Predicate = true> <Delay = 0.00> <Core = "RAM">   --->   Core 37 'RAM' <Latency = 1> <II = 1> <Delay = 2.77> <Storage> <Opcode : 'load' 'store'> <Ports = 2> <Width = 8> <Depth = 1450> <RAM>
ST_1 : Operation 20 [1/1] (0.00ns)   --->   "%t_addr = getelementptr inbounds [8 x i16]* %t, i64 0, i64 0" [packq.c:13]   --->   Operation 20 'getelementptr' 't_addr' <Predicate = true> <Delay = 0.00>
ST_1 : Operation 21 [1/1] (0.00ns)   --->   "%t_addr_1 = getelementptr inbounds [8 x i16]* %t, i64 0, i64 1" [packq.c:14]   --->   Operation 21 'getelementptr' 't_addr_1' <Predicate = true> <Delay = 0.00>
ST_1 : Operation 22 [1/1] (0.00ns)   --->   "%t_addr_2 = getelementptr inbounds [8 x i16]* %t, i64 0, i64 2" [packq.c:16]   --->   Operation 22 'getelementptr' 't_addr_2' <Predicate = true> <Delay = 0.00>
ST_1 : Operation 23 [1/1] (0.00ns)   --->   "%t_addr_3 = getelementptr inbounds [8 x i16]* %t, i64 0, i64 3" [packq.c:17]   --->   Operation 23 'getelementptr' 't_addr_3' <Predicate = true> <Delay = 0.00>
ST_1 : Operation 24 [1/1] (0.00ns)   --->   "%t_addr_4 = getelementptr inbounds [8 x i16]* %t, i64 0, i64 4" [packq.c:19]   --->   Operation 24 'getelementptr' 't_addr_4' <Predicate = true> <Delay = 0.00>
ST_1 : Operation 25 [1/1] (0.00ns)   --->   "%t_addr_5 = getelementptr inbounds [8 x i16]* %t, i64 0, i64 5" [packq.c:21]   --->   Operation 25 'getelementptr' 't_addr_5' <Predicate = true> <Delay = 0.00>
ST_1 : Operation 26 [1/1] (0.00ns)   --->   "%t_addr_6 = getelementptr inbounds [8 x i16]* %t, i64 0, i64 6" [packq.c:22]   --->   Operation 26 'getelementptr' 't_addr_6' <Predicate = true> <Delay = 0.00>
ST_1 : Operation 27 [1/1] (0.00ns)   --->   "%t_addr_7 = getelementptr inbounds [8 x i16]* %t, i64 0, i64 7" [packq.c:24]   --->   Operation 27 'getelementptr' 't_addr_7' <Predicate = true> <Delay = 0.00>
ST_1 : Operation 28 [1/1] (1.35ns)   --->   "br label %1" [packq.c:8]   --->   Operation 28 'br' <Predicate = true> <Delay = 1.35>

State 2 <SV = 1> <Delay = 1.76>
ST_2 : Operation 29 [1/1] (0.00ns)   --->   "%i = phi i7 [ 0, %0 ], [ %tmp_31, %3 ]" [packq.c:8]   --->   Operation 29 'phi' 'i' <Predicate = true> <Delay = 0.00>
ST_2 : Operation 30 [1/1] (0.00ns)   --->   "%phi_mul = phi i11 [ 0, %0 ], [ %next_mul, %3 ]"   --->   Operation 30 'phi' 'phi_mul' <Predicate = true> <Delay = 0.00>
ST_2 : Operation 31 [1/1] (1.76ns)   --->   "%next_mul = add i11 %phi_mul, 13"   --->   Operation 31 'add' 'next_mul' <Predicate = true> <Delay = 1.76> <Core = "AddSub">   --->   Core 14 'AddSub' <Latency = 0> <II = 1> <Delay = 1.49> <FuncUnit> <Opcode : 'add' 'sub'> <InPorts = 2> <OutPorts = 1>
ST_2 : Operation 32 [1/1] (1.23ns)   --->   "%exitcond3 = icmp eq i7 %i, -41" [packq.c:8]   --->   Operation 32 'icmp' 'exitcond3' <Predicate = true> <Delay = 1.23> <Core = "Cmp">   --->   Core 25 'Cmp' <Latency = 0> <II = 1> <Delay = 1.21> <FuncUnit> <Opcode : 'icmp'> <InPorts = 2> <OutPorts = 1>
ST_2 : Operation 33 [1/1] (0.00ns)   --->   "%empty = call i32 (...)* @_ssdm_op_SpecLoopTripCount(i64 87, i64 87, i64 87)"   --->   Operation 33 'speclooptripcount' 'empty' <Predicate = true> <Delay = 0.00>
ST_2 : Operation 34 [1/1] (1.66ns)   --->   "%tmp_31 = add i7 %i, 1" [packq.c:8]   --->   Operation 34 'add' 'tmp_31' <Predicate = true> <Delay = 1.66> <Core = "AddSub">   --->   Core 14 'AddSub' <Latency = 0> <II = 1> <Delay = 1.49> <FuncUnit> <Opcode : 'add' 'sub'> <InPorts = 2> <OutPorts = 1>
ST_2 : Operation 35 [1/1] (0.00ns)   --->   "br i1 %exitcond3, label %.preheader4.preheader, label %.preheader5.preheader" [packq.c:8]   --->   Operation 35 'br' <Predicate = true> <Delay = 0.00>
ST_2 : Operation 36 [1/1] (0.00ns)   --->   "%tmp = call i10 @_ssdm_op_BitConcatenate.i10.i7.i3(i7 %i, i3 0)" [packq.c:11]   --->   Operation 36 'bitconcatenate' 'tmp' <Predicate = (!exitcond3)> <Delay = 0.00>
ST_2 : Operation 37 [1/1] (1.35ns)   --->   "br label %.preheader5" [packq.c:10]   --->   Operation 37 'br' <Predicate = (!exitcond3)> <Delay = 1.35>
ST_2 : Operation 38 [1/1] (1.35ns)   --->   "br label %.preheader4" [packq.c:28]   --->   Operation 38 'br' <Predicate = (exitcond3)> <Delay = 1.35>

State 3 <SV = 2> <Delay = 4.52>
ST_3 : Operation 39 [1/1] (0.00ns)   --->   "%j = phi i4 [ %j_3, %2 ], [ 0, %.preheader5.preheader ]"   --->   Operation 39 'phi' 'j' <Predicate = true> <Delay = 0.00>
ST_3 : Operation 40 [1/1] (0.00ns)   --->   "%j_cast6 = zext i4 %j to i10" [packq.c:10]   --->   Operation 40 'zext' 'j_cast6' <Predicate = true> <Delay = 0.00>
ST_3 : Operation 41 [1/1] (1.21ns)   --->   "%exitcond2 = icmp eq i4 %j, -8" [packq.c:10]   --->   Operation 41 'icmp' 'exitcond2' <Predicate = true> <Delay = 1.21> <Core = "Cmp">   --->   Core 25 'Cmp' <Latency = 0> <II = 1> <Delay = 1.21> <FuncUnit> <Opcode : 'icmp'> <InPorts = 2> <OutPorts = 1>
ST_3 : Operation 42 [1/1] (0.00ns)   --->   "%empty_32 = call i32 (...)* @_ssdm_op_SpecLoopTripCount(i64 8, i64 8, i64 8)"   --->   Operation 42 'speclooptripcount' 'empty_32' <Predicate = true> <Delay = 0.00>
ST_3 : Operation 43 [1/1] (1.49ns)   --->   "%j_3 = add i4 %j, 1" [packq.c:10]   --->   Operation 43 'add' 'j_3' <Predicate = true> <Delay = 1.49> <Core = "AddSub">   --->   Core 14 'AddSub' <Latency = 0> <II = 1> <Delay = 1.49> <FuncUnit> <Opcode : 'add' 'sub'> <InPorts = 2> <OutPorts = 1>
ST_3 : Operation 44 [1/1] (0.00ns)   --->   "br i1 %exitcond2, label %3, label %2" [packq.c:10]   --->   Operation 44 'br' <Predicate = true> <Delay = 0.00>
ST_3 : Operation 45 [1/1] (1.74ns)   --->   "%tmp_77 = add i10 %tmp, %j_cast6" [packq.c:11]   --->   Operation 45 'add' 'tmp_77' <Predicate = (!exitcond2)> <Delay = 1.74> <Core = "AddSub">   --->   Core 14 'AddSub' <Latency = 0> <II = 1> <Delay = 1.49> <FuncUnit> <Opcode : 'add' 'sub'> <InPorts = 2> <OutPorts = 1>
ST_3 : Operation 46 [1/1] (0.00ns)   --->   "%tmp_78 = zext i10 %tmp_77 to i64" [packq.c:11]   --->   Operation 46 'zext' 'tmp_78' <Predicate = (!exitcond2)> <Delay = 0.00>
ST_3 : Operation 47 [1/1] (0.00ns)   --->   "%a_coeffs_addr_1 = getelementptr [701 x i16]* %a_coeffs, i64 0, i64 %tmp_78" [packq.c:11]   --->   Operation 47 'getelementptr' 'a_coeffs_addr_1' <Predicate = (!exitcond2)> <Delay = 0.00>
ST_3 : Operation 48 [2/2] (2.77ns)   --->   "%a_coeffs_load_1 = load i16* %a_coeffs_addr_1, align 2" [packq.c:11]   --->   Operation 48 'load' 'a_coeffs_load_1' <Predicate = (!exitcond2)> <Delay = 2.77> <Core = "RAM">   --->   Core 37 'RAM' <Latency = 1> <II = 1> <Delay = 2.77> <Storage> <Opcode : 'load' 'store'> <Ports = 2> <Width = 8> <Depth = 1450> <RAM>
ST_3 : Operation 49 [2/2] (1.75ns)   --->   "%t_load = load i16* %t_addr, align 16" [packq.c:13]   --->   Operation 49 'load' 't_load' <Predicate = (exitcond2)> <Delay = 1.75> <Core = "RAM">   --->   Core 37 'RAM' <Latency = 1> <II = 1> <Delay = 2.77> <Storage> <Opcode : 'load' 'store'> <Ports = 2> <Width = 8> <Depth = 1450> <RAM>
ST_3 : Operation 50 [2/2] (1.75ns)   --->   "%t_load_1 = load i16* %t_addr_1, align 2" [packq.c:14]   --->   Operation 50 'load' 't_load_1' <Predicate = (exitcond2)> <Delay = 1.75> <Core = "RAM">   --->   Core 37 'RAM' <Latency = 1> <II = 1> <Delay = 2.77> <Storage> <Opcode : 'load' 'store'> <Ports = 2> <Width = 8> <Depth = 1450> <RAM>

State 4 <SV = 3> <Delay = 4.52>
ST_4 : Operation 51 [1/2] (2.77ns)   --->   "%a_coeffs_load_1 = load i16* %a_coeffs_addr_1, align 2" [packq.c:11]   --->   Operation 51 'load' 'a_coeffs_load_1' <Predicate = true> <Delay = 2.77> <Core = "RAM">   --->   Core 37 'RAM' <Latency = 1> <II = 1> <Delay = 2.77> <Storage> <Opcode : 'load' 'store'> <Ports = 2> <Width = 8> <Depth = 1450> <RAM>
ST_4 : Operation 52 [1/1] (0.00ns)   --->   "%tmp_82 = zext i4 %j to i64" [packq.c:11]   --->   Operation 52 'zext' 'tmp_82' <Predicate = true> <Delay = 0.00>
ST_4 : Operation 53 [1/1] (0.00ns)   --->   "%t_addr_9 = getelementptr inbounds [8 x i16]* %t, i64 0, i64 %tmp_82" [packq.c:11]   --->   Operation 53 'getelementptr' 't_addr_9' <Predicate = true> <Delay = 0.00>
ST_4 : Operation 54 [1/1] (1.75ns)   --->   "store i16 %a_coeffs_load_1, i16* %t_addr_9, align 2" [packq.c:11]   --->   Operation 54 'store' <Predicate = true> <Delay = 1.75> <Core = "RAM">   --->   Core 37 'RAM' <Latency = 1> <II = 1> <Delay = 2.77> <Storage> <Opcode : 'load' 'store'> <Ports = 2> <Width = 8> <Depth = 1450> <RAM>
ST_4 : Operation 55 [1/1] (0.00ns)   --->   "br label %.preheader5" [packq.c:10]   --->   Operation 55 'br' <Predicate = true> <Delay = 0.00>

State 5 <SV = 3> <Delay = 5.32>
ST_5 : Operation 56 [1/2] (1.75ns)   --->   "%t_load = load i16* %t_addr, align 16" [packq.c:13]   --->   Operation 56 'load' 't_load' <Predicate = true> <Delay = 1.75> <Core = "RAM">   --->   Core 37 'RAM' <Latency = 1> <II = 1> <Delay = 2.77> <Storage> <Opcode : 'load' 'store'> <Ports = 2> <Width = 8> <Depth = 1450> <RAM>
ST_5 : Operation 57 [1/1] (0.00ns)   --->   "%tmp_32 = trunc i16 %t_load to i8" [packq.c:13]   --->   Operation 57 'trunc' 'tmp_32' <Predicate = true> <Delay = 0.00>
ST_5 : Operation 58 [1/1] (1.76ns)   --->   "%sum = add i11 280, %phi_mul" [packq.c:13]   --->   Operation 58 'add' 'sum' <Predicate = true> <Delay = 1.76> <Core = "AddSub">   --->   Core 14 'AddSub' <Latency = 0> <II = 1> <Delay = 1.49> <FuncUnit> <Opcode : 'add' 'sub'> <InPorts = 2> <OutPorts = 1>
ST_5 : Operation 59 [1/1] (0.00ns)   --->   "%sum_cast = zext i11 %sum to i64" [packq.c:13]   --->   Operation 59 'zext' 'sum_cast' <Predicate = true> <Delay = 0.00>
ST_5 : Operation 60 [1/1] (0.00ns)   --->   "%r_addr_7 = getelementptr [1450 x i8]* %r, i64 0, i64 %sum_cast" [packq.c:13]   --->   Operation 60 'getelementptr' 'r_addr_7' <Predicate = true> <Delay = 0.00>
ST_5 : Operation 61 [1/1] (2.77ns)   --->   "store i8 %tmp_32, i8* %r_addr_7, align 1" [packq.c:13]   --->   Operation 61 'store' <Predicate = true> <Delay = 2.77> <Core = "RAM">   --->   Core 37 'RAM' <Latency = 1> <II = 1> <Delay = 2.77> <Storage> <Opcode : 'load' 'store'> <Ports = 2> <Width = 8> <Depth = 1450> <RAM>
ST_5 : Operation 62 [1/2] (1.75ns)   --->   "%t_load_1 = load i16* %t_addr_1, align 2" [packq.c:14]   --->   Operation 62 'load' 't_load_1' <Predicate = true> <Delay = 1.75> <Core = "RAM">   --->   Core 37 'RAM' <Latency = 1> <II = 1> <Delay = 2.77> <Storage> <Opcode : 'load' 'store'> <Ports = 2> <Width = 8> <Depth = 1450> <RAM>
ST_5 : Operation 63 [1/1] (0.00ns)   --->   "%tmp_28 = call i8 @_ssdm_op_PartSelect.i8.i16.i32.i32(i16 %t_load, i32 8, i32 15)" [packq.c:13]   --->   Operation 63 'partselect' 'tmp_28' <Predicate = true> <Delay = 0.00>
ST_5 : Operation 64 [1/1] (0.00ns)   --->   "%tmp_41 = trunc i16 %t_load_1 to i3" [packq.c:14]   --->   Operation 64 'trunc' 'tmp_41' <Predicate = true> <Delay = 0.00>
ST_5 : Operation 65 [1/1] (0.00ns)   --->   "%tmp_29 = call i8 @_ssdm_op_BitConcatenate.i8.i3.i5(i3 %tmp_41, i5 0)" [packq.c:14]   --->   Operation 65 'bitconcatenate' 'tmp_29' <Predicate = true> <Delay = 0.00>
ST_5 : Operation 66 [1/1] (0.80ns)   --->   "%tmp_33 = or i8 %tmp_29, %tmp_28" [packq.c:14]   --->   Operation 66 'or' 'tmp_33' <Predicate = true> <Delay = 0.80> <Core = "LogicGate">   --->   Core 27 'LogicGate' <Latency = 0> <II = 1> <Delay = 0.80> <FuncUnit> <Opcode : 'and' 'or' 'xor'> <InPorts = 2> <OutPorts = 1>
ST_5 : Operation 67 [1/1] (1.76ns)   --->   "%sum2 = add i11 281, %phi_mul" [packq.c:14]   --->   Operation 67 'add' 'sum2' <Predicate = true> <Delay = 1.76> <Core = "AddSub">   --->   Core 14 'AddSub' <Latency = 0> <II = 1> <Delay = 1.49> <FuncUnit> <Opcode : 'add' 'sub'> <InPorts = 2> <OutPorts = 1>
ST_5 : Operation 68 [1/1] (0.00ns)   --->   "%sum2_cast = zext i11 %sum2 to i64" [packq.c:14]   --->   Operation 68 'zext' 'sum2_cast' <Predicate = true> <Delay = 0.00>
ST_5 : Operation 69 [1/1] (0.00ns)   --->   "%r_addr_8 = getelementptr [1450 x i8]* %r, i64 0, i64 %sum2_cast" [packq.c:14]   --->   Operation 69 'getelementptr' 'r_addr_8' <Predicate = true> <Delay = 0.00>
ST_5 : Operation 70 [1/1] (2.77ns)   --->   "store i8 %tmp_33, i8* %r_addr_8, align 1" [packq.c:14]   --->   Operation 70 'store' <Predicate = true> <Delay = 2.77> <Core = "RAM">   --->   Core 37 'RAM' <Latency = 1> <II = 1> <Delay = 2.77> <Storage> <Opcode : 'load' 'store'> <Ports = 2> <Width = 8> <Depth = 1450> <RAM>
ST_5 : Operation 71 [1/1] (0.00ns)   --->   "%tmp_36 = call i8 @_ssdm_op_PartSelect.i8.i16.i32.i32(i16 %t_load_1, i32 3, i32 10)" [packq.c:15]   --->   Operation 71 'partselect' 'tmp_36' <Predicate = true> <Delay = 0.00>
ST_5 : Operation 72 [2/2] (1.75ns)   --->   "%t_load_2 = load i16* %t_addr_2, align 4" [packq.c:16]   --->   Operation 72 'load' 't_load_2' <Predicate = true> <Delay = 1.75> <Core = "RAM">   --->   Core 37 'RAM' <Latency = 1> <II = 1> <Delay = 2.77> <Storage> <Opcode : 'load' 'store'> <Ports = 2> <Width = 8> <Depth = 1450> <RAM>
ST_5 : Operation 73 [1/1] (0.00ns)   --->   "%tmp_23 = call i5 @_ssdm_op_PartSelect.i5.i16.i32.i32(i16 %t_load_1, i32 11, i32 15)" [packq.c:14]   --->   Operation 73 'partselect' 'tmp_23' <Predicate = true> <Delay = 0.00>

State 6 <SV = 4> <Delay = 5.32>
ST_6 : Operation 74 [1/1] (1.76ns)   --->   "%sum1 = add i11 282, %phi_mul" [packq.c:15]   --->   Operation 74 'add' 'sum1' <Predicate = true> <Delay = 1.76> <Core = "AddSub">   --->   Core 14 'AddSub' <Latency = 0> <II = 1> <Delay = 1.49> <FuncUnit> <Opcode : 'add' 'sub'> <InPorts = 2> <OutPorts = 1>
ST_6 : Operation 75 [1/1] (0.00ns)   --->   "%sum1_cast = zext i11 %sum1 to i64" [packq.c:15]   --->   Operation 75 'zext' 'sum1_cast' <Predicate = true> <Delay = 0.00>
ST_6 : Operation 76 [1/1] (0.00ns)   --->   "%r_addr_9 = getelementptr [1450 x i8]* %r, i64 0, i64 %sum1_cast" [packq.c:15]   --->   Operation 76 'getelementptr' 'r_addr_9' <Predicate = true> <Delay = 0.00>
ST_6 : Operation 77 [1/1] (2.77ns)   --->   "store i8 %tmp_36, i8* %r_addr_9, align 1" [packq.c:15]   --->   Operation 77 'store' <Predicate = true> <Delay = 2.77> <Core = "RAM">   --->   Core 37 'RAM' <Latency = 1> <II = 1> <Delay = 2.77> <Storage> <Opcode : 'load' 'store'> <Ports = 2> <Width = 8> <Depth = 1450> <RAM>
ST_6 : Operation 78 [1/2] (1.75ns)   --->   "%t_load_2 = load i16* %t_addr_2, align 4" [packq.c:16]   --->   Operation 78 'load' 't_load_2' <Predicate = true> <Delay = 1.75> <Core = "RAM">   --->   Core 37 'RAM' <Latency = 1> <II = 1> <Delay = 2.77> <Storage> <Opcode : 'load' 'store'> <Ports = 2> <Width = 8> <Depth = 1450> <RAM>
ST_6 : Operation 79 [1/1] (0.00ns)   --->   "%tmp_45 = trunc i16 %t_load_2 to i3" [packq.c:16]   --->   Operation 79 'trunc' 'tmp_45' <Predicate = true> <Delay = 0.00>
ST_6 : Operation 80 [1/1] (0.00ns)   --->   "%tmp_37 = call i5 @_ssdm_op_BitConcatenate.i5.i3.i2(i3 %tmp_45, i2 0)" [packq.c:16]   --->   Operation 80 'bitconcatenate' 'tmp_37' <Predicate = true> <Delay = 0.00>
ST_6 : Operation 81 [1/1] (0.79ns)   --->   "%tmp_38 = or i5 %tmp_37, %tmp_23" [packq.c:16]   --->   Operation 81 'or' 'tmp_38' <Predicate = true> <Delay = 0.79> <Core = "LogicGate">   --->   Core 27 'LogicGate' <Latency = 0> <II = 1> <Delay = 0.80> <FuncUnit> <Opcode : 'and' 'or' 'xor'> <InPorts = 2> <OutPorts = 1>
ST_6 : Operation 82 [1/1] (0.00ns)   --->   "%tmp_39 = call i3 @_ssdm_op_PartSelect.i3.i16.i32.i32(i16 %t_load_2, i32 3, i32 5)" [packq.c:16]   --->   Operation 82 'partselect' 'tmp_39' <Predicate = true> <Delay = 0.00>
ST_6 : Operation 83 [1/1] (0.00ns)   --->   "%tmp_40 = call i8 @_ssdm_op_BitConcatenate.i8.i3.i5(i3 %tmp_39, i5 %tmp_38)" [packq.c:16]   --->   Operation 83 'bitconcatenate' 'tmp_40' <Predicate = true> <Delay = 0.00>
ST_6 : Operation 84 [1/1] (1.76ns)   --->   "%sum3 = add i11 283, %phi_mul" [packq.c:16]   --->   Operation 84 'add' 'sum3' <Predicate = true> <Delay = 1.76> <Core = "AddSub">   --->   Core 14 'AddSub' <Latency = 0> <II = 1> <Delay = 1.49> <FuncUnit> <Opcode : 'add' 'sub'> <InPorts = 2> <OutPorts = 1>
ST_6 : Operation 85 [1/1] (0.00ns)   --->   "%sum3_cast = zext i11 %sum3 to i64" [packq.c:16]   --->   Operation 85 'zext' 'sum3_cast' <Predicate = true> <Delay = 0.00>
ST_6 : Operation 86 [1/1] (0.00ns)   --->   "%r_addr_10 = getelementptr [1450 x i8]* %r, i64 0, i64 %sum3_cast" [packq.c:16]   --->   Operation 86 'getelementptr' 'r_addr_10' <Predicate = true> <Delay = 0.00>
ST_6 : Operation 87 [1/1] (2.77ns)   --->   "store i8 %tmp_40, i8* %r_addr_10, align 1" [packq.c:16]   --->   Operation 87 'store' <Predicate = true> <Delay = 2.77> <Core = "RAM">   --->   Core 37 'RAM' <Latency = 1> <II = 1> <Delay = 2.77> <Storage> <Opcode : 'load' 'store'> <Ports = 2> <Width = 8> <Depth = 1450> <RAM>
ST_6 : Operation 88 [2/2] (1.75ns)   --->   "%t_load_3 = load i16* %t_addr_3, align 2" [packq.c:17]   --->   Operation 88 'load' 't_load_3' <Predicate = true> <Delay = 1.75> <Core = "RAM">   --->   Core 37 'RAM' <Latency = 1> <II = 1> <Delay = 2.77> <Storage> <Opcode : 'load' 'store'> <Ports = 2> <Width = 8> <Depth = 1450> <RAM>
ST_6 : Operation 89 [1/1] (0.00ns)   --->   "%tmp_34 = call i8 @_ssdm_op_PartSelect.i8.i16.i32.i32(i16 %t_load_2, i32 6, i32 13)" [packq.c:16]   --->   Operation 89 'partselect' 'tmp_34' <Predicate = true> <Delay = 0.00>

State 7 <SV = 5> <Delay = 5.32>
ST_7 : Operation 90 [1/2] (1.75ns)   --->   "%t_load_3 = load i16* %t_addr_3, align 2" [packq.c:17]   --->   Operation 90 'load' 't_load_3' <Predicate = true> <Delay = 1.75> <Core = "RAM">   --->   Core 37 'RAM' <Latency = 1> <II = 1> <Delay = 2.77> <Storage> <Opcode : 'load' 'store'> <Ports = 2> <Width = 8> <Depth = 1450> <RAM>
ST_7 : Operation 91 [1/1] (0.00ns)   --->   "%tmp_49 = trunc i16 %t_load_3 to i1" [packq.c:17]   --->   Operation 91 'trunc' 'tmp_49' <Predicate = true> <Delay = 0.00>
ST_7 : Operation 92 [1/1] (0.00ns)   --->   "%tmp_35 = call i8 @_ssdm_op_BitConcatenate.i8.i1.i7(i1 %tmp_49, i7 0)" [packq.c:17]   --->   Operation 92 'bitconcatenate' 'tmp_35' <Predicate = true> <Delay = 0.00>
ST_7 : Operation 93 [1/1] (0.80ns)   --->   "%tmp_42 = or i8 %tmp_35, %tmp_34" [packq.c:17]   --->   Operation 93 'or' 'tmp_42' <Predicate = true> <Delay = 0.80> <Core = "LogicGate">   --->   Core 27 'LogicGate' <Latency = 0> <II = 1> <Delay = 0.80> <FuncUnit> <Opcode : 'and' 'or' 'xor'> <InPorts = 2> <OutPorts = 1>
ST_7 : Operation 94 [1/1] (1.76ns)   --->   "%sum4 = add i11 284, %phi_mul" [packq.c:17]   --->   Operation 94 'add' 'sum4' <Predicate = true> <Delay = 1.76> <Core = "AddSub">   --->   Core 14 'AddSub' <Latency = 0> <II = 1> <Delay = 1.49> <FuncUnit> <Opcode : 'add' 'sub'> <InPorts = 2> <OutPorts = 1>
ST_7 : Operation 95 [1/1] (0.00ns)   --->   "%sum4_cast = zext i11 %sum4 to i64" [packq.c:17]   --->   Operation 95 'zext' 'sum4_cast' <Predicate = true> <Delay = 0.00>
ST_7 : Operation 96 [1/1] (0.00ns)   --->   "%r_addr_11 = getelementptr [1450 x i8]* %r, i64 0, i64 %sum4_cast" [packq.c:17]   --->   Operation 96 'getelementptr' 'r_addr_11' <Predicate = true> <Delay = 0.00>
ST_7 : Operation 97 [1/1] (2.77ns)   --->   "store i8 %tmp_42, i8* %r_addr_11, align 1" [packq.c:17]   --->   Operation 97 'store' <Predicate = true> <Delay = 2.77> <Core = "RAM">   --->   Core 37 'RAM' <Latency = 1> <II = 1> <Delay = 2.77> <Storage> <Opcode : 'load' 'store'> <Ports = 2> <Width = 8> <Depth = 1450> <RAM>
ST_7 : Operation 98 [1/1] (0.00ns)   --->   "%tmp_43 = call i8 @_ssdm_op_PartSelect.i8.i16.i32.i32(i16 %t_load_3, i32 1, i32 8)" [packq.c:18]   --->   Operation 98 'partselect' 'tmp_43' <Predicate = true> <Delay = 0.00>
ST_7 : Operation 99 [1/1] (1.76ns)   --->   "%sum5 = add i11 285, %phi_mul" [packq.c:18]   --->   Operation 99 'add' 'sum5' <Predicate = true> <Delay = 1.76> <Core = "AddSub">   --->   Core 14 'AddSub' <Latency = 0> <II = 1> <Delay = 1.49> <FuncUnit> <Opcode : 'add' 'sub'> <InPorts = 2> <OutPorts = 1>
ST_7 : Operation 100 [1/1] (0.00ns)   --->   "%sum5_cast = zext i11 %sum5 to i64" [packq.c:18]   --->   Operation 100 'zext' 'sum5_cast' <Predicate = true> <Delay = 0.00>
ST_7 : Operation 101 [1/1] (0.00ns)   --->   "%r_addr_12 = getelementptr [1450 x i8]* %r, i64 0, i64 %sum5_cast" [packq.c:18]   --->   Operation 101 'getelementptr' 'r_addr_12' <Predicate = true> <Delay = 0.00>
ST_7 : Operation 102 [1/1] (2.77ns)   --->   "store i8 %tmp_43, i8* %r_addr_12, align 1" [packq.c:18]   --->   Operation 102 'store' <Predicate = true> <Delay = 2.77> <Core = "RAM">   --->   Core 37 'RAM' <Latency = 1> <II = 1> <Delay = 2.77> <Storage> <Opcode : 'load' 'store'> <Ports = 2> <Width = 8> <Depth = 1450> <RAM>
ST_7 : Operation 103 [2/2] (1.75ns)   --->   "%t_load_4 = load i16* %t_addr_4, align 8" [packq.c:19]   --->   Operation 103 'load' 't_load_4' <Predicate = true> <Delay = 1.75> <Core = "RAM">   --->   Core 37 'RAM' <Latency = 1> <II = 1> <Delay = 2.77> <Storage> <Opcode : 'load' 'store'> <Ports = 2> <Width = 8> <Depth = 1450> <RAM>
ST_7 : Operation 104 [1/1] (0.00ns)   --->   "%tmp_44 = call i7 @_ssdm_op_PartSelect.i7.i16.i32.i32(i16 %t_load_3, i32 9, i32 15)" [packq.c:17]   --->   Operation 104 'partselect' 'tmp_44' <Predicate = true> <Delay = 0.00>

State 8 <SV = 6> <Delay = 5.32>
ST_8 : Operation 105 [1/2] (1.75ns)   --->   "%t_load_4 = load i16* %t_addr_4, align 8" [packq.c:19]   --->   Operation 105 'load' 't_load_4' <Predicate = true> <Delay = 1.75> <Core = "RAM">   --->   Core 37 'RAM' <Latency = 1> <II = 1> <Delay = 2.77> <Storage> <Opcode : 'load' 'store'> <Ports = 2> <Width = 8> <Depth = 1450> <RAM>
ST_8 : Operation 106 [1/1] (0.00ns)   --->   "%tmp_56 = trunc i16 %t_load_4 to i3" [packq.c:19]   --->   Operation 106 'trunc' 'tmp_56' <Predicate = true> <Delay = 0.00>
ST_8 : Operation 107 [1/1] (0.00ns)   --->   "%tmp_46 = call i7 @_ssdm_op_BitConcatenate.i7.i3.i4(i3 %tmp_56, i4 0)" [packq.c:19]   --->   Operation 107 'bitconcatenate' 'tmp_46' <Predicate = true> <Delay = 0.00>
ST_8 : Operation 108 [1/1] (0.80ns)   --->   "%tmp_47 = or i7 %tmp_46, %tmp_44" [packq.c:19]   --->   Operation 108 'or' 'tmp_47' <Predicate = true> <Delay = 0.80> <Core = "LogicGate">   --->   Core 27 'LogicGate' <Latency = 0> <II = 1> <Delay = 0.80> <FuncUnit> <Opcode : 'and' 'or' 'xor'> <InPorts = 2> <OutPorts = 1>
ST_8 : Operation 109 [1/1] (0.00ns)   --->   "%tmp_63 = call i1 @_ssdm_op_BitSelect.i1.i16.i32(i16 %t_load_4, i32 3)" [packq.c:19]   --->   Operation 109 'bitselect' 'tmp_63' <Predicate = true> <Delay = 0.00>
ST_8 : Operation 110 [1/1] (0.00ns)   --->   "%tmp_51 = call i8 @_ssdm_op_BitConcatenate.i8.i1.i7(i1 %tmp_63, i7 %tmp_47)" [packq.c:19]   --->   Operation 110 'bitconcatenate' 'tmp_51' <Predicate = true> <Delay = 0.00>
ST_8 : Operation 111 [1/1] (1.76ns)   --->   "%sum6 = add i11 286, %phi_mul" [packq.c:19]   --->   Operation 111 'add' 'sum6' <Predicate = true> <Delay = 1.76> <Core = "AddSub">   --->   Core 14 'AddSub' <Latency = 0> <II = 1> <Delay = 1.49> <FuncUnit> <Opcode : 'add' 'sub'> <InPorts = 2> <OutPorts = 1>
ST_8 : Operation 112 [1/1] (0.00ns)   --->   "%sum6_cast = zext i11 %sum6 to i64" [packq.c:19]   --->   Operation 112 'zext' 'sum6_cast' <Predicate = true> <Delay = 0.00>
ST_8 : Operation 113 [1/1] (0.00ns)   --->   "%r_addr_13 = getelementptr [1450 x i8]* %r, i64 0, i64 %sum6_cast" [packq.c:19]   --->   Operation 113 'getelementptr' 'r_addr_13' <Predicate = true> <Delay = 0.00>
ST_8 : Operation 114 [1/1] (2.77ns)   --->   "store i8 %tmp_51, i8* %r_addr_13, align 1" [packq.c:19]   --->   Operation 114 'store' <Predicate = true> <Delay = 2.77> <Core = "RAM">   --->   Core 37 'RAM' <Latency = 1> <II = 1> <Delay = 2.77> <Storage> <Opcode : 'load' 'store'> <Ports = 2> <Width = 8> <Depth = 1450> <RAM>
ST_8 : Operation 115 [1/1] (0.00ns)   --->   "%tmp_53 = call i8 @_ssdm_op_PartSelect.i8.i16.i32.i32(i16 %t_load_4, i32 4, i32 11)" [packq.c:20]   --->   Operation 115 'partselect' 'tmp_53' <Predicate = true> <Delay = 0.00>
ST_8 : Operation 116 [1/1] (1.76ns)   --->   "%sum7 = add i11 287, %phi_mul" [packq.c:20]   --->   Operation 116 'add' 'sum7' <Predicate = true> <Delay = 1.76> <Core = "AddSub">   --->   Core 14 'AddSub' <Latency = 0> <II = 1> <Delay = 1.49> <FuncUnit> <Opcode : 'add' 'sub'> <InPorts = 2> <OutPorts = 1>
ST_8 : Operation 117 [1/1] (0.00ns)   --->   "%sum7_cast = zext i11 %sum7 to i64" [packq.c:20]   --->   Operation 117 'zext' 'sum7_cast' <Predicate = true> <Delay = 0.00>
ST_8 : Operation 118 [1/1] (0.00ns)   --->   "%r_addr_14 = getelementptr [1450 x i8]* %r, i64 0, i64 %sum7_cast" [packq.c:20]   --->   Operation 118 'getelementptr' 'r_addr_14' <Predicate = true> <Delay = 0.00>
ST_8 : Operation 119 [1/1] (2.77ns)   --->   "store i8 %tmp_53, i8* %r_addr_14, align 1" [packq.c:20]   --->   Operation 119 'store' <Predicate = true> <Delay = 2.77> <Core = "RAM">   --->   Core 37 'RAM' <Latency = 1> <II = 1> <Delay = 2.77> <Storage> <Opcode : 'load' 'store'> <Ports = 2> <Width = 8> <Depth = 1450> <RAM>
ST_8 : Operation 120 [2/2] (1.75ns)   --->   "%t_load_5 = load i16* %t_addr_5, align 2" [packq.c:21]   --->   Operation 120 'load' 't_load_5' <Predicate = true> <Delay = 1.75> <Core = "RAM">   --->   Core 37 'RAM' <Latency = 1> <II = 1> <Delay = 2.77> <Storage> <Opcode : 'load' 'store'> <Ports = 2> <Width = 8> <Depth = 1450> <RAM>
ST_8 : Operation 121 [1/1] (0.00ns)   --->   "%tmp_55 = call i4 @_ssdm_op_PartSelect.i4.i16.i32.i32(i16 %t_load_4, i32 12, i32 15)" [packq.c:19]   --->   Operation 121 'partselect' 'tmp_55' <Predicate = true> <Delay = 0.00>

State 9 <SV = 7> <Delay = 5.32>
ST_9 : Operation 122 [1/2] (1.75ns)   --->   "%t_load_5 = load i16* %t_addr_5, align 2" [packq.c:21]   --->   Operation 122 'load' 't_load_5' <Predicate = true> <Delay = 1.75> <Core = "RAM">   --->   Core 37 'RAM' <Latency = 1> <II = 1> <Delay = 2.77> <Storage> <Opcode : 'load' 'store'> <Ports = 2> <Width = 8> <Depth = 1450> <RAM>
ST_9 : Operation 123 [1/1] (0.00ns)   --->   "%tmp_67 = trunc i16 %t_load_5 to i3" [packq.c:21]   --->   Operation 123 'trunc' 'tmp_67' <Predicate = true> <Delay = 0.00>
ST_9 : Operation 124 [1/1] (0.00ns)   --->   "%tmp_57 = call i4 @_ssdm_op_BitConcatenate.i4.i3.i1(i3 %tmp_67, i1 false)" [packq.c:21]   --->   Operation 124 'bitconcatenate' 'tmp_57' <Predicate = true> <Delay = 0.00>
ST_9 : Operation 125 [1/1] (0.79ns)   --->   "%tmp_58 = or i4 %tmp_57, %tmp_55" [packq.c:21]   --->   Operation 125 'or' 'tmp_58' <Predicate = true> <Delay = 0.79> <Core = "LogicGate">   --->   Core 27 'LogicGate' <Latency = 0> <II = 1> <Delay = 0.80> <FuncUnit> <Opcode : 'and' 'or' 'xor'> <InPorts = 2> <OutPorts = 1>
ST_9 : Operation 126 [1/1] (0.00ns)   --->   "%tmp_59 = call i4 @_ssdm_op_PartSelect.i4.i16.i32.i32(i16 %t_load_5, i32 3, i32 6)" [packq.c:21]   --->   Operation 126 'partselect' 'tmp_59' <Predicate = true> <Delay = 0.00>
ST_9 : Operation 127 [1/1] (0.00ns)   --->   "%tmp_60 = call i8 @_ssdm_op_BitConcatenate.i8.i4.i4(i4 %tmp_59, i4 %tmp_58)" [packq.c:21]   --->   Operation 127 'bitconcatenate' 'tmp_60' <Predicate = true> <Delay = 0.00>
ST_9 : Operation 128 [1/1] (1.76ns)   --->   "%sum8 = add i11 288, %phi_mul" [packq.c:21]   --->   Operation 128 'add' 'sum8' <Predicate = true> <Delay = 1.76> <Core = "AddSub">   --->   Core 14 'AddSub' <Latency = 0> <II = 1> <Delay = 1.49> <FuncUnit> <Opcode : 'add' 'sub'> <InPorts = 2> <OutPorts = 1>
ST_9 : Operation 129 [1/1] (0.00ns)   --->   "%sum8_cast = zext i11 %sum8 to i64" [packq.c:21]   --->   Operation 129 'zext' 'sum8_cast' <Predicate = true> <Delay = 0.00>
ST_9 : Operation 130 [1/1] (0.00ns)   --->   "%r_addr_15 = getelementptr [1450 x i8]* %r, i64 0, i64 %sum8_cast" [packq.c:21]   --->   Operation 130 'getelementptr' 'r_addr_15' <Predicate = true> <Delay = 0.00>
ST_9 : Operation 131 [1/1] (2.77ns)   --->   "store i8 %tmp_60, i8* %r_addr_15, align 1" [packq.c:21]   --->   Operation 131 'store' <Predicate = true> <Delay = 2.77> <Core = "RAM">   --->   Core 37 'RAM' <Latency = 1> <II = 1> <Delay = 2.77> <Storage> <Opcode : 'load' 'store'> <Ports = 2> <Width = 8> <Depth = 1450> <RAM>
ST_9 : Operation 132 [2/2] (1.75ns)   --->   "%t_load_6 = load i16* %t_addr_6, align 4" [packq.c:22]   --->   Operation 132 'load' 't_load_6' <Predicate = true> <Delay = 1.75> <Core = "RAM">   --->   Core 37 'RAM' <Latency = 1> <II = 1> <Delay = 2.77> <Storage> <Opcode : 'load' 'store'> <Ports = 2> <Width = 8> <Depth = 1450> <RAM>
ST_9 : Operation 133 [1/1] (0.00ns)   --->   "%tmp_61 = call i8 @_ssdm_op_PartSelect.i8.i16.i32.i32(i16 %t_load_5, i32 7, i32 14)" [packq.c:21]   --->   Operation 133 'partselect' 'tmp_61' <Predicate = true> <Delay = 0.00>

State 10 <SV = 8> <Delay = 5.32>
ST_10 : Operation 134 [1/2] (1.75ns)   --->   "%t_load_6 = load i16* %t_addr_6, align 4" [packq.c:22]   --->   Operation 134 'load' 't_load_6' <Predicate = true> <Delay = 1.75> <Core = "RAM">   --->   Core 37 'RAM' <Latency = 1> <II = 1> <Delay = 2.77> <Storage> <Opcode : 'load' 'store'> <Ports = 2> <Width = 8> <Depth = 1450> <RAM>
ST_10 : Operation 135 [1/1] (0.00ns)   --->   "%tmp_76 = trunc i16 %t_load_6 to i2" [packq.c:22]   --->   Operation 135 'trunc' 'tmp_76' <Predicate = true> <Delay = 0.00>
ST_10 : Operation 136 [1/1] (0.00ns)   --->   "%tmp_64 = call i8 @_ssdm_op_BitConcatenate.i8.i2.i6(i2 %tmp_76, i6 0)" [packq.c:22]   --->   Operation 136 'bitconcatenate' 'tmp_64' <Predicate = true> <Delay = 0.00>
ST_10 : Operation 137 [1/1] (0.80ns)   --->   "%tmp_65 = or i8 %tmp_64, %tmp_61" [packq.c:22]   --->   Operation 137 'or' 'tmp_65' <Predicate = true> <Delay = 0.80> <Core = "LogicGate">   --->   Core 27 'LogicGate' <Latency = 0> <II = 1> <Delay = 0.80> <FuncUnit> <Opcode : 'and' 'or' 'xor'> <InPorts = 2> <OutPorts = 1>
ST_10 : Operation 138 [1/1] (1.76ns)   --->   "%sum9 = add i11 289, %phi_mul" [packq.c:22]   --->   Operation 138 'add' 'sum9' <Predicate = true> <Delay = 1.76> <Core = "AddSub">   --->   Core 14 'AddSub' <Latency = 0> <II = 1> <Delay = 1.49> <FuncUnit> <Opcode : 'add' 'sub'> <InPorts = 2> <OutPorts = 1>
ST_10 : Operation 139 [1/1] (0.00ns)   --->   "%sum9_cast = zext i11 %sum9 to i64" [packq.c:22]   --->   Operation 139 'zext' 'sum9_cast' <Predicate = true> <Delay = 0.00>
ST_10 : Operation 140 [1/1] (0.00ns)   --->   "%r_addr_16 = getelementptr [1450 x i8]* %r, i64 0, i64 %sum9_cast" [packq.c:22]   --->   Operation 140 'getelementptr' 'r_addr_16' <Predicate = true> <Delay = 0.00>
ST_10 : Operation 141 [1/1] (2.77ns)   --->   "store i8 %tmp_65, i8* %r_addr_16, align 1" [packq.c:22]   --->   Operation 141 'store' <Predicate = true> <Delay = 2.77> <Core = "RAM">   --->   Core 37 'RAM' <Latency = 1> <II = 1> <Delay = 2.77> <Storage> <Opcode : 'load' 'store'> <Ports = 2> <Width = 8> <Depth = 1450> <RAM>
ST_10 : Operation 142 [1/1] (0.00ns)   --->   "%tmp_66 = call i8 @_ssdm_op_PartSelect.i8.i16.i32.i32(i16 %t_load_6, i32 2, i32 9)" [packq.c:23]   --->   Operation 142 'partselect' 'tmp_66' <Predicate = true> <Delay = 0.00>
ST_10 : Operation 143 [1/1] (1.76ns)   --->   "%sum10 = add i11 290, %phi_mul" [packq.c:23]   --->   Operation 143 'add' 'sum10' <Predicate = true> <Delay = 1.76> <Core = "AddSub">   --->   Core 14 'AddSub' <Latency = 0> <II = 1> <Delay = 1.49> <FuncUnit> <Opcode : 'add' 'sub'> <InPorts = 2> <OutPorts = 1>
ST_10 : Operation 144 [1/1] (0.00ns)   --->   "%sum10_cast = zext i11 %sum10 to i64" [packq.c:23]   --->   Operation 144 'zext' 'sum10_cast' <Predicate = true> <Delay = 0.00>
ST_10 : Operation 145 [1/1] (0.00ns)   --->   "%r_addr_17 = getelementptr [1450 x i8]* %r, i64 0, i64 %sum10_cast" [packq.c:23]   --->   Operation 145 'getelementptr' 'r_addr_17' <Predicate = true> <Delay = 0.00>
ST_10 : Operation 146 [1/1] (2.77ns)   --->   "store i8 %tmp_66, i8* %r_addr_17, align 1" [packq.c:23]   --->   Operation 146 'store' <Predicate = true> <Delay = 2.77> <Core = "RAM">   --->   Core 37 'RAM' <Latency = 1> <II = 1> <Delay = 2.77> <Storage> <Opcode : 'load' 'store'> <Ports = 2> <Width = 8> <Depth = 1450> <RAM>
ST_10 : Operation 147 [2/2] (1.75ns)   --->   "%t_load_7 = load i16* %t_addr_7, align 2" [packq.c:24]   --->   Operation 147 'load' 't_load_7' <Predicate = true> <Delay = 1.75> <Core = "RAM">   --->   Core 37 'RAM' <Latency = 1> <II = 1> <Delay = 2.77> <Storage> <Opcode : 'load' 'store'> <Ports = 2> <Width = 8> <Depth = 1450> <RAM>
ST_10 : Operation 148 [1/1] (0.00ns)   --->   "%tmp_68 = call i6 @_ssdm_op_PartSelect.i6.i16.i32.i32(i16 %t_load_6, i32 10, i32 15)" [packq.c:22]   --->   Operation 148 'partselect' 'tmp_68' <Predicate = true> <Delay = 0.00>

State 11 <SV = 9> <Delay = 5.31>
ST_11 : Operation 149 [1/2] (1.75ns)   --->   "%t_load_7 = load i16* %t_addr_7, align 2" [packq.c:24]   --->   Operation 149 'load' 't_load_7' <Predicate = true> <Delay = 1.75> <Core = "RAM">   --->   Core 37 'RAM' <Latency = 1> <II = 1> <Delay = 2.77> <Storage> <Opcode : 'load' 'store'> <Ports = 2> <Width = 8> <Depth = 1450> <RAM>
ST_11 : Operation 150 [1/1] (0.00ns)   --->   "%tmp_80 = trunc i16 %t_load_7 to i3" [packq.c:24]   --->   Operation 150 'trunc' 'tmp_80' <Predicate = true> <Delay = 0.00>
ST_11 : Operation 151 [1/1] (0.00ns)   --->   "%tmp_69 = call i6 @_ssdm_op_BitConcatenate.i6.i3.i3(i3 %tmp_80, i3 0)" [packq.c:24]   --->   Operation 151 'bitconcatenate' 'tmp_69' <Predicate = true> <Delay = 0.00>
ST_11 : Operation 152 [1/1] (0.78ns)   --->   "%tmp_70 = or i6 %tmp_69, %tmp_68" [packq.c:24]   --->   Operation 152 'or' 'tmp_70' <Predicate = true> <Delay = 0.78> <Core = "LogicGate">   --->   Core 27 'LogicGate' <Latency = 0> <II = 1> <Delay = 0.80> <FuncUnit> <Opcode : 'and' 'or' 'xor'> <InPorts = 2> <OutPorts = 1>
ST_11 : Operation 153 [1/1] (0.00ns)   --->   "%tmp_71 = call i2 @_ssdm_op_PartSelect.i2.i16.i32.i32(i16 %t_load_7, i32 3, i32 4)" [packq.c:24]   --->   Operation 153 'partselect' 'tmp_71' <Predicate = true> <Delay = 0.00>
ST_11 : Operation 154 [1/1] (0.00ns)   --->   "%tmp_74 = call i8 @_ssdm_op_BitConcatenate.i8.i2.i6(i2 %tmp_71, i6 %tmp_70)" [packq.c:24]   --->   Operation 154 'bitconcatenate' 'tmp_74' <Predicate = true> <Delay = 0.00>
ST_11 : Operation 155 [1/1] (1.76ns)   --->   "%sum11 = add i11 291, %phi_mul" [packq.c:24]   --->   Operation 155 'add' 'sum11' <Predicate = true> <Delay = 1.76> <Core = "AddSub">   --->   Core 14 'AddSub' <Latency = 0> <II = 1> <Delay = 1.49> <FuncUnit> <Opcode : 'add' 'sub'> <InPorts = 2> <OutPorts = 1>
ST_11 : Operation 156 [1/1] (0.00ns)   --->   "%sum11_cast = zext i11 %sum11 to i64" [packq.c:24]   --->   Operation 156 'zext' 'sum11_cast' <Predicate = true> <Delay = 0.00>
ST_11 : Operation 157 [1/1] (0.00ns)   --->   "%r_addr_18 = getelementptr [1450 x i8]* %r, i64 0, i64 %sum11_cast" [packq.c:24]   --->   Operation 157 'getelementptr' 'r_addr_18' <Predicate = true> <Delay = 0.00>
ST_11 : Operation 158 [1/1] (2.77ns)   --->   "store i8 %tmp_74, i8* %r_addr_18, align 1" [packq.c:24]   --->   Operation 158 'store' <Predicate = true> <Delay = 2.77> <Core = "RAM">   --->   Core 37 'RAM' <Latency = 1> <II = 1> <Delay = 2.77> <Storage> <Opcode : 'load' 'store'> <Ports = 2> <Width = 8> <Depth = 1450> <RAM>
ST_11 : Operation 159 [1/1] (0.00ns)   --->   "%tmp_75 = call i8 @_ssdm_op_PartSelect.i8.i16.i32.i32(i16 %t_load_7, i32 5, i32 12)" [packq.c:25]   --->   Operation 159 'partselect' 'tmp_75' <Predicate = true> <Delay = 0.00>
ST_11 : Operation 160 [1/1] (1.76ns)   --->   "%sum12 = add i11 292, %phi_mul" [packq.c:25]   --->   Operation 160 'add' 'sum12' <Predicate = true> <Delay = 1.76> <Core = "AddSub">   --->   Core 14 'AddSub' <Latency = 0> <II = 1> <Delay = 1.49> <FuncUnit> <Opcode : 'add' 'sub'> <InPorts = 2> <OutPorts = 1>
ST_11 : Operation 161 [1/1] (0.00ns)   --->   "%sum12_cast = zext i11 %sum12 to i64" [packq.c:25]   --->   Operation 161 'zext' 'sum12_cast' <Predicate = true> <Delay = 0.00>
ST_11 : Operation 162 [1/1] (0.00ns)   --->   "%r_addr_19 = getelementptr [1450 x i8]* %r, i64 0, i64 %sum12_cast" [packq.c:25]   --->   Operation 162 'getelementptr' 'r_addr_19' <Predicate = true> <Delay = 0.00>
ST_11 : Operation 163 [1/1] (2.77ns)   --->   "store i8 %tmp_75, i8* %r_addr_19, align 1" [packq.c:25]   --->   Operation 163 'store' <Predicate = true> <Delay = 2.77> <Core = "RAM">   --->   Core 37 'RAM' <Latency = 1> <II = 1> <Delay = 2.77> <Storage> <Opcode : 'load' 'store'> <Ports = 2> <Width = 8> <Depth = 1450> <RAM>
ST_11 : Operation 164 [1/1] (0.00ns)   --->   "br label %1" [packq.c:8]   --->   Operation 164 'br' <Predicate = true> <Delay = 0.00>

State 12 <SV = 2> <Delay = 2.77>
ST_12 : Operation 165 [1/1] (0.00ns)   --->   "%j_1 = phi i3 [ %tmp_30, %4 ], [ 0, %.preheader4.preheader ]" [packq.c:28]   --->   Operation 165 'phi' 'j_1' <Predicate = true> <Delay = 0.00>
ST_12 : Operation 166 [1/1] (1.00ns)   --->   "%exitcond1 = icmp eq i3 %j_1, -4" [packq.c:28]   --->   Operation 166 'icmp' 'exitcond1' <Predicate = true> <Delay = 1.00> <Core = "Cmp">   --->   Core 25 'Cmp' <Latency = 0> <II = 1> <Delay = 1.21> <FuncUnit> <Opcode : 'icmp'> <InPorts = 2> <OutPorts = 1>
ST_12 : Operation 167 [1/1] (0.00ns)   --->   "%empty_33 = call i32 (...)* @_ssdm_op_SpecLoopTripCount(i64 4, i64 4, i64 4)"   --->   Operation 167 'speclooptripcount' 'empty_33' <Predicate = true> <Delay = 0.00>
ST_12 : Operation 168 [1/1] (1.34ns)   --->   "%tmp_30 = add i3 %j_1, 1" [packq.c:28]   --->   Operation 168 'add' 'tmp_30' <Predicate = true> <Delay = 1.34> <Core = "AddSub">   --->   Core 14 'AddSub' <Latency = 0> <II = 1> <Delay = 1.49> <FuncUnit> <Opcode : 'add' 'sub'> <InPorts = 2> <OutPorts = 1>
ST_12 : Operation 169 [1/1] (0.00ns)   --->   "br i1 %exitcond1, label %.preheader.preheader, label %4" [packq.c:28]   --->   Operation 169 'br' <Predicate = true> <Delay = 0.00>
ST_12 : Operation 170 [1/1] (0.00ns)   --->   "%tmp_10 = call i10 @_ssdm_op_BitConcatenate.i10.i7.i3(i7 -41, i3 %j_1)" [packq.c:29]   --->   Operation 170 'bitconcatenate' 'tmp_10' <Predicate = (!exitcond1)> <Delay = 0.00>
ST_12 : Operation 171 [1/1] (0.00ns)   --->   "%tmp_s = zext i10 %tmp_10 to i64" [packq.c:29]   --->   Operation 171 'zext' 'tmp_s' <Predicate = (!exitcond1)> <Delay = 0.00>
ST_12 : Operation 172 [1/1] (0.00ns)   --->   "%a_coeffs_addr = getelementptr [701 x i16]* %a_coeffs, i64 0, i64 %tmp_s" [packq.c:29]   --->   Operation 172 'getelementptr' 'a_coeffs_addr' <Predicate = (!exitcond1)> <Delay = 0.00>
ST_12 : Operation 173 [2/2] (2.77ns)   --->   "%a_coeffs_load = load i16* %a_coeffs_addr, align 2" [packq.c:29]   --->   Operation 173 'load' 'a_coeffs_load' <Predicate = (!exitcond1)> <Delay = 2.77> <Core = "RAM">   --->   Core 37 'RAM' <Latency = 1> <II = 1> <Delay = 2.77> <Storage> <Opcode : 'load' 'store'> <Ports = 2> <Width = 8> <Depth = 1450> <RAM>
ST_12 : Operation 174 [1/1] (1.35ns)   --->   "br label %.preheader" [packq.c:30]   --->   Operation 174 'br' <Predicate = (exitcond1)> <Delay = 1.35>

State 13 <SV = 3> <Delay = 4.52>
ST_13 : Operation 175 [1/2] (2.77ns)   --->   "%a_coeffs_load = load i16* %a_coeffs_addr, align 2" [packq.c:29]   --->   Operation 175 'load' 'a_coeffs_load' <Predicate = true> <Delay = 2.77> <Core = "RAM">   --->   Core 37 'RAM' <Latency = 1> <II = 1> <Delay = 2.77> <Storage> <Opcode : 'load' 'store'> <Ports = 2> <Width = 8> <Depth = 1450> <RAM>
ST_13 : Operation 176 [1/1] (0.00ns)   --->   "%tmp_27 = zext i3 %j_1 to i64" [packq.c:29]   --->   Operation 176 'zext' 'tmp_27' <Predicate = true> <Delay = 0.00>
ST_13 : Operation 177 [1/1] (0.00ns)   --->   "%t_addr_8 = getelementptr inbounds [8 x i16]* %t, i64 0, i64 %tmp_27" [packq.c:29]   --->   Operation 177 'getelementptr' 't_addr_8' <Predicate = true> <Delay = 0.00>
ST_13 : Operation 178 [1/1] (1.75ns)   --->   "store i16 %a_coeffs_load, i16* %t_addr_8, align 2" [packq.c:29]   --->   Operation 178 'store' <Predicate = true> <Delay = 1.75> <Core = "RAM">   --->   Core 37 'RAM' <Latency = 1> <II = 1> <Delay = 2.77> <Storage> <Opcode : 'load' 'store'> <Ports = 2> <Width = 8> <Depth = 1450> <RAM>
ST_13 : Operation 179 [1/1] (0.00ns)   --->   "br label %.preheader4" [packq.c:28]   --->   Operation 179 'br' <Predicate = true> <Delay = 0.00>

State 14 <SV = 3> <Delay = 1.75>
ST_14 : Operation 180 [1/1] (0.00ns)   --->   "%j_2 = phi i4 [ %j_4, %5 ], [ 4, %.preheader.preheader ]"   --->   Operation 180 'phi' 'j_2' <Predicate = true> <Delay = 0.00>
ST_14 : Operation 181 [1/1] (1.21ns)   --->   "%exitcond = icmp eq i4 %j_2, -8" [packq.c:30]   --->   Operation 181 'icmp' 'exitcond' <Predicate = true> <Delay = 1.21> <Core = "Cmp">   --->   Core 25 'Cmp' <Latency = 0> <II = 1> <Delay = 1.21> <FuncUnit> <Opcode : 'icmp'> <InPorts = 2> <OutPorts = 1>
ST_14 : Operation 182 [1/1] (0.00ns)   --->   "%empty_34 = call i32 (...)* @_ssdm_op_SpecLoopTripCount(i64 4, i64 4, i64 4)"   --->   Operation 182 'speclooptripcount' 'empty_34' <Predicate = true> <Delay = 0.00>
ST_14 : Operation 183 [1/1] (0.00ns)   --->   "br i1 %exitcond, label %6, label %5" [packq.c:30]   --->   Operation 183 'br' <Predicate = true> <Delay = 0.00>
ST_14 : Operation 184 [1/1] (0.00ns)   --->   "%tmp_81 = zext i4 %j_2 to i64" [packq.c:31]   --->   Operation 184 'zext' 'tmp_81' <Predicate = (!exitcond)> <Delay = 0.00>
ST_14 : Operation 185 [1/1] (0.00ns)   --->   "%t_addr_10 = getelementptr inbounds [8 x i16]* %t, i64 0, i64 %tmp_81" [packq.c:31]   --->   Operation 185 'getelementptr' 't_addr_10' <Predicate = (!exitcond)> <Delay = 0.00>
ST_14 : Operation 186 [1/1] (1.75ns)   --->   "store i16 0, i16* %t_addr_10, align 2" [packq.c:31]   --->   Operation 186 'store' <Predicate = (!exitcond)> <Delay = 1.75> <Core = "RAM">   --->   Core 37 'RAM' <Latency = 1> <II = 1> <Delay = 2.77> <Storage> <Opcode : 'load' 'store'> <Ports = 2> <Width = 8> <Depth = 1450> <RAM>
ST_14 : Operation 187 [1/1] (1.49ns)   --->   "%j_4 = add i4 %j_2, 1" [packq.c:30]   --->   Operation 187 'add' 'j_4' <Predicate = (!exitcond)> <Delay = 1.49> <Core = "AddSub">   --->   Core 14 'AddSub' <Latency = 0> <II = 1> <Delay = 1.49> <FuncUnit> <Opcode : 'add' 'sub'> <InPorts = 2> <OutPorts = 1>
ST_14 : Operation 188 [1/1] (0.00ns)   --->   "br label %.preheader" [packq.c:30]   --->   Operation 188 'br' <Predicate = (!exitcond)> <Delay = 0.00>
ST_14 : Operation 189 [2/2] (1.75ns)   --->   "%t_load_8 = load i16* %t_addr_3, align 2" [packq.c:41]   --->   Operation 189 'load' 't_load_8' <Predicate = (exitcond)> <Delay = 1.75> <Core = "RAM">   --->   Core 37 'RAM' <Latency = 1> <II = 1> <Delay = 2.77> <Storage> <Opcode : 'load' 'store'> <Ports = 2> <Width = 8> <Depth = 1450> <RAM>
ST_14 : Operation 190 [2/2] (1.75ns)   --->   "%t_load_9 = load i16* %t_addr_4, align 8" [packq.c:41]   --->   Operation 190 'load' 't_load_9' <Predicate = (exitcond)> <Delay = 1.75> <Core = "RAM">   --->   Core 37 'RAM' <Latency = 1> <II = 1> <Delay = 2.77> <Storage> <Opcode : 'load' 'store'> <Ports = 2> <Width = 8> <Depth = 1450> <RAM>

State 15 <SV = 4> <Delay = 5.32>
ST_15 : Operation 191 [1/2] (1.75ns)   --->   "%t_load_8 = load i16* %t_addr_3, align 2" [packq.c:41]   --->   Operation 191 'load' 't_load_8' <Predicate = true> <Delay = 1.75> <Core = "RAM">   --->   Core 37 'RAM' <Latency = 1> <II = 1> <Delay = 2.77> <Storage> <Opcode : 'load' 'store'> <Ports = 2> <Width = 8> <Depth = 1450> <RAM>
ST_15 : Operation 192 [1/2] (1.75ns)   --->   "%t_load_9 = load i16* %t_addr_4, align 8" [packq.c:41]   --->   Operation 192 'load' 't_load_9' <Predicate = true> <Delay = 1.75> <Core = "RAM">   --->   Core 37 'RAM' <Latency = 1> <II = 1> <Delay = 2.77> <Storage> <Opcode : 'load' 'store'> <Ports = 2> <Width = 8> <Depth = 1450> <RAM>
ST_15 : Operation 193 [1/1] (0.00ns)   --->   "%tmp_83 = trunc i16 %t_load_9 to i3" [packq.c:41]   --->   Operation 193 'trunc' 'tmp_83' <Predicate = true> <Delay = 0.00>
ST_15 : Operation 194 [1/1] (0.00ns)   --->   "%tmp_84 = call i7 @_ssdm_op_PartSelect.i7.i16.i32.i32(i16 %t_load_8, i32 9, i32 15)" [packq.c:41]   --->   Operation 194 'partselect' 'tmp_84' <Predicate = true> <Delay = 0.00>
ST_15 : Operation 195 [1/1] (0.00ns)   --->   "%tmp_85 = call i7 @_ssdm_op_BitConcatenate.i7.i3.i4(i3 %tmp_83, i4 0)" [packq.c:41]   --->   Operation 195 'bitconcatenate' 'tmp_85' <Predicate = true> <Delay = 0.00>
ST_15 : Operation 196 [1/1] (0.80ns)   --->   "%tmp_86 = or i7 %tmp_85, %tmp_84" [packq.c:41]   --->   Operation 196 'or' 'tmp_86' <Predicate = true> <Delay = 0.80> <Core = "LogicGate">   --->   Core 27 'LogicGate' <Latency = 0> <II = 1> <Delay = 0.80> <FuncUnit> <Opcode : 'and' 'or' 'xor'> <InPorts = 2> <OutPorts = 1>
ST_15 : Operation 197 [1/1] (0.00ns)   --->   "%tmp_87 = call i1 @_ssdm_op_BitSelect.i1.i16.i32(i16 %t_load_9, i32 3)" [packq.c:41]   --->   Operation 197 'bitselect' 'tmp_87' <Predicate = true> <Delay = 0.00>
ST_15 : Operation 198 [1/1] (0.00ns)   --->   "%tmp_48 = call i8 @_ssdm_op_BitConcatenate.i8.i1.i7(i1 %tmp_87, i7 %tmp_86)" [packq.c:41]   --->   Operation 198 'bitconcatenate' 'tmp_48' <Predicate = true> <Delay = 0.00>
ST_15 : Operation 199 [1/1] (0.00ns)   --->   "%r_addr = getelementptr [1450 x i8]* %r, i64 0, i64 1417" [packq.c:41]   --->   Operation 199 'getelementptr' 'r_addr' <Predicate = true> <Delay = 0.00>
ST_15 : Operation 200 [1/1] (2.77ns)   --->   "store i8 %tmp_48, i8* %r_addr, align 1" [packq.c:41]   --->   Operation 200 'store' <Predicate = true> <Delay = 2.77> <Core = "RAM">   --->   Core 37 'RAM' <Latency = 1> <II = 1> <Delay = 2.77> <Storage> <Opcode : 'load' 'store'> <Ports = 2> <Width = 8> <Depth = 1450> <RAM>
ST_15 : Operation 201 [1/1] (0.00ns)   --->   "%tmp_50 = call i8 @_ssdm_op_PartSelect.i8.i16.i32.i32(i16 %t_load_8, i32 1, i32 8)" [packq.c:42]   --->   Operation 201 'partselect' 'tmp_50' <Predicate = true> <Delay = 0.00>
ST_15 : Operation 202 [1/1] (0.00ns)   --->   "%r_addr_1 = getelementptr [1450 x i8]* %r, i64 0, i64 1416" [packq.c:42]   --->   Operation 202 'getelementptr' 'r_addr_1' <Predicate = true> <Delay = 0.00>
ST_15 : Operation 203 [1/1] (2.77ns)   --->   "store i8 %tmp_50, i8* %r_addr_1, align 1" [packq.c:42]   --->   Operation 203 'store' <Predicate = true> <Delay = 2.77> <Core = "RAM">   --->   Core 37 'RAM' <Latency = 1> <II = 1> <Delay = 2.77> <Storage> <Opcode : 'load' 'store'> <Ports = 2> <Width = 8> <Depth = 1450> <RAM>
ST_15 : Operation 204 [2/2] (1.75ns)   --->   "%t_load_10 = load i16* %t_addr_2, align 4" [packq.c:43]   --->   Operation 204 'load' 't_load_10' <Predicate = true> <Delay = 1.75> <Core = "RAM">   --->   Core 37 'RAM' <Latency = 1> <II = 1> <Delay = 2.77> <Storage> <Opcode : 'load' 'store'> <Ports = 2> <Width = 8> <Depth = 1450> <RAM>
ST_15 : Operation 205 [1/1] (0.00ns)   --->   "%tmp_88 = trunc i16 %t_load_8 to i1" [packq.c:41]   --->   Operation 205 'trunc' 'tmp_88' <Predicate = true> <Delay = 0.00>

State 16 <SV = 5> <Delay = 5.32>
ST_16 : Operation 206 [1/2] (1.75ns)   --->   "%t_load_10 = load i16* %t_addr_2, align 4" [packq.c:43]   --->   Operation 206 'load' 't_load_10' <Predicate = true> <Delay = 1.75> <Core = "RAM">   --->   Core 37 'RAM' <Latency = 1> <II = 1> <Delay = 2.77> <Storage> <Opcode : 'load' 'store'> <Ports = 2> <Width = 8> <Depth = 1450> <RAM>
ST_16 : Operation 207 [1/1] (0.00ns)   --->   "%tmp_52 = call i8 @_ssdm_op_BitConcatenate.i8.i1.i7(i1 %tmp_88, i7 0)" [packq.c:41]   --->   Operation 207 'bitconcatenate' 'tmp_52' <Predicate = true> <Delay = 0.00>
ST_16 : Operation 208 [1/1] (0.00ns)   --->   "%tmp_24 = call i8 @_ssdm_op_PartSelect.i8.i16.i32.i32(i16 %t_load_10, i32 6, i32 13)" [packq.c:43]   --->   Operation 208 'partselect' 'tmp_24' <Predicate = true> <Delay = 0.00>
ST_16 : Operation 209 [1/1] (0.80ns)   --->   "%tmp_54 = or i8 %tmp_24, %tmp_52" [packq.c:43]   --->   Operation 209 'or' 'tmp_54' <Predicate = true> <Delay = 0.80> <Core = "LogicGate">   --->   Core 27 'LogicGate' <Latency = 0> <II = 1> <Delay = 0.80> <FuncUnit> <Opcode : 'and' 'or' 'xor'> <InPorts = 2> <OutPorts = 1>
ST_16 : Operation 210 [1/1] (0.00ns)   --->   "%r_addr_2 = getelementptr [1450 x i8]* %r, i64 0, i64 1415" [packq.c:43]   --->   Operation 210 'getelementptr' 'r_addr_2' <Predicate = true> <Delay = 0.00>
ST_16 : Operation 211 [1/1] (2.77ns)   --->   "store i8 %tmp_54, i8* %r_addr_2, align 1" [packq.c:43]   --->   Operation 211 'store' <Predicate = true> <Delay = 2.77> <Core = "RAM">   --->   Core 37 'RAM' <Latency = 1> <II = 1> <Delay = 2.77> <Storage> <Opcode : 'load' 'store'> <Ports = 2> <Width = 8> <Depth = 1450> <RAM>
ST_16 : Operation 212 [2/2] (1.75ns)   --->   "%t_load_11 = load i16* %t_addr_1, align 2" [packq.c:46]   --->   Operation 212 'load' 't_load_11' <Predicate = true> <Delay = 1.75> <Core = "RAM">   --->   Core 37 'RAM' <Latency = 1> <II = 1> <Delay = 2.77> <Storage> <Opcode : 'load' 'store'> <Ports = 2> <Width = 8> <Depth = 1450> <RAM>
ST_16 : Operation 213 [1/1] (0.00ns)   --->   "%tmp_89 = trunc i16 %t_load_10 to i3" [packq.c:43]   --->   Operation 213 'trunc' 'tmp_89' <Predicate = true> <Delay = 0.00>
ST_16 : Operation 214 [1/1] (0.00ns)   --->   "%tmp_93 = call i3 @_ssdm_op_PartSelect.i3.i16.i32.i32(i16 %t_load_10, i32 3, i32 5)" [packq.c:43]   --->   Operation 214 'partselect' 'tmp_93' <Predicate = true> <Delay = 0.00>

State 17 <SV = 6> <Delay = 5.32>
ST_17 : Operation 215 [1/2] (1.75ns)   --->   "%t_load_11 = load i16* %t_addr_1, align 2" [packq.c:46]   --->   Operation 215 'load' 't_load_11' <Predicate = true> <Delay = 1.75> <Core = "RAM">   --->   Core 37 'RAM' <Latency = 1> <II = 1> <Delay = 2.77> <Storage> <Opcode : 'load' 'store'> <Ports = 2> <Width = 8> <Depth = 1450> <RAM>
ST_17 : Operation 216 [1/1] (0.00ns)   --->   "%tmp_90 = call i5 @_ssdm_op_PartSelect.i5.i16.i32.i32(i16 %t_load_11, i32 11, i32 15)" [packq.c:46]   --->   Operation 216 'partselect' 'tmp_90' <Predicate = true> <Delay = 0.00>
ST_17 : Operation 217 [1/1] (0.00ns)   --->   "%tmp_91 = call i5 @_ssdm_op_BitConcatenate.i5.i3.i2(i3 %tmp_89, i2 0)" [packq.c:43]   --->   Operation 217 'bitconcatenate' 'tmp_91' <Predicate = true> <Delay = 0.00>
ST_17 : Operation 218 [1/1] (0.79ns)   --->   "%tmp_92 = or i5 %tmp_91, %tmp_90" [packq.c:43]   --->   Operation 218 'or' 'tmp_92' <Predicate = true> <Delay = 0.79> <Core = "LogicGate">   --->   Core 27 'LogicGate' <Latency = 0> <II = 1> <Delay = 0.80> <FuncUnit> <Opcode : 'and' 'or' 'xor'> <InPorts = 2> <OutPorts = 1>
ST_17 : Operation 219 [1/1] (0.00ns)   --->   "%tmp_62 = call i8 @_ssdm_op_BitConcatenate.i8.i3.i5(i3 %tmp_93, i5 %tmp_92)" [packq.c:46]   --->   Operation 219 'bitconcatenate' 'tmp_62' <Predicate = true> <Delay = 0.00>
ST_17 : Operation 220 [1/1] (0.00ns)   --->   "%r_addr_3 = getelementptr [1450 x i8]* %r, i64 0, i64 1414" [packq.c:46]   --->   Operation 220 'getelementptr' 'r_addr_3' <Predicate = true> <Delay = 0.00>
ST_17 : Operation 221 [1/1] (2.77ns)   --->   "store i8 %tmp_62, i8* %r_addr_3, align 1" [packq.c:46]   --->   Operation 221 'store' <Predicate = true> <Delay = 2.77> <Core = "RAM">   --->   Core 37 'RAM' <Latency = 1> <II = 1> <Delay = 2.77> <Storage> <Opcode : 'load' 'store'> <Ports = 2> <Width = 8> <Depth = 1450> <RAM>
ST_17 : Operation 222 [1/1] (0.00ns)   --->   "%tmp_72 = call i8 @_ssdm_op_PartSelect.i8.i16.i32.i32(i16 %t_load_11, i32 3, i32 10)" [packq.c:47]   --->   Operation 222 'partselect' 'tmp_72' <Predicate = true> <Delay = 0.00>
ST_17 : Operation 223 [1/1] (0.00ns)   --->   "%r_addr_4 = getelementptr [1450 x i8]* %r, i64 0, i64 1413" [packq.c:47]   --->   Operation 223 'getelementptr' 'r_addr_4' <Predicate = true> <Delay = 0.00>
ST_17 : Operation 224 [1/1] (2.77ns)   --->   "store i8 %tmp_72, i8* %r_addr_4, align 1" [packq.c:47]   --->   Operation 224 'store' <Predicate = true> <Delay = 2.77> <Core = "RAM">   --->   Core 37 'RAM' <Latency = 1> <II = 1> <Delay = 2.77> <Storage> <Opcode : 'load' 'store'> <Ports = 2> <Width = 8> <Depth = 1450> <RAM>
ST_17 : Operation 225 [2/2] (1.75ns)   --->   "%t_load_12 = load i16* %t_addr, align 16" [packq.c:48]   --->   Operation 225 'load' 't_load_12' <Predicate = true> <Delay = 1.75> <Core = "RAM">   --->   Core 37 'RAM' <Latency = 1> <II = 1> <Delay = 2.77> <Storage> <Opcode : 'load' 'store'> <Ports = 2> <Width = 8> <Depth = 1450> <RAM>
ST_17 : Operation 226 [1/1] (0.00ns)   --->   "%tmp_94 = trunc i16 %t_load_11 to i3" [packq.c:46]   --->   Operation 226 'trunc' 'tmp_94' <Predicate = true> <Delay = 0.00>

State 18 <SV = 7> <Delay = 5.32>
ST_18 : Operation 227 [1/2] (1.75ns)   --->   "%t_load_12 = load i16* %t_addr, align 16" [packq.c:48]   --->   Operation 227 'load' 't_load_12' <Predicate = true> <Delay = 1.75> <Core = "RAM">   --->   Core 37 'RAM' <Latency = 1> <II = 1> <Delay = 2.77> <Storage> <Opcode : 'load' 'store'> <Ports = 2> <Width = 8> <Depth = 1450> <RAM>
ST_18 : Operation 228 [1/1] (0.00ns)   --->   "%tmp_73 = call i8 @_ssdm_op_BitConcatenate.i8.i3.i5(i3 %tmp_94, i5 0)" [packq.c:46]   --->   Operation 228 'bitconcatenate' 'tmp_73' <Predicate = true> <Delay = 0.00>
ST_18 : Operation 229 [1/1] (0.00ns)   --->   "%tmp_26 = call i8 @_ssdm_op_PartSelect.i8.i16.i32.i32(i16 %t_load_12, i32 8, i32 15)" [packq.c:48]   --->   Operation 229 'partselect' 'tmp_26' <Predicate = true> <Delay = 0.00>
ST_18 : Operation 230 [1/1] (0.80ns)   --->   "%tmp_79 = or i8 %tmp_26, %tmp_73" [packq.c:48]   --->   Operation 230 'or' 'tmp_79' <Predicate = true> <Delay = 0.80> <Core = "LogicGate">   --->   Core 27 'LogicGate' <Latency = 0> <II = 1> <Delay = 0.80> <FuncUnit> <Opcode : 'and' 'or' 'xor'> <InPorts = 2> <OutPorts = 1>
ST_18 : Operation 231 [1/1] (0.00ns)   --->   "%r_addr_5 = getelementptr [1450 x i8]* %r, i64 0, i64 1412" [packq.c:48]   --->   Operation 231 'getelementptr' 'r_addr_5' <Predicate = true> <Delay = 0.00>
ST_18 : Operation 232 [1/1] (2.77ns)   --->   "store i8 %tmp_79, i8* %r_addr_5, align 1" [packq.c:48]   --->   Operation 232 'store' <Predicate = true> <Delay = 2.77> <Core = "RAM">   --->   Core 37 'RAM' <Latency = 1> <II = 1> <Delay = 2.77> <Storage> <Opcode : 'load' 'store'> <Ports = 2> <Width = 8> <Depth = 1450> <RAM>
ST_18 : Operation 233 [1/1] (0.00ns)   --->   "%tmp_95 = trunc i16 %t_load_12 to i8" [packq.c:49]   --->   Operation 233 'trunc' 'tmp_95' <Predicate = true> <Delay = 0.00>
ST_18 : Operation 234 [1/1] (0.00ns)   --->   "%r_addr_6 = getelementptr [1450 x i8]* %r, i64 0, i64 1411" [packq.c:49]   --->   Operation 234 'getelementptr' 'r_addr_6' <Predicate = true> <Delay = 0.00>
ST_18 : Operation 235 [1/1] (2.77ns)   --->   "store i8 %tmp_95, i8* %r_addr_6, align 1" [packq.c:49]   --->   Operation 235 'store' <Predicate = true> <Delay = 2.77> <Core = "RAM">   --->   Core 37 'RAM' <Latency = 1> <II = 1> <Delay = 2.77> <Storage> <Opcode : 'load' 'store'> <Ports = 2> <Width = 8> <Depth = 1450> <RAM>
ST_18 : Operation 236 [1/1] (0.00ns)   --->   "ret void" [packq.c:51]   --->   Operation 236 'ret' <Predicate = true> <Delay = 0.00>


============================================================
+ Verbose Summary: Timing violations
============================================================
Target clock period: 10ns, clock uncertainty: 1.25ns.

 <State 1>: 1.35ns
The critical path consists of the following:
	multiplexor before 'phi' operation ('i', packq.c:8) with incoming values : ('tmp_31', packq.c:8) [14]  (1.35 ns)

 <State 2>: 1.76ns
The critical path consists of the following:
	'phi' operation ('phi_mul') with incoming values : ('next_mul') [15]  (0 ns)
	'add' operation ('next_mul') [16]  (1.76 ns)

 <State 3>: 4.52ns
The critical path consists of the following:
	'phi' operation ('j') with incoming values : ('j', packq.c:10) [25]  (0 ns)
	'add' operation ('tmp_77', packq.c:11) [32]  (1.75 ns)
	'getelementptr' operation ('a_coeffs_addr_1', packq.c:11) [34]  (0 ns)
	'load' operation ('a_coeffs_load_1', packq.c:11) on array 'a_coeffs' [35]  (2.77 ns)

 <State 4>: 4.53ns
The critical path consists of the following:
	'load' operation ('a_coeffs_load_1', packq.c:11) on array 'a_coeffs' [35]  (2.77 ns)
	'store' operation (packq.c:11) of variable 'a_coeffs_load_1', packq.c:11 on array 't', packq.c:6 [38]  (1.75 ns)

 <State 5>: 5.33ns
The critical path consists of the following:
	'load' operation ('t_load', packq.c:13) on array 't', packq.c:6 [41]  (1.75 ns)
	'or' operation ('tmp_33', packq.c:14) [51]  (0.8 ns)
	'store' operation (packq.c:14) of variable 'tmp_33', packq.c:14 on array 'r' [55]  (2.77 ns)

 <State 6>: 5.32ns
The critical path consists of the following:
	'load' operation ('t_load_2', packq.c:16) on array 't', packq.c:6 [61]  (1.75 ns)
	'or' operation ('tmp_38', packq.c:16) [65]  (0.795 ns)
	'store' operation (packq.c:16) of variable 'tmp_40', packq.c:16 on array 'r' [71]  (2.77 ns)

 <State 7>: 5.33ns
The critical path consists of the following:
	'load' operation ('t_load_3', packq.c:17) on array 't', packq.c:6 [72]  (1.75 ns)
	'or' operation ('tmp_42', packq.c:17) [76]  (0.8 ns)
	'store' operation (packq.c:17) of variable 'tmp_42', packq.c:17 on array 'r' [80]  (2.77 ns)

 <State 8>: 5.33ns
The critical path consists of the following:
	'load' operation ('t_load_4', packq.c:19) on array 't', packq.c:6 [86]  (1.75 ns)
	'or' operation ('tmp_47', packq.c:19) [90]  (0.8 ns)
	'store' operation (packq.c:19) of variable 'tmp_51', packq.c:19 on array 'r' [96]  (2.77 ns)

 <State 9>: 5.32ns
The critical path consists of the following:
	'load' operation ('t_load_5', packq.c:21) on array 't', packq.c:6 [102]  (1.75 ns)
	'or' operation ('tmp_58', packq.c:21) [106]  (0.795 ns)
	'store' operation (packq.c:21) of variable 'tmp_60', packq.c:21 on array 'r' [112]  (2.77 ns)

 <State 10>: 5.33ns
The critical path consists of the following:
	'load' operation ('t_load_6', packq.c:22) on array 't', packq.c:6 [113]  (1.75 ns)
	'or' operation ('tmp_65', packq.c:22) [117]  (0.8 ns)
	'store' operation (packq.c:22) of variable 'tmp_65', packq.c:22 on array 'r' [121]  (2.77 ns)

 <State 11>: 5.31ns
The critical path consists of the following:
	'load' operation ('t_load_7', packq.c:24) on array 't', packq.c:6 [127]  (1.75 ns)
	'or' operation ('tmp_70', packq.c:24) [131]  (0.788 ns)
	'store' operation (packq.c:24) of variable 'tmp_74', packq.c:24 on array 'r' [137]  (2.77 ns)

 <State 12>: 2.77ns
The critical path consists of the following:
	'phi' operation ('j_1', packq.c:28) with incoming values : ('tmp_30', packq.c:28) [147]  (0 ns)
	'getelementptr' operation ('a_coeffs_addr', packq.c:29) [155]  (0 ns)
	'load' operation ('a_coeffs_load', packq.c:29) on array 'a_coeffs' [156]  (2.77 ns)

 <State 13>: 4.53ns
The critical path consists of the following:
	'load' operation ('a_coeffs_load', packq.c:29) on array 'a_coeffs' [156]  (2.77 ns)
	'store' operation (packq.c:29) of variable 'a_coeffs_load', packq.c:29 on array 't', packq.c:6 [159]  (1.75 ns)

 <State 14>: 1.75ns
The critical path consists of the following:
	'phi' operation ('j') with incoming values : ('j', packq.c:30) [164]  (0 ns)
	'getelementptr' operation ('t_addr_10', packq.c:31) [170]  (0 ns)
	'store' operation (packq.c:31) of constant 0 on array 't', packq.c:6 [171]  (1.75 ns)

 <State 15>: 5.33ns
The critical path consists of the following:
	'load' operation ('t_load_8', packq.c:41) on array 't', packq.c:6 [175]  (1.75 ns)
	'or' operation ('tmp_86', packq.c:41) [180]  (0.8 ns)
	'store' operation (packq.c:41) of variable 'tmp_48', packq.c:41 on array 'r' [184]  (2.77 ns)

 <State 16>: 5.33ns
The critical path consists of the following:
	'load' operation ('t_load_10', packq.c:43) on array 't', packq.c:6 [188]  (1.75 ns)
	'or' operation ('tmp_54', packq.c:43) [192]  (0.8 ns)
	'store' operation (packq.c:43) of variable 'tmp_54', packq.c:43 on array 'r' [194]  (2.77 ns)

 <State 17>: 5.32ns
The critical path consists of the following:
	'load' operation ('t_load_11', packq.c:46) on array 't', packq.c:6 [195]  (1.75 ns)
	'or' operation ('tmp_92', packq.c:43) [199]  (0.795 ns)
	'store' operation (packq.c:46) of variable 'tmp_62', packq.c:46 on array 'r' [203]  (2.77 ns)

 <State 18>: 5.33ns
The critical path consists of the following:
	'load' operation ('t_load_12', packq.c:48) on array 't', packq.c:6 [207]  (1.75 ns)
	'or' operation ('tmp_79', packq.c:48) [211]  (0.8 ns)
	'store' operation (packq.c:48) of variable 'tmp_79', packq.c:48 on array 'r' [213]  (2.77 ns)


============================================================
+ Verbose Summary: Binding
============================================================
N/A
* FSMD analyzer results:
  - Output states:
 - Input state : 
  - Chain level:
	State 1
	State 2
	State 3
	State 4
	State 5
	State 6
	State 7
	State 8
	State 9
	State 10
	State 11
	State 12
	State 13
	State 14
	State 15
	State 16
	State 17
	State 18


============================================================
+ Verbose Summary: Datapath Resource usage 
============================================================
N/A
