INFO: [XSIM 43-3496] Using init file passed via -initfile option "D:/xilinx/Vivado/2019.1/data/xsim/ip/xsim_ip.ini".
Vivado Simulator 2019.1
Copyright 1986-1999, 2001-2019 Xilinx, Inc. All Rights Reserved.
Running: D:/xilinx/Vivado/2019.1/bin/unwrapped/win64.o/xelab.exe xil_defaultlib.apatb_crypto_kem_dec_top glbl -prj crypto_kem_dec.prj -L smartconnect_v1_0 -L axi_protocol_checker_v1_1_12 -L axi_protocol_checker_v1_1_13 -L axis_protocol_checker_v1_1_11 -L axis_protocol_checker_v1_1_12 -L xil_defaultlib -L unisims_ver -L xpm --initfile D:/xilinx/Vivado/2019.1/data/xsim/ip/xsim_ip.ini --lib ieee_proposed=./ieee_proposed -s crypto_kem_dec 
Multi-threading is on. Using 10 slave threads.
INFO: [VRFC 10-2263] Analyzing SystemVerilog file "C:/Users/deeps/OneDrive/Desktop/NTRU/NTRU/Reference_Implementation/crypto_kem/ntru-hps2048677/ntru77/dec/sim/verilog/glbl.v" into library work
INFO: [VRFC 10-311] analyzing module glbl
INFO: [VRFC 10-2263] Analyzing SystemVerilog file "C:/Users/deeps/OneDrive/Desktop/NTRU/NTRU/Reference_Implementation/crypto_kem/ntru-hps2048677/ntru77/dec/sim/verilog/AESL_automem_c.v" into library xil_defaultlib
INFO: [VRFC 10-311] analyzing module AESL_automem_c
INFO: [VRFC 10-2263] Analyzing SystemVerilog file "C:/Users/deeps/OneDrive/Desktop/NTRU/NTRU/Reference_Implementation/crypto_kem/ntru-hps2048677/ntru77/dec/sim/verilog/AESL_automem_k.v" into library xil_defaultlib
INFO: [VRFC 10-311] analyzing module AESL_automem_k
INFO: [VRFC 10-2263] Analyzing SystemVerilog file "C:/Users/deeps/OneDrive/Desktop/NTRU/NTRU/Reference_Implementation/crypto_kem/ntru-hps2048677/ntru77/dec/sim/verilog/AESL_automem_sk.v" into library xil_defaultlib
INFO: [VRFC 10-311] analyzing module AESL_automem_sk
INFO: [VRFC 10-2263] Analyzing SystemVerilog file "C:/Users/deeps/OneDrive/Desktop/NTRU/NTRU/Reference_Implementation/crypto_kem/ntru-hps2048677/ntru77/dec/sim/verilog/crypto_kem_dec.autotb.v" into library xil_defaultlib
INFO: [VRFC 10-311] analyzing module apatb_crypto_kem_dec_top
INFO: [VRFC 10-2263] Analyzing SystemVerilog file "C:/Users/deeps/OneDrive/Desktop/NTRU/NTRU/Reference_Implementation/crypto_kem/ntru-hps2048677/ntru77/dec/sim/verilog/crypto_kem_dec.v" into library xil_defaultlib
INFO: [VRFC 10-311] analyzing module crypto_kem_dec
INFO: [VRFC 10-2263] Analyzing SystemVerilog file "C:/Users/deeps/OneDrive/Desktop/NTRU/NTRU/Reference_Implementation/crypto_kem/ntru-hps2048677/ntru77/dec/sim/verilog/crypto_kem_dec_buf.v" into library xil_defaultlib
INFO: [VRFC 10-311] analyzing module crypto_kem_dec_buf_ram
INFO: [VRFC 10-311] analyzing module crypto_kem_dec_buf
INFO: [VRFC 10-2263] Analyzing SystemVerilog file "C:/Users/deeps/OneDrive/Desktop/NTRU/NTRU/Reference_Implementation/crypto_kem/ntru-hps2048677/ntru77/dec/sim/verilog/crypto_kem_dec_mabkb.v" into library xil_defaultlib
INFO: [VRFC 10-311] analyzing module crypto_kem_dec_mabkb_DSP48_0
INFO: [VRFC 10-311] analyzing module crypto_kem_dec_mabkb
INFO: [VRFC 10-2263] Analyzing SystemVerilog file "C:/Users/deeps/OneDrive/Desktop/NTRU/NTRU/Reference_Implementation/crypto_kem/ntru-hps2048677/ntru77/dec/sim/verilog/crypto_kem_dec_rm.v" into library xil_defaultlib
INFO: [VRFC 10-311] analyzing module crypto_kem_dec_rm_ram
INFO: [VRFC 10-311] analyzing module crypto_kem_dec_rm
INFO: [VRFC 10-2263] Analyzing SystemVerilog file "C:/Users/deeps/OneDrive/Desktop/NTRU/NTRU/Reference_Implementation/crypto_kem/ntru-hps2048677/ntru77/dec/sim/verilog/KeccakF1600_Statecud.v" into library xil_defaultlib
INFO: [VRFC 10-311] analyzing module KeccakF1600_Statecud_rom
INFO: [VRFC 10-311] analyzing module KeccakF1600_Statecud
INFO: [VRFC 10-2263] Analyzing SystemVerilog file "C:/Users/deeps/OneDrive/Desktop/NTRU/NTRU/Reference_Implementation/crypto_kem/ntru-hps2048677/ntru77/dec/sim/verilog/KeccakF1600_StatePer.v" into library xil_defaultlib
INFO: [VRFC 10-311] analyzing module KeccakF1600_StatePer
INFO: [VRFC 10-2263] Analyzing SystemVerilog file "C:/Users/deeps/OneDrive/Desktop/NTRU/NTRU/Reference_Implementation/crypto_kem/ntru-hps2048677/ntru77/dec/sim/verilog/keccak_absorb.v" into library xil_defaultlib
INFO: [VRFC 10-311] analyzing module keccak_absorb
INFO: [VRFC 10-2263] Analyzing SystemVerilog file "C:/Users/deeps/OneDrive/Desktop/NTRU/NTRU/Reference_Implementation/crypto_kem/ntru-hps2048677/ntru77/dec/sim/verilog/keccak_absorb_1.v" into library xil_defaultlib
INFO: [VRFC 10-311] analyzing module keccak_absorb_1
INFO: [VRFC 10-2263] Analyzing SystemVerilog file "C:/Users/deeps/OneDrive/Desktop/NTRU/NTRU/Reference_Implementation/crypto_kem/ntru-hps2048677/ntru77/dec/sim/verilog/keccak_absorb_t.v" into library xil_defaultlib
INFO: [VRFC 10-311] analyzing module keccak_absorb_t_ram
INFO: [VRFC 10-311] analyzing module keccak_absorb_t
INFO: [VRFC 10-2263] Analyzing SystemVerilog file "C:/Users/deeps/OneDrive/Desktop/NTRU/NTRU/Reference_Implementation/crypto_kem/ntru-hps2048677/ntru77/dec/sim/verilog/mod3.v" into library xil_defaultlib
INFO: [VRFC 10-311] analyzing module mod3
INFO: [VRFC 10-2263] Analyzing SystemVerilog file "C:/Users/deeps/OneDrive/Desktop/NTRU/NTRU/Reference_Implementation/crypto_kem/ntru-hps2048677/ntru77/dec/sim/verilog/owcpa_dec.v" into library xil_defaultlib
INFO: [VRFC 10-311] analyzing module owcpa_dec
INFO: [VRFC 10-2263] Analyzing SystemVerilog file "C:/Users/deeps/OneDrive/Desktop/NTRU/NTRU/Reference_Implementation/crypto_kem/ntru-hps2048677/ntru77/dec/sim/verilog/owcpa_dec_x1_coeffs.v" into library xil_defaultlib
INFO: [VRFC 10-311] analyzing module owcpa_dec_x1_coeffs_ram
INFO: [VRFC 10-311] analyzing module owcpa_dec_x1_coeffs
INFO: [VRFC 10-2263] Analyzing SystemVerilog file "C:/Users/deeps/OneDrive/Desktop/NTRU/NTRU/Reference_Implementation/crypto_kem/ntru-hps2048677/ntru77/dec/sim/verilog/owcpa_dec_x3_coeffs.v" into library xil_defaultlib
INFO: [VRFC 10-311] analyzing module owcpa_dec_x3_coeffs_ram
INFO: [VRFC 10-311] analyzing module owcpa_dec_x3_coeffs
INFO: [VRFC 10-2263] Analyzing SystemVerilog file "C:/Users/deeps/OneDrive/Desktop/NTRU/NTRU/Reference_Implementation/crypto_kem/ntru-hps2048677/ntru77/dec/sim/verilog/poly_Rq_mul.v" into library xil_defaultlib
INFO: [VRFC 10-311] analyzing module poly_Rq_mul
INFO: [VRFC 10-2263] Analyzing SystemVerilog file "C:/Users/deeps/OneDrive/Desktop/NTRU/NTRU/Reference_Implementation/crypto_kem/ntru-hps2048677/ntru77/dec/sim/verilog/poly_Rq_to_S3.v" into library xil_defaultlib
INFO: [VRFC 10-311] analyzing module poly_Rq_to_S3
INFO: [VRFC 10-2263] Analyzing SystemVerilog file "C:/Users/deeps/OneDrive/Desktop/NTRU/NTRU/Reference_Implementation/crypto_kem/ntru-hps2048677/ntru77/dec/sim/verilog/poly_S3_frombytes.v" into library xil_defaultlib
INFO: [VRFC 10-311] analyzing module poly_S3_frombytes
INFO: [VRFC 10-2263] Analyzing SystemVerilog file "C:/Users/deeps/OneDrive/Desktop/NTRU/NTRU/Reference_Implementation/crypto_kem/ntru-hps2048677/ntru77/dec/sim/verilog/poly_S3_mul.v" into library xil_defaultlib
INFO: [VRFC 10-311] analyzing module poly_S3_mul
INFO: [VRFC 10-2263] Analyzing SystemVerilog file "C:/Users/deeps/OneDrive/Desktop/NTRU/NTRU/Reference_Implementation/crypto_kem/ntru-hps2048677/ntru77/dec/sim/verilog/poly_S3_tobytes.v" into library xil_defaultlib
INFO: [VRFC 10-311] analyzing module poly_S3_tobytes
INFO: [VRFC 10-2263] Analyzing SystemVerilog file "C:/Users/deeps/OneDrive/Desktop/NTRU/NTRU/Reference_Implementation/crypto_kem/ntru-hps2048677/ntru77/dec/sim/verilog/poly_Sq_frombytes.v" into library xil_defaultlib
INFO: [VRFC 10-311] analyzing module poly_Sq_frombytes
INFO: [VRFC 10-2263] Analyzing SystemVerilog file "C:/Users/deeps/OneDrive/Desktop/NTRU/NTRU/Reference_Implementation/crypto_kem/ntru-hps2048677/ntru77/dec/sim/verilog/poly_Sq_frombytes_1.v" into library xil_defaultlib
INFO: [VRFC 10-311] analyzing module poly_Sq_frombytes_1
INFO: [VRFC 10-2263] Analyzing SystemVerilog file "C:/Users/deeps/OneDrive/Desktop/NTRU/NTRU/Reference_Implementation/crypto_kem/ntru-hps2048677/ntru77/dec/sim/verilog/sha3_256.v" into library xil_defaultlib
INFO: [VRFC 10-311] analyzing module sha3_256
INFO: [VRFC 10-2263] Analyzing SystemVerilog file "C:/Users/deeps/OneDrive/Desktop/NTRU/NTRU/Reference_Implementation/crypto_kem/ntru-hps2048677/ntru77/dec/sim/verilog/sha3_256_1.v" into library xil_defaultlib
INFO: [VRFC 10-311] analyzing module sha3_256_1
INFO: [VRFC 10-2263] Analyzing SystemVerilog file "C:/Users/deeps/OneDrive/Desktop/NTRU/NTRU/Reference_Implementation/crypto_kem/ntru-hps2048677/ntru77/dec/sim/verilog/sha3_256_1_h_assign.v" into library xil_defaultlib
INFO: [VRFC 10-311] analyzing module sha3_256_1_h_assign_ram
INFO: [VRFC 10-311] analyzing module sha3_256_1_h_assign
INFO: [VRFC 10-2263] Analyzing SystemVerilog file "C:/Users/deeps/OneDrive/Desktop/NTRU/NTRU/Reference_Implementation/crypto_kem/ntru-hps2048677/ntru77/dec/sim/verilog/sha3_256_1_s.v" into library xil_defaultlib
INFO: [VRFC 10-311] analyzing module sha3_256_1_s_ram
INFO: [VRFC 10-311] analyzing module sha3_256_1_s
Starting static elaboration
Completed static elaboration
Starting simulation data flow analysis
Completed simulation data flow analysis
Time Resolution for simulation is 1ps
Compiling module xil_defaultlib.crypto_kem_dec_rm_ram
Compiling module xil_defaultlib.crypto_kem_dec_rm(DataWidth=8,Ad...
Compiling module xil_defaultlib.crypto_kem_dec_buf_ram
Compiling module xil_defaultlib.crypto_kem_dec_buf(DataWidth=8,A...
Compiling module xil_defaultlib.sha3_256_1_s_ram
Compiling module xil_defaultlib.sha3_256_1_s(DataWidth=64,Addres...
Compiling module xil_defaultlib.sha3_256_1_h_assign_ram
Compiling module xil_defaultlib.sha3_256_1_h_assign(DataWidth=8,...
Compiling module xil_defaultlib.keccak_absorb_t_ram
Compiling module xil_defaultlib.keccak_absorb_t(DataWidth=8,Addr...
Compiling module xil_defaultlib.KeccakF1600_Statecud_rom
Compiling module xil_defaultlib.KeccakF1600_Statecud(DataWidth=6...
Compiling module xil_defaultlib.KeccakF1600_StatePer
Compiling module xil_defaultlib.keccak_absorb_1
Compiling module xil_defaultlib.sha3_256
Compiling module xil_defaultlib.keccak_absorb
Compiling module xil_defaultlib.sha3_256_1
Compiling module xil_defaultlib.owcpa_dec_x1_coeffs_ram
Compiling module xil_defaultlib.owcpa_dec_x1_coeffs(DataWidth=16...
Compiling module xil_defaultlib.owcpa_dec_x3_coeffs_ram
Compiling module xil_defaultlib.owcpa_dec_x3_coeffs(DataWidth=16...
Compiling module xil_defaultlib.poly_Sq_frombytes_1
Compiling module xil_defaultlib.poly_Sq_frombytes
Compiling module xil_defaultlib.crypto_kem_dec_mabkb_DSP48_0
Compiling module xil_defaultlib.crypto_kem_dec_mabkb(ID=1,NUM_ST...
Compiling module xil_defaultlib.poly_S3_mul
Compiling module xil_defaultlib.mod3
Compiling module xil_defaultlib.poly_S3_frombytes
Compiling module xil_defaultlib.poly_Rq_to_S3
Compiling module xil_defaultlib.poly_Rq_mul
Compiling module xil_defaultlib.poly_S3_tobytes
Compiling module xil_defaultlib.owcpa_dec
Compiling module xil_defaultlib.crypto_kem_dec
Compiling module xil_defaultlib.AESL_automem_k
Compiling module xil_defaultlib.AESL_automem_c
Compiling module xil_defaultlib.AESL_automem_sk
Compiling module xil_defaultlib.apatb_crypto_kem_dec_top
Compiling module work.glbl
Built simulation snapshot crypto_kem_dec
