#-----------------------------------------------------------
# xsim v2019.1 (64-bit)
# SW Build 2552052 on Fri May 24 14:49:42 MDT 2019
# IP Build 2548770 on Fri May 24 18:01:18 MDT 2019
# Start of session at: Fri Aug 21 15:23:09 2020
# Process ID: 3172
# Current directory: C:/Users/deeps/OneDrive/Desktop/NTRU/NTRU/Reference_Implementation/crypto_kem/ntru-hps2048677/ntru77/dec/sim/verilog
# Command line: xsim.exe -mode tcl -source {xsim.dir/crypto_kem_dec/xsim_script.tcl}
# Log file: C:/Users/deeps/OneDrive/Desktop/NTRU/NTRU/Reference_Implementation/crypto_kem/ntru-hps2048677/ntru77/dec/sim/verilog/xsim.log
# Journal file: C:/Users/deeps/OneDrive/Desktop/NTRU/NTRU/Reference_Implementation/crypto_kem/ntru-hps2048677/ntru77/dec/sim/verilog\xsim.jou
#-----------------------------------------------------------
source xsim.dir/crypto_kem_dec/xsim_script.tcl
# xsim {crypto_kem_dec} -autoloadwcfg -tclbatch {crypto_kem_dec.tcl}
Vivado Simulator 2019.1
Time resolution is 1 ps
source crypto_kem_dec.tcl
## run all
////////////////////////////////////////////////////////////////////////////////////
// Inter-Transaction Progress: Completed Transaction / Total Transaction
// Intra-Transaction Progress: Measured Latency / Latency Estimation * 100%
//
// RTL Simulation : "Inter-Transaction Progress" ["Intra-Transaction Progress"] @ "Simulation Time"
////////////////////////////////////////////////////////////////////////////////////
// RTL Simulation : 0 / 1 [0.00%] @ "125000"
