

================================================================
== Vivado HLS Report for 'crypto_kem_enc'
================================================================
* Date:           Tue Aug 25 11:15:31 2020

* Version:        2018.3 (Build 2405991 on Thu Dec 06 23:56:15 MST 2018)
* Project:        ntru77
* Solution:       enc
* Product family: artix7
* Target device:  xc7a200tfbg676-2


================================================================
== Performance Estimates
================================================================
+ Timing (ns): 
    * Summary: 
    +--------+-------+----------+------------+
    |  Clock | Target| Estimated| Uncertainty|
    +--------+-------+----------+------------+
    |ap_clk  |  10.00|     9.122|        1.25|
    +--------+-------+----------+------------+

+ Latency (clock cycles): 
    * Summary: 
    +-----+-----+-----+-----+---------+
    |  Latency  |  Interval | Pipeline|
    | min | max | min | max |   Type  |
    +-----+-----+-----+-----+---------+
    |    ?|    ?|    ?|    ?|   none  |
    +-----+-----+-----+-----+---------+

    + Detail: 
        * Instance: 
        +------------------------------+-------------------+-------+---------+-------+---------+---------+
        |                              |                   |     Latency     |     Interval    | Pipeline|
        |           Instance           |       Module      |  min  |   max   |  min  |   max   |   Type  |
        +------------------------------+-------------------+-------+---------+-------+---------+---------+
        |grp_sha3_256_fu_142           |sha3_256           |   1547|     1547|   1547|     1547|   none  |
        |grp_randombytes_fu_151        |randombytes        |      ?|        ?|      ?|        ?|   none  |
        |grp_sample_fixed_type_fu_167  |sample_fixed_type  |      ?|        ?|      ?|        ?|   none  |
        |grp_owcpa_enc_fu_173          |owcpa_enc          |  15775|  2761687|  15775|  2761687|   none  |
        |grp_poly_S3_tobytes_fu_182    |poly_S3_tobytes    |    677|      677|    677|      677|   none  |
        +------------------------------+-------------------+-------+---------+-------+---------+---------+

        * Loop: 
        +----------+------+------+----------+-----------+-----------+------+----------+
        |          |   Latency   | Iteration|  Initiation Interval  | Trip |          |
        | Loop Name|  min |  max |  Latency |  achieved |   target  | Count| Pipelined|
        +----------+------+------+----------+-----------+-----------+------+----------+
        |- Loop 1  |  2028|  2028|         3|          -|          -|   676|    no    |
        +----------+------+------+----------+-----------+-----------+------+----------+



================================================================
== Utilization Estimates
================================================================
* Summary: 
+-----------------+---------+-------+--------+--------+
|       Name      | BRAM_18K| DSP48E|   FF   |   LUT  |
+-----------------+---------+-------+--------+--------+
|DSP              |        -|      -|       -|       -|
|Expression       |        -|      -|       0|     145|
|FIFO             |        -|      -|       -|       -|
|Instance         |       28|      2|    9148|   46906|
|Memory           |        5|      -|       0|       0|
|Multiplexer      |        -|      -|       -|     341|
|Register         |        -|      -|      51|       -|
+-----------------+---------+-------+--------+--------+
|Total            |       33|      2|    9199|   47392|
+-----------------+---------+-------+--------+--------+
|Available        |      730|    740|  269200|  129000|
+-----------------+---------+-------+--------+--------+
|Utilization (%)  |        4|   ~0  |       3|      36|
+-----------------+---------+-------+--------+--------+

+ Detail: 
    * Instance: 
    +------------------------------+-------------------+---------+-------+------+-------+
    |           Instance           |       Module      | BRAM_18K| DSP48E|  FF  |  LUT  |
    +------------------------------+-------------------+---------+-------+------+-------+
    |grp_owcpa_enc_fu_173          |owcpa_enc          |        4|      2|   653|   3301|
    |grp_poly_S3_tobytes_fu_182    |poly_S3_tobytes    |        0|      0|    83|    337|
    |grp_randombytes_fu_151        |randombytes        |       12|      0|  1019|   5703|
    |grp_sample_fixed_type_fu_167  |sample_fixed_type  |        2|      0|   812|   2303|
    |grp_sha3_256_fu_142           |sha3_256           |       10|      0|  6581|  35262|
    +------------------------------+-------------------+---------+-------+------+-------+
    |Total                         |                   |       28|      2|  9148|  46906|
    +------------------------------+-------------------+---------+-------+------+-------+

    * DSP48: 
    N/A

    * Memory: 
    +------------+-------------------------+---------+---+----+------+-----+------+-------------+
    |   Memory   |          Module         | BRAM_18K| FF| LUT| Words| Bits| Banks| W*Bits*Banks|
    +------------+-------------------------+---------+---+----+------+-----+------+-------------+
    |r_coeffs_U  |crypto_kem_enc_r_coeffs  |        1|  0|   0|   677|   16|     1|        10832|
    |m_coeffs_U  |crypto_kem_enc_r_coeffs  |        1|  0|   0|   677|   16|     1|        10832|
    |rm_U        |crypto_kem_enc_rm        |        1|  0|   0|   272|    8|     1|         2176|
    |rm_seed_U   |crypto_kem_enc_rm_seed   |        2|  0|   0|  3211|    8|     1|        25688|
    +------------+-------------------------+---------+---+----+------+-----+------+-------------+
    |Total       |                         |        5|  0|   0|  4837|   48|     4|        49528|
    +------------+-------------------------+---------+---+----+------+-----+------+-------------+

    * FIFO: 
    N/A

    * Expression: 
    +---------------------------------+----------+-------+---+----+------------+------------+
    |          Variable Name          | Operation| DSP48E| FF| LUT| Bitwidth P0| Bitwidth P1|
    +---------------------------------+----------+-------+---+----+------------+------------+
    |fold1_i_i_i_i_cast_fu_270_p2     |     +    |      0|  0|  10|           2|           2|
    |fold2_i_i_i_i_cast_fu_310_p2     |     +    |      0|  0|  10|           2|           2|
    |i_fu_197_p2                      |     +    |      0|  0|  17|          10|           1|
    |r_4_fu_280_p2                    |     +    |      0|  0|  13|           4|           4|
    |r_5_fu_320_p2                    |     +    |      0|  0|  12|           3|           3|
    |r_fu_236_p2                      |     +    |      0|  0|  15|           5|           5|
    |t_fu_326_p2                      |     +    |      0|  0|  12|           3|           3|
    |tmp_168_fu_230_p2                |     +    |      0|  0|  13|           4|           4|
    |tmp_342_i_i_i_i_fu_347_p2        |    and   |      0|  0|   3|           3|           3|
    |tmp_344_i_i_i_i_fu_370_p2        |    and   |      0|  0|   3|           3|           3|
    |exitcond_i_i_i_fu_191_p2         |   icmp   |      0|  0|  13|          10|          10|
    |ap_block_state7_on_subcall_done  |    or    |      0|  0|   2|           1|           1|
    |c_13_cast_fu_339_p3              |  select  |      0|  0|   2|           1|           2|
    |tmp_343_i_i_i_i_cast_fu_362_p3   |  select  |      0|  0|   2|           1|           2|
    |not_tmp_33_i_i_i_i_fu_356_p2     |    xor   |      0|  0|   2|           1|           2|
    |tmp_345_i_i_i_i_fu_380_p2        |    xor   |      0|  0|  16|          16|          16|
    +---------------------------------+----------+-------+---+----+------------+------------+
    |Total                            |          |      0|  0| 145|          69|          63|
    +---------------------------------+----------+-------+---+----+------------+------------+

    * Multiplexer: 
    +----------------------------------------+----+-----------+-----+-----------+
    |                  Name                  | LUT| Input Size| Bits| Total Bits|
    +----------------------------------------+----+-----------+-----+-----------+
    |DRBG_ctx_reseed_counter_o               |   9|          2|   32|         64|
    |ap_NS_fsm                               |  59|         14|    1|         14|
    |grp_poly_S3_tobytes_fu_182_a_coeffs_q0  |  15|          3|   16|         48|
    |grp_poly_S3_tobytes_fu_182_a_coeffs_q1  |  15|          3|   16|         48|
    |grp_poly_S3_tobytes_fu_182_msg_offset   |  15|          3|   10|         30|
    |i_i_i_i_reg_131                         |   9|          2|   10|         20|
    |m_coeffs_address0                       |  15|          3|   10|         30|
    |m_coeffs_ce0                            |  15|          3|    1|          3|
    |m_coeffs_ce1                            |   9|          2|    1|          2|
    |m_coeffs_we0                            |   9|          2|    1|          2|
    |r_coeffs_address0                       |  21|          4|   10|         40|
    |r_coeffs_ce0                            |  15|          3|    1|          3|
    |r_coeffs_ce1                            |   9|          2|    1|          2|
    |r_coeffs_d0                             |  15|          3|   16|         48|
    |rm_address0                             |  21|          4|    9|         36|
    |rm_ce0                                  |  21|          4|    1|          4|
    |rm_seed_address0                        |  21|          4|   12|         48|
    |rm_seed_ce0                             |  21|          4|    1|          4|
    |rm_seed_ce1                             |   9|          2|    1|          2|
    |rm_seed_we0                             |   9|          2|    1|          2|
    |rm_we0                                  |   9|          2|    1|          2|
    +----------------------------------------+----+-----------+-----+-----------+
    |Total                                   | 341|         71|  152|        452|
    +----------------------------------------+----+-----------+-----+-----------+

    * Register: 
    +-------------------------------------------+----+----+-----+-----------+
    |                    Name                   | FF | LUT| Bits| Const Bits|
    +-------------------------------------------+----+----+-----+-----------+
    |ap_CS_fsm                                  |  13|   0|   13|          0|
    |grp_owcpa_enc_fu_173_ap_start_reg          |   1|   0|    1|          0|
    |grp_poly_S3_tobytes_fu_182_ap_start_reg    |   1|   0|    1|          0|
    |grp_randombytes_fu_151_ap_start_reg        |   1|   0|    1|          0|
    |grp_sample_fixed_type_fu_167_ap_start_reg  |   1|   0|    1|          0|
    |grp_sha3_256_fu_142_ap_start_reg           |   1|   0|    1|          0|
    |i_i_i_i_reg_131                            |  10|   0|   10|          0|
    |i_reg_390                                  |  10|   0|   10|          0|
    |r_5_reg_405                                |   3|   0|    3|          0|
    |tmp_i_i_i_reg_395                          |  10|   0|   64|         54|
    +-------------------------------------------+----+----+-----+-----------+
    |Total                                      |  51|   0|  105|         54|
    +-------------------------------------------+----+----+-----+-----------+



================================================================
== Interface
================================================================
* Summary: 
+----------------------------------+-----+-----+------------+-------------------------+--------------+
|             RTL Ports            | Dir | Bits|  Protocol  |      Source Object      |    C Type    |
+----------------------------------+-----+-----+------------+-------------------------+--------------+
|ap_clk                            |  in |    1| ap_ctrl_hs |      crypto_kem_enc     | return value |
|ap_rst                            |  in |    1| ap_ctrl_hs |      crypto_kem_enc     | return value |
|ap_start                          |  in |    1| ap_ctrl_hs |      crypto_kem_enc     | return value |
|ap_done                           | out |    1| ap_ctrl_hs |      crypto_kem_enc     | return value |
|ap_idle                           | out |    1| ap_ctrl_hs |      crypto_kem_enc     | return value |
|ap_ready                          | out |    1| ap_ctrl_hs |      crypto_kem_enc     | return value |
|ap_return                         | out |   32| ap_ctrl_hs |      crypto_kem_enc     | return value |
|c_address0                        | out |   10|  ap_memory |            c            |     array    |
|c_ce0                             | out |    1|  ap_memory |            c            |     array    |
|c_we0                             | out |    1|  ap_memory |            c            |     array    |
|c_d0                              | out |    8|  ap_memory |            c            |     array    |
|c_address1                        | out |   10|  ap_memory |            c            |     array    |
|c_ce1                             | out |    1|  ap_memory |            c            |     array    |
|c_we1                             | out |    1|  ap_memory |            c            |     array    |
|c_d1                              | out |    8|  ap_memory |            c            |     array    |
|k_address0                        | out |    5|  ap_memory |            k            |     array    |
|k_ce0                             | out |    1|  ap_memory |            k            |     array    |
|k_we0                             | out |    1|  ap_memory |            k            |     array    |
|k_d0                              | out |    8|  ap_memory |            k            |     array    |
|pk_address0                       | out |   10|  ap_memory |            pk           |     array    |
|pk_ce0                            | out |    1|  ap_memory |            pk           |     array    |
|pk_q0                             |  in |    8|  ap_memory |            pk           |     array    |
|pk_address1                       | out |   10|  ap_memory |            pk           |     array    |
|pk_ce1                            | out |    1|  ap_memory |            pk           |     array    |
|pk_q1                             |  in |    8|  ap_memory |            pk           |     array    |
|DRBG_ctx_V_address0               | out |    4|  ap_memory |        DRBG_ctx_V       |     array    |
|DRBG_ctx_V_ce0                    | out |    1|  ap_memory |        DRBG_ctx_V       |     array    |
|DRBG_ctx_V_we0                    | out |    1|  ap_memory |        DRBG_ctx_V       |     array    |
|DRBG_ctx_V_d0                     | out |    8|  ap_memory |        DRBG_ctx_V       |     array    |
|DRBG_ctx_V_q0                     |  in |    8|  ap_memory |        DRBG_ctx_V       |     array    |
|DRBG_ctx_V_address1               | out |    4|  ap_memory |        DRBG_ctx_V       |     array    |
|DRBG_ctx_V_ce1                    | out |    1|  ap_memory |        DRBG_ctx_V       |     array    |
|DRBG_ctx_V_q1                     |  in |    8|  ap_memory |        DRBG_ctx_V       |     array    |
|DRBG_ctx_Key_address0             | out |    5|  ap_memory |       DRBG_ctx_Key      |     array    |
|DRBG_ctx_Key_ce0                  | out |    1|  ap_memory |       DRBG_ctx_Key      |     array    |
|DRBG_ctx_Key_we0                  | out |    1|  ap_memory |       DRBG_ctx_Key      |     array    |
|DRBG_ctx_Key_d0                   | out |    8|  ap_memory |       DRBG_ctx_Key      |     array    |
|DRBG_ctx_Key_q0                   |  in |    8|  ap_memory |       DRBG_ctx_Key      |     array    |
|DRBG_ctx_Key_address1             | out |    5|  ap_memory |       DRBG_ctx_Key      |     array    |
|DRBG_ctx_Key_ce1                  | out |    1|  ap_memory |       DRBG_ctx_Key      |     array    |
|DRBG_ctx_Key_q1                   |  in |    8|  ap_memory |       DRBG_ctx_Key      |     array    |
|DRBG_ctx_reseed_counter_i         |  in |   32|   ap_ovld  | DRBG_ctx_reseed_counter |    pointer   |
|DRBG_ctx_reseed_counter_o         | out |   32|   ap_ovld  | DRBG_ctx_reseed_counter |    pointer   |
|DRBG_ctx_reseed_counter_o_ap_vld  | out |    1|   ap_ovld  | DRBG_ctx_reseed_counter |    pointer   |
+----------------------------------+-----+-----+------------+-------------------------+--------------+

