

================================================================
== Vivado HLS Report for 'owcpa_enc'
================================================================
* Date:           Tue Aug 25 11:15:29 2020

* Version:        2018.3 (Build 2405991 on Thu Dec 06 23:56:15 MST 2018)
* Project:        ntru77
* Solution:       enc
* Product family: artix7
* Target device:  xc7a200tfbg676-2


================================================================
== Performance Estimates
================================================================
+ Timing (ns): 
    * Summary: 
    +--------+-------+----------+------------+
    |  Clock | Target| Estimated| Uncertainty|
    +--------+-------+----------+------------+
    |ap_clk  |  10.00|     9.122|        1.25|
    +--------+-------+----------+------------+

+ Latency (clock cycles): 
    * Summary: 
    +-------+---------+-------+---------+---------+
    |     Latency     |     Interval    | Pipeline|
    |  min  |   max   |  min  |   max   |   Type  |
    +-------+---------+-------+---------+---------+
    |  15775|  2761687|  15775|  2761687|   none  |
    +-------+---------+-------+---------+---------+

    + Detail: 
        * Instance: 
        +------------------------------+-------------------+------+---------+------+---------+---------+
        |                              |                   |     Latency    |    Interval    | Pipeline|
        |           Instance           |       Module      |  min |   max   |  min |   max   |   Type  |
        +------------------------------+-------------------+------+---------+------+---------+---------+
        |grp_poly_Sq_tobytes_fu_206    |poly_Sq_tobytes    |  2035|     2035|  2035|     2035|   none  |
        |grp_poly_Sq_frombytes_fu_213  |poly_Sq_frombytes  |   592|      592|   592|      592|   none  |
        |grp_poly_S3_frombytes_fu_221  |poly_S3_frombytes  |   814|      814|   814|      814|   none  |
        |grp_poly_Rq_mul_fu_231        |poly_Rq_mul        |  4740|  2750652|  4740|  2750652|   none  |
        +------------------------------+-------------------+------+---------+------+---------+---------+

        * Loop: 
        +----------+------+------+----------+-----------+-----------+------+----------+
        |          |   Latency   | Iteration|  Initiation Interval  | Trip |          |
        | Loop Name|  min |  max |  Latency |  achieved |   target  | Count| Pipelined|
        +----------+------+------+----------+-----------+-----------+------+----------+
        |- Loop 1  |  1352|  1352|         2|          -|          -|   676|    no    |
        |- Loop 2  |  1354|  1354|         2|          -|          -|   677|    no    |
        |- Loop 3  |  1354|  1354|         2|          -|          -|   677|    no    |
        |- Loop 4  |  1354|  1354|         2|          -|          -|   677|    no    |
        |- Loop 5  |  1354|  1354|         2|          -|          -|   677|    no    |
        +----------+------+------+----------+-----------+-----------+------+----------+



================================================================
== Utilization Estimates
================================================================
* Summary: 
+-----------------+---------+-------+--------+--------+
|       Name      | BRAM_18K| DSP48E|   FF   |   LUT  |
+-----------------+---------+-------+--------+--------+
|DSP              |        -|      -|       -|       -|
|Expression       |        -|      -|       0|     285|
|FIFO             |        -|      -|       -|       -|
|Instance         |        1|      2|     480|    2483|
|Memory           |        3|      -|       0|       0|
|Multiplexer      |        -|      -|       -|     533|
|Register         |        -|      -|     173|       -|
+-----------------+---------+-------+--------+--------+
|Total            |        4|      2|     653|    3301|
+-----------------+---------+-------+--------+--------+
|Available        |      730|    740|  269200|  129000|
+-----------------+---------+-------+--------+--------+
|Utilization (%)  |    ~0   |   ~0  |   ~0   |       2|
+-----------------+---------+-------+--------+--------+

+ Detail: 
    * Instance: 
    +------------------------------+-------------------+---------+-------+-----+-----+
    |           Instance           |       Module      | BRAM_18K| DSP48E|  FF | LUT |
    +------------------------------+-------------------+---------+-------+-----+-----+
    |grp_poly_Rq_mul_fu_231        |poly_Rq_mul        |        0|      2|  167|  332|
    |grp_poly_S3_frombytes_fu_221  |poly_S3_frombytes  |        0|      0|  103|  721|
    |grp_poly_Sq_frombytes_fu_213  |poly_Sq_frombytes  |        0|      0|   83|  626|
    |grp_poly_Sq_tobytes_fu_206    |poly_Sq_tobytes    |        1|      0|  127|  804|
    +------------------------------+-------------------+---------+-------+-----+-----+
    |Total                         |                   |        1|      2|  480| 2483|
    +------------------------------+-------------------+---------+-------+-----+-----+

    * DSP48: 
    N/A

    * Memory: 
    +-------------+---------------------+---------+---+----+------+-----+------+-------------+
    |    Memory   |        Module       | BRAM_18K| FF| LUT| Words| Bits| Banks| W*Bits*Banks|
    +-------------+---------------------+---------+---+----+------+-----+------+-------------+
    |x1_coeffs_U  |owcpa_enc_x1_coeffs  |        1|  0|   0|   677|   16|     1|        10832|
    |x2_coeffs_U  |owcpa_enc_x2_coeffs  |        1|  0|   0|   677|   16|     1|        10832|
    |x3_coeffs_U  |owcpa_enc_x3_coeffs  |        1|  0|   0|   677|   16|     1|        10832|
    +-------------+---------------------+---------+---+----+------+-----+------+-------------+
    |Total        |                     |        3|  0|   0|  2031|   48|     3|        32496|
    +-------------+---------------------+---------+---+----+------+-----+------+-------------+

    * FIFO: 
    N/A

    * Expression: 
    +----------------------------+----------+-------+---+----+------------+------------+
    |        Variable Name       | Operation| DSP48E| FF| LUT| Bitwidth P0| Bitwidth P1|
    +----------------------------+----------+-------+---+----+------------+------------+
    |i_13_fu_244_p2              |     +    |      0|  0|  17|          10|           1|
    |i_14_fu_293_p2              |     +    |      0|  0|  17|          10|           1|
    |i_15_fu_355_p2              |     +    |      0|  0|  17|          10|           1|
    |i_16_fu_372_p2              |     +    |      0|  0|  17|          10|           1|
    |i_17_fu_434_p2              |     +    |      0|  0|  17|          10|           1|
    |phitmp_fu_281_p2            |     +    |      0|  0|  18|          11|          11|
    |tmp_321_i_fu_274_p2         |     +    |      0|  0|  23|          16|          16|
    |tmp_cast_fu_454_p2          |     +    |      0|  0|  18|          11|          11|
    |tmp_105_i_cast_fu_314_p2    |     -    |      0|  0|  18|           1|          11|
    |tmp_105_i_i_cast_fu_393_p2  |     -    |      0|  0|  18|           1|          11|
    |tmp_i_cast_fu_255_p2        |     -    |      0|  0|  18|           1|          11|
    |exitcond_fu_428_p2          |   icmp   |      0|  0|  13|          10|          10|
    |exitcond_i1_fu_349_p2       |   icmp   |      0|  0|  13|          10|          10|
    |exitcond_i5_fu_287_p2       |   icmp   |      0|  0|  13|          10|          10|
    |exitcond_i_fu_238_p2        |   icmp   |      0|  0|  13|          10|          10|
    |exitcond_i_i_fu_366_p2      |   icmp   |      0|  0|  13|          10|          10|
    |tmp_54_fu_324_p2            |    or    |      0|  0|  11|          11|          11|
    |tmp_58_fu_403_p2            |    or    |      0|  0|  11|          11|          11|
    +----------------------------+----------+-------+---+----+------------+------------+
    |Total                       |          |      0|  0| 285|         163|         148|
    +----------------------------+----------+-------+---+----+------------+------------+

    * Multiplexer: 
    +-----------------------------------------+----+-----------+-----+-----------+
    |                   Name                  | LUT| Input Size| Bits| Total Bits|
    +-----------------------------------------+----+-----------+-----+-----------+
    |ap_NS_fsm                                |  93|         19|    1|         19|
    |grp_poly_S3_frombytes_fu_221_msg_offset  |  15|          3|   10|         30|
    |i_i1_reg_173                             |   9|          2|   10|         20|
    |i_i4_reg_162                             |   9|          2|   10|         20|
    |i_i_i_reg_184                            |   9|          2|   10|         20|
    |i_i_reg_151                              |   9|          2|   10|         20|
    |i_reg_195                                |   9|          2|   10|         20|
    |rm_ce0                                   |   9|          2|    1|          2|
    |tmp_i_reg_140                            |   9|          2|   11|         22|
    |x1_coeffs_address0                       |  41|          8|   10|         80|
    |x1_coeffs_address1                       |  27|          5|   10|         50|
    |x1_coeffs_ce0                            |  21|          4|    1|          4|
    |x1_coeffs_ce1                            |  15|          3|    1|          3|
    |x1_coeffs_d0                             |  21|          4|   16|         64|
    |x1_coeffs_d1                             |  27|          5|   16|         80|
    |x1_coeffs_we0                            |  15|          3|    1|          3|
    |x1_coeffs_we1                            |  15|          3|    1|          3|
    |x2_coeffs_address0                       |  33|          6|   10|         60|
    |x2_coeffs_ce0                            |  21|          4|    1|          4|
    |x2_coeffs_ce1                            |   9|          2|    1|          2|
    |x2_coeffs_d0                             |  15|          3|   16|         48|
    |x2_coeffs_we0                            |  15|          3|    1|          3|
    |x2_coeffs_we1                            |   9|          2|    1|          2|
    |x3_coeffs_address0                       |  27|          5|   10|         50|
    |x3_coeffs_ce0                            |  21|          4|    1|          4|
    |x3_coeffs_d0                             |  15|          3|   16|         48|
    |x3_coeffs_we0                            |  15|          3|    1|          3|
    +-----------------------------------------+----+-----------+-----+-----------+
    |Total                                    | 533|        106|  187|        684|
    +-----------------------------------------+----+-----------+-----+-----------+

    * Register: 
    +-------------------------------------------+----+----+-----+-----------+
    |                    Name                   | FF | LUT| Bits| Const Bits|
    +-------------------------------------------+----+----+-----+-----------+
    |ap_CS_fsm                                  |  18|   0|   18|          0|
    |ct_coeffs_addr_reg_542                     |  10|   0|   10|          0|
    |grp_poly_Rq_mul_fu_231_ap_start_reg        |   1|   0|    1|          0|
    |grp_poly_S3_frombytes_fu_221_ap_start_reg  |   1|   0|    1|          0|
    |grp_poly_Sq_frombytes_fu_213_ap_start_reg  |   1|   0|    1|          0|
    |grp_poly_Sq_tobytes_fu_206_ap_start_reg    |   1|   0|    1|          0|
    |i_13_reg_474                               |  10|   0|   10|          0|
    |i_14_reg_492                               |  10|   0|   10|          0|
    |i_15_reg_505                               |  10|   0|   10|          0|
    |i_16_reg_523                               |  10|   0|   10|          0|
    |i_17_reg_537                               |  10|   0|   10|          0|
    |i_i1_reg_173                               |  10|   0|   10|          0|
    |i_i4_reg_162                               |  10|   0|   10|          0|
    |i_i_i_reg_184                              |  10|   0|   10|          0|
    |i_i_reg_151                                |  10|   0|   10|          0|
    |i_reg_195                                  |  10|   0|   10|          0|
    |liftm_coeffs_addr_3_reg_528                |  10|   0|   10|          0|
    |m_coeffs_addr_reg_497                      |  10|   0|   10|          0|
    |tmp_i1_reg_510                             |  10|   0|   64|         54|
    |tmp_i_reg_140                              |  11|   0|   11|          0|
    +-------------------------------------------+----+----+-----+-----------+
    |Total                                      | 173|   0|  227|         54|
    +-------------------------------------------+----+----+-----+-----------+



================================================================
== Interface
================================================================
* Summary: 
+-------------+-----+-----+------------+--------------+--------------+
|  RTL Ports  | Dir | Bits|  Protocol  | Source Object|    C Type    |
+-------------+-----+-----+------------+--------------+--------------+
|ap_clk       |  in |    1| ap_ctrl_hs |   owcpa_enc  | return value |
|ap_rst       |  in |    1| ap_ctrl_hs |   owcpa_enc  | return value |
|ap_start     |  in |    1| ap_ctrl_hs |   owcpa_enc  | return value |
|ap_done      | out |    1| ap_ctrl_hs |   owcpa_enc  | return value |
|ap_idle      | out |    1| ap_ctrl_hs |   owcpa_enc  | return value |
|ap_ready     | out |    1| ap_ctrl_hs |   owcpa_enc  | return value |
|c_address0   | out |   10|  ap_memory |       c      |     array    |
|c_ce0        | out |    1|  ap_memory |       c      |     array    |
|c_we0        | out |    1|  ap_memory |       c      |     array    |
|c_d0         | out |    8|  ap_memory |       c      |     array    |
|c_address1   | out |   10|  ap_memory |       c      |     array    |
|c_ce1        | out |    1|  ap_memory |       c      |     array    |
|c_we1        | out |    1|  ap_memory |       c      |     array    |
|c_d1         | out |    8|  ap_memory |       c      |     array    |
|rm_address0  | out |    9|  ap_memory |      rm      |     array    |
|rm_ce0       | out |    1|  ap_memory |      rm      |     array    |
|rm_q0        |  in |    8|  ap_memory |      rm      |     array    |
|pk_address0  | out |   10|  ap_memory |      pk      |     array    |
|pk_ce0       | out |    1|  ap_memory |      pk      |     array    |
|pk_q0        |  in |    8|  ap_memory |      pk      |     array    |
|pk_address1  | out |   10|  ap_memory |      pk      |     array    |
|pk_ce1       | out |    1|  ap_memory |      pk      |     array    |
|pk_q1        |  in |    8|  ap_memory |      pk      |     array    |
+-------------+-----+-----+------------+--------------+--------------+

