

================================================================
== Vivado HLS Report for 'keccak_absorb'
================================================================
* Date:           Tue Aug 25 18:33:36 2020

* Version:        2018.3 (Build 2405991 on Thu Dec 06 23:56:15 MST 2018)
* Project:        ntru21
* Solution:       dec
* Product family: artix7
* Target device:  xc7a200tfbg676-2


================================================================
== Performance Estimates
================================================================
+ Timing (ns): 
    * Summary: 
    +--------+-------+----------+------------+
    |  Clock | Target| Estimated| Uncertainty|
    +--------+-------+----------+------------+
    |ap_clk  |  10.00|     6.812|        1.25|
    +--------+-------+----------+------------+

+ Latency (clock cycles): 
    * Summary: 
    +------+------+------+------+---------+
    |   Latency   |   Interval  | Pipeline|
    |  min |  max |  min |  max |   Type  |
    +------+------+------+------+---------+
    |  1354|  1354|  1354|  1354|   none  |
    +------+------+------+------+---------+

    + Detail: 
        * Instance: 
        N/A

        * Loop: 
        +-----------------+-----+-----+----------+-----------+-----------+------+----------+
        |                 |  Latency  | Iteration|  Initiation Interval  | Trip |          |
        |    Loop Name    | min | max |  Latency |  achieved |   target  | Count| Pipelined|
        +-----------------+-----+-----+----------+-----------+-----------+------+----------+
        |- Loop 1         |   25|   25|         1|          -|          -|    25|    no    |
        |- Loop 2         |  752|  752|       376|          -|          -|     2|    no    |
        | + Loop 2.1      |  323|  323|        19|          -|          -|    17|    no    |
        |  ++ Loop 2.1.1  |   16|   16|         2|          -|          -|     8|    no    |
        |- Loop 3         |  136|  136|         1|          -|          -|   136|    no    |
        |- Loop 4         |  112|  112|         2|          -|          -|    56|    no    |
        |- Loop 5         |  323|  323|        19|          -|          -|    17|    no    |
        | + Loop 5.1      |   16|   16|         2|          -|          -|     8|    no    |
        +-----------------+-----+-----+----------+-----------+-----------+------+----------+

============================================================
+ Verbose Summary: Synthesis Manager
============================================================
InlineROM: 1
ExposeGlobal: 1
============================================================
+ Verbose Summary: CDFG Model
============================================================
IsTopModel: 0
ResetActiveHigh: 1
IsCombinational: 0
IsDatapathOnly: 0
HasWiredReturn: 1
HasMFsm: 0
HasVarLatency: 1
IsPipeline: 0
IsRtlPipelined: 0
IsInstanceOverlapped: 0
IsDontTouch: 0
HasImplIP: 0
IsGatedGlobalClock: 0


============================================================
+ Verbose Summary: Schedule
============================================================
* Number of FSM states : 16
* Pipeline : 0
* Dataflow Pipeline: 0

* FSM state transitions: 
1 --> 
	2  / true
2 --> 
	2  / (!tmp)
	3  / (tmp)
3 --> 
	4  / (!tmp_s)
	9  / (tmp_s)
4 --> 
	8  / (exitcond4)
	5  / (!exitcond4)
5 --> 
	6  / (!tmp_i)
	7  / (tmp_i)
6 --> 
	5  / true
7 --> 
	4  / true
8 --> 
	3  / true
9 --> 
	9  / (!exitcond3)
	10  / (exitcond3)
10 --> 
	11  / (!exitcond2)
	12  / (exitcond2)
11 --> 
	10  / true
12 --> 
	13  / true
13 --> 
	14  / (!exitcond)
14 --> 
	15  / (!tmp_i3)
	16  / (tmp_i3)
15 --> 
	14  / true
16 --> 
	13  / true

* FSM state operations: 

State 1 <SV = 0> <Delay = 1.35>
ST_1 : Operation 17 [1/1] (0.00ns)   --->   "%t = alloca [200 x i8], align 16" [fips202.c:377]   --->   Operation 17 'alloca' 't' <Predicate = true> <Delay = 0.00> <Core = "RAM">   --->   Core 37 'RAM' <Latency = 1> <II = 1> <Delay = 2.77> <Storage> <Opcode : 'load' 'store'> <Ports = 2> <Width = 64> <Depth = 25> <RAM>
ST_1 : Operation 18 [1/1] (1.35ns)   --->   "br label %1" [fips202.c:380]   --->   Operation 18 'br' <Predicate = true> <Delay = 1.35>

State 2 <SV = 1> <Delay = 2.77>
ST_2 : Operation 19 [1/1] (0.00ns)   --->   "%i = phi i5 [ 0, %0 ], [ %i_28, %2 ]"   --->   Operation 19 'phi' 'i' <Predicate = true> <Delay = 0.00>
ST_2 : Operation 20 [1/1] (0.00ns)   --->   "%i_cast = zext i5 %i to i64" [fips202.c:380]   --->   Operation 20 'zext' 'i_cast' <Predicate = true> <Delay = 0.00>
ST_2 : Operation 21 [1/1] (1.21ns)   --->   "%tmp = icmp eq i5 %i, -7" [fips202.c:380]   --->   Operation 21 'icmp' 'tmp' <Predicate = true> <Delay = 1.21> <Core = "Cmp">   --->   Core 25 'Cmp' <Latency = 0> <II = 1> <Delay = 1.21> <FuncUnit> <Opcode : 'icmp'> <InPorts = 2> <OutPorts = 1>
ST_2 : Operation 22 [1/1] (0.00ns)   --->   "%empty = call i32 (...)* @_ssdm_op_SpecLoopTripCount(i64 25, i64 25, i64 25)"   --->   Operation 22 'speclooptripcount' 'empty' <Predicate = true> <Delay = 0.00>
ST_2 : Operation 23 [1/1] (1.54ns)   --->   "%i_28 = add i5 %i, 1" [fips202.c:380]   --->   Operation 23 'add' 'i_28' <Predicate = true> <Delay = 1.54> <Core = "AddSub">   --->   Core 14 'AddSub' <Latency = 0> <II = 1> <Delay = 1.71> <FuncUnit> <Opcode : 'add' 'sub'> <InPorts = 2> <OutPorts = 1>
ST_2 : Operation 24 [1/1] (0.00ns)   --->   "br i1 %tmp, label %.preheader2.preheader, label %2" [fips202.c:380]   --->   Operation 24 'br' <Predicate = true> <Delay = 0.00>
ST_2 : Operation 25 [1/1] (0.00ns)   --->   "%s_addr = getelementptr [25 x i64]* %s, i64 0, i64 %i_cast" [fips202.c:381]   --->   Operation 25 'getelementptr' 's_addr' <Predicate = (!tmp)> <Delay = 0.00>
ST_2 : Operation 26 [1/1] (2.77ns)   --->   "store i64 0, i64* %s_addr, align 8" [fips202.c:381]   --->   Operation 26 'store' <Predicate = (!tmp)> <Delay = 2.77> <Core = "RAM">   --->   Core 37 'RAM' <Latency = 1> <II = 1> <Delay = 2.77> <Storage> <Opcode : 'load' 'store'> <Ports = 2> <Width = 64> <Depth = 25> <RAM>
ST_2 : Operation 27 [1/1] (0.00ns)   --->   "br label %1" [fips202.c:380]   --->   Operation 27 'br' <Predicate = (!tmp)> <Delay = 0.00>
ST_2 : Operation 28 [1/1] (1.35ns)   --->   "br label %.preheader2" [fips202.c:395]   --->   Operation 28 'br' <Predicate = (tmp)> <Delay = 1.35>

State 3 <SV = 2> <Delay = 1.35>
ST_3 : Operation 29 [1/1] (0.00ns)   --->   "%i_29 = phi i9 [ %mlen_assign, %6 ], [ -184, %.preheader2.preheader ]" [fips202.c:391]   --->   Operation 29 'phi' 'i_29' <Predicate = true> <Delay = 0.00>
ST_3 : Operation 30 [1/1] (0.00ns)   --->   "%p_01_rec = phi i9 [ %p_rec, %6 ], [ 0, %.preheader2.preheader ]" [fips202.c:390]   --->   Operation 30 'phi' 'p_01_rec' <Predicate = true> <Delay = 0.00>
ST_3 : Operation 31 [1/1] (1.34ns)   --->   "%tmp_s = icmp ult i9 %i_29, 136" [fips202.c:383]   --->   Operation 31 'icmp' 'tmp_s' <Predicate = true> <Delay = 1.34> <Core = "Cmp">   --->   Core 25 'Cmp' <Latency = 0> <II = 1> <Delay = 1.21> <FuncUnit> <Opcode : 'icmp'> <InPorts = 2> <OutPorts = 1>
ST_3 : Operation 32 [1/1] (0.00ns)   --->   "%empty_56 = call i32 (...)* @_ssdm_op_SpecLoopTripCount(i64 2, i64 2, i64 2)"   --->   Operation 32 'speclooptripcount' 'empty_56' <Predicate = true> <Delay = 0.00>
ST_3 : Operation 33 [1/1] (0.00ns)   --->   "br i1 %tmp_s, label %.preheader1.preheader, label %.preheader6.preheader" [fips202.c:383]   --->   Operation 33 'br' <Predicate = true> <Delay = 0.00>
ST_3 : Operation 34 [1/1] (1.35ns)   --->   "br label %.preheader6" [fips202.c:385]   --->   Operation 34 'br' <Predicate = (!tmp_s)> <Delay = 1.35>
ST_3 : Operation 35 [1/1] (1.35ns)   --->   "br label %.preheader1" [fips202.c:393]   --->   Operation 35 'br' <Predicate = (tmp_s)> <Delay = 1.35>

State 4 <SV = 3> <Delay = 1.73>
ST_4 : Operation 36 [1/1] (0.00ns)   --->   "%i_1 = phi i5 [ %i_7, %load64.2.exit ], [ 0, %.preheader6.preheader ]"   --->   Operation 36 'phi' 'i_1' <Predicate = true> <Delay = 0.00>
ST_4 : Operation 37 [1/1] (0.00ns)   --->   "%i_1_cast = zext i5 %i_1 to i64" [fips202.c:385]   --->   Operation 37 'zext' 'i_1_cast' <Predicate = true> <Delay = 0.00>
ST_4 : Operation 38 [1/1] (1.21ns)   --->   "%exitcond4 = icmp eq i5 %i_1, -15" [fips202.c:385]   --->   Operation 38 'icmp' 'exitcond4' <Predicate = true> <Delay = 1.21> <Core = "Cmp">   --->   Core 25 'Cmp' <Latency = 0> <II = 1> <Delay = 1.21> <FuncUnit> <Opcode : 'icmp'> <InPorts = 2> <OutPorts = 1>
ST_4 : Operation 39 [1/1] (0.00ns)   --->   "%empty_57 = call i32 (...)* @_ssdm_op_SpecLoopTripCount(i64 17, i64 17, i64 17)"   --->   Operation 39 'speclooptripcount' 'empty_57' <Predicate = true> <Delay = 0.00>
ST_4 : Operation 40 [1/1] (1.54ns)   --->   "%i_7 = add i5 %i_1, 1" [fips202.c:385]   --->   Operation 40 'add' 'i_7' <Predicate = true> <Delay = 1.54> <Core = "AddSub">   --->   Core 14 'AddSub' <Latency = 0> <II = 1> <Delay = 1.71> <FuncUnit> <Opcode : 'add' 'sub'> <InPorts = 2> <OutPorts = 1>
ST_4 : Operation 41 [1/1] (0.00ns)   --->   "br i1 %exitcond4, label %6, label %3" [fips202.c:385]   --->   Operation 41 'br' <Predicate = true> <Delay = 0.00>
ST_4 : Operation 42 [1/1] (0.00ns)   --->   "%tmp_88 = call i8 @_ssdm_op_BitConcatenate.i8.i5.i3(i5 %i_1, i3 0)" [fips202.c:386]   --->   Operation 42 'bitconcatenate' 'tmp_88' <Predicate = (!exitcond4)> <Delay = 0.00>
ST_4 : Operation 43 [1/1] (0.00ns)   --->   "%tmp_97_cast = zext i8 %tmp_88 to i9" [fips202.c:386]   --->   Operation 43 'zext' 'tmp_97_cast' <Predicate = (!exitcond4)> <Delay = 0.00>
ST_4 : Operation 44 [1/1] (1.35ns)   --->   "br label %4" [fips202.c:28->fips202.c:386]   --->   Operation 44 'br' <Predicate = (!exitcond4)> <Delay = 1.35>
ST_4 : Operation 45 [2/2] (0.00ns)   --->   "call fastcc void @KeccakF1600_StatePer([25 x i64]* %s)" [fips202.c:388]   --->   Operation 45 'call' <Predicate = (exitcond4)> <Delay = 0.00> <CoreType = "Generic">   --->   Core 0 '' <Latency = 0> <II = 1> <Delay = 1.00> <Generic> <Opcode : >
ST_4 : Operation 46 [1/1] (1.73ns)   --->   "%mlen_assign = add i9 %i_29, -136" [fips202.c:391]   --->   Operation 46 'add' 'mlen_assign' <Predicate = (exitcond4)> <Delay = 1.73> <Core = "AddSub">   --->   Core 14 'AddSub' <Latency = 0> <II = 1> <Delay = 1.71> <FuncUnit> <Opcode : 'add' 'sub'> <InPorts = 2> <OutPorts = 1>

State 5 <SV = 4> <Delay = 5.83>
ST_5 : Operation 47 [1/1] (0.00ns)   --->   "%r_i = phi i64 [ 0, %3 ], [ %r, %5 ]"   --->   Operation 47 'phi' 'r_i' <Predicate = true> <Delay = 0.00>
ST_5 : Operation 48 [1/1] (0.00ns)   --->   "%i_i = phi i4 [ 0, %3 ], [ %i_31, %5 ]"   --->   Operation 48 'phi' 'i_i' <Predicate = true> <Delay = 0.00>
ST_5 : Operation 49 [1/1] (0.00ns)   --->   "%i_i_cast = zext i4 %i_i to i9" [fips202.c:28->fips202.c:386]   --->   Operation 49 'zext' 'i_i_cast' <Predicate = true> <Delay = 0.00>
ST_5 : Operation 50 [1/1] (1.21ns)   --->   "%tmp_i = icmp eq i4 %i_i, -8" [fips202.c:28->fips202.c:386]   --->   Operation 50 'icmp' 'tmp_i' <Predicate = true> <Delay = 1.21> <Core = "Cmp">   --->   Core 25 'Cmp' <Latency = 0> <II = 1> <Delay = 1.21> <FuncUnit> <Opcode : 'icmp'> <InPorts = 2> <OutPorts = 1>
ST_5 : Operation 51 [1/1] (0.00ns)   --->   "%empty_58 = call i32 (...)* @_ssdm_op_SpecLoopTripCount(i64 8, i64 8, i64 8)"   --->   Operation 51 'speclooptripcount' 'empty_58' <Predicate = true> <Delay = 0.00>
ST_5 : Operation 52 [1/1] (1.49ns)   --->   "%i_31 = add i4 %i_i, 1" [fips202.c:28->fips202.c:386]   --->   Operation 52 'add' 'i_31' <Predicate = true> <Delay = 1.49> <Core = "AddSub">   --->   Core 14 'AddSub' <Latency = 0> <II = 1> <Delay = 1.71> <FuncUnit> <Opcode : 'add' 'sub'> <InPorts = 2> <OutPorts = 1>
ST_5 : Operation 53 [1/1] (0.00ns)   --->   "br i1 %tmp_i, label %load64.2.exit, label %5" [fips202.c:28->fips202.c:386]   --->   Operation 53 'br' <Predicate = true> <Delay = 0.00>
ST_5 : Operation 54 [1/1] (0.00ns) (grouped into TernaryAdder)   --->   "%tmp1 = add i9 %i_i_cast, %p_01_rec" [fips202.c:29->fips202.c:386]   --->   Operation 54 'add' 'tmp1' <Predicate = (!tmp_i)> <Delay = 0.00> <Core = "TAddSub">   --->   Core 84 'TAddSub' <Latency = 0> <II = 1> <Delay = 1.52> <IPBlock> <Opcode : 'add' 'sub'> <InPorts = 3> <OutPorts = 1> <Sync> <CReg>
ST_5 : Operation 55 [1/1] (3.05ns) (root node of TernaryAdder)   --->   "%sum_i = add i9 %tmp_97_cast, %tmp1" [fips202.c:29->fips202.c:386]   --->   Operation 55 'add' 'sum_i' <Predicate = (!tmp_i)> <Delay = 3.05> <Core = "TAddSub">   --->   Core 84 'TAddSub' <Latency = 0> <II = 1> <Delay = 1.52> <IPBlock> <Opcode : 'add' 'sub'> <InPorts = 3> <OutPorts = 1> <Sync> <CReg>
ST_5 : Operation 56 [1/1] (0.00ns)   --->   "%sum_i_cast = zext i9 %sum_i to i64" [fips202.c:29->fips202.c:386]   --->   Operation 56 'zext' 'sum_i_cast' <Predicate = (!tmp_i)> <Delay = 0.00>
ST_5 : Operation 57 [1/1] (0.00ns)   --->   "%m_addr_2 = getelementptr [328 x i8]* %m, i64 0, i64 %sum_i_cast" [fips202.c:29->fips202.c:386]   --->   Operation 57 'getelementptr' 'm_addr_2' <Predicate = (!tmp_i)> <Delay = 0.00>
ST_5 : Operation 58 [2/2] (2.77ns)   --->   "%m_load_2 = load i8* %m_addr_2, align 1" [fips202.c:29->fips202.c:386]   --->   Operation 58 'load' 'm_load_2' <Predicate = (!tmp_i)> <Delay = 2.77> <Core = "RAM">   --->   Core 37 'RAM' <Latency = 1> <II = 1> <Delay = 2.77> <Storage> <Opcode : 'load' 'store'> <Ports = 2> <Width = 64> <Depth = 25> <RAM>
ST_5 : Operation 59 [1/1] (0.00ns)   --->   "%s_addr_3 = getelementptr [25 x i64]* %s, i64 0, i64 %i_1_cast" [fips202.c:386]   --->   Operation 59 'getelementptr' 's_addr_3' <Predicate = (tmp_i)> <Delay = 0.00>
ST_5 : Operation 60 [2/2] (2.77ns)   --->   "%s_load = load i64* %s_addr_3, align 8" [fips202.c:386]   --->   Operation 60 'load' 's_load' <Predicate = (tmp_i)> <Delay = 2.77> <Core = "RAM">   --->   Core 37 'RAM' <Latency = 1> <II = 1> <Delay = 2.77> <Storage> <Opcode : 'load' 'store'> <Ports = 2> <Width = 64> <Depth = 25> <RAM>

State 6 <SV = 5> <Delay = 5.19>
ST_6 : Operation 61 [1/2] (2.77ns)   --->   "%m_load_2 = load i8* %m_addr_2, align 1" [fips202.c:29->fips202.c:386]   --->   Operation 61 'load' 'm_load_2' <Predicate = true> <Delay = 2.77> <Core = "RAM">   --->   Core 37 'RAM' <Latency = 1> <II = 1> <Delay = 2.77> <Storage> <Opcode : 'load' 'store'> <Ports = 2> <Width = 64> <Depth = 25> <RAM>
ST_6 : Operation 62 [1/1] (0.00ns) (grouped into LUT with out node r)   --->   "%tmp_i_59 = zext i8 %m_load_2 to i64" [fips202.c:29->fips202.c:386]   --->   Operation 62 'zext' 'tmp_i_59' <Predicate = true> <Delay = 0.00>
ST_6 : Operation 63 [1/1] (0.00ns) (grouped into LUT with out node r)   --->   "%tmp_99 = trunc i4 %i_i to i3" [fips202.c:28->fips202.c:386]   --->   Operation 63 'trunc' 'tmp_99' <Predicate = true> <Delay = 0.00>
ST_6 : Operation 64 [1/1] (0.00ns) (grouped into LUT with out node r)   --->   "%tmp_131_i = call i6 @_ssdm_op_BitConcatenate.i6.i3.i3(i3 %tmp_99, i3 0)" [fips202.c:29->fips202.c:386]   --->   Operation 64 'bitconcatenate' 'tmp_131_i' <Predicate = true> <Delay = 0.00>
ST_6 : Operation 65 [1/1] (0.00ns) (grouped into LUT with out node r)   --->   "%tmp_131_i_cast = zext i6 %tmp_131_i to i64" [fips202.c:29->fips202.c:386]   --->   Operation 65 'zext' 'tmp_131_i_cast' <Predicate = true> <Delay = 0.00>
ST_6 : Operation 66 [1/1] (0.00ns) (grouped into LUT with out node r)   --->   "%tmp_132_i = shl i64 %tmp_i_59, %tmp_131_i_cast" [fips202.c:29->fips202.c:386]   --->   Operation 66 'shl' 'tmp_132_i' <Predicate = true> <Delay = 0.00> <Core = "Shift">   --->   Core 28 'Shift' <Latency = 0> <II = 1> <Delay = 2.42> <FuncUnit> <Opcode : 'shl' 'lshr' 'ashr'> <InPorts = 2> <OutPorts = 1>
ST_6 : Operation 67 [1/1] (2.42ns) (out node of the LUT)   --->   "%r = or i64 %tmp_132_i, %r_i" [fips202.c:29->fips202.c:386]   --->   Operation 67 'or' 'r' <Predicate = true> <Delay = 2.42> <Core = "LogicGate">   --->   Core 27 'LogicGate' <Latency = 0> <II = 1> <Delay = 0.80> <FuncUnit> <Opcode : 'and' 'or' 'xor'> <InPorts = 2> <OutPorts = 1>
ST_6 : Operation 68 [1/1] (0.00ns)   --->   "br label %4" [fips202.c:28->fips202.c:386]   --->   Operation 68 'br' <Predicate = true> <Delay = 0.00>

State 7 <SV = 5> <Delay = 6.35>
ST_7 : Operation 69 [1/2] (2.77ns)   --->   "%s_load = load i64* %s_addr_3, align 8" [fips202.c:386]   --->   Operation 69 'load' 's_load' <Predicate = true> <Delay = 2.77> <Core = "RAM">   --->   Core 37 'RAM' <Latency = 1> <II = 1> <Delay = 2.77> <Storage> <Opcode : 'load' 'store'> <Ports = 2> <Width = 64> <Depth = 25> <RAM>
ST_7 : Operation 70 [1/1] (0.80ns)   --->   "%tmp_91 = xor i64 %s_load, %r_i" [fips202.c:386]   --->   Operation 70 'xor' 'tmp_91' <Predicate = true> <Delay = 0.80> <Core = "LogicGate">   --->   Core 27 'LogicGate' <Latency = 0> <II = 1> <Delay = 0.80> <FuncUnit> <Opcode : 'and' 'or' 'xor'> <InPorts = 2> <OutPorts = 1>
ST_7 : Operation 71 [1/1] (2.77ns)   --->   "store i64 %tmp_91, i64* %s_addr_3, align 8" [fips202.c:386]   --->   Operation 71 'store' <Predicate = true> <Delay = 2.77> <Core = "RAM">   --->   Core 37 'RAM' <Latency = 1> <II = 1> <Delay = 2.77> <Storage> <Opcode : 'load' 'store'> <Ports = 2> <Width = 64> <Depth = 25> <RAM>
ST_7 : Operation 72 [1/1] (0.00ns)   --->   "br label %.preheader6" [fips202.c:385]   --->   Operation 72 'br' <Predicate = true> <Delay = 0.00>

State 8 <SV = 4> <Delay = 1.73>
ST_8 : Operation 73 [1/2] (0.00ns)   --->   "call fastcc void @KeccakF1600_StatePer([25 x i64]* %s)" [fips202.c:388]   --->   Operation 73 'call' <Predicate = true> <Delay = 0.00> <CoreType = "Generic">   --->   Core 0 '' <Latency = 0> <II = 1> <Delay = 1.00> <Generic> <Opcode : >
ST_8 : Operation 74 [1/1] (1.73ns)   --->   "%p_rec = add i9 %p_01_rec, 136" [fips202.c:390]   --->   Operation 74 'add' 'p_rec' <Predicate = true> <Delay = 1.73> <Core = "AddSub">   --->   Core 14 'AddSub' <Latency = 0> <II = 1> <Delay = 1.71> <FuncUnit> <Opcode : 'add' 'sub'> <InPorts = 2> <OutPorts = 1>
ST_8 : Operation 75 [1/1] (0.00ns)   --->   "br label %.preheader2" [fips202.c:391]   --->   Operation 75 'br' <Predicate = true> <Delay = 0.00>

State 9 <SV = 3> <Delay = 2.77>
ST_9 : Operation 76 [1/1] (0.00ns)   --->   "%i_2 = phi i8 [ %i_30, %7 ], [ 0, %.preheader1.preheader ]"   --->   Operation 76 'phi' 'i_2' <Predicate = true> <Delay = 0.00>
ST_9 : Operation 77 [1/1] (0.00ns)   --->   "%i_2_cast8 = zext i8 %i_2 to i64" [fips202.c:393]   --->   Operation 77 'zext' 'i_2_cast8' <Predicate = true> <Delay = 0.00>
ST_9 : Operation 78 [1/1] (1.24ns)   --->   "%exitcond3 = icmp eq i8 %i_2, -120" [fips202.c:393]   --->   Operation 78 'icmp' 'exitcond3' <Predicate = true> <Delay = 1.24> <Core = "Cmp">   --->   Core 25 'Cmp' <Latency = 0> <II = 1> <Delay = 1.21> <FuncUnit> <Opcode : 'icmp'> <InPorts = 2> <OutPorts = 1>
ST_9 : Operation 79 [1/1] (0.00ns)   --->   "%empty_60 = call i32 (...)* @_ssdm_op_SpecLoopTripCount(i64 136, i64 136, i64 136)"   --->   Operation 79 'speclooptripcount' 'empty_60' <Predicate = true> <Delay = 0.00>
ST_9 : Operation 80 [1/1] (1.71ns)   --->   "%i_30 = add i8 %i_2, 1" [fips202.c:393]   --->   Operation 80 'add' 'i_30' <Predicate = true> <Delay = 1.71> <Core = "AddSub">   --->   Core 14 'AddSub' <Latency = 0> <II = 1> <Delay = 1.71> <FuncUnit> <Opcode : 'add' 'sub'> <InPorts = 2> <OutPorts = 1>
ST_9 : Operation 81 [1/1] (0.00ns)   --->   "br i1 %exitcond3, label %.preheader.preheader, label %7" [fips202.c:393]   --->   Operation 81 'br' <Predicate = true> <Delay = 0.00>
ST_9 : Operation 82 [1/1] (0.00ns)   --->   "%t_addr = getelementptr inbounds [200 x i8]* %t, i64 0, i64 %i_2_cast8" [fips202.c:394]   --->   Operation 82 'getelementptr' 't_addr' <Predicate = (!exitcond3)> <Delay = 0.00>
ST_9 : Operation 83 [1/1] (2.77ns)   --->   "store i8 0, i8* %t_addr, align 1" [fips202.c:394]   --->   Operation 83 'store' <Predicate = (!exitcond3)> <Delay = 2.77> <Core = "RAM">   --->   Core 37 'RAM' <Latency = 1> <II = 1> <Delay = 2.77> <Storage> <Opcode : 'load' 'store'> <Ports = 2> <Width = 64> <Depth = 25> <RAM>
ST_9 : Operation 84 [1/1] (0.00ns)   --->   "br label %.preheader1" [fips202.c:393]   --->   Operation 84 'br' <Predicate = (!exitcond3)> <Delay = 0.00>
ST_9 : Operation 85 [1/1] (1.35ns)   --->   "br label %.preheader" [fips202.c:395]   --->   Operation 85 'br' <Predicate = (exitcond3)> <Delay = 1.35>

State 10 <SV = 4> <Delay = 4.50>
ST_10 : Operation 86 [1/1] (0.00ns)   --->   "%i_3 = phi i6 [ %tmp_89, %8 ], [ 0, %.preheader.preheader ]" [fips202.c:395]   --->   Operation 86 'phi' 'i_3' <Predicate = true> <Delay = 0.00>
ST_10 : Operation 87 [1/1] (0.00ns)   --->   "%i_3_cast7 = zext i6 %i_3 to i9" [fips202.c:395]   --->   Operation 87 'zext' 'i_3_cast7' <Predicate = true> <Delay = 0.00>
ST_10 : Operation 88 [1/1] (0.00ns)   --->   "%i_3_cast6 = zext i6 %i_3 to i64" [fips202.c:395]   --->   Operation 88 'zext' 'i_3_cast6' <Predicate = true> <Delay = 0.00>
ST_10 : Operation 89 [1/1] (1.22ns)   --->   "%exitcond2 = icmp eq i6 %i_3, -8" [fips202.c:395]   --->   Operation 89 'icmp' 'exitcond2' <Predicate = true> <Delay = 1.22> <Core = "Cmp">   --->   Core 25 'Cmp' <Latency = 0> <II = 1> <Delay = 1.21> <FuncUnit> <Opcode : 'icmp'> <InPorts = 2> <OutPorts = 1>
ST_10 : Operation 90 [1/1] (0.00ns)   --->   "%empty_61 = call i32 (...)* @_ssdm_op_SpecLoopTripCount(i64 56, i64 56, i64 56)"   --->   Operation 90 'speclooptripcount' 'empty_61' <Predicate = true> <Delay = 0.00>
ST_10 : Operation 91 [1/1] (1.60ns)   --->   "%tmp_89 = add i6 %i_3, 1" [fips202.c:395]   --->   Operation 91 'add' 'tmp_89' <Predicate = true> <Delay = 1.60> <Core = "AddSub">   --->   Core 14 'AddSub' <Latency = 0> <II = 1> <Delay = 1.71> <FuncUnit> <Opcode : 'add' 'sub'> <InPorts = 2> <OutPorts = 1>
ST_10 : Operation 92 [1/1] (0.00ns)   --->   "br i1 %exitcond2, label %9, label %8" [fips202.c:395]   --->   Operation 92 'br' <Predicate = true> <Delay = 0.00>
ST_10 : Operation 93 [1/1] (1.73ns)   --->   "%sum9 = add i9 %i_3_cast7, -240" [fips202.c:396]   --->   Operation 93 'add' 'sum9' <Predicate = (!exitcond2)> <Delay = 1.73> <Core = "AddSub">   --->   Core 14 'AddSub' <Latency = 0> <II = 1> <Delay = 1.71> <FuncUnit> <Opcode : 'add' 'sub'> <InPorts = 2> <OutPorts = 1>
ST_10 : Operation 94 [1/1] (0.00ns)   --->   "%sum9_cast = zext i9 %sum9 to i64" [fips202.c:396]   --->   Operation 94 'zext' 'sum9_cast' <Predicate = (!exitcond2)> <Delay = 0.00>
ST_10 : Operation 95 [1/1] (0.00ns)   --->   "%m_addr = getelementptr [328 x i8]* %m, i64 0, i64 %sum9_cast" [fips202.c:396]   --->   Operation 95 'getelementptr' 'm_addr' <Predicate = (!exitcond2)> <Delay = 0.00>
ST_10 : Operation 96 [2/2] (2.77ns)   --->   "%m_load = load i8* %m_addr, align 1" [fips202.c:396]   --->   Operation 96 'load' 'm_load' <Predicate = (!exitcond2)> <Delay = 2.77> <Core = "RAM">   --->   Core 37 'RAM' <Latency = 1> <II = 1> <Delay = 2.77> <Storage> <Opcode : 'load' 'store'> <Ports = 2> <Width = 64> <Depth = 25> <RAM>
ST_10 : Operation 97 [1/1] (0.00ns)   --->   "%t_addr_3 = getelementptr inbounds [200 x i8]* %t, i64 0, i64 135" [fips202.c:398]   --->   Operation 97 'getelementptr' 't_addr_3' <Predicate = (exitcond2)> <Delay = 0.00>
ST_10 : Operation 98 [2/2] (2.77ns)   --->   "%t_load = load i8* %t_addr_3, align 1" [fips202.c:398]   --->   Operation 98 'load' 't_load' <Predicate = (exitcond2)> <Delay = 2.77> <Core = "RAM">   --->   Core 37 'RAM' <Latency = 1> <II = 1> <Delay = 2.77> <Storage> <Opcode : 'load' 'store'> <Ports = 2> <Width = 64> <Depth = 25> <RAM>

State 11 <SV = 5> <Delay = 5.54>
ST_11 : Operation 99 [1/2] (2.77ns)   --->   "%m_load = load i8* %m_addr, align 1" [fips202.c:396]   --->   Operation 99 'load' 'm_load' <Predicate = true> <Delay = 2.77> <Core = "RAM">   --->   Core 37 'RAM' <Latency = 1> <II = 1> <Delay = 2.77> <Storage> <Opcode : 'load' 'store'> <Ports = 2> <Width = 64> <Depth = 25> <RAM>
ST_11 : Operation 100 [1/1] (0.00ns)   --->   "%t_addr_4 = getelementptr inbounds [200 x i8]* %t, i64 0, i64 %i_3_cast6" [fips202.c:396]   --->   Operation 100 'getelementptr' 't_addr_4' <Predicate = true> <Delay = 0.00>
ST_11 : Operation 101 [1/1] (2.77ns)   --->   "store i8 %m_load, i8* %t_addr_4, align 1" [fips202.c:396]   --->   Operation 101 'store' <Predicate = true> <Delay = 2.77> <Core = "RAM">   --->   Core 37 'RAM' <Latency = 1> <II = 1> <Delay = 2.77> <Storage> <Opcode : 'load' 'store'> <Ports = 2> <Width = 64> <Depth = 25> <RAM>
ST_11 : Operation 102 [1/1] (0.00ns)   --->   "br label %.preheader" [fips202.c:395]   --->   Operation 102 'br' <Predicate = true> <Delay = 0.00>

State 12 <SV = 5> <Delay = 5.54>
ST_12 : Operation 103 [1/1] (0.00ns)   --->   "%t_addr_2 = getelementptr inbounds [200 x i8]* %t, i64 0, i64 56" [fips202.c:397]   --->   Operation 103 'getelementptr' 't_addr_2' <Predicate = true> <Delay = 0.00>
ST_12 : Operation 104 [1/1] (2.77ns)   --->   "store i8 6, i8* %t_addr_2, align 8" [fips202.c:397]   --->   Operation 104 'store' <Predicate = true> <Delay = 2.77> <Core = "RAM">   --->   Core 37 'RAM' <Latency = 1> <II = 1> <Delay = 2.77> <Storage> <Opcode : 'load' 'store'> <Ports = 2> <Width = 64> <Depth = 25> <RAM>
ST_12 : Operation 105 [1/2] (2.77ns)   --->   "%t_load = load i8* %t_addr_3, align 1" [fips202.c:398]   --->   Operation 105 'load' 't_load' <Predicate = true> <Delay = 2.77> <Core = "RAM">   --->   Core 37 'RAM' <Latency = 1> <II = 1> <Delay = 2.77> <Storage> <Opcode : 'load' 'store'> <Ports = 2> <Width = 64> <Depth = 25> <RAM>
ST_12 : Operation 106 [1/1] (0.00ns)   --->   "%tmp_90 = or i8 %t_load, -128" [fips202.c:398]   --->   Operation 106 'or' 'tmp_90' <Predicate = true> <Delay = 0.00>
ST_12 : Operation 107 [1/1] (2.77ns)   --->   "store i8 %tmp_90, i8* %t_addr_3, align 1" [fips202.c:398]   --->   Operation 107 'store' <Predicate = true> <Delay = 2.77> <Core = "RAM">   --->   Core 37 'RAM' <Latency = 1> <II = 1> <Delay = 2.77> <Storage> <Opcode : 'load' 'store'> <Ports = 2> <Width = 64> <Depth = 25> <RAM>
ST_12 : Operation 108 [1/1] (1.35ns)   --->   "br label %10" [fips202.c:399]   --->   Operation 108 'br' <Predicate = true> <Delay = 1.35>

State 13 <SV = 6> <Delay = 1.54>
ST_13 : Operation 109 [1/1] (0.00ns)   --->   "%i_4 = phi i5 [ 0, %9 ], [ %i_32, %load64.exit ]"   --->   Operation 109 'phi' 'i_4' <Predicate = true> <Delay = 0.00>
ST_13 : Operation 110 [1/1] (0.00ns)   --->   "%i_4_cast5 = zext i5 %i_4 to i64" [fips202.c:399]   --->   Operation 110 'zext' 'i_4_cast5' <Predicate = true> <Delay = 0.00>
ST_13 : Operation 111 [1/1] (1.21ns)   --->   "%exitcond = icmp eq i5 %i_4, -15" [fips202.c:399]   --->   Operation 111 'icmp' 'exitcond' <Predicate = true> <Delay = 1.21> <Core = "Cmp">   --->   Core 25 'Cmp' <Latency = 0> <II = 1> <Delay = 1.21> <FuncUnit> <Opcode : 'icmp'> <InPorts = 2> <OutPorts = 1>
ST_13 : Operation 112 [1/1] (0.00ns)   --->   "%empty_62 = call i32 (...)* @_ssdm_op_SpecLoopTripCount(i64 17, i64 17, i64 17)"   --->   Operation 112 'speclooptripcount' 'empty_62' <Predicate = true> <Delay = 0.00>
ST_13 : Operation 113 [1/1] (1.54ns)   --->   "%i_32 = add i5 %i_4, 1" [fips202.c:399]   --->   Operation 113 'add' 'i_32' <Predicate = true> <Delay = 1.54> <Core = "AddSub">   --->   Core 14 'AddSub' <Latency = 0> <II = 1> <Delay = 1.71> <FuncUnit> <Opcode : 'add' 'sub'> <InPorts = 2> <OutPorts = 1>
ST_13 : Operation 114 [1/1] (0.00ns)   --->   "br i1 %exitcond, label %14, label %11" [fips202.c:399]   --->   Operation 114 'br' <Predicate = true> <Delay = 0.00>
ST_13 : Operation 115 [1/1] (0.00ns)   --->   "%tmp_92 = call i8 @_ssdm_op_BitConcatenate.i8.i5.i3(i5 %i_4, i3 0)" [fips202.c:400]   --->   Operation 115 'bitconcatenate' 'tmp_92' <Predicate = (!exitcond)> <Delay = 0.00>
ST_13 : Operation 116 [1/1] (1.35ns)   --->   "br label %12" [fips202.c:28->fips202.c:400]   --->   Operation 116 'br' <Predicate = (!exitcond)> <Delay = 1.35>
ST_13 : Operation 117 [1/1] (0.00ns)   --->   "ret void" [fips202.c:401]   --->   Operation 117 'ret' <Predicate = (exitcond)> <Delay = 0.00>

State 14 <SV = 7> <Delay = 4.49>
ST_14 : Operation 118 [1/1] (0.00ns)   --->   "%r_i1 = phi i64 [ 0, %11 ], [ %r_12, %13 ]"   --->   Operation 118 'phi' 'r_i1' <Predicate = true> <Delay = 0.00>
ST_14 : Operation 119 [1/1] (0.00ns)   --->   "%i_i2 = phi i4 [ 0, %11 ], [ %i_8, %13 ]"   --->   Operation 119 'phi' 'i_i2' <Predicate = true> <Delay = 0.00>
ST_14 : Operation 120 [1/1] (0.00ns)   --->   "%i_i2_cast3 = zext i4 %i_i2 to i8" [fips202.c:28->fips202.c:400]   --->   Operation 120 'zext' 'i_i2_cast3' <Predicate = true> <Delay = 0.00>
ST_14 : Operation 121 [1/1] (1.21ns)   --->   "%tmp_i3 = icmp eq i4 %i_i2, -8" [fips202.c:28->fips202.c:400]   --->   Operation 121 'icmp' 'tmp_i3' <Predicate = true> <Delay = 1.21> <Core = "Cmp">   --->   Core 25 'Cmp' <Latency = 0> <II = 1> <Delay = 1.21> <FuncUnit> <Opcode : 'icmp'> <InPorts = 2> <OutPorts = 1>
ST_14 : Operation 122 [1/1] (0.00ns)   --->   "%empty_63 = call i32 (...)* @_ssdm_op_SpecLoopTripCount(i64 8, i64 8, i64 8)"   --->   Operation 122 'speclooptripcount' 'empty_63' <Predicate = true> <Delay = 0.00>
ST_14 : Operation 123 [1/1] (1.49ns)   --->   "%i_8 = add i4 %i_i2, 1" [fips202.c:28->fips202.c:400]   --->   Operation 123 'add' 'i_8' <Predicate = true> <Delay = 1.49> <Core = "AddSub">   --->   Core 14 'AddSub' <Latency = 0> <II = 1> <Delay = 1.71> <FuncUnit> <Opcode : 'add' 'sub'> <InPorts = 2> <OutPorts = 1>
ST_14 : Operation 124 [1/1] (0.00ns)   --->   "br i1 %tmp_i3, label %load64.exit, label %13" [fips202.c:28->fips202.c:400]   --->   Operation 124 'br' <Predicate = true> <Delay = 0.00>
ST_14 : Operation 125 [1/1] (1.71ns)   --->   "%sum_i4 = add i8 %tmp_92, %i_i2_cast3" [fips202.c:29->fips202.c:400]   --->   Operation 125 'add' 'sum_i4' <Predicate = (!tmp_i3)> <Delay = 1.71> <Core = "AddSub">   --->   Core 14 'AddSub' <Latency = 0> <II = 1> <Delay = 1.71> <FuncUnit> <Opcode : 'add' 'sub'> <InPorts = 2> <OutPorts = 1>
ST_14 : Operation 126 [1/1] (0.00ns)   --->   "%sum_i4_cast = zext i8 %sum_i4 to i64" [fips202.c:29->fips202.c:400]   --->   Operation 126 'zext' 'sum_i4_cast' <Predicate = (!tmp_i3)> <Delay = 0.00>
ST_14 : Operation 127 [1/1] (0.00ns)   --->   "%t_addr_5 = getelementptr [200 x i8]* %t, i64 0, i64 %sum_i4_cast" [fips202.c:29->fips202.c:400]   --->   Operation 127 'getelementptr' 't_addr_5' <Predicate = (!tmp_i3)> <Delay = 0.00>
ST_14 : Operation 128 [2/2] (2.77ns)   --->   "%t_load_2 = load i8* %t_addr_5, align 1" [fips202.c:29->fips202.c:400]   --->   Operation 128 'load' 't_load_2' <Predicate = (!tmp_i3)> <Delay = 2.77> <Core = "RAM">   --->   Core 37 'RAM' <Latency = 1> <II = 1> <Delay = 2.77> <Storage> <Opcode : 'load' 'store'> <Ports = 2> <Width = 64> <Depth = 25> <RAM>
ST_14 : Operation 129 [1/1] (0.00ns)   --->   "%s_addr_4 = getelementptr [25 x i64]* %s, i64 0, i64 %i_4_cast5" [fips202.c:400]   --->   Operation 129 'getelementptr' 's_addr_4' <Predicate = (tmp_i3)> <Delay = 0.00>
ST_14 : Operation 130 [2/2] (2.77ns)   --->   "%s_load_1 = load i64* %s_addr_4, align 8" [fips202.c:400]   --->   Operation 130 'load' 's_load_1' <Predicate = (tmp_i3)> <Delay = 2.77> <Core = "RAM">   --->   Core 37 'RAM' <Latency = 1> <II = 1> <Delay = 2.77> <Storage> <Opcode : 'load' 'store'> <Ports = 2> <Width = 64> <Depth = 25> <RAM>

State 15 <SV = 8> <Delay = 5.19>
ST_15 : Operation 131 [1/2] (2.77ns)   --->   "%t_load_2 = load i8* %t_addr_5, align 1" [fips202.c:29->fips202.c:400]   --->   Operation 131 'load' 't_load_2' <Predicate = true> <Delay = 2.77> <Core = "RAM">   --->   Core 37 'RAM' <Latency = 1> <II = 1> <Delay = 2.77> <Storage> <Opcode : 'load' 'store'> <Ports = 2> <Width = 64> <Depth = 25> <RAM>
ST_15 : Operation 132 [1/1] (0.00ns) (grouped into LUT with out node r_12)   --->   "%tmp_i7 = zext i8 %t_load_2 to i64" [fips202.c:29->fips202.c:400]   --->   Operation 132 'zext' 'tmp_i7' <Predicate = true> <Delay = 0.00>
ST_15 : Operation 133 [1/1] (0.00ns) (grouped into LUT with out node r_12)   --->   "%tmp_100 = trunc i4 %i_i2 to i3" [fips202.c:28->fips202.c:400]   --->   Operation 133 'trunc' 'tmp_100' <Predicate = true> <Delay = 0.00>
ST_15 : Operation 134 [1/1] (0.00ns) (grouped into LUT with out node r_12)   --->   "%tmp_135_i = call i6 @_ssdm_op_BitConcatenate.i6.i3.i3(i3 %tmp_100, i3 0)" [fips202.c:29->fips202.c:400]   --->   Operation 134 'bitconcatenate' 'tmp_135_i' <Predicate = true> <Delay = 0.00>
ST_15 : Operation 135 [1/1] (0.00ns) (grouped into LUT with out node r_12)   --->   "%tmp_135_i_cast = zext i6 %tmp_135_i to i64" [fips202.c:29->fips202.c:400]   --->   Operation 135 'zext' 'tmp_135_i_cast' <Predicate = true> <Delay = 0.00>
ST_15 : Operation 136 [1/1] (0.00ns) (grouped into LUT with out node r_12)   --->   "%tmp_136_i = shl i64 %tmp_i7, %tmp_135_i_cast" [fips202.c:29->fips202.c:400]   --->   Operation 136 'shl' 'tmp_136_i' <Predicate = true> <Delay = 0.00> <Core = "Shift">   --->   Core 28 'Shift' <Latency = 0> <II = 1> <Delay = 2.42> <FuncUnit> <Opcode : 'shl' 'lshr' 'ashr'> <InPorts = 2> <OutPorts = 1>
ST_15 : Operation 137 [1/1] (2.42ns) (out node of the LUT)   --->   "%r_12 = or i64 %tmp_136_i, %r_i1" [fips202.c:29->fips202.c:400]   --->   Operation 137 'or' 'r_12' <Predicate = true> <Delay = 2.42> <Core = "LogicGate">   --->   Core 27 'LogicGate' <Latency = 0> <II = 1> <Delay = 0.80> <FuncUnit> <Opcode : 'and' 'or' 'xor'> <InPorts = 2> <OutPorts = 1>
ST_15 : Operation 138 [1/1] (0.00ns)   --->   "br label %12" [fips202.c:28->fips202.c:400]   --->   Operation 138 'br' <Predicate = true> <Delay = 0.00>

State 16 <SV = 8> <Delay = 6.35>
ST_16 : Operation 139 [1/2] (2.77ns)   --->   "%s_load_1 = load i64* %s_addr_4, align 8" [fips202.c:400]   --->   Operation 139 'load' 's_load_1' <Predicate = true> <Delay = 2.77> <Core = "RAM">   --->   Core 37 'RAM' <Latency = 1> <II = 1> <Delay = 2.77> <Storage> <Opcode : 'load' 'store'> <Ports = 2> <Width = 64> <Depth = 25> <RAM>
ST_16 : Operation 140 [1/1] (0.80ns)   --->   "%tmp_93 = xor i64 %s_load_1, %r_i1" [fips202.c:400]   --->   Operation 140 'xor' 'tmp_93' <Predicate = true> <Delay = 0.80> <Core = "LogicGate">   --->   Core 27 'LogicGate' <Latency = 0> <II = 1> <Delay = 0.80> <FuncUnit> <Opcode : 'and' 'or' 'xor'> <InPorts = 2> <OutPorts = 1>
ST_16 : Operation 141 [1/1] (2.77ns)   --->   "store i64 %tmp_93, i64* %s_addr_4, align 8" [fips202.c:400]   --->   Operation 141 'store' <Predicate = true> <Delay = 2.77> <Core = "RAM">   --->   Core 37 'RAM' <Latency = 1> <II = 1> <Delay = 2.77> <Storage> <Opcode : 'load' 'store'> <Ports = 2> <Width = 64> <Depth = 25> <RAM>
ST_16 : Operation 142 [1/1] (0.00ns)   --->   "br label %10" [fips202.c:399]   --->   Operation 142 'br' <Predicate = true> <Delay = 0.00>


============================================================
+ Verbose Summary: Timing violations
============================================================
Target clock period: 10ns, clock uncertainty: 1.25ns.

 <State 1>: 1.35ns
The critical path consists of the following:
	multiplexor before 'phi' operation ('i') with incoming values : ('i', fips202.c:380) [7]  (1.35 ns)

 <State 2>: 2.77ns
The critical path consists of the following:
	'phi' operation ('i') with incoming values : ('i', fips202.c:380) [7]  (0 ns)
	'getelementptr' operation ('s_addr', fips202.c:381) [14]  (0 ns)
	'store' operation (fips202.c:381) of constant 0 on array 's' [15]  (2.77 ns)

 <State 3>: 1.35ns
The critical path consists of the following:
	multiplexor before 'phi' operation ('i') with incoming values : ('i', fips202.c:385) [28]  (1.35 ns)

 <State 4>: 1.73ns
The critical path consists of the following:
	'add' operation ('mlen_assign', fips202.c:391) [67]  (1.73 ns)

 <State 5>: 5.83ns
The critical path consists of the following:
	'phi' operation ('i') with incoming values : ('i', fips202.c:28->fips202.c:386) [40]  (0 ns)
	'add' operation ('tmp1', fips202.c:29->fips202.c:386) [47]  (0 ns)
	'add' operation ('sum_i', fips202.c:29->fips202.c:386) [48]  (3.06 ns)
	'getelementptr' operation ('m_addr_2', fips202.c:29->fips202.c:386) [50]  (0 ns)
	'load' operation ('m_load_2', fips202.c:29->fips202.c:386) on array 'm' [51]  (2.77 ns)

 <State 6>: 5.19ns
The critical path consists of the following:
	'load' operation ('m_load_2', fips202.c:29->fips202.c:386) on array 'm' [51]  (2.77 ns)
	'shl' operation ('tmp_132_i', fips202.c:29->fips202.c:386) [56]  (0 ns)
	'or' operation ('r', fips202.c:29->fips202.c:386) [57]  (2.42 ns)

 <State 7>: 6.35ns
The critical path consists of the following:
	'load' operation ('s_load', fips202.c:386) on array 's' [61]  (2.77 ns)
	'xor' operation ('tmp_91', fips202.c:386) [62]  (0.808 ns)
	'store' operation (fips202.c:386) of variable 'tmp_91', fips202.c:386 on array 's' [63]  (2.77 ns)

 <State 8>: 1.73ns
The critical path consists of the following:
	'add' operation ('p_rec', fips202.c:390) [68]  (1.73 ns)

 <State 9>: 2.77ns
The critical path consists of the following:
	'phi' operation ('i') with incoming values : ('i', fips202.c:393) [73]  (0 ns)
	'getelementptr' operation ('t_addr', fips202.c:394) [80]  (0 ns)
	'store' operation (fips202.c:394) of constant 0 on array 't', fips202.c:377 [81]  (2.77 ns)

 <State 10>: 4.51ns
The critical path consists of the following:
	'phi' operation ('i_3', fips202.c:395) with incoming values : ('tmp_89', fips202.c:395) [86]  (0 ns)
	'add' operation ('sum9', fips202.c:396) [94]  (1.73 ns)
	'getelementptr' operation ('m_addr', fips202.c:396) [96]  (0 ns)
	'load' operation ('m_load', fips202.c:396) on array 'm' [97]  (2.77 ns)

 <State 11>: 5.54ns
The critical path consists of the following:
	'load' operation ('m_load', fips202.c:396) on array 'm' [97]  (2.77 ns)
	'store' operation (fips202.c:396) of variable 'm_load', fips202.c:396 on array 't', fips202.c:377 [99]  (2.77 ns)

 <State 12>: 5.54ns
The critical path consists of the following:
	'load' operation ('t_load', fips202.c:398) on array 't', fips202.c:377 [105]  (2.77 ns)
	'or' operation ('tmp_90', fips202.c:398) [106]  (0 ns)
	'store' operation (fips202.c:398) of variable 'tmp_90', fips202.c:398 on array 't', fips202.c:377 [107]  (2.77 ns)

 <State 13>: 1.55ns
The critical path consists of the following:
	'phi' operation ('i') with incoming values : ('i', fips202.c:399) [110]  (0 ns)
	'add' operation ('i', fips202.c:399) [114]  (1.55 ns)

 <State 14>: 4.49ns
The critical path consists of the following:
	'phi' operation ('i') with incoming values : ('i', fips202.c:28->fips202.c:400) [121]  (0 ns)
	'add' operation ('sum_i4', fips202.c:29->fips202.c:400) [128]  (1.72 ns)
	'getelementptr' operation ('t_addr_5', fips202.c:29->fips202.c:400) [130]  (0 ns)
	'load' operation ('t_load_2', fips202.c:29->fips202.c:400) on array 't', fips202.c:377 [131]  (2.77 ns)

 <State 15>: 5.19ns
The critical path consists of the following:
	'load' operation ('t_load_2', fips202.c:29->fips202.c:400) on array 't', fips202.c:377 [131]  (2.77 ns)
	'shl' operation ('tmp_136_i', fips202.c:29->fips202.c:400) [136]  (0 ns)
	'or' operation ('r', fips202.c:29->fips202.c:400) [137]  (2.42 ns)

 <State 16>: 6.35ns
The critical path consists of the following:
	'load' operation ('s_load_1', fips202.c:400) on array 's' [141]  (2.77 ns)
	'xor' operation ('tmp_93', fips202.c:400) [142]  (0.808 ns)
	'store' operation (fips202.c:400) of variable 'tmp_93', fips202.c:400 on array 's' [143]  (2.77 ns)


============================================================
+ Verbose Summary: Binding
============================================================
N/A
* FSMD analyzer results:
  - Output states:
 - Input state : 
  - Chain level:
	State 1
	State 2
	State 3
	State 4
	State 5
	State 6
	State 7
	State 8
	State 9
	State 10
	State 11
	State 12
	State 13
	State 14
	State 15
	State 16


============================================================
+ Verbose Summary: Datapath Resource usage 
============================================================
N/A
